000 (2267.1967.000) 04/28 23:44:46 Job submitted from host: <140.160.143.131:9618?addrs=140.160.143.131-9618&noUDP&sock=3131910_565e_30>
...
009 (2267.1967.000) 05/11 12:17:55 Job was aborted by the user.
	via condor_rm (by user scoggim)
...
000 (2400.1291.000) 05/11 12:37:10 Job submitted from host: <140.160.143.131:9618?addrs=140.160.143.131-9618&noUDP&sock=3131910_565e_30>
...
001 (2400.1291.000) 05/13 13:27:59 Job executing on host: <140.160.143.144:9618?addrs=140.160.143.144-9618&noUDP&sock=31192_b22f_3>
...
006 (2400.1291.000) 05/13 13:28:08 Image size of job updated: 4008
	4  -  MemoryUsage of job (MB)
	4008  -  ResidentSetSize of job (KB)
...
006 (2400.1291.000) 05/13 14:38:16 Image size of job updated: 4012
	4  -  MemoryUsage of job (MB)
	4012  -  ResidentSetSize of job (KB)
...
005 (2400.1291.000) 05/14 12:53:05 Job terminated.
	(1) Normal termination (return value 0)
		Usr 0 23:22:25, Sys 0 00:00:02  -  Run Remote Usage
		Usr 0 00:00:00, Sys 0 00:00:00  -  Run Local Usage
		Usr 0 23:22:25, Sys 0 00:00:02  -  Total Remote Usage
		Usr 0 00:00:00, Sys 0 00:00:00  -  Total Local Usage
	0  -  Run Bytes Sent By Job
	0  -  Run Bytes Received By Job
	0  -  Total Bytes Sent By Job
	0  -  Total Bytes Received By Job
	Partitionable Resources :    Usage  Request Allocated 
	   Cpus                 :     1.00        1         1 
	   Disk (KB)            :   175         175    881579 
	   Memory (MB)          :     4           1       128 
...
