000 (2161.276.000) 04/19 11:39:22 Job submitted from host: <140.160.143.131:9618?addrs=140.160.143.131-9618&noUDP&sock=3131910_565e_30>
...
001 (2161.276.000) 04/22 11:33:04 Job executing on host: <140.160.143.165:9618?addrs=140.160.143.165-9618&noUDP&sock=9630_f51d_3>
...
006 (2161.276.000) 04/22 11:33:12 Image size of job updated: 4796
	5  -  MemoryUsage of job (MB)
	4796  -  ResidentSetSize of job (KB)
...
006 (2161.276.000) 04/22 11:38:12 Image size of job updated: 4804
	5  -  MemoryUsage of job (MB)
	4804  -  ResidentSetSize of job (KB)
...
006 (2161.276.000) 04/22 12:53:19 Image size of job updated: 5052
	5  -  MemoryUsage of job (MB)
	5052  -  ResidentSetSize of job (KB)
...
005 (2161.276.000) 04/24 03:28:33 Job terminated.
	(1) Normal termination (return value 0)
		Usr 4 13:21:10, Sys 2 02:20:04  -  Run Remote Usage
		Usr 0 00:00:00, Sys 0 00:00:00  -  Run Local Usage
		Usr 4 13:21:10, Sys 2 02:20:04  -  Total Remote Usage
		Usr 0 00:00:00, Sys 0 00:00:00  -  Total Local Usage
	0  -  Run Bytes Sent By Job
	0  -  Run Bytes Received By Job
	0  -  Total Bytes Sent By Job
	0  -  Total Bytes Received By Job
	Partitionable Resources :    Usage  Request Allocated 
	   Cpus                 :     4.00        4         4 
	   Disk (KB)            :   175         175    844764 
	   Memory (MB)          :     5           1       128 
...
000 (2267.1797.000) 04/28 23:44:44 Job submitted from host: <140.160.143.131:9618?addrs=140.160.143.131-9618&noUDP&sock=3131910_565e_30>
...
009 (2267.1797.000) 05/11 12:17:54 Job was aborted by the user.
	via condor_rm (by user scoggim)
...
000 (2400.1121.000) 05/11 12:37:10 Job submitted from host: <140.160.143.131:9618?addrs=140.160.143.131-9618&noUDP&sock=3131910_565e_30>
...
001 (2400.1121.000) 05/13 07:47:48 Job executing on host: <140.160.143.147:9618?addrs=140.160.143.147-9618&noUDP&sock=29188_1e64_3>
...
006 (2400.1121.000) 05/13 07:47:57 Image size of job updated: 4012
	4  -  MemoryUsage of job (MB)
	4012  -  ResidentSetSize of job (KB)
...
006 (2400.1121.000) 05/13 08:58:05 Image size of job updated: 4016
	4  -  MemoryUsage of job (MB)
	4016  -  ResidentSetSize of job (KB)
...
006 (2400.1121.000) 05/15 12:25:34 Image size of job updated: 109552
	4  -  MemoryUsage of job (MB)
	4016  -  ResidentSetSize of job (KB)
...
004 (2400.1121.000) 05/15 12:25:35 Job was evicted.
	(0) Job was not checkpointed.
		Usr 2 04:35:04, Sys 0 00:00:04  -  Run Remote Usage
		Usr 0 00:00:00, Sys 0 00:00:00  -  Run Local Usage
	0  -  Run Bytes Sent By Job
	0  -  Run Bytes Received By Job
	Partitionable Resources :    Usage  Request Allocated 
	   Cpus                 :     1.00        1         1 
	   Disk (KB)            :   175         175    197290 
	   Memory (MB)          :     4           1       128 
...
001 (2400.1121.000) 05/15 18:22:47 Job executing on host: <140.160.143.143:9618?addrs=140.160.143.143-9618&noUDP&sock=30616_9ba2_3>
...
004 (2400.1121.000) 05/19 07:17:37 Job was evicted.
	(0) Job was not checkpointed.
		Usr 2 17:47:32, Sys 0 00:00:02  -  Run Remote Usage
		Usr 0 00:00:00, Sys 0 00:00:00  -  Run Local Usage
	0  -  Run Bytes Sent By Job
	0  -  Run Bytes Received By Job
	Partitionable Resources :    Usage  Request Allocated 
	   Cpus                 :     1.00        1         1 
	   Disk (KB)            :   175         175    881354 
	   Memory (MB)          :     5           5       128 
...
009 (2400.1121.000) 05/19 07:17:40 Job was aborted by the user.
	via condor_rm (by user scoggim)
...
