000 (2267.685.000) 04/28 23:44:32 Job submitted from host: <140.160.143.131:9618?addrs=140.160.143.131-9618&noUDP&sock=3131910_565e_30>
...
000 (2268.685.000) 04/28 23:46:20 Job submitted from host: <140.160.143.131:9618?addrs=140.160.143.131-9618&noUDP&sock=3131910_565e_30>
...
001 (2267.685.000) 05/01 12:15:24 Job executing on host: <140.160.143.164:9618?addrs=140.160.143.164-9618&noUDP&sock=59457_2292_3>
...
006 (2267.685.000) 05/01 12:15:32 Image size of job updated: 2780
	3  -  MemoryUsage of job (MB)
	2724  -  ResidentSetSize of job (KB)
...
005 (2267.685.000) 05/02 11:27:52 Job terminated.
	(1) Normal termination (return value 0)
		Usr 2 06:42:36, Sys 1 14:06:17  -  Run Remote Usage
		Usr 0 00:00:00, Sys 0 00:00:00  -  Run Local Usage
		Usr 2 06:42:36, Sys 1 14:06:17  -  Total Remote Usage
		Usr 0 00:00:00, Sys 0 00:00:00  -  Total Local Usage
	0  -  Run Bytes Sent By Job
	0  -  Run Bytes Received By Job
	0  -  Total Bytes Sent By Job
	0  -  Total Bytes Received By Job
	Partitionable Resources :    Usage  Request Allocated 
	   Cpus                 :     4.00        4         4 
	   Disk (KB)            :   175         175    844642 
	   Memory (MB)          :     3           1       128 
...
009 (2268.685.000) 05/11 09:58:39 Job was aborted by the user.
	via condor_rm (by user scoggim)
...
000 (2400.009.000) 05/11 12:37:08 Job submitted from host: <140.160.143.131:9618?addrs=140.160.143.131-9618&noUDP&sock=3131910_565e_30>
...
001 (2400.009.000) 05/11 12:37:11 Job executing on host: <140.160.143.153:9618?addrs=140.160.143.153-9618&noUDP&sock=3174_adb0_3>
...
006 (2400.009.000) 05/11 12:37:19 Image size of job updated: 2156
	2  -  MemoryUsage of job (MB)
	2048  -  ResidentSetSize of job (KB)
...
006 (2400.009.000) 05/11 12:57:21 Image size of job updated: 2160
	3  -  MemoryUsage of job (MB)
	2052  -  ResidentSetSize of job (KB)
...
005 (2400.009.000) 05/11 21:06:20 Job terminated.
	(1) Normal termination (return value 0)
		Usr 0 07:52:03, Sys 0 00:00:00  -  Run Remote Usage
		Usr 0 00:00:00, Sys 0 00:00:00  -  Run Local Usage
		Usr 0 07:52:03, Sys 0 00:00:00  -  Total Remote Usage
		Usr 0 00:00:00, Sys 0 00:00:00  -  Total Local Usage
	0  -  Run Bytes Sent By Job
	0  -  Run Bytes Received By Job
	0  -  Total Bytes Sent By Job
	0  -  Total Bytes Received By Job
	Partitionable Resources :    Usage  Request Allocated 
	   Cpus                 :     1.00        1         1 
	   Disk (KB)            :   175         175    870398 
	   Gpus                 :                           0 
	   Memory (MB)          :     3           1       128 
...
000 (2511.685.000) 05/27 15:03:19 Job submitted from host: <140.160.143.131:9618?addrs=140.160.143.131-9618&noUDP&sock=3131910_565e_30>
...
001 (2511.685.000) 05/27 21:22:51 Job executing on host: <140.160.143.144:9618?addrs=140.160.143.144-9618&noUDP&sock=16727_e8c0_3>
...
006 (2511.685.000) 05/27 21:22:59 Image size of job updated: 62172
	61  -  MemoryUsage of job (MB)
	62168  -  ResidentSetSize of job (KB)
...
004 (2511.685.000) 05/31 13:14:14 Job was evicted.
	(0) Job was not checkpointed.
		Usr 3 15:41:15, Sys 0 00:00:09  -  Run Remote Usage
		Usr 0 00:00:00, Sys 0 00:00:00  -  Run Local Usage
	0  -  Run Bytes Sent By Job
	0  -  Run Bytes Received By Job
	Partitionable Resources :    Usage  Request Allocated 
	   Cpus                 :     1.00        1         1 
	   Disk (KB)            :   175         175    881004 
	   Memory (MB)          :    61           1       128 
...
009 (2511.685.000) 05/31 13:14:15 Job was aborted by the user.
	via condor_rm (by user scoggim)
...
000 (2516.009.000) 06/02 11:26:44 Job submitted from host: <140.160.143.131:9618?addrs=140.160.143.131-9618&noUDP&sock=3131910_565e_30>
...
001 (2516.009.000) 06/02 11:26:56 Job executing on host: <140.160.143.144:9618?addrs=140.160.143.144-9618&noUDP&sock=16727_e8c0_3>
...
006 (2516.009.000) 06/02 11:27:05 Image size of job updated: 62172
	61  -  MemoryUsage of job (MB)
	62172  -  ResidentSetSize of job (KB)
...
004 (2516.009.000) 06/03 01:05:33 Job was evicted.
	(0) Job was not checkpointed.
		Usr 0 13:37:29, Sys 0 00:00:01  -  Run Remote Usage
		Usr 0 00:00:00, Sys 0 00:00:00  -  Run Local Usage
	0  -  Run Bytes Sent By Job
	0  -  Run Bytes Received By Job
	Partitionable Resources :    Usage  Request Allocated 
	   Cpus                 :     1.00        1         1 
	   Disk (KB)            :   175         175    881004 
	   Memory (MB)          :    61           1       128 
...
009 (2516.009.000) 06/03 01:05:35 Job was aborted by the user.
	via condor_rm (by user scoggim)
...
000 (2523.009.000) 06/03 01:09:40 Job submitted from host: <140.160.143.131:9618?addrs=140.160.143.131-9618&noUDP&sock=3131910_565e_30>
...
001 (2523.009.000) 06/03 01:10:39 Job executing on host: <140.160.143.147:9618?addrs=140.160.143.147-9618&noUDP&sock=26984_5ba8_3>
...
006 (2523.009.000) 06/03 01:10:47 Image size of job updated: 42060
	42  -  MemoryUsage of job (MB)
	42060  -  ResidentSetSize of job (KB)
...
004 (2523.009.000) 06/03 01:12:01 Job was evicted.
	(0) Job was not checkpointed.
		Usr 0 00:02:24, Sys 0 00:01:02  -  Run Remote Usage
		Usr 0 00:00:00, Sys 0 00:00:00  -  Run Local Usage
	0  -  Run Bytes Sent By Job
	0  -  Run Bytes Received By Job
	Partitionable Resources :    Usage  Request Allocated 
	   Cpus                 :     2.73        4         4 
	   Disk (KB)            :   175         175    196727 
	   Memory (MB)          :    42           1       128 
...
009 (2523.009.000) 06/03 01:12:02 Job was aborted by the user.
	via condor_rm (by user scoggim)
...
000 (2524.009.000) 06/03 01:12:07 Job submitted from host: <140.160.143.131:9618?addrs=140.160.143.131-9618&noUDP&sock=3131910_565e_30>
...
001 (2524.009.000) 06/03 01:12:09 Job executing on host: <140.160.143.140:9618?addrs=140.160.143.140-9618&noUDP&sock=16192_f195_3>
...
006 (2524.009.000) 06/03 01:12:18 Image size of job updated: 42084
	42  -  MemoryUsage of job (MB)
	42084  -  ResidentSetSize of job (KB)
...
006 (2524.009.000) 06/03 01:52:23 Image size of job updated: 46956
	46  -  MemoryUsage of job (MB)
	46956  -  ResidentSetSize of job (KB)
...
006 (2524.009.000) 06/03 03:12:30 Image size of job updated: 46960
	46  -  MemoryUsage of job (MB)
	46960  -  ResidentSetSize of job (KB)
...
006 (2524.009.000) 06/03 05:07:41 Image size of job updated: 46972
	46  -  MemoryUsage of job (MB)
	46972  -  ResidentSetSize of job (KB)
...
006 (2524.009.000) 06/03 11:11:22 Image size of job updated: 253828
	46  -  MemoryUsage of job (MB)
	46972  -  ResidentSetSize of job (KB)
...
004 (2524.009.000) 06/03 11:11:22 Job was evicted.
	(0) Job was not checkpointed.
		Usr 0 17:11:12, Sys 0 08:01:50  -  Run Remote Usage
		Usr 0 00:00:00, Sys 0 00:00:00  -  Run Local Usage
	0  -  Run Bytes Sent By Job
	0  -  Run Bytes Received By Job
	Partitionable Resources :    Usage  Request Allocated 
	   Cpus                 :     2.39        4         4 
	   Disk (KB)            :   175         175    881228 
	   Memory (MB)          :    46           1       128 
...
009 (2524.009.000) 06/03 11:11:22 Job was aborted by the user.
	via condor_rm (by user scoggim)
...
000 (2525.009.000) 06/03 11:11:41 Job submitted from host: <140.160.143.131:9618?addrs=140.160.143.131-9618&noUDP&sock=3131910_565e_30>
...
001 (2525.009.000) 06/03 11:12:03 Job executing on host: <140.160.143.140:9618?addrs=140.160.143.140-9618&noUDP&sock=16192_f195_3>
...
006 (2525.009.000) 06/03 11:12:11 Image size of job updated: 62164
	61  -  MemoryUsage of job (MB)
	62164  -  ResidentSetSize of job (KB)
...
006 (2525.009.000) 06/05 05:46:25 Image size of job updated: 67060
	66  -  MemoryUsage of job (MB)
	67060  -  ResidentSetSize of job (KB)
...
006 (2525.009.000) 06/05 23:08:12 Image size of job updated: 67236
	66  -  MemoryUsage of job (MB)
	67060  -  ResidentSetSize of job (KB)
...
005 (2525.009.000) 06/11 01:03:50 Job terminated.
	(1) Normal termination (return value 0)
		Usr 7 13:27:38, Sys 0 00:02:04  -  Run Remote Usage
		Usr 0 00:00:00, Sys 0 00:00:00  -  Run Local Usage
		Usr 7 13:27:38, Sys 0 00:02:04  -  Total Remote Usage
		Usr 0 00:00:00, Sys 0 00:00:00  -  Total Local Usage
	0  -  Run Bytes Sent By Job
	0  -  Run Bytes Received By Job
	0  -  Total Bytes Sent By Job
	0  -  Total Bytes Received By Job
	Partitionable Resources :    Usage  Request Allocated 
	   Cpus                 :     1.00        1         1 
	   Disk (KB)            :   175         175    881228 
	   Memory (MB)          :    66           1       128 
...
