000 (2059.352.000) 03/05 16:54:49 Job submitted from host: <140.160.143.131:9618?addrs=140.160.143.131-9618&noUDP&sock=1229063_9141_4>
...
009 (2059.352.000) 03/05 19:47:03 Job was aborted by the user.
	via condor_rm (by user scoggim)
...
000 (2131.352.000) 03/15 01:18:30 Job submitted from host: <140.160.143.131:9618?addrs=140.160.143.131-9618&noUDP&sock=1229063_9141_4>
...
001 (2131.352.000) 03/21 08:01:09 Job executing on host: <140.160.143.160:9618?addrs=140.160.143.160-9618&noUDP&sock=11177_1220_3>
...
006 (2131.352.000) 03/21 08:01:18 Image size of job updated: 4796
	5  -  MemoryUsage of job (MB)
	4796  -  ResidentSetSize of job (KB)
...
006 (2131.352.000) 03/21 08:06:19 Image size of job updated: 4800
	5  -  MemoryUsage of job (MB)
	4800  -  ResidentSetSize of job (KB)
...
006 (2131.352.000) 03/21 08:51:24 Image size of job updated: 5048
	5  -  MemoryUsage of job (MB)
	5048  -  ResidentSetSize of job (KB)
...
005 (2131.352.000) 03/22 17:25:36 Job terminated.
	(1) Normal termination (return value 0)
		Usr 3 18:57:18, Sys 1 18:39:15  -  Run Remote Usage
		Usr 0 00:00:00, Sys 0 00:00:00  -  Run Local Usage
		Usr 3 18:57:18, Sys 1 18:39:15  -  Total Remote Usage
		Usr 0 00:00:00, Sys 0 00:00:00  -  Total Local Usage
	0  -  Run Bytes Sent By Job
	0  -  Run Bytes Received By Job
	0  -  Total Bytes Sent By Job
	0  -  Total Bytes Received By Job
	Partitionable Resources :    Usage  Request Allocated 
	   Cpus                 :     4.00        4         4 
	   Disk (KB)            :   175         175    845054 
	   Memory (MB)          :     5           1       128 
...
