000 (2059.192.000) 03/05 16:54:49 Job submitted from host: <140.160.143.131:9618?addrs=140.160.143.131-9618&noUDP&sock=1229063_9141_4>
...
009 (2059.192.000) 03/05 19:47:02 Job was aborted by the user.
	via condor_rm (by user scoggim)
...
000 (2122.003.000) 03/05 20:16:32 Job submitted from host: <140.160.143.131:9618?addrs=140.160.143.131-9618&noUDP&sock=1229063_9141_4>
...
009 (2122.003.000) 03/15 01:14:47 Job was aborted by the user.
	via condor_rm (by user scoggim)
...
000 (2131.192.000) 03/15 01:18:30 Job submitted from host: <140.160.143.131:9618?addrs=140.160.143.131-9618&noUDP&sock=1229063_9141_4>
...
001 (2131.192.000) 03/20 14:02:16 Job executing on host: <140.160.143.165:9618?addrs=140.160.143.165-9618&noUDP&sock=9630_f51d_3>
...
006 (2131.192.000) 03/20 14:02:25 Image size of job updated: 7640
	3  -  MemoryUsage of job (MB)
	2568  -  ResidentSetSize of job (KB)
...
006 (2131.192.000) 03/20 14:07:26 Image size of job updated: 7716
	3  -  MemoryUsage of job (MB)
	2568  -  ResidentSetSize of job (KB)
...
006 (2131.192.000) 03/20 14:22:28 Image size of job updated: 7824
	3  -  MemoryUsage of job (MB)
	2676  -  ResidentSetSize of job (KB)
...
005 (2131.192.000) 03/21 02:45:23 Job terminated.
	(1) Normal termination (return value 0)
		Usr 1 08:20:36, Sys 0 18:30:50  -  Run Remote Usage
		Usr 0 00:00:00, Sys 0 00:00:00  -  Run Local Usage
		Usr 1 08:20:36, Sys 0 18:30:50  -  Total Remote Usage
		Usr 0 00:00:00, Sys 0 00:00:00  -  Total Local Usage
	0  -  Run Bytes Sent By Job
	0  -  Run Bytes Received By Job
	0  -  Total Bytes Sent By Job
	0  -  Total Bytes Received By Job
	Partitionable Resources :    Usage  Request Allocated 
	   Cpus                 :     4.00        4         4 
	   Disk (KB)            :   175         175    844764 
	   Memory (MB)          :     3           1       128 
...
