000 (2059.023.000) 03/05 16:54:49 Job submitted from host: <140.160.143.131:9618?addrs=140.160.143.131-9618&noUDP&sock=1229063_9141_4>
...
009 (2059.023.000) 03/05 19:47:04 Job was aborted by the user.
	via condor_rm (by user scoggim)
...
000 (2064.023.000) 03/05 20:07:44 Job submitted from host: <140.160.143.131:9618?addrs=140.160.143.131-9618&noUDP&sock=1229063_9141_4>
...
009 (2064.023.000) 03/05 20:07:52 Job was aborted by the user.
	via condor_rm (by user scoggim)
...
000 (2098.002.000) 03/05 20:16:30 Job submitted from host: <140.160.143.131:9618?addrs=140.160.143.131-9618&noUDP&sock=1229063_9141_4>
...
009 (2098.002.000) 03/15 01:14:48 Job was aborted by the user.
	via condor_rm (by user scoggim)
...
000 (2131.023.000) 03/15 01:18:29 Job submitted from host: <140.160.143.131:9618?addrs=140.160.143.131-9618&noUDP&sock=1229063_9141_4>
...
001 (2131.023.000) 03/17 05:37:23 Job executing on host: <140.160.143.143:9618?addrs=140.160.143.143-9618&noUDP&sock=26876_476e_3>
...
006 (2131.023.000) 03/17 05:37:32 Image size of job updated: 2480
	3  -  MemoryUsage of job (MB)
	2480  -  ResidentSetSize of job (KB)
...
006 (2131.023.000) 03/17 05:42:33 Image size of job updated: 2484
	3  -  MemoryUsage of job (MB)
	2484  -  ResidentSetSize of job (KB)
...
006 (2131.023.000) 03/17 06:12:36 Image size of job updated: 2592
	3  -  MemoryUsage of job (MB)
	2592  -  ResidentSetSize of job (KB)
...
006 (2131.023.000) 03/17 21:59:15 Image size of job updated: 2660
	3  -  MemoryUsage of job (MB)
	2592  -  ResidentSetSize of job (KB)
...
006 (2131.023.000) 03/17 22:04:16 Image size of job updated: 2816
	3  -  MemoryUsage of job (MB)
	2592  -  ResidentSetSize of job (KB)
...
005 (2131.023.000) 03/18 04:16:53 Job terminated.
	(1) Normal termination (return value 0)
		Usr 2 14:42:04, Sys 1 03:43:49  -  Run Remote Usage
		Usr 0 00:00:00, Sys 0 00:00:00  -  Run Local Usage
		Usr 2 14:42:04, Sys 1 03:43:49  -  Total Remote Usage
		Usr 0 00:00:00, Sys 0 00:00:00  -  Total Local Usage
	0  -  Run Bytes Sent By Job
	0  -  Run Bytes Received By Job
	0  -  Total Bytes Sent By Job
	0  -  Total Bytes Received By Job
	Partitionable Resources :    Usage  Request Allocated 
	   Cpus                 :     4.00        4         4 
	   Disk (KB)            :   175         175    881830 
	   Memory (MB)          :     3           1       128 
...
