000 (674412.000.000) 09/14 14:18:50 Job submitted from host: <140.160.143.130:9618?addrs=140.160.143.130-9618&noUDP&sock=5591_da80_4>
...
009 (674412.000.000) 09/14 14:20:43 Job was aborted by the user.
	via condor_rm (by user scoggim)
...
000 (674556.000.000) 09/14 14:25:58 Job submitted from host: <140.160.143.130:9618?addrs=140.160.143.130-9618&noUDP&sock=5591_da80_4>
...
000 (674700.000.000) 09/14 14:26:40 Job submitted from host: <140.160.143.130:9618?addrs=140.160.143.130-9618&noUDP&sock=5591_da80_4>
...
000 (674844.000.000) 09/14 14:27:39 Job submitted from host: <140.160.143.130:9618?addrs=140.160.143.130-9618&noUDP&sock=5591_da80_4>
...
009 (674556.000.000) 09/14 14:46:32 Job was aborted by the user.
	via condor_rm (by user scoggim)
...
009 (674700.000.000) 09/14 14:46:33 Job was aborted by the user.
	via condor_rm (by user scoggim)
...
009 (674844.000.000) 09/14 14:46:34 Job was aborted by the user.
	via condor_rm (by user scoggim)
...
000 (675024.000.000) 09/14 22:20:25 Job submitted from host: <140.160.143.130:9618?addrs=140.160.143.130-9618&noUDP&sock=5591_da80_4>
...
001 (675024.000.000) 09/15 22:42:48 Job executing on host: <140.160.143.156:9618?addrs=140.160.143.156-9618&noUDP&sock=4471_a06d_3>
...
006 (675024.000.000) 09/15 22:42:56 Image size of job updated: 3544
	3  -  MemoryUsage of job (MB)
	2460  -  ResidentSetSize of job (KB)
...
006 (675024.000.000) 09/15 22:47:56 Image size of job updated: 73308
	71  -  MemoryUsage of job (MB)
	72200  -  ResidentSetSize of job (KB)
...
006 (675024.000.000) 09/15 22:52:58 Image size of job updated: 119916
	117  -  MemoryUsage of job (MB)
	119644  -  ResidentSetSize of job (KB)
...
006 (675024.000.000) 09/15 22:57:58 Image size of job updated: 119916
	117  -  MemoryUsage of job (MB)
	119684  -  ResidentSetSize of job (KB)
...
006 (675024.000.000) 09/16 00:23:05 Image size of job updated: 1581032
	117  -  MemoryUsage of job (MB)
	119684  -  ResidentSetSize of job (KB)
...
006 (675024.000.000) 09/16 00:28:05 Image size of job updated: 1653720
	117  -  MemoryUsage of job (MB)
	119684  -  ResidentSetSize of job (KB)
...
006 (675024.000.000) 09/16 00:33:06 Image size of job updated: 1725176
	117  -  MemoryUsage of job (MB)
	119684  -  ResidentSetSize of job (KB)
...
006 (675024.000.000) 09/16 00:38:06 Image size of job updated: 1797668
	117  -  MemoryUsage of job (MB)
	119684  -  ResidentSetSize of job (KB)
...
006 (675024.000.000) 09/16 00:43:06 Image size of job updated: 1869740
	117  -  MemoryUsage of job (MB)
	119684  -  ResidentSetSize of job (KB)
...
006 (675024.000.000) 09/16 00:48:07 Image size of job updated: 1940048
	117  -  MemoryUsage of job (MB)
	119684  -  ResidentSetSize of job (KB)
...
006 (675024.000.000) 09/16 00:53:08 Image size of job updated: 2012204
	117  -  MemoryUsage of job (MB)
	119684  -  ResidentSetSize of job (KB)
...
006 (675024.000.000) 09/16 00:58:08 Image size of job updated: 2084584
	117  -  MemoryUsage of job (MB)
	119684  -  ResidentSetSize of job (KB)
...
006 (675024.000.000) 09/16 01:03:09 Image size of job updated: 2156236
	117  -  MemoryUsage of job (MB)
	119684  -  ResidentSetSize of job (KB)
...
006 (675024.000.000) 09/16 01:08:10 Image size of job updated: 2227720
	117  -  MemoryUsage of job (MB)
	119684  -  ResidentSetSize of job (KB)
...
006 (675024.000.000) 09/16 01:13:10 Image size of job updated: 2299176
	117  -  MemoryUsage of job (MB)
	119684  -  ResidentSetSize of job (KB)
...
006 (675024.000.000) 09/16 01:18:10 Image size of job updated: 2370632
	117  -  MemoryUsage of job (MB)
	119684  -  ResidentSetSize of job (KB)
...
006 (675024.000.000) 09/16 01:23:11 Image size of job updated: 2441472
	117  -  MemoryUsage of job (MB)
	119684  -  ResidentSetSize of job (KB)
...
006 (675024.000.000) 09/16 01:28:12 Image size of job updated: 2514888
	117  -  MemoryUsage of job (MB)
	119684  -  ResidentSetSize of job (KB)
...
006 (675024.000.000) 09/16 01:33:12 Image size of job updated: 2586652
	117  -  MemoryUsage of job (MB)
	119684  -  ResidentSetSize of job (KB)
...
006 (675024.000.000) 09/16 01:38:13 Image size of job updated: 2659004
	117  -  MemoryUsage of job (MB)
	119684  -  ResidentSetSize of job (KB)
...
006 (675024.000.000) 09/16 01:43:14 Image size of job updated: 2726736
	117  -  MemoryUsage of job (MB)
	119684  -  ResidentSetSize of job (KB)
...
006 (675024.000.000) 09/16 01:48:14 Image size of job updated: 2798192
	117  -  MemoryUsage of job (MB)
	119684  -  ResidentSetSize of job (KB)
...
006 (675024.000.000) 09/16 01:53:14 Image size of job updated: 2868668
	117  -  MemoryUsage of job (MB)
	119684  -  ResidentSetSize of job (KB)
...
006 (675024.000.000) 09/16 01:58:15 Image size of job updated: 2939004
	117  -  MemoryUsage of job (MB)
	119684  -  ResidentSetSize of job (KB)
...
006 (675024.000.000) 09/16 02:03:16 Image size of job updated: 3010152
	117  -  MemoryUsage of job (MB)
	119684  -  ResidentSetSize of job (KB)
...
006 (675024.000.000) 09/16 02:08:16 Image size of job updated: 3082336
	117  -  MemoryUsage of job (MB)
	119684  -  ResidentSetSize of job (KB)
...
006 (675024.000.000) 09/16 02:13:16 Image size of job updated: 3154100
	117  -  MemoryUsage of job (MB)
	119684  -  ResidentSetSize of job (KB)
...
006 (675024.000.000) 09/16 02:18:17 Image size of job updated: 3226732
	117  -  MemoryUsage of job (MB)
	119684  -  ResidentSetSize of job (KB)
...
006 (675024.000.000) 09/16 02:23:17 Image size of job updated: 3297404
	117  -  MemoryUsage of job (MB)
	119684  -  ResidentSetSize of job (KB)
...
006 (675024.000.000) 09/16 02:28:17 Image size of job updated: 3369364
	117  -  MemoryUsage of job (MB)
	119684  -  ResidentSetSize of job (KB)
...
006 (675024.000.000) 09/16 02:33:18 Image size of job updated: 3442248
	117  -  MemoryUsage of job (MB)
	119684  -  ResidentSetSize of job (KB)
...
006 (675024.000.000) 09/16 02:38:19 Image size of job updated: 3514712
	117  -  MemoryUsage of job (MB)
	119684  -  ResidentSetSize of job (KB)
...
006 (675024.000.000) 09/16 02:43:19 Image size of job updated: 3587680
	117  -  MemoryUsage of job (MB)
	119684  -  ResidentSetSize of job (KB)
...
006 (675024.000.000) 09/16 02:48:19 Image size of job updated: 3661600
	117  -  MemoryUsage of job (MB)
	119684  -  ResidentSetSize of job (KB)
...
006 (675024.000.000) 09/16 02:53:20 Image size of job updated: 3732552
	117  -  MemoryUsage of job (MB)
	119684  -  ResidentSetSize of job (KB)
...
006 (675024.000.000) 09/16 02:58:20 Image size of job updated: 3800396
	117  -  MemoryUsage of job (MB)
	119684  -  ResidentSetSize of job (KB)
...
006 (675024.000.000) 09/16 03:03:20 Image size of job updated: 3869528
	117  -  MemoryUsage of job (MB)
	119684  -  ResidentSetSize of job (KB)
...
006 (675024.000.000) 09/16 03:08:21 Image size of job updated: 3939556
	117  -  MemoryUsage of job (MB)
	119684  -  ResidentSetSize of job (KB)
...
006 (675024.000.000) 09/16 03:13:22 Image size of job updated: 4010032
	117  -  MemoryUsage of job (MB)
	119684  -  ResidentSetSize of job (KB)
...
006 (675024.000.000) 09/16 03:18:22 Image size of job updated: 4079136
	117  -  MemoryUsage of job (MB)
	119684  -  ResidentSetSize of job (KB)
...
006 (675024.000.000) 09/16 03:23:22 Image size of job updated: 4149696
	117  -  MemoryUsage of job (MB)
	119684  -  ResidentSetSize of job (KB)
...
006 (675024.000.000) 09/16 03:28:23 Image size of job updated: 4219528
	117  -  MemoryUsage of job (MB)
	119684  -  ResidentSetSize of job (KB)
...
006 (675024.000.000) 09/16 03:33:23 Image size of job updated: 4290984
	117  -  MemoryUsage of job (MB)
	119684  -  ResidentSetSize of job (KB)
...
006 (675024.000.000) 09/16 03:38:23 Image size of job updated: 4363476
	117  -  MemoryUsage of job (MB)
	119684  -  ResidentSetSize of job (KB)
...
006 (675024.000.000) 09/16 03:43:24 Image size of job updated: 4435828
	117  -  MemoryUsage of job (MB)
	119684  -  ResidentSetSize of job (KB)
...
006 (675024.000.000) 09/16 03:48:25 Image size of job updated: 4508012
	117  -  MemoryUsage of job (MB)
	119684  -  ResidentSetSize of job (KB)
...
006 (675024.000.000) 09/16 03:53:25 Image size of job updated: 4576276
	117  -  MemoryUsage of job (MB)
	119684  -  ResidentSetSize of job (KB)
...
006 (675024.000.000) 09/16 03:58:26 Image size of job updated: 4650056
	117  -  MemoryUsage of job (MB)
	119684  -  ResidentSetSize of job (KB)
...
006 (675024.000.000) 09/16 04:03:27 Image size of job updated: 4723360
	117  -  MemoryUsage of job (MB)
	119684  -  ResidentSetSize of job (KB)
...
006 (675024.000.000) 09/16 04:08:27 Image size of job updated: 4794788
	117  -  MemoryUsage of job (MB)
	119684  -  ResidentSetSize of job (KB)
...
006 (675024.000.000) 09/16 04:13:27 Image size of job updated: 4865824
	117  -  MemoryUsage of job (MB)
	119684  -  ResidentSetSize of job (KB)
...
006 (675024.000.000) 09/16 04:18:28 Image size of job updated: 4937028
	117  -  MemoryUsage of job (MB)
	119684  -  ResidentSetSize of job (KB)
...
006 (675024.000.000) 09/16 04:23:29 Image size of job updated: 5005628
	117  -  MemoryUsage of job (MB)
	119684  -  ResidentSetSize of job (KB)
...
006 (675024.000.000) 09/16 04:28:29 Image size of job updated: 5076776
	117  -  MemoryUsage of job (MB)
	119684  -  ResidentSetSize of job (KB)
...
006 (675024.000.000) 09/16 04:33:30 Image size of job updated: 5147616
	117  -  MemoryUsage of job (MB)
	119684  -  ResidentSetSize of job (KB)
...
006 (675024.000.000) 09/16 04:38:31 Image size of job updated: 5218624
	117  -  MemoryUsage of job (MB)
	119684  -  ResidentSetSize of job (KB)
...
006 (675024.000.000) 09/16 04:43:31 Image size of job updated: 5290472
	117  -  MemoryUsage of job (MB)
	119684  -  ResidentSetSize of job (KB)
...
006 (675024.000.000) 09/16 04:48:31 Image size of job updated: 5361844
	117  -  MemoryUsage of job (MB)
	119684  -  ResidentSetSize of job (KB)
...
006 (675024.000.000) 09/16 04:53:32 Image size of job updated: 5432796
	117  -  MemoryUsage of job (MB)
	119684  -  ResidentSetSize of job (KB)
...
006 (675024.000.000) 09/16 04:58:33 Image size of job updated: 5504672
	117  -  MemoryUsage of job (MB)
	119684  -  ResidentSetSize of job (KB)
...
006 (675024.000.000) 09/16 05:03:33 Image size of job updated: 5576380
	117  -  MemoryUsage of job (MB)
	119684  -  ResidentSetSize of job (KB)
...
006 (675024.000.000) 09/16 05:08:34 Image size of job updated: 5648004
	117  -  MemoryUsage of job (MB)
	119684  -  ResidentSetSize of job (KB)
...
006 (675024.000.000) 09/16 05:13:35 Image size of job updated: 5719936
	117  -  MemoryUsage of job (MB)
	119684  -  ResidentSetSize of job (KB)
...
006 (675024.000.000) 09/16 05:18:35 Image size of job updated: 5791644
	117  -  MemoryUsage of job (MB)
	119684  -  ResidentSetSize of job (KB)
...
006 (675024.000.000) 09/16 05:23:35 Image size of job updated: 5862400
	117  -  MemoryUsage of job (MB)
	119684  -  ResidentSetSize of job (KB)
...
006 (675024.000.000) 09/16 05:28:36 Image size of job updated: 5934080
	117  -  MemoryUsage of job (MB)
	119684  -  ResidentSetSize of job (KB)
...
006 (675024.000.000) 09/16 05:33:37 Image size of job updated: 6003940
	117  -  MemoryUsage of job (MB)
	119684  -  ResidentSetSize of job (KB)
...
006 (675024.000.000) 09/16 05:38:37 Image size of job updated: 6075060
	117  -  MemoryUsage of job (MB)
	119684  -  ResidentSetSize of job (KB)
...
006 (675024.000.000) 09/16 05:43:38 Image size of job updated: 6145032
	117  -  MemoryUsage of job (MB)
	119684  -  ResidentSetSize of job (KB)
...
006 (675024.000.000) 09/16 05:48:39 Image size of job updated: 6216376
	117  -  MemoryUsage of job (MB)
	119684  -  ResidentSetSize of job (KB)
...
006 (675024.000.000) 09/16 05:53:39 Image size of job updated: 6286684
	117  -  MemoryUsage of job (MB)
	119684  -  ResidentSetSize of job (KB)
...
006 (675024.000.000) 09/16 05:58:39 Image size of job updated: 6358532
	117  -  MemoryUsage of job (MB)
	119684  -  ResidentSetSize of job (KB)
...
006 (675024.000.000) 09/16 06:03:40 Image size of job updated: 6429764
	117  -  MemoryUsage of job (MB)
	119684  -  ResidentSetSize of job (KB)
...
006 (675024.000.000) 09/16 06:08:41 Image size of job updated: 6502032
	117  -  MemoryUsage of job (MB)
	119684  -  ResidentSetSize of job (KB)
...
006 (675024.000.000) 09/16 06:13:41 Image size of job updated: 6572116
	117  -  MemoryUsage of job (MB)
	119684  -  ResidentSetSize of job (KB)
...
006 (675024.000.000) 09/16 06:18:42 Image size of job updated: 6643096
	117  -  MemoryUsage of job (MB)
	119684  -  ResidentSetSize of job (KB)
...
006 (675024.000.000) 09/16 06:23:43 Image size of job updated: 6713572
	117  -  MemoryUsage of job (MB)
	119684  -  ResidentSetSize of job (KB)
...
006 (675024.000.000) 09/16 06:28:43 Image size of job updated: 6785112
	117  -  MemoryUsage of job (MB)
	119684  -  ResidentSetSize of job (KB)
...
006 (675024.000.000) 09/16 06:33:43 Image size of job updated: 6858192
	117  -  MemoryUsage of job (MB)
	119684  -  ResidentSetSize of job (KB)
...
006 (675024.000.000) 09/16 06:38:44 Image size of job updated: 6927660
	117  -  MemoryUsage of job (MB)
	119684  -  ResidentSetSize of job (KB)
...
006 (675024.000.000) 09/16 06:43:45 Image size of job updated: 6996400
	117  -  MemoryUsage of job (MB)
	119684  -  ResidentSetSize of job (KB)
...
006 (675024.000.000) 09/16 06:48:45 Image size of job updated: 7066848
	117  -  MemoryUsage of job (MB)
	119684  -  ResidentSetSize of job (KB)
...
006 (675024.000.000) 09/16 06:53:46 Image size of job updated: 7135980
	117  -  MemoryUsage of job (MB)
	119684  -  ResidentSetSize of job (KB)
...
006 (675024.000.000) 09/16 06:58:47 Image size of job updated: 7202536
	117  -  MemoryUsage of job (MB)
	119684  -  ResidentSetSize of job (KB)
...
006 (675024.000.000) 09/16 07:03:47 Image size of job updated: 7271304
	117  -  MemoryUsage of job (MB)
	119684  -  ResidentSetSize of job (KB)
...
006 (675024.000.000) 09/16 07:08:48 Image size of job updated: 7342984
	117  -  MemoryUsage of job (MB)
	119684  -  ResidentSetSize of job (KB)
...
006 (675024.000.000) 09/16 07:13:49 Image size of job updated: 7414888
	117  -  MemoryUsage of job (MB)
	119684  -  ResidentSetSize of job (KB)
...
006 (675024.000.000) 09/16 07:18:49 Image size of job updated: 7486400
	117  -  MemoryUsage of job (MB)
	119684  -  ResidentSetSize of job (KB)
...
006 (675024.000.000) 09/16 07:23:49 Image size of job updated: 7557828
	117  -  MemoryUsage of job (MB)
	119684  -  ResidentSetSize of job (KB)
...
006 (675024.000.000) 09/16 07:28:51 Image size of job updated: 7630404
	117  -  MemoryUsage of job (MB)
	119684  -  ResidentSetSize of job (KB)
...
006 (675024.000.000) 09/16 07:33:51 Image size of job updated: 7702336
	117  -  MemoryUsage of job (MB)
	119684  -  ResidentSetSize of job (KB)
...
006 (675024.000.000) 09/16 07:38:51 Image size of job updated: 7772784
	117  -  MemoryUsage of job (MB)
	119684  -  ResidentSetSize of job (KB)
...
006 (675024.000.000) 09/16 07:43:52 Image size of job updated: 7844520
	117  -  MemoryUsage of job (MB)
	119684  -  ResidentSetSize of job (KB)
...
006 (675024.000.000) 09/16 07:48:53 Image size of job updated: 7915864
	117  -  MemoryUsage of job (MB)
	119684  -  ResidentSetSize of job (KB)
...
006 (675024.000.000) 09/16 07:53:53 Image size of job updated: 7987712
	117  -  MemoryUsage of job (MB)
	119684  -  ResidentSetSize of job (KB)
...
006 (675024.000.000) 09/16 07:58:53 Image size of job updated: 8059364
	117  -  MemoryUsage of job (MB)
	119684  -  ResidentSetSize of job (KB)
...
006 (675024.000.000) 09/16 08:03:54 Image size of job updated: 8130568
	117  -  MemoryUsage of job (MB)
	119684  -  ResidentSetSize of job (KB)
...
006 (675024.000.000) 09/16 08:08:55 Image size of job updated: 8200288
	117  -  MemoryUsage of job (MB)
	119684  -  ResidentSetSize of job (KB)
...
006 (675024.000.000) 09/16 08:13:55 Image size of job updated: 8271492
	117  -  MemoryUsage of job (MB)
	119684  -  ResidentSetSize of job (KB)
...
006 (675024.000.000) 09/16 08:18:56 Image size of job updated: 8343704
	117  -  MemoryUsage of job (MB)
	119684  -  ResidentSetSize of job (KB)
...
006 (675024.000.000) 09/16 08:23:57 Image size of job updated: 8412388
	117  -  MemoryUsage of job (MB)
	119684  -  ResidentSetSize of job (KB)
...
006 (675024.000.000) 09/16 08:28:57 Image size of job updated: 8483844
	117  -  MemoryUsage of job (MB)
	119684  -  ResidentSetSize of job (KB)
...
006 (675024.000.000) 09/16 08:33:57 Image size of job updated: 8555860
	117  -  MemoryUsage of job (MB)
	119684  -  ResidentSetSize of job (KB)
...
006 (675024.000.000) 09/16 08:38:59 Image size of job updated: 8627232
	117  -  MemoryUsage of job (MB)
	119684  -  ResidentSetSize of job (KB)
...
006 (675024.000.000) 09/16 08:43:59 Image size of job updated: 8699276
	117  -  MemoryUsage of job (MB)
	119684  -  ResidentSetSize of job (KB)
...
006 (675024.000.000) 09/16 08:48:59 Image size of job updated: 8770760
	117  -  MemoryUsage of job (MB)
	119684  -  ResidentSetSize of job (KB)
...
006 (675024.000.000) 09/16 08:54:00 Image size of job updated: 8841012
	117  -  MemoryUsage of job (MB)
	119684  -  ResidentSetSize of job (KB)
...
006 (675024.000.000) 09/16 08:59:01 Image size of job updated: 8912076
	117  -  MemoryUsage of job (MB)
	119684  -  ResidentSetSize of job (KB)
...
006 (675024.000.000) 09/16 09:04:01 Image size of job updated: 8984932
	117  -  MemoryUsage of job (MB)
	119684  -  ResidentSetSize of job (KB)
...
006 (675024.000.000) 09/16 09:09:01 Image size of job updated: 9055632
	117  -  MemoryUsage of job (MB)
	119684  -  ResidentSetSize of job (KB)
...
006 (675024.000.000) 09/16 09:14:02 Image size of job updated: 9126500
	117  -  MemoryUsage of job (MB)
	119684  -  ResidentSetSize of job (KB)
...
006 (675024.000.000) 09/16 09:19:02 Image size of job updated: 9197760
	117  -  MemoryUsage of job (MB)
	119684  -  ResidentSetSize of job (KB)
...
006 (675024.000.000) 09/16 09:24:02 Image size of job updated: 9269412
	117  -  MemoryUsage of job (MB)
	119684  -  ResidentSetSize of job (KB)
...
006 (675024.000.000) 09/16 09:29:03 Image size of job updated: 9341372
	117  -  MemoryUsage of job (MB)
	119684  -  ResidentSetSize of job (KB)
...
006 (675024.000.000) 09/16 09:34:04 Image size of job updated: 9411932
	117  -  MemoryUsage of job (MB)
	119684  -  ResidentSetSize of job (KB)
...
006 (675024.000.000) 09/16 09:39:04 Image size of job updated: 9480952
	117  -  MemoryUsage of job (MB)
	119684  -  ResidentSetSize of job (KB)
...
006 (675024.000.000) 09/16 09:44:04 Image size of job updated: 9550560
	117  -  MemoryUsage of job (MB)
	119684  -  ResidentSetSize of job (KB)
...
006 (675024.000.000) 09/16 09:49:05 Image size of job updated: 9621708
	117  -  MemoryUsage of job (MB)
	119684  -  ResidentSetSize of job (KB)
...
006 (675024.000.000) 09/16 09:54:05 Image size of job updated: 9693920
	117  -  MemoryUsage of job (MB)
	119684  -  ResidentSetSize of job (KB)
...
006 (675024.000.000) 09/16 09:59:05 Image size of job updated: 9765852
	117  -  MemoryUsage of job (MB)
	119684  -  ResidentSetSize of job (KB)
...
006 (675024.000.000) 09/16 10:04:06 Image size of job updated: 9837448
	117  -  MemoryUsage of job (MB)
	119684  -  ResidentSetSize of job (KB)
...
006 (675024.000.000) 09/16 10:09:07 Image size of job updated: 9907440
	117  -  MemoryUsage of job (MB)
	119684  -  ResidentSetSize of job (KB)
...
006 (675024.000.000) 09/16 10:14:07 Image size of job updated: 9975320
	117  -  MemoryUsage of job (MB)
	119684  -  ResidentSetSize of job (KB)
...
006 (675024.000.000) 09/16 10:19:08 Image size of job updated: 10046412
	117  -  MemoryUsage of job (MB)
	119684  -  ResidentSetSize of job (KB)
...
006 (675024.000.000) 09/16 10:24:09 Image size of job updated: 10115768
	117  -  MemoryUsage of job (MB)
	119684  -  ResidentSetSize of job (KB)
...
006 (675024.000.000) 09/16 10:29:09 Image size of job updated: 10189408
	117  -  MemoryUsage of job (MB)
	119684  -  ResidentSetSize of job (KB)
...
006 (675024.000.000) 09/16 10:34:10 Image size of job updated: 10261116
	117  -  MemoryUsage of job (MB)
	119684  -  ResidentSetSize of job (KB)
...
006 (675024.000.000) 09/16 10:39:11 Image size of job updated: 10333608
	117  -  MemoryUsage of job (MB)
	119684  -  ResidentSetSize of job (KB)
...
006 (675024.000.000) 09/16 10:44:11 Image size of job updated: 10401732
	117  -  MemoryUsage of job (MB)
	119684  -  ResidentSetSize of job (KB)
...
006 (675024.000.000) 09/16 10:49:11 Image size of job updated: 10469744
	117  -  MemoryUsage of job (MB)
	119684  -  ResidentSetSize of job (KB)
...
006 (675024.000.000) 09/16 10:54:12 Image size of job updated: 10537896
	117  -  MemoryUsage of job (MB)
	119684  -  ResidentSetSize of job (KB)
...
006 (675024.000.000) 09/16 10:59:13 Image size of job updated: 10606412
	117  -  MemoryUsage of job (MB)
	119684  -  ResidentSetSize of job (KB)
...
006 (675024.000.000) 09/16 11:04:13 Image size of job updated: 10674872
	117  -  MemoryUsage of job (MB)
	119684  -  ResidentSetSize of job (KB)
...
006 (675024.000.000) 09/16 11:09:14 Image size of job updated: 10742156
	117  -  MemoryUsage of job (MB)
	119684  -  ResidentSetSize of job (KB)
...
006 (675024.000.000) 09/16 11:14:15 Image size of job updated: 10809356
	117  -  MemoryUsage of job (MB)
	119684  -  ResidentSetSize of job (KB)
...
006 (675024.000.000) 09/16 11:19:15 Image size of job updated: 10877536
	117  -  MemoryUsage of job (MB)
	119684  -  ResidentSetSize of job (KB)
...
006 (675024.000.000) 09/16 11:24:15 Image size of job updated: 10945996
	117  -  MemoryUsage of job (MB)
	119684  -  ResidentSetSize of job (KB)
...
006 (675024.000.000) 09/16 11:29:17 Image size of job updated: 11013896
	117  -  MemoryUsage of job (MB)
	119684  -  ResidentSetSize of job (KB)
...
006 (675024.000.000) 09/16 11:34:17 Image size of job updated: 11082580
	117  -  MemoryUsage of job (MB)
	119684  -  ResidentSetSize of job (KB)
...
006 (675024.000.000) 09/16 11:39:17 Image size of job updated: 11149528
	117  -  MemoryUsage of job (MB)
	119684  -  ResidentSetSize of job (KB)
...
006 (675024.000.000) 09/16 11:44:18 Image size of job updated: 11215860
	117  -  MemoryUsage of job (MB)
	119684  -  ResidentSetSize of job (KB)
...
006 (675024.000.000) 09/16 11:49:19 Image size of job updated: 11281604
	117  -  MemoryUsage of job (MB)
	119684  -  ResidentSetSize of job (KB)
...
006 (675024.000.000) 09/16 11:54:19 Image size of job updated: 11347740
	117  -  MemoryUsage of job (MB)
	119684  -  ResidentSetSize of job (KB)
...
006 (675024.000.000) 09/16 11:59:20 Image size of job updated: 11414296
	117  -  MemoryUsage of job (MB)
	119684  -  ResidentSetSize of job (KB)
...
006 (675024.000.000) 09/16 12:04:21 Image size of job updated: 11480376
	117  -  MemoryUsage of job (MB)
	119684  -  ResidentSetSize of job (KB)
...
006 (675024.000.000) 09/16 12:09:21 Image size of job updated: 11545952
	117  -  MemoryUsage of job (MB)
	119684  -  ResidentSetSize of job (KB)
...
006 (675024.000.000) 09/16 12:14:21 Image size of job updated: 11611892
	117  -  MemoryUsage of job (MB)
	119684  -  ResidentSetSize of job (KB)
...
006 (675024.000.000) 09/16 12:19:22 Image size of job updated: 11677692
	117  -  MemoryUsage of job (MB)
	119684  -  ResidentSetSize of job (KB)
...
006 (675024.000.000) 09/16 12:24:22 Image size of job updated: 11743856
	117  -  MemoryUsage of job (MB)
	119684  -  ResidentSetSize of job (KB)
...
006 (675024.000.000) 09/16 12:29:22 Image size of job updated: 11809936
	117  -  MemoryUsage of job (MB)
	119684  -  ResidentSetSize of job (KB)
...
006 (675024.000.000) 09/16 12:34:23 Image size of job updated: 11876436
	117  -  MemoryUsage of job (MB)
	119684  -  ResidentSetSize of job (KB)
...
006 (675024.000.000) 09/16 12:39:24 Image size of job updated: 11942684
	117  -  MemoryUsage of job (MB)
	119684  -  ResidentSetSize of job (KB)
...
006 (675024.000.000) 09/16 12:44:24 Image size of job updated: 12009100
	117  -  MemoryUsage of job (MB)
	119684  -  ResidentSetSize of job (KB)
...
006 (675024.000.000) 09/16 12:49:24 Image size of job updated: 12075432
	117  -  MemoryUsage of job (MB)
	119684  -  ResidentSetSize of job (KB)
...
006 (675024.000.000) 09/16 12:54:25 Image size of job updated: 12137956
	117  -  MemoryUsage of job (MB)
	119684  -  ResidentSetSize of job (KB)
...
006 (675024.000.000) 09/16 12:59:25 Image size of job updated: 12204428
	117  -  MemoryUsage of job (MB)
	119684  -  ResidentSetSize of job (KB)
...
006 (675024.000.000) 09/16 13:04:25 Image size of job updated: 12269584
	117  -  MemoryUsage of job (MB)
	119684  -  ResidentSetSize of job (KB)
...
006 (675024.000.000) 09/16 13:09:26 Image size of job updated: 12335272
	117  -  MemoryUsage of job (MB)
	119684  -  ResidentSetSize of job (KB)
...
006 (675024.000.000) 09/16 13:14:27 Image size of job updated: 12401324
	117  -  MemoryUsage of job (MB)
	119684  -  ResidentSetSize of job (KB)
...
006 (675024.000.000) 09/16 13:19:27 Image size of job updated: 12468384
	117  -  MemoryUsage of job (MB)
	119684  -  ResidentSetSize of job (KB)
...
006 (675024.000.000) 09/16 13:24:28 Image size of job updated: 12534352
	117  -  MemoryUsage of job (MB)
	119684  -  ResidentSetSize of job (KB)
...
006 (675024.000.000) 09/16 13:29:29 Image size of job updated: 12600852
	117  -  MemoryUsage of job (MB)
	119684  -  ResidentSetSize of job (KB)
...
006 (675024.000.000) 09/16 13:34:29 Image size of job updated: 12667464
	117  -  MemoryUsage of job (MB)
	119684  -  ResidentSetSize of job (KB)
...
006 (675024.000.000) 09/16 13:39:29 Image size of job updated: 12734020
	117  -  MemoryUsage of job (MB)
	119684  -  ResidentSetSize of job (KB)
...
006 (675024.000.000) 09/16 13:44:30 Image size of job updated: 12799792
	117  -  MemoryUsage of job (MB)
	119684  -  ResidentSetSize of job (KB)
...
006 (675024.000.000) 09/16 13:49:31 Image size of job updated: 12865704
	117  -  MemoryUsage of job (MB)
	119684  -  ResidentSetSize of job (KB)
...
006 (675024.000.000) 09/16 13:54:31 Image size of job updated: 12931588
	117  -  MemoryUsage of job (MB)
	119684  -  ResidentSetSize of job (KB)
...
006 (675024.000.000) 09/16 13:59:32 Image size of job updated: 12998340
	117  -  MemoryUsage of job (MB)
	119684  -  ResidentSetSize of job (KB)
...
006 (675024.000.000) 09/16 14:04:32 Image size of job updated: 13064308
	117  -  MemoryUsage of job (MB)
	119684  -  ResidentSetSize of job (KB)
...
006 (675024.000.000) 09/16 14:09:32 Image size of job updated: 13129828
	117  -  MemoryUsage of job (MB)
	119684  -  ResidentSetSize of job (KB)
...
006 (675024.000.000) 09/16 14:14:33 Image size of job updated: 13196440
	117  -  MemoryUsage of job (MB)
	119684  -  ResidentSetSize of job (KB)
...
006 (675024.000.000) 09/16 14:19:34 Image size of job updated: 13262828
	117  -  MemoryUsage of job (MB)
	119684  -  ResidentSetSize of job (KB)
...
006 (675024.000.000) 09/16 14:24:34 Image size of job updated: 13329524
	117  -  MemoryUsage of job (MB)
	119684  -  ResidentSetSize of job (KB)
...
006 (675024.000.000) 09/16 14:29:34 Image size of job updated: 13396556
	117  -  MemoryUsage of job (MB)
	119684  -  ResidentSetSize of job (KB)
...
006 (675024.000.000) 09/16 14:34:35 Image size of job updated: 13463056
	117  -  MemoryUsage of job (MB)
	119684  -  ResidentSetSize of job (KB)
...
006 (675024.000.000) 09/16 14:39:35 Image size of job updated: 13528660
	117  -  MemoryUsage of job (MB)
	119684  -  ResidentSetSize of job (KB)
...
006 (675024.000.000) 09/16 14:44:35 Image size of job updated: 13594544
	117  -  MemoryUsage of job (MB)
	119684  -  ResidentSetSize of job (KB)
...
006 (675024.000.000) 09/16 14:49:36 Image size of job updated: 13661240
	117  -  MemoryUsage of job (MB)
	119684  -  ResidentSetSize of job (KB)
...
006 (675024.000.000) 09/16 14:54:37 Image size of job updated: 13727544
	117  -  MemoryUsage of job (MB)
	119684  -  ResidentSetSize of job (KB)
...
006 (675024.000.000) 09/16 14:59:37 Image size of job updated: 13794716
	117  -  MemoryUsage of job (MB)
	119684  -  ResidentSetSize of job (KB)
...
006 (675024.000.000) 09/16 15:04:38 Image size of job updated: 13859704
	117  -  MemoryUsage of job (MB)
	119684  -  ResidentSetSize of job (KB)
...
006 (675024.000.000) 09/16 15:09:39 Image size of job updated: 13925420
	117  -  MemoryUsage of job (MB)
	119684  -  ResidentSetSize of job (KB)
...
006 (675024.000.000) 09/16 15:14:39 Image size of job updated: 13992172
	117  -  MemoryUsage of job (MB)
	119684  -  ResidentSetSize of job (KB)
...
006 (675024.000.000) 09/16 15:19:39 Image size of job updated: 14058448
	117  -  MemoryUsage of job (MB)
	119684  -  ResidentSetSize of job (KB)
...
006 (675024.000.000) 09/16 15:24:40 Image size of job updated: 14124248
	117  -  MemoryUsage of job (MB)
	119684  -  ResidentSetSize of job (KB)
...
006 (675024.000.000) 09/16 15:29:41 Image size of job updated: 14191028
	117  -  MemoryUsage of job (MB)
	119684  -  ResidentSetSize of job (KB)
...
006 (675024.000.000) 09/16 15:34:41 Image size of job updated: 14253664
	117  -  MemoryUsage of job (MB)
	119684  -  ResidentSetSize of job (KB)
...
006 (675024.000.000) 09/16 15:39:42 Image size of job updated: 14323384
	117  -  MemoryUsage of job (MB)
	119684  -  ResidentSetSize of job (KB)
...
006 (675024.000.000) 09/16 15:44:43 Image size of job updated: 14390192
	117  -  MemoryUsage of job (MB)
	119684  -  ResidentSetSize of job (KB)
...
006 (675024.000.000) 09/16 15:49:43 Image size of job updated: 14456440
	117  -  MemoryUsage of job (MB)
	119684  -  ResidentSetSize of job (KB)
...
006 (675024.000.000) 09/16 15:54:43 Image size of job updated: 14522380
	117  -  MemoryUsage of job (MB)
	119684  -  ResidentSetSize of job (KB)
...
006 (675024.000.000) 09/16 15:59:44 Image size of job updated: 14587620
	117  -  MemoryUsage of job (MB)
	119684  -  ResidentSetSize of job (KB)
...
006 (675024.000.000) 09/16 16:04:45 Image size of job updated: 14653476
	117  -  MemoryUsage of job (MB)
	119684  -  ResidentSetSize of job (KB)
...
006 (675024.000.000) 09/16 16:09:45 Image size of job updated: 14719052
	117  -  MemoryUsage of job (MB)
	119684  -  ResidentSetSize of job (KB)
...
006 (675024.000.000) 09/16 16:14:46 Image size of job updated: 14784572
	117  -  MemoryUsage of job (MB)
	119684  -  ResidentSetSize of job (KB)
...
006 (675024.000.000) 09/16 16:19:47 Image size of job updated: 14850624
	117  -  MemoryUsage of job (MB)
	119684  -  ResidentSetSize of job (KB)
...
006 (675024.000.000) 09/16 16:24:47 Image size of job updated: 14916144
	117  -  MemoryUsage of job (MB)
	119684  -  ResidentSetSize of job (KB)
...
006 (675024.000.000) 09/16 16:29:47 Image size of job updated: 14979060
	117  -  MemoryUsage of job (MB)
	119684  -  ResidentSetSize of job (KB)
...
006 (675024.000.000) 09/16 16:34:48 Image size of job updated: 15044776
	117  -  MemoryUsage of job (MB)
	119684  -  ResidentSetSize of job (KB)
...
006 (675024.000.000) 09/16 16:39:49 Image size of job updated: 15110464
	117  -  MemoryUsage of job (MB)
	119684  -  ResidentSetSize of job (KB)
...
006 (675024.000.000) 09/16 16:44:49 Image size of job updated: 15176852
	117  -  MemoryUsage of job (MB)
	119684  -  ResidentSetSize of job (KB)
...
006 (675024.000.000) 09/16 16:49:50 Image size of job updated: 15242848
	117  -  MemoryUsage of job (MB)
	119684  -  ResidentSetSize of job (KB)
...
006 (675024.000.000) 09/16 16:54:51 Image size of job updated: 15308340
	117  -  MemoryUsage of job (MB)
	119684  -  ResidentSetSize of job (KB)
...
006 (675024.000.000) 09/16 16:59:51 Image size of job updated: 15374336
	117  -  MemoryUsage of job (MB)
	119684  -  ResidentSetSize of job (KB)
...
006 (675024.000.000) 09/16 17:04:51 Image size of job updated: 15440388
	117  -  MemoryUsage of job (MB)
	119684  -  ResidentSetSize of job (KB)
...
006 (675024.000.000) 09/16 17:09:52 Image size of job updated: 15506104
	117  -  MemoryUsage of job (MB)
	119684  -  ResidentSetSize of job (KB)
...
006 (675024.000.000) 09/16 17:14:53 Image size of job updated: 15572184
	117  -  MemoryUsage of job (MB)
	119684  -  ResidentSetSize of job (KB)
...
006 (675024.000.000) 09/16 17:19:53 Image size of job updated: 15637844
	117  -  MemoryUsage of job (MB)
	119684  -  ResidentSetSize of job (KB)
...
006 (675024.000.000) 09/16 17:24:54 Image size of job updated: 15704036
	117  -  MemoryUsage of job (MB)
	119684  -  ResidentSetSize of job (KB)
...
006 (675024.000.000) 09/16 17:29:55 Image size of job updated: 15769808
	117  -  MemoryUsage of job (MB)
	119684  -  ResidentSetSize of job (KB)
...
006 (675024.000.000) 09/16 17:34:55 Image size of job updated: 15836112
	117  -  MemoryUsage of job (MB)
	119684  -  ResidentSetSize of job (KB)
...
006 (675024.000.000) 09/16 17:39:55 Image size of job updated: 15900848
	117  -  MemoryUsage of job (MB)
	119684  -  ResidentSetSize of job (KB)
...
006 (675024.000.000) 09/16 17:44:56 Image size of job updated: 15968104
	117  -  MemoryUsage of job (MB)
	119684  -  ResidentSetSize of job (KB)
...
006 (675024.000.000) 09/16 17:49:56 Image size of job updated: 16035080
	117  -  MemoryUsage of job (MB)
	119684  -  ResidentSetSize of job (KB)
...
006 (675024.000.000) 09/16 17:54:56 Image size of job updated: 16101104
	117  -  MemoryUsage of job (MB)
	119684  -  ResidentSetSize of job (KB)
...
006 (675024.000.000) 09/16 17:59:57 Image size of job updated: 16167184
	117  -  MemoryUsage of job (MB)
	119684  -  ResidentSetSize of job (KB)
...
006 (675024.000.000) 09/16 18:04:58 Image size of job updated: 16233544
	117  -  MemoryUsage of job (MB)
	119684  -  ResidentSetSize of job (KB)
...
006 (675024.000.000) 09/16 18:09:58 Image size of job updated: 16300044
	117  -  MemoryUsage of job (MB)
	119684  -  ResidentSetSize of job (KB)
...
006 (675024.000.000) 09/16 18:14:58 Image size of job updated: 16366068
	117  -  MemoryUsage of job (MB)
	119684  -  ResidentSetSize of job (KB)
...
006 (675024.000.000) 09/16 18:19:59 Image size of job updated: 16432120
	117  -  MemoryUsage of job (MB)
	119684  -  ResidentSetSize of job (KB)
...
006 (675024.000.000) 09/16 18:24:59 Image size of job updated: 16498480
	117  -  MemoryUsage of job (MB)
	119684  -  ResidentSetSize of job (KB)
...
006 (675024.000.000) 09/16 18:29:59 Image size of job updated: 16564336
	117  -  MemoryUsage of job (MB)
	119684  -  ResidentSetSize of job (KB)
...
006 (675024.000.000) 09/16 18:35:00 Image size of job updated: 16630780
	117  -  MemoryUsage of job (MB)
	119684  -  ResidentSetSize of job (KB)
...
006 (675024.000.000) 09/16 18:40:01 Image size of job updated: 16696692
	117  -  MemoryUsage of job (MB)
	119684  -  ResidentSetSize of job (KB)
...
006 (675024.000.000) 09/16 18:45:01 Image size of job updated: 16762548
	117  -  MemoryUsage of job (MB)
	119684  -  ResidentSetSize of job (KB)
...
006 (675024.000.000) 09/16 18:50:02 Image size of job updated: 16828824
	117  -  MemoryUsage of job (MB)
	119684  -  ResidentSetSize of job (KB)
...
006 (675024.000.000) 09/16 18:55:03 Image size of job updated: 16895856
	117  -  MemoryUsage of job (MB)
	119684  -  ResidentSetSize of job (KB)
...
006 (675024.000.000) 09/16 19:00:03 Image size of job updated: 16962328
	117  -  MemoryUsage of job (MB)
	119684  -  ResidentSetSize of job (KB)
...
006 (675024.000.000) 09/16 19:05:03 Image size of job updated: 17028100
	117  -  MemoryUsage of job (MB)
	119684  -  ResidentSetSize of job (KB)
...
006 (675024.000.000) 09/16 19:10:04 Image size of job updated: 17093956
	117  -  MemoryUsage of job (MB)
	119684  -  ResidentSetSize of job (KB)
...
006 (675024.000.000) 09/16 19:15:05 Image size of job updated: 17159840
	117  -  MemoryUsage of job (MB)
	119684  -  ResidentSetSize of job (KB)
...
006 (675024.000.000) 09/16 19:20:05 Image size of job updated: 17225024
	117  -  MemoryUsage of job (MB)
	119684  -  ResidentSetSize of job (KB)
...
006 (675024.000.000) 09/16 19:25:06 Image size of job updated: 17291104
	117  -  MemoryUsage of job (MB)
	119684  -  ResidentSetSize of job (KB)
...
006 (675024.000.000) 09/16 19:30:07 Image size of job updated: 17357436
	117  -  MemoryUsage of job (MB)
	119684  -  ResidentSetSize of job (KB)
...
006 (675024.000.000) 09/16 19:35:07 Image size of job updated: 17424468
	117  -  MemoryUsage of job (MB)
	119684  -  ResidentSetSize of job (KB)
...
006 (675024.000.000) 09/16 19:40:07 Image size of job updated: 17490352
	117  -  MemoryUsage of job (MB)
	119684  -  ResidentSetSize of job (KB)
...
006 (675024.000.000) 09/16 19:45:08 Image size of job updated: 17556880
	117  -  MemoryUsage of job (MB)
	119684  -  ResidentSetSize of job (KB)
...
006 (675024.000.000) 09/16 19:50:08 Image size of job updated: 17622680
	117  -  MemoryUsage of job (MB)
	119684  -  ResidentSetSize of job (KB)
...
006 (675024.000.000) 09/16 19:55:08 Image size of job updated: 17688312
	117  -  MemoryUsage of job (MB)
	119684  -  ResidentSetSize of job (KB)
...
006 (675024.000.000) 09/16 20:00:09 Image size of job updated: 17754924
	117  -  MemoryUsage of job (MB)
	119684  -  ResidentSetSize of job (KB)
...
006 (675024.000.000) 09/16 20:05:10 Image size of job updated: 17818008
	117  -  MemoryUsage of job (MB)
	119684  -  ResidentSetSize of job (KB)
...
006 (675024.000.000) 09/16 20:10:10 Image size of job updated: 17883920
	117  -  MemoryUsage of job (MB)
	119684  -  ResidentSetSize of job (KB)
...
006 (675024.000.000) 09/16 20:15:10 Image size of job updated: 17949804
	117  -  MemoryUsage of job (MB)
	119684  -  ResidentSetSize of job (KB)
...
006 (675024.000.000) 09/16 20:20:11 Image size of job updated: 18016052
	117  -  MemoryUsage of job (MB)
	119684  -  ResidentSetSize of job (KB)
...
006 (675024.000.000) 09/16 20:25:11 Image size of job updated: 18081992
	117  -  MemoryUsage of job (MB)
	119684  -  ResidentSetSize of job (KB)
...
006 (675024.000.000) 09/16 20:30:11 Image size of job updated: 18148240
	117  -  MemoryUsage of job (MB)
	119684  -  ResidentSetSize of job (KB)
...
006 (675024.000.000) 09/16 20:35:12 Image size of job updated: 18214348
	117  -  MemoryUsage of job (MB)
	119684  -  ResidentSetSize of job (KB)
...
006 (675024.000.000) 09/16 20:40:13 Image size of job updated: 18280288
	117  -  MemoryUsage of job (MB)
	119684  -  ResidentSetSize of job (KB)
...
006 (675024.000.000) 09/16 20:45:13 Image size of job updated: 18347264
	117  -  MemoryUsage of job (MB)
	119684  -  ResidentSetSize of job (KB)
...
006 (675024.000.000) 09/16 20:50:14 Image size of job updated: 18414744
	117  -  MemoryUsage of job (MB)
	119684  -  ResidentSetSize of job (KB)
...
006 (675024.000.000) 09/16 20:55:15 Image size of job updated: 18482392
	117  -  MemoryUsage of job (MB)
	119684  -  ResidentSetSize of job (KB)
...
006 (675024.000.000) 09/16 21:00:15 Image size of job updated: 18550740
	117  -  MemoryUsage of job (MB)
	119684  -  ResidentSetSize of job (KB)
...
006 (675024.000.000) 09/16 21:05:15 Image size of job updated: 18618472
	117  -  MemoryUsage of job (MB)
	119684  -  ResidentSetSize of job (KB)
...
006 (675024.000.000) 09/16 21:10:16 Image size of job updated: 18685196
	117  -  MemoryUsage of job (MB)
	119684  -  ResidentSetSize of job (KB)
...
006 (675024.000.000) 09/16 21:15:17 Image size of job updated: 18752816
	117  -  MemoryUsage of job (MB)
	119684  -  ResidentSetSize of job (KB)
...
006 (675024.000.000) 09/16 21:20:17 Image size of job updated: 18819792
	117  -  MemoryUsage of job (MB)
	119684  -  ResidentSetSize of job (KB)
...
006 (675024.000.000) 09/16 21:25:17 Image size of job updated: 18887636
	117  -  MemoryUsage of job (MB)
	119684  -  ResidentSetSize of job (KB)
...
006 (675024.000.000) 09/16 21:30:18 Image size of job updated: 18955760
	117  -  MemoryUsage of job (MB)
	119684  -  ResidentSetSize of job (KB)
...
006 (675024.000.000) 09/16 21:35:18 Image size of job updated: 19024332
	117  -  MemoryUsage of job (MB)
	119684  -  ResidentSetSize of job (KB)
...
006 (675024.000.000) 09/16 21:40:18 Image size of job updated: 19091672
	117  -  MemoryUsage of job (MB)
	119684  -  ResidentSetSize of job (KB)
...
006 (675024.000.000) 09/16 21:45:19 Image size of job updated: 19159180
	117  -  MemoryUsage of job (MB)
	119684  -  ResidentSetSize of job (KB)
...
006 (675024.000.000) 09/16 21:50:20 Image size of job updated: 19225316
	117  -  MemoryUsage of job (MB)
	119684  -  ResidentSetSize of job (KB)
...
006 (675024.000.000) 09/16 21:55:20 Image size of job updated: 19291396
	117  -  MemoryUsage of job (MB)
	119684  -  ResidentSetSize of job (KB)
...
006 (675024.000.000) 09/16 22:00:20 Image size of job updated: 19358148
	117  -  MemoryUsage of job (MB)
	119684  -  ResidentSetSize of job (KB)
...
006 (675024.000.000) 09/16 22:05:21 Image size of job updated: 19423584
	117  -  MemoryUsage of job (MB)
	119684  -  ResidentSetSize of job (KB)
...
006 (675024.000.000) 09/16 22:10:21 Image size of job updated: 19488908
	117  -  MemoryUsage of job (MB)
	119684  -  ResidentSetSize of job (KB)
...
006 (675024.000.000) 09/16 22:15:21 Image size of job updated: 19553700
	117  -  MemoryUsage of job (MB)
	119684  -  ResidentSetSize of job (KB)
...
006 (675024.000.000) 09/16 22:20:22 Image size of job updated: 19620284
	117  -  MemoryUsage of job (MB)
	119684  -  ResidentSetSize of job (KB)
...
006 (675024.000.000) 09/16 22:25:23 Image size of job updated: 19684292
	117  -  MemoryUsage of job (MB)
	119684  -  ResidentSetSize of job (KB)
...
006 (675024.000.000) 09/16 22:30:23 Image size of job updated: 19750652
	117  -  MemoryUsage of job (MB)
	119684  -  ResidentSetSize of job (KB)
...
006 (675024.000.000) 09/16 22:35:23 Image size of job updated: 19816592
	117  -  MemoryUsage of job (MB)
	119684  -  ResidentSetSize of job (KB)
...
006 (675024.000.000) 09/16 22:40:24 Image size of job updated: 19881440
	117  -  MemoryUsage of job (MB)
	119684  -  ResidentSetSize of job (KB)
...
006 (675024.000.000) 09/16 22:45:24 Image size of job updated: 19947632
	117  -  MemoryUsage of job (MB)
	119684  -  ResidentSetSize of job (KB)
...
006 (675024.000.000) 09/16 22:50:24 Image size of job updated: 20012984
	117  -  MemoryUsage of job (MB)
	119684  -  ResidentSetSize of job (KB)
...
006 (675024.000.000) 09/16 22:55:25 Image size of job updated: 20078308
	117  -  MemoryUsage of job (MB)
	119684  -  ResidentSetSize of job (KB)
...
006 (675024.000.000) 09/16 23:00:26 Image size of job updated: 20144416
	117  -  MemoryUsage of job (MB)
	119684  -  ResidentSetSize of job (KB)
...
006 (675024.000.000) 09/16 23:05:26 Image size of job updated: 20210216
	117  -  MemoryUsage of job (MB)
	119684  -  ResidentSetSize of job (KB)
...
006 (675024.000.000) 09/16 23:10:27 Image size of job updated: 20275820
	117  -  MemoryUsage of job (MB)
	119684  -  ResidentSetSize of job (KB)
...
006 (675024.000.000) 09/16 23:15:28 Image size of job updated: 20342012
	117  -  MemoryUsage of job (MB)
	119684  -  ResidentSetSize of job (KB)
...
006 (675024.000.000) 09/16 23:20:28 Image size of job updated: 20408288
	117  -  MemoryUsage of job (MB)
	119684  -  ResidentSetSize of job (KB)
...
006 (675024.000.000) 09/16 23:25:28 Image size of job updated: 20471064
	117  -  MemoryUsage of job (MB)
	119684  -  ResidentSetSize of job (KB)
...
006 (675024.000.000) 09/16 23:30:30 Image size of job updated: 20537424
	117  -  MemoryUsage of job (MB)
	119684  -  ResidentSetSize of job (KB)
...
006 (675024.000.000) 09/16 23:35:30 Image size of job updated: 20602160
	117  -  MemoryUsage of job (MB)
	119684  -  ResidentSetSize of job (KB)
...
006 (675024.000.000) 09/16 23:40:30 Image size of job updated: 20667848
	117  -  MemoryUsage of job (MB)
	119684  -  ResidentSetSize of job (KB)
...
006 (675024.000.000) 09/16 23:45:31 Image size of job updated: 20734684
	117  -  MemoryUsage of job (MB)
	119684  -  ResidentSetSize of job (KB)
...
006 (675024.000.000) 09/16 23:50:32 Image size of job updated: 20800204
	117  -  MemoryUsage of job (MB)
	119684  -  ResidentSetSize of job (KB)
...
006 (675024.000.000) 09/16 23:55:32 Image size of job updated: 20866312
	117  -  MemoryUsage of job (MB)
	119684  -  ResidentSetSize of job (KB)
...
006 (675024.000.000) 09/17 00:00:32 Image size of job updated: 20931748
	117  -  MemoryUsage of job (MB)
	119684  -  ResidentSetSize of job (KB)
...
006 (675024.000.000) 09/17 00:05:33 Image size of job updated: 20998052
	117  -  MemoryUsage of job (MB)
	119684  -  ResidentSetSize of job (KB)
...
006 (675024.000.000) 09/17 00:10:33 Image size of job updated: 21063432
	117  -  MemoryUsage of job (MB)
	119684  -  ResidentSetSize of job (KB)
...
006 (675024.000.000) 09/17 00:15:33 Image size of job updated: 21130352
	117  -  MemoryUsage of job (MB)
	119684  -  ResidentSetSize of job (KB)
...
006 (675024.000.000) 09/17 00:20:34 Image size of job updated: 21196824
	117  -  MemoryUsage of job (MB)
	119684  -  ResidentSetSize of job (KB)
...
006 (675024.000.000) 09/17 00:25:34 Image size of job updated: 21262400
	117  -  MemoryUsage of job (MB)
	119684  -  ResidentSetSize of job (KB)
...
006 (675024.000.000) 09/17 00:30:35 Image size of job updated: 21328564
	117  -  MemoryUsage of job (MB)
	119684  -  ResidentSetSize of job (KB)
...
006 (675024.000.000) 09/17 00:35:36 Image size of job updated: 21394280
	117  -  MemoryUsage of job (MB)
	119684  -  ResidentSetSize of job (KB)
...
006 (675024.000.000) 09/17 00:40:36 Image size of job updated: 21461676
	117  -  MemoryUsage of job (MB)
	119684  -  ResidentSetSize of job (KB)
...
006 (675024.000.000) 09/17 00:45:37 Image size of job updated: 21527476
	117  -  MemoryUsage of job (MB)
	119684  -  ResidentSetSize of job (KB)
...
006 (675024.000.000) 09/17 00:50:38 Image size of job updated: 21593584
	117  -  MemoryUsage of job (MB)
	119684  -  ResidentSetSize of job (KB)
...
006 (675024.000.000) 09/17 00:52:57 Image size of job updated: 21622928
	117  -  MemoryUsage of job (MB)
	119684  -  ResidentSetSize of job (KB)
...
005 (675024.000.000) 09/17 00:52:57 Job terminated.
	(1) Normal termination (return value 0)
		Usr 0 00:35:46, Sys 0 00:14:17  -  Run Remote Usage
		Usr 0 00:00:00, Sys 0 00:00:00  -  Run Local Usage
		Usr 0 00:35:46, Sys 0 00:14:17  -  Total Remote Usage
		Usr 0 00:00:00, Sys 0 00:00:00  -  Total Local Usage
	0  -  Run Bytes Sent By Job
	0  -  Run Bytes Received By Job
	0  -  Total Bytes Sent By Job
	0  -  Total Bytes Received By Job
	Partitionable Resources :    Usage  Request Allocated 
	   Cpus                 :     1.90        2         2 
	   Disk (KB)            :   150         150     17664 
	   Memory (MB)          :   117           1       128 
...
000 (240.000.000) 10/21 16:26:40 Job submitted from host: <140.160.143.131:9618?addrs=140.160.143.131-9618&noUDP&sock=2776_aefe_4>
...
001 (240.000.000) 10/22 09:35:21 Job executing on host: <140.160.143.142:9618?addrs=140.160.143.142-9618&noUDP&sock=1418_3562_3>
...
006 (240.000.000) 10/22 09:35:30 Image size of job updated: 920
	1  -  MemoryUsage of job (MB)
	920  -  ResidentSetSize of job (KB)
...
006 (240.000.000) 10/22 13:21:45 Image size of job updated: 143504
	1  -  MemoryUsage of job (MB)
	920  -  ResidentSetSize of job (KB)
...
004 (240.000.000) 10/22 13:21:45 Job was evicted.
	(0) Job was not checkpointed.
		Usr 0 06:06:51, Sys 0 01:25:54  -  Run Remote Usage
		Usr 0 00:00:00, Sys 0 00:00:00  -  Run Local Usage
	0  -  Run Bytes Sent By Job
	0  -  Run Bytes Received By Job
	Partitionable Resources :    Usage  Request Allocated 
	   Cpus                 :     2.00        2         2 
	   Disk (KB)            :   150         150    888011 
	   Memory (MB)          :     1       20480     20480 
...
009 (240.000.000) 10/22 13:21:45 Job was aborted by the user.
	via condor_rm (by user scoggim)
...
