000 (2059.107.000) 03/05 16:54:49 Job submitted from host: <140.160.143.131:9618?addrs=140.160.143.131-9618&noUDP&sock=1229063_9141_4>
...
009 (2059.107.000) 03/05 19:47:05 Job was aborted by the user.
	via condor_rm (by user scoggim)
...
000 (2110.002.000) 03/05 20:16:31 Job submitted from host: <140.160.143.131:9618?addrs=140.160.143.131-9618&noUDP&sock=1229063_9141_4>
...
009 (2110.002.000) 03/15 01:14:48 Job was aborted by the user.
	via condor_rm (by user scoggim)
...
000 (2131.107.000) 03/15 01:18:29 Job submitted from host: <140.160.143.131:9618?addrs=140.160.143.131-9618&noUDP&sock=1229063_9141_4>
...
001 (2131.107.000) 03/19 01:35:23 Job executing on host: <140.160.143.147:9618?addrs=140.160.143.147-9618&noUDP&sock=29188_1e64_3>
...
006 (2131.107.000) 03/19 01:35:32 Image size of job updated: 2476
	3  -  MemoryUsage of job (MB)
	2476  -  ResidentSetSize of job (KB)
...
006 (2131.107.000) 03/19 02:10:36 Image size of job updated: 2588
	3  -  MemoryUsage of job (MB)
	2588  -  ResidentSetSize of job (KB)
...
006 (2131.107.000) 03/19 06:59:22 Image size of job updated: 214732
	3  -  MemoryUsage of job (MB)
	2588  -  ResidentSetSize of job (KB)
...
005 (2131.107.000) 03/19 06:59:22 Job terminated.
	(1) Normal termination (return value 0)
		Usr 0 14:50:07, Sys 0 06:42:40  -  Run Remote Usage
		Usr 0 00:00:00, Sys 0 00:00:00  -  Run Local Usage
		Usr 0 14:50:07, Sys 0 06:42:40  -  Total Remote Usage
		Usr 0 00:00:00, Sys 0 00:00:00  -  Total Local Usage
	0  -  Run Bytes Sent By Job
	0  -  Run Bytes Received By Job
	0  -  Total Bytes Sent By Job
	0  -  Total Bytes Received By Job
	Partitionable Resources :    Usage  Request Allocated 
	   Cpus                 :     4.00        4         4 
	   Disk (KB)            :   175         175    197290 
	   Memory (MB)          :     3           1       128 
...
