000 (2267.937.000) 04/28 23:44:32 Job submitted from host: <140.160.143.131:9618?addrs=140.160.143.131-9618&noUDP&sock=3131910_565e_30>
...
000 (2268.937.000) 04/28 23:46:21 Job submitted from host: <140.160.143.131:9618?addrs=140.160.143.131-9618&noUDP&sock=3131910_565e_30>
...
001 (2267.937.000) 05/05 13:11:21 Job executing on host: <140.160.143.162:9618?addrs=140.160.143.162-9618&noUDP&sock=44370_b53b_3>
...
006 (2267.937.000) 05/05 13:11:30 Image size of job updated: 2708
	3  -  MemoryUsage of job (MB)
	2708  -  ResidentSetSize of job (KB)
...
006 (2267.937.000) 05/05 13:16:31 Image size of job updated: 2712
	3  -  MemoryUsage of job (MB)
	2712  -  ResidentSetSize of job (KB)
...
005 (2267.937.000) 05/06 14:12:40 Job terminated.
	(1) Normal termination (return value 0)
		Usr 2 10:54:26, Sys 1 17:09:11  -  Run Remote Usage
		Usr 0 00:00:00, Sys 0 00:00:00  -  Run Local Usage
		Usr 2 10:54:26, Sys 1 17:09:11  -  Total Remote Usage
		Usr 0 00:00:00, Sys 0 00:00:00  -  Total Local Usage
	0  -  Run Bytes Sent By Job
	0  -  Run Bytes Received By Job
	0  -  Total Bytes Sent By Job
	0  -  Total Bytes Received By Job
	Partitionable Resources :    Usage  Request Allocated 
	   Cpus                 :     4.00        4         4 
	   Disk (KB)            :   175         175    844747 
	   Memory (MB)          :     3           1       128 
...
009 (2268.937.000) 05/11 09:58:44 Job was aborted by the user.
	via condor_rm (by user scoggim)
...
000 (2400.261.000) 05/11 12:37:09 Job submitted from host: <140.160.143.131:9618?addrs=140.160.143.131-9618&noUDP&sock=3131910_565e_30>
...
001 (2400.261.000) 05/12 06:01:01 Job executing on host: <140.160.143.145:9618?addrs=140.160.143.145-9618&noUDP&sock=16120_8ec3_3>
...
006 (2400.261.000) 05/12 06:01:10 Image size of job updated: 2052
	3  -  MemoryUsage of job (MB)
	2052  -  ResidentSetSize of job (KB)
...
005 (2400.261.000) 05/12 15:43:04 Job terminated.
	(1) Normal termination (return value 0)
		Usr 0 09:41:11, Sys 0 00:00:00  -  Run Remote Usage
		Usr 0 00:00:00, Sys 0 00:00:00  -  Run Local Usage
		Usr 0 09:41:11, Sys 0 00:00:00  -  Total Remote Usage
		Usr 0 00:00:00, Sys 0 00:00:00  -  Total Local Usage
	0  -  Run Bytes Sent By Job
	0  -  Run Bytes Received By Job
	0  -  Total Bytes Sent By Job
	0  -  Total Bytes Received By Job
	Partitionable Resources :    Usage  Request Allocated 
	   Cpus                 :     1.00        1         1 
	   Disk (KB)            :   175         175    881546 
	   Memory (MB)          :     3           1       128 
...
000 (2511.937.000) 05/27 15:03:44 Job submitted from host: <140.160.143.131:9618?addrs=140.160.143.131-9618&noUDP&sock=3131910_565e_30>
...
001 (2511.937.000) 05/28 08:24:27 Job executing on host: <140.160.143.160:9618?addrs=140.160.143.160-9618&noUDP&sock=59753_2a9b_3>
...
006 (2511.937.000) 05/28 08:24:36 Image size of job updated: 36628
	36  -  MemoryUsage of job (MB)
	36628  -  ResidentSetSize of job (KB)
...
006 (2511.937.000) 05/28 08:54:38 Image size of job updated: 41528
	41  -  MemoryUsage of job (MB)
	41528  -  ResidentSetSize of job (KB)
...
006 (2511.937.000) 05/31 13:14:22 Image size of job updated: 145796
	41  -  MemoryUsage of job (MB)
	41528  -  ResidentSetSize of job (KB)
...
004 (2511.937.000) 05/31 13:14:22 Job was evicted.
	(0) Job was not checkpointed.
		Usr 3 04:49:49, Sys 0 00:00:01  -  Run Remote Usage
		Usr 0 00:00:00, Sys 0 00:00:00  -  Run Local Usage
	0  -  Run Bytes Sent By Job
	0  -  Run Bytes Received By Job
	Partitionable Resources :    Usage  Request Allocated 
	   Cpus                 :     1.00        1         1 
	   Disk (KB)            :   175         175    844516 
	   Memory (MB)          :    41           1       128 
...
009 (2511.937.000) 05/31 13:14:22 Job was aborted by the user.
	via condor_rm (by user scoggim)
...
000 (2516.261.000) 06/02 11:26:49 Job submitted from host: <140.160.143.131:9618?addrs=140.160.143.131-9618&noUDP&sock=3131910_565e_30>
...
009 (2516.261.000) 06/03 01:05:38 Job was aborted by the user.
	via condor_rm (by user scoggim)
...
000 (2523.261.000) 06/03 01:09:45 Job submitted from host: <140.160.143.131:9618?addrs=140.160.143.131-9618&noUDP&sock=3131910_565e_30>
...
009 (2523.261.000) 06/03 01:12:02 Job was aborted by the user.
	via condor_rm (by user scoggim)
...
000 (2524.261.000) 06/03 01:12:07 Job submitted from host: <140.160.143.131:9618?addrs=140.160.143.131-9618&noUDP&sock=3131910_565e_30>
...
009 (2524.261.000) 06/03 11:11:23 Job was aborted by the user.
	via condor_rm (by user scoggim)
...
000 (2525.261.000) 06/03 11:11:42 Job submitted from host: <140.160.143.131:9618?addrs=140.160.143.131-9618&noUDP&sock=3131910_565e_30>
...
001 (2525.261.000) 06/10 09:42:25 Job executing on host: <140.160.143.144:9618?addrs=140.160.143.144-9618&noUDP&sock=16727_e8c0_3>
...
006 (2525.261.000) 06/10 09:42:33 Image size of job updated: 62172
	61  -  MemoryUsage of job (MB)
	62172  -  ResidentSetSize of job (KB)
...
006 (2525.261.000) 06/13 16:50:46 Image size of job updated: 67068
	66  -  MemoryUsage of job (MB)
	67068  -  ResidentSetSize of job (KB)
...
005 (2525.261.000) 06/22 09:33:22 Job terminated.
	(1) Normal termination (return value 0)
		Usr 11 23:15:24, Sys 0 00:00:27  -  Run Remote Usage
		Usr 0 00:00:00, Sys 0 00:00:00  -  Run Local Usage
		Usr 11 23:15:24, Sys 0 00:00:27  -  Total Remote Usage
		Usr 0 00:00:00, Sys 0 00:00:00  -  Total Local Usage
	0  -  Run Bytes Sent By Job
	0  -  Run Bytes Received By Job
	0  -  Total Bytes Sent By Job
	0  -  Total Bytes Received By Job
	Partitionable Resources :    Usage  Request Allocated 
	   Cpus                 :     1.00        1         1 
	   Disk (KB)            :   175         175    881004 
	   Memory (MB)          :    66           1       128 
...
