000 (674474.000.000) 09/14 14:18:52 Job submitted from host: <140.160.143.130:9618?addrs=140.160.143.130-9618&noUDP&sock=5591_da80_4>
...
009 (674474.000.000) 09/14 14:20:43 Job was aborted by the user.
	via condor_rm (by user scoggim)
...
000 (674618.000.000) 09/14 14:26:01 Job submitted from host: <140.160.143.130:9618?addrs=140.160.143.130-9618&noUDP&sock=5591_da80_4>
...
000 (674762.000.000) 09/14 14:26:43 Job submitted from host: <140.160.143.130:9618?addrs=140.160.143.130-9618&noUDP&sock=5591_da80_4>
...
000 (674906.000.000) 09/14 14:27:41 Job submitted from host: <140.160.143.130:9618?addrs=140.160.143.130-9618&noUDP&sock=5591_da80_4>
...
009 (674762.000.000) 09/14 14:46:33 Job was aborted by the user.
	via condor_rm (by user scoggim)
...
009 (674906.000.000) 09/14 14:46:33 Job was aborted by the user.
	via condor_rm (by user scoggim)
...
009 (674618.000.000) 09/14 14:46:34 Job was aborted by the user.
	via condor_rm (by user scoggim)
...
000 (675086.000.000) 09/14 22:20:27 Job submitted from host: <140.160.143.130:9618?addrs=140.160.143.130-9618&noUDP&sock=5591_da80_4>
...
001 (675086.000.000) 09/20 01:16:22 Job executing on host: <140.160.143.154:9618?addrs=140.160.143.154-9618&noUDP&sock=4512_bfcf_3>
...
006 (675086.000.000) 09/20 01:16:30 Image size of job updated: 4684
	5  -  MemoryUsage of job (MB)
	4684  -  ResidentSetSize of job (KB)
...
006 (675086.000.000) 09/20 01:21:30 Image size of job updated: 15260
	15  -  MemoryUsage of job (MB)
	15260  -  ResidentSetSize of job (KB)
...
006 (675086.000.000) 09/20 01:26:30 Image size of job updated: 26980
	27  -  MemoryUsage of job (MB)
	26980  -  ResidentSetSize of job (KB)
...
006 (675086.000.000) 09/20 01:31:32 Image size of job updated: 39188
	39  -  MemoryUsage of job (MB)
	39188  -  ResidentSetSize of job (KB)
...
006 (675086.000.000) 09/20 01:36:32 Image size of job updated: 41300
	41  -  MemoryUsage of job (MB)
	41300  -  ResidentSetSize of job (KB)
...
013 (675086.000.000) 09/23 09:38:46 Job was released.
	via condor_release (by user condor)
...
001 (675086.000.000) 09/24 09:16:54 Job executing on host: <140.160.143.152:9618?addrs=140.160.143.152-9618&noUDP&sock=4519_8cf9_3>
...
006 (675086.000.000) 09/24 09:32:04 Image size of job updated: 43188
	43  -  MemoryUsage of job (MB)
	43188  -  ResidentSetSize of job (KB)
...
006 (675086.000.000) 09/24 09:37:04 Image size of job updated: 56128
	55  -  MemoryUsage of job (MB)
	56128  -  ResidentSetSize of job (KB)
...
006 (675086.000.000) 09/24 09:42:04 Image size of job updated: 68984
	68  -  MemoryUsage of job (MB)
	68984  -  ResidentSetSize of job (KB)
...
006 (675086.000.000) 09/24 09:47:05 Image size of job updated: 81760
	80  -  MemoryUsage of job (MB)
	81760  -  ResidentSetSize of job (KB)
...
006 (675086.000.000) 09/24 09:52:05 Image size of job updated: 94872
	93  -  MemoryUsage of job (MB)
	94872  -  ResidentSetSize of job (KB)
...
006 (675086.000.000) 09/24 09:57:05 Image size of job updated: 106880
	105  -  MemoryUsage of job (MB)
	106880  -  ResidentSetSize of job (KB)
...
006 (675086.000.000) 09/24 10:02:06 Image size of job updated: 119676
	117  -  MemoryUsage of job (MB)
	119676  -  ResidentSetSize of job (KB)
...
006 (675086.000.000) 09/24 10:07:07 Image size of job updated: 133456
	131  -  MemoryUsage of job (MB)
	133456  -  ResidentSetSize of job (KB)
...
006 (675086.000.000) 09/24 10:12:07 Image size of job updated: 145732
	143  -  MemoryUsage of job (MB)
	145732  -  ResidentSetSize of job (KB)
...
006 (675086.000.000) 09/24 10:17:07 Image size of job updated: 159596
	156  -  MemoryUsage of job (MB)
	159596  -  ResidentSetSize of job (KB)
...
006 (675086.000.000) 09/24 10:22:08 Image size of job updated: 172476
	169  -  MemoryUsage of job (MB)
	172476  -  ResidentSetSize of job (KB)
...
006 (675086.000.000) 09/24 10:27:08 Image size of job updated: 185460
	182  -  MemoryUsage of job (MB)
	185460  -  ResidentSetSize of job (KB)
...
006 (675086.000.000) 09/24 10:32:08 Image size of job updated: 198192
	194  -  MemoryUsage of job (MB)
	198192  -  ResidentSetSize of job (KB)
...
006 (675086.000.000) 09/24 10:37:09 Image size of job updated: 210888
	206  -  MemoryUsage of job (MB)
	210888  -  ResidentSetSize of job (KB)
...
006 (675086.000.000) 09/24 10:42:10 Image size of job updated: 223732
	219  -  MemoryUsage of job (MB)
	223732  -  ResidentSetSize of job (KB)
...
006 (675086.000.000) 09/24 10:47:10 Image size of job updated: 236536
	231  -  MemoryUsage of job (MB)
	236536  -  ResidentSetSize of job (KB)
...
006 (675086.000.000) 09/24 10:52:10 Image size of job updated: 249572
	244  -  MemoryUsage of job (MB)
	249572  -  ResidentSetSize of job (KB)
...
006 (675086.000.000) 09/24 10:57:11 Image size of job updated: 262548
	257  -  MemoryUsage of job (MB)
	262548  -  ResidentSetSize of job (KB)
...
006 (675086.000.000) 09/24 11:02:11 Image size of job updated: 275448
	269  -  MemoryUsage of job (MB)
	275448  -  ResidentSetSize of job (KB)
...
006 (675086.000.000) 09/24 11:06:53 Image size of job updated: 286268
	269  -  MemoryUsage of job (MB)
	275448  -  ResidentSetSize of job (KB)
...
004 (675086.000.000) 09/24 11:06:53 Job was evicted.
	(0) Job was not checkpointed.
		Usr 0 02:57:52, Sys 0 00:42:04  -  Run Remote Usage
		Usr 0 00:00:00, Sys 0 00:00:00  -  Run Local Usage
	0  -  Run Bytes Sent By Job
	0  -  Run Bytes Received By Job
	Partitionable Resources :    Usage  Request Allocated 
	   Cpus                 :     2.00        2         2 
	   Disk (KB)            :   150         150     17651 
	   Memory (MB)          :   269          42       128 
...
012 (675086.000.000) 09/24 11:06:54 Job was held.
	via condor_hold (by user condor)
	Code 1 Subcode 0
...
