000 (2060.003.000) 03/05 20:07:43 Job submitted from host: <140.160.143.131:9618?addrs=140.160.143.131-9618&noUDP&sock=1229063_9141_4>
...
009 (2060.003.000) 03/05 20:07:52 Job was aborted by the user.
	via condor_rm (by user scoggim)
...
000 (2067.003.000) 03/05 20:16:27 Job submitted from host: <140.160.143.131:9618?addrs=140.160.143.131-9618&noUDP&sock=1229063_9141_4>
...
001 (2067.003.000) 03/08 07:57:16 Job executing on host: <140.160.143.147:9618?addrs=140.160.143.147-9618&noUDP&sock=28833_9e45_3>
...
006 (2067.003.000) 03/08 07:57:25 Image size of job updated: 984
	1  -  MemoryUsage of job (MB)
	984  -  ResidentSetSize of job (KB)
...
006 (2067.003.000) 03/08 08:02:26 Image size of job updated: 988
	1  -  MemoryUsage of job (MB)
	988  -  ResidentSetSize of job (KB)
...
005 (2067.003.000) 03/08 08:33:14 Job terminated.
	(1) Normal termination (return value 0)
		Usr 0 01:30:37, Sys 0 00:52:52  -  Run Remote Usage
		Usr 0 00:00:00, Sys 0 00:00:00  -  Run Local Usage
		Usr 0 01:30:37, Sys 0 00:52:52  -  Total Remote Usage
		Usr 0 00:00:00, Sys 0 00:00:00  -  Total Local Usage
	0  -  Run Bytes Sent By Job
	0  -  Run Bytes Received By Job
	0  -  Total Bytes Sent By Job
	0  -  Total Bytes Received By Job
	Partitionable Resources :    Usage  Request Allocated 
	   Cpus                 :     4.00        4         4 
	   Disk (KB)            :   175         175    197501 
	   Memory (MB)          :     1           1       128 
...
000 (2134.003.000) 03/25 11:02:21 Job submitted from host: <140.160.143.131:9618?addrs=140.160.143.131-9618&noUDP&sock=3219958_f11d_13>
...
009 (2134.003.000) 03/25 11:05:05 Job was aborted by the user.
	via condor_rm (by user scoggim)
...
000 (2135.003.000) 03/25 11:05:14 Job submitted from host: <140.160.143.131:9618?addrs=140.160.143.131-9618&noUDP&sock=3219958_f11d_13>
...
001 (2135.003.000) 03/25 20:00:18 Job executing on host: <140.160.143.142:9618?addrs=140.160.143.142-9618&noUDP&sock=8883_93de_3>
...
006 (2135.003.000) 03/25 20:00:27 Image size of job updated: 4532
	5  -  MemoryUsage of job (MB)
	4424  -  ResidentSetSize of job (KB)
...
006 (2135.003.000) 03/25 20:05:28 Image size of job updated: 4536
	5  -  MemoryUsage of job (MB)
	4428  -  ResidentSetSize of job (KB)
...
006 (2135.003.000) 03/25 21:05:34 Image size of job updated: 4760
	5  -  MemoryUsage of job (MB)
	4652  -  ResidentSetSize of job (KB)
...
006 (2135.003.000) 03/25 21:15:34 Image size of job updated: 4764
	5  -  MemoryUsage of job (MB)
	4652  -  ResidentSetSize of job (KB)
...
006 (2135.003.000) 03/26 02:21:07 Image size of job updated: 4780
	5  -  MemoryUsage of job (MB)
	4652  -  ResidentSetSize of job (KB)
...
006 (2135.003.000) 03/26 03:21:14 Image size of job updated: 4884
	5  -  MemoryUsage of job (MB)
	4652  -  ResidentSetSize of job (KB)
...
006 (2135.003.000) 03/26 05:31:29 Image size of job updated: 4988
	5  -  MemoryUsage of job (MB)
	4652  -  ResidentSetSize of job (KB)
...
006 (2135.003.000) 03/26 06:06:33 Image size of job updated: 5640
	5  -  MemoryUsage of job (MB)
	4652  -  ResidentSetSize of job (KB)
...
006 (2135.003.000) 03/26 06:16:33 Image size of job updated: 5904
	5  -  MemoryUsage of job (MB)
	4652  -  ResidentSetSize of job (KB)
...
006 (2135.003.000) 03/26 07:01:38 Image size of job updated: 6556
	5  -  MemoryUsage of job (MB)
	4652  -  ResidentSetSize of job (KB)
...
006 (2135.003.000) 03/26 07:06:38 Image size of job updated: 6920
	5  -  MemoryUsage of job (MB)
	4652  -  ResidentSetSize of job (KB)
...
006 (2135.003.000) 03/26 07:36:41 Image size of job updated: 6924
	5  -  MemoryUsage of job (MB)
	4652  -  ResidentSetSize of job (KB)
...
006 (2135.003.000) 03/26 07:56:43 Image size of job updated: 7104
	5  -  MemoryUsage of job (MB)
	4652  -  ResidentSetSize of job (KB)
...
006 (2135.003.000) 03/26 08:36:47 Image size of job updated: 7108
	5  -  MemoryUsage of job (MB)
	4652  -  ResidentSetSize of job (KB)
...
006 (2135.003.000) 03/26 09:06:51 Image size of job updated: 7164
	5  -  MemoryUsage of job (MB)
	4652  -  ResidentSetSize of job (KB)
...
006 (2135.003.000) 03/26 17:37:40 Image size of job updated: 7168
	5  -  MemoryUsage of job (MB)
	4652  -  ResidentSetSize of job (KB)
...
005 (2135.003.000) 03/27 09:14:44 Job terminated.
	(1) Normal termination (return value 0)
		Usr 4 12:34:23, Sys 1 16:21:40  -  Run Remote Usage
		Usr 0 00:00:00, Sys 0 00:00:00  -  Run Local Usage
		Usr 4 12:34:23, Sys 1 16:21:40  -  Total Remote Usage
		Usr 0 00:00:00, Sys 0 00:00:00  -  Total Local Usage
	0  -  Run Bytes Sent By Job
	0  -  Run Bytes Received By Job
	0  -  Total Bytes Sent By Job
	0  -  Total Bytes Received By Job
	Partitionable Resources :    Usage  Request Allocated 
	   Cpus                 :     4.00        4         4 
	   Disk (KB)            :   175         175    881178 
	   Memory (MB)          :     5           1       128 
...
