000 (674361.000.000) 09/14 14:18:48 Job submitted from host: <140.160.143.130:9618?addrs=140.160.143.130-9618&noUDP&sock=5591_da80_4>
...
009 (674361.000.000) 09/14 14:20:43 Job was aborted by the user.
	via condor_rm (by user scoggim)
...
000 (674505.000.000) 09/14 14:25:56 Job submitted from host: <140.160.143.130:9618?addrs=140.160.143.130-9618&noUDP&sock=5591_da80_4>
...
001 (674505.000.000) 09/14 14:26:17 Job executing on host: <140.160.143.149:9618?addrs=140.160.143.149-9618&noUDP&sock=8214_036a_3>
...
006 (674505.000.000) 09/14 14:26:25 Image size of job updated: 2920
	3  -  MemoryUsage of job (MB)
	2920  -  ResidentSetSize of job (KB)
...
000 (674649.000.000) 09/14 14:26:38 Job submitted from host: <140.160.143.130:9618?addrs=140.160.143.130-9618&noUDP&sock=5591_da80_4>
...
000 (674793.000.000) 09/14 14:27:37 Job submitted from host: <140.160.143.130:9618?addrs=140.160.143.130-9618&noUDP&sock=5591_da80_4>
...
006 (674505.000.000) 09/14 14:31:25 Image size of job updated: 78800
	77  -  MemoryUsage of job (MB)
	78800  -  ResidentSetSize of job (KB)
...
004 (674505.000.000) 09/14 14:46:33 Job was evicted.
	(0) Job was not checkpointed.
		Usr 0 00:07:17, Sys 0 00:02:45  -  Run Remote Usage
		Usr 0 00:00:00, Sys 0 00:00:00  -  Run Local Usage
	0  -  Run Bytes Sent By Job
	0  -  Run Bytes Received By Job
	Partitionable Resources :    Usage  Request Allocated 
	   Cpus                 :     2.00        2         2 
	   Disk (KB)            :   150         150     18162 
	   Gpus                 :                           0 
	   Memory (MB)          :    77           1       128 
...
009 (674505.000.000) 09/14 14:46:33 Job was aborted by the user.
	via condor_rm (by user scoggim)
...
009 (674793.000.000) 09/14 14:46:33 Job was aborted by the user.
	via condor_rm (by user scoggim)
...
009 (674649.000.000) 09/14 14:46:34 Job was aborted by the user.
	via condor_rm (by user scoggim)
...
000 (674973.000.000) 09/14 22:20:23 Job submitted from host: <140.160.143.130:9618?addrs=140.160.143.130-9618&noUDP&sock=5591_da80_4>
...
001 (674973.000.000) 09/15 01:17:48 Job executing on host: <140.160.143.157:9618?addrs=140.160.143.157-9618&noUDP&sock=4484_2bf8_3>
...
006 (674973.000.000) 09/15 01:17:57 Image size of job updated: 2188
	3  -  MemoryUsage of job (MB)
	2188  -  ResidentSetSize of job (KB)
...
006 (674973.000.000) 09/15 01:22:58 Image size of job updated: 48084
	47  -  MemoryUsage of job (MB)
	48084  -  ResidentSetSize of job (KB)
...
006 (674973.000.000) 09/15 01:27:59 Image size of job updated: 95032
	93  -  MemoryUsage of job (MB)
	95032  -  ResidentSetSize of job (KB)
...
006 (674973.000.000) 09/15 01:32:59 Image size of job updated: 137732
	135  -  MemoryUsage of job (MB)
	137732  -  ResidentSetSize of job (KB)
...
006 (674973.000.000) 09/15 01:37:59 Image size of job updated: 185088
	181  -  MemoryUsage of job (MB)
	185088  -  ResidentSetSize of job (KB)
...
006 (674973.000.000) 09/15 01:43:00 Image size of job updated: 189136
	185  -  MemoryUsage of job (MB)
	189136  -  ResidentSetSize of job (KB)
...
006 (674973.000.000) 09/15 07:23:33 Image size of job updated: 5677260
	185  -  MemoryUsage of job (MB)
	189136  -  ResidentSetSize of job (KB)
...
006 (674973.000.000) 09/15 07:28:34 Image size of job updated: 5755856
	185  -  MemoryUsage of job (MB)
	189136  -  ResidentSetSize of job (KB)
...
006 (674973.000.000) 09/15 07:33:34 Image size of job updated: 5833248
	185  -  MemoryUsage of job (MB)
	189136  -  ResidentSetSize of job (KB)
...
006 (674973.000.000) 09/15 07:38:34 Image size of job updated: 5908568
	185  -  MemoryUsage of job (MB)
	189136  -  ResidentSetSize of job (KB)
...
006 (674973.000.000) 09/15 07:43:35 Image size of job updated: 5983692
	185  -  MemoryUsage of job (MB)
	189136  -  ResidentSetSize of job (KB)
...
006 (674973.000.000) 09/15 07:48:36 Image size of job updated: 6062708
	185  -  MemoryUsage of job (MB)
	189136  -  ResidentSetSize of job (KB)
...
006 (674973.000.000) 09/15 07:53:36 Image size of job updated: 6141444
	185  -  MemoryUsage of job (MB)
	189136  -  ResidentSetSize of job (KB)
...
006 (674973.000.000) 09/15 07:58:36 Image size of job updated: 6217632
	185  -  MemoryUsage of job (MB)
	189136  -  ResidentSetSize of job (KB)
...
006 (674973.000.000) 09/15 08:03:37 Image size of job updated: 6294268
	185  -  MemoryUsage of job (MB)
	189136  -  ResidentSetSize of job (KB)
...
006 (674973.000.000) 09/15 08:08:37 Image size of job updated: 6370428
	185  -  MemoryUsage of job (MB)
	189136  -  ResidentSetSize of job (KB)
...
006 (674973.000.000) 09/15 08:19:25 Image size of job updated: 6434968
	185  -  MemoryUsage of job (MB)
	189136  -  ResidentSetSize of job (KB)
...
006 (674973.000.000) 09/15 08:40:06 Image size of job updated: 6436564
	185  -  MemoryUsage of job (MB)
	189136  -  ResidentSetSize of job (KB)
...
006 (674973.000.000) 09/15 08:56:21 Image size of job updated: 6662720
	185  -  MemoryUsage of job (MB)
	189136  -  ResidentSetSize of job (KB)
...
006 (674973.000.000) 09/15 09:06:11 Image size of job updated: 6812184
	185  -  MemoryUsage of job (MB)
	189136  -  ResidentSetSize of job (KB)
...
006 (674973.000.000) 09/15 09:12:05 Image size of job updated: 6903380
	185  -  MemoryUsage of job (MB)
	189136  -  ResidentSetSize of job (KB)
...
006 (674973.000.000) 09/15 09:17:05 Image size of job updated: 6979428
	185  -  MemoryUsage of job (MB)
	189136  -  ResidentSetSize of job (KB)
...
006 (674973.000.000) 09/15 09:22:06 Image size of job updated: 7054440
	185  -  MemoryUsage of job (MB)
	189136  -  ResidentSetSize of job (KB)
...
006 (674973.000.000) 09/15 09:27:06 Image size of job updated: 7130992
	185  -  MemoryUsage of job (MB)
	189136  -  ResidentSetSize of job (KB)
...
006 (674973.000.000) 09/15 09:32:06 Image size of job updated: 7207264
	185  -  MemoryUsage of job (MB)
	189136  -  ResidentSetSize of job (KB)
...
006 (674973.000.000) 09/15 09:37:07 Image size of job updated: 7284096
	185  -  MemoryUsage of job (MB)
	189136  -  ResidentSetSize of job (KB)
...
006 (674973.000.000) 09/15 09:42:08 Image size of job updated: 7362040
	185  -  MemoryUsage of job (MB)
	189136  -  ResidentSetSize of job (KB)
...
006 (674973.000.000) 09/15 09:56:53 Image size of job updated: 7370756
	185  -  MemoryUsage of job (MB)
	189136  -  ResidentSetSize of job (KB)
...
006 (674973.000.000) 09/15 10:39:03 Image size of job updated: 7641608
	185  -  MemoryUsage of job (MB)
	189136  -  ResidentSetSize of job (KB)
...
006 (674973.000.000) 09/15 11:09:14 Image size of job updated: 8100360
	185  -  MemoryUsage of job (MB)
	189136  -  ResidentSetSize of job (KB)
...
006 (674973.000.000) 09/15 11:27:21 Image size of job updated: 8362504
	185  -  MemoryUsage of job (MB)
	189136  -  ResidentSetSize of job (KB)
...
006 (674973.000.000) 09/15 11:38:13 Image size of job updated: 8559112
	185  -  MemoryUsage of job (MB)
	189136  -  ResidentSetSize of job (KB)
...
006 (674973.000.000) 09/15 11:46:11 Image size of job updated: 8624648
	185  -  MemoryUsage of job (MB)
	189136  -  ResidentSetSize of job (KB)
...
022 (674973.000.000) 09/15 12:37:43 Job disconnected, attempting to reconnect
    Socket between submit and execute hosts closed unexpectedly
    Trying to reconnect to slot1_13@c-1-6 <140.160.143.157:9618?addrs=140.160.143.157-9618&noUDP&sock=4484_2bf8_3>
...
024 (674973.000.000) 09/15 13:17:43 Job reconnection failed
    Job disconnected too long: JobLeaseDuration (2400 seconds) expired
    Can not reconnect to slot1_13@c-1-6, rescheduling job
...
001 (674973.000.000) 09/15 16:53:45 Job executing on host: <140.160.143.152:9618?addrs=140.160.143.152-9618&noUDP&sock=4519_8cf9_3>
...
006 (674973.000.000) 09/16 03:50:03 Image size of job updated: 10053800
	196  -  MemoryUsage of job (MB)
	200000  -  ResidentSetSize of job (KB)
...
006 (674973.000.000) 09/16 03:55:04 Image size of job updated: 10125172
	196  -  MemoryUsage of job (MB)
	200000  -  ResidentSetSize of job (KB)
...
006 (674973.000.000) 09/16 04:00:05 Image size of job updated: 10205308
	196  -  MemoryUsage of job (MB)
	200000  -  ResidentSetSize of job (KB)
...
006 (674973.000.000) 09/16 04:05:05 Image size of job updated: 10279676
	196  -  MemoryUsage of job (MB)
	200000  -  ResidentSetSize of job (KB)
...
006 (674973.000.000) 09/16 04:10:05 Image size of job updated: 10354884
	196  -  MemoryUsage of job (MB)
	200000  -  ResidentSetSize of job (KB)
...
006 (674973.000.000) 09/16 04:15:06 Image size of job updated: 10429448
	196  -  MemoryUsage of job (MB)
	200000  -  ResidentSetSize of job (KB)
...
006 (674973.000.000) 09/16 04:20:15 Image size of job updated: 10502528
	196  -  MemoryUsage of job (MB)
	200000  -  ResidentSetSize of job (KB)
...
006 (674973.000.000) 09/16 04:25:09 Image size of job updated: 10579276
	196  -  MemoryUsage of job (MB)
	200000  -  ResidentSetSize of job (KB)
...
006 (674973.000.000) 09/16 04:30:10 Image size of job updated: 10655996
	196  -  MemoryUsage of job (MB)
	200000  -  ResidentSetSize of job (KB)
...
006 (674973.000.000) 09/16 04:35:10 Image size of job updated: 10731260
	196  -  MemoryUsage of job (MB)
	200000  -  ResidentSetSize of job (KB)
...
006 (674973.000.000) 09/16 04:40:10 Image size of job updated: 10807056
	196  -  MemoryUsage of job (MB)
	200000  -  ResidentSetSize of job (KB)
...
006 (674973.000.000) 09/16 04:45:11 Image size of job updated: 10880612
	196  -  MemoryUsage of job (MB)
	200000  -  ResidentSetSize of job (KB)
...
006 (674973.000.000) 09/16 04:50:12 Image size of job updated: 10955848
	196  -  MemoryUsage of job (MB)
	200000  -  ResidentSetSize of job (KB)
...
006 (674973.000.000) 09/16 04:55:12 Image size of job updated: 11029292
	196  -  MemoryUsage of job (MB)
	200000  -  ResidentSetSize of job (KB)
...
006 (674973.000.000) 09/16 05:00:12 Image size of job updated: 11099740
	196  -  MemoryUsage of job (MB)
	200000  -  ResidentSetSize of job (KB)
...
006 (674973.000.000) 09/16 05:05:13 Image size of job updated: 11175144
	196  -  MemoryUsage of job (MB)
	200000  -  ResidentSetSize of job (KB)
...
006 (674973.000.000) 09/16 05:10:13 Image size of job updated: 11248280
	196  -  MemoryUsage of job (MB)
	200000  -  ResidentSetSize of job (KB)
...
006 (674973.000.000) 09/16 05:15:13 Image size of job updated: 11325140
	196  -  MemoryUsage of job (MB)
	200000  -  ResidentSetSize of job (KB)
...
006 (674973.000.000) 09/16 05:20:14 Image size of job updated: 11401552
	196  -  MemoryUsage of job (MB)
	200000  -  ResidentSetSize of job (KB)
...
006 (674973.000.000) 09/16 05:25:15 Image size of job updated: 11476872
	196  -  MemoryUsage of job (MB)
	200000  -  ResidentSetSize of job (KB)
...
006 (674973.000.000) 09/16 05:30:15 Image size of job updated: 11551856
	196  -  MemoryUsage of job (MB)
	200000  -  ResidentSetSize of job (KB)
...
006 (674973.000.000) 09/16 05:35:15 Image size of job updated: 11626056
	196  -  MemoryUsage of job (MB)
	200000  -  ResidentSetSize of job (KB)
...
006 (674973.000.000) 09/16 05:40:16 Image size of job updated: 11698632
	196  -  MemoryUsage of job (MB)
	200000  -  ResidentSetSize of job (KB)
...
006 (674973.000.000) 09/16 05:45:16 Image size of job updated: 11774568
	196  -  MemoryUsage of job (MB)
	200000  -  ResidentSetSize of job (KB)
...
006 (674973.000.000) 09/16 05:50:16 Image size of job updated: 11852100
	196  -  MemoryUsage of job (MB)
	200000  -  ResidentSetSize of job (KB)
...
006 (674973.000.000) 09/16 05:55:18 Image size of job updated: 11929352
	196  -  MemoryUsage of job (MB)
	200000  -  ResidentSetSize of job (KB)
...
006 (674973.000.000) 09/16 06:00:18 Image size of job updated: 12004504
	196  -  MemoryUsage of job (MB)
	200000  -  ResidentSetSize of job (KB)
...
006 (674973.000.000) 09/16 06:05:18 Image size of job updated: 12081280
	196  -  MemoryUsage of job (MB)
	200000  -  ResidentSetSize of job (KB)
...
006 (674973.000.000) 09/16 06:10:19 Image size of job updated: 12146660
	196  -  MemoryUsage of job (MB)
	200000  -  ResidentSetSize of job (KB)
...
006 (674973.000.000) 09/16 06:15:19 Image size of job updated: 12221308
	196  -  MemoryUsage of job (MB)
	200000  -  ResidentSetSize of job (KB)
...
006 (674973.000.000) 09/16 06:20:20 Image size of job updated: 12295228
	196  -  MemoryUsage of job (MB)
	200000  -  ResidentSetSize of job (KB)
...
006 (674973.000.000) 09/16 06:25:21 Image size of job updated: 12372200
	196  -  MemoryUsage of job (MB)
	200000  -  ResidentSetSize of job (KB)
...
006 (674973.000.000) 09/16 06:30:21 Image size of job updated: 12450068
	196  -  MemoryUsage of job (MB)
	200000  -  ResidentSetSize of job (KB)
...
006 (674973.000.000) 09/16 06:35:21 Image size of job updated: 12526536
	196  -  MemoryUsage of job (MB)
	200000  -  ResidentSetSize of job (KB)
...
006 (674973.000.000) 09/16 06:40:23 Image size of job updated: 12604852
	196  -  MemoryUsage of job (MB)
	200000  -  ResidentSetSize of job (KB)
...
006 (674973.000.000) 09/16 06:45:23 Image size of job updated: 12680928
	196  -  MemoryUsage of job (MB)
	200000  -  ResidentSetSize of job (KB)
...
006 (674973.000.000) 09/16 06:50:23 Image size of job updated: 12757396
	196  -  MemoryUsage of job (MB)
	200000  -  ResidentSetSize of job (KB)
...
006 (674973.000.000) 09/16 06:55:24 Image size of job updated: 12834704
	196  -  MemoryUsage of job (MB)
	200000  -  ResidentSetSize of job (KB)
...
006 (674973.000.000) 09/16 07:00:25 Image size of job updated: 12908092
	196  -  MemoryUsage of job (MB)
	200000  -  ResidentSetSize of job (KB)
...
006 (674973.000.000) 09/16 07:05:25 Image size of job updated: 12982880
	196  -  MemoryUsage of job (MB)
	200000  -  ResidentSetSize of job (KB)
...
006 (674973.000.000) 09/16 07:10:25 Image size of job updated: 13058480
	196  -  MemoryUsage of job (MB)
	200000  -  ResidentSetSize of job (KB)
...
006 (674973.000.000) 09/16 07:15:26 Image size of job updated: 13129824
	196  -  MemoryUsage of job (MB)
	200000  -  ResidentSetSize of job (KB)
...
006 (674973.000.000) 09/16 07:20:26 Image size of job updated: 13210548
	196  -  MemoryUsage of job (MB)
	200000  -  ResidentSetSize of job (KB)
...
006 (674973.000.000) 09/16 07:25:26 Image size of job updated: 13285476
	196  -  MemoryUsage of job (MB)
	200000  -  ResidentSetSize of job (KB)
...
006 (674973.000.000) 09/16 07:30:27 Image size of job updated: 13357772
	196  -  MemoryUsage of job (MB)
	200000  -  ResidentSetSize of job (KB)
...
006 (674973.000.000) 09/16 07:35:27 Image size of job updated: 13433456
	196  -  MemoryUsage of job (MB)
	200000  -  ResidentSetSize of job (KB)
...
006 (674973.000.000) 09/16 07:40:27 Image size of job updated: 13510232
	196  -  MemoryUsage of job (MB)
	200000  -  ResidentSetSize of job (KB)
...
006 (674973.000.000) 09/16 07:45:28 Image size of job updated: 13586840
	196  -  MemoryUsage of job (MB)
	200000  -  ResidentSetSize of job (KB)
...
006 (674973.000.000) 09/16 07:50:29 Image size of job updated: 13663924
	196  -  MemoryUsage of job (MB)
	200000  -  ResidentSetSize of job (KB)
...
006 (674973.000.000) 09/16 07:55:29 Image size of job updated: 13739580
	196  -  MemoryUsage of job (MB)
	200000  -  ResidentSetSize of job (KB)
...
006 (674973.000.000) 09/16 08:00:30 Image size of job updated: 13815768
	196  -  MemoryUsage of job (MB)
	200000  -  ResidentSetSize of job (KB)
...
006 (674973.000.000) 09/16 08:05:31 Image size of job updated: 13888988
	196  -  MemoryUsage of job (MB)
	200000  -  ResidentSetSize of job (KB)
...
006 (674973.000.000) 09/16 08:10:31 Image size of job updated: 13964224
	196  -  MemoryUsage of job (MB)
	200000  -  ResidentSetSize of job (KB)
...
006 (674973.000.000) 09/16 08:15:31 Image size of job updated: 14041056
	196  -  MemoryUsage of job (MB)
	200000  -  ResidentSetSize of job (KB)
...
006 (674973.000.000) 09/16 08:16:52 Image size of job updated: 14057352
	196  -  MemoryUsage of job (MB)
	200000  -  ResidentSetSize of job (KB)
...
005 (674973.000.000) 09/16 08:16:52 Job terminated.
	(0) Abnormal termination (signal 9)
	(0) No core file
		Usr 0 00:11:24, Sys 0 00:04:40  -  Run Remote Usage
		Usr 0 00:00:00, Sys 0 00:00:00  -  Run Local Usage
		Usr 0 00:11:24, Sys 0 00:04:40  -  Total Remote Usage
		Usr 0 00:00:00, Sys 0 00:00:00  -  Total Local Usage
	0  -  Run Bytes Sent By Job
	0  -  Run Bytes Received By Job
	0  -  Total Bytes Sent By Job
	0  -  Total Bytes Received By Job
	Partitionable Resources :    Usage  Request Allocated 
	   Cpus                 :     1.97        2         2 
	   Disk (KB)            :   150         150     17651 
	   Memory (MB)          :   196         196       256 
...
000 (194.000.000) 10/21 16:26:36 Job submitted from host: <140.160.143.131:9618?addrs=140.160.143.131-9618&noUDP&sock=2776_aefe_4>
...
001 (194.000.000) 10/21 16:26:38 Job executing on host: <140.160.143.144:9618?addrs=140.160.143.144-9618&noUDP&sock=1354_4f52_3>
...
006 (194.000.000) 10/21 16:26:47 Image size of job updated: 916
	1  -  MemoryUsage of job (MB)
	916  -  ResidentSetSize of job (KB)
...
006 (194.000.000) 10/21 16:36:48 Image size of job updated: 920
	1  -  MemoryUsage of job (MB)
	920  -  ResidentSetSize of job (KB)
...
005 (194.000.000) 10/21 23:52:31 Job terminated.
	(1) Normal termination (return value 0)
		Usr 0 12:03:59, Sys 0 02:47:44  -  Run Remote Usage
		Usr 0 00:00:00, Sys 0 00:00:00  -  Run Local Usage
		Usr 0 12:03:59, Sys 0 02:47:44  -  Total Remote Usage
		Usr 0 00:00:00, Sys 0 00:00:00  -  Total Local Usage
	0  -  Run Bytes Sent By Job
	0  -  Run Bytes Received By Job
	0  -  Total Bytes Sent By Job
	0  -  Total Bytes Received By Job
	Partitionable Resources :    Usage  Request Allocated 
	   Cpus                 :     2.00        2         2 
	   Disk (KB)            :   150         150    888004 
	   Memory (MB)          :     1       20480     20480 
...
