000 (674377.000.000) 09/14 14:18:48 Job submitted from host: <140.160.143.130:9618?addrs=140.160.143.130-9618&noUDP&sock=5591_da80_4>
...
009 (674377.000.000) 09/14 14:20:43 Job was aborted by the user.
	via condor_rm (by user scoggim)
...
000 (674521.000.000) 09/14 14:25:57 Job submitted from host: <140.160.143.130:9618?addrs=140.160.143.130-9618&noUDP&sock=5591_da80_4>
...
000 (674665.000.000) 09/14 14:26:39 Job submitted from host: <140.160.143.130:9618?addrs=140.160.143.130-9618&noUDP&sock=5591_da80_4>
...
000 (674809.000.000) 09/14 14:27:37 Job submitted from host: <140.160.143.130:9618?addrs=140.160.143.130-9618&noUDP&sock=5591_da80_4>
...
009 (674665.000.000) 09/14 14:46:33 Job was aborted by the user.
	via condor_rm (by user scoggim)
...
009 (674809.000.000) 09/14 14:46:33 Job was aborted by the user.
	via condor_rm (by user scoggim)
...
009 (674521.000.000) 09/14 14:46:34 Job was aborted by the user.
	via condor_rm (by user scoggim)
...
000 (674989.000.000) 09/14 22:20:24 Job submitted from host: <140.160.143.130:9618?addrs=140.160.143.130-9618&noUDP&sock=5591_da80_4>
...
001 (674989.000.000) 09/15 07:38:55 Job executing on host: <140.160.143.155:9618?addrs=140.160.143.155-9618&noUDP&sock=4483_db90_3>
...
006 (674989.000.000) 09/15 07:39:03 Image size of job updated: 2736
	3  -  MemoryUsage of job (MB)
	2736  -  ResidentSetSize of job (KB)
...
006 (674989.000.000) 09/15 07:44:03 Image size of job updated: 61920
	61  -  MemoryUsage of job (MB)
	61920  -  ResidentSetSize of job (KB)
...
006 (674989.000.000) 09/15 07:49:04 Image size of job updated: 121860
	120  -  MemoryUsage of job (MB)
	121860  -  ResidentSetSize of job (KB)
...
006 (674989.000.000) 09/15 07:54:04 Image size of job updated: 184068
	180  -  MemoryUsage of job (MB)
	184068  -  ResidentSetSize of job (KB)
...
006 (674989.000.000) 09/15 07:59:04 Image size of job updated: 244776
	240  -  MemoryUsage of job (MB)
	244776  -  ResidentSetSize of job (KB)
...
006 (674989.000.000) 09/15 08:04:05 Image size of job updated: 302688
	296  -  MemoryUsage of job (MB)
	302688  -  ResidentSetSize of job (KB)
...
006 (674989.000.000) 09/15 08:09:06 Image size of job updated: 358356
	350  -  MemoryUsage of job (MB)
	358356  -  ResidentSetSize of job (KB)
...
005 (674989.000.000) 09/16 07:23:58 Job terminated.
	(1) Normal termination (return value 0)
		Usr 0 00:33:39, Sys 0 00:15:10  -  Run Remote Usage
		Usr 0 00:00:00, Sys 0 00:00:00  -  Run Local Usage
		Usr 0 00:33:39, Sys 0 00:15:10  -  Total Remote Usage
		Usr 0 00:00:00, Sys 0 00:00:00  -  Total Local Usage
	0  -  Run Bytes Sent By Job
	0  -  Run Bytes Received By Job
	0  -  Total Bytes Sent By Job
	0  -  Total Bytes Received By Job
	Partitionable Resources :    Usage  Request Allocated 
	   Cpus                 :     1.96        2         2 
	   Disk (KB)            :   150         150     17594 
	   Memory (MB)          :   350           1       128 
...
000 (209.000.000) 10/21 16:26:37 Job submitted from host: <140.160.143.131:9618?addrs=140.160.143.131-9618&noUDP&sock=2776_aefe_4>
...
001 (209.000.000) 10/21 23:04:12 Job executing on host: <140.160.143.147:9618?addrs=140.160.143.147-9618&noUDP&sock=1438_ed47_3>
...
006 (209.000.000) 10/21 23:04:21 Image size of job updated: 916
	1  -  MemoryUsage of job (MB)
	916  -  ResidentSetSize of job (KB)
...
006 (209.000.000) 10/21 23:39:25 Image size of job updated: 920
	1  -  MemoryUsage of job (MB)
	920  -  ResidentSetSize of job (KB)
...
005 (209.000.000) 10/22 04:20:33 Job terminated.
	(1) Normal termination (return value 0)
		Usr 0 08:35:11, Sys 0 01:57:29  -  Run Remote Usage
		Usr 0 00:00:00, Sys 0 00:00:00  -  Run Local Usage
		Usr 0 08:35:11, Sys 0 01:57:29  -  Total Remote Usage
		Usr 0 00:00:00, Sys 0 00:00:00  -  Total Local Usage
	0  -  Run Bytes Sent By Job
	0  -  Run Bytes Received By Job
	0  -  Total Bytes Sent By Job
	0  -  Total Bytes Received By Job
	Partitionable Resources :    Usage  Request Allocated 
	   Cpus                 :     2.00        2         2 
	   Disk (KB)            :   150         150    204210 
	   Memory (MB)          :     1       20480     20480 
...
