000 (2265.196.000) 04/28 23:41:53 Job submitted from host: <140.160.143.131:9618?addrs=140.160.143.131-9618&noUDP&sock=3131910_565e_30>
...
009 (2265.196.000) 04/28 23:42:33 Job was aborted by the user.
	via condor_rm (by user scoggim)
...
000 (2266.365.000) 04/28 23:43:27 Job submitted from host: <140.160.143.131:9618?addrs=140.160.143.131-9618&noUDP&sock=3131910_565e_30>
...
000 (2267.365.000) 04/28 23:44:31 Job submitted from host: <140.160.143.131:9618?addrs=140.160.143.131-9618&noUDP&sock=3131910_565e_30>
...
000 (2268.365.000) 04/28 23:46:20 Job submitted from host: <140.160.143.131:9618?addrs=140.160.143.131-9618&noUDP&sock=3131910_565e_30>
...
001 (2266.365.000) 04/28 23:46:24 Job executing on host: <140.160.143.147:9618?addrs=140.160.143.147-9618&noUDP&sock=29188_1e64_3>
...
006 (2266.365.000) 04/28 23:46:33 Image size of job updated: 500
	1  -  MemoryUsage of job (MB)
	500  -  ResidentSetSize of job (KB)
...
006 (2266.365.000) 04/28 23:46:57 Image size of job updated: 504
	1  -  MemoryUsage of job (MB)
	500  -  ResidentSetSize of job (KB)
...
005 (2266.365.000) 04/28 23:46:57 Job terminated.
	(1) Normal termination (return value 0)
		Usr 0 00:00:32, Sys 0 00:00:00  -  Run Remote Usage
		Usr 0 00:00:00, Sys 0 00:00:00  -  Run Local Usage
		Usr 0 00:00:32, Sys 0 00:00:00  -  Total Remote Usage
		Usr 0 00:00:00, Sys 0 00:00:00  -  Total Local Usage
	0  -  Run Bytes Sent By Job
	0  -  Run Bytes Received By Job
	0  -  Total Bytes Sent By Job
	0  -  Total Bytes Received By Job
	Partitionable Resources :    Usage  Request Allocated 
	   Cpus                 :     1.00        1         1 
	   Disk (KB)            :   175         175    197290 
	   Memory (MB)          :     1           1       128 
...
001 (2267.365.000) 04/30 13:27:35 Job executing on host: <140.160.143.143:9618?addrs=140.160.143.143-9618&noUDP&sock=6169_ffd6_3>
...
006 (2267.365.000) 04/30 13:27:43 Image size of job updated: 1048
	2  -  MemoryUsage of job (MB)
	1048  -  ResidentSetSize of job (KB)
...
005 (2267.365.000) 04/30 15:38:42 Job terminated.
	(1) Normal termination (return value 0)
		Usr 0 04:36:41, Sys 0 04:07:25  -  Run Remote Usage
		Usr 0 00:00:00, Sys 0 00:00:00  -  Run Local Usage
		Usr 0 04:36:41, Sys 0 04:07:25  -  Total Remote Usage
		Usr 0 00:00:00, Sys 0 00:00:00  -  Total Local Usage
	0  -  Run Bytes Sent By Job
	0  -  Run Bytes Received By Job
	0  -  Total Bytes Sent By Job
	0  -  Total Bytes Received By Job
	Partitionable Resources :    Usage  Request Allocated 
	   Cpus                 :     4.00        4         4 
	   Disk (KB)            :   175         175    881220 
	   Memory (MB)          :     2           1       128 
...
009 (2268.365.000) 05/11 09:58:34 Job was aborted by the user.
	via condor_rm (by user scoggim)
...
000 (2511.365.000) 05/27 15:03:18 Job submitted from host: <140.160.143.131:9618?addrs=140.160.143.131-9618&noUDP&sock=3131910_565e_30>
...
001 (2511.365.000) 05/27 16:42:16 Job executing on host: <140.160.143.160:9618?addrs=140.160.143.160-9618&noUDP&sock=59753_2a9b_3>
...
006 (2511.365.000) 05/27 16:42:24 Image size of job updated: 3696
	4  -  MemoryUsage of job (MB)
	3696  -  ResidentSetSize of job (KB)
...
006 (2511.365.000) 05/27 16:47:24 Image size of job updated: 3920
	4  -  MemoryUsage of job (MB)
	3920  -  ResidentSetSize of job (KB)
...
005 (2511.365.000) 05/28 04:38:40 Job terminated.
	(1) Normal termination (return value 0)
		Usr 0 11:56:23, Sys 0 00:00:00  -  Run Remote Usage
		Usr 0 00:00:00, Sys 0 00:00:00  -  Run Local Usage
		Usr 0 11:56:23, Sys 0 00:00:00  -  Total Remote Usage
		Usr 0 00:00:00, Sys 0 00:00:00  -  Total Local Usage
	0  -  Run Bytes Sent By Job
	0  -  Run Bytes Received By Job
	0  -  Total Bytes Sent By Job
	0  -  Total Bytes Received By Job
	Partitionable Resources :    Usage  Request Allocated 
	   Cpus                 :     1.00        1         1 
	   Disk (KB)            :   175         175    844516 
	   Memory (MB)          :     4           1       128 
...
000 (2513.365.000) 05/31 13:37:10 Job submitted from host: <140.160.143.131:9618?addrs=140.160.143.131-9618&noUDP&sock=3131910_565e_30>
...
009 (2513.365.000) 05/31 15:23:50 Job was aborted by the user.
	via condor_rm (by user scoggim)
...
000 (2514.365.000) 05/31 15:29:20 Job submitted from host: <140.160.143.131:9618?addrs=140.160.143.131-9618&noUDP&sock=3131910_565e_30>
...
009 (2514.365.000) 06/01 11:47:16 Job was aborted by the user.
	via condor_rm (by user scoggim)
...
000 (2515.365.000) 06/01 11:47:43 Job submitted from host: <140.160.143.131:9618?addrs=140.160.143.131-9618&noUDP&sock=3131910_565e_30>
...
001 (2515.365.000) 06/01 21:56:34 Job executing on host: <140.160.143.146:9618?addrs=140.160.143.146-9618&noUDP&sock=4054_4908_3>
...
006 (2515.365.000) 06/01 21:56:43 Image size of job updated: 3680
	4  -  MemoryUsage of job (MB)
	3680  -  ResidentSetSize of job (KB)
...
006 (2515.365.000) 06/01 22:01:45 Image size of job updated: 3904
	4  -  MemoryUsage of job (MB)
	3904  -  ResidentSetSize of job (KB)
...
006 (2515.365.000) 06/01 22:06:45 Image size of job updated: 3908
	4  -  MemoryUsage of job (MB)
	3908  -  ResidentSetSize of job (KB)
...
005 (2515.365.000) 06/02 06:41:59 Job terminated.
	(1) Normal termination (return value 0)
		Usr 0 08:44:41, Sys 0 00:00:00  -  Run Remote Usage
		Usr 0 00:00:00, Sys 0 00:00:00  -  Run Local Usage
		Usr 0 08:44:41, Sys 0 00:00:00  -  Total Remote Usage
		Usr 0 00:00:00, Sys 0 00:00:00  -  Total Local Usage
	0  -  Run Bytes Sent By Job
	0  -  Run Bytes Received By Job
	0  -  Total Bytes Sent By Job
	0  -  Total Bytes Received By Job
	Partitionable Resources :    Usage  Request Allocated 
	   Cpus                 :     1.00        1         1 
	   Disk (KB)            :   175         175    881117 
	   Memory (MB)          :     4           1       128 
...
