000 (674418.000.000) 09/14 14:18:50 Job submitted from host: <140.160.143.130:9618?addrs=140.160.143.130-9618&noUDP&sock=5591_da80_4>
...
009 (674418.000.000) 09/14 14:20:43 Job was aborted by the user.
	via condor_rm (by user scoggim)
...
000 (674562.000.000) 09/14 14:25:59 Job submitted from host: <140.160.143.130:9618?addrs=140.160.143.130-9618&noUDP&sock=5591_da80_4>
...
000 (674706.000.000) 09/14 14:26:41 Job submitted from host: <140.160.143.130:9618?addrs=140.160.143.130-9618&noUDP&sock=5591_da80_4>
...
000 (674850.000.000) 09/14 14:27:39 Job submitted from host: <140.160.143.130:9618?addrs=140.160.143.130-9618&noUDP&sock=5591_da80_4>
...
009 (674850.000.000) 09/14 14:46:33 Job was aborted by the user.
	via condor_rm (by user scoggim)
...
009 (674562.000.000) 09/14 14:46:33 Job was aborted by the user.
	via condor_rm (by user scoggim)
...
009 (674706.000.000) 09/14 14:46:33 Job was aborted by the user.
	via condor_rm (by user scoggim)
...
000 (675030.000.000) 09/14 22:20:25 Job submitted from host: <140.160.143.130:9618?addrs=140.160.143.130-9618&noUDP&sock=5591_da80_4>
...
001 (675030.000.000) 09/16 01:19:51 Job executing on host: <140.160.143.155:9618?addrs=140.160.143.155-9618&noUDP&sock=4483_db90_3>
...
006 (675030.000.000) 09/16 01:20:00 Image size of job updated: 3080
	4  -  MemoryUsage of job (MB)
	3080  -  ResidentSetSize of job (KB)
...
006 (675030.000.000) 09/16 01:25:01 Image size of job updated: 21932
	22  -  MemoryUsage of job (MB)
	21932  -  ResidentSetSize of job (KB)
...
006 (675030.000.000) 09/16 01:30:01 Image size of job updated: 39508
	39  -  MemoryUsage of job (MB)
	39508  -  ResidentSetSize of job (KB)
...
006 (675030.000.000) 09/16 01:35:01 Image size of job updated: 56844
	56  -  MemoryUsage of job (MB)
	56844  -  ResidentSetSize of job (KB)
...
006 (675030.000.000) 09/16 01:40:02 Image size of job updated: 69536
	68  -  MemoryUsage of job (MB)
	69536  -  ResidentSetSize of job (KB)
...
005 (675030.000.000) 09/18 11:42:58 Job terminated.
	(1) Normal termination (return value 0)
		Usr 0 00:21:55, Sys 0 00:08:45  -  Run Remote Usage
		Usr 0 00:00:00, Sys 0 00:00:00  -  Run Local Usage
		Usr 0 00:21:55, Sys 0 00:08:45  -  Total Remote Usage
		Usr 0 00:00:00, Sys 0 00:00:00  -  Total Local Usage
	0  -  Run Bytes Sent By Job
	0  -  Run Bytes Received By Job
	0  -  Total Bytes Sent By Job
	0  -  Total Bytes Received By Job
	Partitionable Resources :    Usage  Request Allocated 
	   Cpus                 :     1.99        2         2 
	   Disk (KB)            :   150         150     17594 
	   Memory (MB)          :    68           1       128 
...
000 (244.000.000) 10/21 16:26:40 Job submitted from host: <140.160.143.131:9618?addrs=140.160.143.131-9618&noUDP&sock=2776_aefe_4>
...
001 (244.000.000) 10/22 10:36:25 Job executing on host: <140.160.143.143:9618?addrs=140.160.143.143-9618&noUDP&sock=1347_8228_3>
...
006 (244.000.000) 10/22 10:36:33 Image size of job updated: 2228
	3  -  MemoryUsage of job (MB)
	2228  -  ResidentSetSize of job (KB)
...
006 (244.000.000) 10/22 10:56:34 Image size of job updated: 2336
	3  -  MemoryUsage of job (MB)
	2336  -  ResidentSetSize of job (KB)
...
006 (244.000.000) 10/22 13:21:45 Image size of job updated: 145108
	3  -  MemoryUsage of job (MB)
	2336  -  ResidentSetSize of job (KB)
...
004 (244.000.000) 10/22 13:21:45 Job was evicted.
	(0) Job was not checkpointed.
		Usr 0 04:43:59, Sys 0 00:46:40  -  Run Remote Usage
		Usr 0 00:00:00, Sys 0 00:00:00  -  Run Local Usage
	0  -  Run Bytes Sent By Job
	0  -  Run Bytes Received By Job
	Partitionable Resources :    Usage  Request Allocated 
	   Cpus                 :     2.00        2         2 
	   Disk (KB)            :   150         150    888012 
	   Memory (MB)          :     3       20480     20480 
...
009 (244.000.000) 10/22 13:21:45 Job was aborted by the user.
	via condor_rm (by user scoggim)
...
000 (309.000.000) 10/22 13:32:35 Job submitted from host: <140.160.143.131:9618?addrs=140.160.143.131-9618&noUDP&sock=2776_aefe_4>
...
001 (309.000.000) 10/22 13:32:47 Job executing on host: <140.160.143.147:9618?addrs=140.160.143.147-9618&noUDP&sock=1438_ed47_3>
...
006 (309.000.000) 10/22 13:32:56 Image size of job updated: 2212
	3  -  MemoryUsage of job (MB)
	2212  -  ResidentSetSize of job (KB)
...
006 (309.000.000) 10/22 13:52:59 Image size of job updated: 2320
	3  -  MemoryUsage of job (MB)
	2320  -  ResidentSetSize of job (KB)
...
006 (309.000.000) 10/22 17:33:23 Image size of job updated: 2324
	3  -  MemoryUsage of job (MB)
	2324  -  ResidentSetSize of job (KB)
...
005 (309.000.000) 10/24 02:33:30 Job terminated.
	(1) Normal termination (return value 0)
		Usr 2 15:11:51, Sys 0 10:49:33  -  Run Remote Usage
		Usr 0 00:00:00, Sys 0 00:00:00  -  Run Local Usage
		Usr 2 15:11:51, Sys 0 10:49:33  -  Total Remote Usage
		Usr 0 00:00:00, Sys 0 00:00:00  -  Total Local Usage
	0  -  Run Bytes Sent By Job
	0  -  Run Bytes Received By Job
	0  -  Total Bytes Sent By Job
	0  -  Total Bytes Received By Job
	Partitionable Resources :    Usage  Request Allocated 
	   Cpus                 :     2.00        2         2 
	   Disk (KB)            :   150         150    204210 
	   Memory (MB)          :     3       20480     20480 
...
000 (376.000.000) 10/24 18:01:12 Job submitted from host: <140.160.143.131:9618?addrs=140.160.143.131-9618&noUDP&sock=2776_aefe_4>
...
001 (376.000.000) 10/24 18:01:13 Job executing on host: <140.160.143.141:9618?addrs=140.160.143.141-9618&noUDP&sock=1474_9eb0_3>
...
006 (376.000.000) 10/24 18:01:21 Image size of job updated: 2232
	3  -  MemoryUsage of job (MB)
	2232  -  ResidentSetSize of job (KB)
...
004 (376.000.000) 10/24 18:01:25 Job was evicted.
	(0) Job was not checkpointed.
		Usr 0 00:00:22, Sys 0 00:00:03  -  Run Remote Usage
		Usr 0 00:00:00, Sys 0 00:00:00  -  Run Local Usage
	0  -  Run Bytes Sent By Job
	0  -  Run Bytes Received By Job
	Partitionable Resources :    Usage  Request Allocated 
	   Cpus                 :        0        2         2 
	   Disk (KB)            :      150      150    888012 
	   Memory (MB)          :        3    20480     20480 
...
009 (376.000.000) 10/24 18:01:26 Job was aborted by the user.
	via condor_rm (by user scoggim)
...
000 (377.000.000) 10/24 18:02:23 Job submitted from host: <140.160.143.131:9618?addrs=140.160.143.131-9618&noUDP&sock=2776_aefe_4>
...
001 (377.000.000) 10/24 18:02:33 Job executing on host: <140.160.143.141:9618?addrs=140.160.143.141-9618&noUDP&sock=1474_9eb0_3>
...
006 (377.000.000) 10/24 18:02:41 Image size of job updated: 2320
	3  -  MemoryUsage of job (MB)
	2228  -  ResidentSetSize of job (KB)
...
006 (377.000.000) 10/24 18:22:42 Image size of job updated: 2428
	3  -  MemoryUsage of job (MB)
	2336  -  ResidentSetSize of job (KB)
...
006 (377.000.000) 10/24 21:07:59 Image size of job updated: 2432
	3  -  MemoryUsage of job (MB)
	2340  -  ResidentSetSize of job (KB)
...
004 (377.000.000) 10/24 22:08:59 Job was evicted.
	(0) Job was not checkpointed.
		Usr 0 07:04:37, Sys 0 01:08:14  -  Run Remote Usage
		Usr 0 00:00:00, Sys 0 00:00:00  -  Run Local Usage
	0  -  Run Bytes Sent By Job
	0  -  Run Bytes Received By Job
	Partitionable Resources :    Usage  Request Allocated 
	   Cpus                 :     2.00        2         2 
	   Disk (KB)            :   150         150    888012 
	   Memory (MB)          :     3       20480     20480 
...
009 (377.000.000) 10/24 22:09:00 Job was aborted by the user.
	via condor_rm (by user scoggim)
...
000 (378.000.000) 10/24 22:09:10 Job submitted from host: <140.160.143.131:9618?addrs=140.160.143.131-9618&noUDP&sock=2776_aefe_4>
...
001 (378.000.000) 10/24 22:09:11 Job executing on host: <140.160.143.141:9618?addrs=140.160.143.141-9618&noUDP&sock=1474_9eb0_3>
...
006 (378.000.000) 10/24 22:09:19 Image size of job updated: 2316
	3  -  MemoryUsage of job (MB)
	2224  -  ResidentSetSize of job (KB)
...
006 (378.000.000) 10/24 22:29:20 Image size of job updated: 2424
	3  -  MemoryUsage of job (MB)
	2332  -  ResidentSetSize of job (KB)
...
006 (378.000.000) 10/25 01:14:38 Image size of job updated: 2428
	3  -  MemoryUsage of job (MB)
	2336  -  ResidentSetSize of job (KB)
...
004 (378.000.000) 10/25 11:03:40 Job was evicted.
	(0) Job was not checkpointed.
		Usr 0 22:15:48, Sys 0 03:33:09  -  Run Remote Usage
		Usr 0 00:00:00, Sys 0 00:00:00  -  Run Local Usage
	0  -  Run Bytes Sent By Job
	0  -  Run Bytes Received By Job
	Partitionable Resources :    Usage  Request Allocated 
	   Cpus                 :     2.00        2         2 
	   Disk (KB)            :   150         150    888012 
	   Memory (MB)          :     3       20480     20480 
...
009 (378.000.000) 10/25 11:03:40 Job was aborted by the user.
	via condor_rm (by user scoggim)
...
000 (392.000.000) 10/25 11:03:48 Job submitted from host: <140.160.143.131:9618?addrs=140.160.143.131-9618&noUDP&sock=2776_aefe_4>
...
001 (392.000.000) 10/25 11:04:07 Job executing on host: <140.160.143.141:9618?addrs=140.160.143.141-9618&noUDP&sock=1474_9eb0_3>
...
006 (392.000.000) 10/25 11:04:16 Image size of job updated: 2328
	3  -  MemoryUsage of job (MB)
	2236  -  ResidentSetSize of job (KB)
...
006 (392.000.000) 10/25 11:24:18 Image size of job updated: 2436
	3  -  MemoryUsage of job (MB)
	2344  -  ResidentSetSize of job (KB)
...
004 (392.000.000) 10/25 14:27:29 Job was evicted.
	(0) Job was not checkpointed.
		Usr 0 05:49:54, Sys 0 00:56:48  -  Run Remote Usage
		Usr 0 00:00:00, Sys 0 00:00:00  -  Run Local Usage
	0  -  Run Bytes Sent By Job
	0  -  Run Bytes Received By Job
	Partitionable Resources :    Usage  Request Allocated 
	   Cpus                 :     2.00        2         2 
	   Disk (KB)            :   150         150    888012 
	   Memory (MB)          :     3       20480     20480 
...
009 (392.000.000) 10/25 14:27:30 Job was aborted by the user.
	via condor_rm (by user scoggim)
...
000 (396.000.000) 10/25 14:27:34 Job submitted from host: <140.160.143.131:9618?addrs=140.160.143.131-9618&noUDP&sock=2776_aefe_4>
...
001 (396.000.000) 10/25 14:27:37 Job executing on host: <140.160.143.141:9618?addrs=140.160.143.141-9618&noUDP&sock=1474_9eb0_3>
...
006 (396.000.000) 10/25 14:27:45 Image size of job updated: 2316
	3  -  MemoryUsage of job (MB)
	2224  -  ResidentSetSize of job (KB)
...
006 (396.000.000) 10/25 14:47:47 Image size of job updated: 2424
	3  -  MemoryUsage of job (MB)
	2332  -  ResidentSetSize of job (KB)
...
006 (396.000.000) 10/25 16:27:58 Image size of job updated: 2428
	3  -  MemoryUsage of job (MB)
	2336  -  ResidentSetSize of job (KB)
...
006 (396.000.000) 10/26 12:20:55 Image size of job updated: 145100
	3  -  MemoryUsage of job (MB)
	2336  -  ResidentSetSize of job (KB)
...
004 (396.000.000) 10/26 12:20:55 Job was evicted.
	(0) Job was not checkpointed.
		Usr 1 13:45:14, Sys 0 06:01:20  -  Run Remote Usage
		Usr 0 00:00:00, Sys 0 00:00:00  -  Run Local Usage
	0  -  Run Bytes Sent By Job
	0  -  Run Bytes Received By Job
	Partitionable Resources :    Usage  Request Allocated 
	   Cpus                 :     2.00        2         2 
	   Disk (KB)            :   150         150    888012 
	   Memory (MB)          :     3       20480     20480 
...
009 (396.000.000) 10/26 12:20:55 Job was aborted by the user.
	via condor_rm (by user scoggim)
...
000 (418.000.000) 10/26 12:22:09 Job submitted from host: <140.160.143.131:9618?addrs=140.160.143.131-9618&noUDP&sock=2776_aefe_4>
...
001 (418.000.000) 10/26 12:22:10 Job executing on host: <140.160.143.153:9618?addrs=140.160.143.153-9618&noUDP&sock=2977_8d88_3>
...
006 (418.000.000) 10/26 12:22:18 Image size of job updated: 2320
	3  -  MemoryUsage of job (MB)
	2228  -  ResidentSetSize of job (KB)
...
006 (418.000.000) 10/26 12:27:19 Image size of job updated: 2324
	3  -  MemoryUsage of job (MB)
	2232  -  ResidentSetSize of job (KB)
...
006 (418.000.000) 10/26 12:52:22 Image size of job updated: 2432
	3  -  MemoryUsage of job (MB)
	2340  -  ResidentSetSize of job (KB)
...
004 (418.000.000) 10/26 20:10:06 Job was evicted.
	(0) Job was not checkpointed.
		Usr 0 12:59:07, Sys 0 02:36:39  -  Run Remote Usage
		Usr 0 00:00:00, Sys 0 00:00:00  -  Run Local Usage
	0  -  Run Bytes Sent By Job
	0  -  Run Bytes Received By Job
	Partitionable Resources :    Usage  Request Allocated 
	   Cpus                 :     2.00        2         2 
	   Disk (KB)            :   150         150    876534 
	   Gpus                 :                           0 
	   Memory (MB)          :     3       20480     20480 
...
009 (418.000.000) 10/26 20:10:07 Job was aborted by the user.
	via condor_rm (by user scoggim)
...
000 (419.000.000) 10/26 20:10:13 Job submitted from host: <140.160.143.131:9618?addrs=140.160.143.131-9618&noUDP&sock=2776_aefe_4>
...
001 (419.000.000) 10/26 20:10:13 Job executing on host: <140.160.143.153:9618?addrs=140.160.143.153-9618&noUDP&sock=2977_8d88_3>
...
006 (419.000.000) 10/26 20:10:22 Image size of job updated: 2312
	3  -  MemoryUsage of job (MB)
	2220  -  ResidentSetSize of job (KB)
...
006 (419.000.000) 10/26 20:40:24 Image size of job updated: 2420
	3  -  MemoryUsage of job (MB)
	2328  -  ResidentSetSize of job (KB)
...
004 (419.000.000) 10/27 11:05:18 Job was evicted.
	(0) Job was not checkpointed.
		Usr 1 00:51:40, Sys 0 04:58:20  -  Run Remote Usage
		Usr 0 00:00:00, Sys 0 00:00:00  -  Run Local Usage
	0  -  Run Bytes Sent By Job
	0  -  Run Bytes Received By Job
	Partitionable Resources :    Usage  Request Allocated 
	   Cpus                 :     2.00        2         2 
	   Disk (KB)            :   150         150    876534 
	   Gpus                 :                           0 
	   Memory (MB)          :     3       20480     20480 
...
009 (419.000.000) 10/27 11:05:19 Job was aborted by the user.
	via condor_rm (by user scoggim)
...
000 (420.000.000) 10/27 11:17:25 Job submitted from host: <140.160.143.131:9618?addrs=140.160.143.131-9618&noUDP&sock=2776_aefe_4>
...
001 (420.000.000) 10/27 11:17:44 Job executing on host: <140.160.143.153:9618?addrs=140.160.143.153-9618&noUDP&sock=2977_8d88_3>
...
006 (420.000.000) 10/27 11:17:52 Image size of job updated: 2316
	3  -  MemoryUsage of job (MB)
	2224  -  ResidentSetSize of job (KB)
...
006 (420.000.000) 10/27 12:02:57 Image size of job updated: 2424
	3  -  MemoryUsage of job (MB)
	2332  -  ResidentSetSize of job (KB)
...
006 (420.000.000) 10/27 18:38:37 Image size of job updated: 2428
	3  -  MemoryUsage of job (MB)
	2336  -  ResidentSetSize of job (KB)
...
006 (420.000.000) 10/27 23:44:10 Image size of job updated: 2432
	3  -  MemoryUsage of job (MB)
	2340  -  ResidentSetSize of job (KB)
...
005 (420.000.000) 10/31 18:25:34 Job terminated.
	(1) Normal termination (return value 0)
		Usr 7 04:36:33, Sys 1 09:37:58  -  Run Remote Usage
		Usr 0 00:00:00, Sys 0 00:00:00  -  Run Local Usage
		Usr 7 04:36:33, Sys 1 09:37:58  -  Total Remote Usage
		Usr 0 00:00:00, Sys 0 00:00:00  -  Total Local Usage
	0  -  Run Bytes Sent By Job
	0  -  Run Bytes Received By Job
	0  -  Total Bytes Sent By Job
	0  -  Total Bytes Received By Job
	Partitionable Resources :    Usage  Request Allocated 
	   Cpus                 :     2.00        2         2 
	   Disk (KB)            :   150         150    876534 
	   Gpus                 :                           0 
	   Memory (MB)          :     3       20480     20480 
...
