000 (2267.1983.000) 04/28 23:44:46 Job submitted from host: <140.160.143.131:9618?addrs=140.160.143.131-9618&noUDP&sock=3131910_565e_30>
...
009 (2267.1983.000) 05/11 12:17:55 Job was aborted by the user.
	via condor_rm (by user scoggim)
...
000 (2400.1307.000) 05/11 12:37:10 Job submitted from host: <140.160.143.131:9618?addrs=140.160.143.131-9618&noUDP&sock=3131910_565e_30>
...
001 (2400.1307.000) 05/13 17:19:41 Job executing on host: <140.160.143.153:9618?addrs=140.160.143.153-9618&noUDP&sock=3174_adb0_3>
...
006 (2400.1307.000) 05/13 17:19:49 Image size of job updated: 4116
	4  -  MemoryUsage of job (MB)
	4008  -  ResidentSetSize of job (KB)
...
006 (2400.1307.000) 05/13 18:29:57 Image size of job updated: 4120
	4  -  MemoryUsage of job (MB)
	4012  -  ResidentSetSize of job (KB)
...
006 (2400.1307.000) 05/16 12:06:37 Image size of job updated: 4132
	4  -  MemoryUsage of job (MB)
	4012  -  ResidentSetSize of job (KB)
...
006 (2400.1307.000) 05/16 12:11:37 Image size of job updated: 4140
	4  -  MemoryUsage of job (MB)
	4012  -  ResidentSetSize of job (KB)
...
006 (2400.1307.000) 05/16 15:21:58 Image size of job updated: 4152
	4  -  MemoryUsage of job (MB)
	4012  -  ResidentSetSize of job (KB)
...
006 (2400.1307.000) 05/17 02:23:03 Image size of job updated: 4156
	4  -  MemoryUsage of job (MB)
	4012  -  ResidentSetSize of job (KB)
...
006 (2400.1307.000) 05/17 13:14:13 Image size of job updated: 4172
	4  -  MemoryUsage of job (MB)
	4012  -  ResidentSetSize of job (KB)
...
004 (2400.1307.000) 05/19 07:17:38 Job was evicted.
	(0) Job was not checkpointed.
		Usr 5 13:54:44, Sys 0 00:00:40  -  Run Remote Usage
		Usr 0 00:00:00, Sys 0 00:00:00  -  Run Local Usage
	0  -  Run Bytes Sent By Job
	0  -  Run Bytes Received By Job
	Partitionable Resources :    Usage  Request Allocated 
	   Cpus                 :     1.00        1         1 
	   Disk (KB)            :   175         175    870398 
	   Gpus                 :                           0 
	   Memory (MB)          :     4           1       128 
...
009 (2400.1307.000) 05/19 07:17:41 Job was aborted by the user.
	via condor_rm (by user scoggim)
...
