000 (674351.000.000) 09/14 14:18:48 Job submitted from host: <140.160.143.130:9618?addrs=140.160.143.130-9618&noUDP&sock=5591_da80_4>
...
001 (674351.000.000) 09/14 14:18:59 Job executing on host: <140.160.143.153:9618?addrs=140.160.143.153-9618&noUDP&sock=4484_8b29_3>
...
006 (674351.000.000) 09/14 14:19:08 Image size of job updated: 3888
	4  -  MemoryUsage of job (MB)
	3888  -  ResidentSetSize of job (KB)
...
006 (674351.000.000) 09/14 14:20:43 Image size of job updated: 19692
	4  -  MemoryUsage of job (MB)
	3888  -  ResidentSetSize of job (KB)
...
004 (674351.000.000) 09/14 14:20:43 Job was evicted.
	(0) Job was not checkpointed.
		Usr 0 00:01:49, Sys 0 00:00:49  -  Run Remote Usage
		Usr 0 00:00:00, Sys 0 00:00:00  -  Run Local Usage
	0  -  Run Bytes Sent By Job
	0  -  Run Bytes Received By Job
	Partitionable Resources :    Usage  Request Allocated 
	   Cpus                 :        0        2         2 
	   Disk (KB)            :      150      150     17609 
	   Memory (MB)          :        4        1       128 
...
009 (674351.000.000) 09/14 14:20:43 Job was aborted by the user.
	via condor_rm (by user scoggim)
...
000 (674495.000.000) 09/14 14:25:56 Job submitted from host: <140.160.143.130:9618?addrs=140.160.143.130-9618&noUDP&sock=5591_da80_4>
...
001 (674495.000.000) 09/14 14:25:56 Job executing on host: <140.160.143.156:9618?addrs=140.160.143.156-9618&noUDP&sock=4471_a06d_3>
...
006 (674495.000.000) 09/14 14:26:05 Image size of job updated: 3000
	3  -  MemoryUsage of job (MB)
	3000  -  ResidentSetSize of job (KB)
...
000 (674639.000.000) 09/14 14:26:38 Job submitted from host: <140.160.143.130:9618?addrs=140.160.143.130-9618&noUDP&sock=5591_da80_4>
...
000 (674783.000.000) 09/14 14:27:36 Job submitted from host: <140.160.143.130:9618?addrs=140.160.143.130-9618&noUDP&sock=5591_da80_4>
...
006 (674495.000.000) 09/14 14:31:06 Image size of job updated: 78684
	77  -  MemoryUsage of job (MB)
	78684  -  ResidentSetSize of job (KB)
...
006 (674495.000.000) 09/14 14:36:07 Image size of job updated: 158452
	155  -  MemoryUsage of job (MB)
	158452  -  ResidentSetSize of job (KB)
...
006 (674495.000.000) 09/14 14:41:07 Image size of job updated: 251284
	246  -  MemoryUsage of job (MB)
	251284  -  ResidentSetSize of job (KB)
...
006 (674495.000.000) 09/14 14:46:08 Image size of job updated: 343400
	336  -  MemoryUsage of job (MB)
	343400  -  ResidentSetSize of job (KB)
...
009 (674783.000.000) 09/14 14:46:33 Job was aborted by the user.
	via condor_rm (by user scoggim)
...
006 (674495.000.000) 09/14 14:46:33 Image size of job updated: 349732
	336  -  MemoryUsage of job (MB)
	343400  -  ResidentSetSize of job (KB)
...
004 (674495.000.000) 09/14 14:46:33 Job was evicted.
	(0) Job was not checkpointed.
		Usr 0 00:28:31, Sys 0 00:11:48  -  Run Remote Usage
		Usr 0 00:00:00, Sys 0 00:00:00  -  Run Local Usage
	0  -  Run Bytes Sent By Job
	0  -  Run Bytes Received By Job
	Partitionable Resources :    Usage  Request Allocated 
	   Cpus                 :     1.99        2         2 
	   Disk (KB)            :   150         150     17664 
	   Memory (MB)          :   336           1       128 
...
009 (674495.000.000) 09/14 14:46:33 Job was aborted by the user.
	via condor_rm (by user scoggim)
...
009 (674639.000.000) 09/14 14:46:33 Job was aborted by the user.
	via condor_rm (by user scoggim)
...
000 (674963.000.000) 09/14 22:20:23 Job submitted from host: <140.160.143.130:9618?addrs=140.160.143.130-9618&noUDP&sock=5591_da80_4>
...
001 (674963.000.000) 09/14 22:20:24 Job executing on host: <140.160.143.151:9618?addrs=140.160.143.151-9618&noUDP&sock=4465_23ab_3>
...
006 (674963.000.000) 09/14 22:20:32 Image size of job updated: 2656
	3  -  MemoryUsage of job (MB)
	2656  -  ResidentSetSize of job (KB)
...
006 (674963.000.000) 09/14 22:25:32 Image size of job updated: 78080
	77  -  MemoryUsage of job (MB)
	78080  -  ResidentSetSize of job (KB)
...
006 (674963.000.000) 09/14 22:30:33 Image size of job updated: 153300
	150  -  MemoryUsage of job (MB)
	153300  -  ResidentSetSize of job (KB)
...
006 (674963.000.000) 09/14 22:35:34 Image size of job updated: 228072
	223  -  MemoryUsage of job (MB)
	228072  -  ResidentSetSize of job (KB)
...
006 (674963.000.000) 09/14 22:40:34 Image size of job updated: 270052
	264  -  MemoryUsage of job (MB)
	270052  -  ResidentSetSize of job (KB)
...
005 (674963.000.000) 09/15 20:17:24 Job terminated.
	(1) Normal termination (return value 0)
		Usr 0 00:25:01, Sys 0 00:09:50  -  Run Remote Usage
		Usr 0 00:00:00, Sys 0 00:00:00  -  Run Local Usage
		Usr 0 00:25:01, Sys 0 00:09:50  -  Total Remote Usage
		Usr 0 00:00:00, Sys 0 00:00:00  -  Total Local Usage
	0  -  Run Bytes Sent By Job
	0  -  Run Bytes Received By Job
	0  -  Total Bytes Sent By Job
	0  -  Total Bytes Received By Job
	Partitionable Resources :    Usage  Request Allocated 
	   Cpus                 :     1.99        2         2 
	   Disk (KB)            :   150         150     17583 
	   Memory (MB)          :   264           1       128 
...
000 (185.000.000) 10/21 16:26:35 Job submitted from host: <140.160.143.131:9618?addrs=140.160.143.131-9618&noUDP&sock=2776_aefe_4>
...
001 (185.000.000) 10/21 16:26:38 Job executing on host: <140.160.143.143:9618?addrs=140.160.143.143-9618&noUDP&sock=1347_8228_3>
...
006 (185.000.000) 10/21 16:26:46 Image size of job updated: 1704
	1  -  MemoryUsage of job (MB)
	908  -  ResidentSetSize of job (KB)
...
