000 (2161.194.000) 04/19 11:39:22 Job submitted from host: <140.160.143.131:9618?addrs=140.160.143.131-9618&noUDP&sock=3131910_565e_30>
...
001 (2161.194.000) 04/22 11:33:01 Job executing on host: <140.160.143.160:9618?addrs=140.160.143.160-9618&noUDP&sock=11177_1220_3>
...
006 (2161.194.000) 04/22 11:33:10 Image size of job updated: 9624
	5  -  MemoryUsage of job (MB)
	4800  -  ResidentSetSize of job (KB)
...
006 (2161.194.000) 04/22 12:53:20 Image size of job updated: 9808
	5  -  MemoryUsage of job (MB)
	5048  -  ResidentSetSize of job (KB)
...
006 (2161.194.000) 04/22 13:18:22 Image size of job updated: 9812
	5  -  MemoryUsage of job (MB)
	5048  -  ResidentSetSize of job (KB)
...
005 (2161.194.000) 04/23 06:29:38 Job terminated.
	(1) Normal termination (return value 0)
		Usr 2 02:55:26, Sys 1 00:50:50  -  Run Remote Usage
		Usr 0 00:00:00, Sys 0 00:00:00  -  Run Local Usage
		Usr 2 02:55:26, Sys 1 00:50:50  -  Total Remote Usage
		Usr 0 00:00:00, Sys 0 00:00:00  -  Total Local Usage
	0  -  Run Bytes Sent By Job
	0  -  Run Bytes Received By Job
	0  -  Total Bytes Sent By Job
	0  -  Total Bytes Received By Job
	Partitionable Resources :    Usage  Request Allocated 
	   Cpus                 :     4.00        4         4 
	   Disk (KB)            :   175         175    845054 
	   Memory (MB)          :     5           1       128 
...
000 (2267.1715.000) 04/28 23:44:41 Job submitted from host: <140.160.143.131:9618?addrs=140.160.143.131-9618&noUDP&sock=3131910_565e_30>
...
009 (2267.1715.000) 05/11 12:17:54 Job was aborted by the user.
	via condor_rm (by user scoggim)
...
000 (2400.1039.000) 05/11 12:37:10 Job submitted from host: <140.160.143.131:9618?addrs=140.160.143.131-9618&noUDP&sock=3131910_565e_30>
...
001 (2400.1039.000) 05/12 19:46:08 Job executing on host: <140.160.143.160:9618?addrs=140.160.143.160-9618&noUDP&sock=11177_1220_3>
...
006 (2400.1039.000) 05/12 19:46:16 Image size of job updated: 4024
	4  -  MemoryUsage of job (MB)
	4024  -  ResidentSetSize of job (KB)
...
005 (2400.1039.000) 05/13 03:49:23 Job terminated.
	(1) Normal termination (return value 0)
		Usr 0 08:03:10, Sys 0 00:00:00  -  Run Remote Usage
		Usr 0 00:00:00, Sys 0 00:00:00  -  Run Local Usage
		Usr 0 08:03:10, Sys 0 00:00:00  -  Total Remote Usage
		Usr 0 00:00:00, Sys 0 00:00:00  -  Total Local Usage
	0  -  Run Bytes Sent By Job
	0  -  Run Bytes Received By Job
	0  -  Total Bytes Sent By Job
	0  -  Total Bytes Received By Job
	Partitionable Resources :    Usage  Request Allocated 
	   Cpus                 :     1.00        1         1 
	   Disk (KB)            :   175         175    845054 
	   Memory (MB)          :     4           1       128 
...
