000 (2267.810.000) 04/28 23:44:32 Job submitted from host: <140.160.143.131:9618?addrs=140.160.143.131-9618&noUDP&sock=3131910_565e_30>
...
000 (2268.810.000) 04/28 23:46:21 Job submitted from host: <140.160.143.131:9618?addrs=140.160.143.131-9618&noUDP&sock=3131910_565e_30>
...
001 (2267.810.000) 05/02 15:19:26 Job executing on host: <140.160.143.145:9618?addrs=140.160.143.145-9618&noUDP&sock=16120_8ec3_3>
...
006 (2267.810.000) 05/02 15:19:35 Image size of job updated: 2652
	3  -  MemoryUsage of job (MB)
	2652  -  ResidentSetSize of job (KB)
...
006 (2267.810.000) 05/03 10:56:19 Image size of job updated: 214788
	3  -  MemoryUsage of job (MB)
	2652  -  ResidentSetSize of job (KB)
...
005 (2267.810.000) 05/03 10:56:19 Job terminated.
	(1) Normal termination (return value 0)
		Usr 1 21:37:39, Sys 1 08:45:49  -  Run Remote Usage
		Usr 0 00:00:00, Sys 0 00:00:00  -  Run Local Usage
		Usr 1 21:37:39, Sys 1 08:45:49  -  Total Remote Usage
		Usr 0 00:00:00, Sys 0 00:00:00  -  Total Local Usage
	0  -  Run Bytes Sent By Job
	0  -  Run Bytes Received By Job
	0  -  Total Bytes Sent By Job
	0  -  Total Bytes Received By Job
	Partitionable Resources :    Usage  Request Allocated 
	   Cpus                 :     4.00        4         4 
	   Disk (KB)            :   175         175    881546 
	   Memory (MB)          :     3           1       128 
...
009 (2268.810.000) 05/11 09:58:42 Job was aborted by the user.
	via condor_rm (by user scoggim)
...
000 (2400.134.000) 05/11 12:37:09 Job submitted from host: <140.160.143.131:9618?addrs=140.160.143.131-9618&noUDP&sock=3131910_565e_30>
...
001 (2400.134.000) 05/11 12:38:11 Job executing on host: <140.160.143.153:9618?addrs=140.160.143.153-9618&noUDP&sock=3174_adb0_3>
...
006 (2400.134.000) 05/11 12:38:20 Image size of job updated: 2052
	3  -  MemoryUsage of job (MB)
	2052  -  ResidentSetSize of job (KB)
...
005 (2400.134.000) 05/11 18:04:35 Job terminated.
	(1) Normal termination (return value 0)
		Usr 0 05:03:05, Sys 0 00:00:00  -  Run Remote Usage
		Usr 0 00:00:00, Sys 0 00:00:00  -  Run Local Usage
		Usr 0 05:03:05, Sys 0 00:00:00  -  Total Remote Usage
		Usr 0 00:00:00, Sys 0 00:00:00  -  Total Local Usage
	0  -  Run Bytes Sent By Job
	0  -  Run Bytes Received By Job
	0  -  Total Bytes Sent By Job
	0  -  Total Bytes Received By Job
	Partitionable Resources :    Usage  Request Allocated 
	   Cpus                 :     1.00        1         1 
	   Disk (KB)            :   175         175    870398 
	   Gpus                 :                           0 
	   Memory (MB)          :     3           1       128 
...
000 (2511.810.000) 05/27 15:03:33 Job submitted from host: <140.160.143.131:9618?addrs=140.160.143.131-9618&noUDP&sock=3131910_565e_30>
...
001 (2511.810.000) 05/28 08:24:23 Job executing on host: <140.160.143.160:9618?addrs=140.160.143.160-9618&noUDP&sock=59753_2a9b_3>
...
006 (2511.810.000) 05/28 08:24:32 Image size of job updated: 36624
	36  -  MemoryUsage of job (MB)
	36624  -  ResidentSetSize of job (KB)
...
006 (2511.810.000) 05/28 09:24:38 Image size of job updated: 41524
	41  -  MemoryUsage of job (MB)
	41524  -  ResidentSetSize of job (KB)
...
006 (2511.810.000) 05/29 00:36:18 Image size of job updated: 51196
	50  -  MemoryUsage of job (MB)
	51196  -  ResidentSetSize of job (KB)
...
004 (2511.810.000) 05/31 13:14:19 Job was evicted.
	(0) Job was not checkpointed.
		Usr 3 04:49:54, Sys 0 00:00:01  -  Run Remote Usage
		Usr 0 00:00:00, Sys 0 00:00:00  -  Run Local Usage
	0  -  Run Bytes Sent By Job
	0  -  Run Bytes Received By Job
	Partitionable Resources :    Usage  Request Allocated 
	   Cpus                 :     1.00        1         1 
	   Disk (KB)            :   175         175    844516 
	   Memory (MB)          :    50           1       128 
...
009 (2511.810.000) 05/31 13:14:20 Job was aborted by the user.
	via condor_rm (by user scoggim)
...
000 (2516.134.000) 06/02 11:26:46 Job submitted from host: <140.160.143.131:9618?addrs=140.160.143.131-9618&noUDP&sock=3131910_565e_30>
...
001 (2516.134.000) 06/02 12:56:35 Job executing on host: <140.160.143.140:9618?addrs=140.160.143.140-9618&noUDP&sock=16192_f195_3>
...
006 (2516.134.000) 06/02 12:56:43 Image size of job updated: 62172
	61  -  MemoryUsage of job (MB)
	62172  -  ResidentSetSize of job (KB)
...
006 (2516.134.000) 06/03 01:05:46 Image size of job updated: 145796
	61  -  MemoryUsage of job (MB)
	62172  -  ResidentSetSize of job (KB)
...
004 (2516.134.000) 06/03 01:05:46 Job was evicted.
	(0) Job was not checkpointed.
		Usr 0 12:08:02, Sys 0 00:00:01  -  Run Remote Usage
		Usr 0 00:00:00, Sys 0 00:00:00  -  Run Local Usage
	0  -  Run Bytes Sent By Job
	0  -  Run Bytes Received By Job
	Partitionable Resources :    Usage  Request Allocated 
	   Cpus                 :     1.00        1         1 
	   Disk (KB)            :   175         175    881228 
	   Memory (MB)          :    61           1       128 
...
009 (2516.134.000) 06/03 01:05:47 Job was aborted by the user.
	via condor_rm (by user scoggim)
...
000 (2523.134.000) 06/03 01:09:45 Job submitted from host: <140.160.143.131:9618?addrs=140.160.143.131-9618&noUDP&sock=3131910_565e_30>
...
009 (2523.134.000) 06/03 01:12:02 Job was aborted by the user.
	via condor_rm (by user scoggim)
...
000 (2524.134.000) 06/03 01:12:07 Job submitted from host: <140.160.143.131:9618?addrs=140.160.143.131-9618&noUDP&sock=3131910_565e_30>
...
009 (2524.134.000) 06/03 11:11:23 Job was aborted by the user.
	via condor_rm (by user scoggim)
...
000 (2525.134.000) 06/03 11:11:41 Job submitted from host: <140.160.143.131:9618?addrs=140.160.143.131-9618&noUDP&sock=3131910_565e_30>
...
001 (2525.134.000) 06/05 08:01:19 Job executing on host: <140.160.143.145:9618?addrs=140.160.143.145-9618&noUDP&sock=29321_587d_3>
...
006 (2525.134.000) 06/05 08:01:28 Image size of job updated: 62180
	61  -  MemoryUsage of job (MB)
	62180  -  ResidentSetSize of job (KB)
...
006 (2525.134.000) 06/08 09:19:00 Image size of job updated: 67064
	66  -  MemoryUsage of job (MB)
	67064  -  ResidentSetSize of job (KB)
...
005 (2525.134.000) 06/10 22:09:42 Job terminated.
	(1) Normal termination (return value 0)
		Usr 5 13:54:41, Sys 0 00:00:16  -  Run Remote Usage
		Usr 0 00:00:00, Sys 0 00:00:00  -  Run Local Usage
		Usr 5 13:54:41, Sys 0 00:00:16  -  Total Remote Usage
		Usr 0 00:00:00, Sys 0 00:00:00  -  Total Local Usage
	0  -  Run Bytes Sent By Job
	0  -  Run Bytes Received By Job
	0  -  Total Bytes Sent By Job
	0  -  Total Bytes Received By Job
	Partitionable Resources :    Usage  Request Allocated 
	   Cpus                 :     1.00        1         1 
	   Disk (KB)            :   175         175    881005 
	   Memory (MB)          :    66           1       128 
...
