000 (2161.305.000) 04/19 11:39:22 Job submitted from host: <140.160.143.131:9618?addrs=140.160.143.131-9618&noUDP&sock=3131910_565e_30>
...
001 (2161.305.000) 04/23 03:23:26 Job executing on host: <140.160.143.147:9618?addrs=140.160.143.147-9618&noUDP&sock=29188_1e64_3>
...
006 (2161.305.000) 04/23 03:23:34 Image size of job updated: 4768
	5  -  MemoryUsage of job (MB)
	4768  -  ResidentSetSize of job (KB)
...
006 (2161.305.000) 04/23 03:28:34 Image size of job updated: 4772
	5  -  MemoryUsage of job (MB)
	4772  -  ResidentSetSize of job (KB)
...
006 (2161.305.000) 04/23 05:33:48 Image size of job updated: 5020
	5  -  MemoryUsage of job (MB)
	5020  -  ResidentSetSize of job (KB)
...
005 (2161.305.000) 04/25 03:48:19 Job terminated.
	(1) Normal termination (return value 0)
		Usr 5 19:49:42, Sys 2 05:47:14  -  Run Remote Usage
		Usr 0 00:00:00, Sys 0 00:00:00  -  Run Local Usage
		Usr 5 19:49:42, Sys 2 05:47:14  -  Total Remote Usage
		Usr 0 00:00:00, Sys 0 00:00:00  -  Total Local Usage
	0  -  Run Bytes Sent By Job
	0  -  Run Bytes Received By Job
	0  -  Total Bytes Sent By Job
	0  -  Total Bytes Received By Job
	Partitionable Resources :    Usage  Request Allocated 
	   Cpus                 :     4.00        4         4 
	   Disk (KB)            :   175         175    197290 
	   Memory (MB)          :     5           1       128 
...
000 (2267.1826.000) 04/28 23:44:45 Job submitted from host: <140.160.143.131:9618?addrs=140.160.143.131-9618&noUDP&sock=3131910_565e_30>
...
009 (2267.1826.000) 05/11 12:17:54 Job was aborted by the user.
	via condor_rm (by user scoggim)
...
000 (2400.1150.000) 05/11 12:37:10 Job submitted from host: <140.160.143.131:9618?addrs=140.160.143.131-9618&noUDP&sock=3131910_565e_30>
...
001 (2400.1150.000) 05/13 09:01:49 Job executing on host: <140.160.143.164:9618?addrs=140.160.143.164-9618&noUDP&sock=59457_2292_3>
...
006 (2400.1150.000) 05/13 09:01:58 Image size of job updated: 4028
	4  -  MemoryUsage of job (MB)
	4028  -  ResidentSetSize of job (KB)
...
005 (2400.1150.000) 05/13 18:44:33 Job terminated.
	(1) Normal termination (return value 0)
		Usr 0 09:42:40, Sys 0 00:00:01  -  Run Remote Usage
		Usr 0 00:00:00, Sys 0 00:00:00  -  Run Local Usage
		Usr 0 09:42:40, Sys 0 00:00:01  -  Total Remote Usage
		Usr 0 00:00:00, Sys 0 00:00:00  -  Total Local Usage
	0  -  Run Bytes Sent By Job
	0  -  Run Bytes Received By Job
	0  -  Total Bytes Sent By Job
	0  -  Total Bytes Received By Job
	Partitionable Resources :    Usage  Request Allocated 
	   Cpus                 :     1.00        1         1 
	   Disk (KB)            :   175         175    844642 
	   Memory (MB)          :     4           1       128 
...
