000 (674437.000.000) 09/14 14:18:51 Job submitted from host: <140.160.143.130:9618?addrs=140.160.143.130-9618&noUDP&sock=5591_da80_4>
...
009 (674437.000.000) 09/14 14:20:43 Job was aborted by the user.
	via condor_rm (by user scoggim)
...
000 (674581.000.000) 09/14 14:25:59 Job submitted from host: <140.160.143.130:9618?addrs=140.160.143.130-9618&noUDP&sock=5591_da80_4>
...
000 (674725.000.000) 09/14 14:26:41 Job submitted from host: <140.160.143.130:9618?addrs=140.160.143.130-9618&noUDP&sock=5591_da80_4>
...
000 (674869.000.000) 09/14 14:27:39 Job submitted from host: <140.160.143.130:9618?addrs=140.160.143.130-9618&noUDP&sock=5591_da80_4>
...
009 (674725.000.000) 09/14 14:46:33 Job was aborted by the user.
	via condor_rm (by user scoggim)
...
009 (674869.000.000) 09/14 14:46:33 Job was aborted by the user.
	via condor_rm (by user scoggim)
...
009 (674581.000.000) 09/14 14:46:33 Job was aborted by the user.
	via condor_rm (by user scoggim)
...
000 (675049.000.000) 09/14 22:20:26 Job submitted from host: <140.160.143.130:9618?addrs=140.160.143.130-9618&noUDP&sock=5591_da80_4>
...
001 (675049.000.000) 09/16 06:26:55 Job executing on host: <140.160.143.154:9618?addrs=140.160.143.154-9618&noUDP&sock=4512_bfcf_3>
...
006 (675049.000.000) 09/16 06:27:04 Image size of job updated: 2828
	3  -  MemoryUsage of job (MB)
	2828  -  ResidentSetSize of job (KB)
...
006 (675049.000.000) 09/16 06:32:04 Image size of job updated: 18824
	19  -  MemoryUsage of job (MB)
	18824  -  ResidentSetSize of job (KB)
...
006 (675049.000.000) 09/16 06:37:04 Image size of job updated: 21396
	21  -  MemoryUsage of job (MB)
	21396  -  ResidentSetSize of job (KB)
...
006 (675049.000.000) 09/17 06:29:32 Image size of job updated: 6570436
	21  -  MemoryUsage of job (MB)
	21396  -  ResidentSetSize of job (KB)
...
006 (675049.000.000) 09/17 06:34:33 Image size of job updated: 6591600
	21  -  MemoryUsage of job (MB)
	21396  -  ResidentSetSize of job (KB)
...
006 (675049.000.000) 09/17 06:39:34 Image size of job updated: 6613972
	21  -  MemoryUsage of job (MB)
	21396  -  ResidentSetSize of job (KB)
...
006 (675049.000.000) 09/17 06:44:34 Image size of job updated: 6637272
	21  -  MemoryUsage of job (MB)
	21396  -  ResidentSetSize of job (KB)
...
006 (675049.000.000) 09/17 06:49:34 Image size of job updated: 6660752
	21  -  MemoryUsage of job (MB)
	21396  -  ResidentSetSize of job (KB)
...
006 (675049.000.000) 09/17 06:54:35 Image size of job updated: 6683868
	21  -  MemoryUsage of job (MB)
	21396  -  ResidentSetSize of job (KB)
...
006 (675049.000.000) 09/17 06:59:36 Image size of job updated: 6706520
	21  -  MemoryUsage of job (MB)
	21396  -  ResidentSetSize of job (KB)
...
006 (675049.000.000) 09/17 07:04:36 Image size of job updated: 6728952
	21  -  MemoryUsage of job (MB)
	21396  -  ResidentSetSize of job (KB)
...
006 (675049.000.000) 09/17 07:09:37 Image size of job updated: 6752240
	21  -  MemoryUsage of job (MB)
	21396  -  ResidentSetSize of job (KB)
...
006 (675049.000.000) 09/17 07:14:38 Image size of job updated: 6775732
	21  -  MemoryUsage of job (MB)
	21396  -  ResidentSetSize of job (KB)
...
006 (675049.000.000) 09/17 07:19:38 Image size of job updated: 6799264
	21  -  MemoryUsage of job (MB)
	21396  -  ResidentSetSize of job (KB)
...
006 (675049.000.000) 09/17 07:24:38 Image size of job updated: 6822680
	21  -  MemoryUsage of job (MB)
	21396  -  ResidentSetSize of job (KB)
...
006 (675049.000.000) 09/17 07:29:39 Image size of job updated: 6845500
	21  -  MemoryUsage of job (MB)
	21396  -  ResidentSetSize of job (KB)
...
006 (675049.000.000) 09/17 07:34:40 Image size of job updated: 6869192
	21  -  MemoryUsage of job (MB)
	21396  -  ResidentSetSize of job (KB)
...
006 (675049.000.000) 09/17 07:39:40 Image size of job updated: 6892432
	21  -  MemoryUsage of job (MB)
	21396  -  ResidentSetSize of job (KB)
...
006 (675049.000.000) 09/17 07:44:41 Image size of job updated: 6915972
	21  -  MemoryUsage of job (MB)
	21396  -  ResidentSetSize of job (KB)
...
006 (675049.000.000) 09/17 07:49:42 Image size of job updated: 6939712
	21  -  MemoryUsage of job (MB)
	21396  -  ResidentSetSize of job (KB)
...
006 (675049.000.000) 09/17 07:54:42 Image size of job updated: 6962596
	21  -  MemoryUsage of job (MB)
	21396  -  ResidentSetSize of job (KB)
...
006 (675049.000.000) 09/17 07:59:42 Image size of job updated: 6985720
	21  -  MemoryUsage of job (MB)
	21396  -  ResidentSetSize of job (KB)
...
006 (675049.000.000) 09/17 08:04:43 Image size of job updated: 7009076
	21  -  MemoryUsage of job (MB)
	21396  -  ResidentSetSize of job (KB)
...
006 (675049.000.000) 09/17 08:09:44 Image size of job updated: 7032576
	21  -  MemoryUsage of job (MB)
	21396  -  ResidentSetSize of job (KB)
...
006 (675049.000.000) 09/17 08:14:44 Image size of job updated: 7055648
	21  -  MemoryUsage of job (MB)
	21396  -  ResidentSetSize of job (KB)
...
006 (675049.000.000) 09/17 08:19:44 Image size of job updated: 7078672
	21  -  MemoryUsage of job (MB)
	21396  -  ResidentSetSize of job (KB)
...
006 (675049.000.000) 09/17 08:24:45 Image size of job updated: 7102356
	21  -  MemoryUsage of job (MB)
	21396  -  ResidentSetSize of job (KB)
...
006 (675049.000.000) 09/17 08:29:45 Image size of job updated: 7125660
	21  -  MemoryUsage of job (MB)
	21396  -  ResidentSetSize of job (KB)
...
006 (675049.000.000) 09/17 08:34:45 Image size of job updated: 7148372
	21  -  MemoryUsage of job (MB)
	21396  -  ResidentSetSize of job (KB)
...
006 (675049.000.000) 09/17 08:39:46 Image size of job updated: 7172340
	21  -  MemoryUsage of job (MB)
	21396  -  ResidentSetSize of job (KB)
...
006 (675049.000.000) 09/17 08:44:47 Image size of job updated: 7195872
	21  -  MemoryUsage of job (MB)
	21396  -  ResidentSetSize of job (KB)
...
006 (675049.000.000) 09/17 08:49:47 Image size of job updated: 7219536
	21  -  MemoryUsage of job (MB)
	21396  -  ResidentSetSize of job (KB)
...
006 (675049.000.000) 09/17 08:54:48 Image size of job updated: 7242436
	21  -  MemoryUsage of job (MB)
	21396  -  ResidentSetSize of job (KB)
...
006 (675049.000.000) 09/17 08:59:49 Image size of job updated: 7266600
	21  -  MemoryUsage of job (MB)
	21396  -  ResidentSetSize of job (KB)
...
006 (675049.000.000) 09/17 09:04:49 Image size of job updated: 7290336
	21  -  MemoryUsage of job (MB)
	21396  -  ResidentSetSize of job (KB)
...
006 (675049.000.000) 09/17 09:09:49 Image size of job updated: 7313516
	21  -  MemoryUsage of job (MB)
	21396  -  ResidentSetSize of job (KB)
...
006 (675049.000.000) 09/17 09:14:50 Image size of job updated: 7337172
	21  -  MemoryUsage of job (MB)
	21396  -  ResidentSetSize of job (KB)
...
006 (675049.000.000) 09/17 09:19:51 Image size of job updated: 7361032
	21  -  MemoryUsage of job (MB)
	21396  -  ResidentSetSize of job (KB)
...
006 (675049.000.000) 09/17 09:24:51 Image size of job updated: 7383740
	21  -  MemoryUsage of job (MB)
	21396  -  ResidentSetSize of job (KB)
...
006 (675049.000.000) 09/17 09:29:52 Image size of job updated: 7406848
	21  -  MemoryUsage of job (MB)
	21396  -  ResidentSetSize of job (KB)
...
006 (675049.000.000) 09/17 09:34:53 Image size of job updated: 7430516
	21  -  MemoryUsage of job (MB)
	21396  -  ResidentSetSize of job (KB)
...
006 (675049.000.000) 09/17 09:39:53 Image size of job updated: 7454480
	21  -  MemoryUsage of job (MB)
	21396  -  ResidentSetSize of job (KB)
...
006 (675049.000.000) 09/17 09:44:53 Image size of job updated: 7477920
	21  -  MemoryUsage of job (MB)
	21396  -  ResidentSetSize of job (KB)
...
006 (675049.000.000) 09/17 09:49:54 Image size of job updated: 7501212
	21  -  MemoryUsage of job (MB)
	21396  -  ResidentSetSize of job (KB)
...
006 (675049.000.000) 09/17 09:54:55 Image size of job updated: 7524608
	21  -  MemoryUsage of job (MB)
	21396  -  ResidentSetSize of job (KB)
...
006 (675049.000.000) 09/17 09:59:55 Image size of job updated: 7547832
	21  -  MemoryUsage of job (MB)
	21396  -  ResidentSetSize of job (KB)
...
006 (675049.000.000) 09/17 10:04:55 Image size of job updated: 7570884
	21  -  MemoryUsage of job (MB)
	21396  -  ResidentSetSize of job (KB)
...
006 (675049.000.000) 09/17 10:09:56 Image size of job updated: 7594288
	21  -  MemoryUsage of job (MB)
	21396  -  ResidentSetSize of job (KB)
...
006 (675049.000.000) 09/17 10:14:56 Image size of job updated: 7617532
	21  -  MemoryUsage of job (MB)
	21396  -  ResidentSetSize of job (KB)
...
006 (675049.000.000) 09/17 10:19:56 Image size of job updated: 7640660
	21  -  MemoryUsage of job (MB)
	21396  -  ResidentSetSize of job (KB)
...
006 (675049.000.000) 09/17 10:24:57 Image size of job updated: 7663532
	21  -  MemoryUsage of job (MB)
	21396  -  ResidentSetSize of job (KB)
...
006 (675049.000.000) 09/17 10:29:58 Image size of job updated: 7686592
	21  -  MemoryUsage of job (MB)
	21396  -  ResidentSetSize of job (KB)
...
006 (675049.000.000) 09/17 10:34:58 Image size of job updated: 7709724
	21  -  MemoryUsage of job (MB)
	21396  -  ResidentSetSize of job (KB)
...
006 (675049.000.000) 09/17 10:39:58 Image size of job updated: 7732772
	21  -  MemoryUsage of job (MB)
	21396  -  ResidentSetSize of job (KB)
...
006 (675049.000.000) 09/17 10:44:59 Image size of job updated: 7756092
	21  -  MemoryUsage of job (MB)
	21396  -  ResidentSetSize of job (KB)
...
006 (675049.000.000) 09/17 10:49:59 Image size of job updated: 7779192
	21  -  MemoryUsage of job (MB)
	21396  -  ResidentSetSize of job (KB)
...
006 (675049.000.000) 09/17 10:54:59 Image size of job updated: 7802528
	21  -  MemoryUsage of job (MB)
	21396  -  ResidentSetSize of job (KB)
...
006 (675049.000.000) 09/17 11:00:00 Image size of job updated: 7825324
	21  -  MemoryUsage of job (MB)
	21396  -  ResidentSetSize of job (KB)
...
006 (675049.000.000) 09/17 11:05:01 Image size of job updated: 7847920
	21  -  MemoryUsage of job (MB)
	21396  -  ResidentSetSize of job (KB)
...
006 (675049.000.000) 09/17 11:10:01 Image size of job updated: 7871020
	21  -  MemoryUsage of job (MB)
	21396  -  ResidentSetSize of job (KB)
...
006 (675049.000.000) 09/17 11:15:02 Image size of job updated: 7894100
	21  -  MemoryUsage of job (MB)
	21396  -  ResidentSetSize of job (KB)
...
006 (675049.000.000) 09/17 11:20:03 Image size of job updated: 7917436
	21  -  MemoryUsage of job (MB)
	21396  -  ResidentSetSize of job (KB)
...
006 (675049.000.000) 09/17 11:25:03 Image size of job updated: 7940444
	21  -  MemoryUsage of job (MB)
	21396  -  ResidentSetSize of job (KB)
...
006 (675049.000.000) 09/17 11:30:03 Image size of job updated: 7961856
	21  -  MemoryUsage of job (MB)
	21396  -  ResidentSetSize of job (KB)
...
006 (675049.000.000) 09/17 11:35:04 Image size of job updated: 7982416
	21  -  MemoryUsage of job (MB)
	21396  -  ResidentSetSize of job (KB)
...
006 (675049.000.000) 09/17 11:40:05 Image size of job updated: 8003340
	21  -  MemoryUsage of job (MB)
	21396  -  ResidentSetSize of job (KB)
...
006 (675049.000.000) 09/17 11:45:05 Image size of job updated: 8024924
	21  -  MemoryUsage of job (MB)
	21396  -  ResidentSetSize of job (KB)
...
006 (675049.000.000) 09/17 11:50:06 Image size of job updated: 8046168
	21  -  MemoryUsage of job (MB)
	21396  -  ResidentSetSize of job (KB)
...
006 (675049.000.000) 09/17 11:55:07 Image size of job updated: 8065604
	21  -  MemoryUsage of job (MB)
	21396  -  ResidentSetSize of job (KB)
...
006 (675049.000.000) 09/17 12:00:07 Image size of job updated: 8087500
	21  -  MemoryUsage of job (MB)
	21396  -  ResidentSetSize of job (KB)
...
006 (675049.000.000) 09/17 12:05:07 Image size of job updated: 8108336
	21  -  MemoryUsage of job (MB)
	21396  -  ResidentSetSize of job (KB)
...
006 (675049.000.000) 09/17 12:10:08 Image size of job updated: 8129936
	21  -  MemoryUsage of job (MB)
	21396  -  ResidentSetSize of job (KB)
...
006 (675049.000.000) 09/17 12:15:09 Image size of job updated: 8151504
	21  -  MemoryUsage of job (MB)
	21396  -  ResidentSetSize of job (KB)
...
006 (675049.000.000) 09/17 12:20:09 Image size of job updated: 8172464
	21  -  MemoryUsage of job (MB)
	21396  -  ResidentSetSize of job (KB)
...
006 (675049.000.000) 09/17 12:25:10 Image size of job updated: 8194040
	21  -  MemoryUsage of job (MB)
	21396  -  ResidentSetSize of job (KB)
...
006 (675049.000.000) 09/17 12:30:11 Image size of job updated: 8215672
	21  -  MemoryUsage of job (MB)
	21396  -  ResidentSetSize of job (KB)
...
006 (675049.000.000) 09/17 12:35:11 Image size of job updated: 8238672
	21  -  MemoryUsage of job (MB)
	21396  -  ResidentSetSize of job (KB)
...
006 (675049.000.000) 09/17 12:40:11 Image size of job updated: 8261644
	21  -  MemoryUsage of job (MB)
	21396  -  ResidentSetSize of job (KB)
...
006 (675049.000.000) 09/17 12:45:12 Image size of job updated: 8285172
	21  -  MemoryUsage of job (MB)
	21396  -  ResidentSetSize of job (KB)
...
006 (675049.000.000) 09/17 12:50:13 Image size of job updated: 8309056
	21  -  MemoryUsage of job (MB)
	21396  -  ResidentSetSize of job (KB)
...
006 (675049.000.000) 09/17 12:55:13 Image size of job updated: 8332728
	21  -  MemoryUsage of job (MB)
	21396  -  ResidentSetSize of job (KB)
...
006 (675049.000.000) 09/17 13:00:14 Image size of job updated: 8356272
	21  -  MemoryUsage of job (MB)
	21396  -  ResidentSetSize of job (KB)
...
006 (675049.000.000) 09/17 13:05:15 Image size of job updated: 8378764
	21  -  MemoryUsage of job (MB)
	21396  -  ResidentSetSize of job (KB)
...
006 (675049.000.000) 09/17 13:10:15 Image size of job updated: 8402372
	21  -  MemoryUsage of job (MB)
	21396  -  ResidentSetSize of job (KB)
...
006 (675049.000.000) 09/17 13:15:15 Image size of job updated: 8425208
	21  -  MemoryUsage of job (MB)
	21396  -  ResidentSetSize of job (KB)
...
006 (675049.000.000) 09/17 13:20:16 Image size of job updated: 8447660
	21  -  MemoryUsage of job (MB)
	21396  -  ResidentSetSize of job (KB)
...
006 (675049.000.000) 09/17 13:25:17 Image size of job updated: 8469136
	21  -  MemoryUsage of job (MB)
	21396  -  ResidentSetSize of job (KB)
...
006 (675049.000.000) 09/17 13:30:17 Image size of job updated: 8491528
	21  -  MemoryUsage of job (MB)
	21396  -  ResidentSetSize of job (KB)
...
006 (675049.000.000) 09/17 13:35:18 Image size of job updated: 8513532
	21  -  MemoryUsage of job (MB)
	21396  -  ResidentSetSize of job (KB)
...
006 (675049.000.000) 09/17 13:40:19 Image size of job updated: 8535684
	21  -  MemoryUsage of job (MB)
	21396  -  ResidentSetSize of job (KB)
...
006 (675049.000.000) 09/17 13:45:19 Image size of job updated: 8558660
	21  -  MemoryUsage of job (MB)
	21396  -  ResidentSetSize of job (KB)
...
006 (675049.000.000) 09/17 13:50:19 Image size of job updated: 8581812
	21  -  MemoryUsage of job (MB)
	21396  -  ResidentSetSize of job (KB)
...
006 (675049.000.000) 09/17 13:55:20 Image size of job updated: 8604652
	21  -  MemoryUsage of job (MB)
	21396  -  ResidentSetSize of job (KB)
...
006 (675049.000.000) 09/17 14:00:21 Image size of job updated: 8627692
	21  -  MemoryUsage of job (MB)
	21396  -  ResidentSetSize of job (KB)
...
006 (675049.000.000) 09/17 14:05:21 Image size of job updated: 8650184
	21  -  MemoryUsage of job (MB)
	21396  -  ResidentSetSize of job (KB)
...
006 (675049.000.000) 09/17 14:10:21 Image size of job updated: 8673692
	21  -  MemoryUsage of job (MB)
	21396  -  ResidentSetSize of job (KB)
...
006 (675049.000.000) 09/17 14:15:22 Image size of job updated: 8695516
	21  -  MemoryUsage of job (MB)
	21396  -  ResidentSetSize of job (KB)
...
006 (675049.000.000) 09/17 14:20:22 Image size of job updated: 8718280
	21  -  MemoryUsage of job (MB)
	21396  -  ResidentSetSize of job (KB)
...
006 (675049.000.000) 09/17 14:25:22 Image size of job updated: 8741220
	21  -  MemoryUsage of job (MB)
	21396  -  ResidentSetSize of job (KB)
...
006 (675049.000.000) 09/17 14:30:23 Image size of job updated: 8764000
	21  -  MemoryUsage of job (MB)
	21396  -  ResidentSetSize of job (KB)
...
006 (675049.000.000) 09/17 14:35:24 Image size of job updated: 8786928
	21  -  MemoryUsage of job (MB)
	21396  -  ResidentSetSize of job (KB)
...
006 (675049.000.000) 09/17 14:40:24 Image size of job updated: 8809656
	21  -  MemoryUsage of job (MB)
	21396  -  ResidentSetSize of job (KB)
...
006 (675049.000.000) 09/17 14:45:25 Image size of job updated: 8832612
	21  -  MemoryUsage of job (MB)
	21396  -  ResidentSetSize of job (KB)
...
006 (675049.000.000) 09/17 14:50:26 Image size of job updated: 8855860
	21  -  MemoryUsage of job (MB)
	21396  -  ResidentSetSize of job (KB)
...
006 (675049.000.000) 09/17 14:55:26 Image size of job updated: 8878560
	21  -  MemoryUsage of job (MB)
	21396  -  ResidentSetSize of job (KB)
...
006 (675049.000.000) 09/17 15:00:26 Image size of job updated: 8901848
	21  -  MemoryUsage of job (MB)
	21396  -  ResidentSetSize of job (KB)
...
006 (675049.000.000) 09/17 15:05:27 Image size of job updated: 8923844
	21  -  MemoryUsage of job (MB)
	21396  -  ResidentSetSize of job (KB)
...
006 (675049.000.000) 09/17 15:10:28 Image size of job updated: 8946604
	21  -  MemoryUsage of job (MB)
	21396  -  ResidentSetSize of job (KB)
...
006 (675049.000.000) 09/17 15:15:28 Image size of job updated: 8969772
	21  -  MemoryUsage of job (MB)
	21396  -  ResidentSetSize of job (KB)
...
006 (675049.000.000) 09/17 15:20:28 Image size of job updated: 8992752
	21  -  MemoryUsage of job (MB)
	21396  -  ResidentSetSize of job (KB)
...
006 (675049.000.000) 09/17 15:25:29 Image size of job updated: 9015468
	21  -  MemoryUsage of job (MB)
	21396  -  ResidentSetSize of job (KB)
...
006 (675049.000.000) 09/17 15:30:29 Image size of job updated: 9038228
	21  -  MemoryUsage of job (MB)
	21396  -  ResidentSetSize of job (KB)
...
006 (675049.000.000) 09/17 15:35:29 Image size of job updated: 9060388
	21  -  MemoryUsage of job (MB)
	21396  -  ResidentSetSize of job (KB)
...
006 (675049.000.000) 09/17 15:40:30 Image size of job updated: 9083268
	21  -  MemoryUsage of job (MB)
	21396  -  ResidentSetSize of job (KB)
...
006 (675049.000.000) 09/17 15:45:31 Image size of job updated: 9105048
	21  -  MemoryUsage of job (MB)
	21396  -  ResidentSetSize of job (KB)
...
006 (675049.000.000) 09/17 15:50:31 Image size of job updated: 9129072
	21  -  MemoryUsage of job (MB)
	21396  -  ResidentSetSize of job (KB)
...
006 (675049.000.000) 09/17 15:55:32 Image size of job updated: 9151220
	21  -  MemoryUsage of job (MB)
	21396  -  ResidentSetSize of job (KB)
...
006 (675049.000.000) 09/17 16:00:33 Image size of job updated: 9173916
	21  -  MemoryUsage of job (MB)
	21396  -  ResidentSetSize of job (KB)
...
006 (675049.000.000) 09/17 16:05:33 Image size of job updated: 9196708
	21  -  MemoryUsage of job (MB)
	21396  -  ResidentSetSize of job (KB)
...
006 (675049.000.000) 09/17 16:10:33 Image size of job updated: 9219352
	21  -  MemoryUsage of job (MB)
	21396  -  ResidentSetSize of job (KB)
...
006 (675049.000.000) 09/17 16:15:34 Image size of job updated: 9242488
	21  -  MemoryUsage of job (MB)
	21396  -  ResidentSetSize of job (KB)
...
006 (675049.000.000) 09/17 16:20:34 Image size of job updated: 9265084
	21  -  MemoryUsage of job (MB)
	21396  -  ResidentSetSize of job (KB)
...
006 (675049.000.000) 09/17 16:25:34 Image size of job updated: 9288292
	21  -  MemoryUsage of job (MB)
	21396  -  ResidentSetSize of job (KB)
...
006 (675049.000.000) 09/17 16:30:35 Image size of job updated: 9311260
	21  -  MemoryUsage of job (MB)
	21396  -  ResidentSetSize of job (KB)
...
006 (675049.000.000) 09/17 16:35:36 Image size of job updated: 9333588
	21  -  MemoryUsage of job (MB)
	21396  -  ResidentSetSize of job (KB)
...
006 (675049.000.000) 09/17 16:40:36 Image size of job updated: 9355948
	21  -  MemoryUsage of job (MB)
	21396  -  ResidentSetSize of job (KB)
...
006 (675049.000.000) 09/17 16:45:36 Image size of job updated: 9378764
	21  -  MemoryUsage of job (MB)
	21396  -  ResidentSetSize of job (KB)
...
006 (675049.000.000) 09/17 16:50:38 Image size of job updated: 9401064
	21  -  MemoryUsage of job (MB)
	21396  -  ResidentSetSize of job (KB)
...
006 (675049.000.000) 09/17 16:55:38 Image size of job updated: 9423916
	21  -  MemoryUsage of job (MB)
	21396  -  ResidentSetSize of job (KB)
...
006 (675049.000.000) 09/17 17:00:38 Image size of job updated: 9446092
	21  -  MemoryUsage of job (MB)
	21396  -  ResidentSetSize of job (KB)
...
006 (675049.000.000) 09/17 17:05:39 Image size of job updated: 9467536
	21  -  MemoryUsage of job (MB)
	21396  -  ResidentSetSize of job (KB)
...
006 (675049.000.000) 09/17 17:10:40 Image size of job updated: 9490100
	21  -  MemoryUsage of job (MB)
	21396  -  ResidentSetSize of job (KB)
...
006 (675049.000.000) 09/17 17:15:40 Image size of job updated: 9512520
	21  -  MemoryUsage of job (MB)
	21396  -  ResidentSetSize of job (KB)
...
006 (675049.000.000) 09/17 17:20:40 Image size of job updated: 9534808
	21  -  MemoryUsage of job (MB)
	21396  -  ResidentSetSize of job (KB)
...
006 (675049.000.000) 09/17 17:25:41 Image size of job updated: 9555928
	21  -  MemoryUsage of job (MB)
	21396  -  ResidentSetSize of job (KB)
...
006 (675049.000.000) 09/17 17:30:41 Image size of job updated: 9576060
	21  -  MemoryUsage of job (MB)
	21396  -  ResidentSetSize of job (KB)
...
006 (675049.000.000) 09/17 17:35:41 Image size of job updated: 9596532
	21  -  MemoryUsage of job (MB)
	21396  -  ResidentSetSize of job (KB)
...
006 (675049.000.000) 09/17 17:40:42 Image size of job updated: 9617364
	21  -  MemoryUsage of job (MB)
	21396  -  ResidentSetSize of job (KB)
...
006 (675049.000.000) 09/17 17:45:43 Image size of job updated: 9638212
	21  -  MemoryUsage of job (MB)
	21396  -  ResidentSetSize of job (KB)
...
006 (675049.000.000) 09/17 17:50:43 Image size of job updated: 9659464
	21  -  MemoryUsage of job (MB)
	21396  -  ResidentSetSize of job (KB)
...
006 (675049.000.000) 09/17 17:55:43 Image size of job updated: 9680688
	21  -  MemoryUsage of job (MB)
	21396  -  ResidentSetSize of job (KB)
...
006 (675049.000.000) 09/17 18:00:44 Image size of job updated: 9701340
	21  -  MemoryUsage of job (MB)
	21396  -  ResidentSetSize of job (KB)
...
006 (675049.000.000) 09/17 18:05:44 Image size of job updated: 9721316
	21  -  MemoryUsage of job (MB)
	21396  -  ResidentSetSize of job (KB)
...
006 (675049.000.000) 09/17 18:10:44 Image size of job updated: 9742284
	21  -  MemoryUsage of job (MB)
	21396  -  ResidentSetSize of job (KB)
...
006 (675049.000.000) 09/17 18:15:45 Image size of job updated: 9763304
	21  -  MemoryUsage of job (MB)
	21396  -  ResidentSetSize of job (KB)
...
006 (675049.000.000) 09/17 18:20:46 Image size of job updated: 9784564
	21  -  MemoryUsage of job (MB)
	21396  -  ResidentSetSize of job (KB)
...
006 (675049.000.000) 09/17 18:25:46 Image size of job updated: 9805656
	21  -  MemoryUsage of job (MB)
	21396  -  ResidentSetSize of job (KB)
...
006 (675049.000.000) 09/17 18:30:46 Image size of job updated: 9826812
	21  -  MemoryUsage of job (MB)
	21396  -  ResidentSetSize of job (KB)
...
006 (675049.000.000) 09/17 18:35:47 Image size of job updated: 9848832
	21  -  MemoryUsage of job (MB)
	21396  -  ResidentSetSize of job (KB)
...
006 (675049.000.000) 09/17 18:40:47 Image size of job updated: 9871568
	21  -  MemoryUsage of job (MB)
	21396  -  ResidentSetSize of job (KB)
...
006 (675049.000.000) 09/17 18:45:47 Image size of job updated: 9894896
	21  -  MemoryUsage of job (MB)
	21396  -  ResidentSetSize of job (KB)
...
006 (675049.000.000) 09/17 18:50:48 Image size of job updated: 9917736
	21  -  MemoryUsage of job (MB)
	21396  -  ResidentSetSize of job (KB)
...
006 (675049.000.000) 09/17 18:55:49 Image size of job updated: 9940588
	21  -  MemoryUsage of job (MB)
	21396  -  ResidentSetSize of job (KB)
...
006 (675049.000.000) 09/17 19:00:49 Image size of job updated: 9963168
	21  -  MemoryUsage of job (MB)
	21396  -  ResidentSetSize of job (KB)
...
006 (675049.000.000) 09/17 19:05:50 Image size of job updated: 9986016
	21  -  MemoryUsage of job (MB)
	21396  -  ResidentSetSize of job (KB)
...
006 (675049.000.000) 09/17 19:10:51 Image size of job updated: 10008632
	21  -  MemoryUsage of job (MB)
	21396  -  ResidentSetSize of job (KB)
...
006 (675049.000.000) 09/17 19:15:51 Image size of job updated: 10031040
	21  -  MemoryUsage of job (MB)
	21396  -  ResidentSetSize of job (KB)
...
006 (675049.000.000) 09/17 19:20:51 Image size of job updated: 10054412
	21  -  MemoryUsage of job (MB)
	21396  -  ResidentSetSize of job (KB)
...
006 (675049.000.000) 09/17 19:25:52 Image size of job updated: 10077428
	21  -  MemoryUsage of job (MB)
	21396  -  ResidentSetSize of job (KB)
...
006 (675049.000.000) 09/17 19:30:53 Image size of job updated: 10100504
	21  -  MemoryUsage of job (MB)
	21396  -  ResidentSetSize of job (KB)
...
006 (675049.000.000) 09/17 19:35:53 Image size of job updated: 10122852
	21  -  MemoryUsage of job (MB)
	21396  -  ResidentSetSize of job (KB)
...
006 (675049.000.000) 09/17 19:40:53 Image size of job updated: 10145388
	21  -  MemoryUsage of job (MB)
	21396  -  ResidentSetSize of job (KB)
...
006 (675049.000.000) 09/17 19:45:54 Image size of job updated: 10168432
	21  -  MemoryUsage of job (MB)
	21396  -  ResidentSetSize of job (KB)
...
006 (675049.000.000) 09/17 19:50:54 Image size of job updated: 10190996
	21  -  MemoryUsage of job (MB)
	21396  -  ResidentSetSize of job (KB)
...
006 (675049.000.000) 09/17 19:55:54 Image size of job updated: 10213792
	21  -  MemoryUsage of job (MB)
	21396  -  ResidentSetSize of job (KB)
...
006 (675049.000.000) 09/17 20:00:55 Image size of job updated: 10236528
	21  -  MemoryUsage of job (MB)
	21396  -  ResidentSetSize of job (KB)
...
006 (675049.000.000) 09/17 20:05:56 Image size of job updated: 10259580
	21  -  MemoryUsage of job (MB)
	21396  -  ResidentSetSize of job (KB)
...
006 (675049.000.000) 09/17 20:10:56 Image size of job updated: 10281440
	21  -  MemoryUsage of job (MB)
	21396  -  ResidentSetSize of job (KB)
...
006 (675049.000.000) 09/17 20:15:56 Image size of job updated: 10306360
	21  -  MemoryUsage of job (MB)
	21396  -  ResidentSetSize of job (KB)
...
006 (675049.000.000) 09/17 20:20:57 Image size of job updated: 10327688
	21  -  MemoryUsage of job (MB)
	21396  -  ResidentSetSize of job (KB)
...
006 (675049.000.000) 09/17 20:25:57 Image size of job updated: 10350724
	21  -  MemoryUsage of job (MB)
	21396  -  ResidentSetSize of job (KB)
...
006 (675049.000.000) 09/17 20:30:57 Image size of job updated: 10374048
	21  -  MemoryUsage of job (MB)
	21396  -  ResidentSetSize of job (KB)
...
006 (675049.000.000) 09/17 20:35:58 Image size of job updated: 10396792
	21  -  MemoryUsage of job (MB)
	21396  -  ResidentSetSize of job (KB)
...
006 (675049.000.000) 09/17 20:40:58 Image size of job updated: 10420356
	21  -  MemoryUsage of job (MB)
	21396  -  ResidentSetSize of job (KB)
...
006 (675049.000.000) 09/17 20:45:58 Image size of job updated: 10443092
	21  -  MemoryUsage of job (MB)
	21396  -  ResidentSetSize of job (KB)
...
006 (675049.000.000) 09/17 20:50:59 Image size of job updated: 10466124
	21  -  MemoryUsage of job (MB)
	21396  -  ResidentSetSize of job (KB)
...
006 (675049.000.000) 09/17 20:56:00 Image size of job updated: 10489956
	21  -  MemoryUsage of job (MB)
	21396  -  ResidentSetSize of job (KB)
...
006 (675049.000.000) 09/17 21:01:00 Image size of job updated: 10512732
	21  -  MemoryUsage of job (MB)
	21396  -  ResidentSetSize of job (KB)
...
006 (675049.000.000) 09/17 21:06:00 Image size of job updated: 10536076
	21  -  MemoryUsage of job (MB)
	21396  -  ResidentSetSize of job (KB)
...
006 (675049.000.000) 09/17 21:11:01 Image size of job updated: 10559292
	21  -  MemoryUsage of job (MB)
	21396  -  ResidentSetSize of job (KB)
...
006 (675049.000.000) 09/17 21:16:01 Image size of job updated: 10582712
	21  -  MemoryUsage of job (MB)
	21396  -  ResidentSetSize of job (KB)
...
006 (675049.000.000) 09/17 21:21:01 Image size of job updated: 10605856
	21  -  MemoryUsage of job (MB)
	21396  -  ResidentSetSize of job (KB)
...
006 (675049.000.000) 09/17 21:26:02 Image size of job updated: 10629432
	21  -  MemoryUsage of job (MB)
	21396  -  ResidentSetSize of job (KB)
...
006 (675049.000.000) 09/17 21:31:03 Image size of job updated: 10653536
	21  -  MemoryUsage of job (MB)
	21396  -  ResidentSetSize of job (KB)
...
006 (675049.000.000) 09/17 21:36:03 Image size of job updated: 10676620
	21  -  MemoryUsage of job (MB)
	21396  -  ResidentSetSize of job (KB)
...
006 (675049.000.000) 09/17 21:41:03 Image size of job updated: 10699552
	21  -  MemoryUsage of job (MB)
	21396  -  ResidentSetSize of job (KB)
...
006 (675049.000.000) 09/17 21:46:04 Image size of job updated: 10723688
	21  -  MemoryUsage of job (MB)
	21396  -  ResidentSetSize of job (KB)
...
006 (675049.000.000) 09/17 21:51:05 Image size of job updated: 10746628
	21  -  MemoryUsage of job (MB)
	21396  -  ResidentSetSize of job (KB)
...
006 (675049.000.000) 09/17 21:56:05 Image size of job updated: 10769952
	21  -  MemoryUsage of job (MB)
	21396  -  ResidentSetSize of job (KB)
...
006 (675049.000.000) 09/17 22:01:06 Image size of job updated: 10793260
	21  -  MemoryUsage of job (MB)
	21396  -  ResidentSetSize of job (KB)
...
006 (675049.000.000) 09/17 22:06:07 Image size of job updated: 10814180
	21  -  MemoryUsage of job (MB)
	21396  -  ResidentSetSize of job (KB)
...
006 (675049.000.000) 09/17 22:11:07 Image size of job updated: 10837320
	21  -  MemoryUsage of job (MB)
	21396  -  ResidentSetSize of job (KB)
...
006 (675049.000.000) 09/17 22:16:07 Image size of job updated: 10860832
	21  -  MemoryUsage of job (MB)
	21396  -  ResidentSetSize of job (KB)
...
006 (675049.000.000) 09/17 22:21:08 Image size of job updated: 10883816
	21  -  MemoryUsage of job (MB)
	21396  -  ResidentSetSize of job (KB)
...
006 (675049.000.000) 09/17 22:26:09 Image size of job updated: 10907088
	21  -  MemoryUsage of job (MB)
	21396  -  ResidentSetSize of job (KB)
...
006 (675049.000.000) 09/17 22:31:09 Image size of job updated: 10930260
	21  -  MemoryUsage of job (MB)
	21396  -  ResidentSetSize of job (KB)
...
006 (675049.000.000) 09/17 22:36:10 Image size of job updated: 10952984
	21  -  MemoryUsage of job (MB)
	21396  -  ResidentSetSize of job (KB)
...
006 (675049.000.000) 09/17 22:41:11 Image size of job updated: 10975908
	21  -  MemoryUsage of job (MB)
	21396  -  ResidentSetSize of job (KB)
...
006 (675049.000.000) 09/17 22:46:11 Image size of job updated: 10998960
	21  -  MemoryUsage of job (MB)
	21396  -  ResidentSetSize of job (KB)
...
006 (675049.000.000) 09/17 22:51:11 Image size of job updated: 11022524
	21  -  MemoryUsage of job (MB)
	21396  -  ResidentSetSize of job (KB)
...
006 (675049.000.000) 09/17 22:56:12 Image size of job updated: 11045532
	21  -  MemoryUsage of job (MB)
	21396  -  ResidentSetSize of job (KB)
...
006 (675049.000.000) 09/17 23:01:13 Image size of job updated: 11068612
	21  -  MemoryUsage of job (MB)
	21396  -  ResidentSetSize of job (KB)
...
006 (675049.000.000) 09/17 23:06:13 Image size of job updated: 11090500
	21  -  MemoryUsage of job (MB)
	21396  -  ResidentSetSize of job (KB)
...
006 (675049.000.000) 09/17 23:11:14 Image size of job updated: 11113476
	21  -  MemoryUsage of job (MB)
	21396  -  ResidentSetSize of job (KB)
...
006 (675049.000.000) 09/17 23:16:15 Image size of job updated: 11136448
	21  -  MemoryUsage of job (MB)
	21396  -  ResidentSetSize of job (KB)
...
006 (675049.000.000) 09/17 23:21:15 Image size of job updated: 11158844
	21  -  MemoryUsage of job (MB)
	21396  -  ResidentSetSize of job (KB)
...
006 (675049.000.000) 09/17 23:26:15 Image size of job updated: 11180388
	21  -  MemoryUsage of job (MB)
	21396  -  ResidentSetSize of job (KB)
...
006 (675049.000.000) 09/17 23:31:16 Image size of job updated: 11201588
	21  -  MemoryUsage of job (MB)
	21396  -  ResidentSetSize of job (KB)
...
006 (675049.000.000) 09/17 23:36:17 Image size of job updated: 11221876
	21  -  MemoryUsage of job (MB)
	21396  -  ResidentSetSize of job (KB)
...
006 (675049.000.000) 09/17 23:41:17 Image size of job updated: 11243044
	21  -  MemoryUsage of job (MB)
	21396  -  ResidentSetSize of job (KB)
...
006 (675049.000.000) 09/17 23:46:18 Image size of job updated: 11264888
	21  -  MemoryUsage of job (MB)
	21396  -  ResidentSetSize of job (KB)
...
006 (675049.000.000) 09/17 23:51:19 Image size of job updated: 11287168
	21  -  MemoryUsage of job (MB)
	21396  -  ResidentSetSize of job (KB)
...
006 (675049.000.000) 09/17 23:56:19 Image size of job updated: 11308228
	21  -  MemoryUsage of job (MB)
	21396  -  ResidentSetSize of job (KB)
...
006 (675049.000.000) 09/18 00:01:19 Image size of job updated: 11330592
	21  -  MemoryUsage of job (MB)
	21396  -  ResidentSetSize of job (KB)
...
006 (675049.000.000) 09/18 00:06:20 Image size of job updated: 11351204
	21  -  MemoryUsage of job (MB)
	21396  -  ResidentSetSize of job (KB)
...
006 (675049.000.000) 09/18 00:11:21 Image size of job updated: 11372660
	21  -  MemoryUsage of job (MB)
	21396  -  ResidentSetSize of job (KB)
...
006 (675049.000.000) 09/18 00:16:21 Image size of job updated: 11394240
	21  -  MemoryUsage of job (MB)
	21396  -  ResidentSetSize of job (KB)
...
006 (675049.000.000) 09/18 00:21:21 Image size of job updated: 11415060
	21  -  MemoryUsage of job (MB)
	21396  -  ResidentSetSize of job (KB)
...
006 (675049.000.000) 09/18 00:26:22 Image size of job updated: 11436908
	21  -  MemoryUsage of job (MB)
	21396  -  ResidentSetSize of job (KB)
...
006 (675049.000.000) 09/18 00:31:22 Image size of job updated: 11460168
	21  -  MemoryUsage of job (MB)
	21396  -  ResidentSetSize of job (KB)
...
006 (675049.000.000) 09/18 00:36:22 Image size of job updated: 11482556
	21  -  MemoryUsage of job (MB)
	21396  -  ResidentSetSize of job (KB)
...
006 (675049.000.000) 09/18 00:41:23 Image size of job updated: 11505752
	21  -  MemoryUsage of job (MB)
	21396  -  ResidentSetSize of job (KB)
...
006 (675049.000.000) 09/18 00:46:24 Image size of job updated: 11529520
	21  -  MemoryUsage of job (MB)
	21396  -  ResidentSetSize of job (KB)
...
006 (675049.000.000) 09/18 00:51:24 Image size of job updated: 11552188
	21  -  MemoryUsage of job (MB)
	21396  -  ResidentSetSize of job (KB)
...
006 (675049.000.000) 09/18 00:56:24 Image size of job updated: 11575892
	21  -  MemoryUsage of job (MB)
	21396  -  ResidentSetSize of job (KB)
...
006 (675049.000.000) 09/18 01:01:25 Image size of job updated: 11598544
	21  -  MemoryUsage of job (MB)
	21396  -  ResidentSetSize of job (KB)
...
006 (675049.000.000) 09/18 01:06:25 Image size of job updated: 11620916
	21  -  MemoryUsage of job (MB)
	21396  -  ResidentSetSize of job (KB)
...
006 (675049.000.000) 09/18 01:11:25 Image size of job updated: 11643180
	21  -  MemoryUsage of job (MB)
	21396  -  ResidentSetSize of job (KB)
...
006 (675049.000.000) 09/18 01:16:26 Image size of job updated: 11666352
	21  -  MemoryUsage of job (MB)
	21396  -  ResidentSetSize of job (KB)
...
006 (675049.000.000) 09/18 01:21:27 Image size of job updated: 11688872
	21  -  MemoryUsage of job (MB)
	21396  -  ResidentSetSize of job (KB)
...
006 (675049.000.000) 09/18 01:26:27 Image size of job updated: 11712320
	21  -  MemoryUsage of job (MB)
	21396  -  ResidentSetSize of job (KB)
...
006 (675049.000.000) 09/18 01:31:27 Image size of job updated: 11735928
	21  -  MemoryUsage of job (MB)
	21396  -  ResidentSetSize of job (KB)
...
006 (675049.000.000) 09/18 01:36:28 Image size of job updated: 11758852
	21  -  MemoryUsage of job (MB)
	21396  -  ResidentSetSize of job (KB)
...
006 (675049.000.000) 09/18 01:41:28 Image size of job updated: 11781156
	21  -  MemoryUsage of job (MB)
	21396  -  ResidentSetSize of job (KB)
...
006 (675049.000.000) 09/18 01:46:28 Image size of job updated: 11804968
	21  -  MemoryUsage of job (MB)
	21396  -  ResidentSetSize of job (KB)
...
006 (675049.000.000) 09/18 01:51:29 Image size of job updated: 11828404
	21  -  MemoryUsage of job (MB)
	21396  -  ResidentSetSize of job (KB)
...
006 (675049.000.000) 09/18 01:56:30 Image size of job updated: 11852012
	21  -  MemoryUsage of job (MB)
	21396  -  ResidentSetSize of job (KB)
...
006 (675049.000.000) 09/18 02:01:30 Image size of job updated: 11875220
	21  -  MemoryUsage of job (MB)
	21396  -  ResidentSetSize of job (KB)
...
006 (675049.000.000) 09/18 02:06:30 Image size of job updated: 11897892
	21  -  MemoryUsage of job (MB)
	21396  -  ResidentSetSize of job (KB)
...
006 (675049.000.000) 09/18 02:11:31 Image size of job updated: 11920976
	21  -  MemoryUsage of job (MB)
	21396  -  ResidentSetSize of job (KB)
...
006 (675049.000.000) 09/18 02:16:32 Image size of job updated: 11944288
	21  -  MemoryUsage of job (MB)
	21396  -  ResidentSetSize of job (KB)
...
006 (675049.000.000) 09/18 02:21:32 Image size of job updated: 11967116
	21  -  MemoryUsage of job (MB)
	21396  -  ResidentSetSize of job (KB)
...
006 (675049.000.000) 09/18 02:26:33 Image size of job updated: 11990168
	21  -  MemoryUsage of job (MB)
	21396  -  ResidentSetSize of job (KB)
...
006 (675049.000.000) 09/18 02:31:34 Image size of job updated: 12013052
	21  -  MemoryUsage of job (MB)
	21396  -  ResidentSetSize of job (KB)
...
006 (675049.000.000) 09/18 02:36:34 Image size of job updated: 12036120
	21  -  MemoryUsage of job (MB)
	21396  -  ResidentSetSize of job (KB)
...
006 (675049.000.000) 09/18 02:41:34 Image size of job updated: 12058708
	21  -  MemoryUsage of job (MB)
	21396  -  ResidentSetSize of job (KB)
...
006 (675049.000.000) 09/18 02:46:35 Image size of job updated: 12082076
	21  -  MemoryUsage of job (MB)
	21396  -  ResidentSetSize of job (KB)
...
006 (675049.000.000) 09/18 02:51:36 Image size of job updated: 12104396
	21  -  MemoryUsage of job (MB)
	21396  -  ResidentSetSize of job (KB)
...
006 (675049.000.000) 09/18 02:56:36 Image size of job updated: 12127620
	21  -  MemoryUsage of job (MB)
	21396  -  ResidentSetSize of job (KB)
...
006 (675049.000.000) 09/18 03:01:37 Image size of job updated: 12150336
	21  -  MemoryUsage of job (MB)
	21396  -  ResidentSetSize of job (KB)
...
006 (675049.000.000) 09/18 03:06:38 Image size of job updated: 12173340
	21  -  MemoryUsage of job (MB)
	21396  -  ResidentSetSize of job (KB)
...
006 (675049.000.000) 09/18 03:11:38 Image size of job updated: 12195940
	21  -  MemoryUsage of job (MB)
	21396  -  ResidentSetSize of job (KB)
...
006 (675049.000.000) 09/18 03:16:38 Image size of job updated: 12219424
	21  -  MemoryUsage of job (MB)
	21396  -  ResidentSetSize of job (KB)
...
006 (675049.000.000) 09/18 03:21:39 Image size of job updated: 12242612
	21  -  MemoryUsage of job (MB)
	21396  -  ResidentSetSize of job (KB)
...
006 (675049.000.000) 09/18 03:26:40 Image size of job updated: 12265628
	21  -  MemoryUsage of job (MB)
	21396  -  ResidentSetSize of job (KB)
...
006 (675049.000.000) 09/18 03:31:40 Image size of job updated: 12289352
	21  -  MemoryUsage of job (MB)
	21396  -  ResidentSetSize of job (KB)
...
006 (675049.000.000) 09/18 03:36:41 Image size of job updated: 12312616
	21  -  MemoryUsage of job (MB)
	21396  -  ResidentSetSize of job (KB)
...
006 (675049.000.000) 09/18 03:41:42 Image size of job updated: 12335856
	21  -  MemoryUsage of job (MB)
	21396  -  ResidentSetSize of job (KB)
...
006 (675049.000.000) 09/18 03:46:42 Image size of job updated: 12359036
	21  -  MemoryUsage of job (MB)
	21396  -  ResidentSetSize of job (KB)
...
006 (675049.000.000) 09/18 03:51:42 Image size of job updated: 12382076
	21  -  MemoryUsage of job (MB)
	21396  -  ResidentSetSize of job (KB)
...
006 (675049.000.000) 09/18 03:56:43 Image size of job updated: 12405560
	21  -  MemoryUsage of job (MB)
	21396  -  ResidentSetSize of job (KB)
...
006 (675049.000.000) 09/18 04:01:44 Image size of job updated: 12428440
	21  -  MemoryUsage of job (MB)
	21396  -  ResidentSetSize of job (KB)
...
006 (675049.000.000) 09/18 04:06:44 Image size of job updated: 12450972
	21  -  MemoryUsage of job (MB)
	21396  -  ResidentSetSize of job (KB)
...
006 (675049.000.000) 09/18 04:11:44 Image size of job updated: 12473336
	21  -  MemoryUsage of job (MB)
	21396  -  ResidentSetSize of job (KB)
...
006 (675049.000.000) 09/18 04:16:45 Image size of job updated: 12496976
	21  -  MemoryUsage of job (MB)
	21396  -  ResidentSetSize of job (KB)
...
006 (675049.000.000) 09/18 04:21:45 Image size of job updated: 12520368
	21  -  MemoryUsage of job (MB)
	21396  -  ResidentSetSize of job (KB)
...
006 (675049.000.000) 09/18 04:26:45 Image size of job updated: 12542724
	21  -  MemoryUsage of job (MB)
	21396  -  ResidentSetSize of job (KB)
...
006 (675049.000.000) 09/18 04:31:46 Image size of job updated: 12566508
	21  -  MemoryUsage of job (MB)
	21396  -  ResidentSetSize of job (KB)
...
006 (675049.000.000) 09/18 04:36:47 Image size of job updated: 12588796
	21  -  MemoryUsage of job (MB)
	21396  -  ResidentSetSize of job (KB)
...
006 (675049.000.000) 09/18 04:41:47 Image size of job updated: 12611904
	21  -  MemoryUsage of job (MB)
	21396  -  ResidentSetSize of job (KB)
...
006 (675049.000.000) 09/18 04:46:47 Image size of job updated: 12634336
	21  -  MemoryUsage of job (MB)
	21396  -  ResidentSetSize of job (KB)
...
006 (675049.000.000) 09/18 04:51:48 Image size of job updated: 12657696
	21  -  MemoryUsage of job (MB)
	21396  -  ResidentSetSize of job (KB)
...
006 (675049.000.000) 09/18 04:56:48 Image size of job updated: 12680776
	21  -  MemoryUsage of job (MB)
	21396  -  ResidentSetSize of job (KB)
...
006 (675049.000.000) 09/18 05:01:48 Image size of job updated: 12703836
	21  -  MemoryUsage of job (MB)
	21396  -  ResidentSetSize of job (KB)
...
006 (675049.000.000) 09/18 05:06:49 Image size of job updated: 12726324
	21  -  MemoryUsage of job (MB)
	21396  -  ResidentSetSize of job (KB)
...
006 (675049.000.000) 09/18 05:11:50 Image size of job updated: 12748856
	21  -  MemoryUsage of job (MB)
	21396  -  ResidentSetSize of job (KB)
...
006 (675049.000.000) 09/18 05:16:50 Image size of job updated: 12769608
	21  -  MemoryUsage of job (MB)
	21396  -  ResidentSetSize of job (KB)
...
006 (675049.000.000) 09/18 05:21:51 Image size of job updated: 12790904
	21  -  MemoryUsage of job (MB)
	21396  -  ResidentSetSize of job (KB)
...
006 (675049.000.000) 09/18 05:26:52 Image size of job updated: 12811456
	21  -  MemoryUsage of job (MB)
	21396  -  ResidentSetSize of job (KB)
...
006 (675049.000.000) 09/18 05:31:52 Image size of job updated: 12833236
	21  -  MemoryUsage of job (MB)
	21396  -  ResidentSetSize of job (KB)
...
006 (675049.000.000) 09/18 05:36:52 Image size of job updated: 12854120
	21  -  MemoryUsage of job (MB)
	21396  -  ResidentSetSize of job (KB)
...
006 (675049.000.000) 09/18 05:41:54 Image size of job updated: 12875048
	21  -  MemoryUsage of job (MB)
	21396  -  ResidentSetSize of job (KB)
...
006 (675049.000.000) 09/18 05:46:54 Image size of job updated: 12895484
	21  -  MemoryUsage of job (MB)
	21396  -  ResidentSetSize of job (KB)
...
006 (675049.000.000) 09/18 05:51:54 Image size of job updated: 12917604
	21  -  MemoryUsage of job (MB)
	21396  -  ResidentSetSize of job (KB)
...
006 (675049.000.000) 09/18 05:56:55 Image size of job updated: 12939184
	21  -  MemoryUsage of job (MB)
	21396  -  ResidentSetSize of job (KB)
...
006 (675049.000.000) 09/18 06:01:56 Image size of job updated: 12960428
	21  -  MemoryUsage of job (MB)
	21396  -  ResidentSetSize of job (KB)
...
006 (675049.000.000) 09/18 06:06:56 Image size of job updated: 12981292
	21  -  MemoryUsage of job (MB)
	21396  -  ResidentSetSize of job (KB)
...
006 (675049.000.000) 09/18 06:11:56 Image size of job updated: 13001576
	21  -  MemoryUsage of job (MB)
	21396  -  ResidentSetSize of job (KB)
...
006 (675049.000.000) 09/18 06:16:58 Image size of job updated: 13022408
	21  -  MemoryUsage of job (MB)
	21396  -  ResidentSetSize of job (KB)
...
006 (675049.000.000) 09/18 06:21:58 Image size of job updated: 13043972
	21  -  MemoryUsage of job (MB)
	21396  -  ResidentSetSize of job (KB)
...
006 (675049.000.000) 09/18 06:26:58 Image size of job updated: 13067908
	21  -  MemoryUsage of job (MB)
	21396  -  ResidentSetSize of job (KB)
...
006 (675049.000.000) 09/18 06:31:59 Image size of job updated: 13091944
	21  -  MemoryUsage of job (MB)
	21396  -  ResidentSetSize of job (KB)
...
006 (675049.000.000) 09/18 06:37:00 Image size of job updated: 13113156
	21  -  MemoryUsage of job (MB)
	21396  -  ResidentSetSize of job (KB)
...
006 (675049.000.000) 09/18 06:42:00 Image size of job updated: 13135796
	21  -  MemoryUsage of job (MB)
	21396  -  ResidentSetSize of job (KB)
...
006 (675049.000.000) 09/18 06:47:00 Image size of job updated: 13159012
	21  -  MemoryUsage of job (MB)
	21396  -  ResidentSetSize of job (KB)
...
006 (675049.000.000) 09/18 06:52:01 Image size of job updated: 13181968
	21  -  MemoryUsage of job (MB)
	21396  -  ResidentSetSize of job (KB)
...
006 (675049.000.000) 09/18 06:57:01 Image size of job updated: 13204380
	21  -  MemoryUsage of job (MB)
	21396  -  ResidentSetSize of job (KB)
...
006 (675049.000.000) 09/18 07:02:01 Image size of job updated: 13226232
	21  -  MemoryUsage of job (MB)
	21396  -  ResidentSetSize of job (KB)
...
006 (675049.000.000) 09/18 07:07:02 Image size of job updated: 13247564
	21  -  MemoryUsage of job (MB)
	21396  -  ResidentSetSize of job (KB)
...
006 (675049.000.000) 09/18 07:12:03 Image size of job updated: 13270996
	21  -  MemoryUsage of job (MB)
	21396  -  ResidentSetSize of job (KB)
...
006 (675049.000.000) 09/18 07:17:03 Image size of job updated: 13294220
	21  -  MemoryUsage of job (MB)
	21396  -  ResidentSetSize of job (KB)
...
006 (675049.000.000) 09/18 07:22:03 Image size of job updated: 13316956
	21  -  MemoryUsage of job (MB)
	21396  -  ResidentSetSize of job (KB)
...
006 (675049.000.000) 09/18 07:27:04 Image size of job updated: 13340120
	21  -  MemoryUsage of job (MB)
	21396  -  ResidentSetSize of job (KB)
...
006 (675049.000.000) 09/18 07:32:04 Image size of job updated: 13363032
	21  -  MemoryUsage of job (MB)
	21396  -  ResidentSetSize of job (KB)
...
006 (675049.000.000) 09/18 07:37:04 Image size of job updated: 13386188
	21  -  MemoryUsage of job (MB)
	21396  -  ResidentSetSize of job (KB)
...
006 (675049.000.000) 09/18 07:42:05 Image size of job updated: 13409080
	21  -  MemoryUsage of job (MB)
	21396  -  ResidentSetSize of job (KB)
...
006 (675049.000.000) 09/18 07:47:06 Image size of job updated: 13432300
	21  -  MemoryUsage of job (MB)
	21396  -  ResidentSetSize of job (KB)
...
006 (675049.000.000) 09/18 07:52:06 Image size of job updated: 13455212
	21  -  MemoryUsage of job (MB)
	21396  -  ResidentSetSize of job (KB)
...
006 (675049.000.000) 09/18 07:57:06 Image size of job updated: 13476460
	21  -  MemoryUsage of job (MB)
	21396  -  ResidentSetSize of job (KB)
...
006 (675049.000.000) 09/18 08:02:07 Image size of job updated: 13500276
	21  -  MemoryUsage of job (MB)
	21396  -  ResidentSetSize of job (KB)
...
006 (675049.000.000) 09/18 08:07:07 Image size of job updated: 13523748
	21  -  MemoryUsage of job (MB)
	21396  -  ResidentSetSize of job (KB)
...
006 (675049.000.000) 09/18 08:12:07 Image size of job updated: 13546964
	21  -  MemoryUsage of job (MB)
	21396  -  ResidentSetSize of job (KB)
...
006 (675049.000.000) 09/18 08:17:08 Image size of job updated: 13570248
	21  -  MemoryUsage of job (MB)
	21396  -  ResidentSetSize of job (KB)
...
006 (675049.000.000) 09/18 08:22:09 Image size of job updated: 13593548
	21  -  MemoryUsage of job (MB)
	21396  -  ResidentSetSize of job (KB)
...
006 (675049.000.000) 09/18 08:27:09 Image size of job updated: 13616420
	21  -  MemoryUsage of job (MB)
	21396  -  ResidentSetSize of job (KB)
...
006 (675049.000.000) 09/18 08:32:09 Image size of job updated: 13639800
	21  -  MemoryUsage of job (MB)
	21396  -  ResidentSetSize of job (KB)
...
006 (675049.000.000) 09/18 08:37:10 Image size of job updated: 13663460
	21  -  MemoryUsage of job (MB)
	21396  -  ResidentSetSize of job (KB)
...
006 (675049.000.000) 09/18 08:42:10 Image size of job updated: 13686836
	21  -  MemoryUsage of job (MB)
	21396  -  ResidentSetSize of job (KB)
...
006 (675049.000.000) 09/18 08:47:10 Image size of job updated: 13710232
	21  -  MemoryUsage of job (MB)
	21396  -  ResidentSetSize of job (KB)
...
006 (675049.000.000) 09/18 08:52:11 Image size of job updated: 13733604
	21  -  MemoryUsage of job (MB)
	21396  -  ResidentSetSize of job (KB)
...
006 (675049.000.000) 09/18 08:57:12 Image size of job updated: 13756852
	21  -  MemoryUsage of job (MB)
	21396  -  ResidentSetSize of job (KB)
...
006 (675049.000.000) 09/18 09:02:12 Image size of job updated: 13780760
	21  -  MemoryUsage of job (MB)
	21396  -  ResidentSetSize of job (KB)
...
006 (675049.000.000) 09/18 09:07:12 Image size of job updated: 13804028
	21  -  MemoryUsage of job (MB)
	21396  -  ResidentSetSize of job (KB)
...
006 (675049.000.000) 09/18 09:12:13 Image size of job updated: 13827620
	21  -  MemoryUsage of job (MB)
	21396  -  ResidentSetSize of job (KB)
...
006 (675049.000.000) 09/18 09:17:13 Image size of job updated: 13851244
	21  -  MemoryUsage of job (MB)
	21396  -  ResidentSetSize of job (KB)
...
006 (675049.000.000) 09/18 09:22:13 Image size of job updated: 13873752
	21  -  MemoryUsage of job (MB)
	21396  -  ResidentSetSize of job (KB)
...
006 (675049.000.000) 09/18 09:27:14 Image size of job updated: 13896612
	21  -  MemoryUsage of job (MB)
	21396  -  ResidentSetSize of job (KB)
...
006 (675049.000.000) 09/18 09:32:15 Image size of job updated: 13919184
	21  -  MemoryUsage of job (MB)
	21396  -  ResidentSetSize of job (KB)
...
006 (675049.000.000) 09/18 09:37:15 Image size of job updated: 13942640
	21  -  MemoryUsage of job (MB)
	21396  -  ResidentSetSize of job (KB)
...
006 (675049.000.000) 09/18 09:42:16 Image size of job updated: 13965332
	21  -  MemoryUsage of job (MB)
	21396  -  ResidentSetSize of job (KB)
...
006 (675049.000.000) 09/18 09:47:17 Image size of job updated: 13988496
	21  -  MemoryUsage of job (MB)
	21396  -  ResidentSetSize of job (KB)
...
006 (675049.000.000) 09/18 09:52:17 Image size of job updated: 14011812
	21  -  MemoryUsage of job (MB)
	21396  -  ResidentSetSize of job (KB)
...
006 (675049.000.000) 09/18 09:57:17 Image size of job updated: 14034504
	21  -  MemoryUsage of job (MB)
	21396  -  ResidentSetSize of job (KB)
...
006 (675049.000.000) 09/18 10:02:18 Image size of job updated: 14057344
	21  -  MemoryUsage of job (MB)
	21396  -  ResidentSetSize of job (KB)
...
006 (675049.000.000) 09/18 10:07:19 Image size of job updated: 14080548
	21  -  MemoryUsage of job (MB)
	21396  -  ResidentSetSize of job (KB)
...
006 (675049.000.000) 09/18 10:12:19 Image size of job updated: 14103088
	21  -  MemoryUsage of job (MB)
	21396  -  ResidentSetSize of job (KB)
...
006 (675049.000.000) 09/18 10:17:20 Image size of job updated: 14126564
	21  -  MemoryUsage of job (MB)
	21396  -  ResidentSetSize of job (KB)
...
006 (675049.000.000) 09/18 10:22:21 Image size of job updated: 14149860
	21  -  MemoryUsage of job (MB)
	21396  -  ResidentSetSize of job (KB)
...
006 (675049.000.000) 09/18 10:27:21 Image size of job updated: 14172460
	21  -  MemoryUsage of job (MB)
	21396  -  ResidentSetSize of job (KB)
...
006 (675049.000.000) 09/18 10:32:21 Image size of job updated: 14195668
	21  -  MemoryUsage of job (MB)
	21396  -  ResidentSetSize of job (KB)
...
006 (675049.000.000) 09/18 10:37:22 Image size of job updated: 14218768
	21  -  MemoryUsage of job (MB)
	21396  -  ResidentSetSize of job (KB)
...
006 (675049.000.000) 09/18 10:42:23 Image size of job updated: 14242080
	21  -  MemoryUsage of job (MB)
	21396  -  ResidentSetSize of job (KB)
...
006 (675049.000.000) 09/18 10:47:23 Image size of job updated: 14266192
	21  -  MemoryUsage of job (MB)
	21396  -  ResidentSetSize of job (KB)
...
006 (675049.000.000) 09/18 10:52:24 Image size of job updated: 14289480
	21  -  MemoryUsage of job (MB)
	21396  -  ResidentSetSize of job (KB)
...
006 (675049.000.000) 09/18 10:57:25 Image size of job updated: 14313124
	21  -  MemoryUsage of job (MB)
	21396  -  ResidentSetSize of job (KB)
...
006 (675049.000.000) 09/18 11:02:25 Image size of job updated: 14336304
	21  -  MemoryUsage of job (MB)
	21396  -  ResidentSetSize of job (KB)
...
006 (675049.000.000) 09/18 11:07:25 Image size of job updated: 14357604
	21  -  MemoryUsage of job (MB)
	21396  -  ResidentSetSize of job (KB)
...
006 (675049.000.000) 09/18 11:12:26 Image size of job updated: 14379376
	21  -  MemoryUsage of job (MB)
	21396  -  ResidentSetSize of job (KB)
...
006 (675049.000.000) 09/18 11:17:27 Image size of job updated: 14401028
	21  -  MemoryUsage of job (MB)
	21396  -  ResidentSetSize of job (KB)
...
006 (675049.000.000) 09/18 11:22:27 Image size of job updated: 14422412
	21  -  MemoryUsage of job (MB)
	21396  -  ResidentSetSize of job (KB)
...
006 (675049.000.000) 09/18 11:27:28 Image size of job updated: 14443796
	21  -  MemoryUsage of job (MB)
	21396  -  ResidentSetSize of job (KB)
...
006 (675049.000.000) 09/18 11:32:29 Image size of job updated: 14463620
	21  -  MemoryUsage of job (MB)
	21396  -  ResidentSetSize of job (KB)
...
006 (675049.000.000) 09/18 11:37:29 Image size of job updated: 14484884
	21  -  MemoryUsage of job (MB)
	21396  -  ResidentSetSize of job (KB)
...
006 (675049.000.000) 09/18 11:42:29 Image size of job updated: 14505948
	21  -  MemoryUsage of job (MB)
	21396  -  ResidentSetSize of job (KB)
...
006 (675049.000.000) 09/18 11:47:30 Image size of job updated: 14527812
	21  -  MemoryUsage of job (MB)
	21396  -  ResidentSetSize of job (KB)
...
006 (675049.000.000) 09/18 11:52:30 Image size of job updated: 14549356
	21  -  MemoryUsage of job (MB)
	21396  -  ResidentSetSize of job (KB)
...
006 (675049.000.000) 09/18 11:57:30 Image size of job updated: 14570444
	21  -  MemoryUsage of job (MB)
	21396  -  ResidentSetSize of job (KB)
...
006 (675049.000.000) 09/18 12:02:31 Image size of job updated: 14591444
	21  -  MemoryUsage of job (MB)
	21396  -  ResidentSetSize of job (KB)
...
006 (675049.000.000) 09/18 12:07:32 Image size of job updated: 14612484
	21  -  MemoryUsage of job (MB)
	21396  -  ResidentSetSize of job (KB)
...
006 (675049.000.000) 09/18 12:12:32 Image size of job updated: 14634944
	21  -  MemoryUsage of job (MB)
	21396  -  ResidentSetSize of job (KB)
...
006 (675049.000.000) 09/18 12:17:32 Image size of job updated: 14658196
	21  -  MemoryUsage of job (MB)
	21396  -  ResidentSetSize of job (KB)
...
006 (675049.000.000) 09/18 12:22:33 Image size of job updated: 14681428
	21  -  MemoryUsage of job (MB)
	21396  -  ResidentSetSize of job (KB)
...
006 (675049.000.000) 09/18 12:27:33 Image size of job updated: 14704512
	21  -  MemoryUsage of job (MB)
	21396  -  ResidentSetSize of job (KB)
...
006 (675049.000.000) 09/18 12:32:33 Image size of job updated: 14727020
	21  -  MemoryUsage of job (MB)
	21396  -  ResidentSetSize of job (KB)
...
006 (675049.000.000) 09/18 12:37:34 Image size of job updated: 14750516
	21  -  MemoryUsage of job (MB)
	21396  -  ResidentSetSize of job (KB)
...
006 (675049.000.000) 09/18 12:42:35 Image size of job updated: 14774188
	21  -  MemoryUsage of job (MB)
	21396  -  ResidentSetSize of job (KB)
...
006 (675049.000.000) 09/18 12:47:35 Image size of job updated: 14797992
	21  -  MemoryUsage of job (MB)
	21396  -  ResidentSetSize of job (KB)
...
006 (675049.000.000) 09/18 12:52:35 Image size of job updated: 14820428
	21  -  MemoryUsage of job (MB)
	21396  -  ResidentSetSize of job (KB)
...
006 (675049.000.000) 09/18 12:57:36 Image size of job updated: 14843408
	21  -  MemoryUsage of job (MB)
	21396  -  ResidentSetSize of job (KB)
...
006 (675049.000.000) 09/18 13:02:36 Image size of job updated: 14866820
	21  -  MemoryUsage of job (MB)
	21396  -  ResidentSetSize of job (KB)
...
006 (675049.000.000) 09/18 13:07:36 Image size of job updated: 14890196
	21  -  MemoryUsage of job (MB)
	21396  -  ResidentSetSize of job (KB)
...
006 (675049.000.000) 09/18 13:12:37 Image size of job updated: 14913668
	21  -  MemoryUsage of job (MB)
	21396  -  ResidentSetSize of job (KB)
...
006 (675049.000.000) 09/18 13:17:38 Image size of job updated: 14937512
	21  -  MemoryUsage of job (MB)
	21396  -  ResidentSetSize of job (KB)
...
006 (675049.000.000) 09/18 13:22:38 Image size of job updated: 14961176
	21  -  MemoryUsage of job (MB)
	21396  -  ResidentSetSize of job (KB)
...
006 (675049.000.000) 09/18 13:27:39 Image size of job updated: 14984268
	21  -  MemoryUsage of job (MB)
	21396  -  ResidentSetSize of job (KB)
...
006 (675049.000.000) 09/18 13:32:40 Image size of job updated: 15007536
	21  -  MemoryUsage of job (MB)
	21396  -  ResidentSetSize of job (KB)
...
006 (675049.000.000) 09/18 13:37:40 Image size of job updated: 15030644
	21  -  MemoryUsage of job (MB)
	21396  -  ResidentSetSize of job (KB)
...
006 (675049.000.000) 09/18 13:42:40 Image size of job updated: 15054568
	21  -  MemoryUsage of job (MB)
	21396  -  ResidentSetSize of job (KB)
...
006 (675049.000.000) 09/18 13:47:41 Image size of job updated: 15077660
	21  -  MemoryUsage of job (MB)
	21396  -  ResidentSetSize of job (KB)
...
006 (675049.000.000) 09/18 13:52:42 Image size of job updated: 15100876
	21  -  MemoryUsage of job (MB)
	21396  -  ResidentSetSize of job (KB)
...
006 (675049.000.000) 09/18 13:57:42 Image size of job updated: 15124584
	21  -  MemoryUsage of job (MB)
	21396  -  ResidentSetSize of job (KB)
...
006 (675049.000.000) 09/18 14:02:43 Image size of job updated: 15147184
	21  -  MemoryUsage of job (MB)
	21396  -  ResidentSetSize of job (KB)
...
006 (675049.000.000) 09/18 14:07:44 Image size of job updated: 15171168
	21  -  MemoryUsage of job (MB)
	21396  -  ResidentSetSize of job (KB)
...
006 (675049.000.000) 09/18 14:12:44 Image size of job updated: 15194632
	21  -  MemoryUsage of job (MB)
	21396  -  ResidentSetSize of job (KB)
...
006 (675049.000.000) 09/18 14:17:44 Image size of job updated: 15218004
	21  -  MemoryUsage of job (MB)
	21396  -  ResidentSetSize of job (KB)
...
006 (675049.000.000) 09/18 14:22:45 Image size of job updated: 15240380
	21  -  MemoryUsage of job (MB)
	21396  -  ResidentSetSize of job (KB)
...
006 (675049.000.000) 09/18 14:27:45 Image size of job updated: 15264248
	21  -  MemoryUsage of job (MB)
	21396  -  ResidentSetSize of job (KB)
...
006 (675049.000.000) 09/18 14:32:45 Image size of job updated: 15287440
	21  -  MemoryUsage of job (MB)
	21396  -  ResidentSetSize of job (KB)
...
006 (675049.000.000) 09/18 14:37:46 Image size of job updated: 15310684
	21  -  MemoryUsage of job (MB)
	21396  -  ResidentSetSize of job (KB)
...
006 (675049.000.000) 09/18 14:42:47 Image size of job updated: 15334000
	21  -  MemoryUsage of job (MB)
	21396  -  ResidentSetSize of job (KB)
...
006 (675049.000.000) 09/18 14:47:47 Image size of job updated: 15357108
	21  -  MemoryUsage of job (MB)
	21396  -  ResidentSetSize of job (KB)
...
006 (675049.000.000) 09/18 14:52:47 Image size of job updated: 15380236
	21  -  MemoryUsage of job (MB)
	21396  -  ResidentSetSize of job (KB)
...
006 (675049.000.000) 09/18 14:57:48 Image size of job updated: 15403600
	21  -  MemoryUsage of job (MB)
	21396  -  ResidentSetSize of job (KB)
...
006 (675049.000.000) 09/18 15:02:48 Image size of job updated: 15426344
	21  -  MemoryUsage of job (MB)
	21396  -  ResidentSetSize of job (KB)
...
006 (675049.000.000) 09/18 15:07:48 Image size of job updated: 15449688
	21  -  MemoryUsage of job (MB)
	21396  -  ResidentSetSize of job (KB)
...
006 (675049.000.000) 09/18 15:12:49 Image size of job updated: 15472988
	21  -  MemoryUsage of job (MB)
	21396  -  ResidentSetSize of job (KB)
...
006 (675049.000.000) 09/18 15:17:50 Image size of job updated: 15495908
	21  -  MemoryUsage of job (MB)
	21396  -  ResidentSetSize of job (KB)
...
006 (675049.000.000) 09/18 15:22:50 Image size of job updated: 15519788
	21  -  MemoryUsage of job (MB)
	21396  -  ResidentSetSize of job (KB)
...
006 (675049.000.000) 09/18 15:27:51 Image size of job updated: 15543292
	21  -  MemoryUsage of job (MB)
	21396  -  ResidentSetSize of job (KB)
...
006 (675049.000.000) 09/18 15:32:52 Image size of job updated: 15566416
	21  -  MemoryUsage of job (MB)
	21396  -  ResidentSetSize of job (KB)
...
006 (675049.000.000) 09/18 15:37:52 Image size of job updated: 15589160
	21  -  MemoryUsage of job (MB)
	21396  -  ResidentSetSize of job (KB)
...
006 (675049.000.000) 09/18 15:42:52 Image size of job updated: 15612760
	21  -  MemoryUsage of job (MB)
	21396  -  ResidentSetSize of job (KB)
...
006 (675049.000.000) 09/18 15:47:53 Image size of job updated: 15635672
	21  -  MemoryUsage of job (MB)
	21396  -  ResidentSetSize of job (KB)
...
006 (675049.000.000) 09/18 15:52:54 Image size of job updated: 15657980
	21  -  MemoryUsage of job (MB)
	21396  -  ResidentSetSize of job (KB)
...
006 (675049.000.000) 09/18 15:57:54 Image size of job updated: 15681024
	21  -  MemoryUsage of job (MB)
	21396  -  ResidentSetSize of job (KB)
...
006 (675049.000.000) 09/18 16:02:54 Image size of job updated: 15703680
	21  -  MemoryUsage of job (MB)
	21396  -  ResidentSetSize of job (KB)
...
006 (675049.000.000) 09/18 16:07:55 Image size of job updated: 15726532
	21  -  MemoryUsage of job (MB)
	21396  -  ResidentSetSize of job (KB)
...
006 (675049.000.000) 09/18 16:12:55 Image size of job updated: 15749104
	21  -  MemoryUsage of job (MB)
	21396  -  ResidentSetSize of job (KB)
...
006 (675049.000.000) 09/18 16:17:55 Image size of job updated: 15772172
	21  -  MemoryUsage of job (MB)
	21396  -  ResidentSetSize of job (KB)
...
006 (675049.000.000) 09/18 16:22:56 Image size of job updated: 15794744
	21  -  MemoryUsage of job (MB)
	21396  -  ResidentSetSize of job (KB)
...
006 (675049.000.000) 09/18 16:27:57 Image size of job updated: 15817932
	21  -  MemoryUsage of job (MB)
	21396  -  ResidentSetSize of job (KB)
...
006 (675049.000.000) 09/18 16:32:57 Image size of job updated: 15840532
	21  -  MemoryUsage of job (MB)
	21396  -  ResidentSetSize of job (KB)
...
006 (675049.000.000) 09/18 16:37:58 Image size of job updated: 15863568
	21  -  MemoryUsage of job (MB)
	21396  -  ResidentSetSize of job (KB)
...
006 (675049.000.000) 09/18 16:42:59 Image size of job updated: 15886604
	21  -  MemoryUsage of job (MB)
	21396  -  ResidentSetSize of job (KB)
...
006 (675049.000.000) 09/18 16:47:59 Image size of job updated: 15909588
	21  -  MemoryUsage of job (MB)
	21396  -  ResidentSetSize of job (KB)
...
006 (675049.000.000) 09/18 16:52:59 Image size of job updated: 15932528
	21  -  MemoryUsage of job (MB)
	21396  -  ResidentSetSize of job (KB)
...
006 (675049.000.000) 09/18 16:58:00 Image size of job updated: 15954388
	21  -  MemoryUsage of job (MB)
	21396  -  ResidentSetSize of job (KB)
...
006 (675049.000.000) 09/18 17:03:01 Image size of job updated: 15975280
	21  -  MemoryUsage of job (MB)
	21396  -  ResidentSetSize of job (KB)
...
006 (675049.000.000) 09/18 17:08:01 Image size of job updated: 15995264
	21  -  MemoryUsage of job (MB)
	21396  -  ResidentSetSize of job (KB)
...
006 (675049.000.000) 09/18 17:13:02 Image size of job updated: 16017028
	21  -  MemoryUsage of job (MB)
	21396  -  ResidentSetSize of job (KB)
...
006 (675049.000.000) 09/18 17:18:03 Image size of job updated: 16038420
	21  -  MemoryUsage of job (MB)
	21396  -  ResidentSetSize of job (KB)
...
006 (675049.000.000) 09/18 17:23:03 Image size of job updated: 16060164
	21  -  MemoryUsage of job (MB)
	21396  -  ResidentSetSize of job (KB)
...
006 (675049.000.000) 09/18 17:28:03 Image size of job updated: 16081032
	21  -  MemoryUsage of job (MB)
	21396  -  ResidentSetSize of job (KB)
...
006 (675049.000.000) 09/18 17:33:04 Image size of job updated: 16102400
	21  -  MemoryUsage of job (MB)
	21396  -  ResidentSetSize of job (KB)
...
006 (675049.000.000) 09/18 17:38:04 Image size of job updated: 16123712
	21  -  MemoryUsage of job (MB)
	21396  -  ResidentSetSize of job (KB)
...
006 (675049.000.000) 09/18 17:43:04 Image size of job updated: 16144600
	21  -  MemoryUsage of job (MB)
	21396  -  ResidentSetSize of job (KB)
...
006 (675049.000.000) 09/18 17:48:05 Image size of job updated: 16165424
	21  -  MemoryUsage of job (MB)
	21396  -  ResidentSetSize of job (KB)
...
006 (675049.000.000) 09/18 17:53:06 Image size of job updated: 16185516
	21  -  MemoryUsage of job (MB)
	21396  -  ResidentSetSize of job (KB)
...
006 (675049.000.000) 09/18 17:58:06 Image size of job updated: 16206524
	21  -  MemoryUsage of job (MB)
	21396  -  ResidentSetSize of job (KB)
...
006 (675049.000.000) 09/18 18:03:06 Image size of job updated: 16227236
	21  -  MemoryUsage of job (MB)
	21396  -  ResidentSetSize of job (KB)
...
006 (675049.000.000) 09/18 18:04:41 Image size of job updated: 16233188
	21  -  MemoryUsage of job (MB)
	21396  -  ResidentSetSize of job (KB)
...
005 (675049.000.000) 09/18 18:04:41 Job terminated.
	(1) Normal termination (return value 0)
		Usr 0 00:06:13, Sys 0 00:02:53  -  Run Remote Usage
		Usr 0 00:00:00, Sys 0 00:00:00  -  Run Local Usage
		Usr 0 00:06:13, Sys 0 00:02:53  -  Total Remote Usage
		Usr 0 00:00:00, Sys 0 00:00:00  -  Total Local Usage
	0  -  Run Bytes Sent By Job
	0  -  Run Bytes Received By Job
	0  -  Total Bytes Sent By Job
	0  -  Total Bytes Received By Job
	Partitionable Resources :    Usage  Request Allocated 
	   Cpus                 :     1.99        2         2 
	   Disk (KB)            :   150         150     17614 
	   Memory (MB)          :    21           1       128 
...
000 (262.000.000) 10/21 16:26:41 Job submitted from host: <140.160.143.131:9618?addrs=140.160.143.131-9618&noUDP&sock=2776_aefe_4>
...
