000 (2267.804.000) 04/28 23:44:32 Job submitted from host: <140.160.143.131:9618?addrs=140.160.143.131-9618&noUDP&sock=3131910_565e_30>
...
000 (2268.804.000) 04/28 23:46:21 Job submitted from host: <140.160.143.131:9618?addrs=140.160.143.131-9618&noUDP&sock=3131910_565e_30>
...
001 (2267.804.000) 05/02 03:52:39 Job executing on host: <140.160.143.141:9618?addrs=140.160.143.141-9618&noUDP&sock=23151_3d25_3>
...
006 (2267.804.000) 05/02 03:52:48 Image size of job updated: 2648
	3  -  MemoryUsage of job (MB)
	2648  -  ResidentSetSize of job (KB)
...
005 (2267.804.000) 05/04 05:31:24 Job terminated.
	(1) Normal termination (return value 0)
		Usr 4 18:22:52, Sys 3 11:51:27  -  Run Remote Usage
		Usr 0 00:00:00, Sys 0 00:00:00  -  Run Local Usage
		Usr 4 18:22:52, Sys 3 11:51:27  -  Total Remote Usage
		Usr 0 00:00:00, Sys 0 00:00:00  -  Total Local Usage
	0  -  Run Bytes Sent By Job
	0  -  Run Bytes Received By Job
	0  -  Total Bytes Sent By Job
	0  -  Total Bytes Received By Job
	Partitionable Resources :    Usage  Request Allocated 
	   Cpus                 :     4.00        4         4 
	   Disk (KB)            :   175         175    880963 
	   Memory (MB)          :     3           1       128 
...
009 (2268.804.000) 05/11 09:58:41 Job was aborted by the user.
	via condor_rm (by user scoggim)
...
000 (2400.128.000) 05/11 12:37:09 Job submitted from host: <140.160.143.131:9618?addrs=140.160.143.131-9618&noUDP&sock=3131910_565e_30>
...
001 (2400.128.000) 05/11 12:37:15 Job executing on host: <140.160.143.153:9618?addrs=140.160.143.153-9618&noUDP&sock=3174_adb0_3>
...
006 (2400.128.000) 05/11 12:37:24 Image size of job updated: 2048
	2  -  MemoryUsage of job (MB)
	2048  -  ResidentSetSize of job (KB)
...
006 (2400.128.000) 05/11 13:02:27 Image size of job updated: 2052
	3  -  MemoryUsage of job (MB)
	2052  -  ResidentSetSize of job (KB)
...
005 (2400.128.000) 05/14 16:28:03 Job terminated.
	(1) Normal termination (return value 0)
		Usr 3 03:02:09, Sys 0 00:00:09  -  Run Remote Usage
		Usr 0 00:00:00, Sys 0 00:00:00  -  Run Local Usage
		Usr 3 03:02:09, Sys 0 00:00:09  -  Total Remote Usage
		Usr 0 00:00:00, Sys 0 00:00:00  -  Total Local Usage
	0  -  Run Bytes Sent By Job
	0  -  Run Bytes Received By Job
	0  -  Total Bytes Sent By Job
	0  -  Total Bytes Received By Job
	Partitionable Resources :    Usage  Request Allocated 
	   Cpus                 :     1.00        1         1 
	   Disk (KB)            :   175         175    870398 
	   Gpus                 :                           0 
	   Memory (MB)          :     3           1       128 
...
000 (2511.804.000) 05/27 15:03:32 Job submitted from host: <140.160.143.131:9618?addrs=140.160.143.131-9618&noUDP&sock=3131910_565e_30>
...
001 (2511.804.000) 05/28 01:33:43 Job executing on host: <140.160.143.142:9618?addrs=140.160.143.142-9618&noUDP&sock=9468_d6c6_3>
...
006 (2511.804.000) 05/28 01:33:52 Image size of job updated: 62104
	61  -  MemoryUsage of job (MB)
	62104  -  ResidentSetSize of job (KB)
...
006 (2511.804.000) 05/31 13:14:19 Image size of job updated: 145796
	61  -  MemoryUsage of job (MB)
	62104  -  ResidentSetSize of job (KB)
...
004 (2511.804.000) 05/31 13:14:19 Job was evicted.
	(0) Job was not checkpointed.
		Usr 3 11:28:04, Sys 0 00:00:12  -  Run Remote Usage
		Usr 0 00:00:00, Sys 0 00:00:00  -  Run Local Usage
	0  -  Run Bytes Sent By Job
	0  -  Run Bytes Received By Job
	Partitionable Resources :    Usage  Request Allocated 
	   Cpus                 :     1.00        1         1 
	   Disk (KB)            :   175         175    881044 
	   Memory (MB)          :    61           1       128 
...
009 (2511.804.000) 05/31 13:14:20 Job was aborted by the user.
	via condor_rm (by user scoggim)
...
000 (2516.128.000) 06/02 11:26:46 Job submitted from host: <140.160.143.131:9618?addrs=140.160.143.131-9618&noUDP&sock=3131910_565e_30>
...
001 (2516.128.000) 06/02 12:39:43 Job executing on host: <140.160.143.145:9618?addrs=140.160.143.145-9618&noUDP&sock=29321_587d_3>
...
006 (2516.128.000) 06/02 12:39:51 Image size of job updated: 62184
	61  -  MemoryUsage of job (MB)
	62184  -  ResidentSetSize of job (KB)
...
004 (2516.128.000) 06/03 01:05:46 Job was evicted.
	(0) Job was not checkpointed.
		Usr 0 12:24:43, Sys 0 00:00:01  -  Run Remote Usage
		Usr 0 00:00:00, Sys 0 00:00:00  -  Run Local Usage
	0  -  Run Bytes Sent By Job
	0  -  Run Bytes Received By Job
	Partitionable Resources :    Usage  Request Allocated 
	   Cpus                 :     1.00        1         1 
	   Disk (KB)            :   175         175    881005 
	   Memory (MB)          :    61           1       128 
...
009 (2516.128.000) 06/03 01:05:46 Job was aborted by the user.
	via condor_rm (by user scoggim)
...
000 (2523.128.000) 06/03 01:09:45 Job submitted from host: <140.160.143.131:9618?addrs=140.160.143.131-9618&noUDP&sock=3131910_565e_30>
...
009 (2523.128.000) 06/03 01:12:02 Job was aborted by the user.
	via condor_rm (by user scoggim)
...
000 (2524.128.000) 06/03 01:12:07 Job submitted from host: <140.160.143.131:9618?addrs=140.160.143.131-9618&noUDP&sock=3131910_565e_30>
...
009 (2524.128.000) 06/03 11:11:23 Job was aborted by the user.
	via condor_rm (by user scoggim)
...
000 (2525.128.000) 06/03 11:11:41 Job submitted from host: <140.160.143.131:9618?addrs=140.160.143.131-9618&noUDP&sock=3131910_565e_30>
...
001 (2525.128.000) 06/05 01:45:15 Job executing on host: <140.160.143.144:9618?addrs=140.160.143.144-9618&noUDP&sock=16727_e8c0_3>
...
006 (2525.128.000) 06/05 01:45:24 Image size of job updated: 62160
	61  -  MemoryUsage of job (MB)
	62160  -  ResidentSetSize of job (KB)
...
006 (2525.128.000) 06/05 20:22:22 Image size of job updated: 67056
	66  -  MemoryUsage of job (MB)
	67056  -  ResidentSetSize of job (KB)
...
005 (2525.128.000) 06/08 07:59:13 Job terminated.
	(1) Normal termination (return value 0)
		Usr 3 06:04:11, Sys 0 00:00:07  -  Run Remote Usage
		Usr 0 00:00:00, Sys 0 00:00:00  -  Run Local Usage
		Usr 3 06:04:11, Sys 0 00:00:07  -  Total Remote Usage
		Usr 0 00:00:00, Sys 0 00:00:00  -  Total Local Usage
	0  -  Run Bytes Sent By Job
	0  -  Run Bytes Received By Job
	0  -  Total Bytes Sent By Job
	0  -  Total Bytes Received By Job
	Partitionable Resources :    Usage  Request Allocated 
	   Cpus                 :     1.00        1         1 
	   Disk (KB)            :   175         175    881004 
	   Memory (MB)          :    66           1       128 
...
