000 (674399.000.000) 09/14 14:18:49 Job submitted from host: <140.160.143.130:9618?addrs=140.160.143.130-9618&noUDP&sock=5591_da80_4>
...
009 (674399.000.000) 09/14 14:20:43 Job was aborted by the user.
	via condor_rm (by user scoggim)
...
000 (674543.000.000) 09/14 14:25:58 Job submitted from host: <140.160.143.130:9618?addrs=140.160.143.130-9618&noUDP&sock=5591_da80_4>
...
000 (674687.000.000) 09/14 14:26:40 Job submitted from host: <140.160.143.130:9618?addrs=140.160.143.130-9618&noUDP&sock=5591_da80_4>
...
000 (674831.000.000) 09/14 14:27:38 Job submitted from host: <140.160.143.130:9618?addrs=140.160.143.130-9618&noUDP&sock=5591_da80_4>
...
009 (674687.000.000) 09/14 14:46:33 Job was aborted by the user.
	via condor_rm (by user scoggim)
...
009 (674831.000.000) 09/14 14:46:33 Job was aborted by the user.
	via condor_rm (by user scoggim)
...
009 (674543.000.000) 09/14 14:46:33 Job was aborted by the user.
	via condor_rm (by user scoggim)
...
000 (675011.000.000) 09/14 22:20:25 Job submitted from host: <140.160.143.130:9618?addrs=140.160.143.130-9618&noUDP&sock=5591_da80_4>
...
001 (675011.000.000) 09/15 12:38:11 Job executing on host: <140.160.143.157:9618?addrs=140.160.143.157-9618&noUDP&sock=4484_2bf8_11>
...
006 (675011.000.000) 09/15 12:38:20 Image size of job updated: 2308
	3  -  MemoryUsage of job (MB)
	2308  -  ResidentSetSize of job (KB)
...
006 (675011.000.000) 09/15 12:43:21 Image size of job updated: 49688
	49  -  MemoryUsage of job (MB)
	49688  -  ResidentSetSize of job (KB)
...
006 (675011.000.000) 09/15 12:48:22 Image size of job updated: 99424
	98  -  MemoryUsage of job (MB)
	99424  -  ResidentSetSize of job (KB)
...
006 (675011.000.000) 09/15 12:53:22 Image size of job updated: 146256
	143  -  MemoryUsage of job (MB)
	146256  -  ResidentSetSize of job (KB)
...
006 (675011.000.000) 09/15 12:58:22 Image size of job updated: 207036
	203  -  MemoryUsage of job (MB)
	207036  -  ResidentSetSize of job (KB)
...
006 (675011.000.000) 09/15 13:03:23 Image size of job updated: 266392
	261  -  MemoryUsage of job (MB)
	266392  -  ResidentSetSize of job (KB)
...
006 (675011.000.000) 09/15 13:08:24 Image size of job updated: 323896
	317  -  MemoryUsage of job (MB)
	323896  -  ResidentSetSize of job (KB)
...
006 (675011.000.000) 09/15 13:13:24 Image size of job updated: 382052
	374  -  MemoryUsage of job (MB)
	382052  -  ResidentSetSize of job (KB)
...
006 (675011.000.000) 09/15 13:18:25 Image size of job updated: 438112
	428  -  MemoryUsage of job (MB)
	438112  -  ResidentSetSize of job (KB)
...
006 (675011.000.000) 09/15 13:23:26 Image size of job updated: 494096
	483  -  MemoryUsage of job (MB)
	494096  -  ResidentSetSize of job (KB)
...
006 (675011.000.000) 09/15 13:28:26 Image size of job updated: 551040
	539  -  MemoryUsage of job (MB)
	551040  -  ResidentSetSize of job (KB)
...
006 (675011.000.000) 09/15 13:33:26 Image size of job updated: 608400
	595  -  MemoryUsage of job (MB)
	608400  -  ResidentSetSize of job (KB)
...
006 (675011.000.000) 09/15 13:38:27 Image size of job updated: 667212
	652  -  MemoryUsage of job (MB)
	667212  -  ResidentSetSize of job (KB)
...
006 (675011.000.000) 09/15 13:43:28 Image size of job updated: 725140
	709  -  MemoryUsage of job (MB)
	725140  -  ResidentSetSize of job (KB)
...
006 (675011.000.000) 09/15 13:48:28 Image size of job updated: 783576
	766  -  MemoryUsage of job (MB)
	783576  -  ResidentSetSize of job (KB)
...
006 (675011.000.000) 09/15 13:53:29 Image size of job updated: 869576
	850  -  MemoryUsage of job (MB)
	869576  -  ResidentSetSize of job (KB)
...
006 (675011.000.000) 09/15 13:58:30 Image size of job updated: 959956
	938  -  MemoryUsage of job (MB)
	959956  -  ResidentSetSize of job (KB)
...
006 (675011.000.000) 09/15 14:03:30 Image size of job updated: 1035812
	1012  -  MemoryUsage of job (MB)
	1035812  -  ResidentSetSize of job (KB)
...
006 (675011.000.000) 09/15 14:08:30 Image size of job updated: 1086264
	1061  -  MemoryUsage of job (MB)
	1086264  -  ResidentSetSize of job (KB)
...
006 (675011.000.000) 09/15 14:13:31 Image size of job updated: 1136588
	1110  -  MemoryUsage of job (MB)
	1136588  -  ResidentSetSize of job (KB)
...
006 (675011.000.000) 09/15 14:18:32 Image size of job updated: 1186528
	1159  -  MemoryUsage of job (MB)
	1186528  -  ResidentSetSize of job (KB)
...
006 (675011.000.000) 09/15 14:23:32 Image size of job updated: 1236736
	1208  -  MemoryUsage of job (MB)
	1236736  -  ResidentSetSize of job (KB)
...
006 (675011.000.000) 09/15 14:28:33 Image size of job updated: 1286140
	1256  -  MemoryUsage of job (MB)
	1286140  -  ResidentSetSize of job (KB)
...
006 (675011.000.000) 09/15 14:33:34 Image size of job updated: 1335024
	1304  -  MemoryUsage of job (MB)
	1335024  -  ResidentSetSize of job (KB)
...
006 (675011.000.000) 09/15 14:38:34 Image size of job updated: 1384340
	1352  -  MemoryUsage of job (MB)
	1384340  -  ResidentSetSize of job (KB)
...
006 (675011.000.000) 09/15 14:43:34 Image size of job updated: 1432364
	1399  -  MemoryUsage of job (MB)
	1432364  -  ResidentSetSize of job (KB)
...
006 (675011.000.000) 09/15 14:48:35 Image size of job updated: 1479696
	1446  -  MemoryUsage of job (MB)
	1479696  -  ResidentSetSize of job (KB)
...
006 (675011.000.000) 09/15 14:53:36 Image size of job updated: 1529296
	1494  -  MemoryUsage of job (MB)
	1529296  -  ResidentSetSize of job (KB)
...
006 (675011.000.000) 09/15 14:58:36 Image size of job updated: 1579348
	1543  -  MemoryUsage of job (MB)
	1579348  -  ResidentSetSize of job (KB)
...
006 (675011.000.000) 09/15 15:03:37 Image size of job updated: 1630936
	1593  -  MemoryUsage of job (MB)
	1630936  -  ResidentSetSize of job (KB)
...
006 (675011.000.000) 09/15 15:08:38 Image size of job updated: 1678128
	1639  -  MemoryUsage of job (MB)
	1678128  -  ResidentSetSize of job (KB)
...
006 (675011.000.000) 09/15 15:13:38 Image size of job updated: 1730052
	1690  -  MemoryUsage of job (MB)
	1730052  -  ResidentSetSize of job (KB)
...
006 (675011.000.000) 09/15 15:18:38 Image size of job updated: 1778648
	1737  -  MemoryUsage of job (MB)
	1778648  -  ResidentSetSize of job (KB)
...
006 (675011.000.000) 09/15 15:23:39 Image size of job updated: 1830148
	1788  -  MemoryUsage of job (MB)
	1830148  -  ResidentSetSize of job (KB)
...
006 (675011.000.000) 09/15 15:28:40 Image size of job updated: 1878944
	1835  -  MemoryUsage of job (MB)
	1878944  -  ResidentSetSize of job (KB)
...
006 (675011.000.000) 09/15 15:33:40 Image size of job updated: 1925908
	1881  -  MemoryUsage of job (MB)
	1925908  -  ResidentSetSize of job (KB)
...
006 (675011.000.000) 09/15 15:38:40 Image size of job updated: 1996340
	1950  -  MemoryUsage of job (MB)
	1996340  -  ResidentSetSize of job (KB)
...
006 (675011.000.000) 09/15 15:43:41 Image size of job updated: 2056644
	2009  -  MemoryUsage of job (MB)
	2056644  -  ResidentSetSize of job (KB)
...
006 (675011.000.000) 09/15 15:48:41 Image size of job updated: 2106576
	2058  -  MemoryUsage of job (MB)
	2106576  -  ResidentSetSize of job (KB)
...
006 (675011.000.000) 09/15 15:53:41 Image size of job updated: 2154932
	2105  -  MemoryUsage of job (MB)
	2154932  -  ResidentSetSize of job (KB)
...
006 (675011.000.000) 09/15 15:58:42 Image size of job updated: 2202792
	2152  -  MemoryUsage of job (MB)
	2202792  -  ResidentSetSize of job (KB)
...
006 (675011.000.000) 09/15 16:03:43 Image size of job updated: 2253964
	2202  -  MemoryUsage of job (MB)
	2253964  -  ResidentSetSize of job (KB)
...
006 (675011.000.000) 09/15 16:08:43 Image size of job updated: 2302704
	2249  -  MemoryUsage of job (MB)
	2302704  -  ResidentSetSize of job (KB)
...
006 (675011.000.000) 09/15 16:13:43 Image size of job updated: 2351420
	2297  -  MemoryUsage of job (MB)
	2351420  -  ResidentSetSize of job (KB)
...
006 (675011.000.000) 09/15 16:18:44 Image size of job updated: 2401544
	2346  -  MemoryUsage of job (MB)
	2401544  -  ResidentSetSize of job (KB)
...
006 (675011.000.000) 09/15 16:23:44 Image size of job updated: 2451560
	2395  -  MemoryUsage of job (MB)
	2451560  -  ResidentSetSize of job (KB)
...
006 (675011.000.000) 09/15 16:28:44 Image size of job updated: 2500572
	2442  -  MemoryUsage of job (MB)
	2500572  -  ResidentSetSize of job (KB)
...
006 (675011.000.000) 09/15 16:33:45 Image size of job updated: 2549424
	2490  -  MemoryUsage of job (MB)
	2549424  -  ResidentSetSize of job (KB)
...
006 (675011.000.000) 09/15 16:38:46 Image size of job updated: 2598324
	2538  -  MemoryUsage of job (MB)
	2598324  -  ResidentSetSize of job (KB)
...
006 (675011.000.000) 09/15 16:43:46 Image size of job updated: 2644832
	2583  -  MemoryUsage of job (MB)
	2644832  -  ResidentSetSize of job (KB)
...
006 (675011.000.000) 09/15 16:48:46 Image size of job updated: 2696316
	2634  -  MemoryUsage of job (MB)
	2696316  -  ResidentSetSize of job (KB)
...
006 (675011.000.000) 09/15 16:53:47 Image size of job updated: 2746488
	2683  -  MemoryUsage of job (MB)
	2746488  -  ResidentSetSize of job (KB)
...
006 (675011.000.000) 09/15 16:58:47 Image size of job updated: 2797420
	2732  -  MemoryUsage of job (MB)
	2797420  -  ResidentSetSize of job (KB)
...
006 (675011.000.000) 09/15 17:03:47 Image size of job updated: 2845512
	2779  -  MemoryUsage of job (MB)
	2845512  -  ResidentSetSize of job (KB)
...
006 (675011.000.000) 09/15 17:08:48 Image size of job updated: 2892864
	2826  -  MemoryUsage of job (MB)
	2892864  -  ResidentSetSize of job (KB)
...
006 (675011.000.000) 09/15 17:13:48 Image size of job updated: 2942512
	2874  -  MemoryUsage of job (MB)
	2942512  -  ResidentSetSize of job (KB)
...
006 (675011.000.000) 09/15 17:18:48 Image size of job updated: 2988308
	2919  -  MemoryUsage of job (MB)
	2988308  -  ResidentSetSize of job (KB)
...
006 (675011.000.000) 09/15 17:23:48 Image size of job updated: 3036556
	2966  -  MemoryUsage of job (MB)
	3036556  -  ResidentSetSize of job (KB)
...
006 (675011.000.000) 09/15 17:28:49 Image size of job updated: 3088320
	3016  -  MemoryUsage of job (MB)
	3088320  -  ResidentSetSize of job (KB)
...
006 (675011.000.000) 09/15 17:33:50 Image size of job updated: 3138020
	3065  -  MemoryUsage of job (MB)
	3138020  -  ResidentSetSize of job (KB)
...
006 (675011.000.000) 09/15 17:38:50 Image size of job updated: 3191512
	3117  -  MemoryUsage of job (MB)
	3191512  -  ResidentSetSize of job (KB)
...
006 (675011.000.000) 09/15 17:43:51 Image size of job updated: 3238632
	3163  -  MemoryUsage of job (MB)
	3238632  -  ResidentSetSize of job (KB)
...
006 (675011.000.000) 09/15 17:48:52 Image size of job updated: 3287552
	3211  -  MemoryUsage of job (MB)
	3287552  -  ResidentSetSize of job (KB)
...
006 (675011.000.000) 09/15 17:53:52 Image size of job updated: 3338268
	3261  -  MemoryUsage of job (MB)
	3338268  -  ResidentSetSize of job (KB)
...
006 (675011.000.000) 09/15 17:58:52 Image size of job updated: 3386484
	3308  -  MemoryUsage of job (MB)
	3386484  -  ResidentSetSize of job (KB)
...
006 (675011.000.000) 09/15 18:03:53 Image size of job updated: 3435208
	3355  -  MemoryUsage of job (MB)
	3435208  -  ResidentSetSize of job (KB)
...
006 (675011.000.000) 09/15 18:08:53 Image size of job updated: 3484076
	3403  -  MemoryUsage of job (MB)
	3484076  -  ResidentSetSize of job (KB)
...
006 (675011.000.000) 09/15 18:13:53 Image size of job updated: 3534004
	3452  -  MemoryUsage of job (MB)
	3534004  -  ResidentSetSize of job (KB)
...
006 (675011.000.000) 09/15 18:18:54 Image size of job updated: 3584572
	3501  -  MemoryUsage of job (MB)
	3584572  -  ResidentSetSize of job (KB)
...
006 (675011.000.000) 09/15 18:23:55 Image size of job updated: 3631624
	3547  -  MemoryUsage of job (MB)
	3631624  -  ResidentSetSize of job (KB)
...
006 (675011.000.000) 09/15 18:28:55 Image size of job updated: 3683944
	3598  -  MemoryUsage of job (MB)
	3683944  -  ResidentSetSize of job (KB)
...
006 (675011.000.000) 09/15 18:33:55 Image size of job updated: 3732404
	3645  -  MemoryUsage of job (MB)
	3732404  -  ResidentSetSize of job (KB)
...
006 (675011.000.000) 09/15 18:38:56 Image size of job updated: 3783080
	3695  -  MemoryUsage of job (MB)
	3783080  -  ResidentSetSize of job (KB)
...
006 (675011.000.000) 09/15 18:43:56 Image size of job updated: 3835604
	3746  -  MemoryUsage of job (MB)
	3835604  -  ResidentSetSize of job (KB)
...
006 (675011.000.000) 09/15 18:48:56 Image size of job updated: 3883848
	3793  -  MemoryUsage of job (MB)
	3883848  -  ResidentSetSize of job (KB)
...
006 (675011.000.000) 09/15 18:53:57 Image size of job updated: 3934268
	3843  -  MemoryUsage of job (MB)
	3934268  -  ResidentSetSize of job (KB)
...
006 (675011.000.000) 09/15 18:58:58 Image size of job updated: 3984720
	3892  -  MemoryUsage of job (MB)
	3984720  -  ResidentSetSize of job (KB)
...
006 (675011.000.000) 09/15 19:03:58 Image size of job updated: 4031776
	3938  -  MemoryUsage of job (MB)
	4031776  -  ResidentSetSize of job (KB)
...
006 (675011.000.000) 09/15 19:08:59 Image size of job updated: 4081716
	3987  -  MemoryUsage of job (MB)
	4081716  -  ResidentSetSize of job (KB)
...
006 (675011.000.000) 09/15 19:14:00 Image size of job updated: 4131896
	4036  -  MemoryUsage of job (MB)
	4131896  -  ResidentSetSize of job (KB)
...
006 (675011.000.000) 09/15 19:19:00 Image size of job updated: 4181172
	4084  -  MemoryUsage of job (MB)
	4181172  -  ResidentSetSize of job (KB)
...
006 (675011.000.000) 09/15 19:24:00 Image size of job updated: 4228976
	4130  -  MemoryUsage of job (MB)
	4228976  -  ResidentSetSize of job (KB)
...
006 (675011.000.000) 09/15 23:52:32 Image size of job updated: 4273108
	4173  -  MemoryUsage of job (MB)
	4273028  -  ResidentSetSize of job (KB)
...
006 (675011.000.000) 09/16 00:06:09 Image size of job updated: 4405428
	4303  -  MemoryUsage of job (MB)
	4405348  -  ResidentSetSize of job (KB)
...
006 (675011.000.000) 09/16 00:14:19 Image size of job updated: 4483592
	4379  -  MemoryUsage of job (MB)
	4483512  -  ResidentSetSize of job (KB)
...
006 (675011.000.000) 09/16 00:19:19 Image size of job updated: 4533816
	4428  -  MemoryUsage of job (MB)
	4533736  -  ResidentSetSize of job (KB)
...
006 (675011.000.000) 09/16 00:24:19 Image size of job updated: 4584452
	4477  -  MemoryUsage of job (MB)
	4584372  -  ResidentSetSize of job (KB)
...
006 (675011.000.000) 09/16 00:29:20 Image size of job updated: 4633040
	4525  -  MemoryUsage of job (MB)
	4632960  -  ResidentSetSize of job (KB)
...
006 (675011.000.000) 09/16 00:34:21 Image size of job updated: 4681460
	4572  -  MemoryUsage of job (MB)
	4681380  -  ResidentSetSize of job (KB)
...
006 (675011.000.000) 09/16 00:39:21 Image size of job updated: 4730596
	4620  -  MemoryUsage of job (MB)
	4730516  -  ResidentSetSize of job (KB)
...
006 (675011.000.000) 09/16 00:44:21 Image size of job updated: 4782292
	4671  -  MemoryUsage of job (MB)
	4782212  -  ResidentSetSize of job (KB)
...
006 (675011.000.000) 09/16 00:49:22 Image size of job updated: 4832580
	4720  -  MemoryUsage of job (MB)
	4832500  -  ResidentSetSize of job (KB)
...
006 (675011.000.000) 09/16 00:54:23 Image size of job updated: 4883112
	4769  -  MemoryUsage of job (MB)
	4883032  -  ResidentSetSize of job (KB)
...
006 (675011.000.000) 09/16 00:59:23 Image size of job updated: 4934068
	4819  -  MemoryUsage of job (MB)
	4933988  -  ResidentSetSize of job (KB)
...
006 (675011.000.000) 09/16 01:04:24 Image size of job updated: 4983504
	4867  -  MemoryUsage of job (MB)
	4983424  -  ResidentSetSize of job (KB)
...
006 (675011.000.000) 09/16 01:09:25 Image size of job updated: 5009532
	4893  -  MemoryUsage of job (MB)
	5009452  -  ResidentSetSize of job (KB)
...
006 (675011.000.000) 09/16 02:39:39 Image size of job updated: 5223540
	5101  -  MemoryUsage of job (MB)
	5222948  -  ResidentSetSize of job (KB)
...
006 (675011.000.000) 09/16 03:06:20 Image size of job updated: 5628528
	5497  -  MemoryUsage of job (MB)
	5627932  -  ResidentSetSize of job (KB)
...
006 (675011.000.000) 09/16 03:22:21 Image size of job updated: 5877884
	5740  -  MemoryUsage of job (MB)
	5877288  -  ResidentSetSize of job (KB)
...
006 (675011.000.000) 09/16 03:31:58 Image size of job updated: 6025056
	5884  -  MemoryUsage of job (MB)
	6024460  -  ResidentSetSize of job (KB)
...
006 (675011.000.000) 09/16 03:37:44 Image size of job updated: 6112412
	5969  -  MemoryUsage of job (MB)
	6111816  -  ResidentSetSize of job (KB)
...
006 (675011.000.000) 09/16 03:42:44 Image size of job updated: 6169044
	6024  -  MemoryUsage of job (MB)
	6168448  -  ResidentSetSize of job (KB)
...
006 (675011.000.000) 09/16 03:51:35 Image size of job updated: 6178364
	6034  -  MemoryUsage of job (MB)
	6178360  -  ResidentSetSize of job (KB)
...
006 (675011.000.000) 09/16 04:30:57 Image size of job updated: 6178540
	6034  -  MemoryUsage of job (MB)
	6178528  -  ResidentSetSize of job (KB)
...
006 (675011.000.000) 09/16 05:15:07 Image size of job updated: 6206968
	6062  -  MemoryUsage of job (MB)
	6206704  -  ResidentSetSize of job (KB)
...
006 (675011.000.000) 09/16 05:42:48 Image size of job updated: 6631204
	6476  -  MemoryUsage of job (MB)
	6630940  -  ResidentSetSize of job (KB)
...
006 (675011.000.000) 09/16 05:59:24 Image size of job updated: 6887184
	6726  -  MemoryUsage of job (MB)
	6886920  -  ResidentSetSize of job (KB)
...
006 (675011.000.000) 09/16 06:09:22 Image size of job updated: 6946016
	6783  -  MemoryUsage of job (MB)
	6945752  -  ResidentSetSize of job (KB)
...
022 (675011.000.000) 09/16 07:11:15 Job disconnected, attempting to reconnect
    Socket between submit and execute hosts closed unexpectedly
    Trying to reconnect to slot1_9@c-1-6 <140.160.143.157:9618?addrs=140.160.143.157-9618&noUDP&sock=4484_2bf8_11>
...
024 (675011.000.000) 09/16 07:51:15 Job reconnection failed
    Job disconnected too long: JobLeaseDuration (2400 seconds) expired
    Can not reconnect to slot1_9@c-1-6, rescheduling job
...
001 (675011.000.000) 09/16 11:52:08 Job executing on host: <140.160.143.153:9618?addrs=140.160.143.153-9618&noUDP&sock=4484_8b29_3>
...
006 (675011.000.000) 09/17 05:13:54 Image size of job updated: 14541388
	7325  -  MemoryUsage of job (MB)
	7500000  -  ResidentSetSize of job (KB)
...
006 (675011.000.000) 09/17 05:18:55 Image size of job updated: 14611724
	7325  -  MemoryUsage of job (MB)
	7500000  -  ResidentSetSize of job (KB)
...
006 (675011.000.000) 09/17 05:23:55 Image size of job updated: 14682900
	7325  -  MemoryUsage of job (MB)
	7500000  -  ResidentSetSize of job (KB)
...
006 (675011.000.000) 09/17 05:28:56 Image size of job updated: 14755280
	7325  -  MemoryUsage of job (MB)
	7500000  -  ResidentSetSize of job (KB)
...
006 (675011.000.000) 09/17 05:33:57 Image size of job updated: 14823936
	7325  -  MemoryUsage of job (MB)
	7500000  -  ResidentSetSize of job (KB)
...
006 (675011.000.000) 09/17 05:38:57 Image size of job updated: 14893824
	7325  -  MemoryUsage of job (MB)
	7500000  -  ResidentSetSize of job (KB)
...
006 (675011.000.000) 09/17 05:43:57 Image size of job updated: 14963516
	7325  -  MemoryUsage of job (MB)
	7500000  -  ResidentSetSize of job (KB)
...
006 (675011.000.000) 09/17 05:48:58 Image size of job updated: 15035336
	7325  -  MemoryUsage of job (MB)
	7500000  -  ResidentSetSize of job (KB)
...
006 (675011.000.000) 09/17 05:53:58 Image size of job updated: 15102284
	7325  -  MemoryUsage of job (MB)
	7500000  -  ResidentSetSize of job (KB)
...
006 (675011.000.000) 09/17 05:58:58 Image size of job updated: 15177072
	7325  -  MemoryUsage of job (MB)
	7500000  -  ResidentSetSize of job (KB)
...
006 (675011.000.000) 09/17 06:03:59 Image size of job updated: 15247352
	7325  -  MemoryUsage of job (MB)
	7500000  -  ResidentSetSize of job (KB)
...
006 (675011.000.000) 09/17 06:09:00 Image size of job updated: 15315056
	7325  -  MemoryUsage of job (MB)
	7500000  -  ResidentSetSize of job (KB)
...
006 (675011.000.000) 09/17 06:14:00 Image size of job updated: 15387912
	7325  -  MemoryUsage of job (MB)
	7500000  -  ResidentSetSize of job (KB)
...
006 (675011.000.000) 09/17 06:19:01 Image size of job updated: 15455756
	7325  -  MemoryUsage of job (MB)
	7500000  -  ResidentSetSize of job (KB)
...
006 (675011.000.000) 09/17 06:24:02 Image size of job updated: 15527268
	7325  -  MemoryUsage of job (MB)
	7500000  -  ResidentSetSize of job (KB)
...
006 (675011.000.000) 09/17 06:29:02 Image size of job updated: 15597352
	7325  -  MemoryUsage of job (MB)
	7500000  -  ResidentSetSize of job (KB)
...
006 (675011.000.000) 09/17 06:34:02 Image size of job updated: 15668472
	7325  -  MemoryUsage of job (MB)
	7500000  -  ResidentSetSize of job (KB)
...
006 (675011.000.000) 09/17 06:39:04 Image size of job updated: 15739704
	7325  -  MemoryUsage of job (MB)
	7500000  -  ResidentSetSize of job (KB)
...
006 (675011.000.000) 09/17 06:44:04 Image size of job updated: 15812084
	7325  -  MemoryUsage of job (MB)
	7500000  -  ResidentSetSize of job (KB)
...
006 (675011.000.000) 09/17 06:49:04 Image size of job updated: 15882840
	7325  -  MemoryUsage of job (MB)
	7500000  -  ResidentSetSize of job (KB)
...
006 (675011.000.000) 09/17 06:54:05 Image size of job updated: 15952756
	7325  -  MemoryUsage of job (MB)
	7500000  -  ResidentSetSize of job (KB)
...
006 (675011.000.000) 09/17 06:59:06 Image size of job updated: 16022700
	7325  -  MemoryUsage of job (MB)
	7500000  -  ResidentSetSize of job (KB)
...
006 (675011.000.000) 09/17 07:04:06 Image size of job updated: 16093960
	7325  -  MemoryUsage of job (MB)
	7500000  -  ResidentSetSize of job (KB)
...
006 (675011.000.000) 09/17 07:09:06 Image size of job updated: 16163512
	7325  -  MemoryUsage of job (MB)
	7500000  -  ResidentSetSize of job (KB)
...
006 (675011.000.000) 09/17 07:14:07 Image size of job updated: 16234604
	7325  -  MemoryUsage of job (MB)
	7500000  -  ResidentSetSize of job (KB)
...
006 (675011.000.000) 09/17 07:19:07 Image size of job updated: 16304884
	7325  -  MemoryUsage of job (MB)
	7500000  -  ResidentSetSize of job (KB)
...
006 (675011.000.000) 09/17 07:24:07 Image size of job updated: 16374604
	7325  -  MemoryUsage of job (MB)
	7500000  -  ResidentSetSize of job (KB)
...
006 (675011.000.000) 09/17 07:29:08 Image size of job updated: 16447040
	7325  -  MemoryUsage of job (MB)
	7500000  -  ResidentSetSize of job (KB)
...
006 (675011.000.000) 09/17 07:34:09 Image size of job updated: 16515528
	7325  -  MemoryUsage of job (MB)
	7500000  -  ResidentSetSize of job (KB)
...
006 (675011.000.000) 09/17 07:39:09 Image size of job updated: 16586424
	7325  -  MemoryUsage of job (MB)
	7500000  -  ResidentSetSize of job (KB)
...
006 (675011.000.000) 09/17 07:44:10 Image size of job updated: 16658160
	7325  -  MemoryUsage of job (MB)
	7500000  -  ResidentSetSize of job (KB)
...
006 (675011.000.000) 09/17 07:49:11 Image size of job updated: 16724576
	7325  -  MemoryUsage of job (MB)
	7500000  -  ResidentSetSize of job (KB)
...
006 (675011.000.000) 09/17 07:54:11 Image size of job updated: 16792644
	7325  -  MemoryUsage of job (MB)
	7500000  -  ResidentSetSize of job (KB)
...
006 (675011.000.000) 09/17 07:59:11 Image size of job updated: 16861664
	7325  -  MemoryUsage of job (MB)
	7500000  -  ResidentSetSize of job (KB)
...
006 (675011.000.000) 09/17 08:04:12 Image size of job updated: 16928892
	7325  -  MemoryUsage of job (MB)
	7500000  -  ResidentSetSize of job (KB)
...
006 (675011.000.000) 09/17 08:09:13 Image size of job updated: 16994776
	7325  -  MemoryUsage of job (MB)
	7500000  -  ResidentSetSize of job (KB)
...
006 (675011.000.000) 09/17 08:14:13 Image size of job updated: 17061052
	7325  -  MemoryUsage of job (MB)
	7500000  -  ResidentSetSize of job (KB)
...
006 (675011.000.000) 09/17 08:19:14 Image size of job updated: 17128644
	7325  -  MemoryUsage of job (MB)
	7500000  -  ResidentSetSize of job (KB)
...
006 (675011.000.000) 09/17 08:24:15 Image size of job updated: 17200156
	7325  -  MemoryUsage of job (MB)
	7500000  -  ResidentSetSize of job (KB)
...
006 (675011.000.000) 09/17 08:29:15 Image size of job updated: 17268868
	7325  -  MemoryUsage of job (MB)
	7500000  -  ResidentSetSize of job (KB)
...
006 (675011.000.000) 09/17 08:34:15 Image size of job updated: 17336068
	7325  -  MemoryUsage of job (MB)
	7500000  -  ResidentSetSize of job (KB)
...
006 (675011.000.000) 09/17 08:39:16 Image size of job updated: 17405452
	7325  -  MemoryUsage of job (MB)
	7500000  -  ResidentSetSize of job (KB)
...
006 (675011.000.000) 09/17 08:44:17 Image size of job updated: 17474584
	7325  -  MemoryUsage of job (MB)
	7500000  -  ResidentSetSize of job (KB)
...
006 (675011.000.000) 09/17 08:49:17 Image size of job updated: 17540328
	7325  -  MemoryUsage of job (MB)
	7500000  -  ResidentSetSize of job (KB)
...
006 (675011.000.000) 09/17 08:54:18 Image size of job updated: 17608592
	7325  -  MemoryUsage of job (MB)
	7500000  -  ResidentSetSize of job (KB)
...
006 (675011.000.000) 09/17 08:59:19 Image size of job updated: 17675708
	7325  -  MemoryUsage of job (MB)
	7500000  -  ResidentSetSize of job (KB)
...
006 (675011.000.000) 09/17 09:04:19 Image size of job updated: 17745904
	7325  -  MemoryUsage of job (MB)
	7500000  -  ResidentSetSize of job (KB)
...
006 (675011.000.000) 09/17 09:09:19 Image size of job updated: 17813944
	7325  -  MemoryUsage of job (MB)
	7500000  -  ResidentSetSize of job (KB)
...
006 (675011.000.000) 09/17 09:14:20 Image size of job updated: 17884084
	7325  -  MemoryUsage of job (MB)
	7500000  -  ResidentSetSize of job (KB)
...
006 (675011.000.000) 09/17 09:19:20 Image size of job updated: 17957136
	7325  -  MemoryUsage of job (MB)
	7500000  -  ResidentSetSize of job (KB)
...
006 (675011.000.000) 09/17 09:24:20 Image size of job updated: 18029712
	7325  -  MemoryUsage of job (MB)
	7500000  -  ResidentSetSize of job (KB)
...
006 (675011.000.000) 09/17 09:29:21 Image size of job updated: 18106152
	7325  -  MemoryUsage of job (MB)
	7500000  -  ResidentSetSize of job (KB)
...
006 (675011.000.000) 09/17 09:34:22 Image size of job updated: 18180352
	7325  -  MemoryUsage of job (MB)
	7500000  -  ResidentSetSize of job (KB)
...
006 (675011.000.000) 09/17 09:39:22 Image size of job updated: 18247748
	7325  -  MemoryUsage of job (MB)
	7500000  -  ResidentSetSize of job (KB)
...
006 (675011.000.000) 09/17 09:44:22 Image size of job updated: 18316264
	7325  -  MemoryUsage of job (MB)
	7500000  -  ResidentSetSize of job (KB)
...
006 (675011.000.000) 09/17 09:49:23 Image size of job updated: 18384192
	7325  -  MemoryUsage of job (MB)
	7500000  -  ResidentSetSize of job (KB)
...
006 (675011.000.000) 09/17 09:54:23 Image size of job updated: 18451448
	7325  -  MemoryUsage of job (MB)
	7500000  -  ResidentSetSize of job (KB)
...
006 (675011.000.000) 09/17 09:59:23 Image size of job updated: 18517780
	7325  -  MemoryUsage of job (MB)
	7500000  -  ResidentSetSize of job (KB)
...
006 (675011.000.000) 09/17 10:04:24 Image size of job updated: 18586324
	7325  -  MemoryUsage of job (MB)
	7500000  -  ResidentSetSize of job (KB)
...
006 (675011.000.000) 09/17 10:09:25 Image size of job updated: 18651536
	7325  -  MemoryUsage of job (MB)
	7500000  -  ResidentSetSize of job (KB)
...
006 (675011.000.000) 09/17 10:14:25 Image size of job updated: 18719828
	7325  -  MemoryUsage of job (MB)
	7500000  -  ResidentSetSize of job (KB)
...
006 (675011.000.000) 09/17 10:19:26 Image size of job updated: 18786888
	7325  -  MemoryUsage of job (MB)
	7500000  -  ResidentSetSize of job (KB)
...
006 (675011.000.000) 09/17 10:24:27 Image size of job updated: 18853052
	7325  -  MemoryUsage of job (MB)
	7500000  -  ResidentSetSize of job (KB)
...
006 (675011.000.000) 09/17 10:29:27 Image size of job updated: 18918880
	7325  -  MemoryUsage of job (MB)
	7500000  -  ResidentSetSize of job (KB)
...
006 (675011.000.000) 09/17 10:34:27 Image size of job updated: 18985828
	7325  -  MemoryUsage of job (MB)
	7500000  -  ResidentSetSize of job (KB)
...
006 (675011.000.000) 09/17 10:39:28 Image size of job updated: 19050704
	7325  -  MemoryUsage of job (MB)
	7500000  -  ResidentSetSize of job (KB)
...
006 (675011.000.000) 09/17 10:44:29 Image size of job updated: 19116672
	7325  -  MemoryUsage of job (MB)
	7500000  -  ResidentSetSize of job (KB)
...
006 (675011.000.000) 09/17 10:49:29 Image size of job updated: 19182696
	7325  -  MemoryUsage of job (MB)
	7500000  -  ResidentSetSize of job (KB)
...
006 (675011.000.000) 09/17 10:54:30 Image size of job updated: 19249728
	7325  -  MemoryUsage of job (MB)
	7500000  -  ResidentSetSize of job (KB)
...
006 (675011.000.000) 09/17 10:59:31 Image size of job updated: 19316900
	7325  -  MemoryUsage of job (MB)
	7500000  -  ResidentSetSize of job (KB)
...
006 (675011.000.000) 09/17 11:04:31 Image size of job updated: 19382532
	7325  -  MemoryUsage of job (MB)
	7500000  -  ResidentSetSize of job (KB)
...
006 (675011.000.000) 09/17 11:09:31 Image size of job updated: 19449228
	7325  -  MemoryUsage of job (MB)
	7500000  -  ResidentSetSize of job (KB)
...
006 (675011.000.000) 09/17 11:14:32 Image size of job updated: 19518136
	7325  -  MemoryUsage of job (MB)
	7500000  -  ResidentSetSize of job (KB)
...
006 (675011.000.000) 09/17 11:19:33 Image size of job updated: 19586960
	7325  -  MemoryUsage of job (MB)
	7500000  -  ResidentSetSize of job (KB)
...
006 (675011.000.000) 09/17 11:24:33 Image size of job updated: 19655028
	7325  -  MemoryUsage of job (MB)
	7500000  -  ResidentSetSize of job (KB)
...
006 (675011.000.000) 09/17 11:29:34 Image size of job updated: 19725168
	7325  -  MemoryUsage of job (MB)
	7500000  -  ResidentSetSize of job (KB)
...
006 (675011.000.000) 09/17 11:34:35 Image size of job updated: 19791472
	7325  -  MemoryUsage of job (MB)
	7500000  -  ResidentSetSize of job (KB)
...
006 (675011.000.000) 09/17 11:39:35 Image size of job updated: 19856824
	7325  -  MemoryUsage of job (MB)
	7500000  -  ResidentSetSize of job (KB)
...
006 (675011.000.000) 09/17 11:44:35 Image size of job updated: 19923324
	7325  -  MemoryUsage of job (MB)
	7500000  -  ResidentSetSize of job (KB)
...
006 (675011.000.000) 09/17 11:49:36 Image size of job updated: 19992288
	7325  -  MemoryUsage of job (MB)
	7500000  -  ResidentSetSize of job (KB)
...
006 (675011.000.000) 09/17 11:54:37 Image size of job updated: 20060776
	7325  -  MemoryUsage of job (MB)
	7500000  -  ResidentSetSize of job (KB)
...
006 (675011.000.000) 09/17 11:59:37 Image size of job updated: 20125820
	7325  -  MemoryUsage of job (MB)
	7500000  -  ResidentSetSize of job (KB)
...
006 (675011.000.000) 09/17 12:04:38 Image size of job updated: 20193776
	7325  -  MemoryUsage of job (MB)
	7500000  -  ResidentSetSize of job (KB)
...
006 (675011.000.000) 09/17 12:09:39 Image size of job updated: 20259576
	7325  -  MemoryUsage of job (MB)
	7500000  -  ResidentSetSize of job (KB)
...
006 (675011.000.000) 09/17 12:14:39 Image size of job updated: 20325348
	7325  -  MemoryUsage of job (MB)
	7500000  -  ResidentSetSize of job (KB)
...
006 (675011.000.000) 09/17 12:19:39 Image size of job updated: 20391456
	7325  -  MemoryUsage of job (MB)
	7500000  -  ResidentSetSize of job (KB)
...
006 (675011.000.000) 09/17 12:24:40 Image size of job updated: 20459048
	7325  -  MemoryUsage of job (MB)
	7500000  -  ResidentSetSize of job (KB)
...
006 (675011.000.000) 09/17 12:29:41 Image size of job updated: 20526332
	7325  -  MemoryUsage of job (MB)
	7500000  -  ResidentSetSize of job (KB)
...
006 (675011.000.000) 09/17 12:34:41 Image size of job updated: 20593252
	7325  -  MemoryUsage of job (MB)
	7500000  -  ResidentSetSize of job (KB)
...
006 (675011.000.000) 09/17 12:39:42 Image size of job updated: 20659136
	7325  -  MemoryUsage of job (MB)
	7500000  -  ResidentSetSize of job (KB)
...
006 (675011.000.000) 09/17 12:44:43 Image size of job updated: 20724544
	7325  -  MemoryUsage of job (MB)
	7500000  -  ResidentSetSize of job (KB)
...
006 (675011.000.000) 09/17 12:49:43 Image size of job updated: 20789700
	7325  -  MemoryUsage of job (MB)
	7500000  -  ResidentSetSize of job (KB)
...
006 (675011.000.000) 09/17 12:54:43 Image size of job updated: 20855500
	7325  -  MemoryUsage of job (MB)
	7500000  -  ResidentSetSize of job (KB)
...
006 (675011.000.000) 09/17 12:59:44 Image size of job updated: 20922336
	7325  -  MemoryUsage of job (MB)
	7500000  -  ResidentSetSize of job (KB)
...
006 (675011.000.000) 09/17 13:04:45 Image size of job updated: 20988360
	7325  -  MemoryUsage of job (MB)
	7500000  -  ResidentSetSize of job (KB)
...
006 (675011.000.000) 09/17 13:09:45 Image size of job updated: 21053740
	7325  -  MemoryUsage of job (MB)
	7500000  -  ResidentSetSize of job (KB)
...
006 (675011.000.000) 09/17 13:14:46 Image size of job updated: 21119512
	7325  -  MemoryUsage of job (MB)
	7500000  -  ResidentSetSize of job (KB)
...
006 (675011.000.000) 09/17 13:19:47 Image size of job updated: 21186404
	7325  -  MemoryUsage of job (MB)
	7500000  -  ResidentSetSize of job (KB)
...
006 (675011.000.000) 09/17 13:24:47 Image size of job updated: 21253464
	7325  -  MemoryUsage of job (MB)
	7500000  -  ResidentSetSize of job (KB)
...
006 (675011.000.000) 09/17 13:29:47 Image size of job updated: 21319404
	7325  -  MemoryUsage of job (MB)
	7500000  -  ResidentSetSize of job (KB)
...
006 (675011.000.000) 09/17 13:34:48 Image size of job updated: 21381116
	7325  -  MemoryUsage of job (MB)
	7500000  -  ResidentSetSize of job (KB)
...
006 (675011.000.000) 09/17 13:39:49 Image size of job updated: 21444396
	7325  -  MemoryUsage of job (MB)
	7500000  -  ResidentSetSize of job (KB)
...
006 (675011.000.000) 09/17 13:44:49 Image size of job updated: 21509972
	7325  -  MemoryUsage of job (MB)
	7500000  -  ResidentSetSize of job (KB)
...
006 (675011.000.000) 09/17 13:49:50 Image size of job updated: 21573756
	7325  -  MemoryUsage of job (MB)
	7500000  -  ResidentSetSize of job (KB)
...
006 (675011.000.000) 09/17 13:52:56 Image size of job updated: 21617632
	7325  -  MemoryUsage of job (MB)
	7500000  -  ResidentSetSize of job (KB)
...
005 (675011.000.000) 09/17 13:52:56 Job terminated.
	(1) Normal termination (return value 0)
		Usr 0 00:10:39, Sys 0 00:05:38  -  Run Remote Usage
		Usr 0 00:00:00, Sys 0 00:00:00  -  Run Local Usage
		Usr 0 00:10:39, Sys 0 00:05:38  -  Total Remote Usage
		Usr 0 00:00:00, Sys 0 00:00:00  -  Total Local Usage
	0  -  Run Bytes Sent By Job
	0  -  Run Bytes Received By Job
	0  -  Total Bytes Sent By Job
	0  -  Total Bytes Received By Job
	Partitionable Resources :    Usage  Request Allocated 
	   Cpus                 :     1.91        2         2 
	   Disk (KB)            :   150         150     17609 
	   Memory (MB)          :  7325        7325      7424 
...
000 (228.000.000) 10/21 16:26:39 Job submitted from host: <140.160.143.131:9618?addrs=140.160.143.131-9618&noUDP&sock=2776_aefe_4>
...
