000 (2266.579.000) 04/28 23:43:28 Job submitted from host: <140.160.143.131:9618?addrs=140.160.143.131-9618&noUDP&sock=3131910_565e_30>
...
000 (2267.579.000) 04/28 23:44:32 Job submitted from host: <140.160.143.131:9618?addrs=140.160.143.131-9618&noUDP&sock=3131910_565e_30>
...
000 (2268.579.000) 04/28 23:46:20 Job submitted from host: <140.160.143.131:9618?addrs=140.160.143.131-9618&noUDP&sock=3131910_565e_30>
...
001 (2266.579.000) 04/28 23:48:23 Job executing on host: <140.160.143.145:9618?addrs=140.160.143.145-9618&noUDP&sock=16120_8ec3_3>
...
006 (2266.579.000) 04/28 23:48:31 Image size of job updated: 504
	1  -  MemoryUsage of job (MB)
	504  -  ResidentSetSize of job (KB)
...
005 (2266.579.000) 04/28 23:48:39 Job terminated.
	(1) Normal termination (return value 0)
		Usr 0 00:00:16, Sys 0 00:00:00  -  Run Remote Usage
		Usr 0 00:00:00, Sys 0 00:00:00  -  Run Local Usage
		Usr 0 00:00:16, Sys 0 00:00:00  -  Total Remote Usage
		Usr 0 00:00:00, Sys 0 00:00:00  -  Total Local Usage
	0  -  Run Bytes Sent By Job
	0  -  Run Bytes Received By Job
	0  -  Total Bytes Sent By Job
	0  -  Total Bytes Received By Job
	Partitionable Resources :    Usage  Request Allocated 
	   Cpus                 :     1.00        1         1 
	   Disk (KB)            :   175         175    881546 
	   Memory (MB)          :     1           1       128 
...
001 (2267.579.000) 05/01 08:53:23 Job executing on host: <140.160.143.164:9618?addrs=140.160.143.164-9618&noUDP&sock=59457_2292_3>
...
006 (2267.579.000) 05/01 08:53:33 Image size of job updated: 1084
	2  -  MemoryUsage of job (MB)
	1084  -  ResidentSetSize of job (KB)
...
006 (2267.579.000) 05/01 08:58:34 Image size of job updated: 1088
	2  -  MemoryUsage of job (MB)
	1088  -  ResidentSetSize of job (KB)
...
005 (2267.579.000) 05/01 11:05:13 Job terminated.
	(1) Normal termination (return value 0)
		Usr 0 05:03:15, Sys 0 03:43:54  -  Run Remote Usage
		Usr 0 00:00:00, Sys 0 00:00:00  -  Run Local Usage
		Usr 0 05:03:15, Sys 0 03:43:54  -  Total Remote Usage
		Usr 0 00:00:00, Sys 0 00:00:00  -  Total Local Usage
	0  -  Run Bytes Sent By Job
	0  -  Run Bytes Received By Job
	0  -  Total Bytes Sent By Job
	0  -  Total Bytes Received By Job
	Partitionable Resources :    Usage  Request Allocated 
	   Cpus                 :     4.00        4         4 
	   Disk (KB)            :   175         175    844642 
	   Memory (MB)          :     2           1       128 
...
009 (2268.579.000) 05/11 09:58:37 Job was aborted by the user.
	via condor_rm (by user scoggim)
...
000 (2511.579.000) 05/27 15:03:18 Job submitted from host: <140.160.143.131:9618?addrs=140.160.143.131-9618&noUDP&sock=3131910_565e_30>
...
001 (2511.579.000) 05/27 19:24:39 Job executing on host: <140.160.143.144:9618?addrs=140.160.143.144-9618&noUDP&sock=16727_e8c0_3>
...
006 (2511.579.000) 05/27 19:24:48 Image size of job updated: 3680
	4  -  MemoryUsage of job (MB)
	3680  -  ResidentSetSize of job (KB)
...
006 (2511.579.000) 05/27 19:29:48 Image size of job updated: 3908
	4  -  MemoryUsage of job (MB)
	3908  -  ResidentSetSize of job (KB)
...
005 (2511.579.000) 05/27 20:47:32 Job terminated.
	(1) Normal termination (return value 0)
		Usr 0 01:22:49, Sys 0 00:00:00  -  Run Remote Usage
		Usr 0 00:00:00, Sys 0 00:00:00  -  Run Local Usage
		Usr 0 01:22:49, Sys 0 00:00:00  -  Total Remote Usage
		Usr 0 00:00:00, Sys 0 00:00:00  -  Total Local Usage
	0  -  Run Bytes Sent By Job
	0  -  Run Bytes Received By Job
	0  -  Total Bytes Sent By Job
	0  -  Total Bytes Received By Job
	Partitionable Resources :    Usage  Request Allocated 
	   Cpus                 :     1.00        1         1 
	   Disk (KB)            :   175         175    881004 
	   Memory (MB)          :     4           1       128 
...
000 (2513.579.000) 05/31 13:37:14 Job submitted from host: <140.160.143.131:9618?addrs=140.160.143.131-9618&noUDP&sock=3131910_565e_30>
...
009 (2513.579.000) 05/31 15:23:50 Job was aborted by the user.
	via condor_rm (by user scoggim)
...
000 (2514.579.000) 05/31 15:29:20 Job submitted from host: <140.160.143.131:9618?addrs=140.160.143.131-9618&noUDP&sock=3131910_565e_30>
...
009 (2514.579.000) 06/01 11:47:20 Job was aborted by the user.
	via condor_rm (by user scoggim)
...
000 (2515.579.000) 06/01 11:47:43 Job submitted from host: <140.160.143.131:9618?addrs=140.160.143.131-9618&noUDP&sock=3131910_565e_30>
...
001 (2515.579.000) 06/02 04:57:27 Job executing on host: <140.160.143.146:9618?addrs=140.160.143.146-9618&noUDP&sock=4054_4908_3>
...
006 (2515.579.000) 06/02 04:57:35 Image size of job updated: 7036
	4  -  MemoryUsage of job (MB)
	3680  -  ResidentSetSize of job (KB)
...
006 (2515.579.000) 06/02 05:02:35 Image size of job updated: 7260
	4  -  MemoryUsage of job (MB)
	3904  -  ResidentSetSize of job (KB)
...
006 (2515.579.000) 06/02 05:07:36 Image size of job updated: 7264
	4  -  MemoryUsage of job (MB)
	3908  -  ResidentSetSize of job (KB)
...
005 (2515.579.000) 06/02 10:23:20 Job terminated.
	(1) Normal termination (return value 0)
		Usr 0 05:25:32, Sys 0 00:00:00  -  Run Remote Usage
		Usr 0 00:00:00, Sys 0 00:00:00  -  Run Local Usage
		Usr 0 05:25:32, Sys 0 00:00:00  -  Total Remote Usage
		Usr 0 00:00:00, Sys 0 00:00:00  -  Total Local Usage
	0  -  Run Bytes Sent By Job
	0  -  Run Bytes Received By Job
	0  -  Total Bytes Sent By Job
	0  -  Total Bytes Received By Job
	Partitionable Resources :    Usage  Request Allocated 
	   Cpus                 :     1.00        1         1 
	   Disk (KB)            :   175         175    881117 
	   Memory (MB)          :     4           1       128 
...
