000 (674385.000.000) 09/14 14:18:49 Job submitted from host: <140.160.143.130:9618?addrs=140.160.143.130-9618&noUDP&sock=5591_da80_4>
...
009 (674385.000.000) 09/14 14:20:43 Job was aborted by the user.
	via condor_rm (by user scoggim)
...
000 (674529.000.000) 09/14 14:25:57 Job submitted from host: <140.160.143.130:9618?addrs=140.160.143.130-9618&noUDP&sock=5591_da80_4>
...
000 (674673.000.000) 09/14 14:26:39 Job submitted from host: <140.160.143.130:9618?addrs=140.160.143.130-9618&noUDP&sock=5591_da80_4>
...
000 (674817.000.000) 09/14 14:27:38 Job submitted from host: <140.160.143.130:9618?addrs=140.160.143.130-9618&noUDP&sock=5591_da80_4>
...
009 (674817.000.000) 09/14 14:46:33 Job was aborted by the user.
	via condor_rm (by user scoggim)
...
009 (674529.000.000) 09/14 14:46:33 Job was aborted by the user.
	via condor_rm (by user scoggim)
...
009 (674673.000.000) 09/14 14:46:33 Job was aborted by the user.
	via condor_rm (by user scoggim)
...
000 (674997.000.000) 09/14 22:20:24 Job submitted from host: <140.160.143.130:9618?addrs=140.160.143.130-9618&noUDP&sock=5591_da80_4>
...
001 (674997.000.000) 09/15 10:29:42 Job executing on host: <140.160.143.154:9618?addrs=140.160.143.154-9618&noUDP&sock=4512_bfcf_3>
...
006 (674997.000.000) 09/15 10:29:51 Image size of job updated: 2480
	3  -  MemoryUsage of job (MB)
	2480  -  ResidentSetSize of job (KB)
...
006 (674997.000.000) 09/15 10:34:51 Image size of job updated: 44756
	44  -  MemoryUsage of job (MB)
	44756  -  ResidentSetSize of job (KB)
...
006 (674997.000.000) 09/15 22:36:11 Image size of job updated: 10591464
	44  -  MemoryUsage of job (MB)
	44756  -  ResidentSetSize of job (KB)
...
006 (674997.000.000) 09/15 22:41:12 Image size of job updated: 10666140
	44  -  MemoryUsage of job (MB)
	44756  -  ResidentSetSize of job (KB)
...
006 (674997.000.000) 09/15 22:46:12 Image size of job updated: 10739584
	44  -  MemoryUsage of job (MB)
	44756  -  ResidentSetSize of job (KB)
...
006 (674997.000.000) 09/15 22:51:12 Image size of job updated: 10811936
	44  -  MemoryUsage of job (MB)
	44756  -  ResidentSetSize of job (KB)
...
006 (674997.000.000) 09/15 22:56:13 Image size of job updated: 10883140
	44  -  MemoryUsage of job (MB)
	44756  -  ResidentSetSize of job (KB)
...
006 (674997.000.000) 09/15 23:01:13 Image size of job updated: 10958656
	44  -  MemoryUsage of job (MB)
	44756  -  ResidentSetSize of job (KB)
...
006 (674997.000.000) 09/15 23:06:13 Image size of job updated: 11033556
	44  -  MemoryUsage of job (MB)
	44756  -  ResidentSetSize of job (KB)
...
006 (674997.000.000) 09/15 23:11:14 Image size of job updated: 11108120
	44  -  MemoryUsage of job (MB)
	44756  -  ResidentSetSize of job (KB)
...
006 (674997.000.000) 09/15 23:16:15 Image size of job updated: 11183244
	44  -  MemoryUsage of job (MB)
	44756  -  ResidentSetSize of job (KB)
...
006 (674997.000.000) 09/15 23:21:15 Image size of job updated: 11256604
	44  -  MemoryUsage of job (MB)
	44756  -  ResidentSetSize of job (KB)
...
006 (674997.000.000) 09/15 23:26:16 Image size of job updated: 11330468
	44  -  MemoryUsage of job (MB)
	44756  -  ResidentSetSize of job (KB)
...
006 (674997.000.000) 09/15 23:31:17 Image size of job updated: 11404892
	44  -  MemoryUsage of job (MB)
	44756  -  ResidentSetSize of job (KB)
...
006 (674997.000.000) 09/15 23:36:17 Image size of job updated: 11477524
	44  -  MemoryUsage of job (MB)
	44756  -  ResidentSetSize of job (KB)
...
006 (674997.000.000) 09/15 23:41:17 Image size of job updated: 11554076
	44  -  MemoryUsage of job (MB)
	44756  -  ResidentSetSize of job (KB)
...
006 (674997.000.000) 09/15 23:46:18 Image size of job updated: 11628780
	44  -  MemoryUsage of job (MB)
	44756  -  ResidentSetSize of job (KB)
...
006 (674997.000.000) 09/15 23:51:18 Image size of job updated: 11703540
	44  -  MemoryUsage of job (MB)
	44756  -  ResidentSetSize of job (KB)
...
006 (674997.000.000) 09/15 23:56:18 Image size of job updated: 11774324
	44  -  MemoryUsage of job (MB)
	44756  -  ResidentSetSize of job (KB)
...
006 (674997.000.000) 09/16 00:01:19 Image size of job updated: 11846620
	44  -  MemoryUsage of job (MB)
	44756  -  ResidentSetSize of job (KB)
...
006 (674997.000.000) 09/16 00:06:20 Image size of job updated: 11918440
	44  -  MemoryUsage of job (MB)
	44756  -  ResidentSetSize of job (KB)
...
006 (674997.000.000) 09/16 00:11:20 Image size of job updated: 11990400
	44  -  MemoryUsage of job (MB)
	44756  -  ResidentSetSize of job (KB)
...
006 (674997.000.000) 09/16 00:16:20 Image size of job updated: 12061884
	44  -  MemoryUsage of job (MB)
	44756  -  ResidentSetSize of job (KB)
...
006 (674997.000.000) 09/16 00:21:21 Image size of job updated: 12133760
	44  -  MemoryUsage of job (MB)
	44756  -  ResidentSetSize of job (KB)
...
006 (674997.000.000) 09/16 00:26:21 Image size of job updated: 12204768
	44  -  MemoryUsage of job (MB)
	44756  -  ResidentSetSize of job (KB)
...
006 (674997.000.000) 09/16 00:31:21 Image size of job updated: 12279052
	44  -  MemoryUsage of job (MB)
	44756  -  ResidentSetSize of job (KB)
...
006 (674997.000.000) 09/16 00:36:22 Image size of job updated: 12352300
	44  -  MemoryUsage of job (MB)
	44756  -  ResidentSetSize of job (KB)
...
006 (674997.000.000) 09/16 00:41:23 Image size of job updated: 12426360
	44  -  MemoryUsage of job (MB)
	44756  -  ResidentSetSize of job (KB)
...
006 (674997.000.000) 09/16 00:46:23 Image size of job updated: 12498488
	44  -  MemoryUsage of job (MB)
	44756  -  ResidentSetSize of job (KB)
...
006 (674997.000.000) 09/16 00:51:23 Image size of job updated: 12571792
	44  -  MemoryUsage of job (MB)
	44756  -  ResidentSetSize of job (KB)
...
006 (674997.000.000) 09/16 00:56:24 Image size of job updated: 12640476
	44  -  MemoryUsage of job (MB)
	44756  -  ResidentSetSize of job (KB)
...
006 (674997.000.000) 09/16 01:01:24 Image size of job updated: 12712688
	44  -  MemoryUsage of job (MB)
	44756  -  ResidentSetSize of job (KB)
...
006 (674997.000.000) 09/16 01:06:24 Image size of job updated: 12786776
	44  -  MemoryUsage of job (MB)
	44756  -  ResidentSetSize of job (KB)
...
006 (674997.000.000) 09/16 01:11:25 Image size of job updated: 12861256
	44  -  MemoryUsage of job (MB)
	44756  -  ResidentSetSize of job (KB)
...
006 (674997.000.000) 09/16 01:16:25 Image size of job updated: 12934448
	44  -  MemoryUsage of job (MB)
	44756  -  ResidentSetSize of job (KB)
...
006 (674997.000.000) 09/16 01:21:25 Image size of job updated: 13006156
	44  -  MemoryUsage of job (MB)
	44756  -  ResidentSetSize of job (KB)
...
006 (674997.000.000) 09/16 01:26:26 Image size of job updated: 13078788
	44  -  MemoryUsage of job (MB)
	44756  -  ResidentSetSize of job (KB)
...
006 (674997.000.000) 09/16 01:31:27 Image size of job updated: 13151000
	44  -  MemoryUsage of job (MB)
	44756  -  ResidentSetSize of job (KB)
...
006 (674997.000.000) 09/16 01:36:27 Image size of job updated: 13223968
	44  -  MemoryUsage of job (MB)
	44756  -  ResidentSetSize of job (KB)
...
006 (674997.000.000) 09/16 01:41:28 Image size of job updated: 13296600
	44  -  MemoryUsage of job (MB)
	44756  -  ResidentSetSize of job (KB)
...
006 (674997.000.000) 09/16 01:46:29 Image size of job updated: 13369764
	44  -  MemoryUsage of job (MB)
	44756  -  ResidentSetSize of job (KB)
...
006 (674997.000.000) 09/16 01:51:29 Image size of job updated: 13441780
	44  -  MemoryUsage of job (MB)
	44756  -  ResidentSetSize of job (KB)
...
006 (674997.000.000) 09/16 01:56:29 Image size of job updated: 13512928
	44  -  MemoryUsage of job (MB)
	44756  -  ResidentSetSize of job (KB)
...
006 (674997.000.000) 09/16 02:01:30 Image size of job updated: 13587156
	44  -  MemoryUsage of job (MB)
	44756  -  ResidentSetSize of job (KB)
...
006 (674997.000.000) 09/16 02:06:31 Image size of job updated: 13658612
	44  -  MemoryUsage of job (MB)
	44756  -  ResidentSetSize of job (KB)
...
006 (674997.000.000) 09/16 02:11:31 Image size of job updated: 13731552
	44  -  MemoryUsage of job (MB)
	44756  -  ResidentSetSize of job (KB)
...
006 (674997.000.000) 09/16 02:16:31 Image size of job updated: 13804408
	44  -  MemoryUsage of job (MB)
	44756  -  ResidentSetSize of job (KB)
...
006 (674997.000.000) 09/16 02:21:32 Image size of job updated: 13877208
	44  -  MemoryUsage of job (MB)
	44756  -  ResidentSetSize of job (KB)
...
006 (674997.000.000) 09/16 02:26:32 Image size of job updated: 13950372
	44  -  MemoryUsage of job (MB)
	44756  -  ResidentSetSize of job (KB)
...
006 (674997.000.000) 09/16 02:31:32 Image size of job updated: 14023200
	44  -  MemoryUsage of job (MB)
	44756  -  ResidentSetSize of job (KB)
...
006 (674997.000.000) 09/16 02:36:33 Image size of job updated: 14096308
	44  -  MemoryUsage of job (MB)
	44756  -  ResidentSetSize of job (KB)
...
006 (674997.000.000) 09/16 02:41:34 Image size of job updated: 14169836
	44  -  MemoryUsage of job (MB)
	44756  -  ResidentSetSize of job (KB)
...
006 (674997.000.000) 09/16 02:46:34 Image size of job updated: 14243168
	44  -  MemoryUsage of job (MB)
	44756  -  ResidentSetSize of job (KB)
...
006 (674997.000.000) 09/16 02:51:34 Image size of job updated: 14316528
	44  -  MemoryUsage of job (MB)
	44756  -  ResidentSetSize of job (KB)
...
006 (674997.000.000) 09/16 02:56:35 Image size of job updated: 14389384
	44  -  MemoryUsage of job (MB)
	44756  -  ResidentSetSize of job (KB)
...
006 (674997.000.000) 09/16 03:01:35 Image size of job updated: 14461708
	44  -  MemoryUsage of job (MB)
	44756  -  ResidentSetSize of job (KB)
...
006 (674997.000.000) 09/16 03:06:35 Image size of job updated: 14535320
	44  -  MemoryUsage of job (MB)
	44756  -  ResidentSetSize of job (KB)
...
006 (674997.000.000) 09/16 03:11:36 Image size of job updated: 14609240
	44  -  MemoryUsage of job (MB)
	44756  -  ResidentSetSize of job (KB)
...
006 (674997.000.000) 09/16 03:16:37 Image size of job updated: 14682096
	44  -  MemoryUsage of job (MB)
	44756  -  ResidentSetSize of job (KB)
...
006 (674997.000.000) 09/16 03:21:37 Image size of job updated: 14754252
	44  -  MemoryUsage of job (MB)
	44756  -  ResidentSetSize of job (KB)
...
006 (674997.000.000) 09/16 03:26:37 Image size of job updated: 14828060
	44  -  MemoryUsage of job (MB)
	44756  -  ResidentSetSize of job (KB)
...
006 (674997.000.000) 09/16 03:31:38 Image size of job updated: 14900272
	44  -  MemoryUsage of job (MB)
	44756  -  ResidentSetSize of job (KB)
...
006 (674997.000.000) 09/16 03:36:38 Image size of job updated: 14971784
	44  -  MemoryUsage of job (MB)
	44756  -  ResidentSetSize of job (KB)
...
006 (674997.000.000) 09/16 03:41:38 Image size of job updated: 15041980
	44  -  MemoryUsage of job (MB)
	44756  -  ResidentSetSize of job (KB)
...
006 (674997.000.000) 09/16 03:46:39 Image size of job updated: 15118840
	44  -  MemoryUsage of job (MB)
	44756  -  ResidentSetSize of job (KB)
...
006 (674997.000.000) 09/16 03:51:40 Image size of job updated: 15192480
	44  -  MemoryUsage of job (MB)
	44756  -  ResidentSetSize of job (KB)
...
006 (674997.000.000) 09/16 03:56:40 Image size of job updated: 15265672
	44  -  MemoryUsage of job (MB)
	44756  -  ResidentSetSize of job (KB)
...
006 (674997.000.000) 09/16 04:01:40 Image size of job updated: 15335140
	44  -  MemoryUsage of job (MB)
	44756  -  ResidentSetSize of job (KB)
...
006 (674997.000.000) 09/16 04:06:41 Image size of job updated: 15407492
	44  -  MemoryUsage of job (MB)
	44756  -  ResidentSetSize of job (KB)
...
006 (674997.000.000) 09/16 04:11:41 Image size of job updated: 15481300
	44  -  MemoryUsage of job (MB)
	44756  -  ResidentSetSize of job (KB)
...
006 (674997.000.000) 09/16 04:16:41 Image size of job updated: 15554492
	44  -  MemoryUsage of job (MB)
	44756  -  ResidentSetSize of job (KB)
...
006 (674997.000.000) 09/16 04:21:42 Image size of job updated: 15629168
	44  -  MemoryUsage of job (MB)
	44756  -  ResidentSetSize of job (KB)
...
006 (674997.000.000) 09/16 04:26:43 Image size of job updated: 15701548
	44  -  MemoryUsage of job (MB)
	44756  -  ResidentSetSize of job (KB)
...
006 (674997.000.000) 09/16 04:31:43 Image size of job updated: 15773172
	44  -  MemoryUsage of job (MB)
	44756  -  ResidentSetSize of job (KB)
...
006 (674997.000.000) 09/16 04:36:43 Image size of job updated: 15843592
	44  -  MemoryUsage of job (MB)
	44756  -  ResidentSetSize of job (KB)
...
006 (674997.000.000) 09/16 04:41:44 Image size of job updated: 15915384
	44  -  MemoryUsage of job (MB)
	44756  -  ResidentSetSize of job (KB)
...
006 (674997.000.000) 09/16 04:46:44 Image size of job updated: 15987652
	44  -  MemoryUsage of job (MB)
	44756  -  ResidentSetSize of job (KB)
...
006 (674997.000.000) 09/16 04:51:44 Image size of job updated: 16058772
	44  -  MemoryUsage of job (MB)
	44756  -  ResidentSetSize of job (KB)
...
006 (674997.000.000) 09/16 04:56:45 Image size of job updated: 16131180
	44  -  MemoryUsage of job (MB)
	44756  -  ResidentSetSize of job (KB)
...
006 (674997.000.000) 09/16 05:01:46 Image size of job updated: 16202440
	44  -  MemoryUsage of job (MB)
	44756  -  ResidentSetSize of job (KB)
...
006 (674997.000.000) 09/16 05:06:46 Image size of job updated: 16275660
	44  -  MemoryUsage of job (MB)
	44756  -  ResidentSetSize of job (KB)
...
006 (674997.000.000) 09/16 05:11:47 Image size of job updated: 16347452
	44  -  MemoryUsage of job (MB)
	44756  -  ResidentSetSize of job (KB)
...
006 (674997.000.000) 09/16 05:16:48 Image size of job updated: 16420868
	44  -  MemoryUsage of job (MB)
	44756  -  ResidentSetSize of job (KB)
...
006 (674997.000.000) 09/16 05:21:48 Image size of job updated: 16493948
	44  -  MemoryUsage of job (MB)
	44756  -  ResidentSetSize of job (KB)
...
006 (674997.000.000) 09/16 05:26:48 Image size of job updated: 16566048
	44  -  MemoryUsage of job (MB)
	44756  -  ResidentSetSize of job (KB)
...
006 (674997.000.000) 09/16 05:31:49 Image size of job updated: 16639520
	44  -  MemoryUsage of job (MB)
	44756  -  ResidentSetSize of job (KB)
...
006 (674997.000.000) 09/16 05:36:50 Image size of job updated: 16712600
	44  -  MemoryUsage of job (MB)
	44756  -  ResidentSetSize of job (KB)
...
006 (674997.000.000) 09/16 05:41:50 Image size of job updated: 16784392
	44  -  MemoryUsage of job (MB)
	44756  -  ResidentSetSize of job (KB)
...
006 (674997.000.000) 09/16 05:46:51 Image size of job updated: 16856268
	44  -  MemoryUsage of job (MB)
	44756  -  ResidentSetSize of job (KB)
...
006 (674997.000.000) 09/16 05:51:52 Image size of job updated: 16927416
	44  -  MemoryUsage of job (MB)
	44756  -  ResidentSetSize of job (KB)
...
006 (674997.000.000) 09/16 05:56:52 Image size of job updated: 16996632
	44  -  MemoryUsage of job (MB)
	44756  -  ResidentSetSize of job (KB)
...
006 (674997.000.000) 09/16 06:01:52 Image size of job updated: 17069152
	44  -  MemoryUsage of job (MB)
	44756  -  ResidentSetSize of job (KB)
...
006 (674997.000.000) 09/16 06:06:53 Image size of job updated: 17141840
	44  -  MemoryUsage of job (MB)
	44756  -  ResidentSetSize of job (KB)
...
006 (674997.000.000) 09/16 06:11:54 Image size of job updated: 17214752
	44  -  MemoryUsage of job (MB)
	44756  -  ResidentSetSize of job (KB)
...
006 (674997.000.000) 09/16 06:13:16 Image size of job updated: 17236956
	44  -  MemoryUsage of job (MB)
	44756  -  ResidentSetSize of job (KB)
...
005 (674997.000.000) 09/16 06:13:16 Job terminated.
	(1) Normal termination (return value 0)
		Usr 0 00:04:21, Sys 0 00:01:50  -  Run Remote Usage
		Usr 0 00:00:00, Sys 0 00:00:00  -  Run Local Usage
		Usr 0 00:04:21, Sys 0 00:01:50  -  Total Remote Usage
		Usr 0 00:00:00, Sys 0 00:00:00  -  Total Local Usage
	0  -  Run Bytes Sent By Job
	0  -  Run Bytes Received By Job
	0  -  Total Bytes Sent By Job
	0  -  Total Bytes Received By Job
	Partitionable Resources :    Usage  Request Allocated 
	   Cpus                 :     1.96        2         2 
	   Disk (KB)            :   150         150     17614 
	   Memory (MB)          :    44           1       128 
...
