000 (2061.033.000) 03/05 20:07:44 Job submitted from host: <140.160.143.131:9618?addrs=140.160.143.131-9618&noUDP&sock=1229063_9141_4>
...
009 (2061.033.000) 03/05 20:07:53 Job was aborted by the user.
	via condor_rm (by user scoggim)
...
000 (2078.005.000) 03/05 20:16:28 Job submitted from host: <140.160.143.131:9618?addrs=140.160.143.131-9618&noUDP&sock=1229063_9141_4>
...
001 (2078.005.000) 03/14 18:27:06 Job executing on host: <140.160.143.147:9618?addrs=140.160.143.147-9618&noUDP&sock=28833_9e45_3>
...
006 (2078.005.000) 03/14 18:27:15 Image size of job updated: 10264
	1  -  MemoryUsage of job (MB)
	972  -  ResidentSetSize of job (KB)
...
006 (2078.005.000) 03/14 18:32:16 Image size of job updated: 10328
	1  -  MemoryUsage of job (MB)
	972  -  ResidentSetSize of job (KB)
...
006 (2078.005.000) 03/14 18:37:17 Image size of job updated: 10332
	1  -  MemoryUsage of job (MB)
	976  -  ResidentSetSize of job (KB)
...
005 (2078.005.000) 03/14 19:03:53 Job terminated.
	(1) Normal termination (return value 0)
		Usr 0 01:34:24, Sys 0 00:52:20  -  Run Remote Usage
		Usr 0 00:00:00, Sys 0 00:00:00  -  Run Local Usage
		Usr 0 01:34:24, Sys 0 00:52:20  -  Total Remote Usage
		Usr 0 00:00:00, Sys 0 00:00:00  -  Total Local Usage
	0  -  Run Bytes Sent By Job
	0  -  Run Bytes Received By Job
	0  -  Total Bytes Sent By Job
	0  -  Total Bytes Received By Job
	Partitionable Resources :    Usage  Request Allocated 
	   Cpus                 :     4.00        4         4 
	   Disk (KB)            :   175         175    197501 
	   Memory (MB)          :     1           1       128 
...
000 (2134.082.000) 03/25 11:02:22 Job submitted from host: <140.160.143.131:9618?addrs=140.160.143.131-9618&noUDP&sock=3219958_f11d_13>
...
009 (2134.082.000) 03/25 11:05:05 Job was aborted by the user.
	via condor_rm (by user scoggim)
...
000 (2135.082.000) 03/25 11:05:14 Job submitted from host: <140.160.143.131:9618?addrs=140.160.143.131-9618&noUDP&sock=3219958_f11d_13>
...
001 (2135.082.000) 03/26 10:50:30 Job executing on host: <140.160.143.165:9618?addrs=140.160.143.165-9618&noUDP&sock=9630_f51d_3>
...
006 (2135.082.000) 03/26 10:50:39 Image size of job updated: 4432
	5  -  MemoryUsage of job (MB)
	4432  -  ResidentSetSize of job (KB)
...
006 (2135.082.000) 03/26 11:35:44 Image size of job updated: 4656
	5  -  MemoryUsage of job (MB)
	4656  -  ResidentSetSize of job (KB)
...
005 (2135.082.000) 03/26 22:01:23 Job terminated.
	(1) Normal termination (return value 0)
		Usr 1 05:11:50, Sys 0 15:30:57  -  Run Remote Usage
		Usr 0 00:00:00, Sys 0 00:00:00  -  Run Local Usage
		Usr 1 05:11:50, Sys 0 15:30:57  -  Total Remote Usage
		Usr 0 00:00:00, Sys 0 00:00:00  -  Total Local Usage
	0  -  Run Bytes Sent By Job
	0  -  Run Bytes Received By Job
	0  -  Total Bytes Sent By Job
	0  -  Total Bytes Received By Job
	Partitionable Resources :    Usage  Request Allocated 
	   Cpus                 :     4.00        4         4 
	   Disk (KB)            :   175         175    844764 
	   Memory (MB)          :     5           1       128 
...
