000 (2059.231.000) 03/05 16:54:49 Job submitted from host: <140.160.143.131:9618?addrs=140.160.143.131-9618&noUDP&sock=1229063_9141_4>
...
009 (2059.231.000) 03/05 19:47:02 Job was aborted by the user.
	via condor_rm (by user scoggim)
...
000 (2131.231.000) 03/15 01:18:30 Job submitted from host: <140.160.143.131:9618?addrs=140.160.143.131-9618&noUDP&sock=1229063_9141_4>
...
001 (2131.231.000) 03/20 14:02:17 Job executing on host: <140.160.143.164:9618?addrs=140.160.143.164-9618&noUDP&sock=59457_2292_3>
...
006 (2131.231.000) 03/20 14:02:25 Image size of job updated: 4848
	5  -  MemoryUsage of job (MB)
	4792  -  ResidentSetSize of job (KB)
...
006 (2131.231.000) 03/20 14:47:28 Image size of job updated: 5096
	5  -  MemoryUsage of job (MB)
	5040  -  ResidentSetSize of job (KB)
...
005 (2131.231.000) 03/20 22:52:11 Job terminated.
	(1) Normal termination (return value 0)
		Usr 0 22:59:14, Sys 0 12:19:28  -  Run Remote Usage
		Usr 0 00:00:00, Sys 0 00:00:00  -  Run Local Usage
		Usr 0 22:59:14, Sys 0 12:19:28  -  Total Remote Usage
		Usr 0 00:00:00, Sys 0 00:00:00  -  Total Local Usage
	0  -  Run Bytes Sent By Job
	0  -  Run Bytes Received By Job
	0  -  Total Bytes Sent By Job
	0  -  Total Bytes Received By Job
	Partitionable Resources :    Usage  Request Allocated 
	   Cpus                 :     4.00        4         4 
	   Disk (KB)            :   175         175    844642 
	   Memory (MB)          :     5           1       128 
...
