000 (2267.1448.000) 04/28 23:44:33 Job submitted from host: <140.160.143.131:9618?addrs=140.160.143.131-9618&noUDP&sock=3131910_565e_30>
...
009 (2267.1448.000) 05/11 12:17:53 Job was aborted by the user.
	via condor_rm (by user scoggim)
...
000 (2400.772.000) 05/11 12:37:09 Job submitted from host: <140.160.143.131:9618?addrs=140.160.143.131-9618&noUDP&sock=3131910_565e_30>
...
001 (2400.772.000) 05/12 15:13:36 Job executing on host: <140.160.143.160:9618?addrs=140.160.143.160-9618&noUDP&sock=11177_1220_3>
...
006 (2400.772.000) 05/12 15:13:45 Image size of job updated: 4024
	4  -  MemoryUsage of job (MB)
	4024  -  ResidentSetSize of job (KB)
...
006 (2400.772.000) 05/15 12:14:31 Image size of job updated: 109552
	4  -  MemoryUsage of job (MB)
	4024  -  ResidentSetSize of job (KB)
...
004 (2400.772.000) 05/15 12:14:32 Job was evicted.
	(0) Job was not checkpointed.
		Usr 2 21:00:51, Sys 0 00:00:01  -  Run Remote Usage
		Usr 0 00:00:00, Sys 0 00:00:00  -  Run Local Usage
	0  -  Run Bytes Sent By Job
	0  -  Run Bytes Received By Job
	Partitionable Resources :    Usage  Request Allocated 
	   Cpus                 :     1.00        1         1 
	   Disk (KB)            :   175         175    845054 
	   Memory (MB)          :     4           1       128 
...
001 (2400.772.000) 05/15 12:16:27 Job executing on host: <140.160.143.140:9618?addrs=140.160.143.140-9618&noUDP&sock=13320_fd95_3>
...
004 (2400.772.000) 05/15 12:25:28 Job was evicted.
	(0) Job was not checkpointed.
		Usr 0 00:08:59, Sys 0 00:00:00  -  Run Remote Usage
		Usr 0 00:00:00, Sys 0 00:00:00  -  Run Local Usage
	0  -  Run Bytes Sent By Job
	0  -  Run Bytes Received By Job
	Partitionable Resources :    Usage  Request Allocated 
	   Cpus                 :     1.00        1         1 
	   Disk (KB)            :   175         175    881636 
	   Memory (MB)          :     5           5       128 
...
001 (2400.772.000) 05/15 18:21:48 Job executing on host: <140.160.143.142:9618?addrs=140.160.143.142-9618&noUDP&sock=19098_37cd_3>
...
004 (2400.772.000) 05/19 07:17:37 Job was evicted.
	(0) Job was not checkpointed.
		Usr 2 17:37:36, Sys 0 00:00:01  -  Run Remote Usage
		Usr 0 00:00:00, Sys 0 00:00:00  -  Run Local Usage
	0  -  Run Bytes Sent By Job
	0  -  Run Bytes Received By Job
	Partitionable Resources :    Usage  Request Allocated 
	   Cpus                 :     0.72        1         1 
	   Disk (KB)            :   175         175    881307 
	   Memory (MB)          :     5           5       128 
...
009 (2400.772.000) 05/19 07:17:40 Job was aborted by the user.
	via condor_rm (by user scoggim)
...
