000 (2266.663.000) 04/28 23:43:28 Job submitted from host: <140.160.143.131:9618?addrs=140.160.143.131-9618&noUDP&sock=3131910_565e_30>
...
000 (2267.663.000) 04/28 23:44:32 Job submitted from host: <140.160.143.131:9618?addrs=140.160.143.131-9618&noUDP&sock=3131910_565e_30>
...
000 (2268.663.000) 04/28 23:46:20 Job submitted from host: <140.160.143.131:9618?addrs=140.160.143.131-9618&noUDP&sock=3131910_565e_30>
...
001 (2266.663.000) 04/28 23:48:26 Job executing on host: <140.160.143.147:9618?addrs=140.160.143.147-9618&noUDP&sock=29188_1e64_3>
...
006 (2266.663.000) 04/28 23:48:34 Image size of job updated: 500
	1  -  MemoryUsage of job (MB)
	500  -  ResidentSetSize of job (KB)
...
006 (2266.663.000) 04/28 23:49:04 Image size of job updated: 106548
	1  -  MemoryUsage of job (MB)
	500  -  ResidentSetSize of job (KB)
...
005 (2266.663.000) 04/28 23:49:04 Job terminated.
	(1) Normal termination (return value 0)
		Usr 0 00:00:37, Sys 0 00:00:00  -  Run Remote Usage
		Usr 0 00:00:00, Sys 0 00:00:00  -  Run Local Usage
		Usr 0 00:00:37, Sys 0 00:00:00  -  Total Remote Usage
		Usr 0 00:00:00, Sys 0 00:00:00  -  Total Local Usage
	0  -  Run Bytes Sent By Job
	0  -  Run Bytes Received By Job
	0  -  Total Bytes Sent By Job
	0  -  Total Bytes Received By Job
	Partitionable Resources :    Usage  Request Allocated 
	   Cpus                 :        0        1         1 
	   Disk (KB)            :      175      175    197290 
	   Memory (MB)          :        1        1       128 
...
001 (2267.663.000) 05/01 11:18:24 Job executing on host: <140.160.143.162:9618?addrs=140.160.143.162-9618&noUDP&sock=44370_b53b_3>
...
006 (2267.663.000) 05/01 11:18:32 Image size of job updated: 1084
	2  -  MemoryUsage of job (MB)
	1084  -  ResidentSetSize of job (KB)
...
005 (2267.663.000) 05/01 12:36:13 Job terminated.
	(1) Normal termination (return value 0)
		Usr 0 02:51:26, Sys 0 02:19:44  -  Run Remote Usage
		Usr 0 00:00:00, Sys 0 00:00:00  -  Run Local Usage
		Usr 0 02:51:26, Sys 0 02:19:44  -  Total Remote Usage
		Usr 0 00:00:00, Sys 0 00:00:00  -  Total Local Usage
	0  -  Run Bytes Sent By Job
	0  -  Run Bytes Received By Job
	0  -  Total Bytes Sent By Job
	0  -  Total Bytes Received By Job
	Partitionable Resources :    Usage  Request Allocated 
	   Cpus                 :     4.00        4         4 
	   Disk (KB)            :   175         175    844747 
	   Memory (MB)          :     2           1       128 
...
009 (2268.663.000) 05/11 09:58:39 Job was aborted by the user.
	via condor_rm (by user scoggim)
...
000 (2511.663.000) 05/27 15:03:18 Job submitted from host: <140.160.143.131:9618?addrs=140.160.143.131-9618&noUDP&sock=3131910_565e_30>
...
001 (2511.663.000) 05/27 21:09:56 Job executing on host: <140.160.143.153:9618?addrs=140.160.143.153-9618&noUDP&sock=3174_adb0_3>
...
006 (2511.663.000) 05/27 21:10:04 Image size of job updated: 3676
	4  -  MemoryUsage of job (MB)
	3676  -  ResidentSetSize of job (KB)
...
006 (2511.663.000) 05/27 21:15:04 Image size of job updated: 3904
	4  -  MemoryUsage of job (MB)
	3904  -  ResidentSetSize of job (KB)
...
005 (2511.663.000) 05/27 23:18:40 Job terminated.
	(1) Normal termination (return value 0)
		Usr 0 02:08:37, Sys 0 00:00:00  -  Run Remote Usage
		Usr 0 00:00:00, Sys 0 00:00:00  -  Run Local Usage
		Usr 0 02:08:37, Sys 0 00:00:00  -  Total Remote Usage
		Usr 0 00:00:00, Sys 0 00:00:00  -  Total Local Usage
	0  -  Run Bytes Sent By Job
	0  -  Run Bytes Received By Job
	0  -  Total Bytes Sent By Job
	0  -  Total Bytes Received By Job
	Partitionable Resources :    Usage  Request Allocated 
	   Cpus                 :     1.00        1         1 
	   Disk (KB)            :   175         175    870398 
	   Gpus                 :                           0 
	   Memory (MB)          :     4           1       128 
...
000 (2513.663.000) 05/31 13:37:16 Job submitted from host: <140.160.143.131:9618?addrs=140.160.143.131-9618&noUDP&sock=3131910_565e_30>
...
009 (2513.663.000) 05/31 15:23:50 Job was aborted by the user.
	via condor_rm (by user scoggim)
...
000 (2514.663.000) 05/31 15:29:21 Job submitted from host: <140.160.143.131:9618?addrs=140.160.143.131-9618&noUDP&sock=3131910_565e_30>
...
009 (2514.663.000) 06/01 11:47:21 Job was aborted by the user.
	via condor_rm (by user scoggim)
...
000 (2515.663.000) 06/01 11:47:43 Job submitted from host: <140.160.143.131:9618?addrs=140.160.143.131-9618&noUDP&sock=3131910_565e_30>
...
001 (2515.663.000) 06/02 08:09:59 Job executing on host: <140.160.143.140:9618?addrs=140.160.143.140-9618&noUDP&sock=16192_f195_3>
...
006 (2515.663.000) 06/02 08:10:08 Image size of job updated: 3684
	4  -  MemoryUsage of job (MB)
	3684  -  ResidentSetSize of job (KB)
...
006 (2515.663.000) 06/02 08:15:09 Image size of job updated: 3908
	4  -  MemoryUsage of job (MB)
	3908  -  ResidentSetSize of job (KB)
...
005 (2515.663.000) 06/02 12:09:20 Job terminated.
	(1) Normal termination (return value 0)
		Usr 0 03:59:14, Sys 0 00:00:00  -  Run Remote Usage
		Usr 0 00:00:00, Sys 0 00:00:00  -  Run Local Usage
		Usr 0 03:59:14, Sys 0 00:00:00  -  Total Remote Usage
		Usr 0 00:00:00, Sys 0 00:00:00  -  Total Local Usage
	0  -  Run Bytes Sent By Job
	0  -  Run Bytes Received By Job
	0  -  Total Bytes Sent By Job
	0  -  Total Bytes Received By Job
	Partitionable Resources :    Usage  Request Allocated 
	   Cpus                 :     1.00        1         1 
	   Disk (KB)            :   175         175    881228 
	   Memory (MB)          :     4           1       128 
...
