000 (2267.1475.000) 04/28 23:44:33 Job submitted from host: <140.160.143.131:9618?addrs=140.160.143.131-9618&noUDP&sock=3131910_565e_30>
...
009 (2267.1475.000) 05/11 12:17:53 Job was aborted by the user.
	via condor_rm (by user scoggim)
...
000 (2400.799.000) 05/11 12:37:10 Job submitted from host: <140.160.143.131:9618?addrs=140.160.143.131-9618&noUDP&sock=3131910_565e_30>
...
001 (2400.799.000) 05/12 15:58:08 Job executing on host: <140.160.143.147:9618?addrs=140.160.143.147-9618&noUDP&sock=29188_1e64_3>
...
006 (2400.799.000) 05/12 15:58:17 Image size of job updated: 8144
	4  -  MemoryUsage of job (MB)
	4016  -  ResidentSetSize of job (KB)
...
006 (2400.799.000) 05/13 11:45:19 Image size of job updated: 8152
	4  -  MemoryUsage of job (MB)
	4016  -  ResidentSetSize of job (KB)
...
006 (2400.799.000) 05/13 19:51:08 Image size of job updated: 8156
	4  -  MemoryUsage of job (MB)
	4016  -  ResidentSetSize of job (KB)
...
005 (2400.799.000) 05/14 04:27:54 Job terminated.
	(1) Normal termination (return value 0)
		Usr 1 12:25:47, Sys 0 00:00:06  -  Run Remote Usage
		Usr 0 00:00:00, Sys 0 00:00:00  -  Run Local Usage
		Usr 1 12:25:47, Sys 0 00:00:06  -  Total Remote Usage
		Usr 0 00:00:00, Sys 0 00:00:00  -  Total Local Usage
	0  -  Run Bytes Sent By Job
	0  -  Run Bytes Received By Job
	0  -  Total Bytes Sent By Job
	0  -  Total Bytes Received By Job
	Partitionable Resources :    Usage  Request Allocated 
	   Cpus                 :     1.00        1         1 
	   Disk (KB)            :   175         175    197290 
	   Memory (MB)          :     4           1       128 
...
