000 (2133.031.000) 03/25 10:58:12 Job submitted from host: <140.160.143.131:9618?addrs=140.160.143.131-9618&noUDP&sock=3219958_f11d_13>
...
001 (2133.031.000) 03/25 12:08:18 Job executing on host: <140.160.143.147:9618?addrs=140.160.143.147-9618&noUDP&sock=29188_1e64_3>
...
006 (2133.031.000) 03/25 12:08:26 Image size of job updated: 5204
	1  -  MemoryUsage of job (MB)
	984  -  ResidentSetSize of job (KB)
...
005 (2133.031.000) 03/25 12:29:16 Job terminated.
	(1) Normal termination (return value 0)
		Usr 0 00:53:05, Sys 0 00:30:30  -  Run Remote Usage
		Usr 0 00:00:00, Sys 0 00:00:00  -  Run Local Usage
		Usr 0 00:53:05, Sys 0 00:30:30  -  Total Remote Usage
		Usr 0 00:00:00, Sys 0 00:00:00  -  Total Local Usage
	0  -  Run Bytes Sent By Job
	0  -  Run Bytes Received By Job
	0  -  Total Bytes Sent By Job
	0  -  Total Bytes Received By Job
	Partitionable Resources :    Usage  Request Allocated 
	   Cpus                 :     4.00        4         4 
	   Disk (KB)            :   175         175    197290 
	   Memory (MB)          :     1           1       128 
...
