000 (2161.254.000) 04/19 11:39:22 Job submitted from host: <140.160.143.131:9618?addrs=140.160.143.131-9618&noUDP&sock=3131910_565e_30>
...
001 (2161.254.000) 04/22 11:33:03 Job executing on host: <140.160.143.167:9618?addrs=140.160.143.167-9618&noUDP&sock=15487_5f50_3>
...
006 (2161.254.000) 04/22 11:33:12 Image size of job updated: 4812
	5  -  MemoryUsage of job (MB)
	4812  -  ResidentSetSize of job (KB)
...
006 (2161.254.000) 04/22 12:58:21 Image size of job updated: 5060
	5  -  MemoryUsage of job (MB)
	5060  -  ResidentSetSize of job (KB)
...
005 (2161.254.000) 04/23 03:58:23 Job terminated.
	(1) Normal termination (return value 0)
		Usr 1 19:01:01, Sys 0 22:38:19  -  Run Remote Usage
		Usr 0 00:00:00, Sys 0 00:00:00  -  Run Local Usage
		Usr 1 19:01:01, Sys 0 22:38:19  -  Total Remote Usage
		Usr 0 00:00:00, Sys 0 00:00:00  -  Total Local Usage
	0  -  Run Bytes Sent By Job
	0  -  Run Bytes Received By Job
	0  -  Total Bytes Sent By Job
	0  -  Total Bytes Received By Job
	Partitionable Resources :    Usage  Request Allocated 
	   Cpus                 :     4.00        4         4 
	   Disk (KB)            :   175         175    844734 
	   Memory (MB)          :     5           1       128 
...
000 (2267.1775.000) 04/28 23:44:43 Job submitted from host: <140.160.143.131:9618?addrs=140.160.143.131-9618&noUDP&sock=3131910_565e_30>
...
009 (2267.1775.000) 05/11 12:17:54 Job was aborted by the user.
	via condor_rm (by user scoggim)
...
000 (2400.1099.000) 05/11 12:37:10 Job submitted from host: <140.160.143.131:9618?addrs=140.160.143.131-9618&noUDP&sock=3131910_565e_30>
...
001 (2400.1099.000) 05/13 04:02:31 Job executing on host: <140.160.143.147:9618?addrs=140.160.143.147-9618&noUDP&sock=29188_1e64_3>
...
006 (2400.1099.000) 05/13 04:02:39 Image size of job updated: 4536
	4  -  MemoryUsage of job (MB)
	4012  -  ResidentSetSize of job (KB)
...
006 (2400.1099.000) 05/13 05:12:47 Image size of job updated: 4540
	4  -  MemoryUsage of job (MB)
	4016  -  ResidentSetSize of job (KB)
...
005 (2400.1099.000) 05/14 01:37:02 Job terminated.
	(1) Normal termination (return value 0)
		Usr 0 21:32:41, Sys 0 00:00:06  -  Run Remote Usage
		Usr 0 00:00:00, Sys 0 00:00:00  -  Run Local Usage
		Usr 0 21:32:41, Sys 0 00:00:06  -  Total Remote Usage
		Usr 0 00:00:00, Sys 0 00:00:00  -  Total Local Usage
	0  -  Run Bytes Sent By Job
	0  -  Run Bytes Received By Job
	0  -  Total Bytes Sent By Job
	0  -  Total Bytes Received By Job
	Partitionable Resources :    Usage  Request Allocated 
	   Cpus                 :     1.00        1         1 
	   Disk (KB)            :   175         175    197290 
	   Memory (MB)          :     4           1       128 
...
