000 (674353.000.000) 09/14 14:18:48 Job submitted from host: <140.160.143.130:9618?addrs=140.160.143.130-9618&noUDP&sock=5591_da80_4>
...
001 (674353.000.000) 09/14 14:18:59 Job executing on host: <140.160.143.153:9618?addrs=140.160.143.153-9618&noUDP&sock=4484_8b29_3>
...
006 (674353.000.000) 09/14 14:19:08 Image size of job updated: 3868
	4  -  MemoryUsage of job (MB)
	3868  -  ResidentSetSize of job (KB)
...
006 (674353.000.000) 09/14 14:20:43 Image size of job updated: 19956
	4  -  MemoryUsage of job (MB)
	3872  -  ResidentSetSize of job (KB)
...
004 (674353.000.000) 09/14 14:20:43 Job was evicted.
	(0) Job was not checkpointed.
		Usr 0 00:01:50, Sys 0 00:00:51  -  Run Remote Usage
		Usr 0 00:00:00, Sys 0 00:00:00  -  Run Local Usage
	0  -  Run Bytes Sent By Job
	0  -  Run Bytes Received By Job
	Partitionable Resources :    Usage  Request Allocated 
	   Cpus                 :        0        2         2 
	   Disk (KB)            :      150      150     17609 
	   Memory (MB)          :        4        1       128 
...
009 (674353.000.000) 09/14 14:20:43 Job was aborted by the user.
	via condor_rm (by user scoggim)
...
000 (674497.000.000) 09/14 14:25:56 Job submitted from host: <140.160.143.130:9618?addrs=140.160.143.130-9618&noUDP&sock=5591_da80_4>
...
001 (674497.000.000) 09/14 14:25:56 Job executing on host: <140.160.143.149:9618?addrs=140.160.143.149-9618&noUDP&sock=8214_036a_3>
...
006 (674497.000.000) 09/14 14:26:05 Image size of job updated: 3616
	4  -  MemoryUsage of job (MB)
	3616  -  ResidentSetSize of job (KB)
...
000 (674641.000.000) 09/14 14:26:38 Job submitted from host: <140.160.143.130:9618?addrs=140.160.143.130-9618&noUDP&sock=5591_da80_4>
...
000 (674785.000.000) 09/14 14:27:36 Job submitted from host: <140.160.143.130:9618?addrs=140.160.143.130-9618&noUDP&sock=5591_da80_4>
...
006 (674497.000.000) 09/14 14:31:07 Image size of job updated: 81416
	80  -  MemoryUsage of job (MB)
	81416  -  ResidentSetSize of job (KB)
...
006 (674497.000.000) 09/14 14:36:07 Image size of job updated: 85252
	84  -  MemoryUsage of job (MB)
	85252  -  ResidentSetSize of job (KB)
...
004 (674497.000.000) 09/14 14:46:33 Job was evicted.
	(0) Job was not checkpointed.
		Usr 0 00:07:45, Sys 0 00:02:56  -  Run Remote Usage
		Usr 0 00:00:00, Sys 0 00:00:00  -  Run Local Usage
	0  -  Run Bytes Sent By Job
	0  -  Run Bytes Received By Job
	Partitionable Resources :    Usage  Request Allocated 
	   Cpus                 :     1.99        2         2 
	   Disk (KB)            :   150         150     18162 
	   Gpus                 :                           0 
	   Memory (MB)          :    84           1       128 
...
009 (674497.000.000) 09/14 14:46:33 Job was aborted by the user.
	via condor_rm (by user scoggim)
...
009 (674785.000.000) 09/14 14:46:33 Job was aborted by the user.
	via condor_rm (by user scoggim)
...
009 (674641.000.000) 09/14 14:46:33 Job was aborted by the user.
	via condor_rm (by user scoggim)
...
000 (674965.000.000) 09/14 22:20:23 Job submitted from host: <140.160.143.130:9618?addrs=140.160.143.130-9618&noUDP&sock=5591_da80_4>
...
001 (674965.000.000) 09/14 22:20:24 Job executing on host: <140.160.143.157:9618?addrs=140.160.143.157-9618&noUDP&sock=4484_2bf8_3>
...
006 (674965.000.000) 09/14 22:20:32 Image size of job updated: 2200
	3  -  MemoryUsage of job (MB)
	2200  -  ResidentSetSize of job (KB)
...
006 (674965.000.000) 09/14 22:25:32 Image size of job updated: 68868
	68  -  MemoryUsage of job (MB)
	68868  -  ResidentSetSize of job (KB)
...
006 (674965.000.000) 09/14 22:30:32 Image size of job updated: 138056
	135  -  MemoryUsage of job (MB)
	138056  -  ResidentSetSize of job (KB)
...
006 (674965.000.000) 09/14 22:35:33 Image size of job updated: 208300
	204  -  MemoryUsage of job (MB)
	208300  -  ResidentSetSize of job (KB)
...
006 (674965.000.000) 09/14 22:40:34 Image size of job updated: 246216
	241  -  MemoryUsage of job (MB)
	246216  -  ResidentSetSize of job (KB)
...
006 (674965.000.000) 09/15 07:21:29 Image size of job updated: 8675104
	241  -  MemoryUsage of job (MB)
	246216  -  ResidentSetSize of job (KB)
...
006 (674965.000.000) 09/15 07:26:30 Image size of job updated: 8752832
	241  -  MemoryUsage of job (MB)
	246216  -  ResidentSetSize of job (KB)
...
006 (674965.000.000) 09/15 07:31:30 Image size of job updated: 8830392
	241  -  MemoryUsage of job (MB)
	246216  -  ResidentSetSize of job (KB)
...
006 (674965.000.000) 09/15 07:36:31 Image size of job updated: 8908148
	241  -  MemoryUsage of job (MB)
	246216  -  ResidentSetSize of job (KB)
...
006 (674965.000.000) 09/15 07:41:32 Image size of job updated: 8986464
	241  -  MemoryUsage of job (MB)
	246216  -  ResidentSetSize of job (KB)
...
006 (674965.000.000) 09/15 07:46:32 Image size of job updated: 9063072
	241  -  MemoryUsage of job (MB)
	246216  -  ResidentSetSize of job (KB)
...
006 (674965.000.000) 09/15 07:51:32 Image size of job updated: 9137160
	241  -  MemoryUsage of job (MB)
	246216  -  ResidentSetSize of job (KB)
...
006 (674965.000.000) 09/15 07:56:33 Image size of job updated: 9215840
	241  -  MemoryUsage of job (MB)
	246216  -  ResidentSetSize of job (KB)
...
006 (674965.000.000) 09/15 08:01:33 Image size of job updated: 9293820
	241  -  MemoryUsage of job (MB)
	246216  -  ResidentSetSize of job (KB)
...
006 (674965.000.000) 09/15 08:06:33 Image size of job updated: 9371520
	241  -  MemoryUsage of job (MB)
	246216  -  ResidentSetSize of job (KB)
...
006 (674965.000.000) 09/15 08:11:34 Image size of job updated: 9449612
	241  -  MemoryUsage of job (MB)
	246216  -  ResidentSetSize of job (KB)
...
006 (674965.000.000) 09/15 08:19:25 Image size of job updated: 9472404
	241  -  MemoryUsage of job (MB)
	246216  -  ResidentSetSize of job (KB)
...
006 (674965.000.000) 09/15 08:31:01 Image size of job updated: 9473804
	241  -  MemoryUsage of job (MB)
	246216  -  ResidentSetSize of job (KB)
...
006 (674965.000.000) 09/15 08:58:55 Image size of job updated: 9746468
	241  -  MemoryUsage of job (MB)
	246216  -  ResidentSetSize of job (KB)
...
006 (674965.000.000) 09/15 09:17:14 Image size of job updated: 10035904
	241  -  MemoryUsage of job (MB)
	246216  -  ResidentSetSize of job (KB)
...
006 (674965.000.000) 09/15 09:28:14 Image size of job updated: 10206900
	241  -  MemoryUsage of job (MB)
	246216  -  ResidentSetSize of job (KB)
...
006 (674965.000.000) 09/15 09:34:50 Image size of job updated: 10309660
	241  -  MemoryUsage of job (MB)
	246216  -  ResidentSetSize of job (KB)
...
006 (674965.000.000) 09/15 09:39:51 Image size of job updated: 10387500
	241  -  MemoryUsage of job (MB)
	246216  -  ResidentSetSize of job (KB)
...
006 (674965.000.000) 09/15 09:56:53 Image size of job updated: 10430732
	241  -  MemoryUsage of job (MB)
	246216  -  ResidentSetSize of job (KB)
...
006 (674965.000.000) 09/15 10:50:23 Image size of job updated: 10898024
	241  -  MemoryUsage of job (MB)
	246216  -  ResidentSetSize of job (KB)
...
006 (674965.000.000) 09/15 11:29:21 Image size of job updated: 11553384
	241  -  MemoryUsage of job (MB)
	246216  -  ResidentSetSize of job (KB)
...
006 (674965.000.000) 09/15 12:00:48 Image size of job updated: 11749992
	241  -  MemoryUsage of job (MB)
	246216  -  ResidentSetSize of job (KB)
...
022 (674965.000.000) 09/15 12:37:43 Job disconnected, attempting to reconnect
    Socket between submit and execute hosts closed unexpectedly
    Trying to reconnect to slot1_10@c-1-6 <140.160.143.157:9618?addrs=140.160.143.157-9618&noUDP&sock=4484_2bf8_3>
...
024 (674965.000.000) 09/15 13:17:43 Job reconnection failed
    Job disconnected too long: JobLeaseDuration (2400 seconds) expired
    Can not reconnect to slot1_10@c-1-6, rescheduling job
...
001 (674965.000.000) 09/15 13:47:10 Job executing on host: <140.160.143.157:9618?addrs=140.160.143.157-9618&noUDP&sock=4484_2bf8_11>
...
006 (674965.000.000) 09/15 14:12:21 Image size of job updated: 12500000
	249  -  MemoryUsage of job (MB)
	254856  -  ResidentSetSize of job (KB)
...
006 (674965.000.000) 09/15 14:17:22 Image size of job updated: 12500000
	299  -  MemoryUsage of job (MB)
	305196  -  ResidentSetSize of job (KB)
...
006 (674965.000.000) 09/15 14:22:22 Image size of job updated: 12500000
	357  -  MemoryUsage of job (MB)
	365016  -  ResidentSetSize of job (KB)
...
006 (674965.000.000) 09/15 14:27:22 Image size of job updated: 12500000
	404  -  MemoryUsage of job (MB)
	412856  -  ResidentSetSize of job (KB)
...
006 (674965.000.000) 09/15 14:32:23 Image size of job updated: 12500000
	456  -  MemoryUsage of job (MB)
	466144  -  ResidentSetSize of job (KB)
...
006 (674965.000.000) 09/15 14:37:24 Image size of job updated: 12500000
	508  -  MemoryUsage of job (MB)
	519888  -  ResidentSetSize of job (KB)
...
006 (674965.000.000) 09/15 14:42:24 Image size of job updated: 12500000
	559  -  MemoryUsage of job (MB)
	571700  -  ResidentSetSize of job (KB)
...
006 (674965.000.000) 09/15 14:47:25 Image size of job updated: 12500000
	608  -  MemoryUsage of job (MB)
	621620  -  ResidentSetSize of job (KB)
...
006 (674965.000.000) 09/15 14:52:26 Image size of job updated: 12500000
	658  -  MemoryUsage of job (MB)
	672848  -  ResidentSetSize of job (KB)
...
006 (674965.000.000) 09/15 14:57:26 Image size of job updated: 12500000
	705  -  MemoryUsage of job (MB)
	721860  -  ResidentSetSize of job (KB)
...
006 (674965.000.000) 09/15 15:02:26 Image size of job updated: 12500000
	756  -  MemoryUsage of job (MB)
	773320  -  ResidentSetSize of job (KB)
...
006 (674965.000.000) 09/15 15:07:27 Image size of job updated: 12500000
	806  -  MemoryUsage of job (MB)
	825016  -  ResidentSetSize of job (KB)
...
006 (674965.000.000) 09/15 15:12:27 Image size of job updated: 12500000
	856  -  MemoryUsage of job (MB)
	876084  -  ResidentSetSize of job (KB)
...
006 (674965.000.000) 09/15 15:17:27 Image size of job updated: 12500000
	908  -  MemoryUsage of job (MB)
	929056  -  ResidentSetSize of job (KB)
...
006 (674965.000.000) 09/15 15:22:28 Image size of job updated: 12500000
	961  -  MemoryUsage of job (MB)
	983788  -  ResidentSetSize of job (KB)
...
006 (674965.000.000) 09/15 15:27:29 Image size of job updated: 12500000
	1015  -  MemoryUsage of job (MB)
	1038340  -  ResidentSetSize of job (KB)
...
006 (674965.000.000) 09/15 15:32:29 Image size of job updated: 12500000
	1065  -  MemoryUsage of job (MB)
	1089620  -  ResidentSetSize of job (KB)
...
006 (674965.000.000) 09/15 15:37:29 Image size of job updated: 12500000
	1113  -  MemoryUsage of job (MB)
	1138996  -  ResidentSetSize of job (KB)
...
006 (674965.000.000) 09/15 15:42:30 Image size of job updated: 12500000
	1161  -  MemoryUsage of job (MB)
	1188300  -  ResidentSetSize of job (KB)
...
006 (674965.000.000) 09/15 15:47:30 Image size of job updated: 12500000
	1209  -  MemoryUsage of job (MB)
	1237400  -  ResidentSetSize of job (KB)
...
006 (674965.000.000) 09/15 15:52:30 Image size of job updated: 12500000
	1257  -  MemoryUsage of job (MB)
	1286256  -  ResidentSetSize of job (KB)
...
006 (674965.000.000) 09/15 15:57:31 Image size of job updated: 12500000
	1311  -  MemoryUsage of job (MB)
	1342372  -  ResidentSetSize of job (KB)
...
006 (674965.000.000) 09/15 16:02:32 Image size of job updated: 12500000
	1361  -  MemoryUsage of job (MB)
	1392716  -  ResidentSetSize of job (KB)
...
006 (674965.000.000) 09/15 16:07:32 Image size of job updated: 12500000
	1411  -  MemoryUsage of job (MB)
	1444064  -  ResidentSetSize of job (KB)
...
006 (674965.000.000) 09/15 16:12:32 Image size of job updated: 12500000
	1484  -  MemoryUsage of job (MB)
	1519404  -  ResidentSetSize of job (KB)
...
006 (674965.000.000) 09/15 16:17:33 Image size of job updated: 12500000
	1576  -  MemoryUsage of job (MB)
	1613300  -  ResidentSetSize of job (KB)
...
006 (674965.000.000) 09/15 16:22:33 Image size of job updated: 12500000
	1668  -  MemoryUsage of job (MB)
	1707676  -  ResidentSetSize of job (KB)
...
006 (674965.000.000) 09/15 16:27:33 Image size of job updated: 12500000
	1759  -  MemoryUsage of job (MB)
	1800420  -  ResidentSetSize of job (KB)
...
006 (674965.000.000) 09/15 16:32:34 Image size of job updated: 12500000
	1851  -  MemoryUsage of job (MB)
	1894576  -  ResidentSetSize of job (KB)
...
006 (674965.000.000) 09/15 16:37:35 Image size of job updated: 12500000
	1944  -  MemoryUsage of job (MB)
	1989776  -  ResidentSetSize of job (KB)
...
006 (674965.000.000) 09/15 16:42:35 Image size of job updated: 12500000
	2037  -  MemoryUsage of job (MB)
	2085784  -  ResidentSetSize of job (KB)
...
006 (674965.000.000) 09/15 16:47:35 Image size of job updated: 12500000
	2131  -  MemoryUsage of job (MB)
	2181388  -  ResidentSetSize of job (KB)
...
006 (674965.000.000) 09/15 16:52:36 Image size of job updated: 12500000
	2223  -  MemoryUsage of job (MB)
	2275564  -  ResidentSetSize of job (KB)
...
006 (674965.000.000) 09/15 16:57:36 Image size of job updated: 12500000
	2313  -  MemoryUsage of job (MB)
	2368028  -  ResidentSetSize of job (KB)
...
006 (674965.000.000) 09/15 17:02:36 Image size of job updated: 12500000
	2405  -  MemoryUsage of job (MB)
	2462316  -  ResidentSetSize of job (KB)
...
006 (674965.000.000) 09/15 17:07:37 Image size of job updated: 12500000
	2499  -  MemoryUsage of job (MB)
	2557972  -  ResidentSetSize of job (KB)
...
006 (674965.000.000) 09/15 17:12:38 Image size of job updated: 12500000
	2592  -  MemoryUsage of job (MB)
	2653840  -  ResidentSetSize of job (KB)
...
006 (674965.000.000) 09/15 17:17:38 Image size of job updated: 12500000
	2683  -  MemoryUsage of job (MB)
	2746500  -  ResidentSetSize of job (KB)
...
006 (674965.000.000) 09/15 17:22:39 Image size of job updated: 12500000
	2766  -  MemoryUsage of job (MB)
	2831928  -  ResidentSetSize of job (KB)
...
006 (674965.000.000) 09/15 17:27:40 Image size of job updated: 12500000
	2860  -  MemoryUsage of job (MB)
	2927640  -  ResidentSetSize of job (KB)
...
006 (674965.000.000) 09/15 17:32:40 Image size of job updated: 12500000
	2951  -  MemoryUsage of job (MB)
	3021208  -  ResidentSetSize of job (KB)
...
006 (674965.000.000) 09/15 17:37:40 Image size of job updated: 12500000
	3040  -  MemoryUsage of job (MB)
	3112708  -  ResidentSetSize of job (KB)
...
006 (674965.000.000) 09/15 17:42:41 Image size of job updated: 12500000
	3130  -  MemoryUsage of job (MB)
	3204752  -  ResidentSetSize of job (KB)
...
006 (674965.000.000) 09/15 17:47:42 Image size of job updated: 12500000
	3220  -  MemoryUsage of job (MB)
	3296856  -  ResidentSetSize of job (KB)
...
006 (674965.000.000) 09/15 17:52:42 Image size of job updated: 12500000
	3282  -  MemoryUsage of job (MB)
	3360264  -  ResidentSetSize of job (KB)
...
006 (674965.000.000) 09/15 17:57:43 Image size of job updated: 12500000
	3329  -  MemoryUsage of job (MB)
	3408060  -  ResidentSetSize of job (KB)
...
006 (674965.000.000) 09/15 18:02:44 Image size of job updated: 12500000
	3377  -  MemoryUsage of job (MB)
	3457108  -  ResidentSetSize of job (KB)
...
006 (674965.000.000) 09/15 18:07:44 Image size of job updated: 12500000
	3426  -  MemoryUsage of job (MB)
	3507540  -  ResidentSetSize of job (KB)
...
006 (674965.000.000) 09/15 18:12:44 Image size of job updated: 12500000
	3475  -  MemoryUsage of job (MB)
	3558060  -  ResidentSetSize of job (KB)
...
006 (674965.000.000) 09/15 18:17:45 Image size of job updated: 12500000
	3523  -  MemoryUsage of job (MB)
	3607120  -  ResidentSetSize of job (KB)
...
006 (674965.000.000) 09/15 18:22:46 Image size of job updated: 12500000
	3569  -  MemoryUsage of job (MB)
	3654640  -  ResidentSetSize of job (KB)
...
006 (674965.000.000) 09/15 18:27:46 Image size of job updated: 12500000
	3619  -  MemoryUsage of job (MB)
	3705192  -  ResidentSetSize of job (KB)
...
006 (674965.000.000) 09/15 18:32:47 Image size of job updated: 12500000
	3666  -  MemoryUsage of job (MB)
	3753216  -  ResidentSetSize of job (KB)
...
006 (674965.000.000) 09/15 18:37:48 Image size of job updated: 12500000
	3715  -  MemoryUsage of job (MB)
	3803240  -  ResidentSetSize of job (KB)
...
006 (674965.000.000) 09/15 18:42:48 Image size of job updated: 12500000
	3764  -  MemoryUsage of job (MB)
	3854020  -  ResidentSetSize of job (KB)
...
006 (674965.000.000) 09/15 18:47:48 Image size of job updated: 12500000
	3813  -  MemoryUsage of job (MB)
	3903580  -  ResidentSetSize of job (KB)
...
006 (674965.000.000) 09/15 18:52:49 Image size of job updated: 12500000
	3860  -  MemoryUsage of job (MB)
	3952472  -  ResidentSetSize of job (KB)
...
006 (674965.000.000) 09/15 18:57:50 Image size of job updated: 12500000
	3910  -  MemoryUsage of job (MB)
	4003820  -  ResidentSetSize of job (KB)
...
006 (674965.000.000) 09/15 19:02:50 Image size of job updated: 12500000
	3959  -  MemoryUsage of job (MB)
	4053096  -  ResidentSetSize of job (KB)
...
006 (674965.000.000) 09/15 19:07:51 Image size of job updated: 12500000
	4008  -  MemoryUsage of job (MB)
	4103812  -  ResidentSetSize of job (KB)
...
006 (674965.000.000) 09/15 19:12:52 Image size of job updated: 12500000
	4056  -  MemoryUsage of job (MB)
	4152688  -  ResidentSetSize of job (KB)
...
006 (674965.000.000) 09/15 19:17:52 Image size of job updated: 12500000
	4104  -  MemoryUsage of job (MB)
	4202016  -  ResidentSetSize of job (KB)
...
006 (674965.000.000) 09/15 19:22:52 Image size of job updated: 12500000
	4155  -  MemoryUsage of job (MB)
	4254004  -  ResidentSetSize of job (KB)
...
006 (674965.000.000) 09/15 19:27:53 Image size of job updated: 12500000
	4177  -  MemoryUsage of job (MB)
	4276892  -  ResidentSetSize of job (KB)
...
006 (674965.000.000) 09/15 19:32:54 Image size of job updated: 12500000
	4177  -  MemoryUsage of job (MB)
	4276896  -  ResidentSetSize of job (KB)
...
006 (674965.000.000) 09/15 20:33:00 Image size of job updated: 12500000
	4182  -  MemoryUsage of job (MB)
	4282136  -  ResidentSetSize of job (KB)
...
006 (674965.000.000) 09/15 20:38:02 Image size of job updated: 12500000
	4218  -  MemoryUsage of job (MB)
	4318696  -  ResidentSetSize of job (KB)
...
006 (674965.000.000) 09/15 20:43:02 Image size of job updated: 12500000
	4260  -  MemoryUsage of job (MB)
	4361816  -  ResidentSetSize of job (KB)
...
006 (674965.000.000) 09/15 20:48:02 Image size of job updated: 12500000
	4293  -  MemoryUsage of job (MB)
	4395360  -  ResidentSetSize of job (KB)
...
006 (674965.000.000) 09/15 20:53:03 Image size of job updated: 12500000
	4328  -  MemoryUsage of job (MB)
	4430872  -  ResidentSetSize of job (KB)
...
006 (674965.000.000) 09/15 20:58:04 Image size of job updated: 12500000
	4363  -  MemoryUsage of job (MB)
	4466736  -  ResidentSetSize of job (KB)
...
006 (674965.000.000) 09/15 21:03:04 Image size of job updated: 12500000
	4400  -  MemoryUsage of job (MB)
	4504724  -  ResidentSetSize of job (KB)
...
006 (674965.000.000) 09/15 21:08:04 Image size of job updated: 12500000
	4430  -  MemoryUsage of job (MB)
	4535424  -  ResidentSetSize of job (KB)
...
006 (674965.000.000) 09/15 21:17:30 Image size of job updated: 12500000
	4446  -  MemoryUsage of job (MB)
	4551932  -  ResidentSetSize of job (KB)
...
006 (674965.000.000) 09/15 21:45:21 Image size of job updated: 12500000
	4446  -  MemoryUsage of job (MB)
	4552156  -  ResidentSetSize of job (KB)
...
006 (674965.000.000) 09/15 22:06:14 Image size of job updated: 12500000
	4499  -  MemoryUsage of job (MB)
	4606408  -  ResidentSetSize of job (KB)
...
006 (674965.000.000) 09/15 22:19:32 Image size of job updated: 12500000
	4678  -  MemoryUsage of job (MB)
	4789596  -  ResidentSetSize of job (KB)
...
006 (674965.000.000) 09/15 22:27:31 Image size of job updated: 12500000
	4779  -  MemoryUsage of job (MB)
	4892776  -  ResidentSetSize of job (KB)
...
006 (674965.000.000) 09/15 22:32:32 Image size of job updated: 12500000
	4843  -  MemoryUsage of job (MB)
	4959216  -  ResidentSetSize of job (KB)
...
006 (674965.000.000) 09/15 22:37:33 Image size of job updated: 12500000
	4906  -  MemoryUsage of job (MB)
	5022820  -  ResidentSetSize of job (KB)
...
006 (674965.000.000) 09/15 22:42:33 Image size of job updated: 12500000
	4968  -  MemoryUsage of job (MB)
	5086952  -  ResidentSetSize of job (KB)
...
006 (674965.000.000) 09/15 22:47:34 Image size of job updated: 12500000
	5030  -  MemoryUsage of job (MB)
	5150160  -  ResidentSetSize of job (KB)
...
006 (674965.000.000) 09/15 22:52:35 Image size of job updated: 12500000
	5091  -  MemoryUsage of job (MB)
	5212556  -  ResidentSetSize of job (KB)
...
006 (674965.000.000) 09/15 22:57:35 Image size of job updated: 12500000
	5151  -  MemoryUsage of job (MB)
	5274572  -  ResidentSetSize of job (KB)
...
006 (674965.000.000) 09/15 23:02:35 Image size of job updated: 12500000
	5212  -  MemoryUsage of job (MB)
	5336608  -  ResidentSetSize of job (KB)
...
006 (674965.000.000) 09/15 23:07:36 Image size of job updated: 12500000
	5276  -  MemoryUsage of job (MB)
	5401736  -  ResidentSetSize of job (KB)
...
006 (674965.000.000) 09/15 23:12:37 Image size of job updated: 12500000
	5293  -  MemoryUsage of job (MB)
	5419504  -  ResidentSetSize of job (KB)
...
006 (674965.000.000) 09/15 23:18:49 Image size of job updated: 12500000
	5298  -  MemoryUsage of job (MB)
	5424772  -  ResidentSetSize of job (KB)
...
006 (674965.000.000) 09/15 23:23:09 Image size of job updated: 12500000
	5298  -  MemoryUsage of job (MB)
	5424984  -  ResidentSetSize of job (KB)
...
006 (674965.000.000) 09/15 23:33:33 Image size of job updated: 12500000
	5298  -  MemoryUsage of job (MB)
	5425128  -  ResidentSetSize of job (KB)
...
006 (674965.000.000) 09/15 23:47:52 Image size of job updated: 12500000
	5299  -  MemoryUsage of job (MB)
	5425268  -  ResidentSetSize of job (KB)
...
006 (674965.000.000) 09/16 00:02:03 Image size of job updated: 12500000
	5404  -  MemoryUsage of job (MB)
	5532832  -  ResidentSetSize of job (KB)
...
006 (674965.000.000) 09/16 00:11:49 Image size of job updated: 12500000
	5500  -  MemoryUsage of job (MB)
	5631724  -  ResidentSetSize of job (KB)
...
006 (674965.000.000) 09/16 00:17:41 Image size of job updated: 12500000
	5558  -  MemoryUsage of job (MB)
	5690424  -  ResidentSetSize of job (KB)
...
006 (674965.000.000) 09/16 00:22:42 Image size of job updated: 12500000
	5606  -  MemoryUsage of job (MB)
	5739640  -  ResidentSetSize of job (KB)
...
006 (674965.000.000) 09/16 00:27:43 Image size of job updated: 12500000
	5655  -  MemoryUsage of job (MB)
	5790124  -  ResidentSetSize of job (KB)
...
006 (674965.000.000) 09/16 00:32:43 Image size of job updated: 12500000
	5704  -  MemoryUsage of job (MB)
	5840364  -  ResidentSetSize of job (KB)
...
006 (674965.000.000) 09/16 00:37:43 Image size of job updated: 12500000
	5754  -  MemoryUsage of job (MB)
	5891196  -  ResidentSetSize of job (KB)
...
006 (674965.000.000) 09/16 00:42:44 Image size of job updated: 12500000
	5803  -  MemoryUsage of job (MB)
	5941560  -  ResidentSetSize of job (KB)
...
006 (674965.000.000) 09/16 00:47:45 Image size of job updated: 12500000
	5853  -  MemoryUsage of job (MB)
	5992628  -  ResidentSetSize of job (KB)
...
006 (674965.000.000) 09/16 00:52:45 Image size of job updated: 12500000
	5901  -  MemoryUsage of job (MB)
	6042024  -  ResidentSetSize of job (KB)
...
006 (674965.000.000) 09/16 00:57:46 Image size of job updated: 12500000
	5950  -  MemoryUsage of job (MB)
	6092388  -  ResidentSetSize of job (KB)
...
006 (674965.000.000) 09/16 01:02:47 Image size of job updated: 12500000
	6000  -  MemoryUsage of job (MB)
	6143500  -  ResidentSetSize of job (KB)
...
006 (674965.000.000) 09/16 01:07:47 Image size of job updated: 12500000
	6049  -  MemoryUsage of job (MB)
	6193432  -  ResidentSetSize of job (KB)
...
006 (674965.000.000) 09/16 01:15:51 Image size of job updated: 12500000
	6049  -  MemoryUsage of job (MB)
	6193436  -  ResidentSetSize of job (KB)
...
006 (674965.000.000) 09/16 02:37:05 Image size of job updated: 12500000
	6243  -  MemoryUsage of job (MB)
	6392312  -  ResidentSetSize of job (KB)
...
006 (674965.000.000) 09/16 03:01:17 Image size of job updated: 12500000
	6614  -  MemoryUsage of job (MB)
	6772376  -  ResidentSetSize of job (KB)
...
006 (674965.000.000) 09/16 03:15:48 Image size of job updated: 12500000
	6835  -  MemoryUsage of job (MB)
	6998832  -  ResidentSetSize of job (KB)
...
006 (674965.000.000) 09/16 03:24:30 Image size of job updated: 12500000
	6972  -  MemoryUsage of job (MB)
	7139220  -  ResidentSetSize of job (KB)
...
006 (674965.000.000) 09/16 03:29:44 Image size of job updated: 12500000
	7054  -  MemoryUsage of job (MB)
	7223004  -  ResidentSetSize of job (KB)
...
006 (674965.000.000) 09/16 03:34:45 Image size of job updated: 12500000
	7134  -  MemoryUsage of job (MB)
	7304440  -  ResidentSetSize of job (KB)
...
006 (674965.000.000) 09/16 03:39:45 Image size of job updated: 12500000
	7209  -  MemoryUsage of job (MB)
	7381060  -  ResidentSetSize of job (KB)
...
006 (674965.000.000) 09/16 03:48:41 Image size of job updated: 12500000
	7228  -  MemoryUsage of job (MB)
	7401312  -  ResidentSetSize of job (KB)
...
006 (674965.000.000) 09/16 04:34:37 Image size of job updated: 12500000
	7229  -  MemoryUsage of job (MB)
	7401496  -  ResidentSetSize of job (KB)
...
005 (674965.000.000) 09/16 05:13:17 Job terminated.
	(0) Abnormal termination (signal 9)
	(0) No core file
		Usr 0 13:19:26, Sys 0 05:58:33  -  Run Remote Usage
		Usr 0 00:00:00, Sys 0 00:00:00  -  Run Local Usage
		Usr 0 13:19:26, Sys 0 05:58:33  -  Total Remote Usage
		Usr 0 00:00:00, Sys 0 00:00:00  -  Total Local Usage
	0  -  Run Bytes Sent By Job
	0  -  Run Bytes Received By Job
	0  -  Total Bytes Sent By Job
	0  -  Total Bytes Received By Job
	Partitionable Resources :    Usage  Request Allocated 
	   Cpus                 :     0.07        2         2 
	   Disk (KB)            :   150         150     18045 
	   Memory (MB)          :  7229         245       256 
...
000 (187.000.000) 10/21 16:26:36 Job submitted from host: <140.160.143.131:9618?addrs=140.160.143.131-9618&noUDP&sock=2776_aefe_4>
...
001 (187.000.000) 10/21 16:26:38 Job executing on host: <140.160.143.141:9618?addrs=140.160.143.141-9618&noUDP&sock=1474_9eb0_3>
...
006 (187.000.000) 10/21 16:26:46 Image size of job updated: 920
	1  -  MemoryUsage of job (MB)
	920  -  ResidentSetSize of job (KB)
...
005 (187.000.000) 10/21 22:08:33 Job terminated.
	(1) Normal termination (return value 0)
		Usr 0 09:17:27, Sys 0 02:06:21  -  Run Remote Usage
		Usr 0 00:00:00, Sys 0 00:00:00  -  Run Local Usage
		Usr 0 09:17:27, Sys 0 02:06:21  -  Total Remote Usage
		Usr 0 00:00:00, Sys 0 00:00:00  -  Total Local Usage
	0  -  Run Bytes Sent By Job
	0  -  Run Bytes Received By Job
	0  -  Total Bytes Sent By Job
	0  -  Total Bytes Received By Job
	Partitionable Resources :    Usage  Request Allocated 
	   Cpus                 :     2.00        2         2 
	   Disk (KB)            :   150         150    888012 
	   Memory (MB)          :     1       20480     20480 
...
