000 (2059.156.000) 03/05 16:54:49 Job submitted from host: <140.160.143.131:9618?addrs=140.160.143.131-9618&noUDP&sock=1229063_9141_4>
...
009 (2059.156.000) 03/05 19:47:02 Job was aborted by the user.
	via condor_rm (by user scoggim)
...
000 (2117.002.000) 03/05 20:16:32 Job submitted from host: <140.160.143.131:9618?addrs=140.160.143.131-9618&noUDP&sock=1229063_9141_4>
...
009 (2117.002.000) 03/15 01:14:48 Job was aborted by the user.
	via condor_rm (by user scoggim)
...
000 (2131.156.000) 03/15 01:18:30 Job submitted from host: <140.160.143.131:9618?addrs=140.160.143.131-9618&noUDP&sock=1229063_9141_4>
...
001 (2131.156.000) 03/19 17:01:31 Job executing on host: <140.160.143.144:9618?addrs=140.160.143.144-9618&noUDP&sock=31192_b22f_3>
...
006 (2131.156.000) 03/19 17:01:39 Image size of job updated: 2484
	3  -  MemoryUsage of job (MB)
	2484  -  ResidentSetSize of job (KB)
...
006 (2131.156.000) 03/19 17:26:41 Image size of job updated: 2532
	3  -  MemoryUsage of job (MB)
	2484  -  ResidentSetSize of job (KB)
...
006 (2131.156.000) 03/19 17:31:42 Image size of job updated: 2964
	3  -  MemoryUsage of job (MB)
	2588  -  ResidentSetSize of job (KB)
...
006 (2131.156.000) 03/19 17:36:43 Image size of job updated: 3092
	3  -  MemoryUsage of job (MB)
	2588  -  ResidentSetSize of job (KB)
...
006 (2131.156.000) 03/19 17:41:43 Image size of job updated: 5288
	3  -  MemoryUsage of job (MB)
	2592  -  ResidentSetSize of job (KB)
...
005 (2131.156.000) 03/19 20:35:36 Job terminated.
	(1) Normal termination (return value 0)
		Usr 0 09:48:41, Sys 0 04:24:54  -  Run Remote Usage
		Usr 0 00:00:00, Sys 0 00:00:00  -  Run Local Usage
		Usr 0 09:48:41, Sys 0 04:24:54  -  Total Remote Usage
		Usr 0 00:00:00, Sys 0 00:00:00  -  Total Local Usage
	0  -  Run Bytes Sent By Job
	0  -  Run Bytes Received By Job
	0  -  Total Bytes Sent By Job
	0  -  Total Bytes Received By Job
	Partitionable Resources :    Usage  Request Allocated 
	   Cpus                 :     4.00        4         4 
	   Disk (KB)            :   175         175    881579 
	   Memory (MB)          :     3           1       128 
...
