000 (2267.795.000) 04/28 23:44:32 Job submitted from host: <140.160.143.131:9618?addrs=140.160.143.131-9618&noUDP&sock=3131910_565e_30>
...
000 (2268.795.000) 04/28 23:46:21 Job submitted from host: <140.160.143.131:9618?addrs=140.160.143.131-9618&noUDP&sock=3131910_565e_30>
...
001 (2267.795.000) 05/01 17:07:38 Job executing on host: <140.160.143.140:9618?addrs=140.160.143.140-9618&noUDP&sock=13320_fd95_3>
...
006 (2267.795.000) 05/01 17:07:47 Image size of job updated: 4556
	3  -  MemoryUsage of job (MB)
	2660  -  ResidentSetSize of job (KB)
...
005 (2267.795.000) 05/02 15:39:07 Job terminated.
	(1) Normal termination (return value 0)
		Usr 2 04:50:24, Sys 1 13:03:09  -  Run Remote Usage
		Usr 0 00:00:00, Sys 0 00:00:00  -  Run Local Usage
		Usr 2 04:50:24, Sys 1 13:03:09  -  Total Remote Usage
		Usr 0 00:00:00, Sys 0 00:00:00  -  Total Local Usage
	0  -  Run Bytes Sent By Job
	0  -  Run Bytes Received By Job
	0  -  Total Bytes Sent By Job
	0  -  Total Bytes Received By Job
	Partitionable Resources :    Usage  Request Allocated 
	   Cpus                 :     4.00        4         4 
	   Disk (KB)            :   175         175    881636 
	   Memory (MB)          :     3           1       128 
...
009 (2268.795.000) 05/11 09:58:41 Job was aborted by the user.
	via condor_rm (by user scoggim)
...
000 (2400.119.000) 05/11 12:37:09 Job submitted from host: <140.160.143.131:9618?addrs=140.160.143.131-9618&noUDP&sock=3131910_565e_30>
...
001 (2400.119.000) 05/11 12:37:15 Job executing on host: <140.160.143.145:9618?addrs=140.160.143.145-9618&noUDP&sock=16120_8ec3_3>
...
006 (2400.119.000) 05/11 12:37:24 Image size of job updated: 2048
	2  -  MemoryUsage of job (MB)
	2048  -  ResidentSetSize of job (KB)
...
006 (2400.119.000) 05/11 13:02:27 Image size of job updated: 2052
	3  -  MemoryUsage of job (MB)
	2052  -  ResidentSetSize of job (KB)
...
005 (2400.119.000) 05/11 17:24:27 Job terminated.
	(1) Normal termination (return value 0)
		Usr 0 04:46:47, Sys 0 00:00:00  -  Run Remote Usage
		Usr 0 00:00:00, Sys 0 00:00:00  -  Run Local Usage
		Usr 0 04:46:47, Sys 0 00:00:00  -  Total Remote Usage
		Usr 0 00:00:00, Sys 0 00:00:00  -  Total Local Usage
	0  -  Run Bytes Sent By Job
	0  -  Run Bytes Received By Job
	0  -  Total Bytes Sent By Job
	0  -  Total Bytes Received By Job
	Partitionable Resources :    Usage  Request Allocated 
	   Cpus                 :     1.00        1         1 
	   Disk (KB)            :   175         175    881546 
	   Memory (MB)          :     3           1       128 
...
000 (2511.795.000) 05/27 15:03:31 Job submitted from host: <140.160.143.131:9618?addrs=140.160.143.131-9618&noUDP&sock=3131910_565e_30>
...
001 (2511.795.000) 05/28 00:26:22 Job executing on host: <140.160.143.153:9618?addrs=140.160.143.153-9618&noUDP&sock=3174_adb0_3>
...
006 (2511.795.000) 05/28 00:26:31 Image size of job updated: 62176
	61  -  MemoryUsage of job (MB)
	62176  -  ResidentSetSize of job (KB)
...
006 (2511.795.000) 05/31 13:14:18 Image size of job updated: 145796
	61  -  MemoryUsage of job (MB)
	62176  -  ResidentSetSize of job (KB)
...
004 (2511.795.000) 05/31 13:14:18 Job was evicted.
	(0) Job was not checkpointed.
		Usr 3 12:37:41, Sys 0 00:00:19  -  Run Remote Usage
		Usr 0 00:00:00, Sys 0 00:00:00  -  Run Local Usage
	0  -  Run Bytes Sent By Job
	0  -  Run Bytes Received By Job
	Partitionable Resources :    Usage  Request Allocated 
	   Cpus                 :     1.00        1         1 
	   Disk (KB)            :   175         175    870398 
	   Gpus                 :                           0 
	   Memory (MB)          :    61           1       128 
...
009 (2511.795.000) 05/31 13:14:19 Job was aborted by the user.
	via condor_rm (by user scoggim)
...
000 (2516.119.000) 06/02 11:26:46 Job submitted from host: <140.160.143.131:9618?addrs=140.160.143.131-9618&noUDP&sock=3131910_565e_30>
...
001 (2516.119.000) 06/02 12:09:35 Job executing on host: <140.160.143.140:9618?addrs=140.160.143.140-9618&noUDP&sock=16192_f195_3>
...
006 (2516.119.000) 06/02 12:09:43 Image size of job updated: 62176
	61  -  MemoryUsage of job (MB)
	62176  -  ResidentSetSize of job (KB)
...
006 (2516.119.000) 06/03 01:05:40 Image size of job updated: 145796
	61  -  MemoryUsage of job (MB)
	62176  -  ResidentSetSize of job (KB)
...
004 (2516.119.000) 06/03 01:05:40 Job was evicted.
	(0) Job was not checkpointed.
		Usr 0 12:54:59, Sys 0 00:00:00  -  Run Remote Usage
		Usr 0 00:00:00, Sys 0 00:00:00  -  Run Local Usage
	0  -  Run Bytes Sent By Job
	0  -  Run Bytes Received By Job
	Partitionable Resources :    Usage  Request Allocated 
	   Cpus                 :     1.00        1         1 
	   Disk (KB)            :   175         175    881228 
	   Memory (MB)          :    61           1       128 
...
009 (2516.119.000) 06/03 01:05:45 Job was aborted by the user.
	via condor_rm (by user scoggim)
...
000 (2523.119.000) 06/03 01:09:44 Job submitted from host: <140.160.143.131:9618?addrs=140.160.143.131-9618&noUDP&sock=3131910_565e_30>
...
009 (2523.119.000) 06/03 01:12:02 Job was aborted by the user.
	via condor_rm (by user scoggim)
...
000 (2524.119.000) 06/03 01:12:07 Job submitted from host: <140.160.143.131:9618?addrs=140.160.143.131-9618&noUDP&sock=3131910_565e_30>
...
009 (2524.119.000) 06/03 11:11:23 Job was aborted by the user.
	via condor_rm (by user scoggim)
...
000 (2525.119.000) 06/03 11:11:41 Job submitted from host: <140.160.143.131:9618?addrs=140.160.143.131-9618&noUDP&sock=3131910_565e_30>
...
001 (2525.119.000) 06/03 18:36:24 Job executing on host: <140.160.143.146:9618?addrs=140.160.143.146-9618&noUDP&sock=4054_4908_3>
...
006 (2525.119.000) 06/03 18:36:33 Image size of job updated: 62860
	61  -  MemoryUsage of job (MB)
	62168  -  ResidentSetSize of job (KB)
...
005 (2525.119.000) 06/08 07:53:42 Job terminated.
	(1) Normal termination (return value 0)
		Usr 4 13:07:10, Sys 0 00:00:25  -  Run Remote Usage
		Usr 0 00:00:00, Sys 0 00:00:00  -  Run Local Usage
		Usr 4 13:07:10, Sys 0 00:00:25  -  Total Remote Usage
		Usr 0 00:00:00, Sys 0 00:00:00  -  Total Local Usage
	0  -  Run Bytes Sent By Job
	0  -  Run Bytes Received By Job
	0  -  Total Bytes Sent By Job
	0  -  Total Bytes Received By Job
	Partitionable Resources :    Usage  Request Allocated 
	   Cpus                 :     1.00        1         1 
	   Disk (KB)            :   175         175    881117 
	   Memory (MB)          :    61           1       128 
...
