000 (2734.000.000) 07/06 08:09:59 Job submitted from host: <140.160.143.131:9618?addrs=140.160.143.131-9618&noUDP&sock=3131910_565e_30>
...
001 (2734.000.000) 07/06 08:10:05 Job executing on host: <140.160.143.143:9618?addrs=140.160.143.143-9618&noUDP&sock=21098_0d36_3>
...
006 (2734.000.000) 07/06 08:10:14 Image size of job updated: 944
	1  -  MemoryUsage of job (MB)
	944  -  ResidentSetSize of job (KB)
...
006 (2734.000.000) 07/06 08:14:30 Image size of job updated: 178412
	1  -  MemoryUsage of job (MB)
	944  -  ResidentSetSize of job (KB)
...
005 (2734.000.000) 07/06 08:14:30 Job terminated.
	(1) Normal termination (return value 0)
		Usr 0 00:08:00, Sys 0 00:05:12  -  Run Remote Usage
		Usr 0 00:00:00, Sys 0 00:00:00  -  Run Local Usage
		Usr 0 00:08:00, Sys 0 00:05:12  -  Total Remote Usage
		Usr 0 00:00:00, Sys 0 00:00:00  -  Total Local Usage
	0  -  Run Bytes Sent By Job
	0  -  Run Bytes Received By Job
	0  -  Total Bytes Sent By Job
	0  -  Total Bytes Received By Job
	Partitionable Resources :    Usage  Request Allocated 
	   Cpus                 :     2.99        3         3 
	   Disk (KB)            :   175         175    881209 
	   Memory (MB)          :     1           1       128 
...
