000 (674402.000.000) 09/14 14:18:49 Job submitted from host: <140.160.143.130:9618?addrs=140.160.143.130-9618&noUDP&sock=5591_da80_4>
...
009 (674402.000.000) 09/14 14:20:43 Job was aborted by the user.
	via condor_rm (by user scoggim)
...
000 (674546.000.000) 09/14 14:25:58 Job submitted from host: <140.160.143.130:9618?addrs=140.160.143.130-9618&noUDP&sock=5591_da80_4>
...
000 (674690.000.000) 09/14 14:26:40 Job submitted from host: <140.160.143.130:9618?addrs=140.160.143.130-9618&noUDP&sock=5591_da80_4>
...
000 (674834.000.000) 09/14 14:27:38 Job submitted from host: <140.160.143.130:9618?addrs=140.160.143.130-9618&noUDP&sock=5591_da80_4>
...
009 (674690.000.000) 09/14 14:46:33 Job was aborted by the user.
	via condor_rm (by user scoggim)
...
009 (674834.000.000) 09/14 14:46:33 Job was aborted by the user.
	via condor_rm (by user scoggim)
...
009 (674546.000.000) 09/14 14:46:33 Job was aborted by the user.
	via condor_rm (by user scoggim)
...
000 (675014.000.000) 09/14 22:20:25 Job submitted from host: <140.160.143.130:9618?addrs=140.160.143.130-9618&noUDP&sock=5591_da80_4>
...
001 (675014.000.000) 09/15 12:38:11 Job executing on host: <140.160.143.157:9618?addrs=140.160.143.157-9618&noUDP&sock=4484_2bf8_11>
...
006 (675014.000.000) 09/15 12:38:20 Image size of job updated: 2280
	3  -  MemoryUsage of job (MB)
	2280  -  ResidentSetSize of job (KB)
...
006 (675014.000.000) 09/15 12:43:21 Image size of job updated: 53604
	53  -  MemoryUsage of job (MB)
	53604  -  ResidentSetSize of job (KB)
...
006 (675014.000.000) 09/15 12:48:21 Image size of job updated: 105036
	103  -  MemoryUsage of job (MB)
	105036  -  ResidentSetSize of job (KB)
...
006 (675014.000.000) 09/15 12:53:21 Image size of job updated: 151516
	148  -  MemoryUsage of job (MB)
	151516  -  ResidentSetSize of job (KB)
...
006 (675014.000.000) 09/15 12:58:22 Image size of job updated: 209576
	205  -  MemoryUsage of job (MB)
	209576  -  ResidentSetSize of job (KB)
...
006 (675014.000.000) 09/15 13:03:23 Image size of job updated: 279876
	274  -  MemoryUsage of job (MB)
	279876  -  ResidentSetSize of job (KB)
...
006 (675014.000.000) 09/15 13:08:23 Image size of job updated: 351756
	344  -  MemoryUsage of job (MB)
	351756  -  ResidentSetSize of job (KB)
...
006 (675014.000.000) 09/15 13:13:24 Image size of job updated: 423876
	414  -  MemoryUsage of job (MB)
	423876  -  ResidentSetSize of job (KB)
...
006 (675014.000.000) 09/15 13:18:25 Image size of job updated: 496108
	485  -  MemoryUsage of job (MB)
	496108  -  ResidentSetSize of job (KB)
...
006 (675014.000.000) 09/15 13:23:25 Image size of job updated: 565892
	553  -  MemoryUsage of job (MB)
	565892  -  ResidentSetSize of job (KB)
...
006 (675014.000.000) 09/15 13:28:25 Image size of job updated: 636136
	622  -  MemoryUsage of job (MB)
	636136  -  ResidentSetSize of job (KB)
...
006 (675014.000.000) 09/15 13:33:26 Image size of job updated: 707400
	691  -  MemoryUsage of job (MB)
	707400  -  ResidentSetSize of job (KB)
...
006 (675014.000.000) 09/15 13:38:27 Image size of job updated: 778240
	760  -  MemoryUsage of job (MB)
	778240  -  ResidentSetSize of job (KB)
...
006 (675014.000.000) 09/15 13:43:27 Image size of job updated: 848084
	829  -  MemoryUsage of job (MB)
	848084  -  ResidentSetSize of job (KB)
...
006 (675014.000.000) 09/15 13:48:27 Image size of job updated: 913856
	893  -  MemoryUsage of job (MB)
	913856  -  ResidentSetSize of job (KB)
...
006 (675014.000.000) 09/15 13:53:28 Image size of job updated: 962648
	941  -  MemoryUsage of job (MB)
	962648  -  ResidentSetSize of job (KB)
...
006 (675014.000.000) 09/15 13:58:28 Image size of job updated: 1010384
	987  -  MemoryUsage of job (MB)
	1010384  -  ResidentSetSize of job (KB)
...
006 (675014.000.000) 09/15 14:03:28 Image size of job updated: 1058980
	1035  -  MemoryUsage of job (MB)
	1058980  -  ResidentSetSize of job (KB)
...
006 (675014.000.000) 09/15 14:08:29 Image size of job updated: 1111788
	1086  -  MemoryUsage of job (MB)
	1111788  -  ResidentSetSize of job (KB)
...
006 (675014.000.000) 09/15 14:13:30 Image size of job updated: 1160872
	1134  -  MemoryUsage of job (MB)
	1160872  -  ResidentSetSize of job (KB)
...
006 (675014.000.000) 09/15 14:18:30 Image size of job updated: 1209960
	1182  -  MemoryUsage of job (MB)
	1209960  -  ResidentSetSize of job (KB)
...
006 (675014.000.000) 09/15 14:23:31 Image size of job updated: 1259968
	1231  -  MemoryUsage of job (MB)
	1259968  -  ResidentSetSize of job (KB)
...
006 (675014.000.000) 09/15 14:28:32 Image size of job updated: 1307700
	1278  -  MemoryUsage of job (MB)
	1307700  -  ResidentSetSize of job (KB)
...
006 (675014.000.000) 09/15 14:33:32 Image size of job updated: 1356248
	1325  -  MemoryUsage of job (MB)
	1356248  -  ResidentSetSize of job (KB)
...
006 (675014.000.000) 09/15 14:38:32 Image size of job updated: 1405784
	1373  -  MemoryUsage of job (MB)
	1405784  -  ResidentSetSize of job (KB)
...
006 (675014.000.000) 09/15 14:43:33 Image size of job updated: 1454684
	1421  -  MemoryUsage of job (MB)
	1454684  -  ResidentSetSize of job (KB)
...
006 (675014.000.000) 09/15 14:48:34 Image size of job updated: 1503132
	1468  -  MemoryUsage of job (MB)
	1503132  -  ResidentSetSize of job (KB)
...
006 (675014.000.000) 09/15 14:53:34 Image size of job updated: 1551452
	1516  -  MemoryUsage of job (MB)
	1551452  -  ResidentSetSize of job (KB)
...
006 (675014.000.000) 09/15 14:58:35 Image size of job updated: 1600820
	1564  -  MemoryUsage of job (MB)
	1600820  -  ResidentSetSize of job (KB)
...
006 (675014.000.000) 09/15 15:03:36 Image size of job updated: 1648616
	1610  -  MemoryUsage of job (MB)
	1648616  -  ResidentSetSize of job (KB)
...
006 (675014.000.000) 09/15 15:08:36 Image size of job updated: 1700464
	1661  -  MemoryUsage of job (MB)
	1700464  -  ResidentSetSize of job (KB)
...
006 (675014.000.000) 09/15 15:13:36 Image size of job updated: 1749536
	1709  -  MemoryUsage of job (MB)
	1749536  -  ResidentSetSize of job (KB)
...
006 (675014.000.000) 09/15 15:18:37 Image size of job updated: 1800096
	1758  -  MemoryUsage of job (MB)
	1800096  -  ResidentSetSize of job (KB)
...
006 (675014.000.000) 09/15 15:23:38 Image size of job updated: 1850616
	1808  -  MemoryUsage of job (MB)
	1850616  -  ResidentSetSize of job (KB)
...
006 (675014.000.000) 09/15 15:28:38 Image size of job updated: 1899280
	1855  -  MemoryUsage of job (MB)
	1899280  -  ResidentSetSize of job (KB)
...
006 (675014.000.000) 09/15 15:33:39 Image size of job updated: 1950032
	1905  -  MemoryUsage of job (MB)
	1950032  -  ResidentSetSize of job (KB)
...
006 (675014.000.000) 09/15 15:38:40 Image size of job updated: 1998992
	1953  -  MemoryUsage of job (MB)
	1998992  -  ResidentSetSize of job (KB)
...
006 (675014.000.000) 09/15 15:43:40 Image size of job updated: 2048708
	2001  -  MemoryUsage of job (MB)
	2048708  -  ResidentSetSize of job (KB)
...
006 (675014.000.000) 09/15 15:48:40 Image size of job updated: 2098280
	2050  -  MemoryUsage of job (MB)
	2098280  -  ResidentSetSize of job (KB)
...
006 (675014.000.000) 09/15 15:53:41 Image size of job updated: 2150264
	2100  -  MemoryUsage of job (MB)
	2150264  -  ResidentSetSize of job (KB)
...
006 (675014.000.000) 09/15 15:58:42 Image size of job updated: 2200424
	2149  -  MemoryUsage of job (MB)
	2200424  -  ResidentSetSize of job (KB)
...
006 (675014.000.000) 09/15 16:03:42 Image size of job updated: 2248088
	2196  -  MemoryUsage of job (MB)
	2248088  -  ResidentSetSize of job (KB)
...
006 (675014.000.000) 09/15 16:08:43 Image size of job updated: 2300160
	2247  -  MemoryUsage of job (MB)
	2300160  -  ResidentSetSize of job (KB)
...
006 (675014.000.000) 09/15 16:13:44 Image size of job updated: 2347952
	2293  -  MemoryUsage of job (MB)
	2347952  -  ResidentSetSize of job (KB)
...
006 (675014.000.000) 09/15 16:18:44 Image size of job updated: 2398460
	2343  -  MemoryUsage of job (MB)
	2398460  -  ResidentSetSize of job (KB)
...
006 (675014.000.000) 09/15 16:23:44 Image size of job updated: 2447028
	2390  -  MemoryUsage of job (MB)
	2447028  -  ResidentSetSize of job (KB)
...
006 (675014.000.000) 09/15 16:28:45 Image size of job updated: 2499680
	2442  -  MemoryUsage of job (MB)
	2499680  -  ResidentSetSize of job (KB)
...
006 (675014.000.000) 09/15 16:33:46 Image size of job updated: 2549108
	2490  -  MemoryUsage of job (MB)
	2549108  -  ResidentSetSize of job (KB)
...
006 (675014.000.000) 09/15 16:38:46 Image size of job updated: 2599060
	2539  -  MemoryUsage of job (MB)
	2599060  -  ResidentSetSize of job (KB)
...
006 (675014.000.000) 09/15 16:43:47 Image size of job updated: 2647384
	2586  -  MemoryUsage of job (MB)
	2647384  -  ResidentSetSize of job (KB)
...
006 (675014.000.000) 09/15 16:48:48 Image size of job updated: 2695868
	2633  -  MemoryUsage of job (MB)
	2695868  -  ResidentSetSize of job (KB)
...
006 (675014.000.000) 09/15 16:53:48 Image size of job updated: 2745644
	2682  -  MemoryUsage of job (MB)
	2745644  -  ResidentSetSize of job (KB)
...
006 (675014.000.000) 09/15 16:58:48 Image size of job updated: 2793148
	2728  -  MemoryUsage of job (MB)
	2793148  -  ResidentSetSize of job (KB)
...
006 (675014.000.000) 09/15 17:03:49 Image size of job updated: 2843984
	2778  -  MemoryUsage of job (MB)
	2843984  -  ResidentSetSize of job (KB)
...
006 (675014.000.000) 09/15 17:08:49 Image size of job updated: 2892712
	2825  -  MemoryUsage of job (MB)
	2892712  -  ResidentSetSize of job (KB)
...
006 (675014.000.000) 09/15 17:13:49 Image size of job updated: 2941904
	2873  -  MemoryUsage of job (MB)
	2941904  -  ResidentSetSize of job (KB)
...
006 (675014.000.000) 09/15 17:18:50 Image size of job updated: 2991356
	2922  -  MemoryUsage of job (MB)
	2991356  -  ResidentSetSize of job (KB)
...
006 (675014.000.000) 09/15 17:23:51 Image size of job updated: 3039952
	2969  -  MemoryUsage of job (MB)
	3039952  -  ResidentSetSize of job (KB)
...
006 (675014.000.000) 09/15 17:28:51 Image size of job updated: 3090028
	3018  -  MemoryUsage of job (MB)
	3090028  -  ResidentSetSize of job (KB)
...
006 (675014.000.000) 09/15 17:33:52 Image size of job updated: 3140400
	3067  -  MemoryUsage of job (MB)
	3140400  -  ResidentSetSize of job (KB)
...
006 (675014.000.000) 09/15 17:38:52 Image size of job updated: 3192208
	3118  -  MemoryUsage of job (MB)
	3192208  -  ResidentSetSize of job (KB)
...
006 (675014.000.000) 09/15 17:43:53 Image size of job updated: 3243956
	3168  -  MemoryUsage of job (MB)
	3243956  -  ResidentSetSize of job (KB)
...
006 (675014.000.000) 09/15 17:48:54 Image size of job updated: 3292076
	3215  -  MemoryUsage of job (MB)
	3292076  -  ResidentSetSize of job (KB)
...
006 (675014.000.000) 09/15 17:53:54 Image size of job updated: 3350972
	3273  -  MemoryUsage of job (MB)
	3350972  -  ResidentSetSize of job (KB)
...
006 (675014.000.000) 09/15 17:58:55 Image size of job updated: 3412596
	3333  -  MemoryUsage of job (MB)
	3412596  -  ResidentSetSize of job (KB)
...
006 (675014.000.000) 09/15 18:03:56 Image size of job updated: 3458676
	3378  -  MemoryUsage of job (MB)
	3458676  -  ResidentSetSize of job (KB)
...
006 (675014.000.000) 09/15 18:08:56 Image size of job updated: 3508708
	3427  -  MemoryUsage of job (MB)
	3508708  -  ResidentSetSize of job (KB)
...
006 (675014.000.000) 09/15 18:13:57 Image size of job updated: 3558384
	3475  -  MemoryUsage of job (MB)
	3558384  -  ResidentSetSize of job (KB)
...
006 (675014.000.000) 09/15 18:18:58 Image size of job updated: 3607912
	3524  -  MemoryUsage of job (MB)
	3607912  -  ResidentSetSize of job (KB)
...
006 (675014.000.000) 09/15 18:23:58 Image size of job updated: 3657208
	3572  -  MemoryUsage of job (MB)
	3657208  -  ResidentSetSize of job (KB)
...
006 (675014.000.000) 09/15 18:28:58 Image size of job updated: 3704152
	3618  -  MemoryUsage of job (MB)
	3704152  -  ResidentSetSize of job (KB)
...
006 (675014.000.000) 09/15 18:33:59 Image size of job updated: 3753744
	3666  -  MemoryUsage of job (MB)
	3753744  -  ResidentSetSize of job (KB)
...
006 (675014.000.000) 09/15 18:39:00 Image size of job updated: 3802856
	3714  -  MemoryUsage of job (MB)
	3802856  -  ResidentSetSize of job (KB)
...
006 (675014.000.000) 09/15 18:44:00 Image size of job updated: 3850256
	3761  -  MemoryUsage of job (MB)
	3850256  -  ResidentSetSize of job (KB)
...
006 (675014.000.000) 09/15 18:49:01 Image size of job updated: 3901404
	3810  -  MemoryUsage of job (MB)
	3901404  -  ResidentSetSize of job (KB)
...
006 (675014.000.000) 09/15 18:54:02 Image size of job updated: 3950792
	3859  -  MemoryUsage of job (MB)
	3950792  -  ResidentSetSize of job (KB)
...
006 (675014.000.000) 09/15 18:59:02 Image size of job updated: 3999988
	3907  -  MemoryUsage of job (MB)
	3999988  -  ResidentSetSize of job (KB)
...
006 (675014.000.000) 09/15 19:04:02 Image size of job updated: 4048776
	3954  -  MemoryUsage of job (MB)
	4048776  -  ResidentSetSize of job (KB)
...
006 (675014.000.000) 09/15 19:09:04 Image size of job updated: 4097176
	4002  -  MemoryUsage of job (MB)
	4097176  -  ResidentSetSize of job (KB)
...
006 (675014.000.000) 09/15 19:14:04 Image size of job updated: 4147500
	4051  -  MemoryUsage of job (MB)
	4147500  -  ResidentSetSize of job (KB)
...
006 (675014.000.000) 09/15 19:19:04 Image size of job updated: 4197788
	4100  -  MemoryUsage of job (MB)
	4197788  -  ResidentSetSize of job (KB)
...
006 (675014.000.000) 09/15 19:24:05 Image size of job updated: 4245096
	4146  -  MemoryUsage of job (MB)
	4245096  -  ResidentSetSize of job (KB)
...
006 (675014.000.000) 09/15 22:56:57 Image size of job updated: 4331668
	4230  -  MemoryUsage of job (MB)
	4331244  -  ResidentSetSize of job (KB)
...
006 (675014.000.000) 09/15 23:12:36 Image size of job updated: 4481900
	4377  -  MemoryUsage of job (MB)
	4481476  -  ResidentSetSize of job (KB)
...
006 (675014.000.000) 09/15 23:22:13 Image size of job updated: 4487992
	4383  -  MemoryUsage of job (MB)
	4487676  -  ResidentSetSize of job (KB)
...
006 (675014.000.000) 09/15 23:33:33 Image size of job updated: 4487992
	4383  -  MemoryUsage of job (MB)
	4487968  -  ResidentSetSize of job (KB)
...
006 (675014.000.000) 09/15 23:53:39 Image size of job updated: 4546952
	4441  -  MemoryUsage of job (MB)
	4546880  -  ResidentSetSize of job (KB)
...
006 (675014.000.000) 09/16 00:08:41 Image size of job updated: 4696020
	4586  -  MemoryUsage of job (MB)
	4695948  -  ResidentSetSize of job (KB)
...
006 (675014.000.000) 09/16 00:17:43 Image size of job updated: 4783156
	4671  -  MemoryUsage of job (MB)
	4783084  -  ResidentSetSize of job (KB)
...
006 (675014.000.000) 09/16 00:23:08 Image size of job updated: 4837832
	4725  -  MemoryUsage of job (MB)
	4837760  -  ResidentSetSize of job (KB)
...
006 (675014.000.000) 09/16 00:28:09 Image size of job updated: 4889504
	4775  -  MemoryUsage of job (MB)
	4889432  -  ResidentSetSize of job (KB)
...
006 (675014.000.000) 09/16 00:33:10 Image size of job updated: 4940044
	4825  -  MemoryUsage of job (MB)
	4939972  -  ResidentSetSize of job (KB)
...
006 (675014.000.000) 09/16 00:38:10 Image size of job updated: 4989176
	4873  -  MemoryUsage of job (MB)
	4989104  -  ResidentSetSize of job (KB)
...
006 (675014.000.000) 09/16 00:43:10 Image size of job updated: 5039644
	4922  -  MemoryUsage of job (MB)
	5039572  -  ResidentSetSize of job (KB)
...
006 (675014.000.000) 09/16 00:48:11 Image size of job updated: 5087656
	4969  -  MemoryUsage of job (MB)
	5087584  -  ResidentSetSize of job (KB)
...
006 (675014.000.000) 09/16 00:53:12 Image size of job updated: 5136312
	5016  -  MemoryUsage of job (MB)
	5136240  -  ResidentSetSize of job (KB)
...
006 (675014.000.000) 09/16 00:58:12 Image size of job updated: 5186428
	5065  -  MemoryUsage of job (MB)
	5186356  -  ResidentSetSize of job (KB)
...
006 (675014.000.000) 09/16 01:03:13 Image size of job updated: 5237448
	5115  -  MemoryUsage of job (MB)
	5237376  -  ResidentSetSize of job (KB)
...
006 (675014.000.000) 09/16 01:08:14 Image size of job updated: 5283096
	5160  -  MemoryUsage of job (MB)
	5283024  -  ResidentSetSize of job (KB)
...
006 (675014.000.000) 09/16 01:16:14 Image size of job updated: 5283096
	5160  -  MemoryUsage of job (MB)
	5283032  -  ResidentSetSize of job (KB)
...
006 (675014.000.000) 09/16 02:27:48 Image size of job updated: 5286956
	5163  -  MemoryUsage of job (MB)
	5286780  -  ResidentSetSize of job (KB)
...
006 (675014.000.000) 09/16 02:50:58 Image size of job updated: 5632352
	5501  -  MemoryUsage of job (MB)
	5632176  -  ResidentSetSize of job (KB)
...
006 (675014.000.000) 09/16 03:04:53 Image size of job updated: 5843104
	5706  -  MemoryUsage of job (MB)
	5842928  -  ResidentSetSize of job (KB)
...
006 (675014.000.000) 09/16 03:13:14 Image size of job updated: 5970788
	5831  -  MemoryUsage of job (MB)
	5970612  -  ResidentSetSize of job (KB)
...
006 (675014.000.000) 09/16 03:18:14 Image size of job updated: 6047936
	5907  -  MemoryUsage of job (MB)
	6047760  -  ResidentSetSize of job (KB)
...
006 (675014.000.000) 09/16 03:23:14 Image size of job updated: 6123028
	5980  -  MemoryUsage of job (MB)
	6122852  -  ResidentSetSize of job (KB)
...
006 (675014.000.000) 09/16 03:28:15 Image size of job updated: 6198016
	6053  -  MemoryUsage of job (MB)
	6197840  -  ResidentSetSize of job (KB)
...
006 (675014.000.000) 09/16 03:33:15 Image size of job updated: 6274912
	6128  -  MemoryUsage of job (MB)
	6274736  -  ResidentSetSize of job (KB)
...
006 (675014.000.000) 09/16 03:38:15 Image size of job updated: 6352324
	6204  -  MemoryUsage of job (MB)
	6352148  -  ResidentSetSize of job (KB)
...
006 (675014.000.000) 09/16 03:43:16 Image size of job updated: 6365820
	6217  -  MemoryUsage of job (MB)
	6365512  -  ResidentSetSize of job (KB)
...
006 (675014.000.000) 09/16 03:53:49 Image size of job updated: 6371452
	6223  -  MemoryUsage of job (MB)
	6371448  -  ResidentSetSize of job (KB)
...
006 (675014.000.000) 09/16 04:29:51 Image size of job updated: 6371632
	6223  -  MemoryUsage of job (MB)
	6371620  -  ResidentSetSize of job (KB)
...
006 (675014.000.000) 09/16 05:08:55 Image size of job updated: 6371992
	6223  -  MemoryUsage of job (MB)
	6371956  -  ResidentSetSize of job (KB)
...
006 (675014.000.000) 09/16 05:38:26 Image size of job updated: 6754632
	6597  -  MemoryUsage of job (MB)
	6754320  -  ResidentSetSize of job (KB)
...
006 (675014.000.000) 09/16 05:56:40 Image size of job updated: 7033772
	6869  -  MemoryUsage of job (MB)
	7033460  -  ResidentSetSize of job (KB)
...
006 (675014.000.000) 09/16 06:07:37 Image size of job updated: 7162992
	6995  -  MemoryUsage of job (MB)
	7162680  -  ResidentSetSize of job (KB)
...
006 (675014.000.000) 09/16 06:14:11 Image size of job updated: 7213164
	7044  -  MemoryUsage of job (MB)
	7212852  -  ResidentSetSize of job (KB)
...
006 (675014.000.000) 09/16 06:23:31 Image size of job updated: 7229924
	7061  -  MemoryUsage of job (MB)
	7229920  -  ResidentSetSize of job (KB)
...
006 (675014.000.000) 09/16 06:43:03 Image size of job updated: 7230232
	7061  -  MemoryUsage of job (MB)
	7230200  -  ResidentSetSize of job (KB)
...
006 (675014.000.000) 09/16 07:10:25 Image size of job updated: 7230596
	7062  -  MemoryUsage of job (MB)
	7230568  -  ResidentSetSize of job (KB)
...
022 (675014.000.000) 09/16 07:11:15 Job disconnected, attempting to reconnect
    Socket between submit and execute hosts closed unexpectedly
    Trying to reconnect to slot1_12@c-1-6 <140.160.143.157:9618?addrs=140.160.143.157-9618&noUDP&sock=4484_2bf8_11>
...
024 (675014.000.000) 09/16 07:51:15 Job reconnection failed
    Job disconnected too long: JobLeaseDuration (2400 seconds) expired
    Can not reconnect to slot1_12@c-1-6, rescheduling job
...
001 (675014.000.000) 09/16 12:05:07 Job executing on host: <140.160.143.154:9618?addrs=140.160.143.154-9618&noUDP&sock=4512_bfcf_3>
...
006 (675014.000.000) 09/17 08:52:17 Image size of job updated: 17963444
	7325  -  MemoryUsage of job (MB)
	7500000  -  ResidentSetSize of job (KB)
...
006 (675014.000.000) 09/17 08:57:17 Image size of job updated: 18034900
	7325  -  MemoryUsage of job (MB)
	7500000  -  ResidentSetSize of job (KB)
...
006 (675014.000.000) 09/17 09:02:18 Image size of job updated: 18109044
	7325  -  MemoryUsage of job (MB)
	7500000  -  ResidentSetSize of job (KB)
...
006 (675014.000.000) 09/17 09:07:18 Image size of job updated: 18181004
	7325  -  MemoryUsage of job (MB)
	7500000  -  ResidentSetSize of job (KB)
...
006 (675014.000.000) 09/17 09:12:18 Image size of job updated: 18250724
	7325  -  MemoryUsage of job (MB)
	7500000  -  ResidentSetSize of job (KB)
...
006 (675014.000.000) 09/17 09:17:19 Image size of job updated: 18324952
	7325  -  MemoryUsage of job (MB)
	7500000  -  ResidentSetSize of job (KB)
...
006 (675014.000.000) 09/17 09:22:20 Image size of job updated: 18398284
	7325  -  MemoryUsage of job (MB)
	7500000  -  ResidentSetSize of job (KB)
...
006 (675014.000.000) 09/17 09:27:20 Image size of job updated: 18471616
	7325  -  MemoryUsage of job (MB)
	7500000  -  ResidentSetSize of job (KB)
...
006 (675014.000.000) 09/17 09:32:21 Image size of job updated: 18544192
	7325  -  MemoryUsage of job (MB)
	7500000  -  ResidentSetSize of job (KB)
...
006 (675014.000.000) 09/17 09:37:22 Image size of job updated: 18617608
	7325  -  MemoryUsage of job (MB)
	7500000  -  ResidentSetSize of job (KB)
...
006 (675014.000.000) 09/17 09:42:22 Image size of job updated: 18691108
	7325  -  MemoryUsage of job (MB)
	7500000  -  ResidentSetSize of job (KB)
...
006 (675014.000.000) 09/17 09:47:22 Image size of job updated: 18761696
	7325  -  MemoryUsage of job (MB)
	7500000  -  ResidentSetSize of job (KB)
...
006 (675014.000.000) 09/17 09:52:24 Image size of job updated: 18835896
	7325  -  MemoryUsage of job (MB)
	7500000  -  ResidentSetSize of job (KB)
...
006 (675014.000.000) 09/17 09:57:24 Image size of job updated: 18910488
	7325  -  MemoryUsage of job (MB)
	7500000  -  ResidentSetSize of job (KB)
...
006 (675014.000.000) 09/17 10:02:24 Image size of job updated: 18983512
	7325  -  MemoryUsage of job (MB)
	7500000  -  ResidentSetSize of job (KB)
...
006 (675014.000.000) 09/17 10:07:25 Image size of job updated: 19055668
	7325  -  MemoryUsage of job (MB)
	7500000  -  ResidentSetSize of job (KB)
...
006 (675014.000.000) 09/17 10:12:26 Image size of job updated: 19126396
	7325  -  MemoryUsage of job (MB)
	7500000  -  ResidentSetSize of job (KB)
...
006 (675014.000.000) 09/17 10:17:26 Image size of job updated: 19197684
	7325  -  MemoryUsage of job (MB)
	7500000  -  ResidentSetSize of job (KB)
...
006 (675014.000.000) 09/17 10:22:26 Image size of job updated: 19268804
	7325  -  MemoryUsage of job (MB)
	7500000  -  ResidentSetSize of job (KB)
...
006 (675014.000.000) 09/17 10:27:27 Image size of job updated: 19340596
	7325  -  MemoryUsage of job (MB)
	7500000  -  ResidentSetSize of job (KB)
...
006 (675014.000.000) 09/17 10:32:28 Image size of job updated: 19412220
	7325  -  MemoryUsage of job (MB)
	7500000  -  ResidentSetSize of job (KB)
...
006 (675014.000.000) 09/17 10:37:28 Image size of job updated: 19483256
	7325  -  MemoryUsage of job (MB)
	7500000  -  ResidentSetSize of job (KB)
...
006 (675014.000.000) 09/17 10:42:29 Image size of job updated: 19556980
	7325  -  MemoryUsage of job (MB)
	7500000  -  ResidentSetSize of job (KB)
...
006 (675014.000.000) 09/17 10:47:30 Image size of job updated: 19627540
	7325  -  MemoryUsage of job (MB)
	7500000  -  ResidentSetSize of job (KB)
...
006 (675014.000.000) 09/17 10:52:30 Image size of job updated: 19698492
	7325  -  MemoryUsage of job (MB)
	7500000  -  ResidentSetSize of job (KB)
...
006 (675014.000.000) 09/17 10:57:30 Image size of job updated: 19771292
	7325  -  MemoryUsage of job (MB)
	7500000  -  ResidentSetSize of job (KB)
...
006 (675014.000.000) 09/17 11:02:32 Image size of job updated: 19842048
	7325  -  MemoryUsage of job (MB)
	7500000  -  ResidentSetSize of job (KB)
...
006 (675014.000.000) 09/17 11:07:32 Image size of job updated: 19913168
	7325  -  MemoryUsage of job (MB)
	7500000  -  ResidentSetSize of job (KB)
...
006 (675014.000.000) 09/17 11:12:32 Image size of job updated: 19985800
	7325  -  MemoryUsage of job (MB)
	7500000  -  ResidentSetSize of job (KB)
...
006 (675014.000.000) 09/17 11:17:33 Image size of job updated: 20055996
	7325  -  MemoryUsage of job (MB)
	7500000  -  ResidentSetSize of job (KB)
...
006 (675014.000.000) 09/17 11:22:34 Image size of job updated: 20127032
	7325  -  MemoryUsage of job (MB)
	7500000  -  ResidentSetSize of job (KB)
...
006 (675014.000.000) 09/17 11:27:34 Image size of job updated: 20197144
	7325  -  MemoryUsage of job (MB)
	7500000  -  ResidentSetSize of job (KB)
...
006 (675014.000.000) 09/17 11:32:34 Image size of job updated: 20263896
	7325  -  MemoryUsage of job (MB)
	7500000  -  ResidentSetSize of job (KB)
...
006 (675014.000.000) 09/17 11:37:35 Image size of job updated: 20336220
	7325  -  MemoryUsage of job (MB)
	7500000  -  ResidentSetSize of job (KB)
...
006 (675014.000.000) 09/17 11:42:35 Image size of job updated: 20407480
	7325  -  MemoryUsage of job (MB)
	7500000  -  ResidentSetSize of job (KB)
...
006 (675014.000.000) 09/17 11:47:35 Image size of job updated: 20476052
	7325  -  MemoryUsage of job (MB)
	7500000  -  ResidentSetSize of job (KB)
...
006 (675014.000.000) 09/17 11:52:36 Image size of job updated: 20548488
	7325  -  MemoryUsage of job (MB)
	7500000  -  ResidentSetSize of job (KB)
...
006 (675014.000.000) 09/17 11:57:36 Image size of job updated: 20618880
	7325  -  MemoryUsage of job (MB)
	7500000  -  ResidentSetSize of job (KB)
...
006 (675014.000.000) 09/17 12:02:36 Image size of job updated: 20691204
	7325  -  MemoryUsage of job (MB)
	7500000  -  ResidentSetSize of job (KB)
...
006 (675014.000.000) 09/17 12:07:37 Image size of job updated: 20764480
	7325  -  MemoryUsage of job (MB)
	7500000  -  ResidentSetSize of job (KB)
...
006 (675014.000.000) 09/17 12:12:38 Image size of job updated: 20835264
	7325  -  MemoryUsage of job (MB)
	7500000  -  ResidentSetSize of job (KB)
...
006 (675014.000.000) 09/17 12:17:38 Image size of job updated: 20908428
	7325  -  MemoryUsage of job (MB)
	7500000  -  ResidentSetSize of job (KB)
...
006 (675014.000.000) 09/17 12:22:39 Image size of job updated: 20978232
	7325  -  MemoryUsage of job (MB)
	7500000  -  ResidentSetSize of job (KB)
...
006 (675014.000.000) 09/17 12:27:40 Image size of job updated: 21050388
	7325  -  MemoryUsage of job (MB)
	7500000  -  ResidentSetSize of job (KB)
...
006 (675014.000.000) 09/17 12:32:40 Image size of job updated: 21123440
	7325  -  MemoryUsage of job (MB)
	7500000  -  ResidentSetSize of job (KB)
...
006 (675014.000.000) 09/17 12:37:40 Image size of job updated: 21194000
	7325  -  MemoryUsage of job (MB)
	7500000  -  ResidentSetSize of job (KB)
...
006 (675014.000.000) 09/17 12:42:41 Image size of job updated: 21266688
	7325  -  MemoryUsage of job (MB)
	7500000  -  ResidentSetSize of job (KB)
...
006 (675014.000.000) 09/17 12:47:41 Image size of job updated: 21339432
	7325  -  MemoryUsage of job (MB)
	7500000  -  ResidentSetSize of job (KB)
...
006 (675014.000.000) 09/17 12:52:41 Image size of job updated: 21414528
	7325  -  MemoryUsage of job (MB)
	7500000  -  ResidentSetSize of job (KB)
...
006 (675014.000.000) 09/17 12:57:42 Image size of job updated: 21488392
	7325  -  MemoryUsage of job (MB)
	7500000  -  ResidentSetSize of job (KB)
...
006 (675014.000.000) 09/17 13:02:43 Image size of job updated: 21555732
	7325  -  MemoryUsage of job (MB)
	7500000  -  ResidentSetSize of job (KB)
...
006 (675014.000.000) 09/17 13:07:43 Image size of job updated: 21629344
	7325  -  MemoryUsage of job (MB)
	7500000  -  ResidentSetSize of job (KB)
...
006 (675014.000.000) 09/17 13:10:30 Image size of job updated: 21669664
	7325  -  MemoryUsage of job (MB)
	7500000  -  ResidentSetSize of job (KB)
...
005 (675014.000.000) 09/17 13:10:30 Job terminated.
	(1) Normal termination (return value 0)
		Usr 0 00:34:12, Sys 0 00:15:23  -  Run Remote Usage
		Usr 0 00:00:00, Sys 0 00:00:00  -  Run Local Usage
		Usr 0 00:34:12, Sys 0 00:15:23  -  Total Remote Usage
		Usr 0 00:00:00, Sys 0 00:00:00  -  Total Local Usage
	0  -  Run Bytes Sent By Job
	0  -  Run Bytes Received By Job
	0  -  Total Bytes Sent By Job
	0  -  Total Bytes Received By Job
	Partitionable Resources :    Usage  Request Allocated 
	   Cpus                 :     1.99        2         2 
	   Disk (KB)            :   150         150     17614 
	   Memory (MB)          :  7325        7325      7424 
...
000 (231.000.000) 10/21 16:26:39 Job submitted from host: <140.160.143.131:9618?addrs=140.160.143.131-9618&noUDP&sock=2776_aefe_4>
...
001 (231.000.000) 10/22 05:16:16 Job executing on host: <140.160.143.141:9618?addrs=140.160.143.141-9618&noUDP&sock=1474_9eb0_3>
...
006 (231.000.000) 10/22 05:16:24 Image size of job updated: 908
	1  -  MemoryUsage of job (MB)
	908  -  ResidentSetSize of job (KB)
...
006 (231.000.000) 10/22 05:51:28 Image size of job updated: 912
	1  -  MemoryUsage of job (MB)
	912  -  ResidentSetSize of job (KB)
...
005 (231.000.000) 10/22 10:41:42 Job terminated.
	(1) Normal termination (return value 0)
		Usr 0 08:49:25, Sys 0 02:01:26  -  Run Remote Usage
		Usr 0 00:00:00, Sys 0 00:00:00  -  Run Local Usage
		Usr 0 08:49:25, Sys 0 02:01:26  -  Total Remote Usage
		Usr 0 00:00:00, Sys 0 00:00:00  -  Total Local Usage
	0  -  Run Bytes Sent By Job
	0  -  Run Bytes Received By Job
	0  -  Total Bytes Sent By Job
	0  -  Total Bytes Received By Job
	Partitionable Resources :    Usage  Request Allocated 
	   Cpus                 :     2.00        2         2 
	   Disk (KB)            :   150         150    888012 
	   Memory (MB)          :     1       20480     20480 
...
