000 (2161.298.000) 04/19 11:39:22 Job submitted from host: <140.160.143.131:9618?addrs=140.160.143.131-9618&noUDP&sock=3131910_565e_30>
...
001 (2161.298.000) 04/22 22:13:59 Job executing on host: <140.160.143.153:9618?addrs=140.160.143.153-9618&noUDP&sock=18020_ccb5_3>
...
006 (2161.298.000) 04/22 22:14:07 Image size of job updated: 4768
	5  -  MemoryUsage of job (MB)
	4768  -  ResidentSetSize of job (KB)
...
006 (2161.298.000) 04/23 00:44:22 Image size of job updated: 5020
	5  -  MemoryUsage of job (MB)
	5020  -  ResidentSetSize of job (KB)
...
006 (2161.298.000) 04/24 03:20:55 Image size of job updated: 216508
	5  -  MemoryUsage of job (MB)
	5020  -  ResidentSetSize of job (KB)
...
005 (2161.298.000) 04/24 03:20:55 Job terminated.
	(1) Normal termination (return value 0)
		Usr 3 12:17:44, Sys 1 08:01:46  -  Run Remote Usage
		Usr 0 00:00:00, Sys 0 00:00:00  -  Run Local Usage
		Usr 3 12:17:44, Sys 1 08:01:46  -  Total Remote Usage
		Usr 0 00:00:00, Sys 0 00:00:00  -  Total Local Usage
	0  -  Run Bytes Sent By Job
	0  -  Run Bytes Received By Job
	0  -  Total Bytes Sent By Job
	0  -  Total Bytes Received By Job
	Partitionable Resources :    Usage  Request Allocated 
	   Cpus                 :     4.00        4         4 
	   Disk (KB)            :   175         175    870367 
	   Gpus                 :                           0 
	   Memory (MB)          :     5           1       128 
...
000 (2267.1819.000) 04/28 23:44:45 Job submitted from host: <140.160.143.131:9618?addrs=140.160.143.131-9618&noUDP&sock=3131910_565e_30>
...
009 (2267.1819.000) 05/11 12:17:54 Job was aborted by the user.
	via condor_rm (by user scoggim)
...
000 (2400.1143.000) 05/11 12:37:10 Job submitted from host: <140.160.143.131:9618?addrs=140.160.143.131-9618&noUDP&sock=3131910_565e_30>
...
001 (2400.1143.000) 05/13 09:01:48 Job executing on host: <140.160.143.167:9618?addrs=140.160.143.167-9618&noUDP&sock=15487_5f50_3>
...
006 (2400.1143.000) 05/13 09:01:57 Image size of job updated: 4028
	4  -  MemoryUsage of job (MB)
	4028  -  ResidentSetSize of job (KB)
...
006 (2400.1143.000) 05/13 19:12:31 Image size of job updated: 109552
	4  -  MemoryUsage of job (MB)
	4028  -  ResidentSetSize of job (KB)
...
005 (2400.1143.000) 05/13 19:12:31 Job terminated.
	(1) Normal termination (return value 0)
		Usr 0 10:10:42, Sys 0 00:00:00  -  Run Remote Usage
		Usr 0 00:00:00, Sys 0 00:00:00  -  Run Local Usage
		Usr 0 10:10:42, Sys 0 00:00:00  -  Total Remote Usage
		Usr 0 00:00:00, Sys 0 00:00:00  -  Total Local Usage
	0  -  Run Bytes Sent By Job
	0  -  Run Bytes Received By Job
	0  -  Total Bytes Sent By Job
	0  -  Total Bytes Received By Job
	Partitionable Resources :    Usage  Request Allocated 
	   Cpus                 :     1.00        1         1 
	   Disk (KB)            :   175         175    844734 
	   Memory (MB)          :     4           1       128 
...
