000 (674436.000.000) 09/14 14:18:51 Job submitted from host: <140.160.143.130:9618?addrs=140.160.143.130-9618&noUDP&sock=5591_da80_4>
...
009 (674436.000.000) 09/14 14:20:43 Job was aborted by the user.
	via condor_rm (by user scoggim)
...
000 (674580.000.000) 09/14 14:25:59 Job submitted from host: <140.160.143.130:9618?addrs=140.160.143.130-9618&noUDP&sock=5591_da80_4>
...
000 (674724.000.000) 09/14 14:26:41 Job submitted from host: <140.160.143.130:9618?addrs=140.160.143.130-9618&noUDP&sock=5591_da80_4>
...
000 (674868.000.000) 09/14 14:27:39 Job submitted from host: <140.160.143.130:9618?addrs=140.160.143.130-9618&noUDP&sock=5591_da80_4>
...
009 (674724.000.000) 09/14 14:46:33 Job was aborted by the user.
	via condor_rm (by user scoggim)
...
009 (674868.000.000) 09/14 14:46:33 Job was aborted by the user.
	via condor_rm (by user scoggim)
...
009 (674580.000.000) 09/14 14:46:33 Job was aborted by the user.
	via condor_rm (by user scoggim)
...
000 (675048.000.000) 09/14 22:20:26 Job submitted from host: <140.160.143.130:9618?addrs=140.160.143.130-9618&noUDP&sock=5591_da80_4>
...
001 (675048.000.000) 09/16 06:13:55 Job executing on host: <140.160.143.154:9618?addrs=140.160.143.154-9618&noUDP&sock=4512_bfcf_3>
...
006 (675048.000.000) 09/16 06:14:04 Image size of job updated: 3536
	3  -  MemoryUsage of job (MB)
	2740  -  ResidentSetSize of job (KB)
...
006 (675048.000.000) 09/16 06:19:05 Image size of job updated: 23592
	23  -  MemoryUsage of job (MB)
	22796  -  ResidentSetSize of job (KB)
...
006 (675048.000.000) 09/16 06:24:06 Image size of job updated: 43280
	42  -  MemoryUsage of job (MB)
	42484  -  ResidentSetSize of job (KB)
...
006 (675048.000.000) 09/16 06:29:06 Image size of job updated: 62592
	61  -  MemoryUsage of job (MB)
	61732  -  ResidentSetSize of job (KB)
...
006 (675048.000.000) 09/16 06:34:06 Image size of job updated: 77044
	75  -  MemoryUsage of job (MB)
	76184  -  ResidentSetSize of job (KB)
...
006 (675048.000.000) 09/16 11:54:40 Image size of job updated: 77060
	75  -  MemoryUsage of job (MB)
	76184  -  ResidentSetSize of job (KB)
...
006 (675048.000.000) 09/16 12:09:41 Image size of job updated: 77068
	75  -  MemoryUsage of job (MB)
	76184  -  ResidentSetSize of job (KB)
...
006 (675048.000.000) 09/17 08:56:52 Image size of job updated: 7420744
	75  -  MemoryUsage of job (MB)
	76184  -  ResidentSetSize of job (KB)
...
006 (675048.000.000) 09/17 09:01:52 Image size of job updated: 7444896
	75  -  MemoryUsage of job (MB)
	76184  -  ResidentSetSize of job (KB)
...
006 (675048.000.000) 09/17 09:06:52 Image size of job updated: 7467788
	75  -  MemoryUsage of job (MB)
	76184  -  ResidentSetSize of job (KB)
...
006 (675048.000.000) 09/17 09:11:53 Image size of job updated: 7491844
	75  -  MemoryUsage of job (MB)
	76184  -  ResidentSetSize of job (KB)
...
006 (675048.000.000) 09/17 09:16:53 Image size of job updated: 7515528
	75  -  MemoryUsage of job (MB)
	76184  -  ResidentSetSize of job (KB)
...
006 (675048.000.000) 09/17 09:21:53 Image size of job updated: 7539380
	75  -  MemoryUsage of job (MB)
	76184  -  ResidentSetSize of job (KB)
...
006 (675048.000.000) 09/17 09:26:54 Image size of job updated: 7563376
	75  -  MemoryUsage of job (MB)
	76184  -  ResidentSetSize of job (KB)
...
006 (675048.000.000) 09/17 09:31:55 Image size of job updated: 7587344
	75  -  MemoryUsage of job (MB)
	76184  -  ResidentSetSize of job (KB)
...
006 (675048.000.000) 09/17 09:36:55 Image size of job updated: 7610464
	75  -  MemoryUsage of job (MB)
	76184  -  ResidentSetSize of job (KB)
...
006 (675048.000.000) 09/17 09:41:55 Image size of job updated: 7633748
	75  -  MemoryUsage of job (MB)
	76184  -  ResidentSetSize of job (KB)
...
006 (675048.000.000) 09/17 09:46:56 Image size of job updated: 7656056
	75  -  MemoryUsage of job (MB)
	76184  -  ResidentSetSize of job (KB)
...
006 (675048.000.000) 09/17 09:51:56 Image size of job updated: 7680156
	75  -  MemoryUsage of job (MB)
	76184  -  ResidentSetSize of job (KB)
...
006 (675048.000.000) 09/17 09:56:56 Image size of job updated: 7701864
	75  -  MemoryUsage of job (MB)
	76184  -  ResidentSetSize of job (KB)
...
006 (675048.000.000) 09/17 10:01:57 Image size of job updated: 7725548
	75  -  MemoryUsage of job (MB)
	76184  -  ResidentSetSize of job (KB)
...
006 (675048.000.000) 09/17 10:06:58 Image size of job updated: 7747620
	75  -  MemoryUsage of job (MB)
	76184  -  ResidentSetSize of job (KB)
...
006 (675048.000.000) 09/17 10:11:58 Image size of job updated: 7770664
	75  -  MemoryUsage of job (MB)
	76184  -  ResidentSetSize of job (KB)
...
006 (675048.000.000) 09/17 10:16:59 Image size of job updated: 7793844
	75  -  MemoryUsage of job (MB)
	76184  -  ResidentSetSize of job (KB)
...
006 (675048.000.000) 09/17 10:22:00 Image size of job updated: 7816796
	75  -  MemoryUsage of job (MB)
	76184  -  ResidentSetSize of job (KB)
...
006 (675048.000.000) 09/17 10:27:00 Image size of job updated: 7839720
	75  -  MemoryUsage of job (MB)
	76184  -  ResidentSetSize of job (KB)
...
006 (675048.000.000) 09/17 10:32:00 Image size of job updated: 7862884
	75  -  MemoryUsage of job (MB)
	76184  -  ResidentSetSize of job (KB)
...
006 (675048.000.000) 09/17 10:37:01 Image size of job updated: 7886072
	75  -  MemoryUsage of job (MB)
	76184  -  ResidentSetSize of job (KB)
...
006 (675048.000.000) 09/17 10:42:01 Image size of job updated: 7909560
	75  -  MemoryUsage of job (MB)
	76184  -  ResidentSetSize of job (KB)
...
006 (675048.000.000) 09/17 10:47:01 Image size of job updated: 7930716
	75  -  MemoryUsage of job (MB)
	76184  -  ResidentSetSize of job (KB)
...
006 (675048.000.000) 09/17 10:52:02 Image size of job updated: 7951932
	75  -  MemoryUsage of job (MB)
	76184  -  ResidentSetSize of job (KB)
...
006 (675048.000.000) 09/17 10:57:03 Image size of job updated: 7973600
	75  -  MemoryUsage of job (MB)
	76184  -  ResidentSetSize of job (KB)
...
006 (675048.000.000) 09/17 11:02:03 Image size of job updated: 7994328
	75  -  MemoryUsage of job (MB)
	76184  -  ResidentSetSize of job (KB)
...
006 (675048.000.000) 09/17 11:07:04 Image size of job updated: 8015636
	75  -  MemoryUsage of job (MB)
	76184  -  ResidentSetSize of job (KB)
...
006 (675048.000.000) 09/17 11:12:05 Image size of job updated: 8036956
	75  -  MemoryUsage of job (MB)
	76184  -  ResidentSetSize of job (KB)
...
006 (675048.000.000) 09/17 11:17:05 Image size of job updated: 8058444
	75  -  MemoryUsage of job (MB)
	76184  -  ResidentSetSize of job (KB)
...
006 (675048.000.000) 09/17 11:22:05 Image size of job updated: 8079904
	75  -  MemoryUsage of job (MB)
	76184  -  ResidentSetSize of job (KB)
...
006 (675048.000.000) 09/17 11:27:06 Image size of job updated: 8101228
	75  -  MemoryUsage of job (MB)
	76184  -  ResidentSetSize of job (KB)
...
006 (675048.000.000) 09/17 11:32:07 Image size of job updated: 8122204
	75  -  MemoryUsage of job (MB)
	76184  -  ResidentSetSize of job (KB)
...
006 (675048.000.000) 09/17 11:37:07 Image size of job updated: 8142672
	75  -  MemoryUsage of job (MB)
	76184  -  ResidentSetSize of job (KB)
...
006 (675048.000.000) 09/17 11:42:08 Image size of job updated: 8163960
	75  -  MemoryUsage of job (MB)
	76184  -  ResidentSetSize of job (KB)
...
006 (675048.000.000) 09/17 11:47:09 Image size of job updated: 8184728
	75  -  MemoryUsage of job (MB)
	76184  -  ResidentSetSize of job (KB)
...
006 (675048.000.000) 09/17 11:52:09 Image size of job updated: 8207088
	75  -  MemoryUsage of job (MB)
	76184  -  ResidentSetSize of job (KB)
...
006 (675048.000.000) 09/17 11:57:09 Image size of job updated: 8229916
	75  -  MemoryUsage of job (MB)
	76184  -  ResidentSetSize of job (KB)
...
006 (675048.000.000) 09/17 12:02:11 Image size of job updated: 8253348
	75  -  MemoryUsage of job (MB)
	76184  -  ResidentSetSize of job (KB)
...
006 (675048.000.000) 09/17 12:07:11 Image size of job updated: 8276500
	75  -  MemoryUsage of job (MB)
	76184  -  ResidentSetSize of job (KB)
...
006 (675048.000.000) 09/17 12:12:11 Image size of job updated: 8299964
	75  -  MemoryUsage of job (MB)
	76184  -  ResidentSetSize of job (KB)
...
006 (675048.000.000) 09/17 12:17:12 Image size of job updated: 8322204
	75  -  MemoryUsage of job (MB)
	76184  -  ResidentSetSize of job (KB)
...
006 (675048.000.000) 09/17 12:22:13 Image size of job updated: 8345556
	75  -  MemoryUsage of job (MB)
	76184  -  ResidentSetSize of job (KB)
...
006 (675048.000.000) 09/17 12:27:13 Image size of job updated: 8369084
	75  -  MemoryUsage of job (MB)
	76184  -  ResidentSetSize of job (KB)
...
006 (675048.000.000) 09/17 12:32:13 Image size of job updated: 8392844
	75  -  MemoryUsage of job (MB)
	76184  -  ResidentSetSize of job (KB)
...
006 (675048.000.000) 09/17 12:37:14 Image size of job updated: 8415688
	75  -  MemoryUsage of job (MB)
	76184  -  ResidentSetSize of job (KB)
...
006 (675048.000.000) 09/17 12:42:14 Image size of job updated: 8439152
	75  -  MemoryUsage of job (MB)
	76184  -  ResidentSetSize of job (KB)
...
006 (675048.000.000) 09/17 12:47:14 Image size of job updated: 8462432
	75  -  MemoryUsage of job (MB)
	76184  -  ResidentSetSize of job (KB)
...
006 (675048.000.000) 09/17 12:52:15 Image size of job updated: 8486268
	75  -  MemoryUsage of job (MB)
	76184  -  ResidentSetSize of job (KB)
...
006 (675048.000.000) 09/17 12:57:16 Image size of job updated: 8510040
	75  -  MemoryUsage of job (MB)
	76184  -  ResidentSetSize of job (KB)
...
006 (675048.000.000) 09/17 13:02:16 Image size of job updated: 8533116
	75  -  MemoryUsage of job (MB)
	76184  -  ResidentSetSize of job (KB)
...
006 (675048.000.000) 09/17 13:07:17 Image size of job updated: 8555560
	75  -  MemoryUsage of job (MB)
	76184  -  ResidentSetSize of job (KB)
...
006 (675048.000.000) 09/17 13:12:18 Image size of job updated: 8579272
	75  -  MemoryUsage of job (MB)
	76184  -  ResidentSetSize of job (KB)
...
006 (675048.000.000) 09/17 13:17:18 Image size of job updated: 8601616
	75  -  MemoryUsage of job (MB)
	76184  -  ResidentSetSize of job (KB)
...
006 (675048.000.000) 09/17 13:22:18 Image size of job updated: 8624644
	75  -  MemoryUsage of job (MB)
	76184  -  ResidentSetSize of job (KB)
...
006 (675048.000.000) 09/17 13:27:19 Image size of job updated: 8647824
	75  -  MemoryUsage of job (MB)
	76184  -  ResidentSetSize of job (KB)
...
006 (675048.000.000) 09/17 13:32:20 Image size of job updated: 8670524
	75  -  MemoryUsage of job (MB)
	76184  -  ResidentSetSize of job (KB)
...
006 (675048.000.000) 09/17 13:37:20 Image size of job updated: 8691204
	75  -  MemoryUsage of job (MB)
	76184  -  ResidentSetSize of job (KB)
...
006 (675048.000.000) 09/17 13:42:21 Image size of job updated: 8713920
	75  -  MemoryUsage of job (MB)
	76184  -  ResidentSetSize of job (KB)
...
006 (675048.000.000) 09/17 13:47:22 Image size of job updated: 8737000
	75  -  MemoryUsage of job (MB)
	76184  -  ResidentSetSize of job (KB)
...
006 (675048.000.000) 09/17 13:52:22 Image size of job updated: 8760036
	75  -  MemoryUsage of job (MB)
	76184  -  ResidentSetSize of job (KB)
...
006 (675048.000.000) 09/17 13:57:22 Image size of job updated: 8782360
	75  -  MemoryUsage of job (MB)
	76184  -  ResidentSetSize of job (KB)
...
006 (675048.000.000) 09/17 14:02:23 Image size of job updated: 8805668
	75  -  MemoryUsage of job (MB)
	76184  -  ResidentSetSize of job (KB)
...
006 (675048.000.000) 09/17 14:07:24 Image size of job updated: 8828032
	75  -  MemoryUsage of job (MB)
	76184  -  ResidentSetSize of job (KB)
...
006 (675048.000.000) 09/17 14:12:24 Image size of job updated: 8850924
	75  -  MemoryUsage of job (MB)
	76184  -  ResidentSetSize of job (KB)
...
006 (675048.000.000) 09/17 14:17:25 Image size of job updated: 8873704
	75  -  MemoryUsage of job (MB)
	76184  -  ResidentSetSize of job (KB)
...
006 (675048.000.000) 09/17 14:22:26 Image size of job updated: 8896728
	75  -  MemoryUsage of job (MB)
	76184  -  ResidentSetSize of job (KB)
...
006 (675048.000.000) 09/17 14:27:26 Image size of job updated: 8919808
	75  -  MemoryUsage of job (MB)
	76184  -  ResidentSetSize of job (KB)
...
006 (675048.000.000) 09/17 14:32:26 Image size of job updated: 8942776
	75  -  MemoryUsage of job (MB)
	76184  -  ResidentSetSize of job (KB)
...
006 (675048.000.000) 09/17 14:37:28 Image size of job updated: 8965864
	75  -  MemoryUsage of job (MB)
	76184  -  ResidentSetSize of job (KB)
...
006 (675048.000.000) 09/17 14:42:28 Image size of job updated: 8987952
	75  -  MemoryUsage of job (MB)
	76184  -  ResidentSetSize of job (KB)
...
006 (675048.000.000) 09/17 14:47:28 Image size of job updated: 9010984
	75  -  MemoryUsage of job (MB)
	76184  -  ResidentSetSize of job (KB)
...
006 (675048.000.000) 09/17 14:52:29 Image size of job updated: 9034008
	75  -  MemoryUsage of job (MB)
	76184  -  ResidentSetSize of job (KB)
...
006 (675048.000.000) 09/17 14:57:30 Image size of job updated: 9057172
	75  -  MemoryUsage of job (MB)
	76184  -  ResidentSetSize of job (KB)
...
006 (675048.000.000) 09/17 15:02:30 Image size of job updated: 9079556
	75  -  MemoryUsage of job (MB)
	76184  -  ResidentSetSize of job (KB)
...
006 (675048.000.000) 09/17 15:07:30 Image size of job updated: 9102080
	75  -  MemoryUsage of job (MB)
	76184  -  ResidentSetSize of job (KB)
...
006 (675048.000.000) 09/17 15:12:31 Image size of job updated: 9125028
	75  -  MemoryUsage of job (MB)
	76184  -  ResidentSetSize of job (KB)
...
006 (675048.000.000) 09/17 15:17:31 Image size of job updated: 9148116
	75  -  MemoryUsage of job (MB)
	76184  -  ResidentSetSize of job (KB)
...
006 (675048.000.000) 09/17 15:22:31 Image size of job updated: 9171172
	75  -  MemoryUsage of job (MB)
	76184  -  ResidentSetSize of job (KB)
...
006 (675048.000.000) 09/17 15:27:32 Image size of job updated: 9193972
	75  -  MemoryUsage of job (MB)
	76184  -  ResidentSetSize of job (KB)
...
006 (675048.000.000) 09/17 15:32:33 Image size of job updated: 9216328
	75  -  MemoryUsage of job (MB)
	76184  -  ResidentSetSize of job (KB)
...
006 (675048.000.000) 09/17 15:37:33 Image size of job updated: 9238752
	75  -  MemoryUsage of job (MB)
	76184  -  ResidentSetSize of job (KB)
...
006 (675048.000.000) 09/17 15:42:34 Image size of job updated: 9261580
	75  -  MemoryUsage of job (MB)
	76184  -  ResidentSetSize of job (KB)
...
006 (675048.000.000) 09/17 15:47:35 Image size of job updated: 9284584
	75  -  MemoryUsage of job (MB)
	76184  -  ResidentSetSize of job (KB)
...
006 (675048.000.000) 09/17 15:52:35 Image size of job updated: 9307332
	75  -  MemoryUsage of job (MB)
	76184  -  ResidentSetSize of job (KB)
...
006 (675048.000.000) 09/17 15:57:35 Image size of job updated: 9329184
	75  -  MemoryUsage of job (MB)
	76184  -  ResidentSetSize of job (KB)
...
006 (675048.000.000) 09/17 16:02:36 Image size of job updated: 9351384
	75  -  MemoryUsage of job (MB)
	76184  -  ResidentSetSize of job (KB)
...
006 (675048.000.000) 09/17 16:07:37 Image size of job updated: 9374456
	75  -  MemoryUsage of job (MB)
	76184  -  ResidentSetSize of job (KB)
...
006 (675048.000.000) 09/17 16:12:37 Image size of job updated: 9397036
	75  -  MemoryUsage of job (MB)
	76184  -  ResidentSetSize of job (KB)
...
006 (675048.000.000) 09/17 16:17:37 Image size of job updated: 9420180
	75  -  MemoryUsage of job (MB)
	76184  -  ResidentSetSize of job (KB)
...
006 (675048.000.000) 09/17 16:22:38 Image size of job updated: 9443528
	75  -  MemoryUsage of job (MB)
	76184  -  ResidentSetSize of job (KB)
...
006 (675048.000.000) 09/17 16:27:38 Image size of job updated: 9465732
	75  -  MemoryUsage of job (MB)
	76184  -  ResidentSetSize of job (KB)
...
006 (675048.000.000) 09/17 16:32:38 Image size of job updated: 9488424
	75  -  MemoryUsage of job (MB)
	76184  -  ResidentSetSize of job (KB)
...
006 (675048.000.000) 09/17 16:37:39 Image size of job updated: 9510992
	75  -  MemoryUsage of job (MB)
	76184  -  ResidentSetSize of job (KB)
...
006 (675048.000.000) 09/17 16:42:40 Image size of job updated: 9533852
	75  -  MemoryUsage of job (MB)
	76184  -  ResidentSetSize of job (KB)
...
006 (675048.000.000) 09/17 16:47:40 Image size of job updated: 9554944
	75  -  MemoryUsage of job (MB)
	76184  -  ResidentSetSize of job (KB)
...
006 (675048.000.000) 09/17 16:52:41 Image size of job updated: 9575800
	75  -  MemoryUsage of job (MB)
	76184  -  ResidentSetSize of job (KB)
...
006 (675048.000.000) 09/17 16:57:42 Image size of job updated: 9596740
	75  -  MemoryUsage of job (MB)
	76184  -  ResidentSetSize of job (KB)
...
006 (675048.000.000) 09/17 17:02:42 Image size of job updated: 9617496
	75  -  MemoryUsage of job (MB)
	76184  -  ResidentSetSize of job (KB)
...
006 (675048.000.000) 09/17 17:07:42 Image size of job updated: 9636860
	75  -  MemoryUsage of job (MB)
	76184  -  ResidentSetSize of job (KB)
...
006 (675048.000.000) 09/17 17:12:43 Image size of job updated: 9658636
	75  -  MemoryUsage of job (MB)
	76184  -  ResidentSetSize of job (KB)
...
006 (675048.000.000) 09/17 17:17:44 Image size of job updated: 9679304
	75  -  MemoryUsage of job (MB)
	76184  -  ResidentSetSize of job (KB)
...
006 (675048.000.000) 09/17 17:22:44 Image size of job updated: 9699652
	75  -  MemoryUsage of job (MB)
	76184  -  ResidentSetSize of job (KB)
...
006 (675048.000.000) 09/17 17:27:45 Image size of job updated: 9720252
	75  -  MemoryUsage of job (MB)
	76184  -  ResidentSetSize of job (KB)
...
006 (675048.000.000) 09/17 17:32:46 Image size of job updated: 9740048
	75  -  MemoryUsage of job (MB)
	76184  -  ResidentSetSize of job (KB)
...
006 (675048.000.000) 09/17 17:37:46 Image size of job updated: 9760960
	75  -  MemoryUsage of job (MB)
	76184  -  ResidentSetSize of job (KB)
...
006 (675048.000.000) 09/17 17:42:46 Image size of job updated: 9780772
	75  -  MemoryUsage of job (MB)
	76184  -  ResidentSetSize of job (KB)
...
006 (675048.000.000) 09/17 17:47:47 Image size of job updated: 9801212
	75  -  MemoryUsage of job (MB)
	76184  -  ResidentSetSize of job (KB)
...
006 (675048.000.000) 09/17 17:52:48 Image size of job updated: 9821976
	75  -  MemoryUsage of job (MB)
	76184  -  ResidentSetSize of job (KB)
...
006 (675048.000.000) 09/17 17:57:48 Image size of job updated: 9844872
	75  -  MemoryUsage of job (MB)
	76184  -  ResidentSetSize of job (KB)
...
006 (675048.000.000) 09/17 18:02:49 Image size of job updated: 9867132
	75  -  MemoryUsage of job (MB)
	76184  -  ResidentSetSize of job (KB)
...
006 (675048.000.000) 09/17 18:07:50 Image size of job updated: 9889268
	75  -  MemoryUsage of job (MB)
	76184  -  ResidentSetSize of job (KB)
...
006 (675048.000.000) 09/17 18:12:50 Image size of job updated: 9912416
	75  -  MemoryUsage of job (MB)
	76184  -  ResidentSetSize of job (KB)
...
006 (675048.000.000) 09/17 18:17:50 Image size of job updated: 9935388
	75  -  MemoryUsage of job (MB)
	76184  -  ResidentSetSize of job (KB)
...
006 (675048.000.000) 09/17 18:22:51 Image size of job updated: 9958048
	75  -  MemoryUsage of job (MB)
	76184  -  ResidentSetSize of job (KB)
...
006 (675048.000.000) 09/17 18:27:52 Image size of job updated: 9980932
	75  -  MemoryUsage of job (MB)
	76184  -  ResidentSetSize of job (KB)
...
006 (675048.000.000) 09/17 18:32:52 Image size of job updated: 10003760
	75  -  MemoryUsage of job (MB)
	76184  -  ResidentSetSize of job (KB)
...
006 (675048.000.000) 09/17 18:37:53 Image size of job updated: 10026024
	75  -  MemoryUsage of job (MB)
	76184  -  ResidentSetSize of job (KB)
...
006 (675048.000.000) 09/17 18:42:54 Image size of job updated: 10049096
	75  -  MemoryUsage of job (MB)
	76184  -  ResidentSetSize of job (KB)
...
006 (675048.000.000) 09/17 18:47:54 Image size of job updated: 10071708
	75  -  MemoryUsage of job (MB)
	76184  -  ResidentSetSize of job (KB)
...
006 (675048.000.000) 09/17 18:52:54 Image size of job updated: 10095028
	75  -  MemoryUsage of job (MB)
	76184  -  ResidentSetSize of job (KB)
...
006 (675048.000.000) 09/17 18:57:55 Image size of job updated: 10117732
	75  -  MemoryUsage of job (MB)
	76184  -  ResidentSetSize of job (KB)
...
006 (675048.000.000) 09/17 19:02:56 Image size of job updated: 10140388
	75  -  MemoryUsage of job (MB)
	76184  -  ResidentSetSize of job (KB)
...
006 (675048.000.000) 09/17 19:07:56 Image size of job updated: 10163108
	75  -  MemoryUsage of job (MB)
	76184  -  ResidentSetSize of job (KB)
...
006 (675048.000.000) 09/17 19:12:57 Image size of job updated: 10186048
	75  -  MemoryUsage of job (MB)
	76184  -  ResidentSetSize of job (KB)
...
006 (675048.000.000) 09/17 19:17:58 Image size of job updated: 10208936
	75  -  MemoryUsage of job (MB)
	76184  -  ResidentSetSize of job (KB)
...
006 (675048.000.000) 09/17 19:22:58 Image size of job updated: 10232008
	75  -  MemoryUsage of job (MB)
	76184  -  ResidentSetSize of job (KB)
...
006 (675048.000.000) 09/17 19:27:58 Image size of job updated: 10254932
	75  -  MemoryUsage of job (MB)
	76184  -  ResidentSetSize of job (KB)
...
006 (675048.000.000) 09/17 19:32:59 Image size of job updated: 10277620
	75  -  MemoryUsage of job (MB)
	76184  -  ResidentSetSize of job (KB)
...
006 (675048.000.000) 09/17 19:38:00 Image size of job updated: 10300636
	75  -  MemoryUsage of job (MB)
	76184  -  ResidentSetSize of job (KB)
...
006 (675048.000.000) 09/17 19:43:00 Image size of job updated: 10323312
	75  -  MemoryUsage of job (MB)
	76184  -  ResidentSetSize of job (KB)
...
006 (675048.000.000) 09/17 19:48:01 Image size of job updated: 10345152
	75  -  MemoryUsage of job (MB)
	76184  -  ResidentSetSize of job (KB)
...
006 (675048.000.000) 09/17 19:53:02 Image size of job updated: 10367908
	75  -  MemoryUsage of job (MB)
	76184  -  ResidentSetSize of job (KB)
...
006 (675048.000.000) 09/17 19:58:02 Image size of job updated: 10390808
	75  -  MemoryUsage of job (MB)
	76184  -  ResidentSetSize of job (KB)
...
006 (675048.000.000) 09/17 20:03:02 Image size of job updated: 10414296
	75  -  MemoryUsage of job (MB)
	76184  -  ResidentSetSize of job (KB)
...
006 (675048.000.000) 09/17 20:08:03 Image size of job updated: 10436684
	75  -  MemoryUsage of job (MB)
	76184  -  ResidentSetSize of job (KB)
...
006 (675048.000.000) 09/17 20:13:04 Image size of job updated: 10459940
	75  -  MemoryUsage of job (MB)
	76184  -  ResidentSetSize of job (KB)
...
006 (675048.000.000) 09/17 20:18:04 Image size of job updated: 10483368
	75  -  MemoryUsage of job (MB)
	76184  -  ResidentSetSize of job (KB)
...
006 (675048.000.000) 09/17 20:23:05 Image size of job updated: 10505928
	75  -  MemoryUsage of job (MB)
	76184  -  ResidentSetSize of job (KB)
...
006 (675048.000.000) 09/17 20:28:06 Image size of job updated: 10529224
	75  -  MemoryUsage of job (MB)
	76184  -  ResidentSetSize of job (KB)
...
006 (675048.000.000) 09/17 20:33:06 Image size of job updated: 10552024
	75  -  MemoryUsage of job (MB)
	76184  -  ResidentSetSize of job (KB)
...
006 (675048.000.000) 09/17 20:38:06 Image size of job updated: 10574548
	75  -  MemoryUsage of job (MB)
	76184  -  ResidentSetSize of job (KB)
...
006 (675048.000.000) 09/17 20:43:07 Image size of job updated: 10597520
	75  -  MemoryUsage of job (MB)
	76184  -  ResidentSetSize of job (KB)
...
006 (675048.000.000) 09/17 20:48:08 Image size of job updated: 10620236
	75  -  MemoryUsage of job (MB)
	76184  -  ResidentSetSize of job (KB)
...
006 (675048.000.000) 09/17 20:53:08 Image size of job updated: 10644104
	75  -  MemoryUsage of job (MB)
	76184  -  ResidentSetSize of job (KB)
...
006 (675048.000.000) 09/17 20:58:08 Image size of job updated: 10667524
	75  -  MemoryUsage of job (MB)
	76184  -  ResidentSetSize of job (KB)
...
006 (675048.000.000) 09/17 21:03:09 Image size of job updated: 10690740
	75  -  MemoryUsage of job (MB)
	76184  -  ResidentSetSize of job (KB)
...
006 (675048.000.000) 09/17 21:08:09 Image size of job updated: 10712764
	75  -  MemoryUsage of job (MB)
	76184  -  ResidentSetSize of job (KB)
...
006 (675048.000.000) 09/17 21:13:09 Image size of job updated: 10735668
	75  -  MemoryUsage of job (MB)
	76184  -  ResidentSetSize of job (KB)
...
006 (675048.000.000) 09/17 21:18:10 Image size of job updated: 10758332
	75  -  MemoryUsage of job (MB)
	76184  -  ResidentSetSize of job (KB)
...
006 (675048.000.000) 09/17 21:23:11 Image size of job updated: 10781972
	75  -  MemoryUsage of job (MB)
	76184  -  ResidentSetSize of job (KB)
...
006 (675048.000.000) 09/17 21:28:11 Image size of job updated: 10805644
	75  -  MemoryUsage of job (MB)
	76184  -  ResidentSetSize of job (KB)
...
006 (675048.000.000) 09/17 21:33:12 Image size of job updated: 10829164
	75  -  MemoryUsage of job (MB)
	76184  -  ResidentSetSize of job (KB)
...
006 (675048.000.000) 09/17 21:38:13 Image size of job updated: 10852024
	75  -  MemoryUsage of job (MB)
	76184  -  ResidentSetSize of job (KB)
...
006 (675048.000.000) 09/17 21:43:13 Image size of job updated: 10874908
	75  -  MemoryUsage of job (MB)
	76184  -  ResidentSetSize of job (KB)
...
006 (675048.000.000) 09/17 21:48:13 Image size of job updated: 10898920
	75  -  MemoryUsage of job (MB)
	76184  -  ResidentSetSize of job (KB)
...
006 (675048.000.000) 09/17 21:53:14 Image size of job updated: 10921664
	75  -  MemoryUsage of job (MB)
	76184  -  ResidentSetSize of job (KB)
...
006 (675048.000.000) 09/17 21:58:15 Image size of job updated: 10944240
	75  -  MemoryUsage of job (MB)
	76184  -  ResidentSetSize of job (KB)
...
006 (675048.000.000) 09/17 22:03:15 Image size of job updated: 10966684
	75  -  MemoryUsage of job (MB)
	76184  -  ResidentSetSize of job (KB)
...
006 (675048.000.000) 09/17 22:08:15 Image size of job updated: 10989128
	75  -  MemoryUsage of job (MB)
	76184  -  ResidentSetSize of job (KB)
...
006 (675048.000.000) 09/17 22:13:16 Image size of job updated: 11012128
	75  -  MemoryUsage of job (MB)
	76184  -  ResidentSetSize of job (KB)
...
006 (675048.000.000) 09/17 22:18:16 Image size of job updated: 11035488
	75  -  MemoryUsage of job (MB)
	76184  -  ResidentSetSize of job (KB)
...
006 (675048.000.000) 09/17 22:23:16 Image size of job updated: 11058424
	75  -  MemoryUsage of job (MB)
	76184  -  ResidentSetSize of job (KB)
...
006 (675048.000.000) 09/17 22:28:17 Image size of job updated: 11081744
	75  -  MemoryUsage of job (MB)
	76184  -  ResidentSetSize of job (KB)
...
006 (675048.000.000) 09/17 22:33:18 Image size of job updated: 11103320
	75  -  MemoryUsage of job (MB)
	76184  -  ResidentSetSize of job (KB)
...
006 (675048.000.000) 09/17 22:38:18 Image size of job updated: 11126364
	75  -  MemoryUsage of job (MB)
	76184  -  ResidentSetSize of job (KB)
...
006 (675048.000.000) 09/17 22:43:19 Image size of job updated: 11149232
	75  -  MemoryUsage of job (MB)
	76184  -  ResidentSetSize of job (KB)
...
006 (675048.000.000) 09/17 22:48:20 Image size of job updated: 11171264
	75  -  MemoryUsage of job (MB)
	76184  -  ResidentSetSize of job (KB)
...
006 (675048.000.000) 09/17 22:53:20 Image size of job updated: 11192900
	75  -  MemoryUsage of job (MB)
	76184  -  ResidentSetSize of job (KB)
...
006 (675048.000.000) 09/17 22:58:21 Image size of job updated: 11214896
	75  -  MemoryUsage of job (MB)
	76184  -  ResidentSetSize of job (KB)
...
006 (675048.000.000) 09/17 23:03:22 Image size of job updated: 11236252
	75  -  MemoryUsage of job (MB)
	76184  -  ResidentSetSize of job (KB)
...
006 (675048.000.000) 09/17 23:08:22 Image size of job updated: 11257100
	75  -  MemoryUsage of job (MB)
	76184  -  ResidentSetSize of job (KB)
...
006 (675048.000.000) 09/17 23:13:22 Image size of job updated: 11278448
	75  -  MemoryUsage of job (MB)
	76184  -  ResidentSetSize of job (KB)
...
006 (675048.000.000) 09/17 23:18:23 Image size of job updated: 11300400
	75  -  MemoryUsage of job (MB)
	76184  -  ResidentSetSize of job (KB)
...
006 (675048.000.000) 09/17 23:23:24 Image size of job updated: 11322724
	75  -  MemoryUsage of job (MB)
	76184  -  ResidentSetSize of job (KB)
...
006 (675048.000.000) 09/17 23:28:24 Image size of job updated: 11344576
	75  -  MemoryUsage of job (MB)
	76184  -  ResidentSetSize of job (KB)
...
006 (675048.000.000) 09/17 23:33:25 Image size of job updated: 11366416
	75  -  MemoryUsage of job (MB)
	76184  -  ResidentSetSize of job (KB)
...
006 (675048.000.000) 09/17 23:38:26 Image size of job updated: 11387328
	75  -  MemoryUsage of job (MB)
	76184  -  ResidentSetSize of job (KB)
...
006 (675048.000.000) 09/17 23:43:26 Image size of job updated: 11409464
	75  -  MemoryUsage of job (MB)
	76184  -  ResidentSetSize of job (KB)
...
006 (675048.000.000) 09/17 23:48:26 Image size of job updated: 11430396
	75  -  MemoryUsage of job (MB)
	76184  -  ResidentSetSize of job (KB)
...
006 (675048.000.000) 09/17 23:53:27 Image size of job updated: 11452356
	75  -  MemoryUsage of job (MB)
	76184  -  ResidentSetSize of job (KB)
...
006 (675048.000.000) 09/17 23:58:28 Image size of job updated: 11476196
	75  -  MemoryUsage of job (MB)
	76184  -  ResidentSetSize of job (KB)
...
006 (675048.000.000) 09/18 00:03:28 Image size of job updated: 11499536
	75  -  MemoryUsage of job (MB)
	76184  -  ResidentSetSize of job (KB)
...
006 (675048.000.000) 09/18 00:08:29 Image size of job updated: 11521856
	75  -  MemoryUsage of job (MB)
	76184  -  ResidentSetSize of job (KB)
...
006 (675048.000.000) 09/18 00:13:30 Image size of job updated: 11545304
	75  -  MemoryUsage of job (MB)
	76184  -  ResidentSetSize of job (KB)
...
006 (675048.000.000) 09/18 00:18:30 Image size of job updated: 11568744
	75  -  MemoryUsage of job (MB)
	76184  -  ResidentSetSize of job (KB)
...
006 (675048.000.000) 09/18 00:23:30 Image size of job updated: 11592164
	75  -  MemoryUsage of job (MB)
	76184  -  ResidentSetSize of job (KB)
...
006 (675048.000.000) 09/18 00:28:32 Image size of job updated: 11615596
	75  -  MemoryUsage of job (MB)
	76184  -  ResidentSetSize of job (KB)
...
006 (675048.000.000) 09/18 00:33:32 Image size of job updated: 11638320
	75  -  MemoryUsage of job (MB)
	76184  -  ResidentSetSize of job (KB)
...
006 (675048.000.000) 09/18 00:38:32 Image size of job updated: 11661456
	75  -  MemoryUsage of job (MB)
	76184  -  ResidentSetSize of job (KB)
...
006 (675048.000.000) 09/18 00:43:33 Image size of job updated: 11684784
	75  -  MemoryUsage of job (MB)
	76184  -  ResidentSetSize of job (KB)
...
006 (675048.000.000) 09/18 00:48:34 Image size of job updated: 11706976
	75  -  MemoryUsage of job (MB)
	76184  -  ResidentSetSize of job (KB)
...
006 (675048.000.000) 09/18 00:53:34 Image size of job updated: 11729916
	75  -  MemoryUsage of job (MB)
	76184  -  ResidentSetSize of job (KB)
...
006 (675048.000.000) 09/18 00:58:34 Image size of job updated: 11753312
	75  -  MemoryUsage of job (MB)
	76184  -  ResidentSetSize of job (KB)
...
006 (675048.000.000) 09/18 01:03:35 Image size of job updated: 11776076
	75  -  MemoryUsage of job (MB)
	76184  -  ResidentSetSize of job (KB)
...
006 (675048.000.000) 09/18 01:08:35 Image size of job updated: 11798472
	75  -  MemoryUsage of job (MB)
	76184  -  ResidentSetSize of job (KB)
...
006 (675048.000.000) 09/18 01:13:35 Image size of job updated: 11820916
	75  -  MemoryUsage of job (MB)
	76184  -  ResidentSetSize of job (KB)
...
006 (675048.000.000) 09/18 01:18:36 Image size of job updated: 11844176
	75  -  MemoryUsage of job (MB)
	76184  -  ResidentSetSize of job (KB)
...
006 (675048.000.000) 09/18 01:23:37 Image size of job updated: 11867644
	75  -  MemoryUsage of job (MB)
	76184  -  ResidentSetSize of job (KB)
...
006 (675048.000.000) 09/18 01:28:37 Image size of job updated: 11891344
	75  -  MemoryUsage of job (MB)
	76184  -  ResidentSetSize of job (KB)
...
006 (675048.000.000) 09/18 01:33:37 Image size of job updated: 11914416
	75  -  MemoryUsage of job (MB)
	76184  -  ResidentSetSize of job (KB)
...
006 (675048.000.000) 09/18 01:38:38 Image size of job updated: 11937132
	75  -  MemoryUsage of job (MB)
	76184  -  ResidentSetSize of job (KB)
...
006 (675048.000.000) 09/18 01:43:38 Image size of job updated: 11959912
	75  -  MemoryUsage of job (MB)
	76184  -  ResidentSetSize of job (KB)
...
006 (675048.000.000) 09/18 01:48:38 Image size of job updated: 11983116
	75  -  MemoryUsage of job (MB)
	76184  -  ResidentSetSize of job (KB)
...
006 (675048.000.000) 09/18 01:53:39 Image size of job updated: 12006448
	75  -  MemoryUsage of job (MB)
	76184  -  ResidentSetSize of job (KB)
...
006 (675048.000.000) 09/18 01:58:40 Image size of job updated: 12030336
	75  -  MemoryUsage of job (MB)
	76184  -  ResidentSetSize of job (KB)
...
006 (675048.000.000) 09/18 02:03:40 Image size of job updated: 12053672
	75  -  MemoryUsage of job (MB)
	76184  -  ResidentSetSize of job (KB)
...
006 (675048.000.000) 09/18 02:08:41 Image size of job updated: 12076356
	75  -  MemoryUsage of job (MB)
	76184  -  ResidentSetSize of job (KB)
...
006 (675048.000.000) 09/18 02:13:42 Image size of job updated: 12098860
	75  -  MemoryUsage of job (MB)
	76184  -  ResidentSetSize of job (KB)
...
006 (675048.000.000) 09/18 02:18:42 Image size of job updated: 12121448
	75  -  MemoryUsage of job (MB)
	76184  -  ResidentSetSize of job (KB)
...
006 (675048.000.000) 09/18 02:23:42 Image size of job updated: 12144884
	75  -  MemoryUsage of job (MB)
	76184  -  ResidentSetSize of job (KB)
...
006 (675048.000.000) 09/18 02:28:43 Image size of job updated: 12168136
	75  -  MemoryUsage of job (MB)
	76184  -  ResidentSetSize of job (KB)
...
006 (675048.000.000) 09/18 02:33:43 Image size of job updated: 12191100
	75  -  MemoryUsage of job (MB)
	76184  -  ResidentSetSize of job (KB)
...
006 (675048.000.000) 09/18 02:38:43 Image size of job updated: 12213388
	75  -  MemoryUsage of job (MB)
	76184  -  ResidentSetSize of job (KB)
...
006 (675048.000.000) 09/18 02:43:44 Image size of job updated: 12236808
	75  -  MemoryUsage of job (MB)
	76184  -  ResidentSetSize of job (KB)
...
006 (675048.000.000) 09/18 02:48:44 Image size of job updated: 12260140
	75  -  MemoryUsage of job (MB)
	76184  -  ResidentSetSize of job (KB)
...
006 (675048.000.000) 09/18 02:53:44 Image size of job updated: 12283200
	75  -  MemoryUsage of job (MB)
	76184  -  ResidentSetSize of job (KB)
...
006 (675048.000.000) 09/18 02:58:45 Image size of job updated: 12306288
	75  -  MemoryUsage of job (MB)
	76184  -  ResidentSetSize of job (KB)
...
006 (675048.000.000) 09/18 03:03:46 Image size of job updated: 12329860
	75  -  MemoryUsage of job (MB)
	76184  -  ResidentSetSize of job (KB)
...
006 (675048.000.000) 09/18 03:08:46 Image size of job updated: 12352756
	75  -  MemoryUsage of job (MB)
	76184  -  ResidentSetSize of job (KB)
...
006 (675048.000.000) 09/18 03:13:47 Image size of job updated: 12376084
	75  -  MemoryUsage of job (MB)
	76184  -  ResidentSetSize of job (KB)
...
006 (675048.000.000) 09/18 03:18:48 Image size of job updated: 12399644
	75  -  MemoryUsage of job (MB)
	76184  -  ResidentSetSize of job (KB)
...
006 (675048.000.000) 09/18 03:23:48 Image size of job updated: 12423032
	75  -  MemoryUsage of job (MB)
	76184  -  ResidentSetSize of job (KB)
...
006 (675048.000.000) 09/18 03:28:48 Image size of job updated: 12446488
	75  -  MemoryUsage of job (MB)
	76184  -  ResidentSetSize of job (KB)
...
006 (675048.000.000) 09/18 03:33:49 Image size of job updated: 12469308
	75  -  MemoryUsage of job (MB)
	76184  -  ResidentSetSize of job (KB)
...
006 (675048.000.000) 09/18 03:38:50 Image size of job updated: 12491520
	75  -  MemoryUsage of job (MB)
	76184  -  ResidentSetSize of job (KB)
...
006 (675048.000.000) 09/18 03:43:50 Image size of job updated: 12514432
	75  -  MemoryUsage of job (MB)
	76184  -  ResidentSetSize of job (KB)
...
006 (675048.000.000) 09/18 03:48:51 Image size of job updated: 12537628
	75  -  MemoryUsage of job (MB)
	76184  -  ResidentSetSize of job (KB)
...
006 (675048.000.000) 09/18 03:53:52 Image size of job updated: 12560860
	75  -  MemoryUsage of job (MB)
	76184  -  ResidentSetSize of job (KB)
...
006 (675048.000.000) 09/18 03:58:52 Image size of job updated: 12582764
	75  -  MemoryUsage of job (MB)
	76184  -  ResidentSetSize of job (KB)
...
006 (675048.000.000) 09/18 04:03:52 Image size of job updated: 12605448
	75  -  MemoryUsage of job (MB)
	76184  -  ResidentSetSize of job (KB)
...
006 (675048.000.000) 09/18 04:08:53 Image size of job updated: 12628316
	75  -  MemoryUsage of job (MB)
	76184  -  ResidentSetSize of job (KB)
...
006 (675048.000.000) 09/18 04:13:53 Image size of job updated: 12650896
	75  -  MemoryUsage of job (MB)
	76184  -  ResidentSetSize of job (KB)
...
006 (675048.000.000) 09/18 04:18:53 Image size of job updated: 12674356
	75  -  MemoryUsage of job (MB)
	76184  -  ResidentSetSize of job (KB)
...
006 (675048.000.000) 09/18 04:23:54 Image size of job updated: 12697348
	75  -  MemoryUsage of job (MB)
	76184  -  ResidentSetSize of job (KB)
...
006 (675048.000.000) 09/18 04:28:55 Image size of job updated: 12719980
	75  -  MemoryUsage of job (MB)
	76184  -  ResidentSetSize of job (KB)
...
006 (675048.000.000) 09/18 04:33:55 Image size of job updated: 12743160
	75  -  MemoryUsage of job (MB)
	76184  -  ResidentSetSize of job (KB)
...
006 (675048.000.000) 09/18 04:38:56 Image size of job updated: 12765696
	75  -  MemoryUsage of job (MB)
	76184  -  ResidentSetSize of job (KB)
...
006 (675048.000.000) 09/18 04:43:57 Image size of job updated: 12788444
	75  -  MemoryUsage of job (MB)
	76184  -  ResidentSetSize of job (KB)
...
006 (675048.000.000) 09/18 04:48:57 Image size of job updated: 12810000
	75  -  MemoryUsage of job (MB)
	76184  -  ResidentSetSize of job (KB)
...
006 (675048.000.000) 09/18 04:53:57 Image size of job updated: 12831396
	75  -  MemoryUsage of job (MB)
	76184  -  ResidentSetSize of job (KB)
...
006 (675048.000.000) 09/18 04:58:58 Image size of job updated: 12852848
	75  -  MemoryUsage of job (MB)
	76184  -  ResidentSetSize of job (KB)
...
006 (675048.000.000) 09/18 05:03:59 Image size of job updated: 12873592
	75  -  MemoryUsage of job (MB)
	76184  -  ResidentSetSize of job (KB)
...
006 (675048.000.000) 09/18 05:08:59 Image size of job updated: 12894656
	75  -  MemoryUsage of job (MB)
	76184  -  ResidentSetSize of job (KB)
...
006 (675048.000.000) 09/18 05:14:00 Image size of job updated: 12914836
	75  -  MemoryUsage of job (MB)
	76184  -  ResidentSetSize of job (KB)
...
006 (675048.000.000) 09/18 05:19:01 Image size of job updated: 12936544
	75  -  MemoryUsage of job (MB)
	76184  -  ResidentSetSize of job (KB)
...
006 (675048.000.000) 09/18 05:24:01 Image size of job updated: 12957752
	75  -  MemoryUsage of job (MB)
	76184  -  ResidentSetSize of job (KB)
...
006 (675048.000.000) 09/18 05:29:01 Image size of job updated: 12978192
	75  -  MemoryUsage of job (MB)
	76184  -  ResidentSetSize of job (KB)
...
006 (675048.000.000) 09/18 05:34:02 Image size of job updated: 12999548
	75  -  MemoryUsage of job (MB)
	76184  -  ResidentSetSize of job (KB)
...
006 (675048.000.000) 09/18 05:39:03 Image size of job updated: 13020504
	75  -  MemoryUsage of job (MB)
	76184  -  ResidentSetSize of job (KB)
...
006 (675048.000.000) 09/18 05:44:03 Image size of job updated: 13041112
	75  -  MemoryUsage of job (MB)
	76184  -  ResidentSetSize of job (KB)
...
006 (675048.000.000) 09/18 05:49:04 Image size of job updated: 13063048
	75  -  MemoryUsage of job (MB)
	76184  -  ResidentSetSize of job (KB)
...
006 (675048.000.000) 09/18 05:54:05 Image size of job updated: 13086536
	75  -  MemoryUsage of job (MB)
	76184  -  ResidentSetSize of job (KB)
...
006 (675048.000.000) 09/18 05:59:05 Image size of job updated: 13110396
	75  -  MemoryUsage of job (MB)
	76184  -  ResidentSetSize of job (KB)
...
006 (675048.000.000) 09/18 06:04:05 Image size of job updated: 13133500
	75  -  MemoryUsage of job (MB)
	76184  -  ResidentSetSize of job (KB)
...
006 (675048.000.000) 09/18 06:09:06 Image size of job updated: 13156188
	75  -  MemoryUsage of job (MB)
	76184  -  ResidentSetSize of job (KB)
...
006 (675048.000.000) 09/18 06:14:07 Image size of job updated: 13178672
	75  -  MemoryUsage of job (MB)
	76184  -  ResidentSetSize of job (KB)
...
006 (675048.000.000) 09/18 06:19:07 Image size of job updated: 13202456
	75  -  MemoryUsage of job (MB)
	76184  -  ResidentSetSize of job (KB)
...
006 (675048.000.000) 09/18 06:24:08 Image size of job updated: 13226392
	75  -  MemoryUsage of job (MB)
	76184  -  ResidentSetSize of job (KB)
...
006 (675048.000.000) 09/18 06:29:09 Image size of job updated: 13249884
	75  -  MemoryUsage of job (MB)
	76184  -  ResidentSetSize of job (KB)
...
006 (675048.000.000) 09/18 06:34:09 Image size of job updated: 13272620
	75  -  MemoryUsage of job (MB)
	76184  -  ResidentSetSize of job (KB)
...
006 (675048.000.000) 09/18 06:39:09 Image size of job updated: 13294976
	75  -  MemoryUsage of job (MB)
	76184  -  ResidentSetSize of job (KB)
...
006 (675048.000.000) 09/18 06:44:10 Image size of job updated: 13317832
	75  -  MemoryUsage of job (MB)
	76184  -  ResidentSetSize of job (KB)
...
006 (675048.000.000) 09/18 06:49:10 Image size of job updated: 13341416
	75  -  MemoryUsage of job (MB)
	76184  -  ResidentSetSize of job (KB)
...
006 (675048.000.000) 09/18 06:54:10 Image size of job updated: 13363196
	75  -  MemoryUsage of job (MB)
	76184  -  ResidentSetSize of job (KB)
...
006 (675048.000.000) 09/18 06:59:11 Image size of job updated: 13385840
	75  -  MemoryUsage of job (MB)
	76184  -  ResidentSetSize of job (KB)
...
006 (675048.000.000) 09/18 07:04:12 Image size of job updated: 13408208
	75  -  MemoryUsage of job (MB)
	76184  -  ResidentSetSize of job (KB)
...
006 (675048.000.000) 09/18 07:09:12 Image size of job updated: 13430064
	75  -  MemoryUsage of job (MB)
	76184  -  ResidentSetSize of job (KB)
...
006 (675048.000.000) 09/18 07:14:12 Image size of job updated: 13450500
	75  -  MemoryUsage of job (MB)
	76184  -  ResidentSetSize of job (KB)
...
006 (675048.000.000) 09/18 07:19:13 Image size of job updated: 13471564
	75  -  MemoryUsage of job (MB)
	76184  -  ResidentSetSize of job (KB)
...
006 (675048.000.000) 09/18 07:24:14 Image size of job updated: 13491772
	75  -  MemoryUsage of job (MB)
	76184  -  ResidentSetSize of job (KB)
...
006 (675048.000.000) 09/18 07:29:14 Image size of job updated: 13513512
	75  -  MemoryUsage of job (MB)
	76184  -  ResidentSetSize of job (KB)
...
006 (675048.000.000) 09/18 07:34:15 Image size of job updated: 13537568
	75  -  MemoryUsage of job (MB)
	76184  -  ResidentSetSize of job (KB)
...
006 (675048.000.000) 09/18 07:39:16 Image size of job updated: 13560792
	75  -  MemoryUsage of job (MB)
	76184  -  ResidentSetSize of job (KB)
...
006 (675048.000.000) 09/18 07:44:16 Image size of job updated: 13582584
	75  -  MemoryUsage of job (MB)
	76184  -  ResidentSetSize of job (KB)
...
006 (675048.000.000) 09/18 07:49:16 Image size of job updated: 13606192
	75  -  MemoryUsage of job (MB)
	76184  -  ResidentSetSize of job (KB)
...
006 (675048.000.000) 09/18 07:54:17 Image size of job updated: 13629000
	75  -  MemoryUsage of job (MB)
	76184  -  ResidentSetSize of job (KB)
...
006 (675048.000.000) 09/18 07:59:17 Image size of job updated: 13651604
	75  -  MemoryUsage of job (MB)
	76184  -  ResidentSetSize of job (KB)
...
006 (675048.000.000) 09/18 08:04:17 Image size of job updated: 13675192
	75  -  MemoryUsage of job (MB)
	76184  -  ResidentSetSize of job (KB)
...
006 (675048.000.000) 09/18 08:09:18 Image size of job updated: 13698876
	75  -  MemoryUsage of job (MB)
	76184  -  ResidentSetSize of job (KB)
...
006 (675048.000.000) 09/18 08:14:19 Image size of job updated: 13722444
	75  -  MemoryUsage of job (MB)
	76184  -  ResidentSetSize of job (KB)
...
006 (675048.000.000) 09/18 08:19:19 Image size of job updated: 13745556
	75  -  MemoryUsage of job (MB)
	76184  -  ResidentSetSize of job (KB)
...
006 (675048.000.000) 09/18 08:24:20 Image size of job updated: 13768332
	75  -  MemoryUsage of job (MB)
	76184  -  ResidentSetSize of job (KB)
...
006 (675048.000.000) 09/18 08:29:21 Image size of job updated: 13792020
	75  -  MemoryUsage of job (MB)
	76184  -  ResidentSetSize of job (KB)
...
006 (675048.000.000) 09/18 08:34:21 Image size of job updated: 13815476
	75  -  MemoryUsage of job (MB)
	76184  -  ResidentSetSize of job (KB)
...
006 (675048.000.000) 09/18 08:39:21 Image size of job updated: 13839312
	75  -  MemoryUsage of job (MB)
	76184  -  ResidentSetSize of job (KB)
...
006 (675048.000.000) 09/18 08:44:22 Image size of job updated: 13863028
	75  -  MemoryUsage of job (MB)
	76184  -  ResidentSetSize of job (KB)
...
006 (675048.000.000) 09/18 08:49:23 Image size of job updated: 13886536
	75  -  MemoryUsage of job (MB)
	76184  -  ResidentSetSize of job (KB)
...
006 (675048.000.000) 09/18 08:54:23 Image size of job updated: 13909904
	75  -  MemoryUsage of job (MB)
	76184  -  ResidentSetSize of job (KB)
...
006 (675048.000.000) 09/18 08:59:24 Image size of job updated: 13933336
	75  -  MemoryUsage of job (MB)
	76184  -  ResidentSetSize of job (KB)
...
006 (675048.000.000) 09/18 09:04:25 Image size of job updated: 13956036
	75  -  MemoryUsage of job (MB)
	76184  -  ResidentSetSize of job (KB)
...
006 (675048.000.000) 09/18 09:09:25 Image size of job updated: 13979404
	75  -  MemoryUsage of job (MB)
	76184  -  ResidentSetSize of job (KB)
...
006 (675048.000.000) 09/18 09:14:25 Image size of job updated: 14003040
	75  -  MemoryUsage of job (MB)
	76184  -  ResidentSetSize of job (KB)
...
006 (675048.000.000) 09/18 09:19:26 Image size of job updated: 14026784
	75  -  MemoryUsage of job (MB)
	76184  -  ResidentSetSize of job (KB)
...
006 (675048.000.000) 09/18 09:24:26 Image size of job updated: 14050028
	75  -  MemoryUsage of job (MB)
	76184  -  ResidentSetSize of job (KB)
...
006 (675048.000.000) 09/18 09:29:26 Image size of job updated: 14072480
	75  -  MemoryUsage of job (MB)
	76184  -  ResidentSetSize of job (KB)
...
006 (675048.000.000) 09/18 09:34:27 Image size of job updated: 14094984
	75  -  MemoryUsage of job (MB)
	76184  -  ResidentSetSize of job (KB)
...
006 (675048.000.000) 09/18 09:39:28 Image size of job updated: 14118384
	75  -  MemoryUsage of job (MB)
	76184  -  ResidentSetSize of job (KB)
...
006 (675048.000.000) 09/18 09:44:28 Image size of job updated: 14141248
	75  -  MemoryUsage of job (MB)
	76184  -  ResidentSetSize of job (KB)
...
006 (675048.000.000) 09/18 09:49:28 Image size of job updated: 14163700
	75  -  MemoryUsage of job (MB)
	76184  -  ResidentSetSize of job (KB)
...
006 (675048.000.000) 09/18 09:54:29 Image size of job updated: 14187136
	75  -  MemoryUsage of job (MB)
	76184  -  ResidentSetSize of job (KB)
...
006 (675048.000.000) 09/18 09:59:29 Image size of job updated: 14208984
	75  -  MemoryUsage of job (MB)
	76184  -  ResidentSetSize of job (KB)
...
006 (675048.000.000) 09/18 10:04:29 Image size of job updated: 14232124
	75  -  MemoryUsage of job (MB)
	76184  -  ResidentSetSize of job (KB)
...
006 (675048.000.000) 09/18 10:09:30 Image size of job updated: 14255716
	75  -  MemoryUsage of job (MB)
	76184  -  ResidentSetSize of job (KB)
...
006 (675048.000.000) 09/18 10:14:30 Image size of job updated: 14279256
	75  -  MemoryUsage of job (MB)
	76184  -  ResidentSetSize of job (KB)
...
006 (675048.000.000) 09/18 10:19:30 Image size of job updated: 14302560
	75  -  MemoryUsage of job (MB)
	76184  -  ResidentSetSize of job (KB)
...
006 (675048.000.000) 09/18 10:24:31 Image size of job updated: 14325892
	75  -  MemoryUsage of job (MB)
	76184  -  ResidentSetSize of job (KB)
...
006 (675048.000.000) 09/18 10:29:32 Image size of job updated: 14348916
	75  -  MemoryUsage of job (MB)
	76184  -  ResidentSetSize of job (KB)
...
006 (675048.000.000) 09/18 10:34:32 Image size of job updated: 14371800
	75  -  MemoryUsage of job (MB)
	76184  -  ResidentSetSize of job (KB)
...
006 (675048.000.000) 09/18 10:39:32 Image size of job updated: 14393988
	75  -  MemoryUsage of job (MB)
	76184  -  ResidentSetSize of job (KB)
...
006 (675048.000.000) 09/18 10:44:33 Image size of job updated: 14416016
	75  -  MemoryUsage of job (MB)
	76184  -  ResidentSetSize of job (KB)
...
006 (675048.000.000) 09/18 10:49:33 Image size of job updated: 14438040
	75  -  MemoryUsage of job (MB)
	76184  -  ResidentSetSize of job (KB)
...
006 (675048.000.000) 09/18 10:54:33 Image size of job updated: 14459460
	75  -  MemoryUsage of job (MB)
	76184  -  ResidentSetSize of job (KB)
...
006 (675048.000.000) 09/18 10:59:34 Image size of job updated: 14480232
	75  -  MemoryUsage of job (MB)
	76184  -  ResidentSetSize of job (KB)
...
006 (675048.000.000) 09/18 11:04:35 Image size of job updated: 14501328
	75  -  MemoryUsage of job (MB)
	76184  -  ResidentSetSize of job (KB)
...
006 (675048.000.000) 09/18 11:09:35 Image size of job updated: 14522836
	75  -  MemoryUsage of job (MB)
	76184  -  ResidentSetSize of job (KB)
...
006 (675048.000.000) 09/18 11:14:35 Image size of job updated: 14544848
	75  -  MemoryUsage of job (MB)
	76184  -  ResidentSetSize of job (KB)
...
006 (675048.000.000) 09/18 11:19:36 Image size of job updated: 14567400
	75  -  MemoryUsage of job (MB)
	76184  -  ResidentSetSize of job (KB)
...
006 (675048.000.000) 09/18 11:24:36 Image size of job updated: 14588804
	75  -  MemoryUsage of job (MB)
	76184  -  ResidentSetSize of job (KB)
...
006 (675048.000.000) 09/18 11:29:36 Image size of job updated: 14610328
	75  -  MemoryUsage of job (MB)
	76184  -  ResidentSetSize of job (KB)
...
006 (675048.000.000) 09/18 11:34:37 Image size of job updated: 14631784
	75  -  MemoryUsage of job (MB)
	76184  -  ResidentSetSize of job (KB)
...
006 (675048.000.000) 09/18 11:39:38 Image size of job updated: 14653500
	75  -  MemoryUsage of job (MB)
	76184  -  ResidentSetSize of job (KB)
...
006 (675048.000.000) 09/18 11:44:38 Image size of job updated: 14676248
	75  -  MemoryUsage of job (MB)
	76184  -  ResidentSetSize of job (KB)
...
006 (675048.000.000) 09/18 11:49:38 Image size of job updated: 14699476
	75  -  MemoryUsage of job (MB)
	76184  -  ResidentSetSize of job (KB)
...
006 (675048.000.000) 09/18 11:54:39 Image size of job updated: 14723400
	75  -  MemoryUsage of job (MB)
	76184  -  ResidentSetSize of job (KB)
...
006 (675048.000.000) 09/18 11:59:39 Image size of job updated: 14746572
	75  -  MemoryUsage of job (MB)
	76184  -  ResidentSetSize of job (KB)
...
006 (675048.000.000) 09/18 12:04:39 Image size of job updated: 14768492
	75  -  MemoryUsage of job (MB)
	76184  -  ResidentSetSize of job (KB)
...
006 (675048.000.000) 09/18 12:09:40 Image size of job updated: 14792116
	75  -  MemoryUsage of job (MB)
	76184  -  ResidentSetSize of job (KB)
...
006 (675048.000.000) 09/18 12:14:41 Image size of job updated: 14815428
	75  -  MemoryUsage of job (MB)
	76184  -  ResidentSetSize of job (KB)
...
006 (675048.000.000) 09/18 12:19:41 Image size of job updated: 14838864
	75  -  MemoryUsage of job (MB)
	76184  -  ResidentSetSize of job (KB)
...
006 (675048.000.000) 09/18 12:24:41 Image size of job updated: 14861732
	75  -  MemoryUsage of job (MB)
	76184  -  ResidentSetSize of job (KB)
...
006 (675048.000.000) 09/18 12:29:43 Image size of job updated: 14884636
	75  -  MemoryUsage of job (MB)
	76184  -  ResidentSetSize of job (KB)
...
006 (675048.000.000) 09/18 12:34:43 Image size of job updated: 14907972
	75  -  MemoryUsage of job (MB)
	76184  -  ResidentSetSize of job (KB)
...
006 (675048.000.000) 09/18 12:39:43 Image size of job updated: 14931424
	75  -  MemoryUsage of job (MB)
	76184  -  ResidentSetSize of job (KB)
...
006 (675048.000.000) 09/18 12:44:44 Image size of job updated: 14955412
	75  -  MemoryUsage of job (MB)
	76184  -  ResidentSetSize of job (KB)
...
006 (675048.000.000) 09/18 12:49:45 Image size of job updated: 14979260
	75  -  MemoryUsage of job (MB)
	76184  -  ResidentSetSize of job (KB)
...
006 (675048.000.000) 09/18 12:54:45 Image size of job updated: 15002776
	75  -  MemoryUsage of job (MB)
	76184  -  ResidentSetSize of job (KB)
...
006 (675048.000.000) 09/18 12:59:46 Image size of job updated: 15026084
	75  -  MemoryUsage of job (MB)
	76184  -  ResidentSetSize of job (KB)
...
006 (675048.000.000) 09/18 13:04:46 Image size of job updated: 15049372
	75  -  MemoryUsage of job (MB)
	76184  -  ResidentSetSize of job (KB)
...
006 (675048.000.000) 09/18 13:09:46 Image size of job updated: 15072876
	75  -  MemoryUsage of job (MB)
	76184  -  ResidentSetSize of job (KB)
...
006 (675048.000.000) 09/18 13:14:47 Image size of job updated: 15096812
	75  -  MemoryUsage of job (MB)
	76184  -  ResidentSetSize of job (KB)
...
006 (675048.000.000) 09/18 13:19:47 Image size of job updated: 15120720
	75  -  MemoryUsage of job (MB)
	76184  -  ResidentSetSize of job (KB)
...
006 (675048.000.000) 09/18 13:24:47 Image size of job updated: 15143956
	75  -  MemoryUsage of job (MB)
	76184  -  ResidentSetSize of job (KB)
...
006 (675048.000.000) 09/18 13:29:48 Image size of job updated: 15167268
	75  -  MemoryUsage of job (MB)
	76184  -  ResidentSetSize of job (KB)
...
006 (675048.000.000) 09/18 13:34:49 Image size of job updated: 15190512
	75  -  MemoryUsage of job (MB)
	76184  -  ResidentSetSize of job (KB)
...
006 (675048.000.000) 09/18 13:39:49 Image size of job updated: 15214164
	75  -  MemoryUsage of job (MB)
	76184  -  ResidentSetSize of job (KB)
...
006 (675048.000.000) 09/18 13:44:49 Image size of job updated: 15236596
	75  -  MemoryUsage of job (MB)
	76184  -  ResidentSetSize of job (KB)
...
006 (675048.000.000) 09/18 13:49:50 Image size of job updated: 15259740
	75  -  MemoryUsage of job (MB)
	76184  -  ResidentSetSize of job (KB)
...
006 (675048.000.000) 09/18 13:54:50 Image size of job updated: 15283352
	75  -  MemoryUsage of job (MB)
	76184  -  ResidentSetSize of job (KB)
...
006 (675048.000.000) 09/18 13:59:50 Image size of job updated: 15306868
	75  -  MemoryUsage of job (MB)
	76184  -  ResidentSetSize of job (KB)
...
006 (675048.000.000) 09/18 14:04:51 Image size of job updated: 15330168
	75  -  MemoryUsage of job (MB)
	76184  -  ResidentSetSize of job (KB)
...
006 (675048.000.000) 09/18 14:09:52 Image size of job updated: 15353912
	75  -  MemoryUsage of job (MB)
	76184  -  ResidentSetSize of job (KB)
...
006 (675048.000.000) 09/18 14:14:52 Image size of job updated: 15377080
	75  -  MemoryUsage of job (MB)
	76184  -  ResidentSetSize of job (KB)
...
006 (675048.000.000) 09/18 14:19:52 Image size of job updated: 15400796
	75  -  MemoryUsage of job (MB)
	76184  -  ResidentSetSize of job (KB)
...
006 (675048.000.000) 09/18 14:24:53 Image size of job updated: 15424404
	75  -  MemoryUsage of job (MB)
	76184  -  ResidentSetSize of job (KB)
...
006 (675048.000.000) 09/18 14:29:53 Image size of job updated: 15447704
	75  -  MemoryUsage of job (MB)
	76184  -  ResidentSetSize of job (KB)
...
006 (675048.000.000) 09/18 14:34:53 Image size of job updated: 15470632
	75  -  MemoryUsage of job (MB)
	76184  -  ResidentSetSize of job (KB)
...
006 (675048.000.000) 09/18 14:39:54 Image size of job updated: 15494152
	75  -  MemoryUsage of job (MB)
	76184  -  ResidentSetSize of job (KB)
...
006 (675048.000.000) 09/18 14:44:55 Image size of job updated: 15517444
	75  -  MemoryUsage of job (MB)
	76184  -  ResidentSetSize of job (KB)
...
006 (675048.000.000) 09/18 14:49:55 Image size of job updated: 15540448
	75  -  MemoryUsage of job (MB)
	76184  -  ResidentSetSize of job (KB)
...
006 (675048.000.000) 09/18 14:54:55 Image size of job updated: 15563948
	75  -  MemoryUsage of job (MB)
	76184  -  ResidentSetSize of job (KB)
...
006 (675048.000.000) 09/18 14:59:56 Image size of job updated: 15587368
	75  -  MemoryUsage of job (MB)
	76184  -  ResidentSetSize of job (KB)
...
006 (675048.000.000) 09/18 15:04:56 Image size of job updated: 15609028
	75  -  MemoryUsage of job (MB)
	76184  -  ResidentSetSize of job (KB)
...
006 (675048.000.000) 09/18 15:09:56 Image size of job updated: 15633436
	75  -  MemoryUsage of job (MB)
	76184  -  ResidentSetSize of job (KB)
...
006 (675048.000.000) 09/18 15:14:57 Image size of job updated: 15656780
	75  -  MemoryUsage of job (MB)
	76184  -  ResidentSetSize of job (KB)
...
006 (675048.000.000) 09/18 15:19:58 Image size of job updated: 15678984
	75  -  MemoryUsage of job (MB)
	76184  -  ResidentSetSize of job (KB)
...
006 (675048.000.000) 09/18 15:24:58 Image size of job updated: 15702432
	75  -  MemoryUsage of job (MB)
	76184  -  ResidentSetSize of job (KB)
...
006 (675048.000.000) 09/18 15:29:58 Image size of job updated: 15725584
	75  -  MemoryUsage of job (MB)
	76184  -  ResidentSetSize of job (KB)
...
006 (675048.000.000) 09/18 15:34:58 Image size of job updated: 15748356
	75  -  MemoryUsage of job (MB)
	76184  -  ResidentSetSize of job (KB)
...
006 (675048.000.000) 09/18 15:39:59 Image size of job updated: 15771568
	75  -  MemoryUsage of job (MB)
	76184  -  ResidentSetSize of job (KB)
...
006 (675048.000.000) 09/18 15:45:00 Image size of job updated: 15794748
	75  -  MemoryUsage of job (MB)
	76184  -  ResidentSetSize of job (KB)
...
006 (675048.000.000) 09/18 15:50:00 Image size of job updated: 15817956
	75  -  MemoryUsage of job (MB)
	76184  -  ResidentSetSize of job (KB)
...
006 (675048.000.000) 09/18 15:55:00 Image size of job updated: 15841016
	75  -  MemoryUsage of job (MB)
	76184  -  ResidentSetSize of job (KB)
...
006 (675048.000.000) 09/18 16:00:01 Image size of job updated: 15863700
	75  -  MemoryUsage of job (MB)
	76184  -  ResidentSetSize of job (KB)
...
006 (675048.000.000) 09/18 16:05:02 Image size of job updated: 15886520
	75  -  MemoryUsage of job (MB)
	76184  -  ResidentSetSize of job (KB)
...
006 (675048.000.000) 09/18 16:10:03 Image size of job updated: 15909112
	75  -  MemoryUsage of job (MB)
	76184  -  ResidentSetSize of job (KB)
...
006 (675048.000.000) 09/18 16:15:04 Image size of job updated: 15931344
	75  -  MemoryUsage of job (MB)
	76184  -  ResidentSetSize of job (KB)
...
006 (675048.000.000) 09/18 16:20:04 Image size of job updated: 15953572
	75  -  MemoryUsage of job (MB)
	76184  -  ResidentSetSize of job (KB)
...
006 (675048.000.000) 09/18 16:25:04 Image size of job updated: 15975084
	75  -  MemoryUsage of job (MB)
	76184  -  ResidentSetSize of job (KB)
...
006 (675048.000.000) 09/18 16:30:05 Image size of job updated: 15997808
	75  -  MemoryUsage of job (MB)
	76184  -  ResidentSetSize of job (KB)
...
006 (675048.000.000) 09/18 16:35:05 Image size of job updated: 16019208
	75  -  MemoryUsage of job (MB)
	76184  -  ResidentSetSize of job (KB)
...
006 (675048.000.000) 09/18 16:40:05 Image size of job updated: 16040372
	75  -  MemoryUsage of job (MB)
	76184  -  ResidentSetSize of job (KB)
...
006 (675048.000.000) 09/18 16:45:06 Image size of job updated: 16061400
	75  -  MemoryUsage of job (MB)
	76184  -  ResidentSetSize of job (KB)
...
006 (675048.000.000) 09/18 16:50:07 Image size of job updated: 16083264
	75  -  MemoryUsage of job (MB)
	76184  -  ResidentSetSize of job (KB)
...
006 (675048.000.000) 09/18 16:55:07 Image size of job updated: 16104448
	75  -  MemoryUsage of job (MB)
	76184  -  ResidentSetSize of job (KB)
...
006 (675048.000.000) 09/18 17:00:07 Image size of job updated: 16125180
	75  -  MemoryUsage of job (MB)
	76184  -  ResidentSetSize of job (KB)
...
006 (675048.000.000) 09/18 17:05:08 Image size of job updated: 16146516
	75  -  MemoryUsage of job (MB)
	76184  -  ResidentSetSize of job (KB)
...
006 (675048.000.000) 09/18 17:10:09 Image size of job updated: 16168156
	75  -  MemoryUsage of job (MB)
	76184  -  ResidentSetSize of job (KB)
...
006 (675048.000.000) 09/18 17:15:09 Image size of job updated: 16189752
	75  -  MemoryUsage of job (MB)
	76184  -  ResidentSetSize of job (KB)
...
006 (675048.000.000) 09/18 17:20:10 Image size of job updated: 16211412
	75  -  MemoryUsage of job (MB)
	76184  -  ResidentSetSize of job (KB)
...
006 (675048.000.000) 09/18 17:25:11 Image size of job updated: 16233044
	75  -  MemoryUsage of job (MB)
	76184  -  ResidentSetSize of job (KB)
...
006 (675048.000.000) 09/18 17:30:11 Image size of job updated: 16254448
	75  -  MemoryUsage of job (MB)
	76184  -  ResidentSetSize of job (KB)
...
006 (675048.000.000) 09/18 17:35:11 Image size of job updated: 16274540
	75  -  MemoryUsage of job (MB)
	76184  -  ResidentSetSize of job (KB)
...
006 (675048.000.000) 09/18 17:37:43 Image size of job updated: 16285380
	75  -  MemoryUsage of job (MB)
	76184  -  ResidentSetSize of job (KB)
...
005 (675048.000.000) 09/18 17:37:43 Job terminated.
	(1) Normal termination (return value 0)
		Usr 0 00:24:48, Sys 0 00:09:33  -  Run Remote Usage
		Usr 0 00:00:00, Sys 0 00:00:00  -  Run Local Usage
		Usr 0 00:24:48, Sys 0 00:09:33  -  Total Remote Usage
		Usr 0 00:00:00, Sys 0 00:00:00  -  Total Local Usage
	0  -  Run Bytes Sent By Job
	0  -  Run Bytes Received By Job
	0  -  Total Bytes Sent By Job
	0  -  Total Bytes Received By Job
	Partitionable Resources :    Usage  Request Allocated 
	   Cpus                 :     1.97        2         2 
	   Disk (KB)            :   150         150     17614 
	   Memory (MB)          :    75           1       128 
...
000 (261.000.000) 10/21 16:26:41 Job submitted from host: <140.160.143.131:9618?addrs=140.160.143.131-9618&noUDP&sock=2776_aefe_4>
...
009 (261.000.000) 10/22 13:21:45 Job was aborted by the user.
	via condor_rm (by user scoggim)
...
000 (309.017.000) 10/22 13:32:35 Job submitted from host: <140.160.143.131:9618?addrs=140.160.143.131-9618&noUDP&sock=2776_aefe_4>
...
001 (309.017.000) 10/22 13:32:48 Job executing on host: <140.160.143.143:9618?addrs=140.160.143.143-9618&noUDP&sock=1347_8228_3>
...
006 (309.017.000) 10/22 13:32:56 Image size of job updated: 2236
	3  -  MemoryUsage of job (MB)
	2236  -  ResidentSetSize of job (KB)
...
006 (309.017.000) 10/22 13:52:57 Image size of job updated: 2344
	3  -  MemoryUsage of job (MB)
	2344  -  ResidentSetSize of job (KB)
...
005 (309.017.000) 10/23 21:15:35 Job terminated.
	(1) Normal termination (return value 0)
		Usr 2 06:34:53, Sys 0 08:50:41  -  Run Remote Usage
		Usr 0 00:00:00, Sys 0 00:00:00  -  Run Local Usage
		Usr 2 06:34:53, Sys 0 08:50:41  -  Total Remote Usage
		Usr 0 00:00:00, Sys 0 00:00:00  -  Total Local Usage
	0  -  Run Bytes Sent By Job
	0  -  Run Bytes Received By Job
	0  -  Total Bytes Sent By Job
	0  -  Total Bytes Received By Job
	Partitionable Resources :    Usage  Request Allocated 
	   Cpus                 :     2.00        2         2 
	   Disk (KB)            :   150         150    888012 
	   Memory (MB)          :     3       20480     20480 
...
000 (376.017.000) 10/24 18:01:12 Job submitted from host: <140.160.143.131:9618?addrs=140.160.143.131-9618&noUDP&sock=2776_aefe_4>
...
001 (376.017.000) 10/24 18:01:13 Job executing on host: <140.160.143.147:9618?addrs=140.160.143.147-9618&noUDP&sock=1438_ed47_3>
...
006 (376.017.000) 10/24 18:01:21 Image size of job updated: 2236
	3  -  MemoryUsage of job (MB)
	2236  -  ResidentSetSize of job (KB)
...
006 (376.017.000) 10/24 18:01:26 Image size of job updated: 145104
	3  -  MemoryUsage of job (MB)
	2236  -  ResidentSetSize of job (KB)
...
004 (376.017.000) 10/24 18:01:26 Job was evicted.
	(0) Job was not checkpointed.
		Usr 0 00:00:21, Sys 0 00:00:03  -  Run Remote Usage
		Usr 0 00:00:00, Sys 0 00:00:00  -  Run Local Usage
	0  -  Run Bytes Sent By Job
	0  -  Run Bytes Received By Job
	Partitionable Resources :    Usage  Request Allocated 
	   Cpus                 :        0        2         2 
	   Disk (KB)            :      150      150    204210 
	   Memory (MB)          :        3    20480     20480 
...
009 (376.017.000) 10/24 18:01:26 Job was aborted by the user.
	via condor_rm (by user scoggim)
...
000 (377.017.000) 10/24 18:02:23 Job submitted from host: <140.160.143.131:9618?addrs=140.160.143.131-9618&noUDP&sock=2776_aefe_4>
...
001 (377.017.000) 10/24 18:02:34 Job executing on host: <140.160.143.147:9618?addrs=140.160.143.147-9618&noUDP&sock=1438_ed47_3>
...
006 (377.017.000) 10/24 18:02:42 Image size of job updated: 2224
	3  -  MemoryUsage of job (MB)
	2224  -  ResidentSetSize of job (KB)
...
006 (377.017.000) 10/24 18:22:44 Image size of job updated: 2332
	3  -  MemoryUsage of job (MB)
	2332  -  ResidentSetSize of job (KB)
...
006 (377.017.000) 10/24 18:47:46 Image size of job updated: 2336
	3  -  MemoryUsage of job (MB)
	2336  -  ResidentSetSize of job (KB)
...
006 (377.017.000) 10/24 22:08:59 Image size of job updated: 145104
	3  -  MemoryUsage of job (MB)
	2336  -  ResidentSetSize of job (KB)
...
004 (377.017.000) 10/24 22:08:59 Job was evicted.
	(0) Job was not checkpointed.
		Usr 0 07:03:02, Sys 0 01:09:47  -  Run Remote Usage
		Usr 0 00:00:00, Sys 0 00:00:00  -  Run Local Usage
	0  -  Run Bytes Sent By Job
	0  -  Run Bytes Received By Job
	Partitionable Resources :    Usage  Request Allocated 
	   Cpus                 :     2.00        2         2 
	   Disk (KB)            :   150         150    204210 
	   Memory (MB)          :     3       20480     20480 
...
009 (377.017.000) 10/24 22:09:00 Job was aborted by the user.
	via condor_rm (by user scoggim)
...
000 (378.017.000) 10/24 22:09:10 Job submitted from host: <140.160.143.131:9618?addrs=140.160.143.131-9618&noUDP&sock=2776_aefe_4>
...
001 (378.017.000) 10/24 22:09:11 Job executing on host: <140.160.143.147:9618?addrs=140.160.143.147-9618&noUDP&sock=1438_ed47_3>
...
006 (378.017.000) 10/24 22:09:20 Image size of job updated: 2228
	3  -  MemoryUsage of job (MB)
	2228  -  ResidentSetSize of job (KB)
...
006 (378.017.000) 10/24 22:29:22 Image size of job updated: 2336
	3  -  MemoryUsage of job (MB)
	2336  -  ResidentSetSize of job (KB)
...
004 (378.017.000) 10/25 11:03:40 Job was evicted.
	(0) Job was not checkpointed.
		Usr 0 22:08:55, Sys 0 03:40:01  -  Run Remote Usage
		Usr 0 00:00:00, Sys 0 00:00:00  -  Run Local Usage
	0  -  Run Bytes Sent By Job
	0  -  Run Bytes Received By Job
	Partitionable Resources :    Usage  Request Allocated 
	   Cpus                 :     2.00        2         2 
	   Disk (KB)            :   150         150    204210 
	   Memory (MB)          :     3       20480     20480 
...
009 (378.017.000) 10/25 11:03:40 Job was aborted by the user.
	via condor_rm (by user scoggim)
...
000 (392.017.000) 10/25 11:03:48 Job submitted from host: <140.160.143.131:9618?addrs=140.160.143.131-9618&noUDP&sock=2776_aefe_4>
...
001 (392.017.000) 10/25 11:04:08 Job executing on host: <140.160.143.147:9618?addrs=140.160.143.147-9618&noUDP&sock=1438_ed47_3>
...
006 (392.017.000) 10/25 11:04:16 Image size of job updated: 2224
	3  -  MemoryUsage of job (MB)
	2224  -  ResidentSetSize of job (KB)
...
006 (392.017.000) 10/25 11:24:18 Image size of job updated: 2332
	3  -  MemoryUsage of job (MB)
	2332  -  ResidentSetSize of job (KB)
...
006 (392.017.000) 10/25 14:27:30 Image size of job updated: 145104
	3  -  MemoryUsage of job (MB)
	2332  -  ResidentSetSize of job (KB)
...
004 (392.017.000) 10/25 14:27:30 Job was evicted.
	(0) Job was not checkpointed.
		Usr 0 05:50:20, Sys 0 00:56:22  -  Run Remote Usage
		Usr 0 00:00:00, Sys 0 00:00:00  -  Run Local Usage
	0  -  Run Bytes Sent By Job
	0  -  Run Bytes Received By Job
	Partitionable Resources :    Usage  Request Allocated 
	   Cpus                 :     2.00        2         2 
	   Disk (KB)            :   150         150    204210 
	   Memory (MB)          :     3       20480     20480 
...
009 (392.017.000) 10/25 14:27:30 Job was aborted by the user.
	via condor_rm (by user scoggim)
...
000 (396.017.000) 10/25 14:27:34 Job submitted from host: <140.160.143.131:9618?addrs=140.160.143.131-9618&noUDP&sock=2776_aefe_4>
...
001 (396.017.000) 10/25 14:27:38 Job executing on host: <140.160.143.147:9618?addrs=140.160.143.147-9618&noUDP&sock=1438_ed47_3>
...
006 (396.017.000) 10/25 14:27:46 Image size of job updated: 2228
	3  -  MemoryUsage of job (MB)
	2228  -  ResidentSetSize of job (KB)
...
006 (396.017.000) 10/25 14:47:47 Image size of job updated: 2336
	3  -  MemoryUsage of job (MB)
	2336  -  ResidentSetSize of job (KB)
...
006 (396.017.000) 10/26 12:20:55 Image size of job updated: 145104
	3  -  MemoryUsage of job (MB)
	2336  -  ResidentSetSize of job (KB)
...
004 (396.017.000) 10/26 12:20:55 Job was evicted.
	(0) Job was not checkpointed.
		Usr 1 13:35:32, Sys 0 06:11:02  -  Run Remote Usage
		Usr 0 00:00:00, Sys 0 00:00:00  -  Run Local Usage
	0  -  Run Bytes Sent By Job
	0  -  Run Bytes Received By Job
	Partitionable Resources :    Usage  Request Allocated 
	   Cpus                 :     2.00        2         2 
	   Disk (KB)            :   150         150    204210 
	   Memory (MB)          :     3       20480     20480 
...
009 (396.017.000) 10/26 12:20:55 Job was aborted by the user.
	via condor_rm (by user scoggim)
...
000 (418.017.000) 10/26 12:22:09 Job submitted from host: <140.160.143.131:9618?addrs=140.160.143.131-9618&noUDP&sock=2776_aefe_4>
...
001 (418.017.000) 10/26 12:22:11 Job executing on host: <140.160.143.153:9618?addrs=140.160.143.153-9618&noUDP&sock=2977_8d88_3>
...
006 (418.017.000) 10/26 12:22:19 Image size of job updated: 2228
	3  -  MemoryUsage of job (MB)
	2228  -  ResidentSetSize of job (KB)
...
006 (418.017.000) 10/26 12:27:19 Image size of job updated: 2232
	3  -  MemoryUsage of job (MB)
	2232  -  ResidentSetSize of job (KB)
...
006 (418.017.000) 10/26 12:52:22 Image size of job updated: 2340
	3  -  MemoryUsage of job (MB)
	2340  -  ResidentSetSize of job (KB)
...
004 (418.017.000) 10/26 20:10:06 Job was evicted.
	(0) Job was not checkpointed.
		Usr 0 13:06:31, Sys 0 02:28:59  -  Run Remote Usage
		Usr 0 00:00:00, Sys 0 00:00:00  -  Run Local Usage
	0  -  Run Bytes Sent By Job
	0  -  Run Bytes Received By Job
	Partitionable Resources :    Usage  Request Allocated 
	   Cpus                 :     2.00        2         2 
	   Disk (KB)            :   150         150    876534 
	   Gpus                 :                           0 
	   Memory (MB)          :     3       20480     20480 
...
009 (418.017.000) 10/26 20:10:07 Job was aborted by the user.
	via condor_rm (by user scoggim)
...
000 (419.017.000) 10/26 20:10:13 Job submitted from host: <140.160.143.131:9618?addrs=140.160.143.131-9618&noUDP&sock=2776_aefe_4>
...
001 (419.017.000) 10/26 20:10:14 Job executing on host: <140.160.143.153:9618?addrs=140.160.143.153-9618&noUDP&sock=2977_8d88_3>
...
006 (419.017.000) 10/26 20:10:22 Image size of job updated: 2228
	3  -  MemoryUsage of job (MB)
	2228  -  ResidentSetSize of job (KB)
...
006 (419.017.000) 10/26 20:40:25 Image size of job updated: 2336
	3  -  MemoryUsage of job (MB)
	2336  -  ResidentSetSize of job (KB)
...
004 (419.017.000) 10/27 11:05:19 Job was evicted.
	(0) Job was not checkpointed.
		Usr 1 00:59:11, Sys 0 04:50:18  -  Run Remote Usage
		Usr 0 00:00:00, Sys 0 00:00:00  -  Run Local Usage
	0  -  Run Bytes Sent By Job
	0  -  Run Bytes Received By Job
	Partitionable Resources :    Usage  Request Allocated 
	   Cpus                 :     2.00        2         2 
	   Disk (KB)            :   150         150    876534 
	   Gpus                 :                           0 
	   Memory (MB)          :     3       20480     20480 
...
009 (419.017.000) 10/27 11:05:19 Job was aborted by the user.
	via condor_rm (by user scoggim)
...
000 (420.017.000) 10/27 11:17:25 Job submitted from host: <140.160.143.131:9618?addrs=140.160.143.131-9618&noUDP&sock=2776_aefe_4>
...
001 (420.017.000) 10/27 11:17:45 Job executing on host: <140.160.143.152:9618?addrs=140.160.143.152-9618&noUDP&sock=3041_7397_3>
...
006 (420.017.000) 10/27 11:17:53 Image size of job updated: 2232
	3  -  MemoryUsage of job (MB)
	2232  -  ResidentSetSize of job (KB)
...
006 (420.017.000) 10/27 12:02:56 Image size of job updated: 2340
	3  -  MemoryUsage of job (MB)
	2340  -  ResidentSetSize of job (KB)
...
005 (420.017.000) 10/31 18:40:38 Job terminated.
	(1) Normal termination (return value 0)
		Usr 7 06:04:27, Sys 1 08:39:47  -  Run Remote Usage
		Usr 0 00:00:00, Sys 0 00:00:00  -  Run Local Usage
		Usr 7 06:04:27, Sys 1 08:39:47  -  Total Remote Usage
		Usr 0 00:00:00, Sys 0 00:00:00  -  Total Local Usage
	0  -  Run Bytes Sent By Job
	0  -  Run Bytes Received By Job
	0  -  Total Bytes Sent By Job
	0  -  Total Bytes Received By Job
	Partitionable Resources :    Usage  Request Allocated 
	   Cpus                 :     2.00        2         2 
	   Disk (KB)            :   150         150    880710 
	   Gpus                 :                           0 
	   Memory (MB)          :     3       20480     20480 
...
