000 (2267.764.000) 04/28 23:44:32 Job submitted from host: <140.160.143.131:9618?addrs=140.160.143.131-9618&noUDP&sock=3131910_565e_30>
...
000 (2268.764.000) 04/28 23:46:20 Job submitted from host: <140.160.143.131:9618?addrs=140.160.143.131-9618&noUDP&sock=3131910_565e_30>
...
001 (2267.764.000) 05/01 12:15:27 Job executing on host: <140.160.143.165:9618?addrs=140.160.143.165-9618&noUDP&sock=9630_f51d_3>
...
006 (2267.764.000) 05/01 12:15:36 Image size of job updated: 2732
	3  -  MemoryUsage of job (MB)
	2732  -  ResidentSetSize of job (KB)
...
005 (2267.764.000) 05/02 06:14:24 Job terminated.
	(1) Normal termination (return value 0)
		Usr 1 17:06:40, Sys 1 06:47:37  -  Run Remote Usage
		Usr 0 00:00:00, Sys 0 00:00:00  -  Run Local Usage
		Usr 1 17:06:40, Sys 1 06:47:37  -  Total Remote Usage
		Usr 0 00:00:00, Sys 0 00:00:00  -  Total Local Usage
	0  -  Run Bytes Sent By Job
	0  -  Run Bytes Received By Job
	0  -  Total Bytes Sent By Job
	0  -  Total Bytes Received By Job
	Partitionable Resources :    Usage  Request Allocated 
	   Cpus                 :     4.00        4         4 
	   Disk (KB)            :   175         175    844764 
	   Memory (MB)          :     3           1       128 
...
009 (2268.764.000) 05/11 09:58:41 Job was aborted by the user.
	via condor_rm (by user scoggim)
...
000 (2400.088.000) 05/11 12:37:09 Job submitted from host: <140.160.143.131:9618?addrs=140.160.143.131-9618&noUDP&sock=3131910_565e_30>
...
001 (2400.088.000) 05/11 12:37:14 Job executing on host: <140.160.143.146:9618?addrs=140.160.143.146-9618&noUDP&sock=23249_756d_3>
...
006 (2400.088.000) 05/11 12:37:23 Image size of job updated: 2048
	2  -  MemoryUsage of job (MB)
	2048  -  ResidentSetSize of job (KB)
...
006 (2400.088.000) 05/11 13:02:26 Image size of job updated: 2052
	3  -  MemoryUsage of job (MB)
	2052  -  ResidentSetSize of job (KB)
...
005 (2400.088.000) 05/11 18:57:13 Job terminated.
	(1) Normal termination (return value 0)
		Usr 0 06:19:28, Sys 0 00:00:01  -  Run Remote Usage
		Usr 0 00:00:00, Sys 0 00:00:00  -  Run Local Usage
		Usr 0 06:19:28, Sys 0 00:00:01  -  Total Remote Usage
		Usr 0 00:00:00, Sys 0 00:00:00  -  Total Local Usage
	0  -  Run Bytes Sent By Job
	0  -  Run Bytes Received By Job
	0  -  Total Bytes Sent By Job
	0  -  Total Bytes Received By Job
	Partitionable Resources :    Usage  Request Allocated 
	   Cpus                 :     1.00        1         1 
	   Disk (KB)            :   175         175    881144 
	   Memory (MB)          :     3           1       128 
...
000 (2511.764.000) 05/27 15:03:28 Job submitted from host: <140.160.143.131:9618?addrs=140.160.143.131-9618&noUDP&sock=3131910_565e_30>
...
001 (2511.764.000) 05/27 23:11:17 Job executing on host: <140.160.143.147:9618?addrs=140.160.143.147-9618&noUDP&sock=26984_5ba8_3>
...
006 (2511.764.000) 05/27 23:11:26 Image size of job updated: 62180
	61  -  MemoryUsage of job (MB)
	62180  -  ResidentSetSize of job (KB)
...
006 (2511.764.000) 05/31 13:14:18 Image size of job updated: 145796
	61  -  MemoryUsage of job (MB)
	62180  -  ResidentSetSize of job (KB)
...
004 (2511.764.000) 05/31 13:14:18 Job was evicted.
	(0) Job was not checkpointed.
		Usr 3 13:52:57, Sys 0 00:00:08  -  Run Remote Usage
		Usr 0 00:00:00, Sys 0 00:00:00  -  Run Local Usage
	0  -  Run Bytes Sent By Job
	0  -  Run Bytes Received By Job
	Partitionable Resources :    Usage  Request Allocated 
	   Cpus                 :     1.00        1         1 
	   Disk (KB)            :   175         175    196727 
	   Memory (MB)          :    61           1       128 
...
009 (2511.764.000) 05/31 13:14:18 Job was aborted by the user.
	via condor_rm (by user scoggim)
...
000 (2516.088.000) 06/02 11:26:46 Job submitted from host: <140.160.143.131:9618?addrs=140.160.143.131-9618&noUDP&sock=3131910_565e_30>
...
001 (2516.088.000) 06/02 11:26:59 Job executing on host: <140.160.143.147:9618?addrs=140.160.143.147-9618&noUDP&sock=26984_5ba8_3>
...
006 (2516.088.000) 06/02 11:27:08 Image size of job updated: 62168
	61  -  MemoryUsage of job (MB)
	62168  -  ResidentSetSize of job (KB)
...
006 (2516.088.000) 06/02 21:03:09 Image size of job updated: 67064
	66  -  MemoryUsage of job (MB)
	67064  -  ResidentSetSize of job (KB)
...
006 (2516.088.000) 06/03 01:05:38 Image size of job updated: 145796
	66  -  MemoryUsage of job (MB)
	67064  -  ResidentSetSize of job (KB)
...
004 (2516.088.000) 06/03 01:05:39 Job was evicted.
	(0) Job was not checkpointed.
		Usr 0 13:36:57, Sys 0 00:00:01  -  Run Remote Usage
		Usr 0 00:00:00, Sys 0 00:00:00  -  Run Local Usage
	0  -  Run Bytes Sent By Job
	0  -  Run Bytes Received By Job
	Partitionable Resources :    Usage  Request Allocated 
	   Cpus                 :     1.00        1         1 
	   Disk (KB)            :   175         175    196727 
	   Memory (MB)          :    66           1       128 
...
009 (2516.088.000) 06/03 01:05:41 Job was aborted by the user.
	via condor_rm (by user scoggim)
...
000 (2523.088.000) 06/03 01:09:43 Job submitted from host: <140.160.143.131:9618?addrs=140.160.143.131-9618&noUDP&sock=3131910_565e_30>
...
009 (2523.088.000) 06/03 01:12:02 Job was aborted by the user.
	via condor_rm (by user scoggim)
...
000 (2524.088.000) 06/03 01:12:07 Job submitted from host: <140.160.143.131:9618?addrs=140.160.143.131-9618&noUDP&sock=3131910_565e_30>
...
009 (2524.088.000) 06/03 11:11:22 Job was aborted by the user.
	via condor_rm (by user scoggim)
...
000 (2525.088.000) 06/03 11:11:41 Job submitted from host: <140.160.143.131:9618?addrs=140.160.143.131-9618&noUDP&sock=3131910_565e_30>
...
001 (2525.088.000) 06/03 11:12:06 Job executing on host: <140.160.143.140:9618?addrs=140.160.143.140-9618&noUDP&sock=16192_f195_3>
...
006 (2525.088.000) 06/03 11:12:15 Image size of job updated: 62168
	61  -  MemoryUsage of job (MB)
	62168  -  ResidentSetSize of job (KB)
...
006 (2525.088.000) 06/05 02:56:27 Image size of job updated: 67060
	66  -  MemoryUsage of job (MB)
	67060  -  ResidentSetSize of job (KB)
...
006 (2525.088.000) 06/05 15:28:07 Image size of job updated: 145788
	66  -  MemoryUsage of job (MB)
	67060  -  ResidentSetSize of job (KB)
...
005 (2525.088.000) 06/05 15:28:07 Job terminated.
	(1) Normal termination (return value 0)
		Usr 2 04:03:18, Sys 0 00:05:16  -  Run Remote Usage
		Usr 0 00:00:00, Sys 0 00:00:00  -  Run Local Usage
		Usr 2 04:03:18, Sys 0 00:05:16  -  Total Remote Usage
		Usr 0 00:00:00, Sys 0 00:00:00  -  Total Local Usage
	0  -  Run Bytes Sent By Job
	0  -  Run Bytes Received By Job
	0  -  Total Bytes Sent By Job
	0  -  Total Bytes Received By Job
	Partitionable Resources :    Usage  Request Allocated 
	   Cpus                 :     1.00        1         1 
	   Disk (KB)            :   175         175    881228 
	   Memory (MB)          :    66           1       128 
...
