000 (674434.000.000) 09/14 14:18:50 Job submitted from host: <140.160.143.130:9618?addrs=140.160.143.130-9618&noUDP&sock=5591_da80_4>
...
009 (674434.000.000) 09/14 14:20:43 Job was aborted by the user.
	via condor_rm (by user scoggim)
...
000 (674578.000.000) 09/14 14:25:59 Job submitted from host: <140.160.143.130:9618?addrs=140.160.143.130-9618&noUDP&sock=5591_da80_4>
...
000 (674722.000.000) 09/14 14:26:41 Job submitted from host: <140.160.143.130:9618?addrs=140.160.143.130-9618&noUDP&sock=5591_da80_4>
...
000 (674866.000.000) 09/14 14:27:39 Job submitted from host: <140.160.143.130:9618?addrs=140.160.143.130-9618&noUDP&sock=5591_da80_4>
...
009 (674722.000.000) 09/14 14:46:33 Job was aborted by the user.
	via condor_rm (by user scoggim)
...
009 (674866.000.000) 09/14 14:46:33 Job was aborted by the user.
	via condor_rm (by user scoggim)
...
009 (674578.000.000) 09/14 14:46:33 Job was aborted by the user.
	via condor_rm (by user scoggim)
...
000 (675046.000.000) 09/14 22:20:26 Job submitted from host: <140.160.143.130:9618?addrs=140.160.143.130-9618&noUDP&sock=5591_da80_4>
...
001 (675046.000.000) 09/16 05:43:55 Job executing on host: <140.160.143.150:9618?addrs=140.160.143.150-9618&noUDP&sock=4797_3c4d_3>
...
006 (675046.000.000) 09/16 05:44:03 Image size of job updated: 2728
	3  -  MemoryUsage of job (MB)
	2728  -  ResidentSetSize of job (KB)
...
006 (675046.000.000) 09/16 05:49:03 Image size of job updated: 19284
	19  -  MemoryUsage of job (MB)
	19284  -  ResidentSetSize of job (KB)
...
006 (675046.000.000) 09/16 05:54:03 Image size of job updated: 34968
	35  -  MemoryUsage of job (MB)
	34968  -  ResidentSetSize of job (KB)
...
006 (675046.000.000) 09/16 05:59:04 Image size of job updated: 50688
	50  -  MemoryUsage of job (MB)
	50688  -  ResidentSetSize of job (KB)
...
006 (675046.000.000) 09/16 06:04:05 Image size of job updated: 64164
	63  -  MemoryUsage of job (MB)
	64164  -  ResidentSetSize of job (KB)
...
006 (675046.000.000) 09/18 17:17:40 Image size of job updated: 16147144
	63  -  MemoryUsage of job (MB)
	64164  -  ResidentSetSize of job (KB)
...
005 (675046.000.000) 09/18 17:17:40 Job terminated.
	(1) Normal termination (return value 0)
		Usr 0 00:20:04, Sys 0 00:09:05  -  Run Remote Usage
		Usr 0 00:00:00, Sys 0 00:00:00  -  Run Local Usage
		Usr 0 00:20:04, Sys 0 00:09:05  -  Total Remote Usage
		Usr 0 00:00:00, Sys 0 00:00:00  -  Total Local Usage
	0  -  Run Bytes Sent By Job
	0  -  Run Bytes Received By Job
	0  -  Total Bytes Sent By Job
	0  -  Total Bytes Received By Job
	Partitionable Resources :    Usage  Request Allocated 
	   Cpus                 :     1.98        2         2 
	   Disk (KB)            :   150         150     20024 
	   Gpus                 :                           0 
	   Memory (MB)          :    63           1       128 
...
000 (259.000.000) 10/21 16:26:41 Job submitted from host: <140.160.143.131:9618?addrs=140.160.143.131-9618&noUDP&sock=2776_aefe_4>
...
009 (259.000.000) 10/22 13:21:45 Job was aborted by the user.
	via condor_rm (by user scoggim)
...
000 (309.015.000) 10/22 13:32:35 Job submitted from host: <140.160.143.131:9618?addrs=140.160.143.131-9618&noUDP&sock=2776_aefe_4>
...
001 (309.015.000) 10/22 13:32:48 Job executing on host: <140.160.143.144:9618?addrs=140.160.143.144-9618&noUDP&sock=1354_4f52_3>
...
006 (309.015.000) 10/22 13:32:56 Image size of job updated: 2228
	3  -  MemoryUsage of job (MB)
	2228  -  ResidentSetSize of job (KB)
...
006 (309.015.000) 10/22 13:37:56 Image size of job updated: 2232
	3  -  MemoryUsage of job (MB)
	2232  -  ResidentSetSize of job (KB)
...
006 (309.015.000) 10/22 13:52:57 Image size of job updated: 2340
	3  -  MemoryUsage of job (MB)
	2340  -  ResidentSetSize of job (KB)
...
005 (309.015.000) 10/24 04:03:41 Job terminated.
	(1) Normal termination (return value 0)
		Usr 2 17:28:55, Sys 0 11:32:37  -  Run Remote Usage
		Usr 0 00:00:00, Sys 0 00:00:00  -  Run Local Usage
		Usr 2 17:28:55, Sys 0 11:32:37  -  Total Remote Usage
		Usr 0 00:00:00, Sys 0 00:00:00  -  Total Local Usage
	0  -  Run Bytes Sent By Job
	0  -  Run Bytes Received By Job
	0  -  Total Bytes Sent By Job
	0  -  Total Bytes Received By Job
	Partitionable Resources :    Usage  Request Allocated 
	   Cpus                 :     2.00        2         2 
	   Disk (KB)            :   150         150    888004 
	   Memory (MB)          :     3       20480     20480 
...
000 (376.015.000) 10/24 18:01:12 Job submitted from host: <140.160.143.131:9618?addrs=140.160.143.131-9618&noUDP&sock=2776_aefe_4>
...
001 (376.015.000) 10/24 18:01:13 Job executing on host: <140.160.143.143:9618?addrs=140.160.143.143-9618&noUDP&sock=1347_8228_3>
...
006 (376.015.000) 10/24 18:01:21 Image size of job updated: 2220
	3  -  MemoryUsage of job (MB)
	2220  -  ResidentSetSize of job (KB)
...
006 (376.015.000) 10/24 18:01:26 Image size of job updated: 145100
	3  -  MemoryUsage of job (MB)
	2220  -  ResidentSetSize of job (KB)
...
004 (376.015.000) 10/24 18:01:26 Job was evicted.
	(0) Job was not checkpointed.
		Usr 0 00:00:21, Sys 0 00:00:03  -  Run Remote Usage
		Usr 0 00:00:00, Sys 0 00:00:00  -  Run Local Usage
	0  -  Run Bytes Sent By Job
	0  -  Run Bytes Received By Job
	Partitionable Resources :    Usage  Request Allocated 
	   Cpus                 :        0        2         2 
	   Disk (KB)            :      150      150    888012 
	   Memory (MB)          :        3    20480     20480 
...
009 (376.015.000) 10/24 18:01:26 Job was aborted by the user.
	via condor_rm (by user scoggim)
...
000 (377.015.000) 10/24 18:02:23 Job submitted from host: <140.160.143.131:9618?addrs=140.160.143.131-9618&noUDP&sock=2776_aefe_4>
...
001 (377.015.000) 10/24 18:02:34 Job executing on host: <140.160.143.143:9618?addrs=140.160.143.143-9618&noUDP&sock=1347_8228_3>
...
006 (377.015.000) 10/24 18:02:42 Image size of job updated: 2236
	3  -  MemoryUsage of job (MB)
	2236  -  ResidentSetSize of job (KB)
...
006 (377.015.000) 10/24 18:22:44 Image size of job updated: 2344
	3  -  MemoryUsage of job (MB)
	2344  -  ResidentSetSize of job (KB)
...
004 (377.015.000) 10/24 22:08:59 Job was evicted.
	(0) Job was not checkpointed.
		Usr 0 07:02:28, Sys 0 01:10:22  -  Run Remote Usage
		Usr 0 00:00:00, Sys 0 00:00:00  -  Run Local Usage
	0  -  Run Bytes Sent By Job
	0  -  Run Bytes Received By Job
	Partitionable Resources :    Usage  Request Allocated 
	   Cpus                 :     2.00        2         2 
	   Disk (KB)            :   150         150    888012 
	   Memory (MB)          :     3       20480     20480 
...
009 (377.015.000) 10/24 22:09:00 Job was aborted by the user.
	via condor_rm (by user scoggim)
...
000 (378.015.000) 10/24 22:09:10 Job submitted from host: <140.160.143.131:9618?addrs=140.160.143.131-9618&noUDP&sock=2776_aefe_4>
...
001 (378.015.000) 10/24 22:09:11 Job executing on host: <140.160.143.143:9618?addrs=140.160.143.143-9618&noUDP&sock=1347_8228_3>
...
006 (378.015.000) 10/24 22:09:20 Image size of job updated: 2228
	3  -  MemoryUsage of job (MB)
	2228  -  ResidentSetSize of job (KB)
...
006 (378.015.000) 10/24 22:29:23 Image size of job updated: 2336
	3  -  MemoryUsage of job (MB)
	2336  -  ResidentSetSize of job (KB)
...
006 (378.015.000) 10/25 01:09:39 Image size of job updated: 2340
	3  -  MemoryUsage of job (MB)
	2340  -  ResidentSetSize of job (KB)
...
004 (378.015.000) 10/25 11:03:40 Job was evicted.
	(0) Job was not checkpointed.
		Usr 0 22:15:36, Sys 0 03:33:20  -  Run Remote Usage
		Usr 0 00:00:00, Sys 0 00:00:00  -  Run Local Usage
	0  -  Run Bytes Sent By Job
	0  -  Run Bytes Received By Job
	Partitionable Resources :    Usage  Request Allocated 
	   Cpus                 :     2.00        2         2 
	   Disk (KB)            :   150         150    888012 
	   Memory (MB)          :     3       20480     20480 
...
009 (378.015.000) 10/25 11:03:40 Job was aborted by the user.
	via condor_rm (by user scoggim)
...
000 (392.015.000) 10/25 11:03:48 Job submitted from host: <140.160.143.131:9618?addrs=140.160.143.131-9618&noUDP&sock=2776_aefe_4>
...
001 (392.015.000) 10/25 11:04:08 Job executing on host: <140.160.143.143:9618?addrs=140.160.143.143-9618&noUDP&sock=1347_8228_3>
...
006 (392.015.000) 10/25 11:04:16 Image size of job updated: 2220
	3  -  MemoryUsage of job (MB)
	2220  -  ResidentSetSize of job (KB)
...
006 (392.015.000) 10/25 11:24:18 Image size of job updated: 2328
	3  -  MemoryUsage of job (MB)
	2328  -  ResidentSetSize of job (KB)
...
006 (392.015.000) 10/25 14:19:38 Image size of job updated: 2332
	3  -  MemoryUsage of job (MB)
	2332  -  ResidentSetSize of job (KB)
...
004 (392.015.000) 10/25 14:27:29 Job was evicted.
	(0) Job was not checkpointed.
		Usr 0 05:48:20, Sys 0 00:58:22  -  Run Remote Usage
		Usr 0 00:00:00, Sys 0 00:00:00  -  Run Local Usage
	0  -  Run Bytes Sent By Job
	0  -  Run Bytes Received By Job
	Partitionable Resources :    Usage  Request Allocated 
	   Cpus                 :     2.00        2         2 
	   Disk (KB)            :   150         150    888012 
	   Memory (MB)          :     3       20480     20480 
...
009 (392.015.000) 10/25 14:27:30 Job was aborted by the user.
	via condor_rm (by user scoggim)
...
000 (396.015.000) 10/25 14:27:34 Job submitted from host: <140.160.143.131:9618?addrs=140.160.143.131-9618&noUDP&sock=2776_aefe_4>
...
001 (396.015.000) 10/25 14:27:37 Job executing on host: <140.160.143.143:9618?addrs=140.160.143.143-9618&noUDP&sock=1347_8228_3>
...
006 (396.015.000) 10/25 14:27:46 Image size of job updated: 2232
	3  -  MemoryUsage of job (MB)
	2232  -  ResidentSetSize of job (KB)
...
006 (396.015.000) 10/25 14:47:48 Image size of job updated: 2340
	3  -  MemoryUsage of job (MB)
	2340  -  ResidentSetSize of job (KB)
...
006 (396.015.000) 10/25 17:33:05 Image size of job updated: 2344
	3  -  MemoryUsage of job (MB)
	2344  -  ResidentSetSize of job (KB)
...
006 (396.015.000) 10/26 12:20:55 Image size of job updated: 145108
	3  -  MemoryUsage of job (MB)
	2344  -  ResidentSetSize of job (KB)
...
004 (396.015.000) 10/26 12:20:55 Job was evicted.
	(0) Job was not checkpointed.
		Usr 1 13:41:11, Sys 0 06:05:23  -  Run Remote Usage
		Usr 0 00:00:00, Sys 0 00:00:00  -  Run Local Usage
	0  -  Run Bytes Sent By Job
	0  -  Run Bytes Received By Job
	Partitionable Resources :    Usage  Request Allocated 
	   Cpus                 :     2.00        2         2 
	   Disk (KB)            :   150         150    888012 
	   Memory (MB)          :     3       20480     20480 
...
009 (396.015.000) 10/26 12:20:55 Job was aborted by the user.
	via condor_rm (by user scoggim)
...
000 (418.015.000) 10/26 12:22:09 Job submitted from host: <140.160.143.131:9618?addrs=140.160.143.131-9618&noUDP&sock=2776_aefe_4>
...
001 (418.015.000) 10/26 12:22:11 Job executing on host: <140.160.143.143:9618?addrs=140.160.143.143-9618&noUDP&sock=1347_8228_3>
...
006 (418.015.000) 10/26 12:22:19 Image size of job updated: 2232
	3  -  MemoryUsage of job (MB)
	2232  -  ResidentSetSize of job (KB)
...
006 (418.015.000) 10/26 12:42:20 Image size of job updated: 2340
	3  -  MemoryUsage of job (MB)
	2340  -  ResidentSetSize of job (KB)
...
006 (418.015.000) 10/26 15:27:37 Image size of job updated: 2344
	3  -  MemoryUsage of job (MB)
	2344  -  ResidentSetSize of job (KB)
...
004 (418.015.000) 10/26 20:10:06 Job was evicted.
	(0) Job was not checkpointed.
		Usr 0 13:21:59, Sys 0 02:13:50  -  Run Remote Usage
		Usr 0 00:00:00, Sys 0 00:00:00  -  Run Local Usage
	0  -  Run Bytes Sent By Job
	0  -  Run Bytes Received By Job
	Partitionable Resources :    Usage  Request Allocated 
	   Cpus                 :     2.00        2         2 
	   Disk (KB)            :   150         150    888012 
	   Memory (MB)          :     3       20480     20480 
...
009 (418.015.000) 10/26 20:10:07 Job was aborted by the user.
	via condor_rm (by user scoggim)
...
000 (419.015.000) 10/26 20:10:13 Job submitted from host: <140.160.143.131:9618?addrs=140.160.143.131-9618&noUDP&sock=2776_aefe_4>
...
001 (419.015.000) 10/26 20:10:14 Job executing on host: <140.160.143.143:9618?addrs=140.160.143.143-9618&noUDP&sock=1347_8228_3>
...
006 (419.015.000) 10/26 20:10:22 Image size of job updated: 2232
	3  -  MemoryUsage of job (MB)
	2232  -  ResidentSetSize of job (KB)
...
006 (419.015.000) 10/26 20:30:23 Image size of job updated: 2340
	3  -  MemoryUsage of job (MB)
	2340  -  ResidentSetSize of job (KB)
...
006 (419.015.000) 10/27 11:05:18 Image size of job updated: 145104
	3  -  MemoryUsage of job (MB)
	2340  -  ResidentSetSize of job (KB)
...
004 (419.015.000) 10/27 11:05:18 Job was evicted.
	(0) Job was not checkpointed.
		Usr 1 01:40:43, Sys 0 04:09:25  -  Run Remote Usage
		Usr 0 00:00:00, Sys 0 00:00:00  -  Run Local Usage
	0  -  Run Bytes Sent By Job
	0  -  Run Bytes Received By Job
	Partitionable Resources :    Usage  Request Allocated 
	   Cpus                 :     2.00        2         2 
	   Disk (KB)            :   150         150    888012 
	   Memory (MB)          :     3       20480     20480 
...
009 (419.015.000) 10/27 11:05:19 Job was aborted by the user.
	via condor_rm (by user scoggim)
...
000 (420.015.000) 10/27 11:17:25 Job submitted from host: <140.160.143.131:9618?addrs=140.160.143.131-9618&noUDP&sock=2776_aefe_4>
...
001 (420.015.000) 10/27 11:17:44 Job executing on host: <140.160.143.143:9618?addrs=140.160.143.143-9618&noUDP&sock=1347_8228_3>
...
006 (420.015.000) 10/27 11:17:53 Image size of job updated: 2228
	3  -  MemoryUsage of job (MB)
	2228  -  ResidentSetSize of job (KB)
...
006 (420.015.000) 10/27 11:47:56 Image size of job updated: 2336
	3  -  MemoryUsage of job (MB)
	2336  -  ResidentSetSize of job (KB)
...
005 (420.015.000) 10/30 18:52:05 Job terminated.
	(1) Normal termination (return value 0)
		Usr 5 16:54:58, Sys 0 22:13:41  -  Run Remote Usage
		Usr 0 00:00:00, Sys 0 00:00:00  -  Run Local Usage
		Usr 5 16:54:58, Sys 0 22:13:41  -  Total Remote Usage
		Usr 0 00:00:00, Sys 0 00:00:00  -  Total Local Usage
	0  -  Run Bytes Sent By Job
	0  -  Run Bytes Received By Job
	0  -  Total Bytes Sent By Job
	0  -  Total Bytes Received By Job
	Partitionable Resources :    Usage  Request Allocated 
	   Cpus                 :     2.00        2         2 
	   Disk (KB)            :   150         150    888012 
	   Memory (MB)          :     3       20480     20480 
...
