000 (674392.000.000) 09/14 14:18:49 Job submitted from host: <140.160.143.130:9618?addrs=140.160.143.130-9618&noUDP&sock=5591_da80_4>
...
009 (674392.000.000) 09/14 14:20:44 Job was aborted by the user.
	via condor_rm (by user scoggim)
...
000 (674536.000.000) 09/14 14:25:58 Job submitted from host: <140.160.143.130:9618?addrs=140.160.143.130-9618&noUDP&sock=5591_da80_4>
...
000 (674680.000.000) 09/14 14:26:39 Job submitted from host: <140.160.143.130:9618?addrs=140.160.143.130-9618&noUDP&sock=5591_da80_4>
...
000 (674824.000.000) 09/14 14:27:38 Job submitted from host: <140.160.143.130:9618?addrs=140.160.143.130-9618&noUDP&sock=5591_da80_4>
...
009 (674824.000.000) 09/14 14:46:33 Job was aborted by the user.
	via condor_rm (by user scoggim)
...
009 (674536.000.000) 09/14 14:46:33 Job was aborted by the user.
	via condor_rm (by user scoggim)
...
009 (674680.000.000) 09/14 14:46:33 Job was aborted by the user.
	via condor_rm (by user scoggim)
...
000 (675004.000.000) 09/14 22:20:24 Job submitted from host: <140.160.143.130:9618?addrs=140.160.143.130-9618&noUDP&sock=5591_da80_4>
...
001 (675004.000.000) 09/15 12:38:10 Job executing on host: <140.160.143.157:9618?addrs=140.160.143.157-9618&noUDP&sock=4484_2bf8_11>
...
006 (675004.000.000) 09/15 12:38:19 Image size of job updated: 139484
	0  -  MemoryUsage of job (MB)
	0  -  ResidentSetSize of job (KB)
...
006 (675004.000.000) 09/15 12:43:20 Image size of job updated: 236756
	0  -  MemoryUsage of job (MB)
	0  -  ResidentSetSize of job (KB)
...
006 (675004.000.000) 09/15 12:48:20 Image size of job updated: 339264
	0  -  MemoryUsage of job (MB)
	0  -  ResidentSetSize of job (KB)
...
006 (675004.000.000) 09/15 12:53:21 Image size of job updated: 453336
	0  -  MemoryUsage of job (MB)
	0  -  ResidentSetSize of job (KB)
...
006 (675004.000.000) 09/15 12:58:22 Image size of job updated: 558700
	0  -  MemoryUsage of job (MB)
	0  -  ResidentSetSize of job (KB)
...
006 (675004.000.000) 09/15 13:03:22 Image size of job updated: 654796
	0  -  MemoryUsage of job (MB)
	0  -  ResidentSetSize of job (KB)
...
006 (675004.000.000) 09/15 13:08:22 Image size of job updated: 755988
	0  -  MemoryUsage of job (MB)
	0  -  ResidentSetSize of job (KB)
...
006 (675004.000.000) 09/15 13:13:23 Image size of job updated: 854072
	0  -  MemoryUsage of job (MB)
	0  -  ResidentSetSize of job (KB)
...
006 (675004.000.000) 09/15 13:18:24 Image size of job updated: 958764
	0  -  MemoryUsage of job (MB)
	0  -  ResidentSetSize of job (KB)
...
006 (675004.000.000) 09/15 13:23:24 Image size of job updated: 1062532
	0  -  MemoryUsage of job (MB)
	0  -  ResidentSetSize of job (KB)
...
006 (675004.000.000) 09/15 13:28:25 Image size of job updated: 1164508
	0  -  MemoryUsage of job (MB)
	0  -  ResidentSetSize of job (KB)
...
006 (675004.000.000) 09/15 13:33:26 Image size of job updated: 1266652
	0  -  MemoryUsage of job (MB)
	0  -  ResidentSetSize of job (KB)
...
006 (675004.000.000) 09/15 13:38:26 Image size of job updated: 1370616
	0  -  MemoryUsage of job (MB)
	0  -  ResidentSetSize of job (KB)
...
006 (675004.000.000) 09/15 13:43:26 Image size of job updated: 1473264
	0  -  MemoryUsage of job (MB)
	0  -  ResidentSetSize of job (KB)
...
006 (675004.000.000) 09/15 13:47:01 Image size of job updated: 1544860
	0  -  MemoryUsage of job (MB)
	0  -  ResidentSetSize of job (KB)
...
005 (675004.000.000) 09/15 13:47:01 Job terminated.
	(1) Normal termination (return value 0)
		Usr 0 00:00:00, Sys 0 00:00:00  -  Run Remote Usage
		Usr 0 00:00:00, Sys 0 00:00:00  -  Run Local Usage
		Usr 0 00:00:00, Sys 0 00:00:00  -  Total Remote Usage
		Usr 0 00:00:00, Sys 0 00:00:00  -  Total Local Usage
	0  -  Run Bytes Sent By Job
	0  -  Run Bytes Received By Job
	0  -  Total Bytes Sent By Job
	0  -  Total Bytes Received By Job
	Partitionable Resources :    Usage  Request Allocated 
	   Cpus                 :     2.00        2         2 
	   Disk (KB)            :   150         150     18045 
	   Memory (MB)          :     0           1       128 
...
