000 (674483.000.000) 09/14 14:18:52 Job submitted from host: <140.160.143.130:9618?addrs=140.160.143.130-9618&noUDP&sock=5591_da80_4>
...
009 (674483.000.000) 09/14 14:20:43 Job was aborted by the user.
	via condor_rm (by user scoggim)
...
000 (674627.000.000) 09/14 14:26:01 Job submitted from host: <140.160.143.130:9618?addrs=140.160.143.130-9618&noUDP&sock=5591_da80_4>
...
000 (674771.000.000) 09/14 14:26:43 Job submitted from host: <140.160.143.130:9618?addrs=140.160.143.130-9618&noUDP&sock=5591_da80_4>
...
000 (674915.000.000) 09/14 14:27:41 Job submitted from host: <140.160.143.130:9618?addrs=140.160.143.130-9618&noUDP&sock=5591_da80_4>
...
009 (674915.000.000) 09/14 14:46:33 Job was aborted by the user.
	via condor_rm (by user scoggim)
...
009 (674627.000.000) 09/14 14:46:33 Job was aborted by the user.
	via condor_rm (by user scoggim)
...
009 (674771.000.000) 09/14 14:46:33 Job was aborted by the user.
	via condor_rm (by user scoggim)
...
000 (675095.000.000) 09/14 22:20:28 Job submitted from host: <140.160.143.130:9618?addrs=140.160.143.130-9618&noUDP&sock=5591_da80_4>
...
001 (675095.000.000) 09/21 00:39:50 Job executing on host: <140.160.143.156:9618?addrs=140.160.143.156-9618&noUDP&sock=4471_a06d_3>
...
006 (675095.000.000) 09/21 00:39:59 Image size of job updated: 4824
	5  -  MemoryUsage of job (MB)
	4748  -  ResidentSetSize of job (KB)
...
006 (675095.000.000) 09/21 00:44:59 Image size of job updated: 15124
	15  -  MemoryUsage of job (MB)
	15048  -  ResidentSetSize of job (KB)
...
006 (675095.000.000) 09/21 00:49:59 Image size of job updated: 25064
	25  -  MemoryUsage of job (MB)
	24988  -  ResidentSetSize of job (KB)
...
006 (675095.000.000) 09/21 00:55:00 Image size of job updated: 35884
	35  -  MemoryUsage of job (MB)
	35808  -  ResidentSetSize of job (KB)
...
006 (675095.000.000) 09/21 01:00:01 Image size of job updated: 46008
	45  -  MemoryUsage of job (MB)
	45932  -  ResidentSetSize of job (KB)
...
006 (675095.000.000) 09/21 01:05:01 Image size of job updated: 55632
	55  -  MemoryUsage of job (MB)
	55556  -  ResidentSetSize of job (KB)
...
006 (675095.000.000) 09/21 01:10:02 Image size of job updated: 66824
	66  -  MemoryUsage of job (MB)
	66748  -  ResidentSetSize of job (KB)
...
006 (675095.000.000) 09/21 01:15:03 Image size of job updated: 77228
	76  -  MemoryUsage of job (MB)
	77152  -  ResidentSetSize of job (KB)
...
006 (675095.000.000) 09/21 01:20:03 Image size of job updated: 87592
	86  -  MemoryUsage of job (MB)
	87516  -  ResidentSetSize of job (KB)
...
006 (675095.000.000) 09/21 01:25:03 Image size of job updated: 97956
	96  -  MemoryUsage of job (MB)
	97880  -  ResidentSetSize of job (KB)
...
006 (675095.000.000) 09/21 01:30:04 Image size of job updated: 107444
	105  -  MemoryUsage of job (MB)
	107368  -  ResidentSetSize of job (KB)
...
006 (675095.000.000) 09/21 01:35:05 Image size of job updated: 118992
	117  -  MemoryUsage of job (MB)
	118916  -  ResidentSetSize of job (KB)
...
006 (675095.000.000) 09/21 01:40:05 Image size of job updated: 129144
	127  -  MemoryUsage of job (MB)
	129068  -  ResidentSetSize of job (KB)
...
006 (675095.000.000) 09/21 01:45:06 Image size of job updated: 139536
	137  -  MemoryUsage of job (MB)
	139460  -  ResidentSetSize of job (KB)
...
006 (675095.000.000) 09/21 01:50:07 Image size of job updated: 149820
	147  -  MemoryUsage of job (MB)
	149744  -  ResidentSetSize of job (KB)
...
006 (675095.000.000) 09/21 01:55:07 Image size of job updated: 159752
	156  -  MemoryUsage of job (MB)
	159676  -  ResidentSetSize of job (KB)
...
006 (675095.000.000) 09/21 02:00:07 Image size of job updated: 169448
	166  -  MemoryUsage of job (MB)
	169372  -  ResidentSetSize of job (KB)
...
006 (675095.000.000) 09/21 02:05:08 Image size of job updated: 179416
	176  -  MemoryUsage of job (MB)
	179340  -  ResidentSetSize of job (KB)
...
006 (675095.000.000) 09/21 02:10:09 Image size of job updated: 189132
	185  -  MemoryUsage of job (MB)
	189056  -  ResidentSetSize of job (KB)
...
006 (675095.000.000) 09/21 02:15:09 Image size of job updated: 198080
	194  -  MemoryUsage of job (MB)
	198004  -  ResidentSetSize of job (KB)
...
006 (675095.000.000) 09/21 02:20:10 Image size of job updated: 209332
	205  -  MemoryUsage of job (MB)
	209256  -  ResidentSetSize of job (KB)
...
006 (675095.000.000) 09/21 02:25:11 Image size of job updated: 218936
	214  -  MemoryUsage of job (MB)
	218860  -  ResidentSetSize of job (KB)
...
006 (675095.000.000) 09/21 02:30:11 Image size of job updated: 228704
	224  -  MemoryUsage of job (MB)
	228628  -  ResidentSetSize of job (KB)
...
006 (675095.000.000) 09/21 02:35:11 Image size of job updated: 238836
	234  -  MemoryUsage of job (MB)
	238760  -  ResidentSetSize of job (KB)
...
006 (675095.000.000) 09/21 02:40:12 Image size of job updated: 249104
	244  -  MemoryUsage of job (MB)
	249028  -  ResidentSetSize of job (KB)
...
006 (675095.000.000) 09/21 02:45:13 Image size of job updated: 258764
	253  -  MemoryUsage of job (MB)
	258688  -  ResidentSetSize of job (KB)
...
006 (675095.000.000) 09/21 02:50:13 Image size of job updated: 268772
	263  -  MemoryUsage of job (MB)
	268696  -  ResidentSetSize of job (KB)
...
006 (675095.000.000) 09/21 02:55:14 Image size of job updated: 278468
	272  -  MemoryUsage of job (MB)
	278392  -  ResidentSetSize of job (KB)
...
006 (675095.000.000) 09/21 03:00:15 Image size of job updated: 288468
	282  -  MemoryUsage of job (MB)
	288392  -  ResidentSetSize of job (KB)
...
006 (675095.000.000) 09/21 03:05:15 Image size of job updated: 298116
	292  -  MemoryUsage of job (MB)
	298040  -  ResidentSetSize of job (KB)
...
006 (675095.000.000) 09/21 03:10:15 Image size of job updated: 307424
	301  -  MemoryUsage of job (MB)
	307348  -  ResidentSetSize of job (KB)
...
006 (675095.000.000) 09/21 03:15:17 Image size of job updated: 317520
	311  -  MemoryUsage of job (MB)
	317444  -  ResidentSetSize of job (KB)
...
006 (675095.000.000) 09/21 03:20:17 Image size of job updated: 327784
	321  -  MemoryUsage of job (MB)
	327708  -  ResidentSetSize of job (KB)
...
006 (675095.000.000) 09/21 03:25:17 Image size of job updated: 337384
	330  -  MemoryUsage of job (MB)
	337308  -  ResidentSetSize of job (KB)
...
006 (675095.000.000) 09/21 03:30:18 Image size of job updated: 346832
	339  -  MemoryUsage of job (MB)
	346756  -  ResidentSetSize of job (KB)
...
006 (675095.000.000) 09/21 03:35:19 Image size of job updated: 357688
	350  -  MemoryUsage of job (MB)
	357612  -  ResidentSetSize of job (KB)
...
006 (675095.000.000) 09/21 03:40:19 Image size of job updated: 367916
	360  -  MemoryUsage of job (MB)
	367840  -  ResidentSetSize of job (KB)
...
006 (675095.000.000) 09/21 03:45:19 Image size of job updated: 376860
	368  -  MemoryUsage of job (MB)
	376784  -  ResidentSetSize of job (KB)
...
006 (675095.000.000) 09/21 03:50:20 Image size of job updated: 386860
	378  -  MemoryUsage of job (MB)
	386784  -  ResidentSetSize of job (KB)
...
006 (675095.000.000) 09/21 03:55:21 Image size of job updated: 397688
	389  -  MemoryUsage of job (MB)
	397612  -  ResidentSetSize of job (KB)
...
006 (675095.000.000) 09/21 04:00:21 Image size of job updated: 406800
	398  -  MemoryUsage of job (MB)
	406724  -  ResidentSetSize of job (KB)
...
006 (675095.000.000) 09/21 04:05:22 Image size of job updated: 415360
	406  -  MemoryUsage of job (MB)
	415284  -  ResidentSetSize of job (KB)
...
006 (675095.000.000) 09/21 04:10:23 Image size of job updated: 422948
	413  -  MemoryUsage of job (MB)
	422872  -  ResidentSetSize of job (KB)
...
006 (675095.000.000) 09/21 04:15:23 Image size of job updated: 431788
	422  -  MemoryUsage of job (MB)
	431712  -  ResidentSetSize of job (KB)
...
006 (675095.000.000) 09/21 04:20:23 Image size of job updated: 440996
	431  -  MemoryUsage of job (MB)
	440920  -  ResidentSetSize of job (KB)
...
006 (675095.000.000) 09/21 04:25:24 Image size of job updated: 450540
	440  -  MemoryUsage of job (MB)
	450464  -  ResidentSetSize of job (KB)
...
006 (675095.000.000) 09/21 04:30:25 Image size of job updated: 459012
	449  -  MemoryUsage of job (MB)
	458936  -  ResidentSetSize of job (KB)
...
006 (675095.000.000) 09/21 04:35:25 Image size of job updated: 468348
	458  -  MemoryUsage of job (MB)
	468272  -  ResidentSetSize of job (KB)
...
006 (675095.000.000) 09/21 04:40:26 Image size of job updated: 477168
	466  -  MemoryUsage of job (MB)
	477092  -  ResidentSetSize of job (KB)
...
006 (675095.000.000) 09/21 04:45:27 Image size of job updated: 485688
	475  -  MemoryUsage of job (MB)
	485612  -  ResidentSetSize of job (KB)
...
006 (675095.000.000) 09/21 04:50:27 Image size of job updated: 493880
	483  -  MemoryUsage of job (MB)
	493804  -  ResidentSetSize of job (KB)
...
006 (675095.000.000) 09/21 04:55:27 Image size of job updated: 502416
	491  -  MemoryUsage of job (MB)
	502340  -  ResidentSetSize of job (KB)
...
006 (675095.000.000) 09/21 05:00:28 Image size of job updated: 510364
	499  -  MemoryUsage of job (MB)
	510288  -  ResidentSetSize of job (KB)
...
006 (675095.000.000) 09/21 05:05:28 Image size of job updated: 518304
	507  -  MemoryUsage of job (MB)
	518228  -  ResidentSetSize of job (KB)
...
006 (675095.000.000) 09/21 05:10:28 Image size of job updated: 527564
	516  -  MemoryUsage of job (MB)
	527488  -  ResidentSetSize of job (KB)
...
006 (675095.000.000) 09/21 05:15:29 Image size of job updated: 536520
	524  -  MemoryUsage of job (MB)
	536444  -  ResidentSetSize of job (KB)
...
006 (675095.000.000) 09/21 05:20:30 Image size of job updated: 545096
	533  -  MemoryUsage of job (MB)
	545020  -  ResidentSetSize of job (KB)
...
006 (675095.000.000) 09/21 05:25:30 Image size of job updated: 552096
	540  -  MemoryUsage of job (MB)
	552020  -  ResidentSetSize of job (KB)
...
006 (675095.000.000) 09/21 05:30:30 Image size of job updated: 558784
	546  -  MemoryUsage of job (MB)
	558708  -  ResidentSetSize of job (KB)
...
006 (675095.000.000) 09/21 05:35:31 Image size of job updated: 568676
	556  -  MemoryUsage of job (MB)
	568600  -  ResidentSetSize of job (KB)
...
006 (675095.000.000) 09/21 05:40:32 Image size of job updated: 575828
	563  -  MemoryUsage of job (MB)
	575752  -  ResidentSetSize of job (KB)
...
006 (675095.000.000) 09/21 05:45:32 Image size of job updated: 584032
	571  -  MemoryUsage of job (MB)
	583956  -  ResidentSetSize of job (KB)
...
006 (675095.000.000) 09/21 05:50:33 Image size of job updated: 591748
	578  -  MemoryUsage of job (MB)
	591672  -  ResidentSetSize of job (KB)
...
006 (675095.000.000) 09/21 05:55:34 Image size of job updated: 600000
	586  -  MemoryUsage of job (MB)
	599924  -  ResidentSetSize of job (KB)
...
006 (675095.000.000) 09/21 06:00:34 Image size of job updated: 608500
	595  -  MemoryUsage of job (MB)
	608424  -  ResidentSetSize of job (KB)
...
006 (675095.000.000) 09/21 06:05:34 Image size of job updated: 617440
	603  -  MemoryUsage of job (MB)
	617364  -  ResidentSetSize of job (KB)
...
006 (675095.000.000) 09/21 06:10:35 Image size of job updated: 626636
	612  -  MemoryUsage of job (MB)
	626560  -  ResidentSetSize of job (KB)
...
006 (675095.000.000) 09/21 06:15:36 Image size of job updated: 633500
	619  -  MemoryUsage of job (MB)
	633424  -  ResidentSetSize of job (KB)
...
006 (675095.000.000) 09/21 06:20:36 Image size of job updated: 643484
	629  -  MemoryUsage of job (MB)
	643408  -  ResidentSetSize of job (KB)
...
006 (675095.000.000) 09/21 06:25:37 Image size of job updated: 651656
	637  -  MemoryUsage of job (MB)
	651580  -  ResidentSetSize of job (KB)
...
006 (675095.000.000) 09/21 06:30:38 Image size of job updated: 661628
	647  -  MemoryUsage of job (MB)
	661552  -  ResidentSetSize of job (KB)
...
006 (675095.000.000) 09/21 06:35:38 Image size of job updated: 669496
	654  -  MemoryUsage of job (MB)
	669420  -  ResidentSetSize of job (KB)
...
006 (675095.000.000) 09/21 06:40:38 Image size of job updated: 678696
	663  -  MemoryUsage of job (MB)
	678620  -  ResidentSetSize of job (KB)
...
006 (675095.000.000) 09/21 06:45:39 Image size of job updated: 686832
	671  -  MemoryUsage of job (MB)
	686756  -  ResidentSetSize of job (KB)
...
006 (675095.000.000) 09/21 06:50:40 Image size of job updated: 694792
	679  -  MemoryUsage of job (MB)
	694716  -  ResidentSetSize of job (KB)
...
006 (675095.000.000) 09/21 06:55:40 Image size of job updated: 703352
	687  -  MemoryUsage of job (MB)
	703276  -  ResidentSetSize of job (KB)
...
006 (675095.000.000) 09/21 07:00:41 Image size of job updated: 712000
	696  -  MemoryUsage of job (MB)
	711924  -  ResidentSetSize of job (KB)
...
006 (675095.000.000) 09/21 07:05:42 Image size of job updated: 721208
	705  -  MemoryUsage of job (MB)
	721132  -  ResidentSetSize of job (KB)
...
006 (675095.000.000) 09/21 07:10:42 Image size of job updated: 729556
	713  -  MemoryUsage of job (MB)
	729480  -  ResidentSetSize of job (KB)
...
006 (675095.000.000) 09/21 07:15:42 Image size of job updated: 735960
	719  -  MemoryUsage of job (MB)
	735884  -  ResidentSetSize of job (KB)
...
006 (675095.000.000) 09/21 07:20:44 Image size of job updated: 744684
	728  -  MemoryUsage of job (MB)
	744608  -  ResidentSetSize of job (KB)
...
006 (675095.000.000) 09/21 07:25:44 Image size of job updated: 751580
	734  -  MemoryUsage of job (MB)
	751504  -  ResidentSetSize of job (KB)
...
006 (675095.000.000) 09/21 07:30:44 Image size of job updated: 759352
	742  -  MemoryUsage of job (MB)
	759276  -  ResidentSetSize of job (KB)
...
006 (675095.000.000) 09/21 07:35:45 Image size of job updated: 768772
	751  -  MemoryUsage of job (MB)
	768696  -  ResidentSetSize of job (KB)
...
006 (675095.000.000) 09/21 07:40:46 Image size of job updated: 778264
	760  -  MemoryUsage of job (MB)
	778188  -  ResidentSetSize of job (KB)
...
006 (675095.000.000) 09/21 07:45:46 Image size of job updated: 787924
	770  -  MemoryUsage of job (MB)
	787848  -  ResidentSetSize of job (KB)
...
006 (675095.000.000) 09/21 07:50:46 Image size of job updated: 795900
	778  -  MemoryUsage of job (MB)
	795824  -  ResidentSetSize of job (KB)
...
006 (675095.000.000) 09/21 07:55:47 Image size of job updated: 802824
	784  -  MemoryUsage of job (MB)
	802748  -  ResidentSetSize of job (KB)
...
006 (675095.000.000) 09/21 08:00:47 Image size of job updated: 812992
	794  -  MemoryUsage of job (MB)
	812916  -  ResidentSetSize of job (KB)
...
006 (675095.000.000) 09/21 08:05:47 Image size of job updated: 816812
	798  -  MemoryUsage of job (MB)
	816736  -  ResidentSetSize of job (KB)
...
006 (675095.000.000) 09/21 08:10:48 Image size of job updated: 825684
	807  -  MemoryUsage of job (MB)
	825608  -  ResidentSetSize of job (KB)
...
006 (675095.000.000) 09/21 08:15:49 Image size of job updated: 831800
	813  -  MemoryUsage of job (MB)
	831724  -  ResidentSetSize of job (KB)
...
006 (675095.000.000) 09/21 08:20:49 Image size of job updated: 840224
	821  -  MemoryUsage of job (MB)
	840148  -  ResidentSetSize of job (KB)
...
006 (675095.000.000) 09/21 08:25:50 Image size of job updated: 847540
	828  -  MemoryUsage of job (MB)
	847464  -  ResidentSetSize of job (KB)
...
006 (675095.000.000) 09/21 08:30:51 Image size of job updated: 856648
	837  -  MemoryUsage of job (MB)
	856572  -  ResidentSetSize of job (KB)
...
006 (675095.000.000) 09/21 08:35:51 Image size of job updated: 865548
	846  -  MemoryUsage of job (MB)
	865472  -  ResidentSetSize of job (KB)
...
006 (675095.000.000) 09/21 08:40:51 Image size of job updated: 873640
	854  -  MemoryUsage of job (MB)
	873564  -  ResidentSetSize of job (KB)
...
006 (675095.000.000) 09/21 08:45:52 Image size of job updated: 879564
	859  -  MemoryUsage of job (MB)
	879488  -  ResidentSetSize of job (KB)
...
006 (675095.000.000) 09/21 08:50:53 Image size of job updated: 888728
	868  -  MemoryUsage of job (MB)
	888652  -  ResidentSetSize of job (KB)
...
006 (675095.000.000) 09/21 08:55:53 Image size of job updated: 895332
	875  -  MemoryUsage of job (MB)
	895256  -  ResidentSetSize of job (KB)
...
006 (675095.000.000) 09/21 09:00:54 Image size of job updated: 903212
	882  -  MemoryUsage of job (MB)
	903136  -  ResidentSetSize of job (KB)
...
006 (675095.000.000) 09/21 09:05:55 Image size of job updated: 909124
	888  -  MemoryUsage of job (MB)
	909048  -  ResidentSetSize of job (KB)
...
006 (675095.000.000) 09/21 09:10:55 Image size of job updated: 917412
	896  -  MemoryUsage of job (MB)
	917336  -  ResidentSetSize of job (KB)
...
006 (675095.000.000) 09/21 09:15:55 Image size of job updated: 922980
	902  -  MemoryUsage of job (MB)
	922904  -  ResidentSetSize of job (KB)
...
013 (675095.000.000) 09/23 09:38:46 Job was released.
	via condor_release (by user condor)
...
012 (675095.000.000) 09/24 11:06:53 Job was held.
	via condor_hold (by user condor)
	Code 1 Subcode 0
...
