000 (2267.1215.000) 04/28 23:44:33 Job submitted from host: <140.160.143.131:9618?addrs=140.160.143.131-9618&noUDP&sock=3131910_565e_30>
...
000 (2268.1215.000) 04/28 23:46:21 Job submitted from host: <140.160.143.131:9618?addrs=140.160.143.131-9618&noUDP&sock=3131910_565e_30>
...
009 (2268.1215.000) 05/11 09:58:47 Job was aborted by the user.
	via condor_rm (by user scoggim)
...
009 (2267.1215.000) 05/11 12:17:51 Job was aborted by the user.
	via condor_rm (by user scoggim)
...
000 (2400.539.000) 05/11 12:37:09 Job submitted from host: <140.160.143.131:9618?addrs=140.160.143.131-9618&noUDP&sock=3131910_565e_30>
...
001 (2400.539.000) 05/12 15:13:26 Job executing on host: <140.160.143.160:9618?addrs=140.160.143.160-9618&noUDP&sock=11177_1220_3>
...
006 (2400.539.000) 05/12 15:13:35 Image size of job updated: 7512
	3  -  MemoryUsage of job (MB)
	2068  -  ResidentSetSize of job (KB)
...
006 (2400.539.000) 05/12 15:18:36 Image size of job updated: 7552
	3  -  MemoryUsage of job (MB)
	2068  -  ResidentSetSize of job (KB)
...
005 (2400.539.000) 05/12 18:44:34 Job terminated.
	(1) Normal termination (return value 0)
		Usr 0 03:31:07, Sys 0 00:00:00  -  Run Remote Usage
		Usr 0 00:00:00, Sys 0 00:00:00  -  Run Local Usage
		Usr 0 03:31:07, Sys 0 00:00:00  -  Total Remote Usage
		Usr 0 00:00:00, Sys 0 00:00:00  -  Total Local Usage
	0  -  Run Bytes Sent By Job
	0  -  Run Bytes Received By Job
	0  -  Total Bytes Sent By Job
	0  -  Total Bytes Received By Job
	Partitionable Resources :    Usage  Request Allocated 
	   Cpus                 :     1.00        1         1 
	   Disk (KB)            :   175         175    845054 
	   Memory (MB)          :     3           1       128 
...
000 (2511.1215.000) 05/27 15:04:02 Job submitted from host: <140.160.143.131:9618?addrs=140.160.143.131-9618&noUDP&sock=3131910_565e_30>
...
009 (2511.1215.000) 05/31 13:14:20 Job was aborted by the user.
	via condor_rm (by user scoggim)
...
000 (2516.539.000) 06/02 11:26:56 Job submitted from host: <140.160.143.131:9618?addrs=140.160.143.131-9618&noUDP&sock=3131910_565e_30>
...
009 (2516.539.000) 06/03 01:06:01 Job was aborted by the user.
	via condor_rm (by user scoggim)
...
000 (2523.539.000) 06/03 01:09:45 Job submitted from host: <140.160.143.131:9618?addrs=140.160.143.131-9618&noUDP&sock=3131910_565e_30>
...
009 (2523.539.000) 06/03 01:12:03 Job was aborted by the user.
	via condor_rm (by user scoggim)
...
000 (2524.539.000) 06/03 01:12:07 Job submitted from host: <140.160.143.131:9618?addrs=140.160.143.131-9618&noUDP&sock=3131910_565e_30>
...
009 (2524.539.000) 06/03 11:11:23 Job was aborted by the user.
	via condor_rm (by user scoggim)
...
000 (2525.539.000) 06/03 11:11:42 Job submitted from host: <140.160.143.131:9618?addrs=140.160.143.131-9618&noUDP&sock=3131910_565e_30>
...
001 (2525.539.000) 06/18 05:50:44 Job executing on host: <140.160.143.141:9618?addrs=140.160.143.141-9618&noUDP&sock=26750_da7f_3>
...
006 (2525.539.000) 06/18 05:50:53 Image size of job updated: 38016
	37  -  MemoryUsage of job (MB)
	37792  -  ResidentSetSize of job (KB)
...
006 (2525.539.000) 06/18 05:55:54 Image size of job updated: 38016
	37  -  MemoryUsage of job (MB)
	37796  -  ResidentSetSize of job (KB)
...
006 (2525.539.000) 06/18 07:16:03 Image size of job updated: 38056
	37  -  MemoryUsage of job (MB)
	37796  -  ResidentSetSize of job (KB)
...
006 (2525.539.000) 06/18 07:26:04 Image size of job updated: 43052
	42  -  MemoryUsage of job (MB)
	42688  -  ResidentSetSize of job (KB)
...
006 (2525.539.000) 06/18 08:56:13 Image size of job updated: 43056
	42  -  MemoryUsage of job (MB)
	42688  -  ResidentSetSize of job (KB)
...
006 (2525.539.000) 06/18 14:36:47 Image size of job updated: 43064
	42  -  MemoryUsage of job (MB)
	42688  -  ResidentSetSize of job (KB)
...
006 (2525.539.000) 06/20 15:21:48 Image size of job updated: 65224
	64  -  MemoryUsage of job (MB)
	64832  -  ResidentSetSize of job (KB)
...
005 (2525.539.000) 06/28 02:37:37 Job terminated.
	(1) Normal termination (return value 0)
		Usr 9 20:33:09, Sys 0 00:00:45  -  Run Remote Usage
		Usr 0 00:00:00, Sys 0 00:00:00  -  Run Local Usage
		Usr 9 20:33:09, Sys 0 00:00:45  -  Total Remote Usage
		Usr 0 00:00:00, Sys 0 00:00:00  -  Total Local Usage
	0  -  Run Bytes Sent By Job
	0  -  Run Bytes Received By Job
	0  -  Total Bytes Sent By Job
	0  -  Total Bytes Received By Job
	Partitionable Resources :    Usage  Request Allocated 
	   Cpus                 :     1.00        1         1 
	   Disk (KB)            :   175         175    880943 
	   Memory (MB)          :    64           1       128 
...
