000 (2060.011.000) 03/05 20:07:43 Job submitted from host: <140.160.143.131:9618?addrs=140.160.143.131-9618&noUDP&sock=1229063_9141_4>
...
009 (2060.011.000) 03/05 20:07:53 Job was aborted by the user.
	via condor_rm (by user scoggim)
...
000 (2068.004.000) 03/05 20:16:27 Job submitted from host: <140.160.143.131:9618?addrs=140.160.143.131-9618&noUDP&sock=1229063_9141_4>
...
001 (2068.004.000) 03/08 11:51:20 Job executing on host: <140.160.143.147:9618?addrs=140.160.143.147-9618&noUDP&sock=28833_9e45_3>
...
006 (2068.004.000) 03/08 11:51:29 Image size of job updated: 980
	1  -  MemoryUsage of job (MB)
	980  -  ResidentSetSize of job (KB)
...
005 (2068.004.000) 03/08 12:28:02 Job terminated.
	(1) Normal termination (return value 0)
		Usr 0 01:32:30, Sys 0 00:53:36  -  Run Remote Usage
		Usr 0 00:00:00, Sys 0 00:00:00  -  Run Local Usage
		Usr 0 01:32:30, Sys 0 00:53:36  -  Total Remote Usage
		Usr 0 00:00:00, Sys 0 00:00:00  -  Total Local Usage
	0  -  Run Bytes Sent By Job
	0  -  Run Bytes Received By Job
	0  -  Total Bytes Sent By Job
	0  -  Total Bytes Received By Job
	Partitionable Resources :    Usage  Request Allocated 
	   Cpus                 :     4.00        4         4 
	   Disk (KB)            :   175         175    197501 
	   Memory (MB)          :     1           1       128 
...
000 (2134.011.000) 03/25 11:02:21 Job submitted from host: <140.160.143.131:9618?addrs=140.160.143.131-9618&noUDP&sock=3219958_f11d_13>
...
009 (2134.011.000) 03/25 11:05:05 Job was aborted by the user.
	via condor_rm (by user scoggim)
...
000 (2135.011.000) 03/25 11:05:14 Job submitted from host: <140.160.143.131:9618?addrs=140.160.143.131-9618&noUDP&sock=3219958_f11d_13>
...
001 (2135.011.000) 03/25 20:14:18 Job executing on host: <140.160.143.141:9618?addrs=140.160.143.141-9618&noUDP&sock=23151_3d25_3>
...
006 (2135.011.000) 03/25 20:14:27 Image size of job updated: 4500
	5  -  MemoryUsage of job (MB)
	4428  -  ResidentSetSize of job (KB)
...
006 (2135.011.000) 03/25 20:19:28 Image size of job updated: 4524
	5  -  MemoryUsage of job (MB)
	4428  -  ResidentSetSize of job (KB)
...
006 (2135.011.000) 03/25 21:24:35 Image size of job updated: 4748
	5  -  MemoryUsage of job (MB)
	4652  -  ResidentSetSize of job (KB)
...
005 (2135.011.000) 03/28 03:13:10 Job terminated.
	(1) Normal termination (return value 0)
		Usr 6 15:30:05, Sys 2 12:06:15  -  Run Remote Usage
		Usr 0 00:00:00, Sys 0 00:00:00  -  Run Local Usage
		Usr 6 15:30:05, Sys 2 12:06:15  -  Total Remote Usage
		Usr 0 00:00:00, Sys 0 00:00:00  -  Total Local Usage
	0  -  Run Bytes Sent By Job
	0  -  Run Bytes Received By Job
	0  -  Total Bytes Sent By Job
	0  -  Total Bytes Received By Job
	Partitionable Resources :    Usage  Request Allocated 
	   Cpus                 :     4.00        4         4 
	   Disk (KB)            :   175         175    880963 
	   Memory (MB)          :     5           1       128 
...
