000 (2160.020.000) 04/19 11:38:06 Job submitted from host: <140.160.143.131:9618?addrs=140.160.143.131-9618&noUDP&sock=3131910_565e_30>
...
001 (2160.020.000) 04/19 11:38:10 Job executing on host: <140.160.143.147:9618?addrs=140.160.143.147-9618&noUDP&sock=29188_1e64_3>
...
006 (2160.020.000) 04/19 11:38:18 Image size of job updated: 4760
	5  -  MemoryUsage of job (MB)
	4760  -  ResidentSetSize of job (KB)
...
006 (2160.020.000) 04/19 11:38:53 Image size of job updated: 216260
	5  -  MemoryUsage of job (MB)
	4760  -  ResidentSetSize of job (KB)
...
004 (2160.020.000) 04/19 11:38:53 Job was evicted.
	(0) Job was not checkpointed.
		Usr 0 00:01:59, Sys 0 00:00:51  -  Run Remote Usage
		Usr 0 00:00:00, Sys 0 00:00:00  -  Run Local Usage
	0  -  Run Bytes Sent By Job
	0  -  Run Bytes Received By Job
	Partitionable Resources :    Usage  Request Allocated 
	   Cpus                 :        0        4         4 
	   Disk (KB)            :      175      175    197290 
	   Memory (MB)          :        5        1       128 
...
009 (2160.020.000) 04/19 11:38:53 Job was aborted by the user.
	via condor_rm (by user scoggim)
...
