000 (2267.2026.000) 04/28 23:44:47 Job submitted from host: <140.160.143.131:9618?addrs=140.160.143.131-9618&noUDP&sock=3131910_565e_30>
...
009 (2267.2026.000) 05/11 12:17:55 Job was aborted by the user.
	via condor_rm (by user scoggim)
...
000 (2400.1350.000) 05/11 12:37:10 Job submitted from host: <140.160.143.131:9618?addrs=140.160.143.131-9618&noUDP&sock=3131910_565e_30>
...
001 (2400.1350.000) 05/14 02:08:26 Job executing on host: <140.160.143.140:9618?addrs=140.160.143.140-9618&noUDP&sock=13320_fd95_3>
...
006 (2400.1350.000) 05/14 02:08:35 Image size of job updated: 4032
	4  -  MemoryUsage of job (MB)
	4032  -  ResidentSetSize of job (KB)
...
006 (2400.1350.000) 05/15 12:25:28 Image size of job updated: 109552
	4  -  MemoryUsage of job (MB)
	4032  -  ResidentSetSize of job (KB)
...
004 (2400.1350.000) 05/15 12:25:28 Job was evicted.
	(0) Job was not checkpointed.
		Usr 1 10:16:26, Sys 0 00:00:23  -  Run Remote Usage
		Usr 0 00:00:00, Sys 0 00:00:00  -  Run Local Usage
	0  -  Run Bytes Sent By Job
	0  -  Run Bytes Received By Job
	Partitionable Resources :    Usage  Request Allocated 
	   Cpus                 :     1.00        1         1 
	   Disk (KB)            :   175         175    881636 
	   Memory (MB)          :     4           1       128 
...
001 (2400.1350.000) 05/15 18:23:47 Job executing on host: <140.160.143.145:9618?addrs=140.160.143.145-9618&noUDP&sock=2899_0d25_3>
...
005 (2400.1350.000) 05/17 20:03:30 Job terminated.
	(1) Normal termination (return value 0)
		Usr 2 01:39:41, Sys 0 00:00:00  -  Run Remote Usage
		Usr 0 00:00:00, Sys 0 00:00:00  -  Run Local Usage
		Usr 2 01:39:41, Sys 0 00:00:00  -  Total Remote Usage
		Usr 0 00:00:00, Sys 0 00:00:00  -  Total Local Usage
	0  -  Run Bytes Sent By Job
	0  -  Run Bytes Received By Job
	0  -  Total Bytes Sent By Job
	0  -  Total Bytes Received By Job
	Partitionable Resources :    Usage  Request Allocated 
	   Cpus                 :     1.00        1         1 
	   Disk (KB)            :   175         175    881208 
	   Memory (MB)          :     5           5       128 
...
