000 (2267.681.000) 04/28 23:44:32 Job submitted from host: <140.160.143.131:9618?addrs=140.160.143.131-9618&noUDP&sock=3131910_565e_30>
...
000 (2268.681.000) 04/28 23:46:20 Job submitted from host: <140.160.143.131:9618?addrs=140.160.143.131-9618&noUDP&sock=3131910_565e_30>
...
001 (2267.681.000) 05/01 12:15:24 Job executing on host: <140.160.143.161:9618?addrs=140.160.143.161-9618&noUDP&sock=55511_81dc_3>
...
006 (2267.681.000) 05/01 12:15:32 Image size of job updated: 2812
	3  -  MemoryUsage of job (MB)
	2704  -  ResidentSetSize of job (KB)
...
006 (2267.681.000) 05/01 12:20:32 Image size of job updated: 2816
	3  -  MemoryUsage of job (MB)
	2708  -  ResidentSetSize of job (KB)
...
005 (2267.681.000) 05/02 09:30:11 Job terminated.
	(1) Normal termination (return value 0)
		Usr 2 03:08:11, Sys 1 09:49:52  -  Run Remote Usage
		Usr 0 00:00:00, Sys 0 00:00:00  -  Run Local Usage
		Usr 2 03:08:11, Sys 1 09:49:52  -  Total Remote Usage
		Usr 0 00:00:00, Sys 0 00:00:00  -  Total Local Usage
	0  -  Run Bytes Sent By Job
	0  -  Run Bytes Received By Job
	0  -  Total Bytes Sent By Job
	0  -  Total Bytes Received By Job
	Partitionable Resources :    Usage  Request Allocated 
	   Cpus                 :     4.00        4         4 
	   Disk (KB)            :   175         175    844753 
	   Memory (MB)          :     3           1       128 
...
009 (2268.681.000) 05/11 09:58:39 Job was aborted by the user.
	via condor_rm (by user scoggim)
...
000 (2400.005.000) 05/11 12:37:08 Job submitted from host: <140.160.143.131:9618?addrs=140.160.143.131-9618&noUDP&sock=3131910_565e_30>
...
001 (2400.005.000) 05/11 12:37:11 Job executing on host: <140.160.143.146:9618?addrs=140.160.143.146-9618&noUDP&sock=23249_756d_3>
...
006 (2400.005.000) 05/11 12:37:20 Image size of job updated: 2240
	3  -  MemoryUsage of job (MB)
	2052  -  ResidentSetSize of job (KB)
...
005 (2400.005.000) 05/11 22:59:17 Job terminated.
	(1) Normal termination (return value 0)
		Usr 0 10:20:50, Sys 0 00:00:01  -  Run Remote Usage
		Usr 0 00:00:00, Sys 0 00:00:00  -  Run Local Usage
		Usr 0 10:20:50, Sys 0 00:00:01  -  Total Remote Usage
		Usr 0 00:00:00, Sys 0 00:00:00  -  Total Local Usage
	0  -  Run Bytes Sent By Job
	0  -  Run Bytes Received By Job
	0  -  Total Bytes Sent By Job
	0  -  Total Bytes Received By Job
	Partitionable Resources :    Usage  Request Allocated 
	   Cpus                 :     0.97        1         1 
	   Disk (KB)            :   175         175    881144 
	   Memory (MB)          :     3           1       128 
...
000 (2511.681.000) 05/27 15:03:19 Job submitted from host: <140.160.143.131:9618?addrs=140.160.143.131-9618&noUDP&sock=3131910_565e_30>
...
001 (2511.681.000) 05/27 21:20:00 Job executing on host: <140.160.143.141:9618?addrs=140.160.143.141-9618&noUDP&sock=26750_da7f_3>
...
006 (2511.681.000) 05/27 21:20:09 Image size of job updated: 62348
	61  -  MemoryUsage of job (MB)
	62212  -  ResidentSetSize of job (KB)
...
004 (2511.681.000) 05/31 13:14:14 Job was evicted.
	(0) Job was not checkpointed.
		Usr 3 15:44:27, Sys 0 00:00:22  -  Run Remote Usage
		Usr 0 00:00:00, Sys 0 00:00:00  -  Run Local Usage
	0  -  Run Bytes Sent By Job
	0  -  Run Bytes Received By Job
	Partitionable Resources :    Usage  Request Allocated 
	   Cpus                 :     1.00        1         1 
	   Disk (KB)            :   175         175    880943 
	   Memory (MB)          :    61           1       128 
...
009 (2511.681.000) 05/31 13:14:15 Job was aborted by the user.
	via condor_rm (by user scoggim)
...
000 (2516.005.000) 06/02 11:26:44 Job submitted from host: <140.160.143.131:9618?addrs=140.160.143.131-9618&noUDP&sock=3131910_565e_30>
...
001 (2516.005.000) 06/02 11:26:57 Job executing on host: <140.160.143.146:9618?addrs=140.160.143.146-9618&noUDP&sock=4054_4908_3>
...
006 (2516.005.000) 06/02 11:27:05 Image size of job updated: 65728
	61  -  MemoryUsage of job (MB)
	62172  -  ResidentSetSize of job (KB)
...
004 (2516.005.000) 06/03 01:05:29 Job was evicted.
	(0) Job was not checkpointed.
		Usr 0 13:37:22, Sys 0 00:00:02  -  Run Remote Usage
		Usr 0 00:00:00, Sys 0 00:00:00  -  Run Local Usage
	0  -  Run Bytes Sent By Job
	0  -  Run Bytes Received By Job
	Partitionable Resources :    Usage  Request Allocated 
	   Cpus                 :     1.00        1         1 
	   Disk (KB)            :   175         175    881117 
	   Memory (MB)          :    61           1       128 
...
009 (2516.005.000) 06/03 01:05:33 Job was aborted by the user.
	via condor_rm (by user scoggim)
...
000 (2523.005.000) 06/03 01:09:40 Job submitted from host: <140.160.143.131:9618?addrs=140.160.143.131-9618&noUDP&sock=3131910_565e_30>
...
001 (2523.005.000) 06/03 01:10:39 Job executing on host: <140.160.143.144:9618?addrs=140.160.143.144-9618&noUDP&sock=16727_e8c0_3>
...
006 (2523.005.000) 06/03 01:10:47 Image size of job updated: 42076
	42  -  MemoryUsage of job (MB)
	42076  -  ResidentSetSize of job (KB)
...
004 (2523.005.000) 06/03 01:12:01 Job was evicted.
	(0) Job was not checkpointed.
		Usr 0 00:02:23, Sys 0 00:01:02  -  Run Remote Usage
		Usr 0 00:00:00, Sys 0 00:00:00  -  Run Local Usage
	0  -  Run Bytes Sent By Job
	0  -  Run Bytes Received By Job
	Partitionable Resources :    Usage  Request Allocated 
	   Cpus                 :     2.42        4         4 
	   Disk (KB)            :   175         175    881004 
	   Memory (MB)          :    42           1       128 
...
009 (2523.005.000) 06/03 01:12:02 Job was aborted by the user.
	via condor_rm (by user scoggim)
...
000 (2524.005.000) 06/03 01:12:07 Job submitted from host: <140.160.143.131:9618?addrs=140.160.143.131-9618&noUDP&sock=3131910_565e_30>
...
001 (2524.005.000) 06/03 01:12:09 Job executing on host: <140.160.143.144:9618?addrs=140.160.143.144-9618&noUDP&sock=16727_e8c0_3>
...
006 (2524.005.000) 06/03 01:12:18 Image size of job updated: 42104
	42  -  MemoryUsage of job (MB)
	42104  -  ResidentSetSize of job (KB)
...
006 (2524.005.000) 06/03 01:57:23 Image size of job updated: 46956
	46  -  MemoryUsage of job (MB)
	46956  -  ResidentSetSize of job (KB)
...
006 (2524.005.000) 06/03 03:32:33 Image size of job updated: 47000
	46  -  MemoryUsage of job (MB)
	47000  -  ResidentSetSize of job (KB)
...
004 (2524.005.000) 06/03 11:11:22 Job was evicted.
	(0) Job was not checkpointed.
		Usr 0 16:24:13, Sys 0 07:05:25  -  Run Remote Usage
		Usr 0 00:00:00, Sys 0 00:00:00  -  Run Local Usage
	0  -  Run Bytes Sent By Job
	0  -  Run Bytes Received By Job
	Partitionable Resources :    Usage  Request Allocated 
	   Cpus                 :     2.29        4         4 
	   Disk (KB)            :   175         175    881004 
	   Memory (MB)          :    46           1       128 
...
009 (2524.005.000) 06/03 11:11:22 Job was aborted by the user.
	via condor_rm (by user scoggim)
...
000 (2525.005.000) 06/03 11:11:41 Job submitted from host: <140.160.143.131:9618?addrs=140.160.143.131-9618&noUDP&sock=3131910_565e_30>
...
001 (2525.005.000) 06/03 11:12:03 Job executing on host: <140.160.143.140:9618?addrs=140.160.143.140-9618&noUDP&sock=16192_f195_3>
...
006 (2525.005.000) 06/03 11:12:11 Image size of job updated: 62172
	61  -  MemoryUsage of job (MB)
	62172  -  ResidentSetSize of job (KB)
...
005 (2525.005.000) 06/08 19:17:51 Job terminated.
	(1) Normal termination (return value 0)
		Usr 5 07:45:23, Sys 0 00:05:37  -  Run Remote Usage
		Usr 0 00:00:00, Sys 0 00:00:00  -  Run Local Usage
		Usr 5 07:45:23, Sys 0 00:05:37  -  Total Remote Usage
		Usr 0 00:00:00, Sys 0 00:00:00  -  Total Local Usage
	0  -  Run Bytes Sent By Job
	0  -  Run Bytes Received By Job
	0  -  Total Bytes Sent By Job
	0  -  Total Bytes Received By Job
	Partitionable Resources :    Usage  Request Allocated 
	   Cpus                 :     1.00        1         1 
	   Disk (KB)            :   175         175    881228 
	   Memory (MB)          :    61           1       128 
...
