000 (2266.059.000) 04/28 23:43:27 Job submitted from host: <140.160.143.131:9618?addrs=140.160.143.131-9618&noUDP&sock=3131910_565e_30>
...
001 (2266.059.000) 04/28 23:43:31 Job executing on host: <140.160.143.146:9618?addrs=140.160.143.146-9618&noUDP&sock=23249_756d_3>
...
006 (2266.059.000) 04/28 23:43:40 Image size of job updated: 500
	1  -  MemoryUsage of job (MB)
	500  -  ResidentSetSize of job (KB)
...
006 (2266.059.000) 04/28 23:43:56 Image size of job updated: 504
	1  -  MemoryUsage of job (MB)
	500  -  ResidentSetSize of job (KB)
...
005 (2266.059.000) 04/28 23:43:56 Job terminated.
	(1) Normal termination (return value 0)
		Usr 0 00:00:24, Sys 0 00:00:00  -  Run Remote Usage
		Usr 0 00:00:00, Sys 0 00:00:00  -  Run Local Usage
		Usr 0 00:00:24, Sys 0 00:00:00  -  Total Remote Usage
		Usr 0 00:00:00, Sys 0 00:00:00  -  Total Local Usage
	0  -  Run Bytes Sent By Job
	0  -  Run Bytes Received By Job
	0  -  Total Bytes Sent By Job
	0  -  Total Bytes Received By Job
	Partitionable Resources :    Usage  Request Allocated 
	   Cpus                 :     1.00        1         1 
	   Disk (KB)            :   175         175    881144 
	   Memory (MB)          :     1           1       128 
...
000 (2267.059.000) 04/28 23:44:31 Job submitted from host: <140.160.143.131:9618?addrs=140.160.143.131-9618&noUDP&sock=3131910_565e_30>
...
000 (2268.059.000) 04/28 23:46:20 Job submitted from host: <140.160.143.131:9618?addrs=140.160.143.131-9618&noUDP&sock=3131910_565e_30>
...
001 (2267.059.000) 04/29 03:45:24 Job executing on host: <140.160.143.146:9618?addrs=140.160.143.146-9618&noUDP&sock=23249_756d_3>
...
006 (2267.059.000) 04/29 03:45:33 Image size of job updated: 1028
	2  -  MemoryUsage of job (MB)
	1028  -  ResidentSetSize of job (KB)
...
006 (2267.059.000) 04/29 03:50:34 Image size of job updated: 1036
	2  -  MemoryUsage of job (MB)
	1036  -  ResidentSetSize of job (KB)
...
006 (2267.059.000) 04/29 07:21:41 Image size of job updated: 213288
	2  -  MemoryUsage of job (MB)
	1036  -  ResidentSetSize of job (KB)
...
005 (2267.059.000) 04/29 07:21:41 Job terminated.
	(1) Normal termination (return value 0)
		Usr 0 07:47:20, Sys 0 06:37:11  -  Run Remote Usage
		Usr 0 00:00:00, Sys 0 00:00:00  -  Run Local Usage
		Usr 0 07:47:20, Sys 0 06:37:11  -  Total Remote Usage
		Usr 0 00:00:00, Sys 0 00:00:00  -  Total Local Usage
	0  -  Run Bytes Sent By Job
	0  -  Run Bytes Received By Job
	0  -  Total Bytes Sent By Job
	0  -  Total Bytes Received By Job
	Partitionable Resources :    Usage  Request Allocated 
	   Cpus                 :     4.00        4         4 
	   Disk (KB)            :   175         175    881144 
	   Memory (MB)          :     2           1       128 
...
009 (2268.059.000) 05/11 09:58:30 Job was aborted by the user.
	via condor_rm (by user scoggim)
...
000 (2511.059.000) 05/27 15:03:17 Job submitted from host: <140.160.143.131:9618?addrs=140.160.143.131-9618&noUDP&sock=3131910_565e_30>
...
001 (2511.059.000) 05/27 15:04:36 Job executing on host: <140.160.143.144:9618?addrs=140.160.143.144-9618&noUDP&sock=16727_e8c0_3>
...
006 (2511.059.000) 05/27 15:04:45 Image size of job updated: 109272
	0  -  MemoryUsage of job (MB)
	0  -  ResidentSetSize of job (KB)
...
006 (2511.059.000) 05/27 15:09:46 Image size of job updated: 109496
	0  -  MemoryUsage of job (MB)
	0  -  ResidentSetSize of job (KB)
...
005 (2511.059.000) 05/27 18:58:32 Job terminated.
	(1) Normal termination (return value 0)
		Usr 0 00:00:00, Sys 0 00:00:00  -  Run Remote Usage
		Usr 0 00:00:00, Sys 0 00:00:00  -  Run Local Usage
		Usr 0 00:00:00, Sys 0 00:00:00  -  Total Remote Usage
		Usr 0 00:00:00, Sys 0 00:00:00  -  Total Local Usage
	0  -  Run Bytes Sent By Job
	0  -  Run Bytes Received By Job
	0  -  Total Bytes Sent By Job
	0  -  Total Bytes Received By Job
	Partitionable Resources :    Usage  Request Allocated 
	   Cpus                 :     1.00        1         1 
	   Disk (KB)            :   175         175    881004 
	   Memory (MB)          :     0           1       128 
...
000 (2513.059.000) 05/31 13:37:02 Job submitted from host: <140.160.143.131:9618?addrs=140.160.143.131-9618&noUDP&sock=3131910_565e_30>
...
001 (2513.059.000) 05/31 13:38:05 Job executing on host: <140.160.143.144:9618?addrs=140.160.143.144-9618&noUDP&sock=16727_e8c0_3>
...
006 (2513.059.000) 05/31 13:38:14 Image size of job updated: 3676
	4  -  MemoryUsage of job (MB)
	3676  -  ResidentSetSize of job (KB)
...
006 (2513.059.000) 05/31 13:43:15 Image size of job updated: 3908
	4  -  MemoryUsage of job (MB)
	3908  -  ResidentSetSize of job (KB)
...
005 (2513.059.000) 05/31 15:08:07 Job terminated.
	(1) Normal termination (return value 0)
		Usr 0 01:29:51, Sys 0 00:00:00  -  Run Remote Usage
		Usr 0 00:00:00, Sys 0 00:00:00  -  Run Local Usage
		Usr 0 01:29:51, Sys 0 00:00:00  -  Total Remote Usage
		Usr 0 00:00:00, Sys 0 00:00:00  -  Total Local Usage
	0  -  Run Bytes Sent By Job
	0  -  Run Bytes Received By Job
	0  -  Total Bytes Sent By Job
	0  -  Total Bytes Received By Job
	Partitionable Resources :    Usage  Request Allocated 
	   Cpus                 :     1.00        1         1 
	   Disk (KB)            :   175         175    881004 
	   Memory (MB)          :     4           1       128 
...
000 (2514.059.000) 05/31 15:29:20 Job submitted from host: <140.160.143.131:9618?addrs=140.160.143.131-9618&noUDP&sock=3131910_565e_30>
...
001 (2514.059.000) 05/31 22:03:54 Job executing on host: <140.160.143.147:9618?addrs=140.160.143.147-9618&noUDP&sock=26984_5ba8_3>
...
006 (2514.059.000) 05/31 22:04:03 Image size of job updated: 4652
	5  -  MemoryUsage of job (MB)
	4652  -  ResidentSetSize of job (KB)
...
006 (2514.059.000) 05/31 22:09:05 Image size of job updated: 4876
	5  -  MemoryUsage of job (MB)
	4876  -  ResidentSetSize of job (KB)
...
005 (2514.059.000) 06/01 03:56:58 Job terminated.
	(1) Normal termination (return value 0)
		Usr 0 13:13:55, Sys 0 10:17:32  -  Run Remote Usage
		Usr 0 00:00:00, Sys 0 00:00:00  -  Run Local Usage
		Usr 0 13:13:55, Sys 0 10:17:32  -  Total Remote Usage
		Usr 0 00:00:00, Sys 0 00:00:00  -  Total Local Usage
	0  -  Run Bytes Sent By Job
	0  -  Run Bytes Received By Job
	0  -  Total Bytes Sent By Job
	0  -  Total Bytes Received By Job
	Partitionable Resources :    Usage  Request Allocated 
	   Cpus                 :     4.00        4         4 
	   Disk (KB)            :   175         175    196727 
	   Memory (MB)          :     5           1       128 
...
000 (2515.059.000) 06/01 11:47:43 Job submitted from host: <140.160.143.131:9618?addrs=140.160.143.131-9618&noUDP&sock=3131910_565e_30>
...
001 (2515.059.000) 06/01 11:47:46 Job executing on host: <140.160.143.147:9618?addrs=140.160.143.147-9618&noUDP&sock=26984_5ba8_3>
...
006 (2515.059.000) 06/01 11:47:55 Image size of job updated: 3684
	4  -  MemoryUsage of job (MB)
	3684  -  ResidentSetSize of job (KB)
...
006 (2515.059.000) 06/01 11:52:56 Image size of job updated: 3908
	4  -  MemoryUsage of job (MB)
	3908  -  ResidentSetSize of job (KB)
...
006 (2515.059.000) 06/01 11:57:57 Image size of job updated: 3912
	4  -  MemoryUsage of job (MB)
	3912  -  ResidentSetSize of job (KB)
...
005 (2515.059.000) 06/01 17:11:37 Job terminated.
	(1) Normal termination (return value 0)
		Usr 0 05:23:22, Sys 0 00:00:01  -  Run Remote Usage
		Usr 0 00:00:00, Sys 0 00:00:00  -  Run Local Usage
		Usr 0 05:23:22, Sys 0 00:00:01  -  Total Remote Usage
		Usr 0 00:00:00, Sys 0 00:00:00  -  Total Local Usage
	0  -  Run Bytes Sent By Job
	0  -  Run Bytes Received By Job
	0  -  Total Bytes Sent By Job
	0  -  Total Bytes Received By Job
	Partitionable Resources :    Usage  Request Allocated 
	   Cpus                 :     1.00        1         1 
	   Disk (KB)            :   175         175    196727 
	   Memory (MB)          :     4           1       128 
...
