000 (2059.320.000) 03/05 16:54:49 Job submitted from host: <140.160.143.131:9618?addrs=140.160.143.131-9618&noUDP&sock=1229063_9141_4>
...
009 (2059.320.000) 03/05 19:47:03 Job was aborted by the user.
	via condor_rm (by user scoggim)
...
000 (2131.320.000) 03/15 01:18:30 Job submitted from host: <140.160.143.131:9618?addrs=140.160.143.131-9618&noUDP&sock=1229063_9141_4>
...
001 (2131.320.000) 03/20 18:29:26 Job executing on host: <140.160.143.146:9618?addrs=140.160.143.146-9618&noUDP&sock=23249_756d_3>
...
006 (2131.320.000) 03/20 18:29:35 Image size of job updated: 4776
	5  -  MemoryUsage of job (MB)
	4764  -  ResidentSetSize of job (KB)
...
006 (2131.320.000) 03/20 19:09:39 Image size of job updated: 5632
	5  -  MemoryUsage of job (MB)
	4764  -  ResidentSetSize of job (KB)
...
006 (2131.320.000) 03/20 19:54:43 Image size of job updated: 5900
	5  -  MemoryUsage of job (MB)
	4984  -  ResidentSetSize of job (KB)
...
005 (2131.320.000) 03/21 09:55:15 Job terminated.
	(1) Normal termination (return value 0)
		Usr 1 20:38:31, Sys 0 16:59:38  -  Run Remote Usage
		Usr 0 00:00:00, Sys 0 00:00:00  -  Run Local Usage
		Usr 1 20:38:31, Sys 0 16:59:38  -  Total Remote Usage
		Usr 0 00:00:00, Sys 0 00:00:00  -  Total Local Usage
	0  -  Run Bytes Sent By Job
	0  -  Run Bytes Received By Job
	0  -  Total Bytes Sent By Job
	0  -  Total Bytes Received By Job
	Partitionable Resources :    Usage  Request Allocated 
	   Cpus                 :     4.00        4         4 
	   Disk (KB)            :   175         175    881144 
	   Memory (MB)          :     5           1       128 
...
