000 (674450.000.000) 09/14 14:18:51 Job submitted from host: <140.160.143.130:9618?addrs=140.160.143.130-9618&noUDP&sock=5591_da80_4>
...
009 (674450.000.000) 09/14 14:20:43 Job was aborted by the user.
	via condor_rm (by user scoggim)
...
000 (674594.000.000) 09/14 14:26:00 Job submitted from host: <140.160.143.130:9618?addrs=140.160.143.130-9618&noUDP&sock=5591_da80_4>
...
000 (674738.000.000) 09/14 14:26:42 Job submitted from host: <140.160.143.130:9618?addrs=140.160.143.130-9618&noUDP&sock=5591_da80_4>
...
000 (674882.000.000) 09/14 14:27:40 Job submitted from host: <140.160.143.130:9618?addrs=140.160.143.130-9618&noUDP&sock=5591_da80_4>
...
009 (674882.000.000) 09/14 14:46:33 Job was aborted by the user.
	via condor_rm (by user scoggim)
...
009 (674594.000.000) 09/14 14:46:33 Job was aborted by the user.
	via condor_rm (by user scoggim)
...
009 (674738.000.000) 09/14 14:46:33 Job was aborted by the user.
	via condor_rm (by user scoggim)
...
000 (675062.000.000) 09/14 22:20:26 Job submitted from host: <140.160.143.130:9618?addrs=140.160.143.130-9618&noUDP&sock=5591_da80_4>
...
001 (675062.000.000) 09/16 07:11:58 Job executing on host: <140.160.143.157:9618?addrs=140.160.143.157-9618&noUDP&sock=4484_2bf8_12>
...
006 (675062.000.000) 09/16 07:12:07 Image size of job updated: 2680
	3  -  MemoryUsage of job (MB)
	2504  -  ResidentSetSize of job (KB)
...
006 (675062.000.000) 09/16 07:17:08 Image size of job updated: 27400
	27  -  MemoryUsage of job (MB)
	27224  -  ResidentSetSize of job (KB)
...
006 (675062.000.000) 09/16 07:22:09 Image size of job updated: 51628
	51  -  MemoryUsage of job (MB)
	51452  -  ResidentSetSize of job (KB)
...
006 (675062.000.000) 09/16 07:27:09 Image size of job updated: 76360
	75  -  MemoryUsage of job (MB)
	76184  -  ResidentSetSize of job (KB)
...
006 (675062.000.000) 09/16 07:32:09 Image size of job updated: 100704
	99  -  MemoryUsage of job (MB)
	100528  -  ResidentSetSize of job (KB)
...
006 (675062.000.000) 09/16 07:37:10 Image size of job updated: 124500
	122  -  MemoryUsage of job (MB)
	124324  -  ResidentSetSize of job (KB)
...
006 (675062.000.000) 09/16 07:42:10 Image size of job updated: 148396
	145  -  MemoryUsage of job (MB)
	148220  -  ResidentSetSize of job (KB)
...
006 (675062.000.000) 09/16 07:47:10 Image size of job updated: 172428
	169  -  MemoryUsage of job (MB)
	172252  -  ResidentSetSize of job (KB)
...
006 (675062.000.000) 09/16 07:52:11 Image size of job updated: 196160
	192  -  MemoryUsage of job (MB)
	195984  -  ResidentSetSize of job (KB)
...
006 (675062.000.000) 09/16 07:57:12 Image size of job updated: 219636
	215  -  MemoryUsage of job (MB)
	219460  -  ResidentSetSize of job (KB)
...
006 (675062.000.000) 09/16 08:02:12 Image size of job updated: 243664
	238  -  MemoryUsage of job (MB)
	243488  -  ResidentSetSize of job (KB)
...
006 (675062.000.000) 09/16 08:07:12 Image size of job updated: 267220
	261  -  MemoryUsage of job (MB)
	267044  -  ResidentSetSize of job (KB)
...
006 (675062.000.000) 09/16 08:12:13 Image size of job updated: 292048
	286  -  MemoryUsage of job (MB)
	291872  -  ResidentSetSize of job (KB)
...
006 (675062.000.000) 09/16 08:17:14 Image size of job updated: 316368
	309  -  MemoryUsage of job (MB)
	316192  -  ResidentSetSize of job (KB)
...
006 (675062.000.000) 09/16 08:22:14 Image size of job updated: 340904
	333  -  MemoryUsage of job (MB)
	340728  -  ResidentSetSize of job (KB)
...
006 (675062.000.000) 09/16 08:27:15 Image size of job updated: 365460
	357  -  MemoryUsage of job (MB)
	365284  -  ResidentSetSize of job (KB)
...
006 (675062.000.000) 09/16 08:32:16 Image size of job updated: 389948
	381  -  MemoryUsage of job (MB)
	389772  -  ResidentSetSize of job (KB)
...
006 (675062.000.000) 09/16 08:37:16 Image size of job updated: 413952
	405  -  MemoryUsage of job (MB)
	413776  -  ResidentSetSize of job (KB)
...
006 (675062.000.000) 09/16 08:42:16 Image size of job updated: 438544
	429  -  MemoryUsage of job (MB)
	438368  -  ResidentSetSize of job (KB)
...
006 (675062.000.000) 09/16 08:47:17 Image size of job updated: 462592
	452  -  MemoryUsage of job (MB)
	462416  -  ResidentSetSize of job (KB)
...
006 (675062.000.000) 09/16 08:52:18 Image size of job updated: 486508
	475  -  MemoryUsage of job (MB)
	486332  -  ResidentSetSize of job (KB)
...
006 (675062.000.000) 09/16 08:57:18 Image size of job updated: 511344
	500  -  MemoryUsage of job (MB)
	511168  -  ResidentSetSize of job (KB)
...
006 (675062.000.000) 09/16 09:02:19 Image size of job updated: 535412
	523  -  MemoryUsage of job (MB)
	535236  -  ResidentSetSize of job (KB)
...
006 (675062.000.000) 09/16 09:07:20 Image size of job updated: 560136
	547  -  MemoryUsage of job (MB)
	559960  -  ResidentSetSize of job (KB)
...
006 (675062.000.000) 09/16 09:12:20 Image size of job updated: 583704
	570  -  MemoryUsage of job (MB)
	583528  -  ResidentSetSize of job (KB)
...
006 (675062.000.000) 09/16 09:17:20 Image size of job updated: 608208
	594  -  MemoryUsage of job (MB)
	608032  -  ResidentSetSize of job (KB)
...
006 (675062.000.000) 09/16 09:22:21 Image size of job updated: 632872
	618  -  MemoryUsage of job (MB)
	632696  -  ResidentSetSize of job (KB)
...
006 (675062.000.000) 09/16 09:27:22 Image size of job updated: 657372
	642  -  MemoryUsage of job (MB)
	657196  -  ResidentSetSize of job (KB)
...
006 (675062.000.000) 09/16 09:32:22 Image size of job updated: 681672
	666  -  MemoryUsage of job (MB)
	681496  -  ResidentSetSize of job (KB)
...
006 (675062.000.000) 09/16 09:37:23 Image size of job updated: 706000
	690  -  MemoryUsage of job (MB)
	705824  -  ResidentSetSize of job (KB)
...
006 (675062.000.000) 09/16 09:42:24 Image size of job updated: 730252
	713  -  MemoryUsage of job (MB)
	730076  -  ResidentSetSize of job (KB)
...
006 (675062.000.000) 09/16 09:47:24 Image size of job updated: 754232
	737  -  MemoryUsage of job (MB)
	754056  -  ResidentSetSize of job (KB)
...
006 (675062.000.000) 09/16 09:52:24 Image size of job updated: 779076
	761  -  MemoryUsage of job (MB)
	778900  -  ResidentSetSize of job (KB)
...
006 (675062.000.000) 09/16 09:57:25 Image size of job updated: 803696
	785  -  MemoryUsage of job (MB)
	803520  -  ResidentSetSize of job (KB)
...
006 (675062.000.000) 09/16 10:02:26 Image size of job updated: 827768
	809  -  MemoryUsage of job (MB)
	827592  -  ResidentSetSize of job (KB)
...
006 (675062.000.000) 09/16 10:07:26 Image size of job updated: 852420
	833  -  MemoryUsage of job (MB)
	852244  -  ResidentSetSize of job (KB)
...
006 (675062.000.000) 09/16 10:12:26 Image size of job updated: 876400
	856  -  MemoryUsage of job (MB)
	876224  -  ResidentSetSize of job (KB)
...
006 (675062.000.000) 09/16 10:17:27 Image size of job updated: 900636
	880  -  MemoryUsage of job (MB)
	900460  -  ResidentSetSize of job (KB)
...
006 (675062.000.000) 09/16 10:22:27 Image size of job updated: 925572
	904  -  MemoryUsage of job (MB)
	925396  -  ResidentSetSize of job (KB)
...
006 (675062.000.000) 09/16 10:27:27 Image size of job updated: 949772
	928  -  MemoryUsage of job (MB)
	949596  -  ResidentSetSize of job (KB)
...
006 (675062.000.000) 09/16 10:32:28 Image size of job updated: 973908
	951  -  MemoryUsage of job (MB)
	973732  -  ResidentSetSize of job (KB)
...
006 (675062.000.000) 09/16 10:37:29 Image size of job updated: 998572
	975  -  MemoryUsage of job (MB)
	998396  -  ResidentSetSize of job (KB)
...
006 (675062.000.000) 09/16 10:42:29 Image size of job updated: 1022748
	999  -  MemoryUsage of job (MB)
	1022572  -  ResidentSetSize of job (KB)
...
006 (675062.000.000) 09/16 10:47:29 Image size of job updated: 1046564
	1022  -  MemoryUsage of job (MB)
	1046388  -  ResidentSetSize of job (KB)
...
006 (675062.000.000) 09/16 10:52:31 Image size of job updated: 1070624
	1046  -  MemoryUsage of job (MB)
	1070448  -  ResidentSetSize of job (KB)
...
006 (675062.000.000) 09/16 10:57:31 Image size of job updated: 1094924
	1070  -  MemoryUsage of job (MB)
	1094748  -  ResidentSetSize of job (KB)
...
006 (675062.000.000) 09/16 11:02:31 Image size of job updated: 1119360
	1093  -  MemoryUsage of job (MB)
	1119184  -  ResidentSetSize of job (KB)
...
006 (675062.000.000) 09/16 11:07:32 Image size of job updated: 1143484
	1117  -  MemoryUsage of job (MB)
	1143308  -  ResidentSetSize of job (KB)
...
006 (675062.000.000) 09/16 11:12:33 Image size of job updated: 1167688
	1141  -  MemoryUsage of job (MB)
	1167512  -  ResidentSetSize of job (KB)
...
006 (675062.000.000) 09/16 11:17:33 Image size of job updated: 1191784
	1164  -  MemoryUsage of job (MB)
	1191608  -  ResidentSetSize of job (KB)
...
006 (675062.000.000) 09/16 11:22:33 Image size of job updated: 1215668
	1188  -  MemoryUsage of job (MB)
	1215492  -  ResidentSetSize of job (KB)
...
006 (675062.000.000) 09/16 11:27:34 Image size of job updated: 1239884
	1211  -  MemoryUsage of job (MB)
	1239708  -  ResidentSetSize of job (KB)
...
006 (675062.000.000) 09/16 11:32:34 Image size of job updated: 1263984
	1235  -  MemoryUsage of job (MB)
	1263808  -  ResidentSetSize of job (KB)
...
006 (675062.000.000) 09/16 11:37:34 Image size of job updated: 1288068
	1258  -  MemoryUsage of job (MB)
	1287892  -  ResidentSetSize of job (KB)
...
006 (675062.000.000) 09/16 11:42:35 Image size of job updated: 1311712
	1281  -  MemoryUsage of job (MB)
	1311536  -  ResidentSetSize of job (KB)
...
006 (675062.000.000) 09/16 11:47:36 Image size of job updated: 1335504
	1305  -  MemoryUsage of job (MB)
	1335328  -  ResidentSetSize of job (KB)
...
006 (675062.000.000) 09/16 11:52:36 Image size of job updated: 1359624
	1328  -  MemoryUsage of job (MB)
	1359448  -  ResidentSetSize of job (KB)
...
006 (675062.000.000) 09/16 11:57:36 Image size of job updated: 1383620
	1352  -  MemoryUsage of job (MB)
	1383444  -  ResidentSetSize of job (KB)
...
006 (675062.000.000) 09/16 12:02:37 Image size of job updated: 1407092
	1374  -  MemoryUsage of job (MB)
	1406916  -  ResidentSetSize of job (KB)
...
006 (675062.000.000) 09/16 12:07:37 Image size of job updated: 1431120
	1398  -  MemoryUsage of job (MB)
	1430944  -  ResidentSetSize of job (KB)
...
006 (675062.000.000) 09/16 12:12:37 Image size of job updated: 1455220
	1421  -  MemoryUsage of job (MB)
	1455044  -  ResidentSetSize of job (KB)
...
006 (675062.000.000) 09/16 12:17:38 Image size of job updated: 1479192
	1445  -  MemoryUsage of job (MB)
	1479016  -  ResidentSetSize of job (KB)
...
006 (675062.000.000) 09/16 12:22:39 Image size of job updated: 1503204
	1468  -  MemoryUsage of job (MB)
	1503028  -  ResidentSetSize of job (KB)
...
006 (675062.000.000) 09/16 12:27:39 Image size of job updated: 1526892
	1491  -  MemoryUsage of job (MB)
	1526716  -  ResidentSetSize of job (KB)
...
006 (675062.000.000) 09/16 12:32:39 Image size of job updated: 1550972
	1515  -  MemoryUsage of job (MB)
	1550796  -  ResidentSetSize of job (KB)
...
006 (675062.000.000) 09/16 12:37:40 Image size of job updated: 1575516
	1539  -  MemoryUsage of job (MB)
	1575340  -  ResidentSetSize of job (KB)
...
006 (675062.000.000) 09/16 12:42:40 Image size of job updated: 1599528
	1562  -  MemoryUsage of job (MB)
	1599352  -  ResidentSetSize of job (KB)
...
006 (675062.000.000) 09/16 12:47:40 Image size of job updated: 1623676
	1586  -  MemoryUsage of job (MB)
	1623500  -  ResidentSetSize of job (KB)
...
006 (675062.000.000) 09/16 12:52:41 Image size of job updated: 1647668
	1609  -  MemoryUsage of job (MB)
	1647492  -  ResidentSetSize of job (KB)
...
006 (675062.000.000) 09/16 12:57:42 Image size of job updated: 1671880
	1633  -  MemoryUsage of job (MB)
	1671704  -  ResidentSetSize of job (KB)
...
006 (675062.000.000) 09/16 13:02:42 Image size of job updated: 1696472
	1657  -  MemoryUsage of job (MB)
	1696296  -  ResidentSetSize of job (KB)
...
006 (675062.000.000) 09/16 13:07:42 Image size of job updated: 1720720
	1681  -  MemoryUsage of job (MB)
	1720544  -  ResidentSetSize of job (KB)
...
006 (675062.000.000) 09/16 13:12:43 Image size of job updated: 1744512
	1704  -  MemoryUsage of job (MB)
	1744336  -  ResidentSetSize of job (KB)
...
006 (675062.000.000) 09/16 13:17:43 Image size of job updated: 1768160
	1727  -  MemoryUsage of job (MB)
	1767984  -  ResidentSetSize of job (KB)
...
006 (675062.000.000) 09/16 13:22:43 Image size of job updated: 1791584
	1750  -  MemoryUsage of job (MB)
	1791408  -  ResidentSetSize of job (KB)
...
006 (675062.000.000) 09/16 13:27:44 Image size of job updated: 1815552
	1773  -  MemoryUsage of job (MB)
	1815376  -  ResidentSetSize of job (KB)
...
006 (675062.000.000) 09/16 13:32:45 Image size of job updated: 1839460
	1797  -  MemoryUsage of job (MB)
	1839284  -  ResidentSetSize of job (KB)
...
006 (675062.000.000) 09/16 13:37:45 Image size of job updated: 1862732
	1819  -  MemoryUsage of job (MB)
	1862556  -  ResidentSetSize of job (KB)
...
006 (675062.000.000) 09/16 13:42:45 Image size of job updated: 1886704
	1843  -  MemoryUsage of job (MB)
	1886528  -  ResidentSetSize of job (KB)
...
006 (675062.000.000) 09/16 13:47:46 Image size of job updated: 1910664
	1866  -  MemoryUsage of job (MB)
	1910488  -  ResidentSetSize of job (KB)
...
006 (675062.000.000) 09/16 13:52:46 Image size of job updated: 1934664
	1890  -  MemoryUsage of job (MB)
	1934488  -  ResidentSetSize of job (KB)
...
006 (675062.000.000) 09/16 13:57:46 Image size of job updated: 1958944
	1913  -  MemoryUsage of job (MB)
	1958768  -  ResidentSetSize of job (KB)
...
006 (675062.000.000) 09/16 14:02:47 Image size of job updated: 1983192
	1937  -  MemoryUsage of job (MB)
	1983016  -  ResidentSetSize of job (KB)
...
006 (675062.000.000) 09/16 14:07:48 Image size of job updated: 2006796
	1960  -  MemoryUsage of job (MB)
	2006620  -  ResidentSetSize of job (KB)
...
006 (675062.000.000) 09/16 14:12:48 Image size of job updated: 2031608
	1984  -  MemoryUsage of job (MB)
	2031432  -  ResidentSetSize of job (KB)
...
006 (675062.000.000) 09/16 14:17:48 Image size of job updated: 2055768
	2008  -  MemoryUsage of job (MB)
	2055592  -  ResidentSetSize of job (KB)
...
006 (675062.000.000) 09/16 14:22:49 Image size of job updated: 2078880
	2030  -  MemoryUsage of job (MB)
	2078704  -  ResidentSetSize of job (KB)
...
006 (675062.000.000) 09/16 14:27:49 Image size of job updated: 2102884
	2054  -  MemoryUsage of job (MB)
	2102708  -  ResidentSetSize of job (KB)
...
006 (675062.000.000) 09/16 14:32:49 Image size of job updated: 2126180
	2077  -  MemoryUsage of job (MB)
	2126004  -  ResidentSetSize of job (KB)
...
006 (675062.000.000) 09/16 14:37:50 Image size of job updated: 2150540
	2100  -  MemoryUsage of job (MB)
	2150364  -  ResidentSetSize of job (KB)
...
006 (675062.000.000) 09/16 14:42:51 Image size of job updated: 2174264
	2124  -  MemoryUsage of job (MB)
	2174088  -  ResidentSetSize of job (KB)
...
006 (675062.000.000) 09/16 14:47:51 Image size of job updated: 2198816
	2148  -  MemoryUsage of job (MB)
	2198640  -  ResidentSetSize of job (KB)
...
006 (675062.000.000) 09/16 14:52:51 Image size of job updated: 2222496
	2171  -  MemoryUsage of job (MB)
	2222320  -  ResidentSetSize of job (KB)
...
006 (675062.000.000) 09/16 14:57:53 Image size of job updated: 2246596
	2194  -  MemoryUsage of job (MB)
	2246420  -  ResidentSetSize of job (KB)
...
006 (675062.000.000) 09/16 15:02:53 Image size of job updated: 2270200
	2217  -  MemoryUsage of job (MB)
	2270024  -  ResidentSetSize of job (KB)
...
006 (675062.000.000) 09/16 15:07:53 Image size of job updated: 2294208
	2241  -  MemoryUsage of job (MB)
	2294032  -  ResidentSetSize of job (KB)
...
006 (675062.000.000) 09/16 15:12:54 Image size of job updated: 2318428
	2264  -  MemoryUsage of job (MB)
	2318252  -  ResidentSetSize of job (KB)
...
006 (675062.000.000) 09/16 15:17:55 Image size of job updated: 2342820
	2288  -  MemoryUsage of job (MB)
	2342644  -  ResidentSetSize of job (KB)
...
006 (675062.000.000) 09/16 15:22:55 Image size of job updated: 2366364
	2311  -  MemoryUsage of job (MB)
	2366188  -  ResidentSetSize of job (KB)
...
006 (675062.000.000) 09/16 15:27:55 Image size of job updated: 2390280
	2335  -  MemoryUsage of job (MB)
	2390104  -  ResidentSetSize of job (KB)
...
006 (675062.000.000) 09/16 15:32:57 Image size of job updated: 2414288
	2358  -  MemoryUsage of job (MB)
	2414112  -  ResidentSetSize of job (KB)
...
006 (675062.000.000) 09/16 15:37:57 Image size of job updated: 2437920
	2381  -  MemoryUsage of job (MB)
	2437744  -  ResidentSetSize of job (KB)
...
006 (675062.000.000) 09/16 15:42:57 Image size of job updated: 2461716
	2404  -  MemoryUsage of job (MB)
	2461540  -  ResidentSetSize of job (KB)
...
006 (675062.000.000) 09/16 15:47:58 Image size of job updated: 2486304
	2428  -  MemoryUsage of job (MB)
	2486128  -  ResidentSetSize of job (KB)
...
006 (675062.000.000) 09/16 15:52:59 Image size of job updated: 2510696
	2452  -  MemoryUsage of job (MB)
	2510520  -  ResidentSetSize of job (KB)
...
006 (675062.000.000) 09/16 15:57:59 Image size of job updated: 2534644
	2476  -  MemoryUsage of job (MB)
	2534468  -  ResidentSetSize of job (KB)
...
006 (675062.000.000) 09/16 16:02:59 Image size of job updated: 2558812
	2499  -  MemoryUsage of job (MB)
	2558636  -  ResidentSetSize of job (KB)
...
006 (675062.000.000) 09/16 16:08:00 Image size of job updated: 2583256
	2523  -  MemoryUsage of job (MB)
	2583080  -  ResidentSetSize of job (KB)
...
006 (675062.000.000) 09/16 16:13:01 Image size of job updated: 2607196
	2546  -  MemoryUsage of job (MB)
	2607020  -  ResidentSetSize of job (KB)
...
006 (675062.000.000) 09/16 16:18:01 Image size of job updated: 2631792
	2570  -  MemoryUsage of job (MB)
	2631616  -  ResidentSetSize of job (KB)
...
006 (675062.000.000) 09/16 16:23:02 Image size of job updated: 2655772
	2594  -  MemoryUsage of job (MB)
	2655596  -  ResidentSetSize of job (KB)
...
006 (675062.000.000) 09/16 16:28:03 Image size of job updated: 2680360
	2618  -  MemoryUsage of job (MB)
	2680184  -  ResidentSetSize of job (KB)
...
006 (675062.000.000) 09/16 16:33:03 Image size of job updated: 2704168
	2641  -  MemoryUsage of job (MB)
	2703992  -  ResidentSetSize of job (KB)
...
006 (675062.000.000) 09/16 16:38:03 Image size of job updated: 2728060
	2664  -  MemoryUsage of job (MB)
	2727884  -  ResidentSetSize of job (KB)
...
006 (675062.000.000) 09/16 16:43:04 Image size of job updated: 2751784
	2688  -  MemoryUsage of job (MB)
	2751608  -  ResidentSetSize of job (KB)
...
006 (675062.000.000) 09/16 16:48:05 Image size of job updated: 2775468
	2711  -  MemoryUsage of job (MB)
	2775292  -  ResidentSetSize of job (KB)
...
006 (675062.000.000) 09/16 16:53:05 Image size of job updated: 2799504
	2734  -  MemoryUsage of job (MB)
	2799328  -  ResidentSetSize of job (KB)
...
006 (675062.000.000) 09/16 16:58:06 Image size of job updated: 2823148
	2757  -  MemoryUsage of job (MB)
	2822972  -  ResidentSetSize of job (KB)
...
006 (675062.000.000) 09/16 17:03:07 Image size of job updated: 2847712
	2781  -  MemoryUsage of job (MB)
	2847536  -  ResidentSetSize of job (KB)
...
006 (675062.000.000) 09/16 17:08:07 Image size of job updated: 2871600
	2805  -  MemoryUsage of job (MB)
	2871424  -  ResidentSetSize of job (KB)
...
006 (675062.000.000) 09/16 17:13:07 Image size of job updated: 2895864
	2828  -  MemoryUsage of job (MB)
	2895688  -  ResidentSetSize of job (KB)
...
006 (675062.000.000) 09/16 17:18:09 Image size of job updated: 2919460
	2851  -  MemoryUsage of job (MB)
	2919284  -  ResidentSetSize of job (KB)
...
006 (675062.000.000) 09/16 17:23:09 Image size of job updated: 2943816
	2875  -  MemoryUsage of job (MB)
	2943640  -  ResidentSetSize of job (KB)
...
006 (675062.000.000) 09/16 17:28:09 Image size of job updated: 2968164
	2899  -  MemoryUsage of job (MB)
	2967988  -  ResidentSetSize of job (KB)
...
006 (675062.000.000) 09/16 17:33:10 Image size of job updated: 2992028
	2922  -  MemoryUsage of job (MB)
	2991852  -  ResidentSetSize of job (KB)
...
006 (675062.000.000) 09/16 17:38:11 Image size of job updated: 3016348
	2946  -  MemoryUsage of job (MB)
	3016172  -  ResidentSetSize of job (KB)
...
006 (675062.000.000) 09/16 17:43:11 Image size of job updated: 3040008
	2969  -  MemoryUsage of job (MB)
	3039832  -  ResidentSetSize of job (KB)
...
006 (675062.000.000) 09/16 17:48:11 Image size of job updated: 3063572
	2992  -  MemoryUsage of job (MB)
	3063396  -  ResidentSetSize of job (KB)
...
006 (675062.000.000) 09/16 17:53:12 Image size of job updated: 3088188
	3016  -  MemoryUsage of job (MB)
	3088012  -  ResidentSetSize of job (KB)
...
006 (675062.000.000) 09/16 17:58:13 Image size of job updated: 3111924
	3039  -  MemoryUsage of job (MB)
	3111748  -  ResidentSetSize of job (KB)
...
006 (675062.000.000) 09/16 18:03:13 Image size of job updated: 3135616
	3062  -  MemoryUsage of job (MB)
	3135440  -  ResidentSetSize of job (KB)
...
006 (675062.000.000) 09/16 18:08:14 Image size of job updated: 3159532
	3086  -  MemoryUsage of job (MB)
	3159356  -  ResidentSetSize of job (KB)
...
006 (675062.000.000) 09/16 18:13:15 Image size of job updated: 3183152
	3109  -  MemoryUsage of job (MB)
	3182976  -  ResidentSetSize of job (KB)
...
006 (675062.000.000) 09/16 18:18:15 Image size of job updated: 3207208
	3132  -  MemoryUsage of job (MB)
	3207032  -  ResidentSetSize of job (KB)
...
006 (675062.000.000) 09/16 18:23:15 Image size of job updated: 3231424
	3156  -  MemoryUsage of job (MB)
	3231248  -  ResidentSetSize of job (KB)
...
006 (675062.000.000) 09/16 18:24:48 Image size of job updated: 3238596
	3156  -  MemoryUsage of job (MB)
	3231248  -  ResidentSetSize of job (KB)
...
005 (675062.000.000) 09/16 18:24:48 Job terminated.
	(1) Normal termination (return value 0)
		Usr 0 17:20:49, Sys 0 05:03:10  -  Run Remote Usage
		Usr 0 00:00:00, Sys 0 00:00:00  -  Run Local Usage
		Usr 0 17:20:49, Sys 0 05:03:10  -  Total Remote Usage
		Usr 0 00:00:00, Sys 0 00:00:00  -  Total Local Usage
	0  -  Run Bytes Sent By Job
	0  -  Run Bytes Received By Job
	0  -  Total Bytes Sent By Job
	0  -  Total Bytes Received By Job
	Partitionable Resources :    Usage  Request Allocated 
	   Cpus                 :     2.00        2         2 
	   Disk (KB)            :   150         150     18045 
	   Memory (MB)          :  3156           1       128 
...
000 (274.000.000) 10/21 16:26:42 Job submitted from host: <140.160.143.131:9618?addrs=140.160.143.131-9618&noUDP&sock=2776_aefe_4>
...
009 (274.000.000) 10/22 13:21:45 Job was aborted by the user.
	via condor_rm (by user scoggim)
...
000 (309.030.000) 10/22 13:32:35 Job submitted from host: <140.160.143.131:9618?addrs=140.160.143.131-9618&noUDP&sock=2776_aefe_4>
...
001 (309.030.000) 10/24 03:59:01 Job executing on host: <140.160.143.145:9618?addrs=140.160.143.145-9618&noUDP&sock=1466_21ee_3>
...
006 (309.030.000) 10/24 03:59:09 Image size of job updated: 2276
	3  -  MemoryUsage of job (MB)
	2276  -  ResidentSetSize of job (KB)
...
006 (309.030.000) 10/24 04:04:09 Image size of job updated: 2328
	3  -  MemoryUsage of job (MB)
	2328  -  ResidentSetSize of job (KB)
...
006 (309.030.000) 10/24 04:29:13 Image size of job updated: 2344
	3  -  MemoryUsage of job (MB)
	2344  -  ResidentSetSize of job (KB)
...
006 (309.030.000) 10/24 06:39:26 Image size of job updated: 2356
	3  -  MemoryUsage of job (MB)
	2356  -  ResidentSetSize of job (KB)
...
006 (309.030.000) 10/24 06:44:27 Image size of job updated: 2400
	3  -  MemoryUsage of job (MB)
	2400  -  ResidentSetSize of job (KB)
...
005 (309.030.000) 10/24 06:54:51 Job terminated.
	(1) Normal termination (return value 0)
		Usr 0 04:52:34, Sys 0 00:59:05  -  Run Remote Usage
		Usr 0 00:00:00, Sys 0 00:00:00  -  Run Local Usage
		Usr 0 04:52:34, Sys 0 00:59:05  -  Total Remote Usage
		Usr 0 00:00:00, Sys 0 00:00:00  -  Total Local Usage
	0  -  Run Bytes Sent By Job
	0  -  Run Bytes Received By Job
	0  -  Total Bytes Sent By Job
	0  -  Total Bytes Received By Job
	Partitionable Resources :    Usage  Request Allocated 
	   Cpus                 :     2.00        2         2 
	   Disk (KB)            :   150         150    888078 
	   Memory (MB)          :     3       20480     20480 
...
000 (376.030.000) 10/24 18:01:12 Job submitted from host: <140.160.143.131:9618?addrs=140.160.143.131-9618&noUDP&sock=2776_aefe_4>
...
009 (376.030.000) 10/24 18:01:25 Job was aborted by the user.
	via condor_rm (by user scoggim)
...
000 (377.030.000) 10/24 18:02:23 Job submitted from host: <140.160.143.131:9618?addrs=140.160.143.131-9618&noUDP&sock=2776_aefe_4>
...
009 (377.030.000) 10/24 22:08:59 Job was aborted by the user.
	via condor_rm (by user scoggim)
...
000 (378.030.000) 10/24 22:09:10 Job submitted from host: <140.160.143.131:9618?addrs=140.160.143.131-9618&noUDP&sock=2776_aefe_4>
...
009 (378.030.000) 10/25 11:03:40 Job was aborted by the user.
	via condor_rm (by user scoggim)
...
000 (392.030.000) 10/25 11:03:48 Job submitted from host: <140.160.143.131:9618?addrs=140.160.143.131-9618&noUDP&sock=2776_aefe_4>
...
009 (392.030.000) 10/25 14:27:29 Job was aborted by the user.
	via condor_rm (by user scoggim)
...
000 (396.030.000) 10/25 14:27:34 Job submitted from host: <140.160.143.131:9618?addrs=140.160.143.131-9618&noUDP&sock=2776_aefe_4>
...
001 (396.030.000) 10/25 18:44:04 Job executing on host: <140.160.143.152:9618?addrs=140.160.143.152-9618&noUDP&sock=3041_7397_3>
...
006 (396.030.000) 10/25 18:44:13 Image size of job updated: 2236
	3  -  MemoryUsage of job (MB)
	2236  -  ResidentSetSize of job (KB)
...
006 (396.030.000) 10/25 18:54:15 Image size of job updated: 2272
	3  -  MemoryUsage of job (MB)
	2272  -  ResidentSetSize of job (KB)
...
006 (396.030.000) 10/25 20:54:27 Image size of job updated: 2280
	3  -  MemoryUsage of job (MB)
	2280  -  ResidentSetSize of job (KB)
...
005 (396.030.000) 10/25 23:57:36 Job terminated.
	(1) Normal termination (return value 0)
		Usr 0 08:33:21, Sys 0 01:53:36  -  Run Remote Usage
		Usr 0 00:00:00, Sys 0 00:00:00  -  Run Local Usage
		Usr 0 08:33:21, Sys 0 01:53:36  -  Total Remote Usage
		Usr 0 00:00:00, Sys 0 00:00:00  -  Total Local Usage
	0  -  Run Bytes Sent By Job
	0  -  Run Bytes Received By Job
	0  -  Total Bytes Sent By Job
	0  -  Total Bytes Received By Job
	Partitionable Resources :    Usage  Request Allocated 
	   Cpus                 :     2.00        2         2 
	   Disk (KB)            :   150         150    880710 
	   Gpus                 :                           0 
	   Memory (MB)          :     3       20480     20480 
...
000 (418.030.000) 10/26 12:22:09 Job submitted from host: <140.160.143.131:9618?addrs=140.160.143.131-9618&noUDP&sock=2776_aefe_4>
...
001 (418.030.000) 10/26 15:32:11 Job executing on host: <140.160.143.143:9618?addrs=140.160.143.143-9618&noUDP&sock=1347_8228_3>
...
006 (418.030.000) 10/26 15:32:20 Image size of job updated: 1912
	2  -  MemoryUsage of job (MB)
	1912  -  ResidentSetSize of job (KB)
...
006 (418.030.000) 10/26 15:37:21 Image size of job updated: 2256
	3  -  MemoryUsage of job (MB)
	2256  -  ResidentSetSize of job (KB)
...
006 (418.030.000) 10/26 15:57:23 Image size of job updated: 2256
	3  -  MemoryUsage of job (MB)
	2280  -  ResidentSetSize of job (KB)
...
006 (418.030.000) 10/26 16:17:25 Image size of job updated: 2268
	3  -  MemoryUsage of job (MB)
	2280  -  ResidentSetSize of job (KB)
...
006 (418.030.000) 10/26 16:22:25 Image size of job updated: 2276
	3  -  MemoryUsage of job (MB)
	2280  -  ResidentSetSize of job (KB)
...
006 (418.030.000) 10/26 16:27:26 Image size of job updated: 2284
	3  -  MemoryUsage of job (MB)
	2284  -  ResidentSetSize of job (KB)
...
006 (418.030.000) 10/26 16:32:27 Image size of job updated: 2288
	3  -  MemoryUsage of job (MB)
	2288  -  ResidentSetSize of job (KB)
...
006 (418.030.000) 10/26 17:07:30 Image size of job updated: 2316
	3  -  MemoryUsage of job (MB)
	2316  -  ResidentSetSize of job (KB)
...
005 (418.030.000) 10/26 18:40:03 Job terminated.
	(1) Normal termination (return value 0)
		Usr 0 05:09:20, Sys 0 01:06:22  -  Run Remote Usage
		Usr 0 00:00:00, Sys 0 00:00:00  -  Run Local Usage
		Usr 0 05:09:20, Sys 0 01:06:22  -  Total Remote Usage
		Usr 0 00:00:00, Sys 0 00:00:00  -  Total Local Usage
	0  -  Run Bytes Sent By Job
	0  -  Run Bytes Received By Job
	0  -  Total Bytes Sent By Job
	0  -  Total Bytes Received By Job
	Partitionable Resources :    Usage  Request Allocated 
	   Cpus                 :     2.00        2         2 
	   Disk (KB)            :   150         150    888012 
	   Memory (MB)          :     3       20480     20480 
...
000 (419.030.000) 10/26 20:10:13 Job submitted from host: <140.160.143.131:9618?addrs=140.160.143.131-9618&noUDP&sock=2776_aefe_4>
...
001 (419.030.000) 10/26 23:15:13 Job executing on host: <140.160.143.143:9618?addrs=140.160.143.143-9618&noUDP&sock=1347_8228_3>
...
006 (419.030.000) 10/26 23:15:22 Image size of job updated: 2260
	3  -  MemoryUsage of job (MB)
	2260  -  ResidentSetSize of job (KB)
...
006 (419.030.000) 10/26 23:40:25 Image size of job updated: 2280
	3  -  MemoryUsage of job (MB)
	2280  -  ResidentSetSize of job (KB)
...
006 (419.030.000) 10/26 23:50:26 Image size of job updated: 2296
	3  -  MemoryUsage of job (MB)
	2296  -  ResidentSetSize of job (KB)
...
006 (419.030.000) 10/27 00:10:28 Image size of job updated: 2296
	3  -  MemoryUsage of job (MB)
	2312  -  ResidentSetSize of job (KB)
...
006 (419.030.000) 10/27 00:25:30 Image size of job updated: 2328
	3  -  MemoryUsage of job (MB)
	2328  -  ResidentSetSize of job (KB)
...
006 (419.030.000) 10/27 01:50:38 Image size of job updated: 2336
	3  -  MemoryUsage of job (MB)
	2336  -  ResidentSetSize of job (KB)
...
005 (419.030.000) 10/27 02:20:27 Job terminated.
	(1) Normal termination (return value 0)
		Usr 0 05:05:46, Sys 0 01:04:41  -  Run Remote Usage
		Usr 0 00:00:00, Sys 0 00:00:00  -  Run Local Usage
		Usr 0 05:05:46, Sys 0 01:04:41  -  Total Remote Usage
		Usr 0 00:00:00, Sys 0 00:00:00  -  Total Local Usage
	0  -  Run Bytes Sent By Job
	0  -  Run Bytes Received By Job
	0  -  Total Bytes Sent By Job
	0  -  Total Bytes Received By Job
	Partitionable Resources :    Usage  Request Allocated 
	   Cpus                 :     2.00        2         2 
	   Disk (KB)            :   150         150    888012 
	   Memory (MB)          :     3       20480     20480 
...
000 (420.030.000) 10/27 11:17:25 Job submitted from host: <140.160.143.131:9618?addrs=140.160.143.131-9618&noUDP&sock=2776_aefe_4>
...
001 (420.030.000) 10/30 11:45:14 Job executing on host: <140.160.143.141:9618?addrs=140.160.143.141-9618&noUDP&sock=1856_a3dd_3>
...
006 (420.030.000) 10/30 11:45:23 Image size of job updated: 2992
	2  -  MemoryUsage of job (MB)
	1836  -  ResidentSetSize of job (KB)
...
006 (420.030.000) 10/30 11:50:24 Image size of job updated: 3416
	3  -  MemoryUsage of job (MB)
	2260  -  ResidentSetSize of job (KB)
...
006 (420.030.000) 10/30 12:05:26 Image size of job updated: 3416
	3  -  MemoryUsage of job (MB)
	2272  -  ResidentSetSize of job (KB)
...
006 (420.030.000) 10/30 12:10:26 Image size of job updated: 3436
	3  -  MemoryUsage of job (MB)
	2292  -  ResidentSetSize of job (KB)
...
006 (420.030.000) 10/30 12:40:29 Image size of job updated: 3456
	3  -  MemoryUsage of job (MB)
	2300  -  ResidentSetSize of job (KB)
...
005 (420.030.000) 10/30 16:36:20 Job terminated.
	(1) Normal termination (return value 0)
		Usr 0 08:04:56, Sys 0 01:37:13  -  Run Remote Usage
		Usr 0 00:00:00, Sys 0 00:00:00  -  Run Local Usage
		Usr 0 08:04:56, Sys 0 01:37:13  -  Total Remote Usage
		Usr 0 00:00:00, Sys 0 00:00:00  -  Total Local Usage
	0  -  Run Bytes Sent By Job
	0  -  Run Bytes Received By Job
	0  -  Total Bytes Sent By Job
	0  -  Total Bytes Received By Job
	Partitionable Resources :    Usage  Request Allocated 
	   Cpus                 :     2.00        2         2 
	   Disk (KB)            :   150         150    886790 
	   Memory (MB)          :     3       20480     20480 
...
