000 (2161.274.000) 04/19 11:39:22 Job submitted from host: <140.160.143.131:9618?addrs=140.160.143.131-9618&noUDP&sock=3131910_565e_30>
...
001 (2161.274.000) 04/22 11:33:04 Job executing on host: <140.160.143.166:9618?addrs=140.160.143.166-9618&noUDP&sock=14230_2cc4_3>
...
006 (2161.274.000) 04/22 11:33:12 Image size of job updated: 4776
	5  -  MemoryUsage of job (MB)
	4776  -  ResidentSetSize of job (KB)
...
006 (2161.274.000) 04/22 11:53:13 Image size of job updated: 4780
	5  -  MemoryUsage of job (MB)
	4780  -  ResidentSetSize of job (KB)
...
006 (2161.274.000) 04/22 12:53:19 Image size of job updated: 5028
	5  -  MemoryUsage of job (MB)
	5028  -  ResidentSetSize of job (KB)
...
005 (2161.274.000) 04/24 04:52:47 Job terminated.
	(1) Normal termination (return value 0)
		Usr 4 13:57:25, Sys 2 07:20:57  -  Run Remote Usage
		Usr 0 00:00:00, Sys 0 00:00:00  -  Run Local Usage
		Usr 4 13:57:25, Sys 2 07:20:57  -  Total Remote Usage
		Usr 0 00:00:00, Sys 0 00:00:00  -  Total Local Usage
	0  -  Run Bytes Sent By Job
	0  -  Run Bytes Received By Job
	0  -  Total Bytes Sent By Job
	0  -  Total Bytes Received By Job
	Partitionable Resources :    Usage  Request Allocated 
	   Cpus                 :     4.00        4         4 
	   Disk (KB)            :   175         175    844602 
	   Memory (MB)          :     5           1       128 
...
000 (2267.1795.000) 04/28 23:44:44 Job submitted from host: <140.160.143.131:9618?addrs=140.160.143.131-9618&noUDP&sock=3131910_565e_30>
...
009 (2267.1795.000) 05/11 12:17:54 Job was aborted by the user.
	via condor_rm (by user scoggim)
...
000 (2400.1119.000) 05/11 12:37:10 Job submitted from host: <140.160.143.131:9618?addrs=140.160.143.131-9618&noUDP&sock=3131910_565e_30>
...
001 (2400.1119.000) 05/13 07:44:47 Job executing on host: <140.160.143.143:9618?addrs=140.160.143.143-9618&noUDP&sock=6169_ffd6_3>
...
006 (2400.1119.000) 05/13 07:44:56 Image size of job updated: 4016
	4  -  MemoryUsage of job (MB)
	4016  -  ResidentSetSize of job (KB)
...
006 (2400.1119.000) 05/15 12:31:31 Image size of job updated: 109552
	4  -  MemoryUsage of job (MB)
	4016  -  ResidentSetSize of job (KB)
...
004 (2400.1119.000) 05/15 12:31:31 Job was evicted.
	(0) Job was not checkpointed.
		Usr 2 04:45:11, Sys 0 00:00:02  -  Run Remote Usage
		Usr 0 00:00:00, Sys 0 00:00:00  -  Run Local Usage
	0  -  Run Bytes Sent By Job
	0  -  Run Bytes Received By Job
	Partitionable Resources :    Usage  Request Allocated 
	   Cpus                 :     1.00        1         1 
	   Disk (KB)            :   175         175    881220 
	   Memory (MB)          :     4           1       128 
...
001 (2400.1119.000) 05/15 18:22:47 Job executing on host: <140.160.143.143:9618?addrs=140.160.143.143-9618&noUDP&sock=30616_9ba2_3>
...
004 (2400.1119.000) 05/19 07:17:37 Job was evicted.
	(0) Job was not checkpointed.
		Usr 2 20:39:14, Sys 0 00:00:02  -  Run Remote Usage
		Usr 0 00:00:00, Sys 0 00:00:00  -  Run Local Usage
	0  -  Run Bytes Sent By Job
	0  -  Run Bytes Received By Job
	Partitionable Resources :    Usage  Request Allocated 
	   Cpus                 :     0.89        1         1 
	   Disk (KB)            :   175         175    881354 
	   Memory (MB)          :     5           5       128 
...
009 (2400.1119.000) 05/19 07:17:40 Job was aborted by the user.
	via condor_rm (by user scoggim)
...
