000 (674482.000.000) 09/14 14:18:52 Job submitted from host: <140.160.143.130:9618?addrs=140.160.143.130-9618&noUDP&sock=5591_da80_4>
...
009 (674482.000.000) 09/14 14:20:43 Job was aborted by the user.
	via condor_rm (by user scoggim)
...
000 (674626.000.000) 09/14 14:26:01 Job submitted from host: <140.160.143.130:9618?addrs=140.160.143.130-9618&noUDP&sock=5591_da80_4>
...
000 (674770.000.000) 09/14 14:26:43 Job submitted from host: <140.160.143.130:9618?addrs=140.160.143.130-9618&noUDP&sock=5591_da80_4>
...
000 (674914.000.000) 09/14 14:27:41 Job submitted from host: <140.160.143.130:9618?addrs=140.160.143.130-9618&noUDP&sock=5591_da80_4>
...
009 (674914.000.000) 09/14 14:46:33 Job was aborted by the user.
	via condor_rm (by user scoggim)
...
009 (674626.000.000) 09/14 14:46:33 Job was aborted by the user.
	via condor_rm (by user scoggim)
...
009 (674770.000.000) 09/14 14:46:33 Job was aborted by the user.
	via condor_rm (by user scoggim)
...
000 (675094.000.000) 09/14 22:20:28 Job submitted from host: <140.160.143.130:9618?addrs=140.160.143.130-9618&noUDP&sock=5591_da80_4>
...
001 (675094.000.000) 09/20 21:32:03 Job executing on host: <140.160.143.155:9618?addrs=140.160.143.155-9618&noUDP&sock=4483_db90_3>
...
006 (675094.000.000) 09/20 21:32:12 Image size of job updated: 4612
	5  -  MemoryUsage of job (MB)
	4612  -  ResidentSetSize of job (KB)
...
006 (675094.000.000) 09/20 21:37:13 Image size of job updated: 13488
	14  -  MemoryUsage of job (MB)
	13488  -  ResidentSetSize of job (KB)
...
006 (675094.000.000) 09/20 21:42:13 Image size of job updated: 25048
	25  -  MemoryUsage of job (MB)
	25048  -  ResidentSetSize of job (KB)
...
006 (675094.000.000) 09/20 21:47:13 Image size of job updated: 34260
	34  -  MemoryUsage of job (MB)
	34260  -  ResidentSetSize of job (KB)
...
006 (675094.000.000) 09/20 21:52:14 Image size of job updated: 44652
	44  -  MemoryUsage of job (MB)
	44652  -  ResidentSetSize of job (KB)
...
006 (675094.000.000) 09/20 21:57:14 Image size of job updated: 53960
	53  -  MemoryUsage of job (MB)
	53960  -  ResidentSetSize of job (KB)
...
006 (675094.000.000) 09/20 22:02:14 Image size of job updated: 64620
	64  -  MemoryUsage of job (MB)
	64620  -  ResidentSetSize of job (KB)
...
006 (675094.000.000) 09/20 22:07:15 Image size of job updated: 74592
	73  -  MemoryUsage of job (MB)
	74592  -  ResidentSetSize of job (KB)
...
006 (675094.000.000) 09/20 22:12:16 Image size of job updated: 85504
	84  -  MemoryUsage of job (MB)
	85504  -  ResidentSetSize of job (KB)
...
006 (675094.000.000) 09/20 22:17:16 Image size of job updated: 96264
	95  -  MemoryUsage of job (MB)
	96264  -  ResidentSetSize of job (KB)
...
006 (675094.000.000) 09/20 22:22:16 Image size of job updated: 106300
	104  -  MemoryUsage of job (MB)
	106300  -  ResidentSetSize of job (KB)
...
006 (675094.000.000) 09/20 22:27:17 Image size of job updated: 116616
	114  -  MemoryUsage of job (MB)
	116616  -  ResidentSetSize of job (KB)
...
006 (675094.000.000) 09/20 22:32:17 Image size of job updated: 126712
	124  -  MemoryUsage of job (MB)
	126712  -  ResidentSetSize of job (KB)
...
006 (675094.000.000) 09/20 22:37:17 Image size of job updated: 136288
	134  -  MemoryUsage of job (MB)
	136288  -  ResidentSetSize of job (KB)
...
006 (675094.000.000) 09/20 22:42:18 Image size of job updated: 146080
	143  -  MemoryUsage of job (MB)
	146080  -  ResidentSetSize of job (KB)
...
006 (675094.000.000) 09/20 22:47:19 Image size of job updated: 156568
	153  -  MemoryUsage of job (MB)
	156568  -  ResidentSetSize of job (KB)
...
006 (675094.000.000) 09/20 22:52:19 Image size of job updated: 166304
	163  -  MemoryUsage of job (MB)
	166304  -  ResidentSetSize of job (KB)
...
006 (675094.000.000) 09/20 22:57:20 Image size of job updated: 176704
	173  -  MemoryUsage of job (MB)
	176704  -  ResidentSetSize of job (KB)
...
006 (675094.000.000) 09/20 23:02:21 Image size of job updated: 184264
	180  -  MemoryUsage of job (MB)
	184264  -  ResidentSetSize of job (KB)
...
006 (675094.000.000) 09/20 23:07:21 Image size of job updated: 194028
	190  -  MemoryUsage of job (MB)
	194028  -  ResidentSetSize of job (KB)
...
006 (675094.000.000) 09/20 23:12:21 Image size of job updated: 203488
	199  -  MemoryUsage of job (MB)
	203488  -  ResidentSetSize of job (KB)
...
006 (675094.000.000) 09/20 23:17:22 Image size of job updated: 213436
	209  -  MemoryUsage of job (MB)
	213436  -  ResidentSetSize of job (KB)
...
006 (675094.000.000) 09/20 23:22:23 Image size of job updated: 224780
	220  -  MemoryUsage of job (MB)
	224780  -  ResidentSetSize of job (KB)
...
006 (675094.000.000) 09/20 23:27:23 Image size of job updated: 234680
	230  -  MemoryUsage of job (MB)
	234680  -  ResidentSetSize of job (KB)
...
006 (675094.000.000) 09/20 23:32:24 Image size of job updated: 244728
	239  -  MemoryUsage of job (MB)
	244728  -  ResidentSetSize of job (KB)
...
006 (675094.000.000) 09/20 23:37:25 Image size of job updated: 254576
	249  -  MemoryUsage of job (MB)
	254576  -  ResidentSetSize of job (KB)
...
006 (675094.000.000) 09/20 23:42:25 Image size of job updated: 264404
	259  -  MemoryUsage of job (MB)
	264404  -  ResidentSetSize of job (KB)
...
006 (675094.000.000) 09/20 23:47:25 Image size of job updated: 274244
	268  -  MemoryUsage of job (MB)
	274244  -  ResidentSetSize of job (KB)
...
006 (675094.000.000) 09/20 23:52:26 Image size of job updated: 284092
	278  -  MemoryUsage of job (MB)
	284092  -  ResidentSetSize of job (KB)
...
006 (675094.000.000) 09/20 23:57:27 Image size of job updated: 293500
	287  -  MemoryUsage of job (MB)
	293500  -  ResidentSetSize of job (KB)
...
006 (675094.000.000) 09/21 00:02:27 Image size of job updated: 303636
	297  -  MemoryUsage of job (MB)
	303636  -  ResidentSetSize of job (KB)
...
006 (675094.000.000) 09/21 00:07:28 Image size of job updated: 313676
	307  -  MemoryUsage of job (MB)
	313676  -  ResidentSetSize of job (KB)
...
006 (675094.000.000) 09/21 00:12:29 Image size of job updated: 323540
	316  -  MemoryUsage of job (MB)
	323540  -  ResidentSetSize of job (KB)
...
006 (675094.000.000) 09/21 00:17:29 Image size of job updated: 331844
	325  -  MemoryUsage of job (MB)
	331844  -  ResidentSetSize of job (KB)
...
006 (675094.000.000) 09/21 00:22:30 Image size of job updated: 342540
	335  -  MemoryUsage of job (MB)
	342540  -  ResidentSetSize of job (KB)
...
006 (675094.000.000) 09/21 00:27:31 Image size of job updated: 352956
	345  -  MemoryUsage of job (MB)
	352956  -  ResidentSetSize of job (KB)
...
006 (675094.000.000) 09/21 00:32:31 Image size of job updated: 363436
	355  -  MemoryUsage of job (MB)
	363436  -  ResidentSetSize of job (KB)
...
006 (675094.000.000) 09/21 00:37:31 Image size of job updated: 372084
	364  -  MemoryUsage of job (MB)
	372084  -  ResidentSetSize of job (KB)
...
006 (675094.000.000) 09/21 00:42:32 Image size of job updated: 382992
	375  -  MemoryUsage of job (MB)
	382992  -  ResidentSetSize of job (KB)
...
006 (675094.000.000) 09/21 00:47:33 Image size of job updated: 392232
	384  -  MemoryUsage of job (MB)
	392232  -  ResidentSetSize of job (KB)
...
006 (675094.000.000) 09/21 00:52:33 Image size of job updated: 403920
	395  -  MemoryUsage of job (MB)
	403920  -  ResidentSetSize of job (KB)
...
006 (675094.000.000) 09/21 00:57:34 Image size of job updated: 414312
	405  -  MemoryUsage of job (MB)
	414312  -  ResidentSetSize of job (KB)
...
006 (675094.000.000) 09/21 01:02:35 Image size of job updated: 423964
	415  -  MemoryUsage of job (MB)
	423964  -  ResidentSetSize of job (KB)
...
006 (675094.000.000) 09/21 01:07:35 Image size of job updated: 428340
	419  -  MemoryUsage of job (MB)
	428340  -  ResidentSetSize of job (KB)
...
013 (675094.000.000) 09/23 09:38:46 Job was released.
	via condor_release (by user condor)
...
012 (675094.000.000) 09/24 11:06:53 Job was held.
	via condor_hold (by user condor)
	Code 1 Subcode 0
...
