000 (2060.020.000) 03/05 20:07:43 Job submitted from host: <140.160.143.131:9618?addrs=140.160.143.131-9618&noUDP&sock=1229063_9141_4>
...
009 (2060.020.000) 03/05 20:07:53 Job was aborted by the user.
	via condor_rm (by user scoggim)
...
000 (2069.006.000) 03/05 20:16:28 Job submitted from host: <140.160.143.131:9618?addrs=140.160.143.131-9618&noUDP&sock=1229063_9141_4>
...
001 (2069.006.000) 03/08 16:24:24 Job executing on host: <140.160.143.147:9618?addrs=140.160.143.147-9618&noUDP&sock=28833_9e45_3>
...
006 (2069.006.000) 03/08 16:24:33 Image size of job updated: 996
	1  -  MemoryUsage of job (MB)
	996  -  ResidentSetSize of job (KB)
...
006 (2069.006.000) 03/08 17:01:55 Image size of job updated: 213144
	1  -  MemoryUsage of job (MB)
	996  -  ResidentSetSize of job (KB)
...
005 (2069.006.000) 03/08 17:01:55 Job terminated.
	(1) Normal termination (return value 0)
		Usr 0 01:35:04, Sys 0 00:54:31  -  Run Remote Usage
		Usr 0 00:00:00, Sys 0 00:00:00  -  Run Local Usage
		Usr 0 01:35:04, Sys 0 00:54:31  -  Total Remote Usage
		Usr 0 00:00:00, Sys 0 00:00:00  -  Total Local Usage
	0  -  Run Bytes Sent By Job
	0  -  Run Bytes Received By Job
	0  -  Total Bytes Sent By Job
	0  -  Total Bytes Received By Job
	Partitionable Resources :    Usage  Request Allocated 
	   Cpus                 :     4.00        4         4 
	   Disk (KB)            :   175         175    197501 
	   Memory (MB)          :     1           1       128 
...
000 (2134.020.000) 03/25 11:02:21 Job submitted from host: <140.160.143.131:9618?addrs=140.160.143.131-9618&noUDP&sock=3219958_f11d_13>
...
009 (2134.020.000) 03/25 11:05:05 Job was aborted by the user.
	via condor_rm (by user scoggim)
...
000 (2135.020.000) 03/25 11:05:14 Job submitted from host: <140.160.143.131:9618?addrs=140.160.143.131-9618&noUDP&sock=3219958_f11d_13>
...
001 (2135.020.000) 03/26 10:50:28 Job executing on host: <140.160.143.165:9618?addrs=140.160.143.165-9618&noUDP&sock=9630_f51d_3>
...
006 (2135.020.000) 03/26 10:50:36 Image size of job updated: 4552
	5  -  MemoryUsage of job (MB)
	4444  -  ResidentSetSize of job (KB)
...
006 (2135.020.000) 03/26 11:30:39 Image size of job updated: 4776
	5  -  MemoryUsage of job (MB)
	4668  -  ResidentSetSize of job (KB)
...
005 (2135.020.000) 03/27 02:54:25 Job terminated.
	(1) Normal termination (return value 0)
		Usr 1 18:15:39, Sys 0 21:59:19  -  Run Remote Usage
		Usr 0 00:00:00, Sys 0 00:00:00  -  Run Local Usage
		Usr 1 18:15:39, Sys 0 21:59:19  -  Total Remote Usage
		Usr 0 00:00:00, Sys 0 00:00:00  -  Total Local Usage
	0  -  Run Bytes Sent By Job
	0  -  Run Bytes Received By Job
	0  -  Total Bytes Sent By Job
	0  -  Total Bytes Received By Job
	Partitionable Resources :    Usage  Request Allocated 
	   Cpus                 :     4.00        4         4 
	   Disk (KB)            :   175         175    844764 
	   Memory (MB)          :     5           1       128 
...
