000 (674441.000.000) 09/14 14:18:51 Job submitted from host: <140.160.143.130:9618?addrs=140.160.143.130-9618&noUDP&sock=5591_da80_4>
...
009 (674441.000.000) 09/14 14:20:43 Job was aborted by the user.
	via condor_rm (by user scoggim)
...
000 (674585.000.000) 09/14 14:26:00 Job submitted from host: <140.160.143.130:9618?addrs=140.160.143.130-9618&noUDP&sock=5591_da80_4>
...
000 (674729.000.000) 09/14 14:26:41 Job submitted from host: <140.160.143.130:9618?addrs=140.160.143.130-9618&noUDP&sock=5591_da80_4>
...
000 (674873.000.000) 09/14 14:27:40 Job submitted from host: <140.160.143.130:9618?addrs=140.160.143.130-9618&noUDP&sock=5591_da80_4>
...
009 (674729.000.000) 09/14 14:46:33 Job was aborted by the user.
	via condor_rm (by user scoggim)
...
009 (674873.000.000) 09/14 14:46:33 Job was aborted by the user.
	via condor_rm (by user scoggim)
...
009 (674585.000.000) 09/14 14:46:34 Job was aborted by the user.
	via condor_rm (by user scoggim)
...
000 (675053.000.000) 09/14 22:20:26 Job submitted from host: <140.160.143.130:9618?addrs=140.160.143.130-9618&noUDP&sock=5591_da80_4>
...
001 (675053.000.000) 09/16 07:11:56 Job executing on host: <140.160.143.157:9618?addrs=140.160.143.157-9618&noUDP&sock=4484_2bf8_12>
...
006 (675053.000.000) 09/16 07:12:05 Image size of job updated: 4100
	3  -  MemoryUsage of job (MB)
	2924  -  ResidentSetSize of job (KB)
...
006 (675053.000.000) 09/16 07:17:06 Image size of job updated: 28328
	27  -  MemoryUsage of job (MB)
	27152  -  ResidentSetSize of job (KB)
...
006 (675053.000.000) 09/16 07:22:06 Image size of job updated: 52804
	51  -  MemoryUsage of job (MB)
	51628  -  ResidentSetSize of job (KB)
...
006 (675053.000.000) 09/16 07:27:06 Image size of job updated: 77192
	75  -  MemoryUsage of job (MB)
	76016  -  ResidentSetSize of job (KB)
...
006 (675053.000.000) 09/16 07:32:07 Image size of job updated: 101576
	99  -  MemoryUsage of job (MB)
	100400  -  ResidentSetSize of job (KB)
...
006 (675053.000.000) 09/16 07:37:07 Image size of job updated: 125988
	122  -  MemoryUsage of job (MB)
	124812  -  ResidentSetSize of job (KB)
...
006 (675053.000.000) 09/16 07:42:07 Image size of job updated: 149784
	146  -  MemoryUsage of job (MB)
	148608  -  ResidentSetSize of job (KB)
...
006 (675053.000.000) 09/16 07:47:08 Image size of job updated: 174284
	170  -  MemoryUsage of job (MB)
	173108  -  ResidentSetSize of job (KB)
...
006 (675053.000.000) 09/16 07:52:09 Image size of job updated: 198544
	193  -  MemoryUsage of job (MB)
	197368  -  ResidentSetSize of job (KB)
...
006 (675053.000.000) 09/16 07:57:09 Image size of job updated: 222640
	217  -  MemoryUsage of job (MB)
	221464  -  ResidentSetSize of job (KB)
...
006 (675053.000.000) 09/16 08:02:10 Image size of job updated: 246324
	240  -  MemoryUsage of job (MB)
	245148  -  ResidentSetSize of job (KB)
...
006 (675053.000.000) 09/16 08:07:11 Image size of job updated: 269944
	263  -  MemoryUsage of job (MB)
	268768  -  ResidentSetSize of job (KB)
...
006 (675053.000.000) 09/16 08:12:11 Image size of job updated: 293576
	286  -  MemoryUsage of job (MB)
	292400  -  ResidentSetSize of job (KB)
...
006 (675053.000.000) 09/16 08:17:11 Image size of job updated: 317644
	310  -  MemoryUsage of job (MB)
	316468  -  ResidentSetSize of job (KB)
...
006 (675053.000.000) 09/16 08:22:12 Image size of job updated: 342080
	333  -  MemoryUsage of job (MB)
	340904  -  ResidentSetSize of job (KB)
...
006 (675053.000.000) 09/16 08:27:13 Image size of job updated: 365992
	357  -  MemoryUsage of job (MB)
	364816  -  ResidentSetSize of job (KB)
...
006 (675053.000.000) 09/16 08:32:13 Image size of job updated: 390764
	381  -  MemoryUsage of job (MB)
	389588  -  ResidentSetSize of job (KB)
...
006 (675053.000.000) 09/16 08:37:14 Image size of job updated: 415208
	405  -  MemoryUsage of job (MB)
	414032  -  ResidentSetSize of job (KB)
...
006 (675053.000.000) 09/16 08:42:15 Image size of job updated: 439604
	429  -  MemoryUsage of job (MB)
	438428  -  ResidentSetSize of job (KB)
...
006 (675053.000.000) 09/16 08:47:15 Image size of job updated: 463964
	452  -  MemoryUsage of job (MB)
	462788  -  ResidentSetSize of job (KB)
...
006 (675053.000.000) 09/16 08:52:15 Image size of job updated: 488332
	476  -  MemoryUsage of job (MB)
	487156  -  ResidentSetSize of job (KB)
...
006 (675053.000.000) 09/16 08:57:16 Image size of job updated: 512776
	500  -  MemoryUsage of job (MB)
	511600  -  ResidentSetSize of job (KB)
...
006 (675053.000.000) 09/16 09:02:17 Image size of job updated: 536984
	524  -  MemoryUsage of job (MB)
	535808  -  ResidentSetSize of job (KB)
...
006 (675053.000.000) 09/16 09:07:17 Image size of job updated: 561168
	547  -  MemoryUsage of job (MB)
	559992  -  ResidentSetSize of job (KB)
...
006 (675053.000.000) 09/16 09:12:18 Image size of job updated: 585080
	571  -  MemoryUsage of job (MB)
	583904  -  ResidentSetSize of job (KB)
...
006 (675053.000.000) 09/16 09:17:19 Image size of job updated: 608916
	594  -  MemoryUsage of job (MB)
	607740  -  ResidentSetSize of job (KB)
...
006 (675053.000.000) 09/16 09:22:19 Image size of job updated: 632384
	617  -  MemoryUsage of job (MB)
	631208  -  ResidentSetSize of job (KB)
...
006 (675053.000.000) 09/16 09:27:19 Image size of job updated: 656700
	641  -  MemoryUsage of job (MB)
	655524  -  ResidentSetSize of job (KB)
...
006 (675053.000.000) 09/16 09:32:20 Image size of job updated: 680824
	664  -  MemoryUsage of job (MB)
	679648  -  ResidentSetSize of job (KB)
...
006 (675053.000.000) 09/16 09:37:21 Image size of job updated: 704864
	688  -  MemoryUsage of job (MB)
	703688  -  ResidentSetSize of job (KB)
...
006 (675053.000.000) 09/16 09:42:21 Image size of job updated: 729112
	711  -  MemoryUsage of job (MB)
	727936  -  ResidentSetSize of job (KB)
...
006 (675053.000.000) 09/16 09:47:22 Image size of job updated: 753448
	735  -  MemoryUsage of job (MB)
	752272  -  ResidentSetSize of job (KB)
...
006 (675053.000.000) 09/16 09:52:23 Image size of job updated: 777492
	759  -  MemoryUsage of job (MB)
	776316  -  ResidentSetSize of job (KB)
...
006 (675053.000.000) 09/16 09:57:23 Image size of job updated: 801824
	782  -  MemoryUsage of job (MB)
	800648  -  ResidentSetSize of job (KB)
...
006 (675053.000.000) 09/16 10:02:23 Image size of job updated: 826168
	806  -  MemoryUsage of job (MB)
	824992  -  ResidentSetSize of job (KB)
...
006 (675053.000.000) 09/16 10:07:24 Image size of job updated: 850480
	830  -  MemoryUsage of job (MB)
	849304  -  ResidentSetSize of job (KB)
...
006 (675053.000.000) 09/16 10:12:25 Image size of job updated: 874768
	854  -  MemoryUsage of job (MB)
	873592  -  ResidentSetSize of job (KB)
...
006 (675053.000.000) 09/16 10:17:25 Image size of job updated: 898360
	877  -  MemoryUsage of job (MB)
	897184  -  ResidentSetSize of job (KB)
...
006 (675053.000.000) 09/16 10:22:25 Image size of job updated: 922976
	901  -  MemoryUsage of job (MB)
	921800  -  ResidentSetSize of job (KB)
...
006 (675053.000.000) 09/16 10:27:26 Image size of job updated: 946912
	924  -  MemoryUsage of job (MB)
	945736  -  ResidentSetSize of job (KB)
...
006 (675053.000.000) 09/16 10:32:26 Image size of job updated: 970696
	947  -  MemoryUsage of job (MB)
	969520  -  ResidentSetSize of job (KB)
...
006 (675053.000.000) 09/16 10:37:26 Image size of job updated: 994464
	971  -  MemoryUsage of job (MB)
	993288  -  ResidentSetSize of job (KB)
...
006 (675053.000.000) 09/16 10:42:27 Image size of job updated: 1017980
	993  -  MemoryUsage of job (MB)
	1016804  -  ResidentSetSize of job (KB)
...
006 (675053.000.000) 09/16 10:47:28 Image size of job updated: 1042364
	1017  -  MemoryUsage of job (MB)
	1041188  -  ResidentSetSize of job (KB)
...
006 (675053.000.000) 09/16 10:52:28 Image size of job updated: 1066468
	1041  -  MemoryUsage of job (MB)
	1065292  -  ResidentSetSize of job (KB)
...
006 (675053.000.000) 09/16 10:57:28 Image size of job updated: 1090736
	1065  -  MemoryUsage of job (MB)
	1089560  -  ResidentSetSize of job (KB)
...
006 (675053.000.000) 09/16 11:02:29 Image size of job updated: 1114988
	1088  -  MemoryUsage of job (MB)
	1113812  -  ResidentSetSize of job (KB)
...
006 (675053.000.000) 09/16 11:07:30 Image size of job updated: 1138732
	1111  -  MemoryUsage of job (MB)
	1137556  -  ResidentSetSize of job (KB)
...
006 (675053.000.000) 09/16 11:12:30 Image size of job updated: 1162912
	1135  -  MemoryUsage of job (MB)
	1161736  -  ResidentSetSize of job (KB)
...
006 (675053.000.000) 09/16 11:17:31 Image size of job updated: 1186676
	1158  -  MemoryUsage of job (MB)
	1185500  -  ResidentSetSize of job (KB)
...
006 (675053.000.000) 09/16 11:22:32 Image size of job updated: 1211128
	1182  -  MemoryUsage of job (MB)
	1209952  -  ResidentSetSize of job (KB)
...
006 (675053.000.000) 09/16 11:27:32 Image size of job updated: 1235196
	1206  -  MemoryUsage of job (MB)
	1234020  -  ResidentSetSize of job (KB)
...
006 (675053.000.000) 09/16 11:32:32 Image size of job updated: 1259432
	1229  -  MemoryUsage of job (MB)
	1258256  -  ResidentSetSize of job (KB)
...
006 (675053.000.000) 09/16 11:37:33 Image size of job updated: 1283556
	1253  -  MemoryUsage of job (MB)
	1282380  -  ResidentSetSize of job (KB)
...
006 (675053.000.000) 09/16 11:42:34 Image size of job updated: 1308036
	1277  -  MemoryUsage of job (MB)
	1306860  -  ResidentSetSize of job (KB)
...
006 (675053.000.000) 09/16 11:47:34 Image size of job updated: 1331800
	1300  -  MemoryUsage of job (MB)
	1330624  -  ResidentSetSize of job (KB)
...
006 (675053.000.000) 09/16 11:52:35 Image size of job updated: 1356440
	1324  -  MemoryUsage of job (MB)
	1355264  -  ResidentSetSize of job (KB)
...
006 (675053.000.000) 09/16 11:57:36 Image size of job updated: 1380664
	1348  -  MemoryUsage of job (MB)
	1379488  -  ResidentSetSize of job (KB)
...
006 (675053.000.000) 09/16 12:02:36 Image size of job updated: 1404868
	1371  -  MemoryUsage of job (MB)
	1403692  -  ResidentSetSize of job (KB)
...
006 (675053.000.000) 09/16 12:07:36 Image size of job updated: 1428664
	1395  -  MemoryUsage of job (MB)
	1427488  -  ResidentSetSize of job (KB)
...
006 (675053.000.000) 09/16 12:12:37 Image size of job updated: 1452984
	1418  -  MemoryUsage of job (MB)
	1451808  -  ResidentSetSize of job (KB)
...
006 (675053.000.000) 09/16 12:17:38 Image size of job updated: 1477300
	1442  -  MemoryUsage of job (MB)
	1476124  -  ResidentSetSize of job (KB)
...
006 (675053.000.000) 09/16 12:22:38 Image size of job updated: 1501116
	1465  -  MemoryUsage of job (MB)
	1499940  -  ResidentSetSize of job (KB)
...
006 (675053.000.000) 09/16 12:27:39 Image size of job updated: 1525368
	1489  -  MemoryUsage of job (MB)
	1524192  -  ResidentSetSize of job (KB)
...
006 (675053.000.000) 09/16 12:32:40 Image size of job updated: 1549664
	1513  -  MemoryUsage of job (MB)
	1548488  -  ResidentSetSize of job (KB)
...
006 (675053.000.000) 09/16 12:37:40 Image size of job updated: 1573448
	1536  -  MemoryUsage of job (MB)
	1572272  -  ResidentSetSize of job (KB)
...
006 (675053.000.000) 09/16 12:42:40 Image size of job updated: 1597884
	1560  -  MemoryUsage of job (MB)
	1596708  -  ResidentSetSize of job (KB)
...
006 (675053.000.000) 09/16 12:47:41 Image size of job updated: 1622076
	1583  -  MemoryUsage of job (MB)
	1620900  -  ResidentSetSize of job (KB)
...
006 (675053.000.000) 09/16 12:52:42 Image size of job updated: 1646248
	1607  -  MemoryUsage of job (MB)
	1645072  -  ResidentSetSize of job (KB)
...
006 (675053.000.000) 09/16 12:57:42 Image size of job updated: 1670460
	1631  -  MemoryUsage of job (MB)
	1669284  -  ResidentSetSize of job (KB)
...
006 (675053.000.000) 09/16 13:02:43 Image size of job updated: 1694404
	1654  -  MemoryUsage of job (MB)
	1693228  -  ResidentSetSize of job (KB)
...
006 (675053.000.000) 09/16 13:07:44 Image size of job updated: 1718832
	1678  -  MemoryUsage of job (MB)
	1717656  -  ResidentSetSize of job (KB)
...
006 (675053.000.000) 09/16 13:12:44 Image size of job updated: 1743048
	1702  -  MemoryUsage of job (MB)
	1741872  -  ResidentSetSize of job (KB)
...
006 (675053.000.000) 09/16 13:17:44 Image size of job updated: 1767368
	1725  -  MemoryUsage of job (MB)
	1766192  -  ResidentSetSize of job (KB)
...
006 (675053.000.000) 09/16 13:22:46 Image size of job updated: 1791368
	1749  -  MemoryUsage of job (MB)
	1790192  -  ResidentSetSize of job (KB)
...
006 (675053.000.000) 09/16 13:27:46 Image size of job updated: 1815080
	1772  -  MemoryUsage of job (MB)
	1813904  -  ResidentSetSize of job (KB)
...
006 (675053.000.000) 09/16 13:32:46 Image size of job updated: 1838676
	1795  -  MemoryUsage of job (MB)
	1837500  -  ResidentSetSize of job (KB)
...
006 (675053.000.000) 09/16 13:37:47 Image size of job updated: 1862628
	1818  -  MemoryUsage of job (MB)
	1861452  -  ResidentSetSize of job (KB)
...
006 (675053.000.000) 09/16 13:42:48 Image size of job updated: 1887004
	1842  -  MemoryUsage of job (MB)
	1885828  -  ResidentSetSize of job (KB)
...
006 (675053.000.000) 09/16 13:47:48 Image size of job updated: 1910388
	1865  -  MemoryUsage of job (MB)
	1909212  -  ResidentSetSize of job (KB)
...
006 (675053.000.000) 09/16 13:52:48 Image size of job updated: 1934656
	1889  -  MemoryUsage of job (MB)
	1933480  -  ResidentSetSize of job (KB)
...
006 (675053.000.000) 09/16 13:57:49 Image size of job updated: 1958872
	1912  -  MemoryUsage of job (MB)
	1957696  -  ResidentSetSize of job (KB)
...
006 (675053.000.000) 09/16 14:02:50 Image size of job updated: 1982824
	1936  -  MemoryUsage of job (MB)
	1981648  -  ResidentSetSize of job (KB)
...
006 (675053.000.000) 09/16 14:07:50 Image size of job updated: 2006864
	1959  -  MemoryUsage of job (MB)
	2005688  -  ResidentSetSize of job (KB)
...
006 (675053.000.000) 09/16 14:12:51 Image size of job updated: 2030964
	1983  -  MemoryUsage of job (MB)
	2029788  -  ResidentSetSize of job (KB)
...
006 (675053.000.000) 09/16 14:17:52 Image size of job updated: 2054948
	2006  -  MemoryUsage of job (MB)
	2053772  -  ResidentSetSize of job (KB)
...
006 (675053.000.000) 09/16 14:22:52 Image size of job updated: 2079084
	2030  -  MemoryUsage of job (MB)
	2077908  -  ResidentSetSize of job (KB)
...
006 (675053.000.000) 09/16 14:27:52 Image size of job updated: 2103624
	2054  -  MemoryUsage of job (MB)
	2102448  -  ResidentSetSize of job (KB)
...
006 (675053.000.000) 09/16 14:32:53 Image size of job updated: 2127668
	2077  -  MemoryUsage of job (MB)
	2126492  -  ResidentSetSize of job (KB)
...
006 (675053.000.000) 09/16 14:37:54 Image size of job updated: 2152148
	2101  -  MemoryUsage of job (MB)
	2150972  -  ResidentSetSize of job (KB)
...
006 (675053.000.000) 09/16 14:42:54 Image size of job updated: 2176228
	2125  -  MemoryUsage of job (MB)
	2175052  -  ResidentSetSize of job (KB)
...
006 (675053.000.000) 09/16 14:47:55 Image size of job updated: 2200720
	2148  -  MemoryUsage of job (MB)
	2199544  -  ResidentSetSize of job (KB)
...
006 (675053.000.000) 09/16 14:52:56 Image size of job updated: 2224836
	2172  -  MemoryUsage of job (MB)
	2223660  -  ResidentSetSize of job (KB)
...
006 (675053.000.000) 09/16 14:57:56 Image size of job updated: 2248008
	2195  -  MemoryUsage of job (MB)
	2246832  -  ResidentSetSize of job (KB)
...
006 (675053.000.000) 09/16 15:02:56 Image size of job updated: 2272428
	2219  -  MemoryUsage of job (MB)
	2271252  -  ResidentSetSize of job (KB)
...
006 (675053.000.000) 09/16 15:07:57 Image size of job updated: 2296824
	2242  -  MemoryUsage of job (MB)
	2295648  -  ResidentSetSize of job (KB)
...
006 (675053.000.000) 09/16 15:12:58 Image size of job updated: 2321196
	2266  -  MemoryUsage of job (MB)
	2320020  -  ResidentSetSize of job (KB)
...
006 (675053.000.000) 09/16 15:17:58 Image size of job updated: 2344924
	2289  -  MemoryUsage of job (MB)
	2343748  -  ResidentSetSize of job (KB)
...
006 (675053.000.000) 09/16 15:22:59 Image size of job updated: 2368628
	2312  -  MemoryUsage of job (MB)
	2367452  -  ResidentSetSize of job (KB)
...
006 (675053.000.000) 09/16 15:28:00 Image size of job updated: 2392440
	2336  -  MemoryUsage of job (MB)
	2391264  -  ResidentSetSize of job (KB)
...
006 (675053.000.000) 09/16 15:33:00 Image size of job updated: 2416544
	2359  -  MemoryUsage of job (MB)
	2415368  -  ResidentSetSize of job (KB)
...
006 (675053.000.000) 09/16 15:38:00 Image size of job updated: 2440392
	2383  -  MemoryUsage of job (MB)
	2439216  -  ResidentSetSize of job (KB)
...
006 (675053.000.000) 09/16 15:43:01 Image size of job updated: 2465348
	2407  -  MemoryUsage of job (MB)
	2464172  -  ResidentSetSize of job (KB)
...
006 (675053.000.000) 09/16 15:48:01 Image size of job updated: 2489592
	2431  -  MemoryUsage of job (MB)
	2488416  -  ResidentSetSize of job (KB)
...
006 (675053.000.000) 09/16 15:53:01 Image size of job updated: 2513348
	2454  -  MemoryUsage of job (MB)
	2512172  -  ResidentSetSize of job (KB)
...
006 (675053.000.000) 09/16 15:58:02 Image size of job updated: 2537408
	2477  -  MemoryUsage of job (MB)
	2536232  -  ResidentSetSize of job (KB)
...
006 (675053.000.000) 09/16 16:03:03 Image size of job updated: 2561048
	2500  -  MemoryUsage of job (MB)
	2559872  -  ResidentSetSize of job (KB)
...
006 (675053.000.000) 09/16 16:08:03 Image size of job updated: 2584956
	2524  -  MemoryUsage of job (MB)
	2583780  -  ResidentSetSize of job (KB)
...
006 (675053.000.000) 09/16 16:13:03 Image size of job updated: 2608912
	2547  -  MemoryUsage of job (MB)
	2607736  -  ResidentSetSize of job (KB)
...
006 (675053.000.000) 09/16 16:18:04 Image size of job updated: 2632792
	2570  -  MemoryUsage of job (MB)
	2631616  -  ResidentSetSize of job (KB)
...
006 (675053.000.000) 09/16 16:23:04 Image size of job updated: 2656904
	2594  -  MemoryUsage of job (MB)
	2655728  -  ResidentSetSize of job (KB)
...
006 (675053.000.000) 09/16 16:28:04 Image size of job updated: 2680920
	2617  -  MemoryUsage of job (MB)
	2679744  -  ResidentSetSize of job (KB)
...
006 (675053.000.000) 09/16 16:33:05 Image size of job updated: 2705304
	2641  -  MemoryUsage of job (MB)
	2704128  -  ResidentSetSize of job (KB)
...
006 (675053.000.000) 09/16 16:38:06 Image size of job updated: 2729836
	2665  -  MemoryUsage of job (MB)
	2728660  -  ResidentSetSize of job (KB)
...
006 (675053.000.000) 09/16 16:43:06 Image size of job updated: 2753548
	2688  -  MemoryUsage of job (MB)
	2752372  -  ResidentSetSize of job (KB)
...
006 (675053.000.000) 09/16 16:48:06 Image size of job updated: 2777320
	2712  -  MemoryUsage of job (MB)
	2776144  -  ResidentSetSize of job (KB)
...
006 (675053.000.000) 09/16 16:53:07 Image size of job updated: 2801596
	2735  -  MemoryUsage of job (MB)
	2800420  -  ResidentSetSize of job (KB)
...
006 (675053.000.000) 09/16 16:58:07 Image size of job updated: 2825992
	2759  -  MemoryUsage of job (MB)
	2824816  -  ResidentSetSize of job (KB)
...
006 (675053.000.000) 09/16 17:03:07 Image size of job updated: 2850316
	2783  -  MemoryUsage of job (MB)
	2849140  -  ResidentSetSize of job (KB)
...
006 (675053.000.000) 09/16 17:08:08 Image size of job updated: 2874756
	2807  -  MemoryUsage of job (MB)
	2873580  -  ResidentSetSize of job (KB)
...
006 (675053.000.000) 09/16 17:13:09 Image size of job updated: 2898820
	2830  -  MemoryUsage of job (MB)
	2897644  -  ResidentSetSize of job (KB)
...
006 (675053.000.000) 09/16 17:18:09 Image size of job updated: 2922716
	2854  -  MemoryUsage of job (MB)
	2921540  -  ResidentSetSize of job (KB)
...
006 (675053.000.000) 09/16 17:23:09 Image size of job updated: 2946728
	2877  -  MemoryUsage of job (MB)
	2945552  -  ResidentSetSize of job (KB)
...
006 (675053.000.000) 09/16 17:28:10 Image size of job updated: 2971340
	2901  -  MemoryUsage of job (MB)
	2970164  -  ResidentSetSize of job (KB)
...
006 (675053.000.000) 09/16 17:33:10 Image size of job updated: 2995224
	2924  -  MemoryUsage of job (MB)
	2994048  -  ResidentSetSize of job (KB)
...
006 (675053.000.000) 09/16 17:38:10 Image size of job updated: 3019352
	2948  -  MemoryUsage of job (MB)
	3018176  -  ResidentSetSize of job (KB)
...
006 (675053.000.000) 09/16 17:43:11 Image size of job updated: 3043512
	2972  -  MemoryUsage of job (MB)
	3042336  -  ResidentSetSize of job (KB)
...
006 (675053.000.000) 09/16 17:48:12 Image size of job updated: 3067140
	2995  -  MemoryUsage of job (MB)
	3065964  -  ResidentSetSize of job (KB)
...
006 (675053.000.000) 09/16 17:53:12 Image size of job updated: 3091060
	3018  -  MemoryUsage of job (MB)
	3089884  -  ResidentSetSize of job (KB)
...
006 (675053.000.000) 09/16 17:58:13 Image size of job updated: 3115112
	3041  -  MemoryUsage of job (MB)
	3113936  -  ResidentSetSize of job (KB)
...
006 (675053.000.000) 09/16 18:03:14 Image size of job updated: 3139168
	3065  -  MemoryUsage of job (MB)
	3137992  -  ResidentSetSize of job (KB)
...
006 (675053.000.000) 09/16 18:08:14 Image size of job updated: 3162800
	3088  -  MemoryUsage of job (MB)
	3161624  -  ResidentSetSize of job (KB)
...
006 (675053.000.000) 09/16 18:13:14 Image size of job updated: 3186564
	3111  -  MemoryUsage of job (MB)
	3185388  -  ResidentSetSize of job (KB)
...
006 (675053.000.000) 09/16 18:18:15 Image size of job updated: 3210716
	3135  -  MemoryUsage of job (MB)
	3209548  -  ResidentSetSize of job (KB)
...
006 (675053.000.000) 09/16 18:23:16 Image size of job updated: 3234532
	3158  -  MemoryUsage of job (MB)
	3233364  -  ResidentSetSize of job (KB)
...
006 (675053.000.000) 09/16 18:24:24 Image size of job updated: 3239872
	3158  -  MemoryUsage of job (MB)
	3233364  -  ResidentSetSize of job (KB)
...
005 (675053.000.000) 09/16 18:24:24 Job terminated.
	(1) Normal termination (return value 0)
		Usr 0 17:27:09, Sys 0 04:55:52  -  Run Remote Usage
		Usr 0 00:00:00, Sys 0 00:00:00  -  Run Local Usage
		Usr 0 17:27:09, Sys 0 04:55:52  -  Total Remote Usage
		Usr 0 00:00:00, Sys 0 00:00:00  -  Total Local Usage
	0  -  Run Bytes Sent By Job
	0  -  Run Bytes Received By Job
	0  -  Total Bytes Sent By Job
	0  -  Total Bytes Received By Job
	Partitionable Resources :    Usage  Request Allocated 
	   Cpus                 :     2.00        2         2 
	   Disk (KB)            :   150         150     18045 
	   Memory (MB)          :  3158           1       128 
...
