000 (674346.000.000) 09/14 14:18:47 Job submitted from host: <140.160.143.130:9618?addrs=140.160.143.130-9618&noUDP&sock=5591_da80_4>
...
001 (674346.000.000) 09/14 14:18:59 Job executing on host: <140.160.143.156:9618?addrs=140.160.143.156-9618&noUDP&sock=4471_a06d_3>
...
006 (674346.000.000) 09/14 14:19:08 Image size of job updated: 4128
	4  -  MemoryUsage of job (MB)
	3728  -  ResidentSetSize of job (KB)
...
004 (674346.000.000) 09/14 14:20:43 Job was evicted.
	(0) Job was not checkpointed.
		Usr 0 00:02:13, Sys 0 00:00:59  -  Run Remote Usage
		Usr 0 00:00:00, Sys 0 00:00:00  -  Run Local Usage
	0  -  Run Bytes Sent By Job
	0  -  Run Bytes Received By Job
	Partitionable Resources :    Usage  Request Allocated 
	   Cpus                 :        0        2         2 
	   Disk (KB)            :      150      150     17664 
	   Memory (MB)          :        4        1       128 
...
009 (674346.000.000) 09/14 14:20:43 Job was aborted by the user.
	via condor_rm (by user scoggim)
...
000 (674490.000.000) 09/14 14:25:56 Job submitted from host: <140.160.143.130:9618?addrs=140.160.143.130-9618&noUDP&sock=5591_da80_4>
...
001 (674490.000.000) 09/14 14:25:56 Job executing on host: <140.160.143.156:9618?addrs=140.160.143.156-9618&noUDP&sock=4471_a06d_3>
...
006 (674490.000.000) 09/14 14:26:05 Image size of job updated: 3308
	4  -  MemoryUsage of job (MB)
	3216  -  ResidentSetSize of job (KB)
...
000 (674634.000.000) 09/14 14:26:38 Job submitted from host: <140.160.143.130:9618?addrs=140.160.143.130-9618&noUDP&sock=5591_da80_4>
...
000 (674778.000.000) 09/14 14:27:36 Job submitted from host: <140.160.143.130:9618?addrs=140.160.143.130-9618&noUDP&sock=5591_da80_4>
...
006 (674490.000.000) 09/14 14:31:06 Image size of job updated: 86444
	85  -  MemoryUsage of job (MB)
	86352  -  ResidentSetSize of job (KB)
...
006 (674490.000.000) 09/14 14:36:07 Image size of job updated: 165872
	162  -  MemoryUsage of job (MB)
	165780  -  ResidentSetSize of job (KB)
...
006 (674490.000.000) 09/14 14:41:07 Image size of job updated: 247672
	242  -  MemoryUsage of job (MB)
	247580  -  ResidentSetSize of job (KB)
...
006 (674490.000.000) 09/14 14:46:08 Image size of job updated: 331300
	324  -  MemoryUsage of job (MB)
	331208  -  ResidentSetSize of job (KB)
...
006 (674490.000.000) 09/14 14:46:33 Image size of job updated: 336780
	324  -  MemoryUsage of job (MB)
	331208  -  ResidentSetSize of job (KB)
...
004 (674490.000.000) 09/14 14:46:33 Job was evicted.
	(0) Job was not checkpointed.
		Usr 0 00:28:43, Sys 0 00:11:23  -  Run Remote Usage
		Usr 0 00:00:00, Sys 0 00:00:00  -  Run Local Usage
	0  -  Run Bytes Sent By Job
	0  -  Run Bytes Received By Job
	Partitionable Resources :    Usage  Request Allocated 
	   Cpus                 :     1.98        2         2 
	   Disk (KB)            :   150         150     17664 
	   Memory (MB)          :   324           1       128 
...
009 (674490.000.000) 09/14 14:46:33 Job was aborted by the user.
	via condor_rm (by user scoggim)
...
009 (674634.000.000) 09/14 14:46:33 Job was aborted by the user.
	via condor_rm (by user scoggim)
...
009 (674778.000.000) 09/14 14:46:34 Job was aborted by the user.
	via condor_rm (by user scoggim)
...
000 (674958.000.000) 09/14 22:20:23 Job submitted from host: <140.160.143.130:9618?addrs=140.160.143.130-9618&noUDP&sock=5591_da80_4>
...
001 (674958.000.000) 09/14 22:20:23 Job executing on host: <140.160.143.152:9618?addrs=140.160.143.152-9618&noUDP&sock=4519_8cf9_3>
...
006 (674958.000.000) 09/14 22:20:32 Image size of job updated: 3544
	3  -  MemoryUsage of job (MB)
	2728  -  ResidentSetSize of job (KB)
...
006 (674958.000.000) 09/14 22:25:33 Image size of job updated: 68460
	67  -  MemoryUsage of job (MB)
	67644  -  ResidentSetSize of job (KB)
...
006 (674958.000.000) 09/14 22:30:33 Image size of job updated: 130100
	127  -  MemoryUsage of job (MB)
	129284  -  ResidentSetSize of job (KB)
...
006 (674958.000.000) 09/14 22:35:33 Image size of job updated: 162248
	158  -  MemoryUsage of job (MB)
	161432  -  ResidentSetSize of job (KB)
...
006 (674958.000.000) 09/15 14:12:10 Image size of job updated: 162276
	158  -  MemoryUsage of job (MB)
	161432  -  ResidentSetSize of job (KB)
...
005 (674958.000.000) 09/15 21:56:54 Job terminated.
	(1) Normal termination (return value 0)
		Usr 0 00:15:15, Sys 0 00:05:32  -  Run Remote Usage
		Usr 0 00:00:00, Sys 0 00:00:00  -  Run Local Usage
		Usr 0 00:15:15, Sys 0 00:05:32  -  Total Remote Usage
		Usr 0 00:00:00, Sys 0 00:00:00  -  Total Local Usage
	0  -  Run Bytes Sent By Job
	0  -  Run Bytes Received By Job
	0  -  Total Bytes Sent By Job
	0  -  Total Bytes Received By Job
	Partitionable Resources :    Usage  Request Allocated 
	   Cpus                 :     2.00        2         2 
	   Disk (KB)            :   150         150     17651 
	   Memory (MB)          :   158           1       128 
...
000 (180.000.000) 10/21 16:26:35 Job submitted from host: <140.160.143.131:9618?addrs=140.160.143.131-9618&noUDP&sock=2776_aefe_4>
...
001 (180.000.000) 10/21 16:26:38 Job executing on host: <140.160.143.147:9618?addrs=140.160.143.147-9618&noUDP&sock=1438_ed47_3>
...
006 (180.000.000) 10/21 16:26:46 Image size of job updated: 1684
	1  -  MemoryUsage of job (MB)
	920  -  ResidentSetSize of job (KB)
...
006 (180.000.000) 10/21 16:31:46 Image size of job updated: 1688
	1  -  MemoryUsage of job (MB)
	924  -  ResidentSetSize of job (KB)
...
006 (180.000.000) 10/21 16:51:49 Image size of job updated: 1692
	1  -  MemoryUsage of job (MB)
	928  -  ResidentSetSize of job (KB)
...
005 (180.000.000) 10/21 23:14:57 Job terminated.
	(1) Normal termination (return value 0)
		Usr 0 11:02:42, Sys 0 02:33:54  -  Run Remote Usage
		Usr 0 00:00:00, Sys 0 00:00:00  -  Run Local Usage
		Usr 0 11:02:42, Sys 0 02:33:54  -  Total Remote Usage
		Usr 0 00:00:00, Sys 0 00:00:00  -  Total Local Usage
	0  -  Run Bytes Sent By Job
	0  -  Run Bytes Received By Job
	0  -  Total Bytes Sent By Job
	0  -  Total Bytes Received By Job
	Partitionable Resources :    Usage  Request Allocated 
	   Cpus                 :     2.00        2         2 
	   Disk (KB)            :   150         150    204210 
	   Memory (MB)          :     1       20480     20480 
...
