000 (2267.1012.000) 04/28 23:44:32 Job submitted from host: <140.160.143.131:9618?addrs=140.160.143.131-9618&noUDP&sock=3131910_565e_30>
...
000 (2268.1012.000) 04/28 23:46:21 Job submitted from host: <140.160.143.131:9618?addrs=140.160.143.131-9618&noUDP&sock=3131910_565e_30>
...
001 (2267.1012.000) 05/11 08:15:26 Job executing on host: <140.160.143.164:9618?addrs=140.160.143.164-9618&noUDP&sock=59457_2292_3>
...
006 (2267.1012.000) 05/11 08:15:36 Image size of job updated: 2768
	3  -  MemoryUsage of job (MB)
	2724  -  ResidentSetSize of job (KB)
...
009 (2268.1012.000) 05/11 09:58:46 Job was aborted by the user.
	via condor_rm (by user scoggim)
...
006 (2267.1012.000) 05/11 12:17:50 Image size of job updated: 215316
	3  -  MemoryUsage of job (MB)
	2724  -  ResidentSetSize of job (KB)
...
004 (2267.1012.000) 05/11 12:17:50 Job was evicted.
	(0) Job was not checkpointed.
		Usr 0 09:52:35, Sys 0 06:16:41  -  Run Remote Usage
		Usr 0 00:00:00, Sys 0 00:00:00  -  Run Local Usage
	0  -  Run Bytes Sent By Job
	0  -  Run Bytes Received By Job
	Partitionable Resources :    Usage  Request Allocated 
	   Cpus                 :     4.00        4         4 
	   Disk (KB)            :   175         175    844642 
	   Memory (MB)          :     3           1       128 
...
009 (2267.1012.000) 05/11 12:17:51 Job was aborted by the user.
	via condor_rm (by user scoggim)
...
000 (2400.336.000) 05/11 12:37:09 Job submitted from host: <140.160.143.131:9618?addrs=140.160.143.131-9618&noUDP&sock=3131910_565e_30>
...
001 (2400.336.000) 05/12 10:24:17 Job executing on host: <140.160.143.167:9618?addrs=140.160.143.167-9618&noUDP&sock=15487_5f50_3>
...
006 (2400.336.000) 05/12 10:24:26 Image size of job updated: 2064
	3  -  MemoryUsage of job (MB)
	2064  -  ResidentSetSize of job (KB)
...
006 (2400.336.000) 05/12 14:48:20 Image size of job updated: 107764
	3  -  MemoryUsage of job (MB)
	2064  -  ResidentSetSize of job (KB)
...
005 (2400.336.000) 05/12 14:48:20 Job terminated.
	(1) Normal termination (return value 0)
		Usr 0 04:24:02, Sys 0 00:00:00  -  Run Remote Usage
		Usr 0 00:00:00, Sys 0 00:00:00  -  Run Local Usage
		Usr 0 04:24:02, Sys 0 00:00:00  -  Total Remote Usage
		Usr 0 00:00:00, Sys 0 00:00:00  -  Total Local Usage
	0  -  Run Bytes Sent By Job
	0  -  Run Bytes Received By Job
	0  -  Total Bytes Sent By Job
	0  -  Total Bytes Received By Job
	Partitionable Resources :    Usage  Request Allocated 
	   Cpus                 :     1.00        1         1 
	   Disk (KB)            :   175         175    844734 
	   Memory (MB)          :     3           1       128 
...
000 (2511.1012.000) 05/27 15:03:51 Job submitted from host: <140.160.143.131:9618?addrs=140.160.143.131-9618&noUDP&sock=3131910_565e_30>
...
001 (2511.1012.000) 05/28 08:24:31 Job executing on host: <140.160.143.167:9618?addrs=140.160.143.167-9618&noUDP&sock=7312_0096_3>
...
006 (2511.1012.000) 05/28 08:24:40 Image size of job updated: 36616
	36  -  MemoryUsage of job (MB)
	36616  -  ResidentSetSize of job (KB)
...
006 (2511.1012.000) 05/28 09:29:47 Image size of job updated: 41516
	41  -  MemoryUsage of job (MB)
	41516  -  ResidentSetSize of job (KB)
...
006 (2511.1012.000) 05/28 16:50:34 Image size of job updated: 65888
	65  -  MemoryUsage of job (MB)
	65888  -  ResidentSetSize of job (KB)
...
006 (2511.1012.000) 05/31 13:14:24 Image size of job updated: 145796
	65  -  MemoryUsage of job (MB)
	65888  -  ResidentSetSize of job (KB)
...
004 (2511.1012.000) 05/31 13:14:24 Job was evicted.
	(0) Job was not checkpointed.
		Usr 3 04:49:35, Sys 0 00:00:01  -  Run Remote Usage
		Usr 0 00:00:00, Sys 0 00:00:00  -  Run Local Usage
	0  -  Run Bytes Sent By Job
	0  -  Run Bytes Received By Job
	Partitionable Resources :    Usage  Request Allocated 
	   Cpus                 :     1.00        1         1 
	   Disk (KB)            :   175         175    844567 
	   Memory (MB)          :    65           1       128 
...
009 (2511.1012.000) 05/31 13:14:24 Job was aborted by the user.
	via condor_rm (by user scoggim)
...
000 (2516.336.000) 06/02 11:26:50 Job submitted from host: <140.160.143.131:9618?addrs=140.160.143.131-9618&noUDP&sock=3131910_565e_30>
...
009 (2516.336.000) 06/03 01:06:00 Job was aborted by the user.
	via condor_rm (by user scoggim)
...
000 (2523.336.000) 06/03 01:09:45 Job submitted from host: <140.160.143.131:9618?addrs=140.160.143.131-9618&noUDP&sock=3131910_565e_30>
...
009 (2523.336.000) 06/03 01:12:02 Job was aborted by the user.
	via condor_rm (by user scoggim)
...
000 (2524.336.000) 06/03 01:12:07 Job submitted from host: <140.160.143.131:9618?addrs=140.160.143.131-9618&noUDP&sock=3131910_565e_30>
...
009 (2524.336.000) 06/03 11:11:23 Job was aborted by the user.
	via condor_rm (by user scoggim)
...
000 (2525.336.000) 06/03 11:11:42 Job submitted from host: <140.160.143.131:9618?addrs=140.160.143.131-9618&noUDP&sock=3131910_565e_30>
...
001 (2525.336.000) 06/13 22:27:35 Job executing on host: <140.160.143.142:9618?addrs=140.160.143.142-9618&noUDP&sock=9468_d6c6_3>
...
006 (2525.336.000) 06/13 22:27:44 Image size of job updated: 62096
	61  -  MemoryUsage of job (MB)
	62096  -  ResidentSetSize of job (KB)
...
006 (2525.336.000) 06/19 17:22:17 Image size of job updated: 67212
	66  -  MemoryUsage of job (MB)
	67000  -  ResidentSetSize of job (KB)
...
005 (2525.336.000) 06/22 20:31:49 Job terminated.
	(1) Normal termination (return value 0)
		Usr 8 21:40:04, Sys 0 00:00:24  -  Run Remote Usage
		Usr 0 00:00:00, Sys 0 00:00:00  -  Run Local Usage
		Usr 8 21:40:04, Sys 0 00:00:24  -  Total Remote Usage
		Usr 0 00:00:00, Sys 0 00:00:00  -  Total Local Usage
	0  -  Run Bytes Sent By Job
	0  -  Run Bytes Received By Job
	0  -  Total Bytes Sent By Job
	0  -  Total Bytes Received By Job
	Partitionable Resources :    Usage  Request Allocated 
	   Cpus                 :     1.00        1         1 
	   Disk (KB)            :   175         175    881044 
	   Memory (MB)          :    66           1       128 
...
