000 (2267.890.000) 04/28 23:44:32 Job submitted from host: <140.160.143.131:9618?addrs=140.160.143.131-9618&noUDP&sock=3131910_565e_30>
...
000 (2268.890.000) 04/28 23:46:21 Job submitted from host: <140.160.143.131:9618?addrs=140.160.143.131-9618&noUDP&sock=3131910_565e_30>
...
001 (2267.890.000) 05/04 09:50:29 Job executing on host: <140.160.143.160:9618?addrs=140.160.143.160-9618&noUDP&sock=11177_1220_3>
...
006 (2267.890.000) 05/04 09:50:38 Image size of job updated: 2724
	3  -  MemoryUsage of job (MB)
	2724  -  ResidentSetSize of job (KB)
...
005 (2267.890.000) 05/07 18:40:00 Job terminated.
	(1) Normal termination (return value 0)
		Usr 8 06:16:31, Sys 5 04:56:10  -  Run Remote Usage
		Usr 0 00:00:00, Sys 0 00:00:00  -  Run Local Usage
		Usr 8 06:16:31, Sys 5 04:56:10  -  Total Remote Usage
		Usr 0 00:00:00, Sys 0 00:00:00  -  Total Local Usage
	0  -  Run Bytes Sent By Job
	0  -  Run Bytes Received By Job
	0  -  Total Bytes Sent By Job
	0  -  Total Bytes Received By Job
	Partitionable Resources :    Usage  Request Allocated 
	   Cpus                 :     4.00        4         4 
	   Disk (KB)            :   175         175    845054 
	   Memory (MB)          :     3           1       128 
...
009 (2268.890.000) 05/11 09:58:43 Job was aborted by the user.
	via condor_rm (by user scoggim)
...
000 (2400.214.000) 05/11 12:37:09 Job submitted from host: <140.160.143.131:9618?addrs=140.160.143.131-9618&noUDP&sock=3131910_565e_30>
...
001 (2400.214.000) 05/11 21:06:54 Job executing on host: <140.160.143.153:9618?addrs=140.160.143.153-9618&noUDP&sock=3174_adb0_3>
...
006 (2400.214.000) 05/11 21:07:02 Image size of job updated: 2156
	2  -  MemoryUsage of job (MB)
	2048  -  ResidentSetSize of job (KB)
...
006 (2400.214.000) 05/11 21:32:05 Image size of job updated: 2160
	3  -  MemoryUsage of job (MB)
	2052  -  ResidentSetSize of job (KB)
...
005 (2400.214.000) 05/13 01:00:26 Job terminated.
	(1) Normal termination (return value 0)
		Usr 1 03:50:56, Sys 0 00:00:01  -  Run Remote Usage
		Usr 0 00:00:00, Sys 0 00:00:00  -  Run Local Usage
		Usr 1 03:50:56, Sys 0 00:00:01  -  Total Remote Usage
		Usr 0 00:00:00, Sys 0 00:00:00  -  Total Local Usage
	0  -  Run Bytes Sent By Job
	0  -  Run Bytes Received By Job
	0  -  Total Bytes Sent By Job
	0  -  Total Bytes Received By Job
	Partitionable Resources :    Usage  Request Allocated 
	   Cpus                 :     1.00        1         1 
	   Disk (KB)            :   175         175    870398 
	   Gpus                 :                           0 
	   Memory (MB)          :     3           1       128 
...
000 (2511.890.000) 05/27 15:03:39 Job submitted from host: <140.160.143.131:9618?addrs=140.160.143.131-9618&noUDP&sock=3131910_565e_30>
...
001 (2511.890.000) 05/28 08:24:26 Job executing on host: <140.160.143.161:9618?addrs=140.160.143.161-9618&noUDP&sock=14147_3e68_3>
...
006 (2511.890.000) 05/28 08:24:35 Image size of job updated: 36620
	36  -  MemoryUsage of job (MB)
	36620  -  ResidentSetSize of job (KB)
...
006 (2511.890.000) 05/28 09:24:40 Image size of job updated: 41520
	41  -  MemoryUsage of job (MB)
	41520  -  ResidentSetSize of job (KB)
...
005 (2511.890.000) 05/30 08:21:59 Job terminated.
	(1) Normal termination (return value 0)
		Usr 1 23:57:27, Sys 0 00:00:01  -  Run Remote Usage
		Usr 0 00:00:00, Sys 0 00:00:00  -  Run Local Usage
		Usr 1 23:57:27, Sys 0 00:00:01  -  Total Remote Usage
		Usr 0 00:00:00, Sys 0 00:00:00  -  Total Local Usage
	0  -  Run Bytes Sent By Job
	0  -  Run Bytes Received By Job
	0  -  Total Bytes Sent By Job
	0  -  Total Bytes Received By Job
	Partitionable Resources :    Usage  Request Allocated 
	   Cpus                 :     1.00        1         1 
	   Disk (KB)            :   175         175    844246 
	   Memory (MB)          :    41           1       128 
...
000 (2516.214.000) 06/02 11:26:48 Job submitted from host: <140.160.143.131:9618?addrs=140.160.143.131-9618&noUDP&sock=3131910_565e_30>
...
009 (2516.214.000) 06/03 01:05:38 Job was aborted by the user.
	via condor_rm (by user scoggim)
...
000 (2523.214.000) 06/03 01:09:45 Job submitted from host: <140.160.143.131:9618?addrs=140.160.143.131-9618&noUDP&sock=3131910_565e_30>
...
009 (2523.214.000) 06/03 01:12:02 Job was aborted by the user.
	via condor_rm (by user scoggim)
...
000 (2524.214.000) 06/03 01:12:07 Job submitted from host: <140.160.143.131:9618?addrs=140.160.143.131-9618&noUDP&sock=3131910_565e_30>
...
009 (2524.214.000) 06/03 11:11:23 Job was aborted by the user.
	via condor_rm (by user scoggim)
...
000 (2525.214.000) 06/03 11:11:42 Job submitted from host: <140.160.143.131:9618?addrs=140.160.143.131-9618&noUDP&sock=3131910_565e_30>
...
001 (2525.214.000) 06/08 10:23:22 Job executing on host: <140.160.143.147:9618?addrs=140.160.143.147-9618&noUDP&sock=26984_5ba8_3>
...
006 (2525.214.000) 06/08 10:23:30 Image size of job updated: 62168
	61  -  MemoryUsage of job (MB)
	62168  -  ResidentSetSize of job (KB)
...
005 (2525.214.000) 06/10 20:15:28 Job terminated.
	(1) Normal termination (return value 0)
		Usr 2 09:45:04, Sys 0 00:00:05  -  Run Remote Usage
		Usr 0 00:00:00, Sys 0 00:00:00  -  Run Local Usage
		Usr 2 09:45:04, Sys 0 00:00:05  -  Total Remote Usage
		Usr 0 00:00:00, Sys 0 00:00:00  -  Total Local Usage
	0  -  Run Bytes Sent By Job
	0  -  Run Bytes Received By Job
	0  -  Total Bytes Sent By Job
	0  -  Total Bytes Received By Job
	Partitionable Resources :    Usage  Request Allocated 
	   Cpus                 :     1.00        1         1 
	   Disk (KB)            :   175         175    196727 
	   Memory (MB)          :    61           1       128 
...
