000 (2161.249.000) 04/19 11:39:22 Job submitted from host: <140.160.143.131:9618?addrs=140.160.143.131-9618&noUDP&sock=3131910_565e_30>
...
001 (2161.249.000) 04/22 11:33:03 Job executing on host: <140.160.143.161:9618?addrs=140.160.143.161-9618&noUDP&sock=55511_81dc_3>
...
006 (2161.249.000) 04/22 11:33:12 Image size of job updated: 4772
	5  -  MemoryUsage of job (MB)
	4772  -  ResidentSetSize of job (KB)
...
006 (2161.249.000) 04/22 11:38:13 Image size of job updated: 4780
	5  -  MemoryUsage of job (MB)
	4780  -  ResidentSetSize of job (KB)
...
006 (2161.249.000) 04/22 12:03:15 Image size of job updated: 4784
	5  -  MemoryUsage of job (MB)
	4784  -  ResidentSetSize of job (KB)
...
006 (2161.249.000) 04/22 12:53:21 Image size of job updated: 5032
	5  -  MemoryUsage of job (MB)
	5032  -  ResidentSetSize of job (KB)
...
006 (2161.249.000) 04/24 17:05:34 Image size of job updated: 217040
	5  -  MemoryUsage of job (MB)
	5032  -  ResidentSetSize of job (KB)
...
005 (2161.249.000) 04/24 17:05:34 Job terminated.
	(1) Normal termination (return value 0)
		Usr 6 00:57:35, Sys 2 21:11:59  -  Run Remote Usage
		Usr 0 00:00:00, Sys 0 00:00:00  -  Run Local Usage
		Usr 6 00:57:35, Sys 2 21:11:59  -  Total Remote Usage
		Usr 0 00:00:00, Sys 0 00:00:00  -  Total Local Usage
	0  -  Run Bytes Sent By Job
	0  -  Run Bytes Received By Job
	0  -  Total Bytes Sent By Job
	0  -  Total Bytes Received By Job
	Partitionable Resources :    Usage  Request Allocated 
	   Cpus                 :     4.00        4         4 
	   Disk (KB)            :   175         175    844753 
	   Memory (MB)          :     5           1       128 
...
000 (2267.1770.000) 04/28 23:44:43 Job submitted from host: <140.160.143.131:9618?addrs=140.160.143.131-9618&noUDP&sock=3131910_565e_30>
...
009 (2267.1770.000) 05/11 12:17:54 Job was aborted by the user.
	via condor_rm (by user scoggim)
...
000 (2400.1094.000) 05/11 12:37:10 Job submitted from host: <140.160.143.131:9618?addrs=140.160.143.131-9618&noUDP&sock=3131910_565e_30>
...
001 (2400.1094.000) 05/13 02:15:10 Job executing on host: <140.160.143.147:9618?addrs=140.160.143.147-9618&noUDP&sock=29188_1e64_3>
...
006 (2400.1094.000) 05/13 02:15:19 Image size of job updated: 4012
	4  -  MemoryUsage of job (MB)
	4012  -  ResidentSetSize of job (KB)
...
006 (2400.1094.000) 05/13 03:25:25 Image size of job updated: 4016
	4  -  MemoryUsage of job (MB)
	4016  -  ResidentSetSize of job (KB)
...
005 (2400.1094.000) 05/13 23:40:42 Job terminated.
	(1) Normal termination (return value 0)
		Usr 0 21:23:04, Sys 0 00:00:01  -  Run Remote Usage
		Usr 0 00:00:00, Sys 0 00:00:00  -  Run Local Usage
		Usr 0 21:23:04, Sys 0 00:00:01  -  Total Remote Usage
		Usr 0 00:00:00, Sys 0 00:00:00  -  Total Local Usage
	0  -  Run Bytes Sent By Job
	0  -  Run Bytes Received By Job
	0  -  Total Bytes Sent By Job
	0  -  Total Bytes Received By Job
	Partitionable Resources :    Usage  Request Allocated 
	   Cpus                 :     1.00        1         1 
	   Disk (KB)            :   175         175    197290 
	   Memory (MB)          :     4           1       128 
...
