000 (674347.000.000) 09/14 14:18:47 Job submitted from host: <140.160.143.130:9618?addrs=140.160.143.130-9618&noUDP&sock=5591_da80_4>
...
001 (674347.000.000) 09/14 14:19:05 Job executing on host: <140.160.143.149:9618?addrs=140.160.143.149-9618&noUDP&sock=8214_036a_3>
...
006 (674347.000.000) 09/14 14:19:14 Image size of job updated: 3248
	3  -  MemoryUsage of job (MB)
	2560  -  ResidentSetSize of job (KB)
...
004 (674347.000.000) 09/14 14:20:43 Job was evicted.
	(0) Job was not checkpointed.
		Usr 0 00:02:05, Sys 0 00:00:51  -  Run Remote Usage
		Usr 0 00:00:00, Sys 0 00:00:00  -  Run Local Usage
	0  -  Run Bytes Sent By Job
	0  -  Run Bytes Received By Job
	Partitionable Resources :    Usage  Request Allocated 
	   Cpus                 :     1.93        2         2 
	   Disk (KB)            :   150         150     18162 
	   Gpus                 :                           0 
	   Memory (MB)          :     3           1       128 
...
009 (674347.000.000) 09/14 14:20:43 Job was aborted by the user.
	via condor_rm (by user scoggim)
...
000 (674491.000.000) 09/14 14:25:56 Job submitted from host: <140.160.143.130:9618?addrs=140.160.143.130-9618&noUDP&sock=5591_da80_4>
...
001 (674491.000.000) 09/14 14:25:56 Job executing on host: <140.160.143.153:9618?addrs=140.160.143.153-9618&noUDP&sock=4484_8b29_3>
...
006 (674491.000.000) 09/14 14:26:05 Image size of job updated: 2584
	3  -  MemoryUsage of job (MB)
	2492  -  ResidentSetSize of job (KB)
...
000 (674635.000.000) 09/14 14:26:38 Job submitted from host: <140.160.143.130:9618?addrs=140.160.143.130-9618&noUDP&sock=5591_da80_4>
...
000 (674779.000.000) 09/14 14:27:36 Job submitted from host: <140.160.143.130:9618?addrs=140.160.143.130-9618&noUDP&sock=5591_da80_4>
...
006 (674491.000.000) 09/14 14:31:06 Image size of job updated: 54184
	53  -  MemoryUsage of job (MB)
	54092  -  ResidentSetSize of job (KB)
...
006 (674491.000.000) 09/14 14:36:07 Image size of job updated: 107744
	106  -  MemoryUsage of job (MB)
	107652  -  ResidentSetSize of job (KB)
...
006 (674491.000.000) 09/14 14:41:07 Image size of job updated: 162228
	159  -  MemoryUsage of job (MB)
	162136  -  ResidentSetSize of job (KB)
...
006 (674491.000.000) 09/14 14:46:07 Image size of job updated: 217688
	213  -  MemoryUsage of job (MB)
	217596  -  ResidentSetSize of job (KB)
...
006 (674491.000.000) 09/14 14:46:33 Image size of job updated: 221588
	213  -  MemoryUsage of job (MB)
	217600  -  ResidentSetSize of job (KB)
...
004 (674491.000.000) 09/14 14:46:33 Job was evicted.
	(0) Job was not checkpointed.
		Usr 0 00:20:16, Sys 0 00:09:04  -  Run Remote Usage
		Usr 0 00:00:00, Sys 0 00:00:00  -  Run Local Usage
	0  -  Run Bytes Sent By Job
	0  -  Run Bytes Received By Job
	Partitionable Resources :    Usage  Request Allocated 
	   Cpus                 :     1.34        2         2 
	   Disk (KB)            :   150         150     17609 
	   Memory (MB)          :   213           1       128 
...
009 (674491.000.000) 09/14 14:46:33 Job was aborted by the user.
	via condor_rm (by user scoggim)
...
009 (674635.000.000) 09/14 14:46:33 Job was aborted by the user.
	via condor_rm (by user scoggim)
...
009 (674779.000.000) 09/14 14:46:34 Job was aborted by the user.
	via condor_rm (by user scoggim)
...
000 (674959.000.000) 09/14 22:20:23 Job submitted from host: <140.160.143.130:9618?addrs=140.160.143.130-9618&noUDP&sock=5591_da80_4>
...
001 (674959.000.000) 09/14 22:20:23 Job executing on host: <140.160.143.157:9618?addrs=140.160.143.157-9618&noUDP&sock=4484_2bf8_3>
...
006 (674959.000.000) 09/14 22:20:32 Image size of job updated: 2912
	3  -  MemoryUsage of job (MB)
	2820  -  ResidentSetSize of job (KB)
...
006 (674959.000.000) 09/14 22:25:33 Image size of job updated: 68692
	67  -  MemoryUsage of job (MB)
	68600  -  ResidentSetSize of job (KB)
...
006 (674959.000.000) 09/14 22:30:33 Image size of job updated: 138756
	136  -  MemoryUsage of job (MB)
	138664  -  ResidentSetSize of job (KB)
...
006 (674959.000.000) 09/14 22:35:33 Image size of job updated: 207776
	203  -  MemoryUsage of job (MB)
	207684  -  ResidentSetSize of job (KB)
...
006 (674959.000.000) 09/14 22:40:34 Image size of job updated: 245140
	240  -  MemoryUsage of job (MB)
	245048  -  ResidentSetSize of job (KB)
...
006 (674959.000.000) 09/15 07:21:26 Image size of job updated: 8564204
	240  -  MemoryUsage of job (MB)
	245048  -  ResidentSetSize of job (KB)
...
006 (674959.000.000) 09/15 07:26:27 Image size of job updated: 8646244
	240  -  MemoryUsage of job (MB)
	245048  -  ResidentSetSize of job (KB)
...
006 (674959.000.000) 09/15 07:31:28 Image size of job updated: 8720864
	240  -  MemoryUsage of job (MB)
	245048  -  ResidentSetSize of job (KB)
...
006 (674959.000.000) 09/15 07:36:28 Image size of job updated: 8796960
	240  -  MemoryUsage of job (MB)
	245048  -  ResidentSetSize of job (KB)
...
006 (674959.000.000) 09/15 07:41:29 Image size of job updated: 8872456
	240  -  MemoryUsage of job (MB)
	245048  -  ResidentSetSize of job (KB)
...
006 (674959.000.000) 09/15 07:46:30 Image size of job updated: 8950912
	240  -  MemoryUsage of job (MB)
	245048  -  ResidentSetSize of job (KB)
...
006 (674959.000.000) 09/15 07:51:30 Image size of job updated: 9028612
	240  -  MemoryUsage of job (MB)
	245048  -  ResidentSetSize of job (KB)
...
006 (674959.000.000) 09/15 07:56:30 Image size of job updated: 9105920
	240  -  MemoryUsage of job (MB)
	245048  -  ResidentSetSize of job (KB)
...
006 (674959.000.000) 09/15 08:01:31 Image size of job updated: 9184152
	240  -  MemoryUsage of job (MB)
	245048  -  ResidentSetSize of job (KB)
...
006 (674959.000.000) 09/15 08:06:32 Image size of job updated: 9261768
	240  -  MemoryUsage of job (MB)
	245048  -  ResidentSetSize of job (KB)
...
006 (674959.000.000) 09/15 08:11:32 Image size of job updated: 9336892
	240  -  MemoryUsage of job (MB)
	245048  -  ResidentSetSize of job (KB)
...
006 (674959.000.000) 09/15 08:19:25 Image size of job updated: 9358704
	240  -  MemoryUsage of job (MB)
	245048  -  ResidentSetSize of job (KB)
...
006 (674959.000.000) 09/15 08:34:24 Image size of job updated: 9359964
	240  -  MemoryUsage of job (MB)
	245048  -  ResidentSetSize of job (KB)
...
006 (674959.000.000) 09/15 08:56:22 Image size of job updated: 9591832
	240  -  MemoryUsage of job (MB)
	245048  -  ResidentSetSize of job (KB)
...
006 (674959.000.000) 09/15 09:11:31 Image size of job updated: 9835068
	240  -  MemoryUsage of job (MB)
	245048  -  ResidentSetSize of job (KB)
...
006 (674959.000.000) 09/15 09:20:37 Image size of job updated: 9977812
	240  -  MemoryUsage of job (MB)
	245048  -  ResidentSetSize of job (KB)
...
006 (674959.000.000) 09/15 09:26:04 Image size of job updated: 10064612
	240  -  MemoryUsage of job (MB)
	245048  -  ResidentSetSize of job (KB)
...
006 (674959.000.000) 09/15 09:31:05 Image size of job updated: 10141752
	240  -  MemoryUsage of job (MB)
	245048  -  ResidentSetSize of job (KB)
...
006 (674959.000.000) 09/15 09:36:06 Image size of job updated: 10218612
	240  -  MemoryUsage of job (MB)
	245048  -  ResidentSetSize of job (KB)
...
006 (674959.000.000) 09/15 09:41:06 Image size of job updated: 10295780
	240  -  MemoryUsage of job (MB)
	245048  -  ResidentSetSize of job (KB)
...
006 (674959.000.000) 09/15 09:56:53 Image size of job updated: 10319076
	240  -  MemoryUsage of job (MB)
	245048  -  ResidentSetSize of job (KB)
...
006 (674959.000.000) 09/15 10:47:19 Image size of job updated: 10716312
	240  -  MemoryUsage of job (MB)
	245048  -  ResidentSetSize of job (KB)
...
006 (674959.000.000) 09/15 11:24:02 Image size of job updated: 11311648
	240  -  MemoryUsage of job (MB)
	245048  -  ResidentSetSize of job (KB)
...
006 (674959.000.000) 09/15 11:52:19 Image size of job updated: 11581904
	240  -  MemoryUsage of job (MB)
	245048  -  ResidentSetSize of job (KB)
...
022 (674959.000.000) 09/15 12:37:43 Job disconnected, attempting to reconnect
    Socket between submit and execute hosts closed unexpectedly
    Trying to reconnect to slot1_2@c-1-6 <140.160.143.157:9618?addrs=140.160.143.157-9618&noUDP&sock=4484_2bf8_3>
...
024 (674959.000.000) 09/15 12:37:43 Job reconnection failed
    Job disconnected too long: JobLeaseDuration (2400 seconds) expired
    Can not reconnect to slot1_2@c-1-6, rescheduling job
...
001 (674959.000.000) 09/15 12:38:10 Job executing on host: <140.160.143.157:9618?addrs=140.160.143.157-9618&noUDP&sock=4484_2bf8_11>
...
006 (674959.000.000) 09/15 12:58:22 Image size of job updated: 12500000
	261  -  MemoryUsage of job (MB)
	266568  -  ResidentSetSize of job (KB)
...
006 (674959.000.000) 09/15 13:03:23 Image size of job updated: 12500000
	325  -  MemoryUsage of job (MB)
	332004  -  ResidentSetSize of job (KB)
...
006 (674959.000.000) 09/15 13:08:23 Image size of job updated: 12500000
	394  -  MemoryUsage of job (MB)
	402932  -  ResidentSetSize of job (KB)
...
006 (674959.000.000) 09/15 13:13:23 Image size of job updated: 12500000
	464  -  MemoryUsage of job (MB)
	474896  -  ResidentSetSize of job (KB)
...
006 (674959.000.000) 09/15 13:18:24 Image size of job updated: 12500000
	536  -  MemoryUsage of job (MB)
	548460  -  ResidentSetSize of job (KB)
...
006 (674959.000.000) 09/15 13:23:25 Image size of job updated: 12500000
	607  -  MemoryUsage of job (MB)
	620616  -  ResidentSetSize of job (KB)
...
006 (674959.000.000) 09/15 13:28:25 Image size of job updated: 12500000
	676  -  MemoryUsage of job (MB)
	692092  -  ResidentSetSize of job (KB)
...
006 (674959.000.000) 09/15 13:33:26 Image size of job updated: 12500000
	747  -  MemoryUsage of job (MB)
	764624  -  ResidentSetSize of job (KB)
...
006 (674959.000.000) 09/15 13:38:27 Image size of job updated: 12500000
	819  -  MemoryUsage of job (MB)
	838224  -  ResidentSetSize of job (KB)
...
006 (674959.000.000) 09/15 13:43:27 Image size of job updated: 12500000
	890  -  MemoryUsage of job (MB)
	910624  -  ResidentSetSize of job (KB)
...
006 (674959.000.000) 09/15 13:48:27 Image size of job updated: 12500000
	956  -  MemoryUsage of job (MB)
	978480  -  ResidentSetSize of job (KB)
...
006 (674959.000.000) 09/15 13:53:28 Image size of job updated: 12500000
	1006  -  MemoryUsage of job (MB)
	1029548  -  ResidentSetSize of job (KB)
...
006 (674959.000.000) 09/15 13:58:29 Image size of job updated: 12500000
	1053  -  MemoryUsage of job (MB)
	1077548  -  ResidentSetSize of job (KB)
...
006 (674959.000.000) 09/15 14:03:29 Image size of job updated: 12500000
	1101  -  MemoryUsage of job (MB)
	1127380  -  ResidentSetSize of job (KB)
...
006 (674959.000.000) 09/15 14:08:29 Image size of job updated: 12500000
	1150  -  MemoryUsage of job (MB)
	1177100  -  ResidentSetSize of job (KB)
...
006 (674959.000.000) 09/15 14:13:30 Image size of job updated: 12500000
	1197  -  MemoryUsage of job (MB)
	1225728  -  ResidentSetSize of job (KB)
...
006 (674959.000.000) 09/15 14:18:30 Image size of job updated: 12500000
	1246  -  MemoryUsage of job (MB)
	1274940  -  ResidentSetSize of job (KB)
...
006 (674959.000.000) 09/15 14:23:30 Image size of job updated: 12500000
	1291  -  MemoryUsage of job (MB)
	1321844  -  ResidentSetSize of job (KB)
...
006 (674959.000.000) 09/15 14:28:31 Image size of job updated: 12500000
	1343  -  MemoryUsage of job (MB)
	1374484  -  ResidentSetSize of job (KB)
...
006 (674959.000.000) 09/15 14:33:32 Image size of job updated: 12500000
	1394  -  MemoryUsage of job (MB)
	1427408  -  ResidentSetSize of job (KB)
...
006 (674959.000.000) 09/15 14:38:32 Image size of job updated: 12500000
	1444  -  MemoryUsage of job (MB)
	1477948  -  ResidentSetSize of job (KB)
...
006 (674959.000.000) 09/15 14:43:32 Image size of job updated: 12500000
	1490  -  MemoryUsage of job (MB)
	1525732  -  ResidentSetSize of job (KB)
...
006 (674959.000.000) 09/15 14:48:33 Image size of job updated: 12500000
	1538  -  MemoryUsage of job (MB)
	1574684  -  ResidentSetSize of job (KB)
...
006 (674959.000.000) 09/15 14:53:33 Image size of job updated: 12500000
	1587  -  MemoryUsage of job (MB)
	1624292  -  ResidentSetSize of job (KB)
...
006 (674959.000.000) 09/15 14:58:33 Image size of job updated: 12500000
	1636  -  MemoryUsage of job (MB)
	1674572  -  ResidentSetSize of job (KB)
...
006 (674959.000.000) 09/15 15:03:34 Image size of job updated: 12500000
	1684  -  MemoryUsage of job (MB)
	1724392  -  ResidentSetSize of job (KB)
...
006 (674959.000.000) 09/15 15:08:35 Image size of job updated: 12500000
	1735  -  MemoryUsage of job (MB)
	1776316  -  ResidentSetSize of job (KB)
...
006 (674959.000.000) 09/15 15:13:35 Image size of job updated: 12500000
	1783  -  MemoryUsage of job (MB)
	1825568  -  ResidentSetSize of job (KB)
...
006 (674959.000.000) 09/15 15:18:36 Image size of job updated: 12500000
	1830  -  MemoryUsage of job (MB)
	1873776  -  ResidentSetSize of job (KB)
...
006 (674959.000.000) 09/15 15:23:37 Image size of job updated: 12500000
	1879  -  MemoryUsage of job (MB)
	1923324  -  ResidentSetSize of job (KB)
...
006 (674959.000.000) 09/15 15:28:37 Image size of job updated: 12500000
	1930  -  MemoryUsage of job (MB)
	1975492  -  ResidentSetSize of job (KB)
...
006 (674959.000.000) 09/15 15:33:37 Image size of job updated: 12500000
	1979  -  MemoryUsage of job (MB)
	2026036  -  ResidentSetSize of job (KB)
...
006 (674959.000.000) 09/15 15:38:38 Image size of job updated: 12500000
	2026  -  MemoryUsage of job (MB)
	2074056  -  ResidentSetSize of job (KB)
...
006 (674959.000.000) 09/15 15:43:39 Image size of job updated: 12500000
	2075  -  MemoryUsage of job (MB)
	2124080  -  ResidentSetSize of job (KB)
...
006 (674959.000.000) 09/15 15:48:39 Image size of job updated: 12500000
	2122  -  MemoryUsage of job (MB)
	2172424  -  ResidentSetSize of job (KB)
...
006 (674959.000.000) 09/15 15:53:39 Image size of job updated: 12500000
	2171  -  MemoryUsage of job (MB)
	2222792  -  ResidentSetSize of job (KB)
...
006 (674959.000.000) 09/15 15:58:40 Image size of job updated: 12500000
	2218  -  MemoryUsage of job (MB)
	2270520  -  ResidentSetSize of job (KB)
...
006 (674959.000.000) 09/15 16:03:40 Image size of job updated: 12500000
	2266  -  MemoryUsage of job (MB)
	2320024  -  ResidentSetSize of job (KB)
...
006 (674959.000.000) 09/15 16:08:40 Image size of job updated: 12500000
	2318  -  MemoryUsage of job (MB)
	2373268  -  ResidentSetSize of job (KB)
...
006 (674959.000.000) 09/15 16:13:41 Image size of job updated: 12500000
	2368  -  MemoryUsage of job (MB)
	2423812  -  ResidentSetSize of job (KB)
...
006 (674959.000.000) 09/15 16:18:42 Image size of job updated: 12500000
	2415  -  MemoryUsage of job (MB)
	2472520  -  ResidentSetSize of job (KB)
...
006 (674959.000.000) 09/15 16:23:42 Image size of job updated: 12500000
	2462  -  MemoryUsage of job (MB)
	2520904  -  ResidentSetSize of job (KB)
...
006 (674959.000.000) 09/15 16:28:43 Image size of job updated: 12500000
	2510  -  MemoryUsage of job (MB)
	2569816  -  ResidentSetSize of job (KB)
...
006 (674959.000.000) 09/15 16:33:44 Image size of job updated: 12500000
	2557  -  MemoryUsage of job (MB)
	2618140  -  ResidentSetSize of job (KB)
...
006 (674959.000.000) 09/15 16:38:44 Image size of job updated: 12500000
	2603  -  MemoryUsage of job (MB)
	2665064  -  ResidentSetSize of job (KB)
...
006 (674959.000.000) 09/15 16:43:44 Image size of job updated: 12500000
	2650  -  MemoryUsage of job (MB)
	2713576  -  ResidentSetSize of job (KB)
...
006 (674959.000.000) 09/15 16:48:45 Image size of job updated: 12500000
	2700  -  MemoryUsage of job (MB)
	2764224  -  ResidentSetSize of job (KB)
...
006 (674959.000.000) 09/15 16:53:46 Image size of job updated: 12500000
	2751  -  MemoryUsage of job (MB)
	2816120  -  ResidentSetSize of job (KB)
...
006 (674959.000.000) 09/15 16:58:46 Image size of job updated: 12500000
	2797  -  MemoryUsage of job (MB)
	2863932  -  ResidentSetSize of job (KB)
...
006 (674959.000.000) 09/15 17:03:47 Image size of job updated: 12500000
	2847  -  MemoryUsage of job (MB)
	2914768  -  ResidentSetSize of job (KB)
...
006 (674959.000.000) 09/15 17:08:48 Image size of job updated: 12500000
	2897  -  MemoryUsage of job (MB)
	2965512  -  ResidentSetSize of job (KB)
...
006 (674959.000.000) 09/15 17:13:48 Image size of job updated: 12500000
	2946  -  MemoryUsage of job (MB)
	3015920  -  ResidentSetSize of job (KB)
...
006 (674959.000.000) 09/15 17:18:48 Image size of job updated: 12500000
	2995  -  MemoryUsage of job (MB)
	3066032  -  ResidentSetSize of job (KB)
...
006 (674959.000.000) 09/15 17:23:48 Image size of job updated: 12500000
	3058  -  MemoryUsage of job (MB)
	3130692  -  ResidentSetSize of job (KB)
...
006 (674959.000.000) 09/15 17:28:49 Image size of job updated: 12500000
	3107  -  MemoryUsage of job (MB)
	3180576  -  ResidentSetSize of job (KB)
...
006 (674959.000.000) 09/15 17:33:50 Image size of job updated: 12500000
	3156  -  MemoryUsage of job (MB)
	3231332  -  ResidentSetSize of job (KB)
...
006 (674959.000.000) 09/15 17:38:50 Image size of job updated: 12500000
	3205  -  MemoryUsage of job (MB)
	3281640  -  ResidentSetSize of job (KB)
...
006 (674959.000.000) 09/15 17:43:51 Image size of job updated: 12500000
	3254  -  MemoryUsage of job (MB)
	3331988  -  ResidentSetSize of job (KB)
...
006 (674959.000.000) 09/15 17:48:52 Image size of job updated: 12500000
	3305  -  MemoryUsage of job (MB)
	3384140  -  ResidentSetSize of job (KB)
...
006 (674959.000.000) 09/15 17:53:52 Image size of job updated: 12500000
	3352  -  MemoryUsage of job (MB)
	3432256  -  ResidentSetSize of job (KB)
...
006 (674959.000.000) 09/15 17:58:52 Image size of job updated: 12500000
	3400  -  MemoryUsage of job (MB)
	3480588  -  ResidentSetSize of job (KB)
...
006 (674959.000.000) 09/15 18:03:53 Image size of job updated: 12500000
	3449  -  MemoryUsage of job (MB)
	3531044  -  ResidentSetSize of job (KB)
...
006 (674959.000.000) 09/15 18:08:53 Image size of job updated: 12500000
	3495  -  MemoryUsage of job (MB)
	3578724  -  ResidentSetSize of job (KB)
...
006 (674959.000.000) 09/15 18:13:53 Image size of job updated: 12500000
	3546  -  MemoryUsage of job (MB)
	3630504  -  ResidentSetSize of job (KB)
...
006 (674959.000.000) 09/15 18:18:54 Image size of job updated: 12500000
	3595  -  MemoryUsage of job (MB)
	3680340  -  ResidentSetSize of job (KB)
...
006 (674959.000.000) 09/15 18:23:55 Image size of job updated: 12500000
	3645  -  MemoryUsage of job (MB)
	3731756  -  ResidentSetSize of job (KB)
...
006 (674959.000.000) 09/15 18:28:55 Image size of job updated: 12500000
	3692  -  MemoryUsage of job (MB)
	3780436  -  ResidentSetSize of job (KB)
...
006 (674959.000.000) 09/15 18:33:56 Image size of job updated: 12500000
	3740  -  MemoryUsage of job (MB)
	3828940  -  ResidentSetSize of job (KB)
...
006 (674959.000.000) 09/15 18:38:57 Image size of job updated: 12500000
	3788  -  MemoryUsage of job (MB)
	3878240  -  ResidentSetSize of job (KB)
...
006 (674959.000.000) 09/15 18:43:57 Image size of job updated: 12500000
	3834  -  MemoryUsage of job (MB)
	3926000  -  ResidentSetSize of job (KB)
...
006 (674959.000.000) 09/15 18:48:57 Image size of job updated: 12500000
	3883  -  MemoryUsage of job (MB)
	3975616  -  ResidentSetSize of job (KB)
...
006 (674959.000.000) 09/15 18:53:58 Image size of job updated: 12500000
	3931  -  MemoryUsage of job (MB)
	4024924  -  ResidentSetSize of job (KB)
...
006 (674959.000.000) 09/15 18:58:59 Image size of job updated: 12500000
	3976  -  MemoryUsage of job (MB)
	4071152  -  ResidentSetSize of job (KB)
...
006 (674959.000.000) 09/15 19:03:59 Image size of job updated: 12500000
	4026  -  MemoryUsage of job (MB)
	4122248  -  ResidentSetSize of job (KB)
...
006 (674959.000.000) 09/15 19:08:59 Image size of job updated: 12500000
	4076  -  MemoryUsage of job (MB)
	4173132  -  ResidentSetSize of job (KB)
...
006 (674959.000.000) 09/15 19:14:00 Image size of job updated: 12500000
	4124  -  MemoryUsage of job (MB)
	4222688  -  ResidentSetSize of job (KB)
...
006 (674959.000.000) 09/15 19:19:00 Image size of job updated: 12500000
	4174  -  MemoryUsage of job (MB)
	4273444  -  ResidentSetSize of job (KB)
...
006 (674959.000.000) 09/15 19:24:00 Image size of job updated: 12500000
	4222  -  MemoryUsage of job (MB)
	4323204  -  ResidentSetSize of job (KB)
...
006 (674959.000.000) 09/15 19:29:01 Image size of job updated: 12500000
	4240  -  MemoryUsage of job (MB)
	4340872  -  ResidentSetSize of job (KB)
...
006 (674959.000.000) 09/15 19:34:02 Image size of job updated: 12500000
	4242  -  MemoryUsage of job (MB)
	4342856  -  ResidentSetSize of job (KB)
...
006 (674959.000.000) 09/15 19:39:02 Image size of job updated: 12500000
	4242  -  MemoryUsage of job (MB)
	4343400  -  ResidentSetSize of job (KB)
...
006 (674959.000.000) 09/15 19:44:02 Image size of job updated: 12500000
	4242  -  MemoryUsage of job (MB)
	4343404  -  ResidentSetSize of job (KB)
...
006 (674959.000.000) 09/15 22:30:16 Image size of job updated: 12500000
	4418  -  MemoryUsage of job (MB)
	4523848  -  ResidentSetSize of job (KB)
...
006 (674959.000.000) 09/15 22:55:52 Image size of job updated: 12500000
	4740  -  MemoryUsage of job (MB)
	4852952  -  ResidentSetSize of job (KB)
...
006 (674959.000.000) 09/15 23:11:14 Image size of job updated: 12500000
	4903  -  MemoryUsage of job (MB)
	5020180  -  ResidentSetSize of job (KB)
...
006 (674959.000.000) 09/15 23:22:13 Image size of job updated: 12500000
	4906  -  MemoryUsage of job (MB)
	5023476  -  ResidentSetSize of job (KB)
...
006 (674959.000.000) 09/15 23:59:45 Image size of job updated: 12500000
	5027  -  MemoryUsage of job (MB)
	5146872  -  ResidentSetSize of job (KB)
...
006 (674959.000.000) 09/16 00:15:28 Image size of job updated: 12500000
	5187  -  MemoryUsage of job (MB)
	5310748  -  ResidentSetSize of job (KB)
...
006 (674959.000.000) 09/16 00:24:54 Image size of job updated: 12500000
	5278  -  MemoryUsage of job (MB)
	5404252  -  ResidentSetSize of job (KB)
...
006 (674959.000.000) 09/16 00:30:34 Image size of job updated: 12500000
	5335  -  MemoryUsage of job (MB)
	5462256  -  ResidentSetSize of job (KB)
...
006 (674959.000.000) 09/16 00:35:34 Image size of job updated: 12500000
	5385  -  MemoryUsage of job (MB)
	5513364  -  ResidentSetSize of job (KB)
...
006 (674959.000.000) 09/16 00:40:35 Image size of job updated: 12500000
	5434  -  MemoryUsage of job (MB)
	5564216  -  ResidentSetSize of job (KB)
...
006 (674959.000.000) 09/16 00:45:36 Image size of job updated: 12500000
	5486  -  MemoryUsage of job (MB)
	5617344  -  ResidentSetSize of job (KB)
...
006 (674959.000.000) 09/16 00:50:36 Image size of job updated: 12500000
	5534  -  MemoryUsage of job (MB)
	5666616  -  ResidentSetSize of job (KB)
...
006 (674959.000.000) 09/16 00:55:36 Image size of job updated: 12500000
	5584  -  MemoryUsage of job (MB)
	5717584  -  ResidentSetSize of job (KB)
...
006 (674959.000.000) 09/16 01:00:37 Image size of job updated: 12500000
	5633  -  MemoryUsage of job (MB)
	5767988  -  ResidentSetSize of job (KB)
...
006 (674959.000.000) 09/16 01:05:38 Image size of job updated: 12500000
	5684  -  MemoryUsage of job (MB)
	5819424  -  ResidentSetSize of job (KB)
...
006 (674959.000.000) 09/16 01:10:38 Image size of job updated: 12500000
	5700  -  MemoryUsage of job (MB)
	5836372  -  ResidentSetSize of job (KB)
...
006 (674959.000.000) 09/16 02:51:49 Image size of job updated: 12500000
	6114  -  MemoryUsage of job (MB)
	6259756  -  ResidentSetSize of job (KB)
...
006 (674959.000.000) 09/16 03:16:19 Image size of job updated: 12500000
	6495  -  MemoryUsage of job (MB)
	6650412  -  ResidentSetSize of job (KB)
...
006 (674959.000.000) 09/16 03:31:01 Image size of job updated: 12500000
	6726  -  MemoryUsage of job (MB)
	6887348  -  ResidentSetSize of job (KB)
...
006 (674959.000.000) 09/16 03:39:50 Image size of job updated: 12500000
	6852  -  MemoryUsage of job (MB)
	7016084  -  ResidentSetSize of job (KB)
...
006 (674959.000.000) 09/16 05:35:59 Image size of job updated: 12500000
	7200  -  MemoryUsage of job (MB)
	7371864  -  ResidentSetSize of job (KB)
...
006 (674959.000.000) 09/16 05:53:11 Image size of job updated: 12500000
	7463  -  MemoryUsage of job (MB)
	7641764  -  ResidentSetSize of job (KB)
...
006 (674959.000.000) 09/16 06:03:30 Image size of job updated: 12500000
	7610  -  MemoryUsage of job (MB)
	7791784  -  ResidentSetSize of job (KB)
...
006 (674959.000.000) 09/16 06:09:42 Image size of job updated: 12500000
	7618  -  MemoryUsage of job (MB)
	7799832  -  ResidentSetSize of job (KB)
...
006 (674959.000.000) 09/16 06:14:43 Image size of job updated: 12500000
	7638  -  MemoryUsage of job (MB)
	7821280  -  ResidentSetSize of job (KB)
...
006 (674959.000.000) 09/16 06:23:31 Image size of job updated: 12500000
	7649  -  MemoryUsage of job (MB)
	7831748  -  ResidentSetSize of job (KB)
...
006 (674959.000.000) 09/16 06:36:34 Image size of job updated: 12500000
	7649  -  MemoryUsage of job (MB)
	7831960  -  ResidentSetSize of job (KB)
...
006 (674959.000.000) 09/16 06:51:44 Image size of job updated: 12500000
	7649  -  MemoryUsage of job (MB)
	7832076  -  ResidentSetSize of job (KB)
...
022 (674959.000.000) 09/16 07:11:15 Job disconnected, attempting to reconnect
    Socket between submit and execute hosts closed unexpectedly
    Trying to reconnect to slot1_1@c-1-6 <140.160.143.157:9618?addrs=140.160.143.157-9618&noUDP&sock=4484_2bf8_11>
...
024 (674959.000.000) 09/16 07:51:15 Job reconnection failed
    Job disconnected too long: JobLeaseDuration (2400 seconds) expired
    Can not reconnect to slot1_1@c-1-6, rescheduling job
...
001 (674959.000.000) 09/16 08:17:00 Job executing on host: <140.160.143.152:9618?addrs=140.160.143.152-9618&noUDP&sock=4519_8cf9_3>
...
006 (674959.000.000) 09/16 22:23:34 Image size of job updated: 12567104
	9766  -  MemoryUsage of job (MB)
	10000000  -  ResidentSetSize of job (KB)
...
006 (674959.000.000) 09/16 22:28:35 Image size of job updated: 12638756
	9766  -  MemoryUsage of job (MB)
	10000000  -  ResidentSetSize of job (KB)
...
006 (674959.000.000) 09/16 22:33:35 Image size of job updated: 12711948
	9766  -  MemoryUsage of job (MB)
	10000000  -  ResidentSetSize of job (KB)
...
006 (674959.000.000) 09/16 22:38:36 Image size of job updated: 12787016
	9766  -  MemoryUsage of job (MB)
	10000000  -  ResidentSetSize of job (KB)
...
006 (674959.000.000) 09/16 22:43:37 Image size of job updated: 12862168
	9766  -  MemoryUsage of job (MB)
	10000000  -  ResidentSetSize of job (KB)
...
006 (674959.000.000) 09/16 22:48:37 Image size of job updated: 12936340
	9766  -  MemoryUsage of job (MB)
	10000000  -  ResidentSetSize of job (KB)
...
006 (674959.000.000) 09/16 22:53:37 Image size of job updated: 13008832
	9766  -  MemoryUsage of job (MB)
	10000000  -  ResidentSetSize of job (KB)
...
006 (674959.000.000) 09/16 22:58:38 Image size of job updated: 13084208
	9766  -  MemoryUsage of job (MB)
	10000000  -  ResidentSetSize of job (KB)
...
006 (674959.000.000) 09/16 23:03:39 Image size of job updated: 13161320
	9766  -  MemoryUsage of job (MB)
	10000000  -  ResidentSetSize of job (KB)
...
006 (674959.000.000) 09/16 23:08:39 Image size of job updated: 13235884
	9766  -  MemoryUsage of job (MB)
	10000000  -  ResidentSetSize of job (KB)
...
006 (674959.000.000) 09/16 23:13:40 Image size of job updated: 13305436
	9766  -  MemoryUsage of job (MB)
	10000000  -  ResidentSetSize of job (KB)
...
006 (674959.000.000) 09/16 23:18:41 Image size of job updated: 13377172
	9766  -  MemoryUsage of job (MB)
	10000000  -  ResidentSetSize of job (KB)
...
006 (674959.000.000) 09/16 23:23:41 Image size of job updated: 13449720
	9766  -  MemoryUsage of job (MB)
	10000000  -  ResidentSetSize of job (KB)
...
006 (674959.000.000) 09/16 23:28:41 Image size of job updated: 13518124
	9766  -  MemoryUsage of job (MB)
	10000000  -  ResidentSetSize of job (KB)
...
006 (674959.000.000) 09/16 23:33:42 Image size of job updated: 13587760
	9766  -  MemoryUsage of job (MB)
	10000000  -  ResidentSetSize of job (KB)
...
006 (674959.000.000) 09/16 23:38:43 Image size of job updated: 13659384
	9766  -  MemoryUsage of job (MB)
	10000000  -  ResidentSetSize of job (KB)
...
006 (674959.000.000) 09/16 23:43:43 Image size of job updated: 13731120
	9766  -  MemoryUsage of job (MB)
	10000000  -  ResidentSetSize of job (KB)
...
006 (674959.000.000) 09/16 23:48:44 Image size of job updated: 13807784
	9766  -  MemoryUsage of job (MB)
	10000000  -  ResidentSetSize of job (KB)
...
006 (674959.000.000) 09/16 23:53:45 Image size of job updated: 13880024
	9766  -  MemoryUsage of job (MB)
	10000000  -  ResidentSetSize of job (KB)
...
006 (674959.000.000) 09/16 23:58:45 Image size of job updated: 13945264
	9766  -  MemoryUsage of job (MB)
	10000000  -  ResidentSetSize of job (KB)
...
006 (674959.000.000) 09/17 00:03:45 Image size of job updated: 14015768
	9766  -  MemoryUsage of job (MB)
	10000000  -  ResidentSetSize of job (KB)
...
006 (674959.000.000) 09/17 00:08:47 Image size of job updated: 14088344
	9766  -  MemoryUsage of job (MB)
	10000000  -  ResidentSetSize of job (KB)
...
006 (674959.000.000) 09/17 00:13:47 Image size of job updated: 14159968
	9766  -  MemoryUsage of job (MB)
	10000000  -  ResidentSetSize of job (KB)
...
006 (674959.000.000) 09/17 00:18:47 Image size of job updated: 14228904
	9766  -  MemoryUsage of job (MB)
	10000000  -  ResidentSetSize of job (KB)
...
006 (674959.000.000) 09/17 00:23:48 Image size of job updated: 14301620
	9766  -  MemoryUsage of job (MB)
	10000000  -  ResidentSetSize of job (KB)
...
006 (674959.000.000) 09/17 00:28:49 Image size of job updated: 14373664
	9766  -  MemoryUsage of job (MB)
	10000000  -  ResidentSetSize of job (KB)
...
006 (674959.000.000) 09/17 00:33:49 Image size of job updated: 14444224
	9766  -  MemoryUsage of job (MB)
	10000000  -  ResidentSetSize of job (KB)
...
006 (674959.000.000) 09/17 00:38:49 Image size of job updated: 14515848
	9766  -  MemoryUsage of job (MB)
	10000000  -  ResidentSetSize of job (KB)
...
006 (674959.000.000) 09/17 00:43:50 Image size of job updated: 14588424
	9766  -  MemoryUsage of job (MB)
	10000000  -  ResidentSetSize of job (KB)
...
006 (674959.000.000) 09/17 00:48:50 Image size of job updated: 14661028
	9766  -  MemoryUsage of job (MB)
	10000000  -  ResidentSetSize of job (KB)
...
006 (674959.000.000) 09/17 00:53:50 Image size of job updated: 14732484
	9766  -  MemoryUsage of job (MB)
	10000000  -  ResidentSetSize of job (KB)
...
006 (674959.000.000) 09/17 00:58:51 Image size of job updated: 14801756
	9766  -  MemoryUsage of job (MB)
	10000000  -  ResidentSetSize of job (KB)
...
006 (674959.000.000) 09/17 01:03:52 Image size of job updated: 14871168
	9766  -  MemoryUsage of job (MB)
	10000000  -  ResidentSetSize of job (KB)
...
006 (674959.000.000) 09/17 01:08:52 Image size of job updated: 14936940
	9766  -  MemoryUsage of job (MB)
	10000000  -  ResidentSetSize of job (KB)
...
006 (674959.000.000) 09/17 01:13:52 Image size of job updated: 15003552
	9766  -  MemoryUsage of job (MB)
	10000000  -  ResidentSetSize of job (KB)
...
006 (674959.000.000) 09/17 01:18:53 Image size of job updated: 15070920
	9766  -  MemoryUsage of job (MB)
	10000000  -  ResidentSetSize of job (KB)
...
006 (674959.000.000) 09/17 01:23:53 Image size of job updated: 15138008
	9766  -  MemoryUsage of job (MB)
	10000000  -  ResidentSetSize of job (KB)
...
006 (674959.000.000) 09/17 01:28:53 Image size of job updated: 15206944
	9766  -  MemoryUsage of job (MB)
	10000000  -  ResidentSetSize of job (KB)
...
006 (674959.000.000) 09/17 01:33:54 Image size of job updated: 15277168
	9766  -  MemoryUsage of job (MB)
	10000000  -  ResidentSetSize of job (KB)
...
006 (674959.000.000) 09/17 01:38:55 Image size of job updated: 15349688
	9766  -  MemoryUsage of job (MB)
	10000000  -  ResidentSetSize of job (KB)
...
006 (674959.000.000) 09/17 01:43:55 Image size of job updated: 15420612
	9766  -  MemoryUsage of job (MB)
	10000000  -  ResidentSetSize of job (KB)
...
006 (674959.000.000) 09/17 01:48:55 Image size of job updated: 15494896
	9766  -  MemoryUsage of job (MB)
	10000000  -  ResidentSetSize of job (KB)
...
006 (674959.000.000) 09/17 01:53:56 Image size of job updated: 15567696
	9766  -  MemoryUsage of job (MB)
	10000000  -  ResidentSetSize of job (KB)
...
006 (674959.000.000) 09/17 01:58:56 Image size of job updated: 15638592
	9766  -  MemoryUsage of job (MB)
	10000000  -  ResidentSetSize of job (KB)
...
006 (674959.000.000) 09/17 02:03:56 Image size of job updated: 15698456
	9766  -  MemoryUsage of job (MB)
	10000000  -  ResidentSetSize of job (KB)
...
006 (674959.000.000) 09/17 02:08:57 Image size of job updated: 15771228
	9766  -  MemoryUsage of job (MB)
	10000000  -  ResidentSetSize of job (KB)
...
006 (674959.000.000) 09/17 02:13:58 Image size of job updated: 15841284
	9766  -  MemoryUsage of job (MB)
	10000000  -  ResidentSetSize of job (KB)
...
006 (674959.000.000) 09/17 02:18:58 Image size of job updated: 15914476
	9766  -  MemoryUsage of job (MB)
	10000000  -  ResidentSetSize of job (KB)
...
006 (674959.000.000) 09/17 02:23:59 Image size of job updated: 15986576
	9766  -  MemoryUsage of job (MB)
	10000000  -  ResidentSetSize of job (KB)
...
006 (674959.000.000) 09/17 02:29:00 Image size of job updated: 16059768
	9766  -  MemoryUsage of job (MB)
	10000000  -  ResidentSetSize of job (KB)
...
006 (674959.000.000) 09/17 02:34:00 Image size of job updated: 16130020
	9766  -  MemoryUsage of job (MB)
	10000000  -  ResidentSetSize of job (KB)
...
006 (674959.000.000) 09/17 02:39:00 Image size of job updated: 16204304
	9766  -  MemoryUsage of job (MB)
	10000000  -  ResidentSetSize of job (KB)
...
006 (674959.000.000) 09/17 02:44:01 Image size of job updated: 16277804
	9766  -  MemoryUsage of job (MB)
	10000000  -  ResidentSetSize of job (KB)
...
006 (674959.000.000) 09/17 02:49:02 Image size of job updated: 16352060
	9766  -  MemoryUsage of job (MB)
	10000000  -  ResidentSetSize of job (KB)
...
006 (674959.000.000) 09/17 02:54:02 Image size of job updated: 16423516
	9766  -  MemoryUsage of job (MB)
	10000000  -  ResidentSetSize of job (KB)
...
006 (674959.000.000) 09/17 02:59:03 Image size of job updated: 16498752
	9766  -  MemoryUsage of job (MB)
	10000000  -  ResidentSetSize of job (KB)
...
006 (674959.000.000) 09/17 03:04:04 Image size of job updated: 16571972
	9766  -  MemoryUsage of job (MB)
	10000000  -  ResidentSetSize of job (KB)
...
006 (674959.000.000) 09/17 03:09:04 Image size of job updated: 16640236
	9766  -  MemoryUsage of job (MB)
	10000000  -  ResidentSetSize of job (KB)
...
006 (674959.000.000) 09/17 03:14:04 Image size of job updated: 16711972
	9766  -  MemoryUsage of job (MB)
	10000000  -  ResidentSetSize of job (KB)
...
006 (674959.000.000) 09/17 03:19:05 Image size of job updated: 16782336
	9766  -  MemoryUsage of job (MB)
	10000000  -  ResidentSetSize of job (KB)
...
006 (674959.000.000) 09/17 03:24:06 Image size of job updated: 16854884
	9766  -  MemoryUsage of job (MB)
	10000000  -  ResidentSetSize of job (KB)
...
006 (674959.000.000) 09/17 03:29:06 Image size of job updated: 16928496
	9766  -  MemoryUsage of job (MB)
	10000000  -  ResidentSetSize of job (KB)
...
006 (674959.000.000) 09/17 03:34:07 Image size of job updated: 16994436
	9766  -  MemoryUsage of job (MB)
	10000000  -  ResidentSetSize of job (KB)
...
006 (674959.000.000) 09/17 03:39:08 Image size of job updated: 17068356
	9766  -  MemoryUsage of job (MB)
	10000000  -  ResidentSetSize of job (KB)
...
006 (674959.000.000) 09/17 03:44:08 Image size of job updated: 17143452
	9766  -  MemoryUsage of job (MB)
	10000000  -  ResidentSetSize of job (KB)
...
006 (674959.000.000) 09/17 03:49:08 Image size of job updated: 17217512
	9766  -  MemoryUsage of job (MB)
	10000000  -  ResidentSetSize of job (KB)
...
006 (674959.000.000) 09/17 03:54:09 Image size of job updated: 17292804
	9766  -  MemoryUsage of job (MB)
	10000000  -  ResidentSetSize of job (KB)
...
006 (674959.000.000) 09/17 03:59:10 Image size of job updated: 17368572
	9766  -  MemoryUsage of job (MB)
	10000000  -  ResidentSetSize of job (KB)
...
006 (674959.000.000) 09/17 04:04:10 Image size of job updated: 17442604
	9766  -  MemoryUsage of job (MB)
	10000000  -  ResidentSetSize of job (KB)
...
006 (674959.000.000) 09/17 04:09:11 Image size of job updated: 17516860
	9766  -  MemoryUsage of job (MB)
	10000000  -  ResidentSetSize of job (KB)
...
006 (674959.000.000) 09/17 04:14:12 Image size of job updated: 17593132
	9766  -  MemoryUsage of job (MB)
	10000000  -  ResidentSetSize of job (KB)
...
006 (674959.000.000) 09/17 04:19:12 Image size of job updated: 17662796
	9766  -  MemoryUsage of job (MB)
	10000000  -  ResidentSetSize of job (KB)
...
006 (674959.000.000) 09/17 04:24:12 Image size of job updated: 17734420
	9766  -  MemoryUsage of job (MB)
	10000000  -  ResidentSetSize of job (KB)
...
006 (674959.000.000) 09/17 04:29:13 Image size of job updated: 17805064
	9766  -  MemoryUsage of job (MB)
	10000000  -  ResidentSetSize of job (KB)
...
006 (674959.000.000) 09/17 04:34:14 Image size of job updated: 17877192
	9766  -  MemoryUsage of job (MB)
	10000000  -  ResidentSetSize of job (KB)
...
006 (674959.000.000) 09/17 04:39:14 Image size of job updated: 17949600
	9766  -  MemoryUsage of job (MB)
	10000000  -  ResidentSetSize of job (KB)
...
006 (674959.000.000) 09/17 04:44:15 Image size of job updated: 18019964
	9766  -  MemoryUsage of job (MB)
	10000000  -  ResidentSetSize of job (KB)
...
006 (674959.000.000) 09/17 04:49:16 Image size of job updated: 18090160
	9766  -  MemoryUsage of job (MB)
	10000000  -  ResidentSetSize of job (KB)
...
006 (674959.000.000) 09/17 04:54:16 Image size of job updated: 18163184
	9766  -  MemoryUsage of job (MB)
	10000000  -  ResidentSetSize of job (KB)
...
006 (674959.000.000) 09/17 04:59:16 Image size of job updated: 18233856
	9766  -  MemoryUsage of job (MB)
	10000000  -  ResidentSetSize of job (KB)
...
006 (674959.000.000) 09/17 05:04:17 Image size of job updated: 18306180
	9766  -  MemoryUsage of job (MB)
	10000000  -  ResidentSetSize of job (KB)
...
006 (674959.000.000) 09/17 05:09:18 Image size of job updated: 18374948
	9766  -  MemoryUsage of job (MB)
	10000000  -  ResidentSetSize of job (KB)
...
006 (674959.000.000) 09/17 05:14:18 Image size of job updated: 18446236
	9766  -  MemoryUsage of job (MB)
	10000000  -  ResidentSetSize of job (KB)
...
006 (674959.000.000) 09/17 05:19:19 Image size of job updated: 18516180
	9766  -  MemoryUsage of job (MB)
	10000000  -  ResidentSetSize of job (KB)
...
006 (674959.000.000) 09/17 05:24:20 Image size of job updated: 18587300
	9766  -  MemoryUsage of job (MB)
	10000000  -  ResidentSetSize of job (KB)
...
006 (674959.000.000) 09/17 05:29:20 Image size of job updated: 18657188
	9766  -  MemoryUsage of job (MB)
	10000000  -  ResidentSetSize of job (KB)
...
006 (674959.000.000) 09/17 05:34:20 Image size of job updated: 18729652
	9766  -  MemoryUsage of job (MB)
	10000000  -  ResidentSetSize of job (KB)
...
006 (674959.000.000) 09/17 05:39:21 Image size of job updated: 18800268
	9766  -  MemoryUsage of job (MB)
	10000000  -  ResidentSetSize of job (KB)
...
006 (674959.000.000) 09/17 05:44:21 Image size of job updated: 18871052
	9766  -  MemoryUsage of job (MB)
	10000000  -  ResidentSetSize of job (KB)
...
006 (674959.000.000) 09/17 05:49:21 Image size of job updated: 18933688
	9766  -  MemoryUsage of job (MB)
	10000000  -  ResidentSetSize of job (KB)
...
006 (674959.000.000) 09/17 05:54:22 Image size of job updated: 19003352
	9766  -  MemoryUsage of job (MB)
	10000000  -  ResidentSetSize of job (KB)
...
006 (674959.000.000) 09/17 05:59:23 Image size of job updated: 19075592
	9766  -  MemoryUsage of job (MB)
	10000000  -  ResidentSetSize of job (KB)
...
006 (674959.000.000) 09/17 06:04:23 Image size of job updated: 19147972
	9766  -  MemoryUsage of job (MB)
	10000000  -  ResidentSetSize of job (KB)
...
006 (674959.000.000) 09/17 06:09:23 Image size of job updated: 19217804
	9766  -  MemoryUsage of job (MB)
	10000000  -  ResidentSetSize of job (KB)
...
006 (674959.000.000) 09/17 06:14:24 Image size of job updated: 19289316
	9766  -  MemoryUsage of job (MB)
	10000000  -  ResidentSetSize of job (KB)
...
006 (674959.000.000) 09/17 06:19:24 Image size of job updated: 19359260
	9766  -  MemoryUsage of job (MB)
	10000000  -  ResidentSetSize of job (KB)
...
006 (674959.000.000) 09/17 06:24:24 Image size of job updated: 19429372
	9766  -  MemoryUsage of job (MB)
	10000000  -  ResidentSetSize of job (KB)
...
006 (674959.000.000) 09/17 06:29:25 Image size of job updated: 19497188
	9766  -  MemoryUsage of job (MB)
	10000000  -  ResidentSetSize of job (KB)
...
006 (674959.000.000) 09/17 06:34:26 Image size of job updated: 19564836
	9766  -  MemoryUsage of job (MB)
	10000000  -  ResidentSetSize of job (KB)
...
006 (674959.000.000) 09/17 06:39:26 Image size of job updated: 19635732
	9766  -  MemoryUsage of job (MB)
	10000000  -  ResidentSetSize of job (KB)
...
006 (674959.000.000) 09/17 06:44:26 Image size of job updated: 19708448
	9766  -  MemoryUsage of job (MB)
	10000000  -  ResidentSetSize of job (KB)
...
006 (674959.000.000) 09/17 06:49:27 Image size of job updated: 19777608
	9766  -  MemoryUsage of job (MB)
	10000000  -  ResidentSetSize of job (KB)
...
006 (674959.000.000) 09/17 06:54:27 Image size of job updated: 19846488
	9766  -  MemoryUsage of job (MB)
	10000000  -  ResidentSetSize of job (KB)
...
006 (674959.000.000) 09/17 06:59:27 Image size of job updated: 19919204
	9766  -  MemoryUsage of job (MB)
	10000000  -  ResidentSetSize of job (KB)
...
006 (674959.000.000) 09/17 07:04:28 Image size of job updated: 19991780
	9766  -  MemoryUsage of job (MB)
	10000000  -  ResidentSetSize of job (KB)
...
006 (674959.000.000) 09/17 07:09:29 Image size of job updated: 20063544
	9766  -  MemoryUsage of job (MB)
	10000000  -  ResidentSetSize of job (KB)
...
006 (674959.000.000) 09/17 07:14:29 Image size of job updated: 20134916
	9766  -  MemoryUsage of job (MB)
	10000000  -  ResidentSetSize of job (KB)
...
006 (674959.000.000) 09/17 07:19:29 Image size of job updated: 20205532
	9766  -  MemoryUsage of job (MB)
	10000000  -  ResidentSetSize of job (KB)
...
006 (674959.000.000) 09/17 07:24:30 Image size of job updated: 20271948
	9766  -  MemoryUsage of job (MB)
	10000000  -  ResidentSetSize of job (KB)
...
006 (674959.000.000) 09/17 07:29:30 Image size of job updated: 20341248
	9766  -  MemoryUsage of job (MB)
	10000000  -  ResidentSetSize of job (KB)
...
006 (674959.000.000) 09/17 07:34:30 Image size of job updated: 20409596
	9766  -  MemoryUsage of job (MB)
	10000000  -  ResidentSetSize of job (KB)
...
006 (674959.000.000) 09/17 07:39:31 Image size of job updated: 20480800
	9766  -  MemoryUsage of job (MB)
	10000000  -  ResidentSetSize of job (KB)
...
006 (674959.000.000) 09/17 07:44:32 Image size of job updated: 20552312
	9766  -  MemoryUsage of job (MB)
	10000000  -  ResidentSetSize of job (KB)
...
006 (674959.000.000) 09/17 07:49:32 Image size of job updated: 20619792
	9766  -  MemoryUsage of job (MB)
	10000000  -  ResidentSetSize of job (KB)
...
006 (674959.000.000) 09/17 07:54:32 Image size of job updated: 20685116
	9766  -  MemoryUsage of job (MB)
	10000000  -  ResidentSetSize of job (KB)
...
006 (674959.000.000) 09/17 07:59:33 Image size of job updated: 20752260
	9766  -  MemoryUsage of job (MB)
	10000000  -  ResidentSetSize of job (KB)
...
006 (674959.000.000) 09/17 08:04:33 Image size of job updated: 20819516
	9766  -  MemoryUsage of job (MB)
	10000000  -  ResidentSetSize of job (KB)
...
006 (674959.000.000) 09/17 08:09:33 Image size of job updated: 20890944
	9766  -  MemoryUsage of job (MB)
	10000000  -  ResidentSetSize of job (KB)
...
006 (674959.000.000) 09/17 08:14:34 Image size of job updated: 20963604
	9766  -  MemoryUsage of job (MB)
	10000000  -  ResidentSetSize of job (KB)
...
006 (674959.000.000) 09/17 08:19:35 Image size of job updated: 21032484
	9766  -  MemoryUsage of job (MB)
	10000000  -  ResidentSetSize of job (KB)
...
006 (674959.000.000) 09/17 08:24:35 Image size of job updated: 21102120
	9766  -  MemoryUsage of job (MB)
	10000000  -  ResidentSetSize of job (KB)
...
006 (674959.000.000) 09/17 08:29:35 Image size of job updated: 21171336
	9766  -  MemoryUsage of job (MB)
	10000000  -  ResidentSetSize of job (KB)
...
006 (674959.000.000) 09/17 08:34:36 Image size of job updated: 21240664
	9766  -  MemoryUsage of job (MB)
	10000000  -  ResidentSetSize of job (KB)
...
006 (674959.000.000) 09/17 08:39:36 Image size of job updated: 21309740
	9766  -  MemoryUsage of job (MB)
	10000000  -  ResidentSetSize of job (KB)
...
006 (674959.000.000) 09/17 08:44:36 Image size of job updated: 21378788
	9766  -  MemoryUsage of job (MB)
	10000000  -  ResidentSetSize of job (KB)
...
006 (674959.000.000) 09/17 08:49:37 Image size of job updated: 21450776
	9766  -  MemoryUsage of job (MB)
	10000000  -  ResidentSetSize of job (KB)
...
006 (674959.000.000) 09/17 08:54:38 Image size of job updated: 21521168
	9766  -  MemoryUsage of job (MB)
	10000000  -  ResidentSetSize of job (KB)
...
006 (674959.000.000) 09/17 08:59:38 Image size of job updated: 21593576
	9766  -  MemoryUsage of job (MB)
	10000000  -  ResidentSetSize of job (KB)
...
006 (674959.000.000) 09/17 09:04:38 Image size of job updated: 21668924
	9766  -  MemoryUsage of job (MB)
	10000000  -  ResidentSetSize of job (KB)
...
006 (674959.000.000) 09/17 09:06:19 Image size of job updated: 21689980
	9766  -  MemoryUsage of job (MB)
	10000000  -  ResidentSetSize of job (KB)
...
005 (674959.000.000) 09/17 09:06:19 Job terminated.
	(1) Normal termination (return value 0)
		Usr 0 00:19:45, Sys 0 00:08:41  -  Run Remote Usage
		Usr 0 00:00:00, Sys 0 00:00:00  -  Run Local Usage
		Usr 0 00:19:45, Sys 0 00:08:41  -  Total Remote Usage
		Usr 0 00:00:00, Sys 0 00:00:00  -  Total Local Usage
	0  -  Run Bytes Sent By Job
	0  -  Run Bytes Received By Job
	0  -  Total Bytes Sent By Job
	0  -  Total Bytes Received By Job
	Partitionable Resources :    Usage  Request Allocated 
	   Cpus                 :     1.95        2         2 
	   Disk (KB)            :   150         150     17651 
	   Memory (MB)          :  9766        9766      9856 
...
000 (181.000.000) 10/21 16:26:35 Job submitted from host: <140.160.143.131:9618?addrs=140.160.143.131-9618&noUDP&sock=2776_aefe_4>
...
001 (181.000.000) 10/21 16:26:38 Job executing on host: <140.160.143.141:9618?addrs=140.160.143.141-9618&noUDP&sock=1474_9eb0_3>
...
006 (181.000.000) 10/21 16:26:46 Image size of job updated: 1696
	1  -  MemoryUsage of job (MB)
	916  -  ResidentSetSize of job (KB)
...
006 (181.000.000) 10/21 17:06:49 Image size of job updated: 1700
	1  -  MemoryUsage of job (MB)
	920  -  ResidentSetSize of job (KB)
...
005 (181.000.000) 10/21 23:03:34 Job terminated.
	(1) Normal termination (return value 0)
		Usr 0 10:44:26, Sys 0 02:29:26  -  Run Remote Usage
		Usr 0 00:00:00, Sys 0 00:00:00  -  Run Local Usage
		Usr 0 10:44:26, Sys 0 02:29:26  -  Total Remote Usage
		Usr 0 00:00:00, Sys 0 00:00:00  -  Total Local Usage
	0  -  Run Bytes Sent By Job
	0  -  Run Bytes Received By Job
	0  -  Total Bytes Sent By Job
	0  -  Total Bytes Received By Job
	Partitionable Resources :    Usage  Request Allocated 
	   Cpus                 :     2.00        2         2 
	   Disk (KB)            :   150         150    888012 
	   Memory (MB)          :     1       20480     20480 
...
