000 (2060.029.000) 03/05 20:07:43 Job submitted from host: <140.160.143.131:9618?addrs=140.160.143.131-9618&noUDP&sock=1229063_9141_4>
...
009 (2060.029.000) 03/05 20:07:53 Job was aborted by the user.
	via condor_rm (by user scoggim)
...
000 (2071.001.000) 03/05 20:16:28 Job submitted from host: <140.160.143.131:9618?addrs=140.160.143.131-9618&noUDP&sock=1229063_9141_4>
...
001 (2071.001.000) 03/08 20:31:32 Job executing on host: <140.160.143.147:9618?addrs=140.160.143.147-9618&noUDP&sock=28833_9e45_3>
...
006 (2071.001.000) 03/08 20:31:40 Image size of job updated: 972
	1  -  MemoryUsage of job (MB)
	972  -  ResidentSetSize of job (KB)
...
006 (2071.001.000) 03/08 20:36:40 Image size of job updated: 976
	1  -  MemoryUsage of job (MB)
	976  -  ResidentSetSize of job (KB)
...
005 (2071.001.000) 03/08 21:01:49 Job terminated.
	(1) Normal termination (return value 0)
		Usr 0 01:16:12, Sys 0 00:44:33  -  Run Remote Usage
		Usr 0 00:00:00, Sys 0 00:00:00  -  Run Local Usage
		Usr 0 01:16:12, Sys 0 00:44:33  -  Total Remote Usage
		Usr 0 00:00:00, Sys 0 00:00:00  -  Total Local Usage
	0  -  Run Bytes Sent By Job
	0  -  Run Bytes Received By Job
	0  -  Total Bytes Sent By Job
	0  -  Total Bytes Received By Job
	Partitionable Resources :    Usage  Request Allocated 
	   Cpus                 :     4.00        4         4 
	   Disk (KB)            :   175         175    197501 
	   Memory (MB)          :     1           1       128 
...
000 (2134.029.000) 03/25 11:02:21 Job submitted from host: <140.160.143.131:9618?addrs=140.160.143.131-9618&noUDP&sock=3219958_f11d_13>
...
009 (2134.029.000) 03/25 11:05:05 Job was aborted by the user.
	via condor_rm (by user scoggim)
...
000 (2135.029.000) 03/25 11:05:14 Job submitted from host: <140.160.143.131:9618?addrs=140.160.143.131-9618&noUDP&sock=3219958_f11d_13>
...
001 (2135.029.000) 03/26 10:50:28 Job executing on host: <140.160.143.165:9618?addrs=140.160.143.165-9618&noUDP&sock=9630_f51d_3>
...
006 (2135.029.000) 03/26 10:50:36 Image size of job updated: 4448
	5  -  MemoryUsage of job (MB)
	4448  -  ResidentSetSize of job (KB)
...
006 (2135.029.000) 03/26 11:30:39 Image size of job updated: 4672
	5  -  MemoryUsage of job (MB)
	4672  -  ResidentSetSize of job (KB)
...
005 (2135.029.000) 03/26 21:08:56 Job terminated.
	(1) Normal termination (return value 0)
		Usr 1 02:45:42, Sys 0 14:27:31  -  Run Remote Usage
		Usr 0 00:00:00, Sys 0 00:00:00  -  Run Local Usage
		Usr 1 02:45:42, Sys 0 14:27:31  -  Total Remote Usage
		Usr 0 00:00:00, Sys 0 00:00:00  -  Total Local Usage
	0  -  Run Bytes Sent By Job
	0  -  Run Bytes Received By Job
	0  -  Total Bytes Sent By Job
	0  -  Total Bytes Received By Job
	Partitionable Resources :    Usage  Request Allocated 
	   Cpus                 :     4.00        4         4 
	   Disk (KB)            :   175         175    844764 
	   Memory (MB)          :     5           1       128 
...
