000 (2661.011.000) 07/01 07:14:37 Job submitted from host: <140.160.143.131:9618?addrs=140.160.143.131-9618&noUDP&sock=3131910_565e_30>
...
001 (2661.011.000) 07/01 07:14:56 Job executing on host: <140.160.143.146:9618?addrs=140.160.143.146-9618&noUDP&sock=4054_4908_3>
...
006 (2661.011.000) 07/01 07:15:04 Image size of job updated: 4008
	1  -  MemoryUsage of job (MB)
	780  -  ResidentSetSize of job (KB)
...
006 (2661.011.000) 07/01 07:20:04 Image size of job updated: 4012
	1  -  MemoryUsage of job (MB)
	784  -  ResidentSetSize of job (KB)
...
005 (2661.011.000) 07/01 07:23:30 Job terminated.
	(1) Normal termination (return value 0)
		Usr 0 00:08:34, Sys 0 00:00:00  -  Run Remote Usage
		Usr 0 00:00:00, Sys 0 00:00:00  -  Run Local Usage
		Usr 0 00:08:34, Sys 0 00:00:00  -  Total Remote Usage
		Usr 0 00:00:00, Sys 0 00:00:00  -  Total Local Usage
	0  -  Run Bytes Sent By Job
	0  -  Run Bytes Received By Job
	0  -  Total Bytes Sent By Job
	0  -  Total Bytes Received By Job
	Partitionable Resources :    Usage  Request Allocated 
	   Cpus                 :     1.00        1         1 
	   Disk (KB)            :   175         175    881117 
	   Memory (MB)          :     1           1       128 
...
