000 (674359.000.000) 09/14 14:18:48 Job submitted from host: <140.160.143.130:9618?addrs=140.160.143.130-9618&noUDP&sock=5591_da80_4>
...
009 (674359.000.000) 09/14 14:20:44 Job was aborted by the user.
	via condor_rm (by user scoggim)
...
000 (674503.000.000) 09/14 14:25:56 Job submitted from host: <140.160.143.130:9618?addrs=140.160.143.130-9618&noUDP&sock=5591_da80_4>
...
001 (674503.000.000) 09/14 14:26:16 Job executing on host: <140.160.143.149:9618?addrs=140.160.143.149-9618&noUDP&sock=8214_036a_3>
...
006 (674503.000.000) 09/14 14:26:25 Image size of job updated: 3192
	4  -  MemoryUsage of job (MB)
	3192  -  ResidentSetSize of job (KB)
...
000 (674647.000.000) 09/14 14:26:38 Job submitted from host: <140.160.143.130:9618?addrs=140.160.143.130-9618&noUDP&sock=5591_da80_4>
...
000 (674791.000.000) 09/14 14:27:37 Job submitted from host: <140.160.143.130:9618?addrs=140.160.143.130-9618&noUDP&sock=5591_da80_4>
...
006 (674503.000.000) 09/14 14:31:26 Image size of job updated: 78736
	77  -  MemoryUsage of job (MB)
	78736  -  ResidentSetSize of job (KB)
...
004 (674503.000.000) 09/14 14:46:33 Job was evicted.
	(0) Job was not checkpointed.
		Usr 0 00:07:16, Sys 0 00:02:44  -  Run Remote Usage
		Usr 0 00:00:00, Sys 0 00:00:00  -  Run Local Usage
	0  -  Run Bytes Sent By Job
	0  -  Run Bytes Received By Job
	Partitionable Resources :    Usage  Request Allocated 
	   Cpus                 :     1.99        2         2 
	   Disk (KB)            :   150         150     18162 
	   Gpus                 :                           0 
	   Memory (MB)          :    77           1       128 
...
009 (674503.000.000) 09/14 14:46:33 Job was aborted by the user.
	via condor_rm (by user scoggim)
...
009 (674791.000.000) 09/14 14:46:33 Job was aborted by the user.
	via condor_rm (by user scoggim)
...
009 (674647.000.000) 09/14 14:46:33 Job was aborted by the user.
	via condor_rm (by user scoggim)
...
000 (674971.000.000) 09/14 22:20:23 Job submitted from host: <140.160.143.130:9618?addrs=140.160.143.130-9618&noUDP&sock=5591_da80_4>
...
001 (674971.000.000) 09/15 01:17:48 Job executing on host: <140.160.143.157:9618?addrs=140.160.143.157-9618&noUDP&sock=4484_2bf8_3>
...
006 (674971.000.000) 09/15 01:17:56 Image size of job updated: 2428
	3  -  MemoryUsage of job (MB)
	2428  -  ResidentSetSize of job (KB)
...
006 (674971.000.000) 09/15 01:22:56 Image size of job updated: 47888
	47  -  MemoryUsage of job (MB)
	47888  -  ResidentSetSize of job (KB)
...
006 (674971.000.000) 09/15 01:27:57 Image size of job updated: 93584
	92  -  MemoryUsage of job (MB)
	93584  -  ResidentSetSize of job (KB)
...
006 (674971.000.000) 09/15 01:32:58 Image size of job updated: 136312
	134  -  MemoryUsage of job (MB)
	136312  -  ResidentSetSize of job (KB)
...
006 (674971.000.000) 09/15 01:37:58 Image size of job updated: 184608
	181  -  MemoryUsage of job (MB)
	184608  -  ResidentSetSize of job (KB)
...
006 (674971.000.000) 09/15 01:42:58 Image size of job updated: 188724
	185  -  MemoryUsage of job (MB)
	188724  -  ResidentSetSize of job (KB)
...
006 (674971.000.000) 09/15 07:23:32 Image size of job updated: 5723772
	185  -  MemoryUsage of job (MB)
	188724  -  ResidentSetSize of job (KB)
...
006 (674971.000.000) 09/15 07:28:32 Image size of job updated: 5802704
	185  -  MemoryUsage of job (MB)
	188724  -  ResidentSetSize of job (KB)
...
006 (674971.000.000) 09/15 07:33:32 Image size of job updated: 5882140
	185  -  MemoryUsage of job (MB)
	188724  -  ResidentSetSize of job (KB)
...
006 (674971.000.000) 09/15 07:38:33 Image size of job updated: 5960400
	185  -  MemoryUsage of job (MB)
	188724  -  ResidentSetSize of job (KB)
...
006 (674971.000.000) 09/15 07:43:33 Image size of job updated: 6038100
	185  -  MemoryUsage of job (MB)
	188724  -  ResidentSetSize of job (KB)
...
006 (674971.000.000) 09/15 07:48:33 Image size of job updated: 6115464
	185  -  MemoryUsage of job (MB)
	188724  -  ResidentSetSize of job (KB)
...
006 (674971.000.000) 09/15 07:53:35 Image size of job updated: 6193780
	185  -  MemoryUsage of job (MB)
	188724  -  ResidentSetSize of job (KB)
...
006 (674971.000.000) 09/15 07:58:35 Image size of job updated: 6268624
	185  -  MemoryUsage of job (MB)
	188724  -  ResidentSetSize of job (KB)
...
006 (674971.000.000) 09/15 08:03:35 Image size of job updated: 6346772
	185  -  MemoryUsage of job (MB)
	188724  -  ResidentSetSize of job (KB)
...
006 (674971.000.000) 09/15 08:08:36 Image size of job updated: 6429008
	185  -  MemoryUsage of job (MB)
	188724  -  ResidentSetSize of job (KB)
...
006 (674971.000.000) 09/15 08:19:25 Image size of job updated: 6494976
	185  -  MemoryUsage of job (MB)
	188724  -  ResidentSetSize of job (KB)
...
006 (674971.000.000) 09/15 08:40:06 Image size of job updated: 6496432
	185  -  MemoryUsage of job (MB)
	188724  -  ResidentSetSize of job (KB)
...
006 (674971.000.000) 09/15 08:56:21 Image size of job updated: 6729448
	185  -  MemoryUsage of job (MB)
	188724  -  ResidentSetSize of job (KB)
...
006 (674971.000.000) 09/15 09:06:12 Image size of job updated: 6885520
	185  -  MemoryUsage of job (MB)
	188724  -  ResidentSetSize of job (KB)
...
006 (674971.000.000) 09/15 09:12:07 Image size of job updated: 6978984
	185  -  MemoryUsage of job (MB)
	188724  -  ResidentSetSize of job (KB)
...
006 (674971.000.000) 09/15 09:17:07 Image size of job updated: 7058392
	185  -  MemoryUsage of job (MB)
	188724  -  ResidentSetSize of job (KB)
...
006 (674971.000.000) 09/15 09:22:07 Image size of job updated: 7136820
	185  -  MemoryUsage of job (MB)
	188724  -  ResidentSetSize of job (KB)
...
006 (674971.000.000) 09/15 09:27:09 Image size of job updated: 7214484
	185  -  MemoryUsage of job (MB)
	188724  -  ResidentSetSize of job (KB)
...
006 (674971.000.000) 09/15 09:32:09 Image size of job updated: 7290204
	185  -  MemoryUsage of job (MB)
	188724  -  ResidentSetSize of job (KB)
...
006 (674971.000.000) 09/15 09:37:09 Image size of job updated: 7367064
	185  -  MemoryUsage of job (MB)
	188724  -  ResidentSetSize of job (KB)
...
006 (674971.000.000) 09/15 09:42:10 Image size of job updated: 7443196
	185  -  MemoryUsage of job (MB)
	188724  -  ResidentSetSize of job (KB)
...
006 (674971.000.000) 09/15 09:56:53 Image size of job updated: 7452016
	185  -  MemoryUsage of job (MB)
	188724  -  ResidentSetSize of job (KB)
...
006 (674971.000.000) 09/15 11:03:13 Image size of job updated: 8103464
	185  -  MemoryUsage of job (MB)
	188724  -  ResidentSetSize of job (KB)
...
006 (674971.000.000) 09/15 12:00:00 Image size of job updated: 8712268
	185  -  MemoryUsage of job (MB)
	188724  -  ResidentSetSize of job (KB)
...
022 (674971.000.000) 09/15 12:37:43 Job disconnected, attempting to reconnect
    Socket between submit and execute hosts closed unexpectedly
    Trying to reconnect to slot1_1@c-1-6 <140.160.143.157:9618?addrs=140.160.143.157-9618&noUDP&sock=4484_2bf8_3>
...
024 (674971.000.000) 09/15 13:17:43 Job reconnection failed
    Job disconnected too long: JobLeaseDuration (2400 seconds) expired
    Can not reconnect to slot1_1@c-1-6, rescheduling job
...
001 (674971.000.000) 09/15 14:11:11 Job executing on host: <140.160.143.152:9618?addrs=140.160.143.152-9618&noUDP&sock=4519_8cf9_3>
...
006 (674971.000.000) 09/15 14:31:22 Image size of job updated: 10000000
	242  -  MemoryUsage of job (MB)
	247212  -  ResidentSetSize of job (KB)
...
006 (674971.000.000) 09/15 14:36:22 Image size of job updated: 10000000
	260  -  MemoryUsage of job (MB)
	265836  -  ResidentSetSize of job (KB)
...
006 (674971.000.000) 09/16 02:42:37 Image size of job updated: 11535028
	260  -  MemoryUsage of job (MB)
	265836  -  ResidentSetSize of job (KB)
...
006 (674971.000.000) 09/16 02:47:38 Image size of job updated: 11610460
	260  -  MemoryUsage of job (MB)
	265836  -  ResidentSetSize of job (KB)
...
006 (674971.000.000) 09/16 02:52:38 Image size of job updated: 11679984
	260  -  MemoryUsage of job (MB)
	265836  -  ResidentSetSize of job (KB)
...
006 (674971.000.000) 09/16 02:57:38 Image size of job updated: 11752168
	260  -  MemoryUsage of job (MB)
	265836  -  ResidentSetSize of job (KB)
...
006 (674971.000.000) 09/16 03:02:39 Image size of job updated: 11827964
	260  -  MemoryUsage of job (MB)
	265836  -  ResidentSetSize of job (KB)
...
006 (674971.000.000) 09/16 03:07:39 Image size of job updated: 11900232
	260  -  MemoryUsage of job (MB)
	265836  -  ResidentSetSize of job (KB)
...
006 (674971.000.000) 09/16 03:12:39 Image size of job updated: 11971968
	260  -  MemoryUsage of job (MB)
	265836  -  ResidentSetSize of job (KB)
...
006 (674971.000.000) 09/16 03:17:40 Image size of job updated: 12047456
	260  -  MemoryUsage of job (MB)
	265836  -  ResidentSetSize of job (KB)
...
006 (674971.000.000) 09/16 03:22:41 Image size of job updated: 12123392
	260  -  MemoryUsage of job (MB)
	265836  -  ResidentSetSize of job (KB)
...
006 (674971.000.000) 09/16 03:27:41 Image size of job updated: 12196472
	260  -  MemoryUsage of job (MB)
	265836  -  ResidentSetSize of job (KB)
...
006 (674971.000.000) 09/16 03:32:42 Image size of job updated: 12270112
	260  -  MemoryUsage of job (MB)
	265836  -  ResidentSetSize of job (KB)
...
006 (674971.000.000) 09/16 03:37:43 Image size of job updated: 12344788
	260  -  MemoryUsage of job (MB)
	265836  -  ResidentSetSize of job (KB)
...
006 (674971.000.000) 09/16 03:42:43 Image size of job updated: 12418288
	260  -  MemoryUsage of job (MB)
	265836  -  ResidentSetSize of job (KB)
...
006 (674971.000.000) 09/16 03:47:43 Image size of job updated: 12492376
	260  -  MemoryUsage of job (MB)
	265836  -  ResidentSetSize of job (KB)
...
006 (674971.000.000) 09/16 03:52:44 Image size of job updated: 12566436
	260  -  MemoryUsage of job (MB)
	265836  -  ResidentSetSize of job (KB)
...
006 (674971.000.000) 09/16 03:57:45 Image size of job updated: 12644052
	260  -  MemoryUsage of job (MB)
	265836  -  ResidentSetSize of job (KB)
...
006 (674971.000.000) 09/16 04:02:45 Image size of job updated: 12717860
	260  -  MemoryUsage of job (MB)
	265836  -  ResidentSetSize of job (KB)
...
006 (674971.000.000) 09/16 04:07:46 Image size of job updated: 12790576
	260  -  MemoryUsage of job (MB)
	265836  -  ResidentSetSize of job (KB)
...
006 (674971.000.000) 09/16 04:12:47 Image size of job updated: 12863936
	260  -  MemoryUsage of job (MB)
	265836  -  ResidentSetSize of job (KB)
...
006 (674971.000.000) 09/16 04:17:47 Image size of job updated: 12938276
	260  -  MemoryUsage of job (MB)
	265836  -  ResidentSetSize of job (KB)
...
006 (674971.000.000) 09/16 04:22:48 Image size of job updated: 13005140
	260  -  MemoryUsage of job (MB)
	265836  -  ResidentSetSize of job (KB)
...
006 (674971.000.000) 09/16 04:27:49 Image size of job updated: 13080096
	260  -  MemoryUsage of job (MB)
	265836  -  ResidentSetSize of job (KB)
...
006 (674971.000.000) 09/16 04:32:49 Image size of job updated: 13153736
	260  -  MemoryUsage of job (MB)
	265836  -  ResidentSetSize of job (KB)
...
006 (674971.000.000) 09/16 04:37:49 Image size of job updated: 13230148
	260  -  MemoryUsage of job (MB)
	265836  -  ResidentSetSize of job (KB)
...
006 (674971.000.000) 09/16 04:42:50 Image size of job updated: 13306644
	260  -  MemoryUsage of job (MB)
	265836  -  ResidentSetSize of job (KB)
...
006 (674971.000.000) 09/16 04:47:50 Image size of job updated: 13383364
	260  -  MemoryUsage of job (MB)
	265836  -  ResidentSetSize of job (KB)
...
006 (674971.000.000) 09/16 04:52:50 Image size of job updated: 13459916
	260  -  MemoryUsage of job (MB)
	265836  -  ResidentSetSize of job (KB)
...
006 (674971.000.000) 09/16 04:57:51 Image size of job updated: 13537924
	260  -  MemoryUsage of job (MB)
	265836  -  ResidentSetSize of job (KB)
...
006 (674971.000.000) 09/16 05:02:52 Image size of job updated: 13615288
	260  -  MemoryUsage of job (MB)
	265836  -  ResidentSetSize of job (KB)
...
006 (674971.000.000) 09/16 05:07:52 Image size of job updated: 13690608
	260  -  MemoryUsage of job (MB)
	265836  -  ResidentSetSize of job (KB)
...
006 (674971.000.000) 09/16 05:12:52 Image size of job updated: 13768336
	260  -  MemoryUsage of job (MB)
	265836  -  ResidentSetSize of job (KB)
...
006 (674971.000.000) 09/16 05:17:53 Image size of job updated: 13845812
	260  -  MemoryUsage of job (MB)
	265836  -  ResidentSetSize of job (KB)
...
006 (674971.000.000) 09/16 05:22:53 Image size of job updated: 13920964
	260  -  MemoryUsage of job (MB)
	265836  -  ResidentSetSize of job (KB)
...
006 (674971.000.000) 09/16 05:27:53 Image size of job updated: 13997488
	260  -  MemoryUsage of job (MB)
	265836  -  ResidentSetSize of job (KB)
...
006 (674971.000.000) 09/16 05:32:54 Image size of job updated: 14074824
	260  -  MemoryUsage of job (MB)
	265836  -  ResidentSetSize of job (KB)
...
006 (674971.000.000) 09/16 05:37:55 Image size of job updated: 14149500
	260  -  MemoryUsage of job (MB)
	265836  -  ResidentSetSize of job (KB)
...
006 (674971.000.000) 09/16 05:42:55 Image size of job updated: 14223952
	260  -  MemoryUsage of job (MB)
	265836  -  ResidentSetSize of job (KB)
...
006 (674971.000.000) 09/16 05:47:56 Image size of job updated: 14300140
	260  -  MemoryUsage of job (MB)
	265836  -  ResidentSetSize of job (KB)
...
006 (674971.000.000) 09/16 05:52:57 Image size of job updated: 14374648
	260  -  MemoryUsage of job (MB)
	265836  -  ResidentSetSize of job (KB)
...
006 (674971.000.000) 09/16 05:57:57 Image size of job updated: 14450136
	260  -  MemoryUsage of job (MB)
	265836  -  ResidentSetSize of job (KB)
...
006 (674971.000.000) 09/16 06:02:57 Image size of job updated: 14526660
	260  -  MemoryUsage of job (MB)
	265836  -  ResidentSetSize of job (KB)
...
006 (674971.000.000) 09/16 06:07:20 Image size of job updated: 14581680
	260  -  MemoryUsage of job (MB)
	265836  -  ResidentSetSize of job (KB)
...
005 (674971.000.000) 09/16 06:07:20 Job terminated.
	(0) Abnormal termination (signal 9)
	(0) No core file
		Usr 0 00:24:21, Sys 0 00:11:03  -  Run Remote Usage
		Usr 0 00:00:00, Sys 0 00:00:00  -  Run Local Usage
		Usr 0 00:24:21, Sys 0 00:11:03  -  Total Remote Usage
		Usr 0 00:00:00, Sys 0 00:00:00  -  Total Local Usage
	0  -  Run Bytes Sent By Job
	0  -  Run Bytes Received By Job
	0  -  Total Bytes Sent By Job
	0  -  Total Bytes Received By Job
	Partitionable Resources :    Usage  Request Allocated 
	   Cpus                 :     1.94        2         2 
	   Disk (KB)            :   150         150     17651 
	   Memory (MB)          :   260         196       256 
...
000 (192.000.000) 10/21 16:26:36 Job submitted from host: <140.160.143.131:9618?addrs=140.160.143.131-9618&noUDP&sock=2776_aefe_4>
...
001 (192.000.000) 10/21 16:26:38 Job executing on host: <140.160.143.141:9618?addrs=140.160.143.141-9618&noUDP&sock=1474_9eb0_3>
...
006 (192.000.000) 10/21 16:26:47 Image size of job updated: 916
	1  -  MemoryUsage of job (MB)
	916  -  ResidentSetSize of job (KB)
...
006 (192.000.000) 10/21 17:06:52 Image size of job updated: 920
	1  -  MemoryUsage of job (MB)
	920  -  ResidentSetSize of job (KB)
...
005 (192.000.000) 10/21 23:04:57 Job terminated.
	(1) Normal termination (return value 0)
		Usr 0 10:48:25, Sys 0 02:28:12  -  Run Remote Usage
		Usr 0 00:00:00, Sys 0 00:00:00  -  Run Local Usage
		Usr 0 10:48:25, Sys 0 02:28:12  -  Total Remote Usage
		Usr 0 00:00:00, Sys 0 00:00:00  -  Total Local Usage
	0  -  Run Bytes Sent By Job
	0  -  Run Bytes Received By Job
	0  -  Total Bytes Sent By Job
	0  -  Total Bytes Received By Job
	Partitionable Resources :    Usage  Request Allocated 
	   Cpus                 :     2.00        2         2 
	   Disk (KB)            :   150         150    888012 
	   Memory (MB)          :     1       20480     20480 
...
