000 (674355.000.000) 09/14 14:18:48 Job submitted from host: <140.160.143.130:9618?addrs=140.160.143.130-9618&noUDP&sock=5591_da80_4>
...
001 (674355.000.000) 09/14 14:19:05 Job executing on host: <140.160.143.149:9618?addrs=140.160.143.149-9618&noUDP&sock=8214_036a_3>
...
006 (674355.000.000) 09/14 14:19:14 Image size of job updated: 3256
	3  -  MemoryUsage of job (MB)
	2560  -  ResidentSetSize of job (KB)
...
004 (674355.000.000) 09/14 14:20:43 Job was evicted.
	(0) Job was not checkpointed.
		Usr 0 00:02:03, Sys 0 00:00:53  -  Run Remote Usage
		Usr 0 00:00:00, Sys 0 00:00:00  -  Run Local Usage
	0  -  Run Bytes Sent By Job
	0  -  Run Bytes Received By Job
	Partitionable Resources :    Usage  Request Allocated 
	   Cpus                 :     1.94        2         2 
	   Disk (KB)            :   150         150     18162 
	   Gpus                 :                           0 
	   Memory (MB)          :     3           1       128 
...
009 (674355.000.000) 09/14 14:20:43 Job was aborted by the user.
	via condor_rm (by user scoggim)
...
000 (674499.000.000) 09/14 14:25:56 Job submitted from host: <140.160.143.130:9618?addrs=140.160.143.130-9618&noUDP&sock=5591_da80_4>
...
001 (674499.000.000) 09/14 14:25:56 Job executing on host: <140.160.143.153:9618?addrs=140.160.143.153-9618&noUDP&sock=4484_8b29_3>
...
006 (674499.000.000) 09/14 14:26:05 Image size of job updated: 3552
	4  -  MemoryUsage of job (MB)
	3552  -  ResidentSetSize of job (KB)
...
000 (674643.000.000) 09/14 14:26:38 Job submitted from host: <140.160.143.130:9618?addrs=140.160.143.130-9618&noUDP&sock=5591_da80_4>
...
000 (674787.000.000) 09/14 14:27:37 Job submitted from host: <140.160.143.130:9618?addrs=140.160.143.130-9618&noUDP&sock=5591_da80_4>
...
006 (674499.000.000) 09/14 14:31:06 Image size of job updated: 87004
	85  -  MemoryUsage of job (MB)
	87004  -  ResidentSetSize of job (KB)
...
006 (674499.000.000) 09/14 14:36:06 Image size of job updated: 170248
	167  -  MemoryUsage of job (MB)
	170248  -  ResidentSetSize of job (KB)
...
006 (674499.000.000) 09/14 14:41:06 Image size of job updated: 248488
	243  -  MemoryUsage of job (MB)
	248488  -  ResidentSetSize of job (KB)
...
006 (674499.000.000) 09/14 14:46:08 Image size of job updated: 333348
	326  -  MemoryUsage of job (MB)
	333348  -  ResidentSetSize of job (KB)
...
006 (674499.000.000) 09/14 14:46:33 Image size of job updated: 340320
	326  -  MemoryUsage of job (MB)
	333348  -  ResidentSetSize of job (KB)
...
004 (674499.000.000) 09/14 14:46:33 Job was evicted.
	(0) Job was not checkpointed.
		Usr 0 00:29:08, Sys 0 00:11:44  -  Run Remote Usage
		Usr 0 00:00:00, Sys 0 00:00:00  -  Run Local Usage
	0  -  Run Bytes Sent By Job
	0  -  Run Bytes Received By Job
	Partitionable Resources :    Usage  Request Allocated 
	   Cpus                 :     2.00        2         2 
	   Disk (KB)            :   150         150     17609 
	   Memory (MB)          :   326           1       128 
...
009 (674499.000.000) 09/14 14:46:33 Job was aborted by the user.
	via condor_rm (by user scoggim)
...
009 (674787.000.000) 09/14 14:46:33 Job was aborted by the user.
	via condor_rm (by user scoggim)
...
009 (674643.000.000) 09/14 14:46:33 Job was aborted by the user.
	via condor_rm (by user scoggim)
...
000 (674967.000.000) 09/14 22:20:23 Job submitted from host: <140.160.143.130:9618?addrs=140.160.143.130-9618&noUDP&sock=5591_da80_4>
...
001 (674967.000.000) 09/14 22:20:24 Job executing on host: <140.160.143.157:9618?addrs=140.160.143.157-9618&noUDP&sock=4484_2bf8_3>
...
006 (674967.000.000) 09/14 22:20:32 Image size of job updated: 2564
	3  -  MemoryUsage of job (MB)
	2564  -  ResidentSetSize of job (KB)
...
006 (674967.000.000) 09/14 22:25:32 Image size of job updated: 66052
	65  -  MemoryUsage of job (MB)
	66052  -  ResidentSetSize of job (KB)
...
006 (674967.000.000) 09/14 22:30:33 Image size of job updated: 132440
	130  -  MemoryUsage of job (MB)
	132440  -  ResidentSetSize of job (KB)
...
006 (674967.000.000) 09/14 22:35:34 Image size of job updated: 197924
	194  -  MemoryUsage of job (MB)
	197924  -  ResidentSetSize of job (KB)
...
006 (674967.000.000) 09/14 22:40:34 Image size of job updated: 234740
	230  -  MemoryUsage of job (MB)
	234740  -  ResidentSetSize of job (KB)
...
006 (674967.000.000) 09/15 07:21:25 Image size of job updated: 8656856
	230  -  MemoryUsage of job (MB)
	234740  -  ResidentSetSize of job (KB)
...
006 (674967.000.000) 09/15 07:26:25 Image size of job updated: 8735312
	230  -  MemoryUsage of job (MB)
	234740  -  ResidentSetSize of job (KB)
...
006 (674967.000.000) 09/15 07:31:26 Image size of job updated: 8813516
	230  -  MemoryUsage of job (MB)
	234740  -  ResidentSetSize of job (KB)
...
006 (674967.000.000) 09/15 07:36:27 Image size of job updated: 8891860
	230  -  MemoryUsage of job (MB)
	234740  -  ResidentSetSize of job (KB)
...
006 (674967.000.000) 09/15 07:41:27 Image size of job updated: 8971408
	230  -  MemoryUsage of job (MB)
	234740  -  ResidentSetSize of job (KB)
...
006 (674967.000.000) 09/15 07:46:27 Image size of job updated: 9049444
	230  -  MemoryUsage of job (MB)
	234740  -  ResidentSetSize of job (KB)
...
006 (674967.000.000) 09/15 07:51:29 Image size of job updated: 9126892
	230  -  MemoryUsage of job (MB)
	234740  -  ResidentSetSize of job (KB)
...
006 (674967.000.000) 09/15 07:56:29 Image size of job updated: 9205600
	230  -  MemoryUsage of job (MB)
	234740  -  ResidentSetSize of job (KB)
...
006 (674967.000.000) 09/15 08:01:29 Image size of job updated: 9283860
	230  -  MemoryUsage of job (MB)
	234740  -  ResidentSetSize of job (KB)
...
006 (674967.000.000) 09/15 08:06:30 Image size of job updated: 9360888
	230  -  MemoryUsage of job (MB)
	234740  -  ResidentSetSize of job (KB)
...
006 (674967.000.000) 09/15 08:11:31 Image size of job updated: 9439036
	230  -  MemoryUsage of job (MB)
	234740  -  ResidentSetSize of job (KB)
...
006 (674967.000.000) 09/15 08:19:25 Image size of job updated: 9461856
	230  -  MemoryUsage of job (MB)
	234740  -  ResidentSetSize of job (KB)
...
006 (674967.000.000) 09/15 08:34:24 Image size of job updated: 9463256
	230  -  MemoryUsage of job (MB)
	234740  -  ResidentSetSize of job (KB)
...
006 (674967.000.000) 09/15 08:56:00 Image size of job updated: 9684932
	230  -  MemoryUsage of job (MB)
	234740  -  ResidentSetSize of job (KB)
...
006 (674967.000.000) 09/15 09:10:49 Image size of job updated: 9909716
	230  -  MemoryUsage of job (MB)
	234740  -  ResidentSetSize of job (KB)
...
006 (674967.000.000) 09/15 09:19:42 Image size of job updated: 10042744
	230  -  MemoryUsage of job (MB)
	234740  -  ResidentSetSize of job (KB)
...
006 (674967.000.000) 09/15 09:25:03 Image size of job updated: 10127864
	230  -  MemoryUsage of job (MB)
	234740  -  ResidentSetSize of job (KB)
...
006 (674967.000.000) 09/15 09:30:04 Image size of job updated: 10205676
	230  -  MemoryUsage of job (MB)
	234740  -  ResidentSetSize of job (KB)
...
006 (674967.000.000) 09/15 09:35:04 Image size of job updated: 10282396
	230  -  MemoryUsage of job (MB)
	234740  -  ResidentSetSize of job (KB)
...
006 (674967.000.000) 09/15 09:40:05 Image size of job updated: 10358836
	230  -  MemoryUsage of job (MB)
	234740  -  ResidentSetSize of job (KB)
...
006 (674967.000.000) 09/15 09:56:53 Image size of job updated: 10399288
	230  -  MemoryUsage of job (MB)
	234740  -  ResidentSetSize of job (KB)
...
006 (674967.000.000) 09/15 11:09:41 Image size of job updated: 11128900
	230  -  MemoryUsage of job (MB)
	234740  -  ResidentSetSize of job (KB)
...
006 (674967.000.000) 09/15 12:07:34 Image size of job updated: 11653188
	230  -  MemoryUsage of job (MB)
	234740  -  ResidentSetSize of job (KB)
...
022 (674967.000.000) 09/15 12:37:43 Job disconnected, attempting to reconnect
    Socket between submit and execute hosts closed unexpectedly
    Trying to reconnect to slot1_12@c-1-6 <140.160.143.157:9618?addrs=140.160.143.157-9618&noUDP&sock=4484_2bf8_3>
...
024 (674967.000.000) 09/15 13:17:43 Job reconnection failed
    Job disconnected too long: JobLeaseDuration (2400 seconds) expired
    Can not reconnect to slot1_12@c-1-6, rescheduling job
...
001 (674967.000.000) 09/15 14:11:11 Job executing on host: <140.160.143.152:9618?addrs=140.160.143.152-9618&noUDP&sock=4519_8cf9_3>
...
006 (674967.000.000) 09/15 14:36:22 Image size of job updated: 12500000
	250  -  MemoryUsage of job (MB)
	255040  -  ResidentSetSize of job (KB)
...
006 (674967.000.000) 09/16 03:42:37 Image size of job updated: 12500492
	250  -  MemoryUsage of job (MB)
	255040  -  ResidentSetSize of job (KB)
...
006 (674967.000.000) 09/16 03:47:38 Image size of job updated: 12571052
	250  -  MemoryUsage of job (MB)
	255040  -  ResidentSetSize of job (KB)
...
006 (674967.000.000) 09/16 03:52:38 Image size of job updated: 12645644
	250  -  MemoryUsage of job (MB)
	255040  -  ResidentSetSize of job (KB)
...
006 (674967.000.000) 09/16 03:57:38 Image size of job updated: 12723904
	250  -  MemoryUsage of job (MB)
	255040  -  ResidentSetSize of job (KB)
...
006 (674967.000.000) 09/16 04:02:39 Image size of job updated: 12802612
	250  -  MemoryUsage of job (MB)
	255040  -  ResidentSetSize of job (KB)
...
006 (674967.000.000) 09/16 04:07:39 Image size of job updated: 12880592
	250  -  MemoryUsage of job (MB)
	255040  -  ResidentSetSize of job (KB)
...
006 (674967.000.000) 09/16 04:12:39 Image size of job updated: 12958404
	250  -  MemoryUsage of job (MB)
	255040  -  ResidentSetSize of job (KB)
...
006 (674967.000.000) 09/16 04:17:40 Image size of job updated: 13035796
	250  -  MemoryUsage of job (MB)
	255040  -  ResidentSetSize of job (KB)
...
006 (674967.000.000) 09/16 04:20:16 Image size of job updated: 13071132
	250  -  MemoryUsage of job (MB)
	255040  -  ResidentSetSize of job (KB)
...
005 (674967.000.000) 09/16 04:20:16 Job terminated.
	(0) Abnormal termination (signal 9)
	(0) No core file
		Usr 0 00:24:16, Sys 0 00:10:39  -  Run Remote Usage
		Usr 0 00:00:00, Sys 0 00:00:00  -  Run Local Usage
		Usr 0 00:24:16, Sys 0 00:10:39  -  Total Remote Usage
		Usr 0 00:00:00, Sys 0 00:00:00  -  Total Local Usage
	0  -  Run Bytes Sent By Job
	0  -  Run Bytes Received By Job
	0  -  Total Bytes Sent By Job
	0  -  Total Bytes Received By Job
	Partitionable Resources :    Usage  Request Allocated 
	   Cpus                 :     1.91        2         2 
	   Disk (KB)            :   150         150     17651 
	   Memory (MB)          :   250         245       256 
...
000 (189.000.000) 10/21 16:26:36 Job submitted from host: <140.160.143.131:9618?addrs=140.160.143.131-9618&noUDP&sock=2776_aefe_4>
...
001 (189.000.000) 10/21 16:26:38 Job executing on host: <140.160.143.144:9618?addrs=140.160.143.144-9618&noUDP&sock=1354_4f52_3>
...
006 (189.000.000) 10/21 16:26:47 Image size of job updated: 912
	1  -  MemoryUsage of job (MB)
	912  -  ResidentSetSize of job (KB)
...
006 (189.000.000) 10/21 16:46:49 Image size of job updated: 916
	1  -  MemoryUsage of job (MB)
	916  -  ResidentSetSize of job (KB)
...
005 (189.000.000) 10/21 22:42:07 Job terminated.
	(1) Normal termination (return value 0)
		Usr 0 10:11:49, Sys 0 02:19:08  -  Run Remote Usage
		Usr 0 00:00:00, Sys 0 00:00:00  -  Run Local Usage
		Usr 0 10:11:49, Sys 0 02:19:08  -  Total Remote Usage
		Usr 0 00:00:00, Sys 0 00:00:00  -  Total Local Usage
	0  -  Run Bytes Sent By Job
	0  -  Run Bytes Received By Job
	0  -  Total Bytes Sent By Job
	0  -  Total Bytes Received By Job
	Partitionable Resources :    Usage  Request Allocated 
	   Cpus                 :     2.00        2         2 
	   Disk (KB)            :   150         150    888004 
	   Memory (MB)          :     1       20480     20480 
...
