000 (2059.001.000) 03/05 16:54:49 Job submitted from host: <140.160.143.131:9618?addrs=140.160.143.131-9618&noUDP&sock=1229063_9141_4>
...
001 (2059.001.000) 03/05 18:41:53 Job executing on host: <140.160.143.146:9618?addrs=140.160.143.146-9618&noUDP&sock=8112_bc5a_3>
...
006 (2059.001.000) 03/05 18:42:02 Image size of job updated: 2352
	3  -  MemoryUsage of job (MB)
	2216  -  ResidentSetSize of job (KB)
...
006 (2059.001.000) 03/05 18:47:03 Image size of job updated: 2356
	3  -  MemoryUsage of job (MB)
	2220  -  ResidentSetSize of job (KB)
...
006 (2059.001.000) 03/05 19:27:06 Image size of job updated: 2464
	3  -  MemoryUsage of job (MB)
	2328  -  ResidentSetSize of job (KB)
...
006 (2059.001.000) 03/05 19:42:07 Image size of job updated: 4980
	3  -  MemoryUsage of job (MB)
	2328  -  ResidentSetSize of job (KB)
...
006 (2059.001.000) 03/05 19:47:01 Image size of job updated: 4992
	3  -  MemoryUsage of job (MB)
	2328  -  ResidentSetSize of job (KB)
...
004 (2059.001.000) 03/05 19:47:01 Job was evicted.
	(0) Job was not checkpointed.
		Usr 0 01:48:01, Sys 0 00:21:55  -  Run Remote Usage
		Usr 0 00:00:00, Sys 0 00:00:00  -  Run Local Usage
	0  -  Run Bytes Sent By Job
	0  -  Run Bytes Received By Job
	Partitionable Resources :    Usage  Request Allocated 
	   Cpus                 :     2.00        2         2 
	   Disk (KB)            :   175         175    881834 
	   Memory (MB)          :     3           1       128 
...
009 (2059.001.000) 03/05 19:47:01 Job was aborted by the user.
	via condor_rm (by user scoggim)
...
000 (2064.001.000) 03/05 20:07:44 Job submitted from host: <140.160.143.131:9618?addrs=140.160.143.131-9618&noUDP&sock=1229063_9141_4>
...
009 (2064.001.000) 03/05 20:07:52 Job was aborted by the user.
	via condor_rm (by user scoggim)
...
000 (2095.001.000) 03/05 20:16:30 Job submitted from host: <140.160.143.131:9618?addrs=140.160.143.131-9618&noUDP&sock=1229063_9141_4>
...
009 (2095.001.000) 03/15 01:14:48 Job was aborted by the user.
	via condor_rm (by user scoggim)
...
000 (2131.001.000) 03/15 01:18:29 Job submitted from host: <140.160.143.131:9618?addrs=140.160.143.131-9618&noUDP&sock=1229063_9141_4>
...
001 (2131.001.000) 03/15 01:25:28 Job executing on host: <140.160.143.147:9618?addrs=140.160.143.147-9618&noUDP&sock=28833_9e45_3>
...
006 (2131.001.000) 03/15 01:25:36 Image size of job updated: 11880
	3  -  MemoryUsage of job (MB)
	2488  -  ResidentSetSize of job (KB)
...
006 (2131.001.000) 03/15 01:30:36 Image size of job updated: 11892
	3  -  MemoryUsage of job (MB)
	2488  -  ResidentSetSize of job (KB)
...
006 (2131.001.000) 03/15 02:00:38 Image size of job updated: 12004
	3  -  MemoryUsage of job (MB)
	2600  -  ResidentSetSize of job (KB)
...
005 (2131.001.000) 03/15 06:15:04 Job terminated.
	(1) Normal termination (return value 0)
		Usr 0 13:23:04, Sys 0 05:53:13  -  Run Remote Usage
		Usr 0 00:00:00, Sys 0 00:00:00  -  Run Local Usage
		Usr 0 13:23:04, Sys 0 05:53:13  -  Total Remote Usage
		Usr 0 00:00:00, Sys 0 00:00:00  -  Total Local Usage
	0  -  Run Bytes Sent By Job
	0  -  Run Bytes Received By Job
	0  -  Total Bytes Sent By Job
	0  -  Total Bytes Received By Job
	Partitionable Resources :    Usage  Request Allocated 
	   Cpus                 :     4.00        4         4 
	   Disk (KB)            :   175         175    197501 
	   Memory (MB)          :     3           1       128 
...
