000 (2133.159.000) 03/25 10:58:12 Job submitted from host: <140.160.143.131:9618?addrs=140.160.143.131-9618&noUDP&sock=3219958_f11d_13>
...
001 (2133.159.000) 03/25 18:17:19 Job executing on host: <140.160.143.146:9618?addrs=140.160.143.146-9618&noUDP&sock=23249_756d_3>
...
006 (2133.159.000) 03/25 18:17:28 Image size of job updated: 1564
	1  -  MemoryUsage of job (MB)
	984  -  ResidentSetSize of job (KB)
...
006 (2133.159.000) 03/25 18:22:29 Image size of job updated: 1568
	1  -  MemoryUsage of job (MB)
	988  -  ResidentSetSize of job (KB)
...
006 (2133.159.000) 03/25 18:27:30 Image size of job updated: 1576
	1  -  MemoryUsage of job (MB)
	988  -  ResidentSetSize of job (KB)
...
006 (2133.159.000) 03/25 18:32:30 Image size of job updated: 1932
	1  -  MemoryUsage of job (MB)
	988  -  ResidentSetSize of job (KB)
...
006 (2133.159.000) 03/25 18:42:32 Image size of job updated: 1976
	1  -  MemoryUsage of job (MB)
	988  -  ResidentSetSize of job (KB)
...
005 (2133.159.000) 03/25 18:53:52 Job terminated.
	(1) Normal termination (return value 0)
		Usr 0 01:32:00, Sys 0 00:53:52  -  Run Remote Usage
		Usr 0 00:00:00, Sys 0 00:00:00  -  Run Local Usage
		Usr 0 01:32:00, Sys 0 00:53:52  -  Total Remote Usage
		Usr 0 00:00:00, Sys 0 00:00:00  -  Total Local Usage
	0  -  Run Bytes Sent By Job
	0  -  Run Bytes Received By Job
	0  -  Total Bytes Sent By Job
	0  -  Total Bytes Received By Job
	Partitionable Resources :    Usage  Request Allocated 
	   Cpus                 :     3.99        4         4 
	   Disk (KB)            :   175         175    881144 
	   Memory (MB)          :     1           1       128 
...
