000 (2267.773.000) 04/28 23:44:32 Job submitted from host: <140.160.143.131:9618?addrs=140.160.143.131-9618&noUDP&sock=3131910_565e_30>
...
000 (2268.773.000) 04/28 23:46:20 Job submitted from host: <140.160.143.131:9618?addrs=140.160.143.131-9618&noUDP&sock=3131910_565e_30>
...
001 (2267.773.000) 05/01 12:15:27 Job executing on host: <140.160.143.164:9618?addrs=140.160.143.164-9618&noUDP&sock=59457_2292_3>
...
006 (2267.773.000) 05/01 12:15:36 Image size of job updated: 2712
	3  -  MemoryUsage of job (MB)
	2712  -  ResidentSetSize of job (KB)
...
006 (2267.773.000) 05/01 12:20:37 Image size of job updated: 2716
	3  -  MemoryUsage of job (MB)
	2716  -  ResidentSetSize of job (KB)
...
005 (2267.773.000) 05/03 04:57:35 Job terminated.
	(1) Normal termination (return value 0)
		Usr 4 04:19:38, Sys 2 14:24:34  -  Run Remote Usage
		Usr 0 00:00:00, Sys 0 00:00:00  -  Run Local Usage
		Usr 4 04:19:38, Sys 2 14:24:34  -  Total Remote Usage
		Usr 0 00:00:00, Sys 0 00:00:00  -  Total Local Usage
	0  -  Run Bytes Sent By Job
	0  -  Run Bytes Received By Job
	0  -  Total Bytes Sent By Job
	0  -  Total Bytes Received By Job
	Partitionable Resources :    Usage  Request Allocated 
	   Cpus                 :     4.00        4         4 
	   Disk (KB)            :   175         175    844642 
	   Memory (MB)          :     3           1       128 
...
009 (2268.773.000) 05/11 09:58:41 Job was aborted by the user.
	via condor_rm (by user scoggim)
...
000 (2400.097.000) 05/11 12:37:09 Job submitted from host: <140.160.143.131:9618?addrs=140.160.143.131-9618&noUDP&sock=3131910_565e_30>
...
001 (2400.097.000) 05/11 12:37:14 Job executing on host: <140.160.143.140:9618?addrs=140.160.143.140-9618&noUDP&sock=13320_fd95_3>
...
006 (2400.097.000) 05/11 12:37:23 Image size of job updated: 2056
	3  -  MemoryUsage of job (MB)
	2056  -  ResidentSetSize of job (KB)
...
005 (2400.097.000) 05/13 21:00:59 Job terminated.
	(1) Normal termination (return value 0)
		Usr 2 08:18:24, Sys 0 00:00:04  -  Run Remote Usage
		Usr 0 00:00:00, Sys 0 00:00:00  -  Run Local Usage
		Usr 2 08:18:24, Sys 0 00:00:04  -  Total Remote Usage
		Usr 0 00:00:00, Sys 0 00:00:00  -  Total Local Usage
	0  -  Run Bytes Sent By Job
	0  -  Run Bytes Received By Job
	0  -  Total Bytes Sent By Job
	0  -  Total Bytes Received By Job
	Partitionable Resources :    Usage  Request Allocated 
	   Cpus                 :     1.00        1         1 
	   Disk (KB)            :   175         175    881636 
	   Memory (MB)          :     3           1       128 
...
000 (2511.773.000) 05/27 15:03:29 Job submitted from host: <140.160.143.131:9618?addrs=140.160.143.131-9618&noUDP&sock=3131910_565e_30>
...
001 (2511.773.000) 05/27 23:29:03 Job executing on host: <140.160.143.141:9618?addrs=140.160.143.141-9618&noUDP&sock=26750_da7f_3>
...
006 (2511.773.000) 05/27 23:29:12 Image size of job updated: 62184
	61  -  MemoryUsage of job (MB)
	62168  -  ResidentSetSize of job (KB)
...
006 (2511.773.000) 05/31 11:42:57 Image size of job updated: 66456
	65  -  MemoryUsage of job (MB)
	65836  -  ResidentSetSize of job (KB)
...
004 (2511.773.000) 05/31 13:14:18 Job was evicted.
	(0) Job was not checkpointed.
		Usr 3 13:36:01, Sys 0 00:00:21  -  Run Remote Usage
		Usr 0 00:00:00, Sys 0 00:00:00  -  Run Local Usage
	0  -  Run Bytes Sent By Job
	0  -  Run Bytes Received By Job
	Partitionable Resources :    Usage  Request Allocated 
	   Cpus                 :     1.00        1         1 
	   Disk (KB)            :   175         175    880943 
	   Memory (MB)          :    65           1       128 
...
009 (2511.773.000) 05/31 13:14:19 Job was aborted by the user.
	via condor_rm (by user scoggim)
...
000 (2516.097.000) 06/02 11:26:46 Job submitted from host: <140.160.143.131:9618?addrs=140.160.143.131-9618&noUDP&sock=3131910_565e_30>
...
001 (2516.097.000) 06/02 11:27:00 Job executing on host: <140.160.143.147:9618?addrs=140.160.143.147-9618&noUDP&sock=26984_5ba8_3>
...
006 (2516.097.000) 06/02 11:27:08 Image size of job updated: 62168
	61  -  MemoryUsage of job (MB)
	62168  -  ResidentSetSize of job (KB)
...
006 (2516.097.000) 06/03 01:05:39 Image size of job updated: 145796
	61  -  MemoryUsage of job (MB)
	62168  -  ResidentSetSize of job (KB)
...
004 (2516.097.000) 06/03 01:05:39 Job was evicted.
	(0) Job was not checkpointed.
		Usr 0 13:37:06, Sys 0 00:00:01  -  Run Remote Usage
		Usr 0 00:00:00, Sys 0 00:00:00  -  Run Local Usage
	0  -  Run Bytes Sent By Job
	0  -  Run Bytes Received By Job
	Partitionable Resources :    Usage  Request Allocated 
	   Cpus                 :     1.00        1         1 
	   Disk (KB)            :   175         175    196727 
	   Memory (MB)          :    61           1       128 
...
009 (2516.097.000) 06/03 01:05:45 Job was aborted by the user.
	via condor_rm (by user scoggim)
...
000 (2523.097.000) 06/03 01:09:43 Job submitted from host: <140.160.143.131:9618?addrs=140.160.143.131-9618&noUDP&sock=3131910_565e_30>
...
009 (2523.097.000) 06/03 01:12:02 Job was aborted by the user.
	via condor_rm (by user scoggim)
...
000 (2524.097.000) 06/03 01:12:07 Job submitted from host: <140.160.143.131:9618?addrs=140.160.143.131-9618&noUDP&sock=3131910_565e_30>
...
009 (2524.097.000) 06/03 11:11:23 Job was aborted by the user.
	via condor_rm (by user scoggim)
...
000 (2525.097.000) 06/03 11:11:41 Job submitted from host: <140.160.143.131:9618?addrs=140.160.143.131-9618&noUDP&sock=3131910_565e_30>
...
001 (2525.097.000) 06/03 11:12:48 Job executing on host: <140.160.143.145:9618?addrs=140.160.143.145-9618&noUDP&sock=29321_587d_3>
...
006 (2525.097.000) 06/03 11:12:56 Image size of job updated: 62172
	61  -  MemoryUsage of job (MB)
	62172  -  ResidentSetSize of job (KB)
...
005 (2525.097.000) 06/04 22:46:46 Job terminated.
	(1) Normal termination (return value 0)
		Usr 1 11:30:29, Sys 0 00:00:04  -  Run Remote Usage
		Usr 0 00:00:00, Sys 0 00:00:00  -  Run Local Usage
		Usr 1 11:30:29, Sys 0 00:00:04  -  Total Remote Usage
		Usr 0 00:00:00, Sys 0 00:00:00  -  Total Local Usage
	0  -  Run Bytes Sent By Job
	0  -  Run Bytes Received By Job
	0  -  Total Bytes Sent By Job
	0  -  Total Bytes Received By Job
	Partitionable Resources :    Usage  Request Allocated 
	   Cpus                 :     1.00        1         1 
	   Disk (KB)            :   175         175    881005 
	   Memory (MB)          :    61           1       128 
...
