000 (2161.069.000) 04/19 11:39:21 Job submitted from host: <140.160.143.131:9618?addrs=140.160.143.131-9618&noUDP&sock=3131910_565e_30>
...
001 (2161.069.000) 04/21 08:38:11 Job executing on host: <140.160.143.164:9618?addrs=140.160.143.164-9618&noUDP&sock=59457_2292_3>
...
006 (2161.069.000) 04/21 08:38:20 Image size of job updated: 4780
	5  -  MemoryUsage of job (MB)
	4780  -  ResidentSetSize of job (KB)
...
006 (2161.069.000) 04/21 10:08:29 Image size of job updated: 5032
	5  -  MemoryUsage of job (MB)
	5032  -  ResidentSetSize of job (KB)
...
005 (2161.069.000) 04/22 10:17:48 Job terminated.
	(1) Normal termination (return value 0)
		Usr 2 19:02:14, Sys 1 11:33:16  -  Run Remote Usage
		Usr 0 00:00:00, Sys 0 00:00:00  -  Run Local Usage
		Usr 2 19:02:14, Sys 1 11:33:16  -  Total Remote Usage
		Usr 0 00:00:00, Sys 0 00:00:00  -  Total Local Usage
	0  -  Run Bytes Sent By Job
	0  -  Run Bytes Received By Job
	0  -  Total Bytes Sent By Job
	0  -  Total Bytes Received By Job
	Partitionable Resources :    Usage  Request Allocated 
	   Cpus                 :     4.00        4         4 
	   Disk (KB)            :   175         175    844642 
	   Memory (MB)          :     5           1       128 
...
000 (2267.1590.000) 04/28 23:44:36 Job submitted from host: <140.160.143.131:9618?addrs=140.160.143.131-9618&noUDP&sock=3131910_565e_30>
...
009 (2267.1590.000) 05/11 12:17:54 Job was aborted by the user.
	via condor_rm (by user scoggim)
...
000 (2400.914.000) 05/11 12:37:10 Job submitted from host: <140.160.143.131:9618?addrs=140.160.143.131-9618&noUDP&sock=3131910_565e_30>
...
001 (2400.914.000) 05/12 19:46:02 Job executing on host: <140.160.143.166:9618?addrs=140.160.143.166-9618&noUDP&sock=14230_2cc4_3>
...
006 (2400.914.000) 05/12 19:46:11 Image size of job updated: 4024
	4  -  MemoryUsage of job (MB)
	4024  -  ResidentSetSize of job (KB)
...
005 (2400.914.000) 05/13 05:51:02 Job terminated.
	(1) Normal termination (return value 0)
		Usr 0 10:04:58, Sys 0 00:00:00  -  Run Remote Usage
		Usr 0 00:00:00, Sys 0 00:00:00  -  Run Local Usage
		Usr 0 10:04:58, Sys 0 00:00:00  -  Total Remote Usage
		Usr 0 00:00:00, Sys 0 00:00:00  -  Total Local Usage
	0  -  Run Bytes Sent By Job
	0  -  Run Bytes Received By Job
	0  -  Total Bytes Sent By Job
	0  -  Total Bytes Received By Job
	Partitionable Resources :    Usage  Request Allocated 
	   Cpus                 :     1.00        1         1 
	   Disk (KB)            :   175         175    844602 
	   Memory (MB)          :     4           1       128 
...
