000 (2059.324.000) 03/05 16:54:49 Job submitted from host: <140.160.143.131:9618?addrs=140.160.143.131-9618&noUDP&sock=1229063_9141_4>
...
009 (2059.324.000) 03/05 19:47:03 Job was aborted by the user.
	via condor_rm (by user scoggim)
...
000 (2131.324.000) 03/15 01:18:30 Job submitted from host: <140.160.143.131:9618?addrs=140.160.143.131-9618&noUDP&sock=1229063_9141_4>
...
001 (2131.324.000) 03/20 23:34:32 Job executing on host: <140.160.143.141:9618?addrs=140.160.143.141-9618&noUDP&sock=23151_3d25_3>
...
006 (2131.324.000) 03/20 23:34:41 Image size of job updated: 5012
	5  -  MemoryUsage of job (MB)
	4752  -  ResidentSetSize of job (KB)
...
006 (2131.324.000) 03/21 00:49:50 Image size of job updated: 5260
	5  -  MemoryUsage of job (MB)
	5000  -  ResidentSetSize of job (KB)
...
005 (2131.324.000) 03/23 02:03:50 Job terminated.
	(1) Normal termination (return value 0)
		Usr 6 02:33:32, Sys 2 07:15:53  -  Run Remote Usage
		Usr 0 00:00:00, Sys 0 00:00:00  -  Run Local Usage
		Usr 6 02:33:32, Sys 2 07:15:53  -  Total Remote Usage
		Usr 0 00:00:00, Sys 0 00:00:00  -  Total Local Usage
	0  -  Run Bytes Sent By Job
	0  -  Run Bytes Received By Job
	0  -  Total Bytes Sent By Job
	0  -  Total Bytes Received By Job
	Partitionable Resources :    Usage  Request Allocated 
	   Cpus                 :     4.00        4         4 
	   Disk (KB)            :   175         175    880963 
	   Memory (MB)          :     5           1       128 
...
