000 (2265.198.000) 04/28 23:41:53 Job submitted from host: <140.160.143.131:9618?addrs=140.160.143.131-9618&noUDP&sock=3131910_565e_30>
...
009 (2265.198.000) 04/28 23:42:33 Job was aborted by the user.
	via condor_rm (by user scoggim)
...
000 (2266.367.000) 04/28 23:43:27 Job submitted from host: <140.160.143.131:9618?addrs=140.160.143.131-9618&noUDP&sock=3131910_565e_30>
...
000 (2267.367.000) 04/28 23:44:31 Job submitted from host: <140.160.143.131:9618?addrs=140.160.143.131-9618&noUDP&sock=3131910_565e_30>
...
000 (2268.367.000) 04/28 23:46:20 Job submitted from host: <140.160.143.131:9618?addrs=140.160.143.131-9618&noUDP&sock=3131910_565e_30>
...
001 (2266.367.000) 04/28 23:46:24 Job executing on host: <140.160.143.141:9618?addrs=140.160.143.141-9618&noUDP&sock=23151_3d25_3>
...
006 (2266.367.000) 04/28 23:46:33 Image size of job updated: 504
	1  -  MemoryUsage of job (MB)
	504  -  ResidentSetSize of job (KB)
...
006 (2266.367.000) 04/28 23:47:08 Image size of job updated: 106548
	1  -  MemoryUsage of job (MB)
	504  -  ResidentSetSize of job (KB)
...
005 (2266.367.000) 04/28 23:47:08 Job terminated.
	(1) Normal termination (return value 0)
		Usr 0 00:00:43, Sys 0 00:00:00  -  Run Remote Usage
		Usr 0 00:00:00, Sys 0 00:00:00  -  Run Local Usage
		Usr 0 00:00:43, Sys 0 00:00:00  -  Total Remote Usage
		Usr 0 00:00:00, Sys 0 00:00:00  -  Total Local Usage
	0  -  Run Bytes Sent By Job
	0  -  Run Bytes Received By Job
	0  -  Total Bytes Sent By Job
	0  -  Total Bytes Received By Job
	Partitionable Resources :    Usage  Request Allocated 
	   Cpus                 :     1.00        1         1 
	   Disk (KB)            :   175         175    880963 
	   Memory (MB)          :     1           1       128 
...
001 (2267.367.000) 04/30 13:53:35 Job executing on host: <140.160.143.140:9618?addrs=140.160.143.140-9618&noUDP&sock=13320_fd95_3>
...
006 (2267.367.000) 04/30 13:53:43 Image size of job updated: 1032
	2  -  MemoryUsage of job (MB)
	1032  -  ResidentSetSize of job (KB)
...
005 (2267.367.000) 04/30 16:09:19 Job terminated.
	(1) Normal termination (return value 0)
		Usr 0 05:02:46, Sys 0 03:59:48  -  Run Remote Usage
		Usr 0 00:00:00, Sys 0 00:00:00  -  Run Local Usage
		Usr 0 05:02:46, Sys 0 03:59:48  -  Total Remote Usage
		Usr 0 00:00:00, Sys 0 00:00:00  -  Total Local Usage
	0  -  Run Bytes Sent By Job
	0  -  Run Bytes Received By Job
	0  -  Total Bytes Sent By Job
	0  -  Total Bytes Received By Job
	Partitionable Resources :    Usage  Request Allocated 
	   Cpus                 :     4.00        4         4 
	   Disk (KB)            :   175         175    881636 
	   Memory (MB)          :     2           1       128 
...
009 (2268.367.000) 05/11 09:58:34 Job was aborted by the user.
	via condor_rm (by user scoggim)
...
000 (2511.367.000) 05/27 15:03:18 Job submitted from host: <140.160.143.131:9618?addrs=140.160.143.131-9618&noUDP&sock=3131910_565e_30>
...
001 (2511.367.000) 05/27 16:42:16 Job executing on host: <140.160.143.167:9618?addrs=140.160.143.167-9618&noUDP&sock=7312_0096_3>
...
006 (2511.367.000) 05/27 16:42:24 Image size of job updated: 3692
	4  -  MemoryUsage of job (MB)
	3692  -  ResidentSetSize of job (KB)
...
006 (2511.367.000) 05/27 16:47:24 Image size of job updated: 3916
	4  -  MemoryUsage of job (MB)
	3916  -  ResidentSetSize of job (KB)
...
005 (2511.367.000) 05/27 18:08:35 Job terminated.
	(1) Normal termination (return value 0)
		Usr 0 01:26:18, Sys 0 00:00:00  -  Run Remote Usage
		Usr 0 00:00:00, Sys 0 00:00:00  -  Run Local Usage
		Usr 0 01:26:18, Sys 0 00:00:00  -  Total Remote Usage
		Usr 0 00:00:00, Sys 0 00:00:00  -  Total Local Usage
	0  -  Run Bytes Sent By Job
	0  -  Run Bytes Received By Job
	0  -  Total Bytes Sent By Job
	0  -  Total Bytes Received By Job
	Partitionable Resources :    Usage  Request Allocated 
	   Cpus                 :     1.00        1         1 
	   Disk (KB)            :   175         175    844567 
	   Memory (MB)          :     4           1       128 
...
000 (2513.367.000) 05/31 13:37:10 Job submitted from host: <140.160.143.131:9618?addrs=140.160.143.131-9618&noUDP&sock=3131910_565e_30>
...
009 (2513.367.000) 05/31 15:23:50 Job was aborted by the user.
	via condor_rm (by user scoggim)
...
000 (2514.367.000) 05/31 15:29:20 Job submitted from host: <140.160.143.131:9618?addrs=140.160.143.131-9618&noUDP&sock=3131910_565e_30>
...
009 (2514.367.000) 06/01 11:47:16 Job was aborted by the user.
	via condor_rm (by user scoggim)
...
000 (2515.367.000) 06/01 11:47:43 Job submitted from host: <140.160.143.131:9618?addrs=140.160.143.131-9618&noUDP&sock=3131910_565e_30>
...
001 (2515.367.000) 06/01 22:01:25 Job executing on host: <140.160.143.144:9618?addrs=140.160.143.144-9618&noUDP&sock=16727_e8c0_3>
...
006 (2515.367.000) 06/01 22:01:33 Image size of job updated: 3684
	4  -  MemoryUsage of job (MB)
	3684  -  ResidentSetSize of job (KB)
...
006 (2515.367.000) 06/01 22:06:34 Image size of job updated: 3908
	4  -  MemoryUsage of job (MB)
	3908  -  ResidentSetSize of job (KB)
...
006 (2515.367.000) 06/01 22:11:35 Image size of job updated: 3912
	4  -  MemoryUsage of job (MB)
	3912  -  ResidentSetSize of job (KB)
...
006 (2515.367.000) 06/02 03:24:41 Image size of job updated: 109496
	4  -  MemoryUsage of job (MB)
	3912  -  ResidentSetSize of job (KB)
...
005 (2515.367.000) 06/02 03:24:41 Job terminated.
	(1) Normal termination (return value 0)
		Usr 0 05:22:52, Sys 0 00:00:00  -  Run Remote Usage
		Usr 0 00:00:00, Sys 0 00:00:00  -  Run Local Usage
		Usr 0 05:22:52, Sys 0 00:00:00  -  Total Remote Usage
		Usr 0 00:00:00, Sys 0 00:00:00  -  Total Local Usage
	0  -  Run Bytes Sent By Job
	0  -  Run Bytes Received By Job
	0  -  Total Bytes Sent By Job
	0  -  Total Bytes Received By Job
	Partitionable Resources :    Usage  Request Allocated 
	   Cpus                 :     0.98        1         1 
	   Disk (KB)            :   175         175    881004 
	   Memory (MB)          :     4           1       128 
...
