000 (674456.000.000) 09/14 14:18:51 Job submitted from host: <140.160.143.130:9618?addrs=140.160.143.130-9618&noUDP&sock=5591_da80_4>
...
009 (674456.000.000) 09/14 14:20:44 Job was aborted by the user.
	via condor_rm (by user scoggim)
...
000 (674600.000.000) 09/14 14:26:00 Job submitted from host: <140.160.143.130:9618?addrs=140.160.143.130-9618&noUDP&sock=5591_da80_4>
...
000 (674744.000.000) 09/14 14:26:42 Job submitted from host: <140.160.143.130:9618?addrs=140.160.143.130-9618&noUDP&sock=5591_da80_4>
...
000 (674888.000.000) 09/14 14:27:40 Job submitted from host: <140.160.143.130:9618?addrs=140.160.143.130-9618&noUDP&sock=5591_da80_4>
...
009 (674888.000.000) 09/14 14:46:33 Job was aborted by the user.
	via condor_rm (by user scoggim)
...
009 (674600.000.000) 09/14 14:46:33 Job was aborted by the user.
	via condor_rm (by user scoggim)
...
009 (674744.000.000) 09/14 14:46:33 Job was aborted by the user.
	via condor_rm (by user scoggim)
...
000 (675068.000.000) 09/14 22:20:27 Job submitted from host: <140.160.143.130:9618?addrs=140.160.143.130-9618&noUDP&sock=5591_da80_4>
...
001 (675068.000.000) 09/16 18:28:17 Job executing on host: <140.160.143.157:9618?addrs=140.160.143.157-9618&noUDP&sock=4484_2bf8_12>
...
006 (675068.000.000) 09/16 18:28:25 Image size of job updated: 3504
	4  -  MemoryUsage of job (MB)
	3504  -  ResidentSetSize of job (KB)
...
006 (675068.000.000) 09/16 18:33:25 Image size of job updated: 17432
	18  -  MemoryUsage of job (MB)
	17432  -  ResidentSetSize of job (KB)
...
006 (675068.000.000) 09/16 18:38:26 Image size of job updated: 30328
	30  -  MemoryUsage of job (MB)
	30328  -  ResidentSetSize of job (KB)
...
006 (675068.000.000) 09/16 18:43:27 Image size of job updated: 43112
	43  -  MemoryUsage of job (MB)
	43112  -  ResidentSetSize of job (KB)
...
006 (675068.000.000) 09/16 18:48:27 Image size of job updated: 55840
	55  -  MemoryUsage of job (MB)
	55840  -  ResidentSetSize of job (KB)
...
006 (675068.000.000) 09/16 18:53:28 Image size of job updated: 68732
	68  -  MemoryUsage of job (MB)
	68732  -  ResidentSetSize of job (KB)
...
006 (675068.000.000) 09/16 18:58:29 Image size of job updated: 80680
	79  -  MemoryUsage of job (MB)
	80680  -  ResidentSetSize of job (KB)
...
006 (675068.000.000) 09/16 19:03:29 Image size of job updated: 94144
	92  -  MemoryUsage of job (MB)
	94144  -  ResidentSetSize of job (KB)
...
006 (675068.000.000) 09/16 19:08:29 Image size of job updated: 106976
	105  -  MemoryUsage of job (MB)
	106976  -  ResidentSetSize of job (KB)
...
006 (675068.000.000) 09/16 19:13:30 Image size of job updated: 119720
	117  -  MemoryUsage of job (MB)
	119720  -  ResidentSetSize of job (KB)
...
006 (675068.000.000) 09/16 19:18:31 Image size of job updated: 132400
	130  -  MemoryUsage of job (MB)
	132400  -  ResidentSetSize of job (KB)
...
006 (675068.000.000) 09/16 19:23:31 Image size of job updated: 145156
	142  -  MemoryUsage of job (MB)
	145156  -  ResidentSetSize of job (KB)
...
006 (675068.000.000) 09/16 19:28:32 Image size of job updated: 157920
	155  -  MemoryUsage of job (MB)
	157920  -  ResidentSetSize of job (KB)
...
006 (675068.000.000) 09/16 19:33:33 Image size of job updated: 169932
	166  -  MemoryUsage of job (MB)
	169932  -  ResidentSetSize of job (KB)
...
006 (675068.000.000) 09/16 19:38:33 Image size of job updated: 183568
	180  -  MemoryUsage of job (MB)
	183568  -  ResidentSetSize of job (KB)
...
006 (675068.000.000) 09/16 19:43:33 Image size of job updated: 196476
	192  -  MemoryUsage of job (MB)
	196476  -  ResidentSetSize of job (KB)
...
006 (675068.000.000) 09/16 19:48:34 Image size of job updated: 209688
	205  -  MemoryUsage of job (MB)
	209688  -  ResidentSetSize of job (KB)
...
006 (675068.000.000) 09/16 19:53:35 Image size of job updated: 222508
	218  -  MemoryUsage of job (MB)
	222508  -  ResidentSetSize of job (KB)
...
006 (675068.000.000) 09/16 19:58:35 Image size of job updated: 235444
	230  -  MemoryUsage of job (MB)
	235444  -  ResidentSetSize of job (KB)
...
006 (675068.000.000) 09/16 20:03:36 Image size of job updated: 248396
	243  -  MemoryUsage of job (MB)
	248396  -  ResidentSetSize of job (KB)
...
006 (675068.000.000) 09/16 20:08:37 Image size of job updated: 261432
	256  -  MemoryUsage of job (MB)
	261432  -  ResidentSetSize of job (KB)
...
006 (675068.000.000) 09/16 20:13:37 Image size of job updated: 273808
	268  -  MemoryUsage of job (MB)
	273808  -  ResidentSetSize of job (KB)
...
006 (675068.000.000) 09/16 20:18:37 Image size of job updated: 287432
	281  -  MemoryUsage of job (MB)
	287432  -  ResidentSetSize of job (KB)
...
006 (675068.000.000) 09/16 20:23:38 Image size of job updated: 300432
	294  -  MemoryUsage of job (MB)
	300432  -  ResidentSetSize of job (KB)
...
006 (675068.000.000) 09/16 20:28:39 Image size of job updated: 313232
	306  -  MemoryUsage of job (MB)
	313232  -  ResidentSetSize of job (KB)
...
006 (675068.000.000) 09/16 20:33:39 Image size of job updated: 325960
	319  -  MemoryUsage of job (MB)
	325960  -  ResidentSetSize of job (KB)
...
006 (675068.000.000) 09/16 20:38:40 Image size of job updated: 338732
	331  -  MemoryUsage of job (MB)
	338732  -  ResidentSetSize of job (KB)
...
006 (675068.000.000) 09/16 20:43:41 Image size of job updated: 351416
	344  -  MemoryUsage of job (MB)
	351416  -  ResidentSetSize of job (KB)
...
006 (675068.000.000) 09/16 20:48:41 Image size of job updated: 364260
	356  -  MemoryUsage of job (MB)
	364260  -  ResidentSetSize of job (KB)
...
006 (675068.000.000) 09/16 20:53:41 Image size of job updated: 377292
	369  -  MemoryUsage of job (MB)
	377292  -  ResidentSetSize of job (KB)
...
006 (675068.000.000) 09/16 20:58:42 Image size of job updated: 389660
	381  -  MemoryUsage of job (MB)
	389660  -  ResidentSetSize of job (KB)
...
006 (675068.000.000) 09/16 21:03:42 Image size of job updated: 402188
	393  -  MemoryUsage of job (MB)
	402188  -  ResidentSetSize of job (KB)
...
006 (675068.000.000) 09/16 21:08:42 Image size of job updated: 416260
	407  -  MemoryUsage of job (MB)
	416260  -  ResidentSetSize of job (KB)
...
006 (675068.000.000) 09/16 21:13:43 Image size of job updated: 429156
	420  -  MemoryUsage of job (MB)
	429156  -  ResidentSetSize of job (KB)
...
006 (675068.000.000) 09/16 21:18:44 Image size of job updated: 441976
	432  -  MemoryUsage of job (MB)
	441976  -  ResidentSetSize of job (KB)
...
006 (675068.000.000) 09/16 21:23:44 Image size of job updated: 454796
	445  -  MemoryUsage of job (MB)
	454796  -  ResidentSetSize of job (KB)
...
006 (675068.000.000) 09/16 21:28:44 Image size of job updated: 467444
	457  -  MemoryUsage of job (MB)
	467444  -  ResidentSetSize of job (KB)
...
006 (675068.000.000) 09/16 21:33:45 Image size of job updated: 480332
	470  -  MemoryUsage of job (MB)
	480332  -  ResidentSetSize of job (KB)
...
006 (675068.000.000) 09/16 21:38:46 Image size of job updated: 493192
	482  -  MemoryUsage of job (MB)
	493192  -  ResidentSetSize of job (KB)
...
006 (675068.000.000) 09/16 21:43:46 Image size of job updated: 505916
	495  -  MemoryUsage of job (MB)
	505916  -  ResidentSetSize of job (KB)
...
006 (675068.000.000) 09/16 21:48:47 Image size of job updated: 518900
	507  -  MemoryUsage of job (MB)
	518900  -  ResidentSetSize of job (KB)
...
006 (675068.000.000) 09/16 21:53:48 Image size of job updated: 531904
	520  -  MemoryUsage of job (MB)
	531904  -  ResidentSetSize of job (KB)
...
006 (675068.000.000) 09/16 21:58:48 Image size of job updated: 544684
	532  -  MemoryUsage of job (MB)
	544684  -  ResidentSetSize of job (KB)
...
006 (675068.000.000) 09/16 22:03:48 Image size of job updated: 557456
	545  -  MemoryUsage of job (MB)
	557456  -  ResidentSetSize of job (KB)
...
006 (675068.000.000) 09/16 22:08:49 Image size of job updated: 569156
	556  -  MemoryUsage of job (MB)
	569156  -  ResidentSetSize of job (KB)
...
006 (675068.000.000) 09/16 22:13:50 Image size of job updated: 583144
	570  -  MemoryUsage of job (MB)
	583144  -  ResidentSetSize of job (KB)
...
006 (675068.000.000) 09/16 22:18:50 Image size of job updated: 595880
	582  -  MemoryUsage of job (MB)
	595880  -  ResidentSetSize of job (KB)
...
006 (675068.000.000) 09/16 22:23:51 Image size of job updated: 608684
	595  -  MemoryUsage of job (MB)
	608684  -  ResidentSetSize of job (KB)
...
006 (675068.000.000) 09/16 22:28:52 Image size of job updated: 621504
	607  -  MemoryUsage of job (MB)
	621504  -  ResidentSetSize of job (KB)
...
006 (675068.000.000) 09/16 22:33:52 Image size of job updated: 634260
	620  -  MemoryUsage of job (MB)
	634260  -  ResidentSetSize of job (KB)
...
006 (675068.000.000) 09/16 22:38:52 Image size of job updated: 646980
	632  -  MemoryUsage of job (MB)
	646980  -  ResidentSetSize of job (KB)
...
006 (675068.000.000) 09/16 22:43:53 Image size of job updated: 659828
	645  -  MemoryUsage of job (MB)
	659828  -  ResidentSetSize of job (KB)
...
006 (675068.000.000) 09/16 22:48:54 Image size of job updated: 672528
	657  -  MemoryUsage of job (MB)
	672528  -  ResidentSetSize of job (KB)
...
006 (675068.000.000) 09/16 22:53:54 Image size of job updated: 685280
	670  -  MemoryUsage of job (MB)
	685280  -  ResidentSetSize of job (KB)
...
006 (675068.000.000) 09/16 22:58:55 Image size of job updated: 698276
	682  -  MemoryUsage of job (MB)
	698276  -  ResidentSetSize of job (KB)
...
006 (675068.000.000) 09/16 23:03:56 Image size of job updated: 711296
	695  -  MemoryUsage of job (MB)
	711296  -  ResidentSetSize of job (KB)
...
006 (675068.000.000) 09/16 23:08:56 Image size of job updated: 724192
	708  -  MemoryUsage of job (MB)
	724192  -  ResidentSetSize of job (KB)
...
006 (675068.000.000) 09/16 23:13:56 Image size of job updated: 736980
	720  -  MemoryUsage of job (MB)
	736980  -  ResidentSetSize of job (KB)
...
006 (675068.000.000) 09/16 23:18:57 Image size of job updated: 750028
	733  -  MemoryUsage of job (MB)
	750028  -  ResidentSetSize of job (KB)
...
006 (675068.000.000) 09/16 23:23:58 Image size of job updated: 762816
	745  -  MemoryUsage of job (MB)
	762816  -  ResidentSetSize of job (KB)
...
006 (675068.000.000) 09/16 23:28:58 Image size of job updated: 775780
	758  -  MemoryUsage of job (MB)
	775780  -  ResidentSetSize of job (KB)
...
006 (675068.000.000) 09/16 23:33:58 Image size of job updated: 787628
	770  -  MemoryUsage of job (MB)
	787628  -  ResidentSetSize of job (KB)
...
006 (675068.000.000) 09/16 23:38:59 Image size of job updated: 801740
	783  -  MemoryUsage of job (MB)
	801740  -  ResidentSetSize of job (KB)
...
006 (675068.000.000) 09/16 23:43:59 Image size of job updated: 814072
	795  -  MemoryUsage of job (MB)
	814072  -  ResidentSetSize of job (KB)
...
006 (675068.000.000) 09/16 23:48:59 Image size of job updated: 827620
	809  -  MemoryUsage of job (MB)
	827620  -  ResidentSetSize of job (KB)
...
006 (675068.000.000) 09/16 23:54:00 Image size of job updated: 840408
	821  -  MemoryUsage of job (MB)
	840408  -  ResidentSetSize of job (KB)
...
006 (675068.000.000) 09/16 23:59:01 Image size of job updated: 853364
	834  -  MemoryUsage of job (MB)
	853364  -  ResidentSetSize of job (KB)
...
006 (675068.000.000) 09/17 00:04:01 Image size of job updated: 866196
	846  -  MemoryUsage of job (MB)
	866196  -  ResidentSetSize of job (KB)
...
006 (675068.000.000) 09/17 00:09:02 Image size of job updated: 879308
	859  -  MemoryUsage of job (MB)
	879308  -  ResidentSetSize of job (KB)
...
006 (675068.000.000) 09/17 00:14:03 Image size of job updated: 891964
	872  -  MemoryUsage of job (MB)
	891964  -  ResidentSetSize of job (KB)
...
006 (675068.000.000) 09/17 00:19:03 Image size of job updated: 905068
	884  -  MemoryUsage of job (MB)
	905068  -  ResidentSetSize of job (KB)
...
006 (675068.000.000) 09/17 00:24:03 Image size of job updated: 918224
	897  -  MemoryUsage of job (MB)
	918224  -  ResidentSetSize of job (KB)
...
006 (675068.000.000) 09/17 00:29:04 Image size of job updated: 931076
	910  -  MemoryUsage of job (MB)
	931076  -  ResidentSetSize of job (KB)
...
006 (675068.000.000) 09/17 00:34:05 Image size of job updated: 944160
	923  -  MemoryUsage of job (MB)
	944160  -  ResidentSetSize of job (KB)
...
006 (675068.000.000) 09/17 00:39:05 Image size of job updated: 957140
	935  -  MemoryUsage of job (MB)
	957140  -  ResidentSetSize of job (KB)
...
006 (675068.000.000) 09/17 00:44:06 Image size of job updated: 970080
	948  -  MemoryUsage of job (MB)
	970080  -  ResidentSetSize of job (KB)
...
006 (675068.000.000) 09/17 00:49:07 Image size of job updated: 982116
	960  -  MemoryUsage of job (MB)
	982116  -  ResidentSetSize of job (KB)
...
006 (675068.000.000) 09/17 00:54:07 Image size of job updated: 995876
	973  -  MemoryUsage of job (MB)
	995876  -  ResidentSetSize of job (KB)
...
006 (675068.000.000) 09/17 00:59:07 Image size of job updated: 1008608
	985  -  MemoryUsage of job (MB)
	1008608  -  ResidentSetSize of job (KB)
...
006 (675068.000.000) 09/17 01:04:08 Image size of job updated: 1021528
	998  -  MemoryUsage of job (MB)
	1021528  -  ResidentSetSize of job (KB)
...
006 (675068.000.000) 09/17 01:09:09 Image size of job updated: 1033628
	1010  -  MemoryUsage of job (MB)
	1033628  -  ResidentSetSize of job (KB)
...
006 (675068.000.000) 09/17 01:14:09 Image size of job updated: 1047164
	1023  -  MemoryUsage of job (MB)
	1047164  -  ResidentSetSize of job (KB)
...
006 (675068.000.000) 09/17 01:19:10 Image size of job updated: 1060136
	1036  -  MemoryUsage of job (MB)
	1060136  -  ResidentSetSize of job (KB)
...
006 (675068.000.000) 09/17 01:24:11 Image size of job updated: 1073096
	1048  -  MemoryUsage of job (MB)
	1073096  -  ResidentSetSize of job (KB)
...
006 (675068.000.000) 09/17 01:29:11 Image size of job updated: 1084856
	1060  -  MemoryUsage of job (MB)
	1084856  -  ResidentSetSize of job (KB)
...
006 (675068.000.000) 09/17 01:34:11 Image size of job updated: 1098744
	1073  -  MemoryUsage of job (MB)
	1098744  -  ResidentSetSize of job (KB)
...
006 (675068.000.000) 09/17 01:39:12 Image size of job updated: 1111656
	1086  -  MemoryUsage of job (MB)
	1111656  -  ResidentSetSize of job (KB)
...
006 (675068.000.000) 09/17 01:44:13 Image size of job updated: 1123720
	1098  -  MemoryUsage of job (MB)
	1123720  -  ResidentSetSize of job (KB)
...
006 (675068.000.000) 09/17 01:49:13 Image size of job updated: 1136620
	1110  -  MemoryUsage of job (MB)
	1136620  -  ResidentSetSize of job (KB)
...
006 (675068.000.000) 09/17 01:54:14 Image size of job updated: 1149520
	1123  -  MemoryUsage of job (MB)
	1149520  -  ResidentSetSize of job (KB)
...
006 (675068.000.000) 09/17 01:59:15 Image size of job updated: 1162196
	1135  -  MemoryUsage of job (MB)
	1162196  -  ResidentSetSize of job (KB)
...
006 (675068.000.000) 09/17 02:04:15 Image size of job updated: 1176008
	1149  -  MemoryUsage of job (MB)
	1176008  -  ResidentSetSize of job (KB)
...
006 (675068.000.000) 09/17 02:09:15 Image size of job updated: 1188988
	1162  -  MemoryUsage of job (MB)
	1188988  -  ResidentSetSize of job (KB)
...
006 (675068.000.000) 09/17 02:14:16 Image size of job updated: 1201912
	1174  -  MemoryUsage of job (MB)
	1201912  -  ResidentSetSize of job (KB)
...
006 (675068.000.000) 09/17 02:19:17 Image size of job updated: 1214836
	1187  -  MemoryUsage of job (MB)
	1214836  -  ResidentSetSize of job (KB)
...
006 (675068.000.000) 09/17 02:24:17 Image size of job updated: 1226888
	1199  -  MemoryUsage of job (MB)
	1226888  -  ResidentSetSize of job (KB)
...
006 (675068.000.000) 09/17 02:29:18 Image size of job updated: 1240784
	1212  -  MemoryUsage of job (MB)
	1240784  -  ResidentSetSize of job (KB)
...
006 (675068.000.000) 09/17 02:34:19 Image size of job updated: 1253732
	1225  -  MemoryUsage of job (MB)
	1253732  -  ResidentSetSize of job (KB)
...
006 (675068.000.000) 09/17 02:39:19 Image size of job updated: 1266696
	1238  -  MemoryUsage of job (MB)
	1266696  -  ResidentSetSize of job (KB)
...
006 (675068.000.000) 09/17 02:44:19 Image size of job updated: 1278908
	1249  -  MemoryUsage of job (MB)
	1278908  -  ResidentSetSize of job (KB)
...
006 (675068.000.000) 09/17 02:49:21 Image size of job updated: 1292712
	1263  -  MemoryUsage of job (MB)
	1292712  -  ResidentSetSize of job (KB)
...
006 (675068.000.000) 09/17 02:54:21 Image size of job updated: 1305696
	1276  -  MemoryUsage of job (MB)
	1305696  -  ResidentSetSize of job (KB)
...
006 (675068.000.000) 09/17 02:59:21 Image size of job updated: 1318820
	1288  -  MemoryUsage of job (MB)
	1318820  -  ResidentSetSize of job (KB)
...
006 (675068.000.000) 09/17 03:04:22 Image size of job updated: 1331732
	1301  -  MemoryUsage of job (MB)
	1331732  -  ResidentSetSize of job (KB)
...
006 (675068.000.000) 09/17 03:09:23 Image size of job updated: 1344460
	1313  -  MemoryUsage of job (MB)
	1344460  -  ResidentSetSize of job (KB)
...
006 (675068.000.000) 09/17 03:14:23 Image size of job updated: 1356580
	1325  -  MemoryUsage of job (MB)
	1356580  -  ResidentSetSize of job (KB)
...
006 (675068.000.000) 09/17 03:19:23 Image size of job updated: 1370128
	1339  -  MemoryUsage of job (MB)
	1370128  -  ResidentSetSize of job (KB)
...
006 (675068.000.000) 09/17 03:24:25 Image size of job updated: 1383024
	1351  -  MemoryUsage of job (MB)
	1383024  -  ResidentSetSize of job (KB)
...
006 (675068.000.000) 09/17 03:29:25 Image size of job updated: 1395844
	1364  -  MemoryUsage of job (MB)
	1395844  -  ResidentSetSize of job (KB)
...
006 (675068.000.000) 09/17 03:34:25 Image size of job updated: 1408036
	1376  -  MemoryUsage of job (MB)
	1408036  -  ResidentSetSize of job (KB)
...
006 (675068.000.000) 09/17 03:39:26 Image size of job updated: 1421688
	1389  -  MemoryUsage of job (MB)
	1421688  -  ResidentSetSize of job (KB)
...
006 (675068.000.000) 09/17 03:44:27 Image size of job updated: 1434604
	1401  -  MemoryUsage of job (MB)
	1434604  -  ResidentSetSize of job (KB)
...
006 (675068.000.000) 09/17 03:49:27 Image size of job updated: 1447496
	1414  -  MemoryUsage of job (MB)
	1447496  -  ResidentSetSize of job (KB)
...
006 (675068.000.000) 09/17 03:54:27 Image size of job updated: 1460168
	1426  -  MemoryUsage of job (MB)
	1460168  -  ResidentSetSize of job (KB)
...
006 (675068.000.000) 09/17 03:59:28 Image size of job updated: 1473048
	1439  -  MemoryUsage of job (MB)
	1473048  -  ResidentSetSize of job (KB)
...
006 (675068.000.000) 09/17 04:04:29 Image size of job updated: 1485608
	1451  -  MemoryUsage of job (MB)
	1485608  -  ResidentSetSize of job (KB)
...
006 (675068.000.000) 09/17 04:09:29 Image size of job updated: 1498192
	1464  -  MemoryUsage of job (MB)
	1498192  -  ResidentSetSize of job (KB)
...
006 (675068.000.000) 09/17 04:14:30 Image size of job updated: 1510916
	1476  -  MemoryUsage of job (MB)
	1510916  -  ResidentSetSize of job (KB)
...
006 (675068.000.000) 09/17 04:19:31 Image size of job updated: 1523724
	1489  -  MemoryUsage of job (MB)
	1523724  -  ResidentSetSize of job (KB)
...
006 (675068.000.000) 09/17 04:24:31 Image size of job updated: 1536392
	1501  -  MemoryUsage of job (MB)
	1536392  -  ResidentSetSize of job (KB)
...
006 (675068.000.000) 09/17 04:29:31 Image size of job updated: 1548984
	1513  -  MemoryUsage of job (MB)
	1548984  -  ResidentSetSize of job (KB)
...
006 (675068.000.000) 09/17 04:34:32 Image size of job updated: 1561572
	1525  -  MemoryUsage of job (MB)
	1561572  -  ResidentSetSize of job (KB)
...
006 (675068.000.000) 09/17 04:39:32 Image size of job updated: 1574404
	1538  -  MemoryUsage of job (MB)
	1574404  -  ResidentSetSize of job (KB)
...
006 (675068.000.000) 09/17 04:44:32 Image size of job updated: 1587088
	1550  -  MemoryUsage of job (MB)
	1587088  -  ResidentSetSize of job (KB)
...
006 (675068.000.000) 09/17 04:49:33 Image size of job updated: 1599696
	1563  -  MemoryUsage of job (MB)
	1599696  -  ResidentSetSize of job (KB)
...
006 (675068.000.000) 09/17 04:54:34 Image size of job updated: 1611552
	1574  -  MemoryUsage of job (MB)
	1611552  -  ResidentSetSize of job (KB)
...
006 (675068.000.000) 09/17 04:59:34 Image size of job updated: 1623748
	1586  -  MemoryUsage of job (MB)
	1623748  -  ResidentSetSize of job (KB)
...
006 (675068.000.000) 09/17 05:04:34 Image size of job updated: 1637464
	1600  -  MemoryUsage of job (MB)
	1637464  -  ResidentSetSize of job (KB)
...
006 (675068.000.000) 09/17 05:09:35 Image size of job updated: 1649892
	1612  -  MemoryUsage of job (MB)
	1649892  -  ResidentSetSize of job (KB)
...
006 (675068.000.000) 09/17 05:14:35 Image size of job updated: 1662992
	1625  -  MemoryUsage of job (MB)
	1662992  -  ResidentSetSize of job (KB)
...
006 (675068.000.000) 09/17 05:19:35 Image size of job updated: 1674768
	1636  -  MemoryUsage of job (MB)
	1674768  -  ResidentSetSize of job (KB)
...
006 (675068.000.000) 09/17 05:24:36 Image size of job updated: 1688108
	1649  -  MemoryUsage of job (MB)
	1688108  -  ResidentSetSize of job (KB)
...
006 (675068.000.000) 09/17 05:29:37 Image size of job updated: 1701416
	1662  -  MemoryUsage of job (MB)
	1701416  -  ResidentSetSize of job (KB)
...
006 (675068.000.000) 09/17 05:34:37 Image size of job updated: 1714144
	1674  -  MemoryUsage of job (MB)
	1714144  -  ResidentSetSize of job (KB)
...
006 (675068.000.000) 09/17 05:39:38 Image size of job updated: 1726804
	1687  -  MemoryUsage of job (MB)
	1726804  -  ResidentSetSize of job (KB)
...
006 (675068.000.000) 09/17 05:44:39 Image size of job updated: 1738420
	1698  -  MemoryUsage of job (MB)
	1738420  -  ResidentSetSize of job (KB)
...
006 (675068.000.000) 09/17 05:49:39 Image size of job updated: 1752356
	1712  -  MemoryUsage of job (MB)
	1752356  -  ResidentSetSize of job (KB)
...
006 (675068.000.000) 09/17 05:54:39 Image size of job updated: 1764912
	1724  -  MemoryUsage of job (MB)
	1764912  -  ResidentSetSize of job (KB)
...
006 (675068.000.000) 09/17 05:59:40 Image size of job updated: 1777608
	1736  -  MemoryUsage of job (MB)
	1777608  -  ResidentSetSize of job (KB)
...
006 (675068.000.000) 09/17 06:04:41 Image size of job updated: 1790128
	1749  -  MemoryUsage of job (MB)
	1790128  -  ResidentSetSize of job (KB)
...
006 (675068.000.000) 09/17 06:09:41 Image size of job updated: 1803020
	1761  -  MemoryUsage of job (MB)
	1803020  -  ResidentSetSize of job (KB)
...
006 (675068.000.000) 09/17 06:14:42 Image size of job updated: 1815164
	1773  -  MemoryUsage of job (MB)
	1815164  -  ResidentSetSize of job (KB)
...
006 (675068.000.000) 09/17 06:19:43 Image size of job updated: 1827428
	1785  -  MemoryUsage of job (MB)
	1827428  -  ResidentSetSize of job (KB)
...
006 (675068.000.000) 09/17 06:24:43 Image size of job updated: 1841072
	1798  -  MemoryUsage of job (MB)
	1841072  -  ResidentSetSize of job (KB)
...
006 (675068.000.000) 09/17 06:29:43 Image size of job updated: 1853644
	1811  -  MemoryUsage of job (MB)
	1853644  -  ResidentSetSize of job (KB)
...
006 (675068.000.000) 09/17 06:34:45 Image size of job updated: 1866292
	1823  -  MemoryUsage of job (MB)
	1866292  -  ResidentSetSize of job (KB)
...
006 (675068.000.000) 09/17 06:39:45 Image size of job updated: 1878992
	1835  -  MemoryUsage of job (MB)
	1878992  -  ResidentSetSize of job (KB)
...
006 (675068.000.000) 09/17 06:44:45 Image size of job updated: 1891792
	1848  -  MemoryUsage of job (MB)
	1891792  -  ResidentSetSize of job (KB)
...
006 (675068.000.000) 09/17 06:49:46 Image size of job updated: 1904716
	1861  -  MemoryUsage of job (MB)
	1904716  -  ResidentSetSize of job (KB)
...
006 (675068.000.000) 09/17 06:54:47 Image size of job updated: 1917452
	1873  -  MemoryUsage of job (MB)
	1917452  -  ResidentSetSize of job (KB)
...
006 (675068.000.000) 09/17 06:59:47 Image size of job updated: 1930452
	1886  -  MemoryUsage of job (MB)
	1930452  -  ResidentSetSize of job (KB)
...
006 (675068.000.000) 09/17 07:04:47 Image size of job updated: 1943396
	1898  -  MemoryUsage of job (MB)
	1943396  -  ResidentSetSize of job (KB)
...
006 (675068.000.000) 09/17 07:09:48 Image size of job updated: 1955076
	1910  -  MemoryUsage of job (MB)
	1955076  -  ResidentSetSize of job (KB)
...
006 (675068.000.000) 09/17 07:14:48 Image size of job updated: 1966732
	1921  -  MemoryUsage of job (MB)
	1966732  -  ResidentSetSize of job (KB)
...
006 (675068.000.000) 09/17 07:19:48 Image size of job updated: 1978296
	1932  -  MemoryUsage of job (MB)
	1978296  -  ResidentSetSize of job (KB)
...
006 (675068.000.000) 09/17 07:24:49 Image size of job updated: 1989932
	1944  -  MemoryUsage of job (MB)
	1989932  -  ResidentSetSize of job (KB)
...
006 (675068.000.000) 09/17 07:29:50 Image size of job updated: 2001504
	1955  -  MemoryUsage of job (MB)
	2001504  -  ResidentSetSize of job (KB)
...
006 (675068.000.000) 09/17 07:34:50 Image size of job updated: 2013300
	1967  -  MemoryUsage of job (MB)
	2013300  -  ResidentSetSize of job (KB)
...
006 (675068.000.000) 09/17 07:39:50 Image size of job updated: 2024732
	1978  -  MemoryUsage of job (MB)
	2024732  -  ResidentSetSize of job (KB)
...
006 (675068.000.000) 09/17 07:44:51 Image size of job updated: 2036240
	1989  -  MemoryUsage of job (MB)
	2036240  -  ResidentSetSize of job (KB)
...
006 (675068.000.000) 09/17 07:49:51 Image size of job updated: 2047960
	2000  -  MemoryUsage of job (MB)
	2047912  -  ResidentSetSize of job (KB)
...
006 (675068.000.000) 09/17 07:54:51 Image size of job updated: 2058496
	2011  -  MemoryUsage of job (MB)
	2058448  -  ResidentSetSize of job (KB)
...
006 (675068.000.000) 09/17 07:59:52 Image size of job updated: 2069892
	2022  -  MemoryUsage of job (MB)
	2069808  -  ResidentSetSize of job (KB)
...
006 (675068.000.000) 09/17 08:04:53 Image size of job updated: 2079176
	2031  -  MemoryUsage of job (MB)
	2079084  -  ResidentSetSize of job (KB)
...
006 (675068.000.000) 09/17 08:09:53 Image size of job updated: 2087160
	2039  -  MemoryUsage of job (MB)
	2087068  -  ResidentSetSize of job (KB)
...
006 (675068.000.000) 09/17 08:14:53 Image size of job updated: 2088924
	2040  -  MemoryUsage of job (MB)
	2088832  -  ResidentSetSize of job (KB)
...
022 (675068.000.000) 09/17 16:15:15 Job disconnected, attempting to reconnect
    Socket between submit and execute hosts closed unexpectedly
    Trying to reconnect to slot1_4@c-1-6 <140.160.143.157:9618?addrs=140.160.143.157-9618&noUDP&sock=4484_2bf8_12>
...
024 (675068.000.000) 09/17 16:55:15 Job reconnection failed
    Job disconnected too long: JobLeaseDuration (2400 seconds) expired
    Can not reconnect to slot1_4@c-1-6, rescheduling job
...
001 (675068.000.000) 09/18 19:00:04 Job executing on host: <140.160.143.156:9618?addrs=140.160.143.156-9618&noUDP&sock=4471_a06d_3>
...
013 (675068.000.000) 09/23 09:38:46 Job was released.
	via condor_release (by user condor)
...
001 (675068.000.000) 09/23 09:39:46 Job executing on host: <140.160.143.152:9618?addrs=140.160.143.152-9618&noUDP&sock=4519_8cf9_3>
...
006 (675068.000.000) 09/24 00:31:23 Image size of job updated: 2257520
	2205  -  MemoryUsage of job (MB)
	2257520  -  ResidentSetSize of job (KB)
...
006 (675068.000.000) 09/24 00:36:23 Image size of job updated: 2269788
	2217  -  MemoryUsage of job (MB)
	2269788  -  ResidentSetSize of job (KB)
...
006 (675068.000.000) 09/24 00:41:24 Image size of job updated: 2281508
	2229  -  MemoryUsage of job (MB)
	2281508  -  ResidentSetSize of job (KB)
...
006 (675068.000.000) 09/24 00:46:24 Image size of job updated: 2292756
	2240  -  MemoryUsage of job (MB)
	2292756  -  ResidentSetSize of job (KB)
...
006 (675068.000.000) 09/24 00:51:25 Image size of job updated: 2303824
	2250  -  MemoryUsage of job (MB)
	2303824  -  ResidentSetSize of job (KB)
...
006 (675068.000.000) 09/24 00:56:26 Image size of job updated: 2315376
	2262  -  MemoryUsage of job (MB)
	2315376  -  ResidentSetSize of job (KB)
...
006 (675068.000.000) 09/24 01:01:26 Image size of job updated: 2325628
	2272  -  MemoryUsage of job (MB)
	2325628  -  ResidentSetSize of job (KB)
...
006 (675068.000.000) 09/24 01:06:27 Image size of job updated: 2337924
	2284  -  MemoryUsage of job (MB)
	2337924  -  ResidentSetSize of job (KB)
...
006 (675068.000.000) 09/24 01:11:28 Image size of job updated: 2350376
	2296  -  MemoryUsage of job (MB)
	2350376  -  ResidentSetSize of job (KB)
...
006 (675068.000.000) 09/24 01:16:28 Image size of job updated: 2363820
	2309  -  MemoryUsage of job (MB)
	2363820  -  ResidentSetSize of job (KB)
...
006 (675068.000.000) 09/24 01:21:28 Image size of job updated: 2377616
	2322  -  MemoryUsage of job (MB)
	2377616  -  ResidentSetSize of job (KB)
...
006 (675068.000.000) 09/24 01:26:29 Image size of job updated: 2389228
	2334  -  MemoryUsage of job (MB)
	2389228  -  ResidentSetSize of job (KB)
...
006 (675068.000.000) 09/24 01:31:30 Image size of job updated: 2402536
	2347  -  MemoryUsage of job (MB)
	2402536  -  ResidentSetSize of job (KB)
...
006 (675068.000.000) 09/24 01:36:30 Image size of job updated: 2415468
	2359  -  MemoryUsage of job (MB)
	2415468  -  ResidentSetSize of job (KB)
...
006 (675068.000.000) 09/24 01:41:31 Image size of job updated: 2428392
	2372  -  MemoryUsage of job (MB)
	2428392  -  ResidentSetSize of job (KB)
...
006 (675068.000.000) 09/24 01:46:32 Image size of job updated: 2441012
	2384  -  MemoryUsage of job (MB)
	2441012  -  ResidentSetSize of job (KB)
...
006 (675068.000.000) 09/24 01:51:32 Image size of job updated: 2453588
	2397  -  MemoryUsage of job (MB)
	2453588  -  ResidentSetSize of job (KB)
...
006 (675068.000.000) 09/24 01:56:32 Image size of job updated: 2466328
	2409  -  MemoryUsage of job (MB)
	2466328  -  ResidentSetSize of job (KB)
...
006 (675068.000.000) 09/24 02:01:33 Image size of job updated: 2478304
	2421  -  MemoryUsage of job (MB)
	2478304  -  ResidentSetSize of job (KB)
...
006 (675068.000.000) 09/24 02:06:34 Image size of job updated: 2491852
	2434  -  MemoryUsage of job (MB)
	2491852  -  ResidentSetSize of job (KB)
...
006 (675068.000.000) 09/24 02:11:34 Image size of job updated: 2505204
	2447  -  MemoryUsage of job (MB)
	2505204  -  ResidentSetSize of job (KB)
...
006 (675068.000.000) 09/24 02:16:35 Image size of job updated: 2518300
	2460  -  MemoryUsage of job (MB)
	2518300  -  ResidentSetSize of job (KB)
...
006 (675068.000.000) 09/24 02:21:36 Image size of job updated: 2531628
	2473  -  MemoryUsage of job (MB)
	2531628  -  ResidentSetSize of job (KB)
...
006 (675068.000.000) 09/24 02:26:36 Image size of job updated: 2545148
	2486  -  MemoryUsage of job (MB)
	2545148  -  ResidentSetSize of job (KB)
...
006 (675068.000.000) 09/24 02:31:37 Image size of job updated: 2558348
	2499  -  MemoryUsage of job (MB)
	2558348  -  ResidentSetSize of job (KB)
...
006 (675068.000.000) 09/24 02:36:38 Image size of job updated: 2569828
	2510  -  MemoryUsage of job (MB)
	2569828  -  ResidentSetSize of job (KB)
...
006 (675068.000.000) 09/24 02:41:38 Image size of job updated: 2583900
	2524  -  MemoryUsage of job (MB)
	2583900  -  ResidentSetSize of job (KB)
...
006 (675068.000.000) 09/24 02:46:38 Image size of job updated: 2596528
	2536  -  MemoryUsage of job (MB)
	2596528  -  ResidentSetSize of job (KB)
...
006 (675068.000.000) 09/24 02:51:39 Image size of job updated: 2609376
	2549  -  MemoryUsage of job (MB)
	2609376  -  ResidentSetSize of job (KB)
...
006 (675068.000.000) 09/24 02:56:40 Image size of job updated: 2622204
	2561  -  MemoryUsage of job (MB)
	2622204  -  ResidentSetSize of job (KB)
...
006 (675068.000.000) 09/24 03:01:41 Image size of job updated: 2633992
	2573  -  MemoryUsage of job (MB)
	2633992  -  ResidentSetSize of job (KB)
...
006 (675068.000.000) 09/24 03:06:41 Image size of job updated: 2648596
	2587  -  MemoryUsage of job (MB)
	2648596  -  ResidentSetSize of job (KB)
...
006 (675068.000.000) 09/24 03:11:42 Image size of job updated: 2661280
	2599  -  MemoryUsage of job (MB)
	2661280  -  ResidentSetSize of job (KB)
...
006 (675068.000.000) 09/24 03:16:42 Image size of job updated: 2674820
	2613  -  MemoryUsage of job (MB)
	2674820  -  ResidentSetSize of job (KB)
...
006 (675068.000.000) 09/24 03:21:42 Image size of job updated: 2687536
	2625  -  MemoryUsage of job (MB)
	2687536  -  ResidentSetSize of job (KB)
...
006 (675068.000.000) 09/24 03:26:43 Image size of job updated: 2700292
	2638  -  MemoryUsage of job (MB)
	2700292  -  ResidentSetSize of job (KB)
...
006 (675068.000.000) 09/24 03:31:43 Image size of job updated: 2713288
	2650  -  MemoryUsage of job (MB)
	2713288  -  ResidentSetSize of job (KB)
...
006 (675068.000.000) 09/24 03:36:44 Image size of job updated: 2726176
	2663  -  MemoryUsage of job (MB)
	2726176  -  ResidentSetSize of job (KB)
...
006 (675068.000.000) 09/24 03:41:44 Image size of job updated: 2738972
	2675  -  MemoryUsage of job (MB)
	2738972  -  ResidentSetSize of job (KB)
...
006 (675068.000.000) 09/24 03:46:44 Image size of job updated: 2751640
	2688  -  MemoryUsage of job (MB)
	2751640  -  ResidentSetSize of job (KB)
...
006 (675068.000.000) 09/24 03:51:45 Image size of job updated: 2764420
	2700  -  MemoryUsage of job (MB)
	2764420  -  ResidentSetSize of job (KB)
...
006 (675068.000.000) 09/24 03:56:46 Image size of job updated: 2776780
	2712  -  MemoryUsage of job (MB)
	2776780  -  ResidentSetSize of job (KB)
...
006 (675068.000.000) 09/24 04:01:46 Image size of job updated: 2789424
	2725  -  MemoryUsage of job (MB)
	2789424  -  ResidentSetSize of job (KB)
...
006 (675068.000.000) 09/24 04:06:46 Image size of job updated: 2802560
	2737  -  MemoryUsage of job (MB)
	2802560  -  ResidentSetSize of job (KB)
...
006 (675068.000.000) 09/24 04:11:47 Image size of job updated: 2816184
	2751  -  MemoryUsage of job (MB)
	2816184  -  ResidentSetSize of job (KB)
...
006 (675068.000.000) 09/24 04:16:48 Image size of job updated: 2829848
	2764  -  MemoryUsage of job (MB)
	2829848  -  ResidentSetSize of job (KB)
...
006 (675068.000.000) 09/24 04:21:48 Image size of job updated: 2842824
	2777  -  MemoryUsage of job (MB)
	2842824  -  ResidentSetSize of job (KB)
...
006 (675068.000.000) 09/24 04:26:49 Image size of job updated: 2855388
	2789  -  MemoryUsage of job (MB)
	2855388  -  ResidentSetSize of job (KB)
...
006 (675068.000.000) 09/24 04:31:50 Image size of job updated: 2867928
	2801  -  MemoryUsage of job (MB)
	2867928  -  ResidentSetSize of job (KB)
...
006 (675068.000.000) 09/24 04:36:50 Image size of job updated: 2880832
	2814  -  MemoryUsage of job (MB)
	2880832  -  ResidentSetSize of job (KB)
...
006 (675068.000.000) 09/24 04:41:50 Image size of job updated: 2893540
	2826  -  MemoryUsage of job (MB)
	2893540  -  ResidentSetSize of job (KB)
...
006 (675068.000.000) 09/24 04:46:51 Image size of job updated: 2905952
	2838  -  MemoryUsage of job (MB)
	2905952  -  ResidentSetSize of job (KB)
...
006 (675068.000.000) 09/24 04:51:52 Image size of job updated: 2918140
	2850  -  MemoryUsage of job (MB)
	2918140  -  ResidentSetSize of job (KB)
...
006 (675068.000.000) 09/24 04:56:52 Image size of job updated: 2932596
	2864  -  MemoryUsage of job (MB)
	2932596  -  ResidentSetSize of job (KB)
...
006 (675068.000.000) 09/24 05:01:53 Image size of job updated: 2945868
	2877  -  MemoryUsage of job (MB)
	2945868  -  ResidentSetSize of job (KB)
...
006 (675068.000.000) 09/24 05:06:54 Image size of job updated: 2957712
	2889  -  MemoryUsage of job (MB)
	2957712  -  ResidentSetSize of job (KB)
...
006 (675068.000.000) 09/24 05:11:54 Image size of job updated: 2971512
	2902  -  MemoryUsage of job (MB)
	2971512  -  ResidentSetSize of job (KB)
...
006 (675068.000.000) 09/24 05:16:54 Image size of job updated: 2984292
	2915  -  MemoryUsage of job (MB)
	2984292  -  ResidentSetSize of job (KB)
...
006 (675068.000.000) 09/24 05:21:55 Image size of job updated: 2996992
	2927  -  MemoryUsage of job (MB)
	2996992  -  ResidentSetSize of job (KB)
...
006 (675068.000.000) 09/24 05:26:55 Image size of job updated: 3008488
	2938  -  MemoryUsage of job (MB)
	3008488  -  ResidentSetSize of job (KB)
...
006 (675068.000.000) 09/24 05:31:55 Image size of job updated: 3022540
	2952  -  MemoryUsage of job (MB)
	3022540  -  ResidentSetSize of job (KB)
...
006 (675068.000.000) 09/24 05:36:56 Image size of job updated: 3034368
	2964  -  MemoryUsage of job (MB)
	3034368  -  ResidentSetSize of job (KB)
...
006 (675068.000.000) 09/24 05:41:57 Image size of job updated: 3047896
	2977  -  MemoryUsage of job (MB)
	3047896  -  ResidentSetSize of job (KB)
...
006 (675068.000.000) 09/24 05:46:57 Image size of job updated: 3060420
	2989  -  MemoryUsage of job (MB)
	3060420  -  ResidentSetSize of job (KB)
...
006 (675068.000.000) 09/24 05:51:57 Image size of job updated: 3073228
	3002  -  MemoryUsage of job (MB)
	3073228  -  ResidentSetSize of job (KB)
...
006 (675068.000.000) 09/24 05:56:58 Image size of job updated: 3085600
	3014  -  MemoryUsage of job (MB)
	3085600  -  ResidentSetSize of job (KB)
...
006 (675068.000.000) 09/24 06:01:58 Image size of job updated: 3098716
	3027  -  MemoryUsage of job (MB)
	3098716  -  ResidentSetSize of job (KB)
...
006 (675068.000.000) 09/24 06:06:58 Image size of job updated: 3112760
	3040  -  MemoryUsage of job (MB)
	3112760  -  ResidentSetSize of job (KB)
...
006 (675068.000.000) 09/24 06:11:59 Image size of job updated: 3125332
	3053  -  MemoryUsage of job (MB)
	3125332  -  ResidentSetSize of job (KB)
...
006 (675068.000.000) 09/24 06:17:00 Image size of job updated: 3137948
	3065  -  MemoryUsage of job (MB)
	3137948  -  ResidentSetSize of job (KB)
...
006 (675068.000.000) 09/24 06:22:00 Image size of job updated: 3149592
	3076  -  MemoryUsage of job (MB)
	3149592  -  ResidentSetSize of job (KB)
...
006 (675068.000.000) 09/24 06:27:01 Image size of job updated: 3163632
	3090  -  MemoryUsage of job (MB)
	3163632  -  ResidentSetSize of job (KB)
...
006 (675068.000.000) 09/24 06:32:02 Image size of job updated: 3175780
	3102  -  MemoryUsage of job (MB)
	3175780  -  ResidentSetSize of job (KB)
...
006 (675068.000.000) 09/24 06:37:02 Image size of job updated: 3189312
	3115  -  MemoryUsage of job (MB)
	3189312  -  ResidentSetSize of job (KB)
...
006 (675068.000.000) 09/24 06:42:02 Image size of job updated: 3202844
	3128  -  MemoryUsage of job (MB)
	3202844  -  ResidentSetSize of job (KB)
...
006 (675068.000.000) 09/24 06:47:02 Image size of job updated: 3216408
	3142  -  MemoryUsage of job (MB)
	3216408  -  ResidentSetSize of job (KB)
...
006 (675068.000.000) 09/24 06:52:02 Image size of job updated: 3227872
	3153  -  MemoryUsage of job (MB)
	3227872  -  ResidentSetSize of job (KB)
...
006 (675068.000.000) 09/24 06:57:03 Image size of job updated: 3241736
	3166  -  MemoryUsage of job (MB)
	3241736  -  ResidentSetSize of job (KB)
...
006 (675068.000.000) 09/24 07:02:04 Image size of job updated: 3254768
	3179  -  MemoryUsage of job (MB)
	3254768  -  ResidentSetSize of job (KB)
...
006 (675068.000.000) 09/24 07:07:04 Image size of job updated: 3268236
	3192  -  MemoryUsage of job (MB)
	3268236  -  ResidentSetSize of job (KB)
...
006 (675068.000.000) 09/24 07:12:04 Image size of job updated: 3281484
	3205  -  MemoryUsage of job (MB)
	3281484  -  ResidentSetSize of job (KB)
...
006 (675068.000.000) 09/24 07:17:05 Image size of job updated: 3294344
	3218  -  MemoryUsage of job (MB)
	3294344  -  ResidentSetSize of job (KB)
...
006 (675068.000.000) 09/24 07:22:05 Image size of job updated: 3307864
	3231  -  MemoryUsage of job (MB)
	3307864  -  ResidentSetSize of job (KB)
...
006 (675068.000.000) 09/24 07:27:05 Image size of job updated: 3321376
	3244  -  MemoryUsage of job (MB)
	3321376  -  ResidentSetSize of job (KB)
...
006 (675068.000.000) 09/24 07:32:06 Image size of job updated: 3333872
	3256  -  MemoryUsage of job (MB)
	3333872  -  ResidentSetSize of job (KB)
...
006 (675068.000.000) 09/24 07:37:07 Image size of job updated: 3346968
	3269  -  MemoryUsage of job (MB)
	3346968  -  ResidentSetSize of job (KB)
...
006 (675068.000.000) 09/24 07:42:07 Image size of job updated: 3359792
	3282  -  MemoryUsage of job (MB)
	3359792  -  ResidentSetSize of job (KB)
...
006 (675068.000.000) 09/24 07:47:07 Image size of job updated: 3372616
	3294  -  MemoryUsage of job (MB)
	3372616  -  ResidentSetSize of job (KB)
...
006 (675068.000.000) 09/24 07:52:08 Image size of job updated: 3385248
	3306  -  MemoryUsage of job (MB)
	3385248  -  ResidentSetSize of job (KB)
...
006 (675068.000.000) 09/24 07:57:08 Image size of job updated: 3397436
	3318  -  MemoryUsage of job (MB)
	3397436  -  ResidentSetSize of job (KB)
...
006 (675068.000.000) 09/24 08:02:08 Image size of job updated: 3411396
	3332  -  MemoryUsage of job (MB)
	3411396  -  ResidentSetSize of job (KB)
...
006 (675068.000.000) 09/24 08:07:09 Image size of job updated: 3423936
	3344  -  MemoryUsage of job (MB)
	3423936  -  ResidentSetSize of job (KB)
...
006 (675068.000.000) 09/24 08:12:10 Image size of job updated: 3437708
	3358  -  MemoryUsage of job (MB)
	3437708  -  ResidentSetSize of job (KB)
...
006 (675068.000.000) 09/24 08:17:10 Image size of job updated: 3450388
	3370  -  MemoryUsage of job (MB)
	3450388  -  ResidentSetSize of job (KB)
...
006 (675068.000.000) 09/24 08:22:10 Image size of job updated: 3463160
	3382  -  MemoryUsage of job (MB)
	3463160  -  ResidentSetSize of job (KB)
...
006 (675068.000.000) 09/24 08:27:11 Image size of job updated: 3476364
	3395  -  MemoryUsage of job (MB)
	3476364  -  ResidentSetSize of job (KB)
...
006 (675068.000.000) 09/24 08:32:11 Image size of job updated: 3489528
	3408  -  MemoryUsage of job (MB)
	3489528  -  ResidentSetSize of job (KB)
...
006 (675068.000.000) 09/24 08:37:11 Image size of job updated: 3502760
	3421  -  MemoryUsage of job (MB)
	3502760  -  ResidentSetSize of job (KB)
...
006 (675068.000.000) 09/24 08:42:12 Image size of job updated: 3516608
	3435  -  MemoryUsage of job (MB)
	3516608  -  ResidentSetSize of job (KB)
...
006 (675068.000.000) 09/24 08:47:13 Image size of job updated: 3529784
	3448  -  MemoryUsage of job (MB)
	3529784  -  ResidentSetSize of job (KB)
...
006 (675068.000.000) 09/24 08:52:13 Image size of job updated: 3542680
	3460  -  MemoryUsage of job (MB)
	3542680  -  ResidentSetSize of job (KB)
...
006 (675068.000.000) 09/24 08:57:13 Image size of job updated: 3554784
	3472  -  MemoryUsage of job (MB)
	3554784  -  ResidentSetSize of job (KB)
...
006 (675068.000.000) 09/24 09:02:14 Image size of job updated: 3567956
	3485  -  MemoryUsage of job (MB)
	3567956  -  ResidentSetSize of job (KB)
...
006 (675068.000.000) 09/24 09:07:14 Image size of job updated: 3582240
	3499  -  MemoryUsage of job (MB)
	3582240  -  ResidentSetSize of job (KB)
...
006 (675068.000.000) 09/24 09:12:14 Image size of job updated: 3596184
	3512  -  MemoryUsage of job (MB)
	3596184  -  ResidentSetSize of job (KB)
...
006 (675068.000.000) 09/24 09:17:15 Image size of job updated: 3608944
	3525  -  MemoryUsage of job (MB)
	3608944  -  ResidentSetSize of job (KB)
...
006 (675068.000.000) 09/24 09:22:16 Image size of job updated: 3621620
	3537  -  MemoryUsage of job (MB)
	3621620  -  ResidentSetSize of job (KB)
...
006 (675068.000.000) 09/24 09:27:16 Image size of job updated: 3633232
	3549  -  MemoryUsage of job (MB)
	3633232  -  ResidentSetSize of job (KB)
...
006 (675068.000.000) 09/24 09:32:17 Image size of job updated: 3647216
	3562  -  MemoryUsage of job (MB)
	3647216  -  ResidentSetSize of job (KB)
...
006 (675068.000.000) 09/24 09:37:18 Image size of job updated: 3659868
	3575  -  MemoryUsage of job (MB)
	3659868  -  ResidentSetSize of job (KB)
...
006 (675068.000.000) 09/24 09:42:18 Image size of job updated: 3672708
	3587  -  MemoryUsage of job (MB)
	3672708  -  ResidentSetSize of job (KB)
...
006 (675068.000.000) 09/24 09:47:18 Image size of job updated: 3685640
	3600  -  MemoryUsage of job (MB)
	3685640  -  ResidentSetSize of job (KB)
...
006 (675068.000.000) 09/24 09:52:19 Image size of job updated: 3698636
	3612  -  MemoryUsage of job (MB)
	3698636  -  ResidentSetSize of job (KB)
...
006 (675068.000.000) 09/24 09:57:20 Image size of job updated: 3710888
	3624  -  MemoryUsage of job (MB)
	3710888  -  ResidentSetSize of job (KB)
...
006 (675068.000.000) 09/24 10:02:20 Image size of job updated: 3724624
	3638  -  MemoryUsage of job (MB)
	3724624  -  ResidentSetSize of job (KB)
...
006 (675068.000.000) 09/24 10:07:21 Image size of job updated: 3737344
	3650  -  MemoryUsage of job (MB)
	3737344  -  ResidentSetSize of job (KB)
...
006 (675068.000.000) 09/24 10:12:22 Image size of job updated: 3749972
	3663  -  MemoryUsage of job (MB)
	3749972  -  ResidentSetSize of job (KB)
...
006 (675068.000.000) 09/24 10:17:22 Image size of job updated: 3761704
	3674  -  MemoryUsage of job (MB)
	3761704  -  ResidentSetSize of job (KB)
...
006 (675068.000.000) 09/24 10:22:22 Image size of job updated: 3775784
	3688  -  MemoryUsage of job (MB)
	3775784  -  ResidentSetSize of job (KB)
...
006 (675068.000.000) 09/24 10:27:23 Image size of job updated: 3788764
	3700  -  MemoryUsage of job (MB)
	3788764  -  ResidentSetSize of job (KB)
...
006 (675068.000.000) 09/24 10:32:24 Image size of job updated: 3801492
	3713  -  MemoryUsage of job (MB)
	3801492  -  ResidentSetSize of job (KB)
...
006 (675068.000.000) 09/24 10:37:24 Image size of job updated: 3814128
	3725  -  MemoryUsage of job (MB)
	3814128  -  ResidentSetSize of job (KB)
...
006 (675068.000.000) 09/24 10:42:25 Image size of job updated: 3827024
	3738  -  MemoryUsage of job (MB)
	3827024  -  ResidentSetSize of job (KB)
...
006 (675068.000.000) 09/24 10:47:26 Image size of job updated: 3840044
	3751  -  MemoryUsage of job (MB)
	3840044  -  ResidentSetSize of job (KB)
...
006 (675068.000.000) 09/24 10:52:26 Image size of job updated: 3852084
	3762  -  MemoryUsage of job (MB)
	3852084  -  ResidentSetSize of job (KB)
...
006 (675068.000.000) 09/24 10:57:26 Image size of job updated: 3864636
	3775  -  MemoryUsage of job (MB)
	3864636  -  ResidentSetSize of job (KB)
...
006 (675068.000.000) 09/24 11:02:27 Image size of job updated: 3876980
	3787  -  MemoryUsage of job (MB)
	3876980  -  ResidentSetSize of job (KB)
...
006 (675068.000.000) 09/24 11:06:54 Image size of job updated: 3888300
	3788  -  MemoryUsage of job (MB)
	3878096  -  ResidentSetSize of job (KB)
...
004 (675068.000.000) 09/24 11:06:54 Job was evicted.
	(0) Job was not checkpointed.
		Usr 1 16:46:41, Sys 0 10:07:05  -  Run Remote Usage
		Usr 0 00:00:00, Sys 0 00:00:00  -  Run Local Usage
	0  -  Run Bytes Sent By Job
	0  -  Run Bytes Received By Job
	Partitionable Resources :    Usage  Request Allocated 
	   Cpus                 :     2.00        2         2 
	   Disk (KB)            :   150         150     17651 
	   Memory (MB)          :  3788        2198      2304 
...
012 (675068.000.000) 09/24 11:06:55 Job was held.
	via condor_hold (by user condor)
	Code 1 Subcode 0
...
