000 (2267.905.000) 04/28 23:44:32 Job submitted from host: <140.160.143.131:9618?addrs=140.160.143.131-9618&noUDP&sock=3131910_565e_30>
...
000 (2268.905.000) 04/28 23:46:21 Job submitted from host: <140.160.143.131:9618?addrs=140.160.143.131-9618&noUDP&sock=3131910_565e_30>
...
001 (2267.905.000) 05/05 03:07:20 Job executing on host: <140.160.143.141:9618?addrs=140.160.143.141-9618&noUDP&sock=23151_3d25_3>
...
006 (2267.905.000) 05/05 03:07:28 Image size of job updated: 2732
	3  -  MemoryUsage of job (MB)
	2652  -  ResidentSetSize of job (KB)
...
006 (2267.905.000) 05/06 02:44:59 Image size of job updated: 2736
	3  -  MemoryUsage of job (MB)
	2652  -  ResidentSetSize of job (KB)
...
006 (2267.905.000) 05/07 00:57:11 Image size of job updated: 2796
	3  -  MemoryUsage of job (MB)
	2652  -  ResidentSetSize of job (KB)
...
006 (2267.905.000) 05/07 10:58:16 Image size of job updated: 2812
	3  -  MemoryUsage of job (MB)
	2652  -  ResidentSetSize of job (KB)
...
006 (2267.905.000) 05/07 11:13:18 Image size of job updated: 2828
	3  -  MemoryUsage of job (MB)
	2652  -  ResidentSetSize of job (KB)
...
006 (2267.905.000) 05/07 11:28:20 Image size of job updated: 2836
	3  -  MemoryUsage of job (MB)
	2652  -  ResidentSetSize of job (KB)
...
006 (2267.905.000) 05/10 18:50:38 Image size of job updated: 214784
	3  -  MemoryUsage of job (MB)
	2652  -  ResidentSetSize of job (KB)
...
005 (2267.905.000) 05/10 18:50:38 Job terminated.
	(1) Normal termination (return value 0)
		Usr 13 11:43:56, Sys 9 02:13:16  -  Run Remote Usage
		Usr 0 00:00:00, Sys 0 00:00:00  -  Run Local Usage
		Usr 13 11:43:56, Sys 9 02:13:16  -  Total Remote Usage
		Usr 0 00:00:00, Sys 0 00:00:00  -  Total Local Usage
	0  -  Run Bytes Sent By Job
	0  -  Run Bytes Received By Job
	0  -  Total Bytes Sent By Job
	0  -  Total Bytes Received By Job
	Partitionable Resources :    Usage  Request Allocated 
	   Cpus                 :     3.99        4         4 
	   Disk (KB)            :   175         175    880963 
	   Memory (MB)          :     3           1       128 
...
009 (2268.905.000) 05/11 09:58:43 Job was aborted by the user.
	via condor_rm (by user scoggim)
...
000 (2400.229.000) 05/11 12:37:09 Job submitted from host: <140.160.143.131:9618?addrs=140.160.143.131-9618&noUDP&sock=3131910_565e_30>
...
001 (2400.229.000) 05/11 21:54:56 Job executing on host: <140.160.143.140:9618?addrs=140.160.143.140-9618&noUDP&sock=13320_fd95_3>
...
006 (2400.229.000) 05/11 21:55:04 Image size of job updated: 2048
	2  -  MemoryUsage of job (MB)
	2048  -  ResidentSetSize of job (KB)
...
006 (2400.229.000) 05/11 22:20:06 Image size of job updated: 2052
	3  -  MemoryUsage of job (MB)
	2052  -  ResidentSetSize of job (KB)
...
006 (2400.229.000) 05/13 06:21:07 Image size of job updated: 107764
	3  -  MemoryUsage of job (MB)
	2052  -  ResidentSetSize of job (KB)
...
005 (2400.229.000) 05/13 06:21:07 Job terminated.
	(1) Normal termination (return value 0)
		Usr 1 08:22:50, Sys 0 00:00:03  -  Run Remote Usage
		Usr 0 00:00:00, Sys 0 00:00:00  -  Run Local Usage
		Usr 1 08:22:50, Sys 0 00:00:03  -  Total Remote Usage
		Usr 0 00:00:00, Sys 0 00:00:00  -  Total Local Usage
	0  -  Run Bytes Sent By Job
	0  -  Run Bytes Received By Job
	0  -  Total Bytes Sent By Job
	0  -  Total Bytes Received By Job
	Partitionable Resources :    Usage  Request Allocated 
	   Cpus                 :     0.90        1         1 
	   Disk (KB)            :   175         175    881636 
	   Memory (MB)          :     3           1       128 
...
000 (2511.905.000) 05/27 15:03:42 Job submitted from host: <140.160.143.131:9618?addrs=140.160.143.131-9618&noUDP&sock=3131910_565e_30>
...
001 (2511.905.000) 05/28 08:24:27 Job executing on host: <140.160.143.162:9618?addrs=140.160.143.162-9618&noUDP&sock=38396_0a74_3>
...
006 (2511.905.000) 05/28 08:24:35 Image size of job updated: 36620
	36  -  MemoryUsage of job (MB)
	36620  -  ResidentSetSize of job (KB)
...
006 (2511.905.000) 05/28 08:54:37 Image size of job updated: 41520
	41  -  MemoryUsage of job (MB)
	41520  -  ResidentSetSize of job (KB)
...
005 (2511.905.000) 05/29 17:47:56 Job terminated.
	(1) Normal termination (return value 0)
		Usr 1 09:23:21, Sys 0 00:00:01  -  Run Remote Usage
		Usr 0 00:00:00, Sys 0 00:00:00  -  Run Local Usage
		Usr 1 09:23:21, Sys 0 00:00:01  -  Total Remote Usage
		Usr 0 00:00:00, Sys 0 00:00:00  -  Total Local Usage
	0  -  Run Bytes Sent By Job
	0  -  Run Bytes Received By Job
	0  -  Total Bytes Sent By Job
	0  -  Total Bytes Received By Job
	Partitionable Resources :    Usage  Request Allocated 
	   Cpus                 :     1.00        1         1 
	   Disk (KB)            :   175         175    844690 
	   Memory (MB)          :    41           1       128 
...
000 (2516.229.000) 06/02 11:26:49 Job submitted from host: <140.160.143.131:9618?addrs=140.160.143.131-9618&noUDP&sock=3131910_565e_30>
...
009 (2516.229.000) 06/03 01:05:38 Job was aborted by the user.
	via condor_rm (by user scoggim)
...
000 (2523.229.000) 06/03 01:09:45 Job submitted from host: <140.160.143.131:9618?addrs=140.160.143.131-9618&noUDP&sock=3131910_565e_30>
...
009 (2523.229.000) 06/03 01:12:02 Job was aborted by the user.
	via condor_rm (by user scoggim)
...
000 (2524.229.000) 06/03 01:12:07 Job submitted from host: <140.160.143.131:9618?addrs=140.160.143.131-9618&noUDP&sock=3131910_565e_30>
...
009 (2524.229.000) 06/03 11:11:23 Job was aborted by the user.
	via condor_rm (by user scoggim)
...
000 (2525.229.000) 06/03 11:11:42 Job submitted from host: <140.160.143.131:9618?addrs=140.160.143.131-9618&noUDP&sock=3131910_565e_30>
...
001 (2525.229.000) 06/09 06:19:37 Job executing on host: <140.160.143.153:9618?addrs=140.160.143.153-9618&noUDP&sock=3174_adb0_3>
...
006 (2525.229.000) 06/09 06:19:46 Image size of job updated: 62244
	61  -  MemoryUsage of job (MB)
	62168  -  ResidentSetSize of job (KB)
...
005 (2525.229.000) 06/11 13:53:15 Job terminated.
	(1) Normal termination (return value 0)
		Usr 2 07:25:34, Sys 0 00:00:11  -  Run Remote Usage
		Usr 0 00:00:00, Sys 0 00:00:00  -  Run Local Usage
		Usr 2 07:25:34, Sys 0 00:00:11  -  Total Remote Usage
		Usr 0 00:00:00, Sys 0 00:00:00  -  Total Local Usage
	0  -  Run Bytes Sent By Job
	0  -  Run Bytes Received By Job
	0  -  Total Bytes Sent By Job
	0  -  Total Bytes Received By Job
	Partitionable Resources :    Usage  Request Allocated 
	   Cpus                 :     1.00        1         1 
	   Disk (KB)            :   175         175    870398 
	   Gpus                 :                           0 
	   Memory (MB)          :    61           1       128 
...
