000 (2161.229.000) 04/19 11:39:22 Job submitted from host: <140.160.143.131:9618?addrs=140.160.143.131-9618&noUDP&sock=3131910_565e_30>
...
001 (2161.229.000) 04/22 11:33:02 Job executing on host: <140.160.143.161:9618?addrs=140.160.143.161-9618&noUDP&sock=55511_81dc_3>
...
006 (2161.229.000) 04/22 11:33:11 Image size of job updated: 4776
	5  -  MemoryUsage of job (MB)
	4776  -  ResidentSetSize of job (KB)
...
006 (2161.229.000) 04/22 12:08:15 Image size of job updated: 4780
	5  -  MemoryUsage of job (MB)
	4780  -  ResidentSetSize of job (KB)
...
006 (2161.229.000) 04/22 12:48:20 Image size of job updated: 5028
	5  -  MemoryUsage of job (MB)
	5028  -  ResidentSetSize of job (KB)
...
005 (2161.229.000) 04/23 01:46:11 Job terminated.
	(1) Normal termination (return value 0)
		Usr 1 13:35:13, Sys 0 19:17:10  -  Run Remote Usage
		Usr 0 00:00:00, Sys 0 00:00:00  -  Run Local Usage
		Usr 1 13:35:13, Sys 0 19:17:10  -  Total Remote Usage
		Usr 0 00:00:00, Sys 0 00:00:00  -  Total Local Usage
	0  -  Run Bytes Sent By Job
	0  -  Run Bytes Received By Job
	0  -  Total Bytes Sent By Job
	0  -  Total Bytes Received By Job
	Partitionable Resources :    Usage  Request Allocated 
	   Cpus                 :     4.00        4         4 
	   Disk (KB)            :   175         175    844753 
	   Memory (MB)          :     5           1       128 
...
000 (2267.1750.000) 04/28 23:44:42 Job submitted from host: <140.160.143.131:9618?addrs=140.160.143.131-9618&noUDP&sock=3131910_565e_30>
...
009 (2267.1750.000) 05/11 12:17:54 Job was aborted by the user.
	via condor_rm (by user scoggim)
...
000 (2400.1074.000) 05/11 12:37:10 Job submitted from host: <140.160.143.131:9618?addrs=140.160.143.131-9618&noUDP&sock=3131910_565e_30>
...
001 (2400.1074.000) 05/12 20:34:04 Job executing on host: <140.160.143.153:9618?addrs=140.160.143.153-9618&noUDP&sock=3174_adb0_3>
...
006 (2400.1074.000) 05/12 20:34:12 Image size of job updated: 4016
	4  -  MemoryUsage of job (MB)
	4016  -  ResidentSetSize of job (KB)
...
005 (2400.1074.000) 05/13 13:08:40 Job terminated.
	(1) Normal termination (return value 0)
		Usr 0 16:33:03, Sys 0 00:00:00  -  Run Remote Usage
		Usr 0 00:00:00, Sys 0 00:00:00  -  Run Local Usage
		Usr 0 16:33:03, Sys 0 00:00:00  -  Total Remote Usage
		Usr 0 00:00:00, Sys 0 00:00:00  -  Total Local Usage
	0  -  Run Bytes Sent By Job
	0  -  Run Bytes Received By Job
	0  -  Total Bytes Sent By Job
	0  -  Total Bytes Received By Job
	Partitionable Resources :    Usage  Request Allocated 
	   Cpus                 :     1.00        1         1 
	   Disk (KB)            :   175         175    870398 
	   Gpus                 :                           0 
	   Memory (MB)          :     4           1       128 
...
