000 (2059.369.000) 03/05 16:54:49 Job submitted from host: <140.160.143.131:9618?addrs=140.160.143.131-9618&noUDP&sock=1229063_9141_4>
...
009 (2059.369.000) 03/05 19:47:03 Job was aborted by the user.
	via condor_rm (by user scoggim)
...
000 (2131.369.000) 03/15 01:18:30 Job submitted from host: <140.160.143.131:9618?addrs=140.160.143.131-9618&noUDP&sock=1229063_9141_4>
...
001 (2131.369.000) 03/21 08:01:10 Job executing on host: <140.160.143.166:9618?addrs=140.160.143.166-9618&noUDP&sock=14230_2cc4_3>
...
006 (2131.369.000) 03/21 08:01:18 Image size of job updated: 4780
	5  -  MemoryUsage of job (MB)
	4780  -  ResidentSetSize of job (KB)
...
006 (2131.369.000) 03/21 08:46:22 Image size of job updated: 5032
	5  -  MemoryUsage of job (MB)
	5032  -  ResidentSetSize of job (KB)
...
005 (2131.369.000) 03/22 10:58:23 Job terminated.
	(1) Normal termination (return value 0)
		Usr 3 01:45:40, Sys 1 10:02:46  -  Run Remote Usage
		Usr 0 00:00:00, Sys 0 00:00:00  -  Run Local Usage
		Usr 3 01:45:40, Sys 1 10:02:46  -  Total Remote Usage
		Usr 0 00:00:00, Sys 0 00:00:00  -  Total Local Usage
	0  -  Run Bytes Sent By Job
	0  -  Run Bytes Received By Job
	0  -  Total Bytes Sent By Job
	0  -  Total Bytes Received By Job
	Partitionable Resources :    Usage  Request Allocated 
	   Cpus                 :     4.00        4         4 
	   Disk (KB)            :   175         175    844602 
	   Memory (MB)          :     5           1       128 
...
