000 (2133.142.000) 03/25 10:58:12 Job submitted from host: <140.160.143.131:9618?addrs=140.160.143.131-9618&noUDP&sock=3219958_f11d_13>
...
001 (2133.142.000) 03/25 17:33:19 Job executing on host: <140.160.143.141:9618?addrs=140.160.143.141-9618&noUDP&sock=23151_3d25_3>
...
006 (2133.142.000) 03/25 17:33:28 Image size of job updated: 1068
	1  -  MemoryUsage of job (MB)
	972  -  ResidentSetSize of job (KB)
...
006 (2133.142.000) 03/25 17:43:30 Image size of job updated: 1068
	1  -  MemoryUsage of job (MB)
	976  -  ResidentSetSize of job (KB)
...
006 (2133.142.000) 03/25 18:06:43 Image size of job updated: 213148
	1  -  MemoryUsage of job (MB)
	976  -  ResidentSetSize of job (KB)
...
005 (2133.142.000) 03/25 18:06:43 Job terminated.
	(1) Normal termination (return value 0)
		Usr 0 01:23:58, Sys 0 00:49:11  -  Run Remote Usage
		Usr 0 00:00:00, Sys 0 00:00:00  -  Run Local Usage
		Usr 0 01:23:58, Sys 0 00:49:11  -  Total Remote Usage
		Usr 0 00:00:00, Sys 0 00:00:00  -  Total Local Usage
	0  -  Run Bytes Sent By Job
	0  -  Run Bytes Received By Job
	0  -  Total Bytes Sent By Job
	0  -  Total Bytes Received By Job
	Partitionable Resources :    Usage  Request Allocated 
	   Cpus                 :     4.00        4         4 
	   Disk (KB)            :   175         175    880963 
	   Memory (MB)          :     1           1       128 
...
