000 (2161.291.000) 04/19 11:39:22 Job submitted from host: <140.160.143.131:9618?addrs=140.160.143.131-9618&noUDP&sock=3131910_565e_30>
...
001 (2161.291.000) 04/22 17:50:33 Job executing on host: <140.160.143.147:9618?addrs=140.160.143.147-9618&noUDP&sock=29188_1e64_3>
...
006 (2161.291.000) 04/22 17:50:41 Image size of job updated: 8960
	5  -  MemoryUsage of job (MB)
	4744  -  ResidentSetSize of job (KB)
...
006 (2161.291.000) 04/22 20:10:54 Image size of job updated: 9212
	5  -  MemoryUsage of job (MB)
	4996  -  ResidentSetSize of job (KB)
...
006 (2161.291.000) 04/23 00:26:21 Image size of job updated: 9340
	5  -  MemoryUsage of job (MB)
	4996  -  ResidentSetSize of job (KB)
...
006 (2161.291.000) 04/23 00:31:22 Image size of job updated: 9632
	5  -  MemoryUsage of job (MB)
	4996  -  ResidentSetSize of job (KB)
...
006 (2161.291.000) 04/23 15:27:56 Image size of job updated: 15660
	5  -  MemoryUsage of job (MB)
	4996  -  ResidentSetSize of job (KB)
...
006 (2161.291.000) 04/23 19:03:18 Image size of job updated: 16328
	5  -  MemoryUsage of job (MB)
	4996  -  ResidentSetSize of job (KB)
...
005 (2161.291.000) 04/24 15:12:15 Job terminated.
	(1) Normal termination (return value 0)
		Usr 5 11:18:35, Sys 2 02:04:59  -  Run Remote Usage
		Usr 0 00:00:00, Sys 0 00:00:00  -  Run Local Usage
		Usr 5 11:18:35, Sys 2 02:04:59  -  Total Remote Usage
		Usr 0 00:00:00, Sys 0 00:00:00  -  Total Local Usage
	0  -  Run Bytes Sent By Job
	0  -  Run Bytes Received By Job
	0  -  Total Bytes Sent By Job
	0  -  Total Bytes Received By Job
	Partitionable Resources :    Usage  Request Allocated 
	   Cpus                 :     4.00        4         4 
	   Disk (KB)            :   175         175    197290 
	   Memory (MB)          :     5           1       128 
...
000 (2267.1812.000) 04/28 23:44:44 Job submitted from host: <140.160.143.131:9618?addrs=140.160.143.131-9618&noUDP&sock=3131910_565e_30>
...
009 (2267.1812.000) 05/11 12:17:54 Job was aborted by the user.
	via condor_rm (by user scoggim)
...
000 (2400.1136.000) 05/11 12:37:10 Job submitted from host: <140.160.143.131:9618?addrs=140.160.143.131-9618&noUDP&sock=3131910_565e_30>
...
001 (2400.1136.000) 05/13 09:01:48 Job executing on host: <140.160.143.167:9618?addrs=140.160.143.167-9618&noUDP&sock=15487_5f50_3>
...
006 (2400.1136.000) 05/13 09:01:57 Image size of job updated: 4024
	4  -  MemoryUsage of job (MB)
	4024  -  ResidentSetSize of job (KB)
...
005 (2400.1136.000) 05/13 16:30:41 Job terminated.
	(1) Normal termination (return value 0)
		Usr 0 07:28:52, Sys 0 00:00:00  -  Run Remote Usage
		Usr 0 00:00:00, Sys 0 00:00:00  -  Run Local Usage
		Usr 0 07:28:52, Sys 0 00:00:00  -  Total Remote Usage
		Usr 0 00:00:00, Sys 0 00:00:00  -  Total Local Usage
	0  -  Run Bytes Sent By Job
	0  -  Run Bytes Received By Job
	0  -  Total Bytes Sent By Job
	0  -  Total Bytes Received By Job
	Partitionable Resources :    Usage  Request Allocated 
	   Cpus                 :     1.00        1         1 
	   Disk (KB)            :   175         175    844734 
	   Memory (MB)          :     4           1       128 
...
