000 (674477.000.000) 09/14 14:18:52 Job submitted from host: <140.160.143.130:9618?addrs=140.160.143.130-9618&noUDP&sock=5591_da80_4>
...
009 (674477.000.000) 09/14 14:20:43 Job was aborted by the user.
	via condor_rm (by user scoggim)
...
000 (674621.000.000) 09/14 14:26:01 Job submitted from host: <140.160.143.130:9618?addrs=140.160.143.130-9618&noUDP&sock=5591_da80_4>
...
000 (674765.000.000) 09/14 14:26:43 Job submitted from host: <140.160.143.130:9618?addrs=140.160.143.130-9618&noUDP&sock=5591_da80_4>
...
000 (674909.000.000) 09/14 14:27:41 Job submitted from host: <140.160.143.130:9618?addrs=140.160.143.130-9618&noUDP&sock=5591_da80_4>
...
009 (674621.000.000) 09/14 14:46:33 Job was aborted by the user.
	via condor_rm (by user scoggim)
...
009 (674765.000.000) 09/14 14:46:33 Job was aborted by the user.
	via condor_rm (by user scoggim)
...
009 (674909.000.000) 09/14 14:46:34 Job was aborted by the user.
	via condor_rm (by user scoggim)
...
000 (675089.000.000) 09/14 22:20:27 Job submitted from host: <140.160.143.130:9618?addrs=140.160.143.130-9618&noUDP&sock=5591_da80_4>
...
001 (675089.000.000) 09/20 04:30:50 Job executing on host: <140.160.143.152:9618?addrs=140.160.143.152-9618&noUDP&sock=4519_8cf9_3>
...
006 (675089.000.000) 09/20 04:30:59 Image size of job updated: 4748
	5  -  MemoryUsage of job (MB)
	4704  -  ResidentSetSize of job (KB)
...
006 (675089.000.000) 09/20 04:36:00 Image size of job updated: 7800
	8  -  MemoryUsage of job (MB)
	7756  -  ResidentSetSize of job (KB)
...
006 (675089.000.000) 09/20 22:37:52 Image size of job updated: 2786860
	8  -  MemoryUsage of job (MB)
	7756  -  ResidentSetSize of job (KB)
...
006 (675089.000.000) 09/20 22:42:53 Image size of job updated: 2799128
	8  -  MemoryUsage of job (MB)
	7756  -  ResidentSetSize of job (KB)
...
006 (675089.000.000) 09/20 22:47:54 Image size of job updated: 2811548
	8  -  MemoryUsage of job (MB)
	7756  -  ResidentSetSize of job (KB)
...
006 (675089.000.000) 09/20 22:52:54 Image size of job updated: 2823944
	8  -  MemoryUsage of job (MB)
	7756  -  ResidentSetSize of job (KB)
...
006 (675089.000.000) 09/20 22:57:54 Image size of job updated: 2835896
	8  -  MemoryUsage of job (MB)
	7756  -  ResidentSetSize of job (KB)
...
006 (675089.000.000) 09/20 23:02:55 Image size of job updated: 2848876
	8  -  MemoryUsage of job (MB)
	7756  -  ResidentSetSize of job (KB)
...
006 (675089.000.000) 09/20 23:07:56 Image size of job updated: 2861228
	8  -  MemoryUsage of job (MB)
	7756  -  ResidentSetSize of job (KB)
...
006 (675089.000.000) 09/20 23:12:56 Image size of job updated: 2873580
	8  -  MemoryUsage of job (MB)
	7756  -  ResidentSetSize of job (KB)
...
006 (675089.000.000) 09/20 23:17:57 Image size of job updated: 2885944
	8  -  MemoryUsage of job (MB)
	7756  -  ResidentSetSize of job (KB)
...
006 (675089.000.000) 09/20 23:22:58 Image size of job updated: 2898336
	8  -  MemoryUsage of job (MB)
	7756  -  ResidentSetSize of job (KB)
...
006 (675089.000.000) 09/20 23:27:58 Image size of job updated: 2910068
	8  -  MemoryUsage of job (MB)
	7756  -  ResidentSetSize of job (KB)
...
006 (675089.000.000) 09/20 23:32:58 Image size of job updated: 2923360
	8  -  MemoryUsage of job (MB)
	7756  -  ResidentSetSize of job (KB)
...
006 (675089.000.000) 09/20 23:37:59 Image size of job updated: 2935656
	8  -  MemoryUsage of job (MB)
	7756  -  ResidentSetSize of job (KB)
...
006 (675089.000.000) 09/20 23:43:00 Image size of job updated: 2948204
	8  -  MemoryUsage of job (MB)
	7756  -  ResidentSetSize of job (KB)
...
006 (675089.000.000) 09/20 23:48:00 Image size of job updated: 2960192
	8  -  MemoryUsage of job (MB)
	7756  -  ResidentSetSize of job (KB)
...
006 (675089.000.000) 09/20 23:53:01 Image size of job updated: 2972540
	8  -  MemoryUsage of job (MB)
	7756  -  ResidentSetSize of job (KB)
...
006 (675089.000.000) 09/20 23:58:02 Image size of job updated: 2984856
	8  -  MemoryUsage of job (MB)
	7756  -  ResidentSetSize of job (KB)
...
006 (675089.000.000) 09/21 00:03:02 Image size of job updated: 2997004
	8  -  MemoryUsage of job (MB)
	7756  -  ResidentSetSize of job (KB)
...
006 (675089.000.000) 09/21 00:08:02 Image size of job updated: 3008484
	8  -  MemoryUsage of job (MB)
	7756  -  ResidentSetSize of job (KB)
...
006 (675089.000.000) 09/21 00:13:03 Image size of job updated: 3021532
	8  -  MemoryUsage of job (MB)
	7756  -  ResidentSetSize of job (KB)
...
006 (675089.000.000) 09/21 00:18:04 Image size of job updated: 3033240
	8  -  MemoryUsage of job (MB)
	7756  -  ResidentSetSize of job (KB)
...
006 (675089.000.000) 09/21 00:23:04 Image size of job updated: 3046312
	8  -  MemoryUsage of job (MB)
	7756  -  ResidentSetSize of job (KB)
...
006 (675089.000.000) 09/21 00:28:05 Image size of job updated: 3058772
	8  -  MemoryUsage of job (MB)
	7756  -  ResidentSetSize of job (KB)
...
006 (675089.000.000) 09/21 00:33:06 Image size of job updated: 3071012
	8  -  MemoryUsage of job (MB)
	7756  -  ResidentSetSize of job (KB)
...
006 (675089.000.000) 09/21 00:38:06 Image size of job updated: 3083480
	8  -  MemoryUsage of job (MB)
	7756  -  ResidentSetSize of job (KB)
...
006 (675089.000.000) 09/21 00:43:06 Image size of job updated: 3095952
	8  -  MemoryUsage of job (MB)
	7756  -  ResidentSetSize of job (KB)
...
006 (675089.000.000) 09/21 00:48:08 Image size of job updated: 3107580
	8  -  MemoryUsage of job (MB)
	7756  -  ResidentSetSize of job (KB)
...
006 (675089.000.000) 09/21 00:53:08 Image size of job updated: 3119540
	8  -  MemoryUsage of job (MB)
	7756  -  ResidentSetSize of job (KB)
...
006 (675089.000.000) 09/21 00:58:08 Image size of job updated: 3132708
	8  -  MemoryUsage of job (MB)
	7756  -  ResidentSetSize of job (KB)
...
006 (675089.000.000) 09/21 01:03:09 Image size of job updated: 3144352
	8  -  MemoryUsage of job (MB)
	7756  -  ResidentSetSize of job (KB)
...
006 (675089.000.000) 09/21 01:08:10 Image size of job updated: 3157160
	8  -  MemoryUsage of job (MB)
	7756  -  ResidentSetSize of job (KB)
...
006 (675089.000.000) 09/21 01:13:10 Image size of job updated: 3169844
	8  -  MemoryUsage of job (MB)
	7756  -  ResidentSetSize of job (KB)
...
006 (675089.000.000) 09/21 01:18:10 Image size of job updated: 3182056
	8  -  MemoryUsage of job (MB)
	7756  -  ResidentSetSize of job (KB)
...
006 (675089.000.000) 09/21 01:23:12 Image size of job updated: 3194464
	8  -  MemoryUsage of job (MB)
	7756  -  ResidentSetSize of job (KB)
...
006 (675089.000.000) 09/21 01:28:12 Image size of job updated: 3206628
	8  -  MemoryUsage of job (MB)
	7756  -  ResidentSetSize of job (KB)
...
006 (675089.000.000) 09/21 01:33:12 Image size of job updated: 3218860
	8  -  MemoryUsage of job (MB)
	7756  -  ResidentSetSize of job (KB)
...
006 (675089.000.000) 09/21 01:38:13 Image size of job updated: 3230936
	8  -  MemoryUsage of job (MB)
	7756  -  ResidentSetSize of job (KB)
...
006 (675089.000.000) 09/21 01:43:14 Image size of job updated: 3243484
	8  -  MemoryUsage of job (MB)
	7756  -  ResidentSetSize of job (KB)
...
006 (675089.000.000) 09/21 01:48:14 Image size of job updated: 3255936
	8  -  MemoryUsage of job (MB)
	7756  -  ResidentSetSize of job (KB)
...
006 (675089.000.000) 09/21 01:53:14 Image size of job updated: 3267804
	8  -  MemoryUsage of job (MB)
	7756  -  ResidentSetSize of job (KB)
...
006 (675089.000.000) 09/21 01:58:15 Image size of job updated: 3278184
	8  -  MemoryUsage of job (MB)
	7756  -  ResidentSetSize of job (KB)
...
006 (675089.000.000) 09/21 02:03:15 Image size of job updated: 3290460
	8  -  MemoryUsage of job (MB)
	7756  -  ResidentSetSize of job (KB)
...
006 (675089.000.000) 09/21 02:08:15 Image size of job updated: 3302072
	8  -  MemoryUsage of job (MB)
	7756  -  ResidentSetSize of job (KB)
...
006 (675089.000.000) 09/21 02:13:16 Image size of job updated: 3314460
	8  -  MemoryUsage of job (MB)
	7756  -  ResidentSetSize of job (KB)
...
006 (675089.000.000) 09/21 02:18:17 Image size of job updated: 3326744
	8  -  MemoryUsage of job (MB)
	7756  -  ResidentSetSize of job (KB)
...
006 (675089.000.000) 09/21 02:23:17 Image size of job updated: 3338452
	8  -  MemoryUsage of job (MB)
	7756  -  ResidentSetSize of job (KB)
...
006 (675089.000.000) 09/21 02:28:18 Image size of job updated: 3351088
	8  -  MemoryUsage of job (MB)
	7756  -  ResidentSetSize of job (KB)
...
006 (675089.000.000) 09/21 02:33:17 Image size of job updated: 3362932
	8  -  MemoryUsage of job (MB)
	7756  -  ResidentSetSize of job (KB)
...
006 (675089.000.000) 09/21 02:38:18 Image size of job updated: 3375496
	8  -  MemoryUsage of job (MB)
	7756  -  ResidentSetSize of job (KB)
...
006 (675089.000.000) 09/21 02:43:19 Image size of job updated: 3387976
	8  -  MemoryUsage of job (MB)
	7756  -  ResidentSetSize of job (KB)
...
006 (675089.000.000) 09/21 02:48:19 Image size of job updated: 3399436
	8  -  MemoryUsage of job (MB)
	7756  -  ResidentSetSize of job (KB)
...
006 (675089.000.000) 09/21 02:53:19 Image size of job updated: 3412500
	8  -  MemoryUsage of job (MB)
	7756  -  ResidentSetSize of job (KB)
...
006 (675089.000.000) 09/21 02:58:20 Image size of job updated: 3425036
	8  -  MemoryUsage of job (MB)
	7756  -  ResidentSetSize of job (KB)
...
006 (675089.000.000) 09/21 03:03:20 Image size of job updated: 3437448
	8  -  MemoryUsage of job (MB)
	7756  -  ResidentSetSize of job (KB)
...
006 (675089.000.000) 09/21 03:08:20 Image size of job updated: 3449968
	8  -  MemoryUsage of job (MB)
	7756  -  ResidentSetSize of job (KB)
...
006 (675089.000.000) 09/21 03:13:21 Image size of job updated: 3462400
	8  -  MemoryUsage of job (MB)
	7756  -  ResidentSetSize of job (KB)
...
006 (675089.000.000) 09/21 03:18:22 Image size of job updated: 3475032
	8  -  MemoryUsage of job (MB)
	7756  -  ResidentSetSize of job (KB)
...
006 (675089.000.000) 09/21 03:23:22 Image size of job updated: 3486492
	8  -  MemoryUsage of job (MB)
	7756  -  ResidentSetSize of job (KB)
...
006 (675089.000.000) 09/21 03:28:23 Image size of job updated: 3499596
	8  -  MemoryUsage of job (MB)
	7756  -  ResidentSetSize of job (KB)
...
006 (675089.000.000) 09/21 03:33:24 Image size of job updated: 3511556
	8  -  MemoryUsage of job (MB)
	7756  -  ResidentSetSize of job (KB)
...
006 (675089.000.000) 09/21 03:38:24 Image size of job updated: 3524632
	8  -  MemoryUsage of job (MB)
	7756  -  ResidentSetSize of job (KB)
...
006 (675089.000.000) 09/21 03:43:24 Image size of job updated: 3537096
	8  -  MemoryUsage of job (MB)
	7756  -  ResidentSetSize of job (KB)
...
006 (675089.000.000) 09/21 03:48:25 Image size of job updated: 3549544
	8  -  MemoryUsage of job (MB)
	7756  -  ResidentSetSize of job (KB)
...
006 (675089.000.000) 09/21 03:53:26 Image size of job updated: 3561976
	8  -  MemoryUsage of job (MB)
	7756  -  ResidentSetSize of job (KB)
...
006 (675089.000.000) 09/21 03:58:26 Image size of job updated: 3574408
	8  -  MemoryUsage of job (MB)
	7756  -  ResidentSetSize of job (KB)
...
006 (675089.000.000) 09/21 04:03:27 Image size of job updated: 3586692
	8  -  MemoryUsage of job (MB)
	7756  -  ResidentSetSize of job (KB)
...
006 (675089.000.000) 09/21 04:08:28 Image size of job updated: 3599096
	8  -  MemoryUsage of job (MB)
	7756  -  ResidentSetSize of job (KB)
...
006 (675089.000.000) 09/21 04:13:28 Image size of job updated: 3611684
	8  -  MemoryUsage of job (MB)
	7756  -  ResidentSetSize of job (KB)
...
006 (675089.000.000) 09/21 04:18:28 Image size of job updated: 3624172
	8  -  MemoryUsage of job (MB)
	7756  -  ResidentSetSize of job (KB)
...
006 (675089.000.000) 09/21 04:23:29 Image size of job updated: 3636596
	8  -  MemoryUsage of job (MB)
	7756  -  ResidentSetSize of job (KB)
...
006 (675089.000.000) 09/21 04:28:30 Image size of job updated: 3649064
	8  -  MemoryUsage of job (MB)
	7756  -  ResidentSetSize of job (KB)
...
006 (675089.000.000) 09/21 04:33:30 Image size of job updated: 3660988
	8  -  MemoryUsage of job (MB)
	7756  -  ResidentSetSize of job (KB)
...
006 (675089.000.000) 09/21 04:38:31 Image size of job updated: 3672968
	8  -  MemoryUsage of job (MB)
	7756  -  ResidentSetSize of job (KB)
...
006 (675089.000.000) 09/21 04:43:32 Image size of job updated: 3683884
	8  -  MemoryUsage of job (MB)
	7756  -  ResidentSetSize of job (KB)
...
006 (675089.000.000) 09/21 04:48:32 Image size of job updated: 3696504
	8  -  MemoryUsage of job (MB)
	7756  -  ResidentSetSize of job (KB)
...
006 (675089.000.000) 09/21 04:53:32 Image size of job updated: 3708740
	8  -  MemoryUsage of job (MB)
	7756  -  ResidentSetSize of job (KB)
...
006 (675089.000.000) 09/21 04:58:33 Image size of job updated: 3720960
	8  -  MemoryUsage of job (MB)
	7756  -  ResidentSetSize of job (KB)
...
006 (675089.000.000) 09/21 05:03:33 Image size of job updated: 3733292
	8  -  MemoryUsage of job (MB)
	7756  -  ResidentSetSize of job (KB)
...
006 (675089.000.000) 09/21 05:08:33 Image size of job updated: 3745028
	8  -  MemoryUsage of job (MB)
	7756  -  ResidentSetSize of job (KB)
...
006 (675089.000.000) 09/21 05:13:34 Image size of job updated: 3757808
	8  -  MemoryUsage of job (MB)
	7756  -  ResidentSetSize of job (KB)
...
006 (675089.000.000) 09/21 05:18:35 Image size of job updated: 3769832
	8  -  MemoryUsage of job (MB)
	7756  -  ResidentSetSize of job (KB)
...
006 (675089.000.000) 09/21 05:23:35 Image size of job updated: 3781884
	8  -  MemoryUsage of job (MB)
	7756  -  ResidentSetSize of job (KB)
...
006 (675089.000.000) 09/21 05:28:35 Image size of job updated: 3794072
	8  -  MemoryUsage of job (MB)
	7756  -  ResidentSetSize of job (KB)
...
006 (675089.000.000) 09/21 05:33:36 Image size of job updated: 3806400
	8  -  MemoryUsage of job (MB)
	7756  -  ResidentSetSize of job (KB)
...
006 (675089.000.000) 09/21 05:38:36 Image size of job updated: 3817964
	8  -  MemoryUsage of job (MB)
	7756  -  ResidentSetSize of job (KB)
...
006 (675089.000.000) 09/21 05:43:36 Image size of job updated: 3830356
	8  -  MemoryUsage of job (MB)
	7756  -  ResidentSetSize of job (KB)
...
006 (675089.000.000) 09/21 05:48:37 Image size of job updated: 3842416
	8  -  MemoryUsage of job (MB)
	7756  -  ResidentSetSize of job (KB)
...
006 (675089.000.000) 09/21 05:53:38 Image size of job updated: 3854644
	8  -  MemoryUsage of job (MB)
	7756  -  ResidentSetSize of job (KB)
...
006 (675089.000.000) 09/21 05:58:38 Image size of job updated: 3866796
	8  -  MemoryUsage of job (MB)
	7756  -  ResidentSetSize of job (KB)
...
006 (675089.000.000) 09/21 06:03:38 Image size of job updated: 3879016
	8  -  MemoryUsage of job (MB)
	7756  -  ResidentSetSize of job (KB)
...
006 (675089.000.000) 09/21 06:08:39 Image size of job updated: 3891196
	8  -  MemoryUsage of job (MB)
	7756  -  ResidentSetSize of job (KB)
...
006 (675089.000.000) 09/21 06:13:39 Image size of job updated: 3903516
	8  -  MemoryUsage of job (MB)
	7756  -  ResidentSetSize of job (KB)
...
006 (675089.000.000) 09/21 06:18:39 Image size of job updated: 3915920
	8  -  MemoryUsage of job (MB)
	7756  -  ResidentSetSize of job (KB)
...
006 (675089.000.000) 09/21 06:23:40 Image size of job updated: 3928264
	8  -  MemoryUsage of job (MB)
	7756  -  ResidentSetSize of job (KB)
...
006 (675089.000.000) 09/21 06:28:41 Image size of job updated: 3939988
	8  -  MemoryUsage of job (MB)
	7756  -  ResidentSetSize of job (KB)
...
006 (675089.000.000) 09/21 06:33:41 Image size of job updated: 3952984
	8  -  MemoryUsage of job (MB)
	7756  -  ResidentSetSize of job (KB)
...
006 (675089.000.000) 09/21 06:38:41 Image size of job updated: 3965104
	8  -  MemoryUsage of job (MB)
	7756  -  ResidentSetSize of job (KB)
...
006 (675089.000.000) 09/21 06:43:42 Image size of job updated: 3977036
	8  -  MemoryUsage of job (MB)
	7756  -  ResidentSetSize of job (KB)
...
006 (675089.000.000) 09/21 06:48:42 Image size of job updated: 3989388
	8  -  MemoryUsage of job (MB)
	7756  -  ResidentSetSize of job (KB)
...
006 (675089.000.000) 09/21 06:53:42 Image size of job updated: 4001668
	8  -  MemoryUsage of job (MB)
	7756  -  ResidentSetSize of job (KB)
...
006 (675089.000.000) 09/21 06:58:43 Image size of job updated: 4013932
	8  -  MemoryUsage of job (MB)
	7756  -  ResidentSetSize of job (KB)
...
006 (675089.000.000) 09/21 07:03:44 Image size of job updated: 4025488
	8  -  MemoryUsage of job (MB)
	7756  -  ResidentSetSize of job (KB)
...
006 (675089.000.000) 09/21 07:08:44 Image size of job updated: 4038280
	8  -  MemoryUsage of job (MB)
	7756  -  ResidentSetSize of job (KB)
...
006 (675089.000.000) 09/21 07:13:44 Image size of job updated: 4050420
	8  -  MemoryUsage of job (MB)
	7756  -  ResidentSetSize of job (KB)
...
006 (675089.000.000) 09/21 07:18:45 Image size of job updated: 4062204
	8  -  MemoryUsage of job (MB)
	7756  -  ResidentSetSize of job (KB)
...
006 (675089.000.000) 09/21 07:23:45 Image size of job updated: 4075184
	8  -  MemoryUsage of job (MB)
	7756  -  ResidentSetSize of job (KB)
...
006 (675089.000.000) 09/21 07:28:45 Image size of job updated: 4087464
	8  -  MemoryUsage of job (MB)
	7756  -  ResidentSetSize of job (KB)
...
006 (675089.000.000) 09/21 07:33:46 Image size of job updated: 4099564
	8  -  MemoryUsage of job (MB)
	7756  -  ResidentSetSize of job (KB)
...
006 (675089.000.000) 09/21 07:38:47 Image size of job updated: 4111864
	8  -  MemoryUsage of job (MB)
	7756  -  ResidentSetSize of job (KB)
...
006 (675089.000.000) 09/21 07:43:47 Image size of job updated: 4124424
	8  -  MemoryUsage of job (MB)
	7756  -  ResidentSetSize of job (KB)
...
006 (675089.000.000) 09/21 07:48:47 Image size of job updated: 4136188
	8  -  MemoryUsage of job (MB)
	7756  -  ResidentSetSize of job (KB)
...
006 (675089.000.000) 09/21 07:53:48 Image size of job updated: 4149180
	8  -  MemoryUsage of job (MB)
	7756  -  ResidentSetSize of job (KB)
...
006 (675089.000.000) 09/21 07:58:48 Image size of job updated: 4161420
	8  -  MemoryUsage of job (MB)
	7756  -  ResidentSetSize of job (KB)
...
006 (675089.000.000) 09/21 08:03:48 Image size of job updated: 4173932
	8  -  MemoryUsage of job (MB)
	7756  -  ResidentSetSize of job (KB)
...
006 (675089.000.000) 09/21 08:08:49 Image size of job updated: 4186340
	8  -  MemoryUsage of job (MB)
	7756  -  ResidentSetSize of job (KB)
...
006 (675089.000.000) 09/21 08:13:50 Image size of job updated: 4197488
	8  -  MemoryUsage of job (MB)
	7756  -  ResidentSetSize of job (KB)
...
006 (675089.000.000) 09/21 08:18:50 Image size of job updated: 4210700
	8  -  MemoryUsage of job (MB)
	7756  -  ResidentSetSize of job (KB)
...
006 (675089.000.000) 09/21 08:23:50 Image size of job updated: 4223276
	8  -  MemoryUsage of job (MB)
	7756  -  ResidentSetSize of job (KB)
...
006 (675089.000.000) 09/21 08:28:51 Image size of job updated: 4235780
	8  -  MemoryUsage of job (MB)
	7756  -  ResidentSetSize of job (KB)
...
006 (675089.000.000) 09/21 08:33:51 Image size of job updated: 4248340
	8  -  MemoryUsage of job (MB)
	7756  -  ResidentSetSize of job (KB)
...
006 (675089.000.000) 09/21 08:38:51 Image size of job updated: 4260632
	8  -  MemoryUsage of job (MB)
	7756  -  ResidentSetSize of job (KB)
...
006 (675089.000.000) 09/21 08:43:52 Image size of job updated: 4272356
	8  -  MemoryUsage of job (MB)
	7756  -  ResidentSetSize of job (KB)
...
006 (675089.000.000) 09/21 08:48:53 Image size of job updated: 4285340
	8  -  MemoryUsage of job (MB)
	7756  -  ResidentSetSize of job (KB)
...
006 (675089.000.000) 09/21 08:53:53 Image size of job updated: 4297776
	8  -  MemoryUsage of job (MB)
	7756  -  ResidentSetSize of job (KB)
...
006 (675089.000.000) 09/21 08:58:53 Image size of job updated: 4310160
	8  -  MemoryUsage of job (MB)
	7756  -  ResidentSetSize of job (KB)
...
006 (675089.000.000) 09/21 09:03:54 Image size of job updated: 4322832
	8  -  MemoryUsage of job (MB)
	7756  -  ResidentSetSize of job (KB)
...
006 (675089.000.000) 09/21 09:08:54 Image size of job updated: 4334728
	8  -  MemoryUsage of job (MB)
	7756  -  ResidentSetSize of job (KB)
...
006 (675089.000.000) 09/21 09:13:54 Image size of job updated: 4346500
	8  -  MemoryUsage of job (MB)
	7756  -  ResidentSetSize of job (KB)
...
006 (675089.000.000) 09/21 09:18:55 Image size of job updated: 4359836
	8  -  MemoryUsage of job (MB)
	7756  -  ResidentSetSize of job (KB)
...
006 (675089.000.000) 09/21 09:23:56 Image size of job updated: 4372220
	8  -  MemoryUsage of job (MB)
	7756  -  ResidentSetSize of job (KB)
...
006 (675089.000.000) 09/21 09:28:56 Image size of job updated: 4384756
	8  -  MemoryUsage of job (MB)
	7756  -  ResidentSetSize of job (KB)
...
006 (675089.000.000) 09/21 09:33:56 Image size of job updated: 4397184
	8  -  MemoryUsage of job (MB)
	7756  -  ResidentSetSize of job (KB)
...
013 (675089.000.000) 09/23 09:38:47 Job was released.
	via condor_release (by user condor)
...
001 (675089.000.000) 09/24 09:16:54 Job executing on host: <140.160.143.152:9618?addrs=140.160.143.152-9618&noUDP&sock=4519_8cf9_3>
...
006 (675089.000.000) 09/24 09:22:04 Image size of job updated: 4500000
	18  -  MemoryUsage of job (MB)
	17756  -  ResidentSetSize of job (KB)
...
006 (675089.000.000) 09/24 09:27:05 Image size of job updated: 4500000
	30  -  MemoryUsage of job (MB)
	30064  -  ResidentSetSize of job (KB)
...
006 (675089.000.000) 09/24 09:32:05 Image size of job updated: 4500000
	43  -  MemoryUsage of job (MB)
	43304  -  ResidentSetSize of job (KB)
...
006 (675089.000.000) 09/24 09:37:05 Image size of job updated: 4500000
	55  -  MemoryUsage of job (MB)
	55544  -  ResidentSetSize of job (KB)
...
006 (675089.000.000) 09/24 09:42:06 Image size of job updated: 4500000
	68  -  MemoryUsage of job (MB)
	68904  -  ResidentSetSize of job (KB)
...
006 (675089.000.000) 09/24 09:47:06 Image size of job updated: 4500000
	80  -  MemoryUsage of job (MB)
	81696  -  ResidentSetSize of job (KB)
...
006 (675089.000.000) 09/24 09:52:06 Image size of job updated: 4500000
	93  -  MemoryUsage of job (MB)
	94608  -  ResidentSetSize of job (KB)
...
006 (675089.000.000) 09/24 09:57:07 Image size of job updated: 4500000
	105  -  MemoryUsage of job (MB)
	106904  -  ResidentSetSize of job (KB)
...
006 (675089.000.000) 09/24 10:02:08 Image size of job updated: 4500000
	118  -  MemoryUsage of job (MB)
	120644  -  ResidentSetSize of job (KB)
...
006 (675089.000.000) 09/24 10:07:08 Image size of job updated: 4500000
	130  -  MemoryUsage of job (MB)
	132324  -  ResidentSetSize of job (KB)
...
006 (675089.000.000) 09/24 10:12:08 Image size of job updated: 4500000
	143  -  MemoryUsage of job (MB)
	146088  -  ResidentSetSize of job (KB)
...
006 (675089.000.000) 09/24 10:17:09 Image size of job updated: 4500000
	156  -  MemoryUsage of job (MB)
	158984  -  ResidentSetSize of job (KB)
...
006 (675089.000.000) 09/24 10:22:09 Image size of job updated: 4500000
	167  -  MemoryUsage of job (MB)
	170940  -  ResidentSetSize of job (KB)
...
006 (675089.000.000) 09/24 10:27:09 Image size of job updated: 4500000
	181  -  MemoryUsage of job (MB)
	184400  -  ResidentSetSize of job (KB)
...
006 (675089.000.000) 09/24 10:32:10 Image size of job updated: 4500000
	193  -  MemoryUsage of job (MB)
	197336  -  ResidentSetSize of job (KB)
...
006 (675089.000.000) 09/24 10:37:11 Image size of job updated: 4500000
	206  -  MemoryUsage of job (MB)
	210184  -  ResidentSetSize of job (KB)
...
006 (675089.000.000) 09/24 10:42:11 Image size of job updated: 4500000
	218  -  MemoryUsage of job (MB)
	223000  -  ResidentSetSize of job (KB)
...
006 (675089.000.000) 09/24 10:47:11 Image size of job updated: 4500000
	231  -  MemoryUsage of job (MB)
	235688  -  ResidentSetSize of job (KB)
...
006 (675089.000.000) 09/24 10:52:12 Image size of job updated: 4500000
	242  -  MemoryUsage of job (MB)
	247764  -  ResidentSetSize of job (KB)
...
006 (675089.000.000) 09/24 10:57:12 Image size of job updated: 4500000
	255  -  MemoryUsage of job (MB)
	260216  -  ResidentSetSize of job (KB)
...
006 (675089.000.000) 09/24 11:02:12 Image size of job updated: 4500000
	267  -  MemoryUsage of job (MB)
	272896  -  ResidentSetSize of job (KB)
...
006 (675089.000.000) 09/24 11:06:53 Image size of job updated: 4500000
	268  -  MemoryUsage of job (MB)
	274012  -  ResidentSetSize of job (KB)
...
004 (675089.000.000) 09/24 11:06:53 Job was evicted.
	(0) Job was not checkpointed.
		Usr 0 02:58:33, Sys 0 00:41:22  -  Run Remote Usage
		Usr 0 00:00:00, Sys 0 00:00:00  -  Run Local Usage
	0  -  Run Bytes Sent By Job
	0  -  Run Bytes Received By Job
	Partitionable Resources :    Usage  Request Allocated 
	   Cpus                 :     2.00        2         2 
	   Disk (KB)            :   150         150     17651 
	   Memory (MB)          :   268          10       128 
...
012 (675089.000.000) 09/24 11:06:54 Job was held.
	via condor_hold (by user condor)
	Code 1 Subcode 0
...
