000 (2061.036.000) 03/05 20:07:44 Job submitted from host: <140.160.143.131:9618?addrs=140.160.143.131-9618&noUDP&sock=1229063_9141_4>
...
009 (2061.036.000) 03/05 20:07:53 Job was aborted by the user.
	via condor_rm (by user scoggim)
...
000 (2079.001.000) 03/05 20:16:28 Job submitted from host: <140.160.143.131:9618?addrs=140.160.143.131-9618&noUDP&sock=1229063_9141_4>
...
001 (2079.001.000) 03/14 20:26:08 Job executing on host: <140.160.143.147:9618?addrs=140.160.143.147-9618&noUDP&sock=28833_9e45_3>
...
006 (2079.001.000) 03/14 20:26:17 Image size of job updated: 10328
	1  -  MemoryUsage of job (MB)
	968  -  ResidentSetSize of job (KB)
...
006 (2079.001.000) 03/14 20:31:18 Image size of job updated: 10392
	1  -  MemoryUsage of job (MB)
	968  -  ResidentSetSize of job (KB)
...
006 (2079.001.000) 03/14 20:36:19 Image size of job updated: 10396
	1  -  MemoryUsage of job (MB)
	972  -  ResidentSetSize of job (KB)
...
005 (2079.001.000) 03/14 21:02:36 Job terminated.
	(1) Normal termination (return value 0)
		Usr 0 01:32:01, Sys 0 00:53:38  -  Run Remote Usage
		Usr 0 00:00:00, Sys 0 00:00:00  -  Run Local Usage
		Usr 0 01:32:01, Sys 0 00:53:38  -  Total Remote Usage
		Usr 0 00:00:00, Sys 0 00:00:00  -  Total Local Usage
	0  -  Run Bytes Sent By Job
	0  -  Run Bytes Received By Job
	0  -  Total Bytes Sent By Job
	0  -  Total Bytes Received By Job
	Partitionable Resources :    Usage  Request Allocated 
	   Cpus                 :     4.00        4         4 
	   Disk (KB)            :   175         175    197501 
	   Memory (MB)          :     1           1       128 
...
000 (2134.085.000) 03/25 11:02:22 Job submitted from host: <140.160.143.131:9618?addrs=140.160.143.131-9618&noUDP&sock=3219958_f11d_13>
...
009 (2134.085.000) 03/25 11:05:05 Job was aborted by the user.
	via condor_rm (by user scoggim)
...
000 (2135.085.000) 03/25 11:05:14 Job submitted from host: <140.160.143.131:9618?addrs=140.160.143.131-9618&noUDP&sock=3219958_f11d_13>
...
001 (2135.085.000) 03/26 10:50:30 Job executing on host: <140.160.143.161:9618?addrs=140.160.143.161-9618&noUDP&sock=55511_81dc_3>
...
006 (2135.085.000) 03/26 10:50:39 Image size of job updated: 4424
	5  -  MemoryUsage of job (MB)
	4424  -  ResidentSetSize of job (KB)
...
006 (2135.085.000) 03/26 11:00:40 Image size of job updated: 4428
	5  -  MemoryUsage of job (MB)
	4428  -  ResidentSetSize of job (KB)
...
006 (2135.085.000) 03/26 11:35:44 Image size of job updated: 4652
	5  -  MemoryUsage of job (MB)
	4652  -  ResidentSetSize of job (KB)
...
005 (2135.085.000) 03/27 01:56:49 Job terminated.
	(1) Normal termination (return value 0)
		Usr 1 15:43:34, Sys 0 20:40:27  -  Run Remote Usage
		Usr 0 00:00:00, Sys 0 00:00:00  -  Run Local Usage
		Usr 1 15:43:34, Sys 0 20:40:27  -  Total Remote Usage
		Usr 0 00:00:00, Sys 0 00:00:00  -  Total Local Usage
	0  -  Run Bytes Sent By Job
	0  -  Run Bytes Received By Job
	0  -  Total Bytes Sent By Job
	0  -  Total Bytes Received By Job
	Partitionable Resources :    Usage  Request Allocated 
	   Cpus                 :     4.00        4         4 
	   Disk (KB)            :   175         175    844753 
	   Memory (MB)          :     5           1       128 
...
