000 (2133.174.000) 03/25 10:58:13 Job submitted from host: <140.160.143.131:9618?addrs=140.160.143.131-9618&noUDP&sock=3219958_f11d_13>
...
001 (2133.174.000) 03/25 19:03:19 Job executing on host: <140.160.143.143:9618?addrs=140.160.143.143-9618&noUDP&sock=6169_ffd6_3>
...
006 (2133.174.000) 03/25 19:03:28 Image size of job updated: 984
	1  -  MemoryUsage of job (MB)
	984  -  ResidentSetSize of job (KB)
...
006 (2133.174.000) 03/25 19:08:29 Image size of job updated: 988
	1  -  MemoryUsage of job (MB)
	988  -  ResidentSetSize of job (KB)
...
006 (2133.174.000) 03/25 19:36:05 Image size of job updated: 213144
	1  -  MemoryUsage of job (MB)
	988  -  ResidentSetSize of job (KB)
...
005 (2133.174.000) 03/25 19:36:05 Job terminated.
	(1) Normal termination (return value 0)
		Usr 0 01:23:06, Sys 0 00:47:34  -  Run Remote Usage
		Usr 0 00:00:00, Sys 0 00:00:00  -  Run Local Usage
		Usr 0 01:23:06, Sys 0 00:47:34  -  Total Remote Usage
		Usr 0 00:00:00, Sys 0 00:00:00  -  Total Local Usage
	0  -  Run Bytes Sent By Job
	0  -  Run Bytes Received By Job
	0  -  Total Bytes Sent By Job
	0  -  Total Bytes Received By Job
	Partitionable Resources :    Usage  Request Allocated 
	   Cpus                 :     4.00        4         4 
	   Disk (KB)            :   175         175    881220 
	   Memory (MB)          :     1           1       128 
...
