000 (2060.009.000) 03/05 20:07:43 Job submitted from host: <140.160.143.131:9618?addrs=140.160.143.131-9618&noUDP&sock=1229063_9141_4>
...
009 (2060.009.000) 03/05 20:07:53 Job was aborted by the user.
	via condor_rm (by user scoggim)
...
000 (2068.002.000) 03/05 20:16:27 Job submitted from host: <140.160.143.131:9618?addrs=140.160.143.131-9618&noUDP&sock=1229063_9141_4>
...
001 (2068.002.000) 03/08 10:54:19 Job executing on host: <140.160.143.147:9618?addrs=140.160.143.147-9618&noUDP&sock=28833_9e45_3>
...
006 (2068.002.000) 03/08 10:54:27 Image size of job updated: 992
	1  -  MemoryUsage of job (MB)
	992  -  ResidentSetSize of job (KB)
...
005 (2068.002.000) 03/08 11:19:46 Job terminated.
	(1) Normal termination (return value 0)
		Usr 0 01:05:03, Sys 0 00:36:33  -  Run Remote Usage
		Usr 0 00:00:00, Sys 0 00:00:00  -  Run Local Usage
		Usr 0 01:05:03, Sys 0 00:36:33  -  Total Remote Usage
		Usr 0 00:00:00, Sys 0 00:00:00  -  Total Local Usage
	0  -  Run Bytes Sent By Job
	0  -  Run Bytes Received By Job
	0  -  Total Bytes Sent By Job
	0  -  Total Bytes Received By Job
	Partitionable Resources :    Usage  Request Allocated 
	   Cpus                 :     4.00        4         4 
	   Disk (KB)            :   175         175    197501 
	   Memory (MB)          :     1           1       128 
...
000 (2134.009.000) 03/25 11:02:21 Job submitted from host: <140.160.143.131:9618?addrs=140.160.143.131-9618&noUDP&sock=3219958_f11d_13>
...
009 (2134.009.000) 03/25 11:05:05 Job was aborted by the user.
	via condor_rm (by user scoggim)
...
000 (2135.009.000) 03/25 11:05:14 Job submitted from host: <140.160.143.131:9618?addrs=140.160.143.131-9618&noUDP&sock=3219958_f11d_13>
...
001 (2135.009.000) 03/25 20:12:19 Job executing on host: <140.160.143.153:9618?addrs=140.160.143.153-9618&noUDP&sock=18020_ccb5_3>
...
006 (2135.009.000) 03/25 20:12:27 Image size of job updated: 4396
	5  -  MemoryUsage of job (MB)
	4396  -  ResidentSetSize of job (KB)
...
006 (2135.009.000) 03/25 21:22:34 Image size of job updated: 4624
	5  -  MemoryUsage of job (MB)
	4624  -  ResidentSetSize of job (KB)
...
005 (2135.009.000) 03/26 20:08:15 Job terminated.
	(1) Normal termination (return value 0)
		Usr 2 21:24:00, Sys 1 02:04:11  -  Run Remote Usage
		Usr 0 00:00:00, Sys 0 00:00:00  -  Run Local Usage
		Usr 2 21:24:00, Sys 1 02:04:11  -  Total Remote Usage
		Usr 0 00:00:00, Sys 0 00:00:00  -  Total Local Usage
	0  -  Run Bytes Sent By Job
	0  -  Run Bytes Received By Job
	0  -  Total Bytes Sent By Job
	0  -  Total Bytes Received By Job
	Partitionable Resources :    Usage  Request Allocated 
	   Cpus                 :     4.00        4         4 
	   Disk (KB)            :   175         175    870367 
	   Gpus                 :                           0 
	   Memory (MB)          :     5           1       128 
...
