000 (2661.003.000) 07/01 07:14:37 Job submitted from host: <140.160.143.131:9618?addrs=140.160.143.131-9618&noUDP&sock=3131910_565e_30>
...
001 (2661.003.000) 07/01 07:14:55 Job executing on host: <140.160.143.146:9618?addrs=140.160.143.146-9618&noUDP&sock=4054_4908_3>
...
006 (2661.003.000) 07/01 07:15:04 Image size of job updated: 892
	1  -  MemoryUsage of job (MB)
	780  -  ResidentSetSize of job (KB)
...
000 (2662.001.000) 07/01 07:18:03 Job submitted from host: <140.160.143.131:9618?addrs=140.160.143.131-9618&noUDP&sock=3131910_565e_30>
...
001 (2662.001.000) 07/01 07:18:14 Job executing on host: <140.160.143.153:9618?addrs=140.160.143.153-9618&noUDP&sock=3174_adb0_3>
...
006 (2662.001.000) 07/01 07:18:23 Image size of job updated: 1252
	1  -  MemoryUsage of job (MB)
	940  -  ResidentSetSize of job (KB)
...
005 (2661.003.000) 07/01 07:18:32 Job terminated.
	(1) Normal termination (return value 0)
		Usr 0 00:03:36, Sys 0 00:00:00  -  Run Remote Usage
		Usr 0 00:00:00, Sys 0 00:00:00  -  Run Local Usage
		Usr 0 00:03:36, Sys 0 00:00:00  -  Total Remote Usage
		Usr 0 00:00:00, Sys 0 00:00:00  -  Total Local Usage
	0  -  Run Bytes Sent By Job
	0  -  Run Bytes Received By Job
	0  -  Total Bytes Sent By Job
	0  -  Total Bytes Received By Job
	Partitionable Resources :    Usage  Request Allocated 
	   Cpus                 :     1.00        1         1 
	   Disk (KB)            :   175         175    881117 
	   Memory (MB)          :     1           1       128 
...
006 (2662.001.000) 07/01 07:23:24 Image size of job updated: 1256
	1  -  MemoryUsage of job (MB)
	944  -  ResidentSetSize of job (KB)
...
005 (2662.001.000) 07/01 07:24:22 Job terminated.
	(1) Normal termination (return value 0)
		Usr 0 00:10:59, Sys 0 00:07:22  -  Run Remote Usage
		Usr 0 00:00:00, Sys 0 00:00:00  -  Run Local Usage
		Usr 0 00:10:59, Sys 0 00:07:22  -  Total Remote Usage
		Usr 0 00:00:00, Sys 0 00:00:00  -  Total Local Usage
	0  -  Run Bytes Sent By Job
	0  -  Run Bytes Received By Job
	0  -  Total Bytes Sent By Job
	0  -  Total Bytes Received By Job
	Partitionable Resources :    Usage  Request Allocated 
	   Cpus                 :     3.00        3         3 
	   Disk (KB)            :   175         175    870398 
	   Gpus                 :                           0 
	   Memory (MB)          :     1           1       128 
...
