000 (2267.940.000) 04/28 23:44:32 Job submitted from host: <140.160.143.131:9618?addrs=140.160.143.131-9618&noUDP&sock=3131910_565e_30>
...
000 (2268.940.000) 04/28 23:46:21 Job submitted from host: <140.160.143.131:9618?addrs=140.160.143.131-9618&noUDP&sock=3131910_565e_30>
...
001 (2267.940.000) 05/05 13:11:21 Job executing on host: <140.160.143.160:9618?addrs=140.160.143.160-9618&noUDP&sock=11177_1220_3>
...
006 (2267.940.000) 05/05 13:11:30 Image size of job updated: 2696
	3  -  MemoryUsage of job (MB)
	2696  -  ResidentSetSize of job (KB)
...
006 (2267.940.000) 05/05 13:16:30 Image size of job updated: 2700
	3  -  MemoryUsage of job (MB)
	2700  -  ResidentSetSize of job (KB)
...
006 (2267.940.000) 05/06 18:55:15 Image size of job updated: 215316
	3  -  MemoryUsage of job (MB)
	2700  -  ResidentSetSize of job (KB)
...
005 (2267.940.000) 05/06 18:55:15 Job terminated.
	(1) Normal termination (return value 0)
		Usr 2 20:51:09, Sys 2 02:02:51  -  Run Remote Usage
		Usr 0 00:00:00, Sys 0 00:00:00  -  Run Local Usage
		Usr 2 20:51:09, Sys 2 02:02:51  -  Total Remote Usage
		Usr 0 00:00:00, Sys 0 00:00:00  -  Total Local Usage
	0  -  Run Bytes Sent By Job
	0  -  Run Bytes Received By Job
	0  -  Total Bytes Sent By Job
	0  -  Total Bytes Received By Job
	Partitionable Resources :    Usage  Request Allocated 
	   Cpus                 :     4.00        4         4 
	   Disk (KB)            :   175         175    845054 
	   Memory (MB)          :     3           1       128 
...
009 (2268.940.000) 05/11 09:58:44 Job was aborted by the user.
	via condor_rm (by user scoggim)
...
000 (2400.264.000) 05/11 12:37:09 Job submitted from host: <140.160.143.131:9618?addrs=140.160.143.131-9618&noUDP&sock=3131910_565e_30>
...
001 (2400.264.000) 05/12 06:22:01 Job executing on host: <140.160.143.147:9618?addrs=140.160.143.147-9618&noUDP&sock=29188_1e64_3>
...
006 (2400.264.000) 05/12 06:22:09 Image size of job updated: 6184
	3  -  MemoryUsage of job (MB)
	2052  -  ResidentSetSize of job (KB)
...
006 (2400.264.000) 05/12 06:52:12 Image size of job updated: 6204
	3  -  MemoryUsage of job (MB)
	2056  -  ResidentSetSize of job (KB)
...
005 (2400.264.000) 05/12 15:57:56 Job terminated.
	(1) Normal termination (return value 0)
		Usr 0 09:34:59, Sys 0 00:00:01  -  Run Remote Usage
		Usr 0 00:00:00, Sys 0 00:00:00  -  Run Local Usage
		Usr 0 09:34:59, Sys 0 00:00:01  -  Total Remote Usage
		Usr 0 00:00:00, Sys 0 00:00:00  -  Total Local Usage
	0  -  Run Bytes Sent By Job
	0  -  Run Bytes Received By Job
	0  -  Total Bytes Sent By Job
	0  -  Total Bytes Received By Job
	Partitionable Resources :    Usage  Request Allocated 
	   Cpus                 :     1.00        1         1 
	   Disk (KB)            :   175         175    197290 
	   Memory (MB)          :     3           1       128 
...
000 (2511.940.000) 05/27 15:03:44 Job submitted from host: <140.160.143.131:9618?addrs=140.160.143.131-9618&noUDP&sock=3131910_565e_30>
...
001 (2511.940.000) 05/28 08:24:27 Job executing on host: <140.160.143.161:9618?addrs=140.160.143.161-9618&noUDP&sock=14147_3e68_3>
...
006 (2511.940.000) 05/28 08:24:36 Image size of job updated: 36628
	36  -  MemoryUsage of job (MB)
	36628  -  ResidentSetSize of job (KB)
...
006 (2511.940.000) 05/28 08:54:39 Image size of job updated: 41528
	41  -  MemoryUsage of job (MB)
	41528  -  ResidentSetSize of job (KB)
...
006 (2511.940.000) 05/31 13:14:22 Image size of job updated: 145796
	41  -  MemoryUsage of job (MB)
	41528  -  ResidentSetSize of job (KB)
...
004 (2511.940.000) 05/31 13:14:22 Job was evicted.
	(0) Job was not checkpointed.
		Usr 3 04:49:48, Sys 0 00:00:01  -  Run Remote Usage
		Usr 0 00:00:00, Sys 0 00:00:00  -  Run Local Usage
	0  -  Run Bytes Sent By Job
	0  -  Run Bytes Received By Job
	Partitionable Resources :    Usage  Request Allocated 
	   Cpus                 :     1.00        1         1 
	   Disk (KB)            :   175         175    844246 
	   Memory (MB)          :    41           1       128 
...
009 (2511.940.000) 05/31 13:14:22 Job was aborted by the user.
	via condor_rm (by user scoggim)
...
000 (2516.264.000) 06/02 11:26:49 Job submitted from host: <140.160.143.131:9618?addrs=140.160.143.131-9618&noUDP&sock=3131910_565e_30>
...
009 (2516.264.000) 06/03 01:05:39 Job was aborted by the user.
	via condor_rm (by user scoggim)
...
000 (2523.264.000) 06/03 01:09:45 Job submitted from host: <140.160.143.131:9618?addrs=140.160.143.131-9618&noUDP&sock=3131910_565e_30>
...
009 (2523.264.000) 06/03 01:12:02 Job was aborted by the user.
	via condor_rm (by user scoggim)
...
000 (2524.264.000) 06/03 01:12:07 Job submitted from host: <140.160.143.131:9618?addrs=140.160.143.131-9618&noUDP&sock=3131910_565e_30>
...
009 (2524.264.000) 06/03 11:11:23 Job was aborted by the user.
	via condor_rm (by user scoggim)
...
000 (2525.264.000) 06/03 11:11:42 Job submitted from host: <140.160.143.131:9618?addrs=140.160.143.131-9618&noUDP&sock=3131910_565e_30>
...
001 (2525.264.000) 06/10 13:22:27 Job executing on host: <140.160.143.144:9618?addrs=140.160.143.144-9618&noUDP&sock=16727_e8c0_3>
...
006 (2525.264.000) 06/10 13:22:35 Image size of job updated: 62168
	61  -  MemoryUsage of job (MB)
	62168  -  ResidentSetSize of job (KB)
...
006 (2525.264.000) 06/13 05:09:16 Image size of job updated: 67064
	66  -  MemoryUsage of job (MB)
	67064  -  ResidentSetSize of job (KB)
...
005 (2525.264.000) 06/17 03:01:31 Job terminated.
	(1) Normal termination (return value 0)
		Usr 6 13:21:01, Sys 0 00:00:13  -  Run Remote Usage
		Usr 0 00:00:00, Sys 0 00:00:00  -  Run Local Usage
		Usr 6 13:21:01, Sys 0 00:00:13  -  Total Remote Usage
		Usr 0 00:00:00, Sys 0 00:00:00  -  Total Local Usage
	0  -  Run Bytes Sent By Job
	0  -  Run Bytes Received By Job
	0  -  Total Bytes Sent By Job
	0  -  Total Bytes Received By Job
	Partitionable Resources :    Usage  Request Allocated 
	   Cpus                 :     1.00        1         1 
	   Disk (KB)            :   175         175    881004 
	   Memory (MB)          :    66           1       128 
...
