000 (2133.151.000) 03/25 10:58:12 Job submitted from host: <140.160.143.131:9618?addrs=140.160.143.131-9618&noUDP&sock=3219958_f11d_13>
...
001 (2133.151.000) 03/25 18:01:18 Job executing on host: <140.160.143.142:9618?addrs=140.160.143.142-9618&noUDP&sock=8883_93de_3>
...
006 (2133.151.000) 03/25 18:01:27 Image size of job updated: 1004
	1  -  MemoryUsage of job (MB)
	988  -  ResidentSetSize of job (KB)
...
006 (2133.151.000) 03/25 18:06:28 Image size of job updated: 1008
	1  -  MemoryUsage of job (MB)
	992  -  ResidentSetSize of job (KB)
...
006 (2133.151.000) 03/25 18:11:28 Image size of job updated: 1080
	1  -  MemoryUsage of job (MB)
	992  -  ResidentSetSize of job (KB)
...
006 (2133.151.000) 03/25 18:26:30 Image size of job updated: 1084
	1  -  MemoryUsage of job (MB)
	992  -  ResidentSetSize of job (KB)
...
006 (2133.151.000) 03/25 18:36:30 Image size of job updated: 1124
	1  -  MemoryUsage of job (MB)
	992  -  ResidentSetSize of job (KB)
...
005 (2133.151.000) 03/25 18:37:42 Job terminated.
	(1) Normal termination (return value 0)
		Usr 0 01:32:44, Sys 0 00:52:48  -  Run Remote Usage
		Usr 0 00:00:00, Sys 0 00:00:00  -  Run Local Usage
		Usr 0 01:32:44, Sys 0 00:52:48  -  Total Remote Usage
		Usr 0 00:00:00, Sys 0 00:00:00  -  Total Local Usage
	0  -  Run Bytes Sent By Job
	0  -  Run Bytes Received By Job
	0  -  Total Bytes Sent By Job
	0  -  Total Bytes Received By Job
	Partitionable Resources :    Usage  Request Allocated 
	   Cpus                 :     3.96        4         4 
	   Disk (KB)            :   175         175    881178 
	   Memory (MB)          :     1           1       128 
...
