000 (2161.122.000) 04/19 11:39:22 Job submitted from host: <140.160.143.131:9618?addrs=140.160.143.131-9618&noUDP&sock=3131910_565e_30>
...
001 (2161.122.000) 04/21 08:38:14 Job executing on host: <140.160.143.164:9618?addrs=140.160.143.164-9618&noUDP&sock=59457_2292_3>
...
006 (2161.122.000) 04/21 08:38:22 Image size of job updated: 4792
	5  -  MemoryUsage of job (MB)
	4792  -  ResidentSetSize of job (KB)
...
006 (2161.122.000) 04/21 10:08:32 Image size of job updated: 5040
	5  -  MemoryUsage of job (MB)
	5040  -  ResidentSetSize of job (KB)
...
005 (2161.122.000) 04/22 07:33:30 Job terminated.
	(1) Normal termination (return value 0)
		Usr 2 11:51:45, Sys 1 07:46:55  -  Run Remote Usage
		Usr 0 00:00:00, Sys 0 00:00:00  -  Run Local Usage
		Usr 2 11:51:45, Sys 1 07:46:55  -  Total Remote Usage
		Usr 0 00:00:00, Sys 0 00:00:00  -  Total Local Usage
	0  -  Run Bytes Sent By Job
	0  -  Run Bytes Received By Job
	0  -  Total Bytes Sent By Job
	0  -  Total Bytes Received By Job
	Partitionable Resources :    Usage  Request Allocated 
	   Cpus                 :     4.00        4         4 
	   Disk (KB)            :   175         175    844642 
	   Memory (MB)          :     5           1       128 
...
000 (2267.1643.000) 04/28 23:44:38 Job submitted from host: <140.160.143.131:9618?addrs=140.160.143.131-9618&noUDP&sock=3131910_565e_30>
...
009 (2267.1643.000) 05/11 12:17:54 Job was aborted by the user.
	via condor_rm (by user scoggim)
...
000 (2400.967.000) 05/11 12:37:10 Job submitted from host: <140.160.143.131:9618?addrs=140.160.143.131-9618&noUDP&sock=3131910_565e_30>
...
001 (2400.967.000) 05/12 19:46:04 Job executing on host: <140.160.143.167:9618?addrs=140.160.143.167-9618&noUDP&sock=15487_5f50_3>
...
006 (2400.967.000) 05/12 19:46:13 Image size of job updated: 4028
	4  -  MemoryUsage of job (MB)
	4028  -  ResidentSetSize of job (KB)
...
005 (2400.967.000) 05/13 06:32:50 Job terminated.
	(1) Normal termination (return value 0)
		Usr 0 10:46:43, Sys 0 00:00:00  -  Run Remote Usage
		Usr 0 00:00:00, Sys 0 00:00:00  -  Run Local Usage
		Usr 0 10:46:43, Sys 0 00:00:00  -  Total Remote Usage
		Usr 0 00:00:00, Sys 0 00:00:00  -  Total Local Usage
	0  -  Run Bytes Sent By Job
	0  -  Run Bytes Received By Job
	0  -  Total Bytes Sent By Job
	0  -  Total Bytes Received By Job
	Partitionable Resources :    Usage  Request Allocated 
	   Cpus                 :     1.00        1         1 
	   Disk (KB)            :   175         175    844734 
	   Memory (MB)          :     4           1       128 
...
