000 (674415.000.000) 09/14 14:18:50 Job submitted from host: <140.160.143.130:9618?addrs=140.160.143.130-9618&noUDP&sock=5591_da80_4>
...
009 (674415.000.000) 09/14 14:20:43 Job was aborted by the user.
	via condor_rm (by user scoggim)
...
000 (674559.000.000) 09/14 14:25:59 Job submitted from host: <140.160.143.130:9618?addrs=140.160.143.130-9618&noUDP&sock=5591_da80_4>
...
000 (674703.000.000) 09/14 14:26:40 Job submitted from host: <140.160.143.130:9618?addrs=140.160.143.130-9618&noUDP&sock=5591_da80_4>
...
000 (674847.000.000) 09/14 14:27:39 Job submitted from host: <140.160.143.130:9618?addrs=140.160.143.130-9618&noUDP&sock=5591_da80_4>
...
009 (674847.000.000) 09/14 14:46:32 Job was aborted by the user.
	via condor_rm (by user scoggim)
...
009 (674559.000.000) 09/14 14:46:33 Job was aborted by the user.
	via condor_rm (by user scoggim)
...
009 (674703.000.000) 09/14 14:46:33 Job was aborted by the user.
	via condor_rm (by user scoggim)
...
000 (675027.000.000) 09/14 22:20:25 Job submitted from host: <140.160.143.130:9618?addrs=140.160.143.130-9618&noUDP&sock=5591_da80_4>
...
001 (675027.000.000) 09/15 23:48:49 Job executing on host: <140.160.143.157:9618?addrs=140.160.143.157-9618&noUDP&sock=4484_2bf8_11>
...
006 (675027.000.000) 09/15 23:48:58 Image size of job updated: 3680
	3  -  MemoryUsage of job (MB)
	2280  -  ResidentSetSize of job (KB)
...
006 (675027.000.000) 09/15 23:53:59 Image size of job updated: 56188
	54  -  MemoryUsage of job (MB)
	54788  -  ResidentSetSize of job (KB)
...
006 (675027.000.000) 09/15 23:59:00 Image size of job updated: 105908
	103  -  MemoryUsage of job (MB)
	104508  -  ResidentSetSize of job (KB)
...
006 (675027.000.000) 09/16 00:04:00 Image size of job updated: 156872
	152  -  MemoryUsage of job (MB)
	155472  -  ResidentSetSize of job (KB)
...
006 (675027.000.000) 09/16 00:09:01 Image size of job updated: 206084
	200  -  MemoryUsage of job (MB)
	204684  -  ResidentSetSize of job (KB)
...
006 (675027.000.000) 09/16 00:14:02 Image size of job updated: 256076
	249  -  MemoryUsage of job (MB)
	254676  -  ResidentSetSize of job (KB)
...
006 (675027.000.000) 09/16 00:19:02 Image size of job updated: 306164
	298  -  MemoryUsage of job (MB)
	304764  -  ResidentSetSize of job (KB)
...
006 (675027.000.000) 09/16 00:24:02 Image size of job updated: 356588
	347  -  MemoryUsage of job (MB)
	355188  -  ResidentSetSize of job (KB)
...
006 (675027.000.000) 09/16 00:29:03 Image size of job updated: 407276
	397  -  MemoryUsage of job (MB)
	405876  -  ResidentSetSize of job (KB)
...
006 (675027.000.000) 09/16 00:34:04 Image size of job updated: 460164
	449  -  MemoryUsage of job (MB)
	458764  -  ResidentSetSize of job (KB)
...
006 (675027.000.000) 09/16 00:39:04 Image size of job updated: 512988
	500  -  MemoryUsage of job (MB)
	511588  -  ResidentSetSize of job (KB)
...
006 (675027.000.000) 09/16 00:44:05 Image size of job updated: 563708
	550  -  MemoryUsage of job (MB)
	562308  -  ResidentSetSize of job (KB)
...
006 (675027.000.000) 09/16 00:49:06 Image size of job updated: 614376
	599  -  MemoryUsage of job (MB)
	612976  -  ResidentSetSize of job (KB)
...
006 (675027.000.000) 09/16 00:54:06 Image size of job updated: 664836
	648  -  MemoryUsage of job (MB)
	663436  -  ResidentSetSize of job (KB)
...
006 (675027.000.000) 09/16 00:59:06 Image size of job updated: 716372
	699  -  MemoryUsage of job (MB)
	714972  -  ResidentSetSize of job (KB)
...
006 (675027.000.000) 09/16 01:04:07 Image size of job updated: 768996
	750  -  MemoryUsage of job (MB)
	767596  -  ResidentSetSize of job (KB)
...
006 (675027.000.000) 09/16 01:09:08 Image size of job updated: 819492
	799  -  MemoryUsage of job (MB)
	818092  -  ResidentSetSize of job (KB)
...
006 (675027.000.000) 09/16 01:16:14 Image size of job updated: 851996
	833  -  MemoryUsage of job (MB)
	851996  -  ResidentSetSize of job (KB)
...
006 (675027.000.000) 09/16 01:35:07 Image size of job updated: 852168
	833  -  MemoryUsage of job (MB)
	852084  -  ResidentSetSize of job (KB)
...
006 (675027.000.000) 09/16 02:03:02 Image size of job updated: 852548
	833  -  MemoryUsage of job (MB)
	852528  -  ResidentSetSize of job (KB)
...
006 (675027.000.000) 09/16 02:33:38 Image size of job updated: 990028
	967  -  MemoryUsage of job (MB)
	989780  -  ResidentSetSize of job (KB)
...
006 (675027.000.000) 09/16 02:54:07 Image size of job updated: 1297940
	1268  -  MemoryUsage of job (MB)
	1297692  -  ResidentSetSize of job (KB)
...
006 (675027.000.000) 09/16 03:02:39 Image size of job updated: 1566752
	1268  -  MemoryUsage of job (MB)
	1297692  -  ResidentSetSize of job (KB)
...
005 (675027.000.000) 09/16 03:02:39 Job terminated.
	(1) Normal termination (return value 0)
		Usr 0 02:18:32, Sys 0 01:03:08  -  Run Remote Usage
		Usr 0 00:00:00, Sys 0 00:00:00  -  Run Local Usage
		Usr 0 02:18:32, Sys 0 01:03:08  -  Total Remote Usage
		Usr 0 00:00:00, Sys 0 00:00:00  -  Total Local Usage
	0  -  Run Bytes Sent By Job
	0  -  Run Bytes Received By Job
	0  -  Total Bytes Sent By Job
	0  -  Total Bytes Received By Job
	Partitionable Resources :    Usage  Request Allocated 
	   Cpus                 :     2.00        2         2 
	   Disk (KB)            :   150         150     18045 
	   Memory (MB)          :  1268           1       128 
...
000 (243.000.000) 10/21 16:26:40 Job submitted from host: <140.160.143.131:9618?addrs=140.160.143.131-9618&noUDP&sock=2776_aefe_4>
...
001 (243.000.000) 10/22 10:24:22 Job executing on host: <140.160.143.144:9618?addrs=140.160.143.144-9618&noUDP&sock=1354_4f52_3>
...
006 (243.000.000) 10/22 10:24:31 Image size of job updated: 896
	1  -  MemoryUsage of job (MB)
	896  -  ResidentSetSize of job (KB)
...
006 (243.000.000) 10/22 10:29:32 Image size of job updated: 916
	1  -  MemoryUsage of job (MB)
	916  -  ResidentSetSize of job (KB)
...
005 (243.000.000) 10/22 10:51:08 Job terminated.
	(1) Normal termination (return value 0)
		Usr 0 00:43:28, Sys 0 00:10:02  -  Run Remote Usage
		Usr 0 00:00:00, Sys 0 00:00:00  -  Run Local Usage
		Usr 0 00:43:28, Sys 0 00:10:02  -  Total Remote Usage
		Usr 0 00:00:00, Sys 0 00:00:00  -  Total Local Usage
	0  -  Run Bytes Sent By Job
	0  -  Run Bytes Received By Job
	0  -  Total Bytes Sent By Job
	0  -  Total Bytes Received By Job
	Partitionable Resources :    Usage  Request Allocated 
	   Cpus                 :     2.00        2         2 
	   Disk (KB)            :   150         150    888004 
	   Memory (MB)          :     1       20480     20480 
...
