000 (2267.958.000) 04/28 23:44:32 Job submitted from host: <140.160.143.131:9618?addrs=140.160.143.131-9618&noUDP&sock=3131910_565e_30>
...
000 (2268.958.000) 04/28 23:46:21 Job submitted from host: <140.160.143.131:9618?addrs=140.160.143.131-9618&noUDP&sock=3131910_565e_30>
...
001 (2267.958.000) 05/05 13:11:22 Job executing on host: <140.160.143.163:9618?addrs=140.160.143.163-9618&noUDP&sock=45405_a1c0_3>
...
006 (2267.958.000) 05/05 13:11:31 Image size of job updated: 2708
	3  -  MemoryUsage of job (MB)
	2708  -  ResidentSetSize of job (KB)
...
006 (2267.958.000) 05/05 13:16:32 Image size of job updated: 2712
	3  -  MemoryUsage of job (MB)
	2712  -  ResidentSetSize of job (KB)
...
006 (2267.958.000) 05/06 22:12:00 Image size of job updated: 215316
	3  -  MemoryUsage of job (MB)
	2712  -  ResidentSetSize of job (KB)
...
005 (2267.958.000) 05/06 22:12:00 Job terminated.
	(1) Normal termination (return value 0)
		Usr 3 03:06:23, Sys 2 07:01:18  -  Run Remote Usage
		Usr 0 00:00:00, Sys 0 00:00:00  -  Run Local Usage
		Usr 3 03:06:23, Sys 2 07:01:18  -  Total Remote Usage
		Usr 0 00:00:00, Sys 0 00:00:00  -  Total Local Usage
	0  -  Run Bytes Sent By Job
	0  -  Run Bytes Received By Job
	0  -  Total Bytes Sent By Job
	0  -  Total Bytes Received By Job
	Partitionable Resources :    Usage  Request Allocated 
	   Cpus                 :     4.00        4         4 
	   Disk (KB)            :   175         175    844750 
	   Memory (MB)          :     3           1       128 
...
009 (2268.958.000) 05/11 09:58:44 Job was aborted by the user.
	via condor_rm (by user scoggim)
...
000 (2400.282.000) 05/11 12:37:09 Job submitted from host: <140.160.143.131:9618?addrs=140.160.143.131-9618&noUDP&sock=3131910_565e_30>
...
001 (2400.282.000) 05/12 09:31:01 Job executing on host: <140.160.143.153:9618?addrs=140.160.143.153-9618&noUDP&sock=3174_adb0_3>
...
006 (2400.282.000) 05/12 09:31:09 Image size of job updated: 2048
	2  -  MemoryUsage of job (MB)
	2048  -  ResidentSetSize of job (KB)
...
006 (2400.282.000) 05/12 09:36:09 Image size of job updated: 2052
	3  -  MemoryUsage of job (MB)
	2052  -  ResidentSetSize of job (KB)
...
005 (2400.282.000) 05/12 20:41:28 Job terminated.
	(1) Normal termination (return value 0)
		Usr 0 11:09:36, Sys 0 00:00:00  -  Run Remote Usage
		Usr 0 00:00:00, Sys 0 00:00:00  -  Run Local Usage
		Usr 0 11:09:36, Sys 0 00:00:00  -  Total Remote Usage
		Usr 0 00:00:00, Sys 0 00:00:00  -  Total Local Usage
	0  -  Run Bytes Sent By Job
	0  -  Run Bytes Received By Job
	0  -  Total Bytes Sent By Job
	0  -  Total Bytes Received By Job
	Partitionable Resources :    Usage  Request Allocated 
	   Cpus                 :     1.00        1         1 
	   Disk (KB)            :   175         175    870398 
	   Gpus                 :                           0 
	   Memory (MB)          :     3           1       128 
...
000 (2511.958.000) 05/27 15:03:47 Job submitted from host: <140.160.143.131:9618?addrs=140.160.143.131-9618&noUDP&sock=3131910_565e_30>
...
001 (2511.958.000) 05/28 08:24:28 Job executing on host: <140.160.143.160:9618?addrs=140.160.143.160-9618&noUDP&sock=59753_2a9b_3>
...
006 (2511.958.000) 05/28 08:24:37 Image size of job updated: 36628
	36  -  MemoryUsage of job (MB)
	36628  -  ResidentSetSize of job (KB)
...
006 (2511.958.000) 05/28 08:54:40 Image size of job updated: 41528
	41  -  MemoryUsage of job (MB)
	41528  -  ResidentSetSize of job (KB)
...
005 (2511.958.000) 05/29 10:26:03 Job terminated.
	(1) Normal termination (return value 0)
		Usr 1 02:01:30, Sys 0 00:00:01  -  Run Remote Usage
		Usr 0 00:00:00, Sys 0 00:00:00  -  Run Local Usage
		Usr 1 02:01:30, Sys 0 00:00:01  -  Total Remote Usage
		Usr 0 00:00:00, Sys 0 00:00:00  -  Total Local Usage
	0  -  Run Bytes Sent By Job
	0  -  Run Bytes Received By Job
	0  -  Total Bytes Sent By Job
	0  -  Total Bytes Received By Job
	Partitionable Resources :    Usage  Request Allocated 
	   Cpus                 :     1.00        1         1 
	   Disk (KB)            :   175         175    844516 
	   Memory (MB)          :    41           1       128 
...
000 (2516.282.000) 06/02 11:26:50 Job submitted from host: <140.160.143.131:9618?addrs=140.160.143.131-9618&noUDP&sock=3131910_565e_30>
...
009 (2516.282.000) 06/03 01:05:47 Job was aborted by the user.
	via condor_rm (by user scoggim)
...
000 (2523.282.000) 06/03 01:09:45 Job submitted from host: <140.160.143.131:9618?addrs=140.160.143.131-9618&noUDP&sock=3131910_565e_30>
...
009 (2523.282.000) 06/03 01:12:02 Job was aborted by the user.
	via condor_rm (by user scoggim)
...
000 (2524.282.000) 06/03 01:12:07 Job submitted from host: <140.160.143.131:9618?addrs=140.160.143.131-9618&noUDP&sock=3131910_565e_30>
...
009 (2524.282.000) 06/03 11:11:23 Job was aborted by the user.
	via condor_rm (by user scoggim)
...
000 (2525.282.000) 06/03 11:11:42 Job submitted from host: <140.160.143.131:9618?addrs=140.160.143.131-9618&noUDP&sock=3131910_565e_30>
...
001 (2525.282.000) 06/11 01:10:17 Job executing on host: <140.160.143.147:9618?addrs=140.160.143.147-9618&noUDP&sock=26984_5ba8_3>
...
006 (2525.282.000) 06/11 01:10:26 Image size of job updated: 62160
	61  -  MemoryUsage of job (MB)
	62160  -  ResidentSetSize of job (KB)
...
006 (2525.282.000) 06/11 23:07:45 Image size of job updated: 67056
	66  -  MemoryUsage of job (MB)
	67056  -  ResidentSetSize of job (KB)
...
005 (2525.282.000) 06/13 12:02:23 Job terminated.
	(1) Normal termination (return value 0)
		Usr 2 10:44:45, Sys 0 00:00:08  -  Run Remote Usage
		Usr 0 00:00:00, Sys 0 00:00:00  -  Run Local Usage
		Usr 2 10:44:45, Sys 0 00:00:08  -  Total Remote Usage
		Usr 0 00:00:00, Sys 0 00:00:00  -  Total Local Usage
	0  -  Run Bytes Sent By Job
	0  -  Run Bytes Received By Job
	0  -  Total Bytes Sent By Job
	0  -  Total Bytes Received By Job
	Partitionable Resources :    Usage  Request Allocated 
	   Cpus                 :     1.00        1         1 
	   Disk (KB)            :   175         175    196727 
	   Memory (MB)          :    66           1       128 
...
