000 (2059.249.000) 03/05 16:54:49 Job submitted from host: <140.160.143.131:9618?addrs=140.160.143.131-9618&noUDP&sock=1229063_9141_4>
...
009 (2059.249.000) 03/05 19:47:02 Job was aborted by the user.
	via condor_rm (by user scoggim)
...
000 (2131.249.000) 03/15 01:18:30 Job submitted from host: <140.160.143.131:9618?addrs=140.160.143.131-9618&noUDP&sock=1229063_9141_4>
...
001 (2131.249.000) 03/20 14:02:19 Job executing on host: <140.160.143.165:9618?addrs=140.160.143.165-9618&noUDP&sock=9630_f51d_3>
...
006 (2131.249.000) 03/20 14:02:27 Image size of job updated: 4812
	5  -  MemoryUsage of job (MB)
	4812  -  ResidentSetSize of job (KB)
...
006 (2131.249.000) 03/20 14:47:32 Image size of job updated: 5060
	5  -  MemoryUsage of job (MB)
	5060  -  ResidentSetSize of job (KB)
...
005 (2131.249.000) 03/20 23:31:34 Job terminated.
	(1) Normal termination (return value 0)
		Usr 1 00:40:29, Sys 0 13:15:38  -  Run Remote Usage
		Usr 0 00:00:00, Sys 0 00:00:00  -  Run Local Usage
		Usr 1 00:40:29, Sys 0 13:15:38  -  Total Remote Usage
		Usr 0 00:00:00, Sys 0 00:00:00  -  Total Local Usage
	0  -  Run Bytes Sent By Job
	0  -  Run Bytes Received By Job
	0  -  Total Bytes Sent By Job
	0  -  Total Bytes Received By Job
	Partitionable Resources :    Usage  Request Allocated 
	   Cpus                 :     4.00        4         4 
	   Disk (KB)            :   175         175    844764 
	   Memory (MB)          :     5           1       128 
...
000 (2160.008.000) 04/19 11:38:06 Job submitted from host: <140.160.143.131:9618?addrs=140.160.143.131-9618&noUDP&sock=3131910_565e_30>
...
001 (2160.008.000) 04/19 11:38:10 Job executing on host: <140.160.143.143:9618?addrs=140.160.143.143-9618&noUDP&sock=6169_ffd6_3>
...
006 (2160.008.000) 04/19 11:38:18 Image size of job updated: 4756
	5  -  MemoryUsage of job (MB)
	4756  -  ResidentSetSize of job (KB)
...
004 (2160.008.000) 04/19 11:38:53 Job was evicted.
	(0) Job was not checkpointed.
		Usr 0 00:02:04, Sys 0 00:00:44  -  Run Remote Usage
		Usr 0 00:00:00, Sys 0 00:00:00  -  Run Local Usage
	0  -  Run Bytes Sent By Job
	0  -  Run Bytes Received By Job
	Partitionable Resources :    Usage  Request Allocated 
	   Cpus                 :        0        4         4 
	   Disk (KB)            :      175      175    881220 
	   Memory (MB)          :        5        1       128 
...
009 (2160.008.000) 04/19 11:38:53 Job was aborted by the user.
	via condor_rm (by user scoggim)
...
