000 (2060.041.000) 03/05 20:07:43 Job submitted from host: <140.160.143.131:9618?addrs=140.160.143.131-9618&noUDP&sock=1229063_9141_4>
...
009 (2060.041.000) 03/05 20:07:53 Job was aborted by the user.
	via condor_rm (by user scoggim)
...
000 (2072.006.000) 03/05 20:16:28 Job submitted from host: <140.160.143.131:9618?addrs=140.160.143.131-9618&noUDP&sock=1229063_9141_4>
...
001 (2072.006.000) 03/09 01:05:38 Job executing on host: <140.160.143.147:9618?addrs=140.160.143.147-9618&noUDP&sock=28833_9e45_3>
...
006 (2072.006.000) 03/09 01:05:47 Image size of job updated: 968
	1  -  MemoryUsage of job (MB)
	968  -  ResidentSetSize of job (KB)
...
006 (2072.006.000) 03/09 01:15:47 Image size of job updated: 972
	1  -  MemoryUsage of job (MB)
	972  -  ResidentSetSize of job (KB)
...
005 (2072.006.000) 03/09 01:27:50 Job terminated.
	(1) Normal termination (return value 0)
		Usr 0 00:56:05, Sys 0 00:32:31  -  Run Remote Usage
		Usr 0 00:00:00, Sys 0 00:00:00  -  Run Local Usage
		Usr 0 00:56:05, Sys 0 00:32:31  -  Total Remote Usage
		Usr 0 00:00:00, Sys 0 00:00:00  -  Total Local Usage
	0  -  Run Bytes Sent By Job
	0  -  Run Bytes Received By Job
	0  -  Total Bytes Sent By Job
	0  -  Total Bytes Received By Job
	Partitionable Resources :    Usage  Request Allocated 
	   Cpus                 :     4.00        4         4 
	   Disk (KB)            :   175         175    197501 
	   Memory (MB)          :     1           1       128 
...
000 (2134.041.000) 03/25 11:02:21 Job submitted from host: <140.160.143.131:9618?addrs=140.160.143.131-9618&noUDP&sock=3219958_f11d_13>
...
009 (2134.041.000) 03/25 11:05:05 Job was aborted by the user.
	via condor_rm (by user scoggim)
...
000 (2135.041.000) 03/25 11:05:14 Job submitted from host: <140.160.143.131:9618?addrs=140.160.143.131-9618&noUDP&sock=3219958_f11d_13>
...
001 (2135.041.000) 03/26 10:50:28 Job executing on host: <140.160.143.167:9618?addrs=140.160.143.167-9618&noUDP&sock=15487_5f50_3>
...
006 (2135.041.000) 03/26 10:50:37 Image size of job updated: 4448
	5  -  MemoryUsage of job (MB)
	4448  -  ResidentSetSize of job (KB)
...
006 (2135.041.000) 03/26 11:35:42 Image size of job updated: 4672
	5  -  MemoryUsage of job (MB)
	4672  -  ResidentSetSize of job (KB)
...
005 (2135.041.000) 03/27 01:07:19 Job terminated.
	(1) Normal termination (return value 0)
		Usr 1 13:39:32, Sys 0 19:27:38  -  Run Remote Usage
		Usr 0 00:00:00, Sys 0 00:00:00  -  Run Local Usage
		Usr 1 13:39:32, Sys 0 19:27:38  -  Total Remote Usage
		Usr 0 00:00:00, Sys 0 00:00:00  -  Total Local Usage
	0  -  Run Bytes Sent By Job
	0  -  Run Bytes Received By Job
	0  -  Total Bytes Sent By Job
	0  -  Total Bytes Received By Job
	Partitionable Resources :    Usage  Request Allocated 
	   Cpus                 :     4.00        4         4 
	   Disk (KB)            :   175         175    844734 
	   Memory (MB)          :     5           1       128 
...
