000 (2059.330.000) 03/05 16:54:49 Job submitted from host: <140.160.143.131:9618?addrs=140.160.143.131-9618&noUDP&sock=1229063_9141_4>
...
009 (2059.330.000) 03/05 19:47:03 Job was aborted by the user.
	via condor_rm (by user scoggim)
...
000 (2131.330.000) 03/15 01:18:30 Job submitted from host: <140.160.143.131:9618?addrs=140.160.143.131-9618&noUDP&sock=1229063_9141_4>
...
001 (2131.330.000) 03/21 07:20:41 Job executing on host: <140.160.143.147:9618?addrs=140.160.143.147-9618&noUDP&sock=29188_1e64_3>
...
006 (2131.330.000) 03/21 07:20:50 Image size of job updated: 4768
	5  -  MemoryUsage of job (MB)
	4768  -  ResidentSetSize of job (KB)
...
006 (2131.330.000) 03/21 08:40:57 Image size of job updated: 5012
	5  -  MemoryUsage of job (MB)
	5012  -  ResidentSetSize of job (KB)
...
006 (2131.330.000) 03/22 07:58:22 Image size of job updated: 5096
	5  -  MemoryUsage of job (MB)
	5012  -  ResidentSetSize of job (KB)
...
006 (2131.330.000) 03/22 08:03:22 Image size of job updated: 5124
	5  -  MemoryUsage of job (MB)
	5012  -  ResidentSetSize of job (KB)
...
006 (2131.330.000) 03/22 08:33:25 Image size of job updated: 5140
	5  -  MemoryUsage of job (MB)
	5012  -  ResidentSetSize of job (KB)
...
006 (2131.330.000) 03/22 08:38:25 Image size of job updated: 5144
	5  -  MemoryUsage of job (MB)
	5012  -  ResidentSetSize of job (KB)
...
006 (2131.330.000) 03/22 10:48:39 Image size of job updated: 5180
	5  -  MemoryUsage of job (MB)
	5012  -  ResidentSetSize of job (KB)
...
006 (2131.330.000) 03/22 10:58:40 Image size of job updated: 5208
	5  -  MemoryUsage of job (MB)
	5012  -  ResidentSetSize of job (KB)
...
006 (2131.330.000) 03/22 11:28:44 Image size of job updated: 5228
	5  -  MemoryUsage of job (MB)
	5012  -  ResidentSetSize of job (KB)
...
006 (2131.330.000) 03/23 13:11:22 Image size of job updated: 5272
	5  -  MemoryUsage of job (MB)
	5012  -  ResidentSetSize of job (KB)
...
006 (2131.330.000) 03/23 14:11:29 Image size of job updated: 5296
	5  -  MemoryUsage of job (MB)
	5012  -  ResidentSetSize of job (KB)
...
005 (2131.330.000) 03/23 18:03:13 Job terminated.
	(1) Normal termination (return value 0)
		Usr 7 01:44:45, Sys 2 17:00:02  -  Run Remote Usage
		Usr 0 00:00:00, Sys 0 00:00:00  -  Run Local Usage
		Usr 7 01:44:45, Sys 2 17:00:02  -  Total Remote Usage
		Usr 0 00:00:00, Sys 0 00:00:00  -  Total Local Usage
	0  -  Run Bytes Sent By Job
	0  -  Run Bytes Received By Job
	0  -  Total Bytes Sent By Job
	0  -  Total Bytes Received By Job
	Partitionable Resources :    Usage  Request Allocated 
	   Cpus                 :     4.00        4         4 
	   Disk (KB)            :   175         175    197290 
	   Memory (MB)          :     5           1       128 
...
