000 (2267.737.000) 04/28 23:44:32 Job submitted from host: <140.160.143.131:9618?addrs=140.160.143.131-9618&noUDP&sock=3131910_565e_30>
...
000 (2268.737.000) 04/28 23:46:20 Job submitted from host: <140.160.143.131:9618?addrs=140.160.143.131-9618&noUDP&sock=3131910_565e_30>
...
001 (2267.737.000) 05/01 12:15:26 Job executing on host: <140.160.143.164:9618?addrs=140.160.143.164-9618&noUDP&sock=59457_2292_3>
...
006 (2267.737.000) 05/01 12:15:34 Image size of job updated: 2736
	3  -  MemoryUsage of job (MB)
	2736  -  ResidentSetSize of job (KB)
...
005 (2267.737.000) 05/02 05:31:14 Job terminated.
	(1) Normal termination (return value 0)
		Usr 1 15:34:07, Sys 1 05:28:03  -  Run Remote Usage
		Usr 0 00:00:00, Sys 0 00:00:00  -  Run Local Usage
		Usr 1 15:34:07, Sys 1 05:28:03  -  Total Remote Usage
		Usr 0 00:00:00, Sys 0 00:00:00  -  Total Local Usage
	0  -  Run Bytes Sent By Job
	0  -  Run Bytes Received By Job
	0  -  Total Bytes Sent By Job
	0  -  Total Bytes Received By Job
	Partitionable Resources :    Usage  Request Allocated 
	   Cpus                 :     4.00        4         4 
	   Disk (KB)            :   175         175    844642 
	   Memory (MB)          :     3           1       128 
...
009 (2268.737.000) 05/11 09:58:40 Job was aborted by the user.
	via condor_rm (by user scoggim)
...
000 (2400.061.000) 05/11 12:37:09 Job submitted from host: <140.160.143.131:9618?addrs=140.160.143.131-9618&noUDP&sock=3131910_565e_30>
...
001 (2400.061.000) 05/11 12:37:13 Job executing on host: <140.160.143.143:9618?addrs=140.160.143.143-9618&noUDP&sock=6169_ffd6_3>
...
006 (2400.061.000) 05/11 12:37:21 Image size of job updated: 2048
	2  -  MemoryUsage of job (MB)
	2048  -  ResidentSetSize of job (KB)
...
006 (2400.061.000) 05/11 12:52:23 Image size of job updated: 2052
	3  -  MemoryUsage of job (MB)
	2052  -  ResidentSetSize of job (KB)
...
005 (2400.061.000) 05/11 18:36:57 Job terminated.
	(1) Normal termination (return value 0)
		Usr 0 05:59:24, Sys 0 00:00:00  -  Run Remote Usage
		Usr 0 00:00:00, Sys 0 00:00:00  -  Run Local Usage
		Usr 0 05:59:24, Sys 0 00:00:00  -  Total Remote Usage
		Usr 0 00:00:00, Sys 0 00:00:00  -  Total Local Usage
	0  -  Run Bytes Sent By Job
	0  -  Run Bytes Received By Job
	0  -  Total Bytes Sent By Job
	0  -  Total Bytes Received By Job
	Partitionable Resources :    Usage  Request Allocated 
	   Cpus                 :     1.00        1         1 
	   Disk (KB)            :   175         175    881220 
	   Memory (MB)          :     3           1       128 
...
000 (2511.737.000) 05/27 15:03:25 Job submitted from host: <140.160.143.131:9618?addrs=140.160.143.131-9618&noUDP&sock=3131910_565e_30>
...
001 (2511.737.000) 05/27 22:25:24 Job executing on host: <140.160.143.153:9618?addrs=140.160.143.153-9618&noUDP&sock=3174_adb0_3>
...
006 (2511.737.000) 05/27 22:25:32 Image size of job updated: 62176
	61  -  MemoryUsage of job (MB)
	62176  -  ResidentSetSize of job (KB)
...
006 (2511.737.000) 05/31 13:14:16 Image size of job updated: 145796
	61  -  MemoryUsage of job (MB)
	62176  -  ResidentSetSize of job (KB)
...
004 (2511.737.000) 05/31 13:14:16 Job was evicted.
	(0) Job was not checkpointed.
		Usr 3 14:38:33, Sys 0 00:00:12  -  Run Remote Usage
		Usr 0 00:00:00, Sys 0 00:00:00  -  Run Local Usage
	0  -  Run Bytes Sent By Job
	0  -  Run Bytes Received By Job
	Partitionable Resources :    Usage  Request Allocated 
	   Cpus                 :     1.00        1         1 
	   Disk (KB)            :   175         175    870398 
	   Gpus                 :                           0 
	   Memory (MB)          :    61           1       128 
...
009 (2511.737.000) 05/31 13:14:17 Job was aborted by the user.
	via condor_rm (by user scoggim)
...
000 (2516.061.000) 06/02 11:26:45 Job submitted from host: <140.160.143.131:9618?addrs=140.160.143.131-9618&noUDP&sock=3131910_565e_30>
...
001 (2516.061.000) 06/02 11:26:58 Job executing on host: <140.160.143.144:9618?addrs=140.160.143.144-9618&noUDP&sock=16727_e8c0_3>
...
006 (2516.061.000) 06/02 11:27:07 Image size of job updated: 62180
	61  -  MemoryUsage of job (MB)
	62180  -  ResidentSetSize of job (KB)
...
006 (2516.061.000) 06/03 01:05:38 Image size of job updated: 145796
	61  -  MemoryUsage of job (MB)
	62180  -  ResidentSetSize of job (KB)
...
004 (2516.061.000) 06/03 01:05:38 Job was evicted.
	(0) Job was not checkpointed.
		Usr 0 13:37:28, Sys 0 00:00:01  -  Run Remote Usage
		Usr 0 00:00:00, Sys 0 00:00:00  -  Run Local Usage
	0  -  Run Bytes Sent By Job
	0  -  Run Bytes Received By Job
	Partitionable Resources :    Usage  Request Allocated 
	   Cpus                 :     1.00        1         1 
	   Disk (KB)            :   175         175    881004 
	   Memory (MB)          :    61           1       128 
...
009 (2516.061.000) 06/03 01:05:38 Job was aborted by the user.
	via condor_rm (by user scoggim)
...
000 (2523.061.000) 06/03 01:09:42 Job submitted from host: <140.160.143.131:9618?addrs=140.160.143.131-9618&noUDP&sock=3131910_565e_30>
...
009 (2523.061.000) 06/03 01:12:02 Job was aborted by the user.
	via condor_rm (by user scoggim)
...
000 (2524.061.000) 06/03 01:12:07 Job submitted from host: <140.160.143.131:9618?addrs=140.160.143.131-9618&noUDP&sock=3131910_565e_30>
...
009 (2524.061.000) 06/03 11:11:22 Job was aborted by the user.
	via condor_rm (by user scoggim)
...
000 (2525.061.000) 06/03 11:11:41 Job submitted from host: <140.160.143.131:9618?addrs=140.160.143.131-9618&noUDP&sock=3131910_565e_30>
...
001 (2525.061.000) 06/03 11:12:04 Job executing on host: <140.160.143.147:9618?addrs=140.160.143.147-9618&noUDP&sock=26984_5ba8_3>
...
006 (2525.061.000) 06/03 11:12:13 Image size of job updated: 62160
	61  -  MemoryUsage of job (MB)
	62160  -  ResidentSetSize of job (KB)
...
005 (2525.061.000) 06/05 20:32:36 Job terminated.
	(1) Normal termination (return value 0)
		Usr 2 09:14:04, Sys 0 00:00:03  -  Run Remote Usage
		Usr 0 00:00:00, Sys 0 00:00:00  -  Run Local Usage
		Usr 2 09:14:04, Sys 0 00:00:03  -  Total Remote Usage
		Usr 0 00:00:00, Sys 0 00:00:00  -  Total Local Usage
	0  -  Run Bytes Sent By Job
	0  -  Run Bytes Received By Job
	0  -  Total Bytes Sent By Job
	0  -  Total Bytes Received By Job
	Partitionable Resources :    Usage  Request Allocated 
	   Cpus                 :     1.00        1         1 
	   Disk (KB)            :   175         175    196727 
	   Memory (MB)          :    61           1       128 
...
