000 (674404.000.000) 09/14 14:18:49 Job submitted from host: <140.160.143.130:9618?addrs=140.160.143.130-9618&noUDP&sock=5591_da80_4>
...
009 (674404.000.000) 09/14 14:20:43 Job was aborted by the user.
	via condor_rm (by user scoggim)
...
000 (674548.000.000) 09/14 14:25:58 Job submitted from host: <140.160.143.130:9618?addrs=140.160.143.130-9618&noUDP&sock=5591_da80_4>
...
000 (674692.000.000) 09/14 14:26:40 Job submitted from host: <140.160.143.130:9618?addrs=140.160.143.130-9618&noUDP&sock=5591_da80_4>
...
000 (674836.000.000) 09/14 14:27:38 Job submitted from host: <140.160.143.130:9618?addrs=140.160.143.130-9618&noUDP&sock=5591_da80_4>
...
009 (674692.000.000) 09/14 14:46:33 Job was aborted by the user.
	via condor_rm (by user scoggim)
...
009 (674836.000.000) 09/14 14:46:33 Job was aborted by the user.
	via condor_rm (by user scoggim)
...
009 (674548.000.000) 09/14 14:46:33 Job was aborted by the user.
	via condor_rm (by user scoggim)
...
000 (675016.000.000) 09/14 22:20:25 Job submitted from host: <140.160.143.130:9618?addrs=140.160.143.130-9618&noUDP&sock=5591_da80_4>
...
001 (675016.000.000) 09/15 19:27:47 Job executing on host: <140.160.143.152:9618?addrs=140.160.143.152-9618&noUDP&sock=4519_8cf9_3>
...
006 (675016.000.000) 09/15 19:27:55 Image size of job updated: 2268
	3  -  MemoryUsage of job (MB)
	2268  -  ResidentSetSize of job (KB)
...
006 (675016.000.000) 09/15 19:32:55 Image size of job updated: 53200
	52  -  MemoryUsage of job (MB)
	53200  -  ResidentSetSize of job (KB)
...
006 (675016.000.000) 09/16 02:38:39 Image size of job updated: 6474428
	52  -  MemoryUsage of job (MB)
	53200  -  ResidentSetSize of job (KB)
...
006 (675016.000.000) 09/16 02:43:40 Image size of job updated: 6548796
	52  -  MemoryUsage of job (MB)
	53200  -  ResidentSetSize of job (KB)
...
006 (675016.000.000) 09/16 02:48:40 Image size of job updated: 6623948
	52  -  MemoryUsage of job (MB)
	53200  -  ResidentSetSize of job (KB)
...
006 (675016.000.000) 09/16 02:53:40 Image size of job updated: 6698512
	52  -  MemoryUsage of job (MB)
	53200  -  ResidentSetSize of job (KB)
...
006 (675016.000.000) 09/16 02:58:41 Image size of job updated: 6774224
	52  -  MemoryUsage of job (MB)
	53200  -  ResidentSetSize of job (KB)
...
006 (675016.000.000) 09/16 03:03:41 Image size of job updated: 6848340
	52  -  MemoryUsage of job (MB)
	53200  -  ResidentSetSize of job (KB)
...
006 (675016.000.000) 09/16 03:08:41 Image size of job updated: 6922512
	52  -  MemoryUsage of job (MB)
	53200  -  ResidentSetSize of job (KB)
...
006 (675016.000.000) 09/16 03:13:42 Image size of job updated: 6996544
	52  -  MemoryUsage of job (MB)
	53200  -  ResidentSetSize of job (KB)
...
006 (675016.000.000) 09/16 03:18:43 Image size of job updated: 7070940
	52  -  MemoryUsage of job (MB)
	53200  -  ResidentSetSize of job (KB)
...
006 (675016.000.000) 09/16 03:23:43 Image size of job updated: 7146204
	52  -  MemoryUsage of job (MB)
	53200  -  ResidentSetSize of job (KB)
...
006 (675016.000.000) 09/16 03:28:43 Image size of job updated: 7220796
	52  -  MemoryUsage of job (MB)
	53200  -  ResidentSetSize of job (KB)
...
006 (675016.000.000) 09/16 03:33:44 Image size of job updated: 7294800
	52  -  MemoryUsage of job (MB)
	53200  -  ResidentSetSize of job (KB)
...
006 (675016.000.000) 09/16 03:38:44 Image size of job updated: 7368384
	52  -  MemoryUsage of job (MB)
	53200  -  ResidentSetSize of job (KB)
...
006 (675016.000.000) 09/16 03:43:44 Image size of job updated: 7443536
	52  -  MemoryUsage of job (MB)
	53200  -  ResidentSetSize of job (KB)
...
006 (675016.000.000) 09/16 03:48:45 Image size of job updated: 7516952
	52  -  MemoryUsage of job (MB)
	53200  -  ResidentSetSize of job (KB)
...
006 (675016.000.000) 09/16 03:53:46 Image size of job updated: 7590760
	52  -  MemoryUsage of job (MB)
	53200  -  ResidentSetSize of job (KB)
...
006 (675016.000.000) 09/16 03:58:46 Image size of job updated: 7664680
	52  -  MemoryUsage of job (MB)
	53200  -  ResidentSetSize of job (KB)
...
006 (675016.000.000) 09/16 04:03:47 Image size of job updated: 7738180
	52  -  MemoryUsage of job (MB)
	53200  -  ResidentSetSize of job (KB)
...
006 (675016.000.000) 09/16 04:08:48 Image size of job updated: 7811904
	52  -  MemoryUsage of job (MB)
	53200  -  ResidentSetSize of job (KB)
...
006 (675016.000.000) 09/16 04:13:48 Image size of job updated: 7885404
	52  -  MemoryUsage of job (MB)
	53200  -  ResidentSetSize of job (KB)
...
006 (675016.000.000) 09/16 04:18:48 Image size of job updated: 7957588
	52  -  MemoryUsage of job (MB)
	53200  -  ResidentSetSize of job (KB)
...
006 (675016.000.000) 09/16 04:23:49 Image size of job updated: 8024004
	52  -  MemoryUsage of job (MB)
	53200  -  ResidentSetSize of job (KB)
...
006 (675016.000.000) 09/16 04:28:49 Image size of job updated: 8098372
	52  -  MemoryUsage of job (MB)
	53200  -  ResidentSetSize of job (KB)
...
006 (675016.000.000) 09/16 04:33:50 Image size of job updated: 8172292
	52  -  MemoryUsage of job (MB)
	53200  -  ResidentSetSize of job (KB)
...
006 (675016.000.000) 09/16 04:38:51 Image size of job updated: 8246044
	52  -  MemoryUsage of job (MB)
	53200  -  ResidentSetSize of job (KB)
...
006 (675016.000.000) 09/16 04:43:51 Image size of job updated: 8322008
	52  -  MemoryUsage of job (MB)
	53200  -  ResidentSetSize of job (KB)
...
006 (675016.000.000) 09/16 04:48:51 Image size of job updated: 8398672
	52  -  MemoryUsage of job (MB)
	53200  -  ResidentSetSize of job (KB)
...
006 (675016.000.000) 09/16 04:53:52 Image size of job updated: 8474580
	52  -  MemoryUsage of job (MB)
	53200  -  ResidentSetSize of job (KB)
...
006 (675016.000.000) 09/16 04:58:53 Image size of job updated: 8551020
	52  -  MemoryUsage of job (MB)
	53200  -  ResidentSetSize of job (KB)
...
006 (675016.000.000) 09/16 05:03:53 Image size of job updated: 8627068
	52  -  MemoryUsage of job (MB)
	53200  -  ResidentSetSize of job (KB)
...
006 (675016.000.000) 09/16 05:08:53 Image size of job updated: 8700232
	52  -  MemoryUsage of job (MB)
	53200  -  ResidentSetSize of job (KB)
...
006 (675016.000.000) 09/16 05:13:54 Image size of job updated: 8775300
	52  -  MemoryUsage of job (MB)
	53200  -  ResidentSetSize of job (KB)
...
006 (675016.000.000) 09/16 05:18:54 Image size of job updated: 8848492
	52  -  MemoryUsage of job (MB)
	53200  -  ResidentSetSize of job (KB)
...
006 (675016.000.000) 09/16 05:23:54 Image size of job updated: 8923084
	52  -  MemoryUsage of job (MB)
	53200  -  ResidentSetSize of job (KB)
...
006 (675016.000.000) 09/16 05:28:55 Image size of job updated: 8998488
	52  -  MemoryUsage of job (MB)
	53200  -  ResidentSetSize of job (KB)
...
006 (675016.000.000) 09/16 05:33:56 Image size of job updated: 9073080
	52  -  MemoryUsage of job (MB)
	53200  -  ResidentSetSize of job (KB)
...
006 (675016.000.000) 09/16 05:38:56 Image size of job updated: 9145320
	52  -  MemoryUsage of job (MB)
	53200  -  ResidentSetSize of job (KB)
...
006 (675016.000.000) 09/16 05:43:56 Image size of job updated: 9218876
	52  -  MemoryUsage of job (MB)
	53200  -  ResidentSetSize of job (KB)
...
006 (675016.000.000) 09/16 05:48:57 Image size of job updated: 9293356
	52  -  MemoryUsage of job (MB)
	53200  -  ResidentSetSize of job (KB)
...
006 (675016.000.000) 09/16 05:53:57 Image size of job updated: 9366968
	52  -  MemoryUsage of job (MB)
	53200  -  ResidentSetSize of job (KB)
...
006 (675016.000.000) 09/16 05:58:57 Image size of job updated: 9441644
	52  -  MemoryUsage of job (MB)
	53200  -  ResidentSetSize of job (KB)
...
006 (675016.000.000) 09/16 06:03:58 Image size of job updated: 9515368
	52  -  MemoryUsage of job (MB)
	53200  -  ResidentSetSize of job (KB)
...
006 (675016.000.000) 09/16 06:08:59 Image size of job updated: 9576968
	52  -  MemoryUsage of job (MB)
	53200  -  ResidentSetSize of job (KB)
...
006 (675016.000.000) 09/16 06:14:00 Image size of job updated: 9649880
	52  -  MemoryUsage of job (MB)
	53200  -  ResidentSetSize of job (KB)
...
006 (675016.000.000) 09/16 06:19:01 Image size of job updated: 9721112
	52  -  MemoryUsage of job (MB)
	53200  -  ResidentSetSize of job (KB)
...
006 (675016.000.000) 09/16 06:24:01 Image size of job updated: 9794164
	52  -  MemoryUsage of job (MB)
	53200  -  ResidentSetSize of job (KB)
...
006 (675016.000.000) 09/16 06:29:01 Image size of job updated: 9869176
	52  -  MemoryUsage of job (MB)
	53200  -  ResidentSetSize of job (KB)
...
006 (675016.000.000) 09/16 06:34:02 Image size of job updated: 9945476
	52  -  MemoryUsage of job (MB)
	53200  -  ResidentSetSize of job (KB)
...
006 (675016.000.000) 09/16 06:39:02 Image size of job updated: 10018948
	52  -  MemoryUsage of job (MB)
	53200  -  ResidentSetSize of job (KB)
...
006 (675016.000.000) 09/16 06:44:02 Image size of job updated: 10094492
	52  -  MemoryUsage of job (MB)
	53200  -  ResidentSetSize of job (KB)
...
006 (675016.000.000) 09/16 06:49:03 Image size of job updated: 10169728
	52  -  MemoryUsage of job (MB)
	53200  -  ResidentSetSize of job (KB)
...
006 (675016.000.000) 09/16 06:54:04 Image size of job updated: 10243200
	52  -  MemoryUsage of job (MB)
	53200  -  ResidentSetSize of job (KB)
...
006 (675016.000.000) 09/16 06:59:04 Image size of job updated: 10316588
	52  -  MemoryUsage of job (MB)
	53200  -  ResidentSetSize of job (KB)
...
006 (675016.000.000) 09/16 07:04:04 Image size of job updated: 10389724
	52  -  MemoryUsage of job (MB)
	53200  -  ResidentSetSize of job (KB)
...
006 (675016.000.000) 09/16 07:09:05 Image size of job updated: 10462524
	52  -  MemoryUsage of job (MB)
	53200  -  ResidentSetSize of job (KB)
...
006 (675016.000.000) 09/16 07:14:05 Image size of job updated: 10536416
	52  -  MemoryUsage of job (MB)
	53200  -  ResidentSetSize of job (KB)
...
006 (675016.000.000) 09/16 07:19:05 Image size of job updated: 10612492
	52  -  MemoryUsage of job (MB)
	53200  -  ResidentSetSize of job (KB)
...
006 (675016.000.000) 09/16 07:24:06 Image size of job updated: 10684424
	52  -  MemoryUsage of job (MB)
	53200  -  ResidentSetSize of job (KB)
...
006 (675016.000.000) 09/16 07:29:07 Image size of job updated: 10759800
	52  -  MemoryUsage of job (MB)
	53200  -  ResidentSetSize of job (KB)
...
006 (675016.000.000) 09/16 07:34:07 Image size of job updated: 10833468
	52  -  MemoryUsage of job (MB)
	53200  -  ResidentSetSize of job (KB)
...
006 (675016.000.000) 09/16 07:39:08 Image size of job updated: 10907248
	52  -  MemoryUsage of job (MB)
	53200  -  ResidentSetSize of job (KB)
...
006 (675016.000.000) 09/16 07:44:09 Image size of job updated: 10981728
	52  -  MemoryUsage of job (MB)
	53200  -  ResidentSetSize of job (KB)
...
006 (675016.000.000) 09/16 07:49:09 Image size of job updated: 11057076
	52  -  MemoryUsage of job (MB)
	53200  -  ResidentSetSize of job (KB)
...
006 (675016.000.000) 09/16 07:54:09 Image size of job updated: 11130884
	52  -  MemoryUsage of job (MB)
	53200  -  ResidentSetSize of job (KB)
...
006 (675016.000.000) 09/16 07:59:10 Image size of job updated: 11205672
	52  -  MemoryUsage of job (MB)
	53200  -  ResidentSetSize of job (KB)
...
006 (675016.000.000) 09/16 08:04:10 Image size of job updated: 11276288
	52  -  MemoryUsage of job (MB)
	53200  -  ResidentSetSize of job (KB)
...
006 (675016.000.000) 09/16 08:09:10 Image size of job updated: 11348808
	52  -  MemoryUsage of job (MB)
	53200  -  ResidentSetSize of job (KB)
...
006 (675016.000.000) 09/16 08:14:11 Image size of job updated: 11421804
	52  -  MemoryUsage of job (MB)
	53200  -  ResidentSetSize of job (KB)
...
006 (675016.000.000) 09/16 08:19:12 Image size of job updated: 11492952
	52  -  MemoryUsage of job (MB)
	53200  -  ResidentSetSize of job (KB)
...
006 (675016.000.000) 09/16 08:24:12 Image size of job updated: 11568552
	52  -  MemoryUsage of job (MB)
	53200  -  ResidentSetSize of job (KB)
...
006 (675016.000.000) 09/16 08:29:13 Image size of job updated: 11646084
	52  -  MemoryUsage of job (MB)
	53200  -  ResidentSetSize of job (KB)
...
006 (675016.000.000) 09/16 08:34:14 Image size of job updated: 11719052
	52  -  MemoryUsage of job (MB)
	53200  -  ResidentSetSize of job (KB)
...
006 (675016.000.000) 09/16 08:39:14 Image size of job updated: 11793840
	52  -  MemoryUsage of job (MB)
	53200  -  ResidentSetSize of job (KB)
...
006 (675016.000.000) 09/16 08:44:14 Image size of job updated: 11869188
	52  -  MemoryUsage of job (MB)
	53200  -  ResidentSetSize of job (KB)
...
006 (675016.000.000) 09/16 08:49:15 Image size of job updated: 11943744
	52  -  MemoryUsage of job (MB)
	53200  -  ResidentSetSize of job (KB)
...
006 (675016.000.000) 09/16 08:54:16 Image size of job updated: 12015936
	52  -  MemoryUsage of job (MB)
	53200  -  ResidentSetSize of job (KB)
...
006 (675016.000.000) 09/16 08:59:16 Image size of job updated: 12088988
	52  -  MemoryUsage of job (MB)
	53200  -  ResidentSetSize of job (KB)
...
006 (675016.000.000) 09/16 09:04:16 Image size of job updated: 12161508
	52  -  MemoryUsage of job (MB)
	53200  -  ResidentSetSize of job (KB)
...
006 (675016.000.000) 09/16 09:09:17 Image size of job updated: 12234168
	52  -  MemoryUsage of job (MB)
	53200  -  ResidentSetSize of job (KB)
...
006 (675016.000.000) 09/16 09:14:17 Image size of job updated: 12301956
	52  -  MemoryUsage of job (MB)
	53200  -  ResidentSetSize of job (KB)
...
006 (675016.000.000) 09/16 09:19:17 Image size of job updated: 12377920
	52  -  MemoryUsage of job (MB)
	53200  -  ResidentSetSize of job (KB)
...
006 (675016.000.000) 09/16 09:24:18 Image size of job updated: 12451924
	52  -  MemoryUsage of job (MB)
	53200  -  ResidentSetSize of job (KB)
...
006 (675016.000.000) 09/16 09:29:19 Image size of job updated: 12526376
	52  -  MemoryUsage of job (MB)
	53200  -  ResidentSetSize of job (KB)
...
006 (675016.000.000) 09/16 09:34:19 Image size of job updated: 12600772
	52  -  MemoryUsage of job (MB)
	53200  -  ResidentSetSize of job (KB)
...
006 (675016.000.000) 09/16 09:39:20 Image size of job updated: 12675588
	52  -  MemoryUsage of job (MB)
	53200  -  ResidentSetSize of job (KB)
...
006 (675016.000.000) 09/16 09:44:21 Image size of job updated: 12748892
	52  -  MemoryUsage of job (MB)
	53200  -  ResidentSetSize of job (KB)
...
006 (675016.000.000) 09/16 09:49:21 Image size of job updated: 12820656
	52  -  MemoryUsage of job (MB)
	53200  -  ResidentSetSize of job (KB)
...
006 (675016.000.000) 09/16 09:54:21 Image size of job updated: 12894296
	52  -  MemoryUsage of job (MB)
	53200  -  ResidentSetSize of job (KB)
...
006 (675016.000.000) 09/16 09:59:22 Image size of job updated: 12966620
	52  -  MemoryUsage of job (MB)
	53200  -  ResidentSetSize of job (KB)
...
006 (675016.000.000) 09/16 10:04:23 Image size of job updated: 13037460
	52  -  MemoryUsage of job (MB)
	53200  -  ResidentSetSize of job (KB)
...
006 (675016.000.000) 09/16 10:09:23 Image size of job updated: 13110456
	52  -  MemoryUsage of job (MB)
	53200  -  ResidentSetSize of job (KB)
...
006 (675016.000.000) 09/16 10:14:24 Image size of job updated: 13180260
	52  -  MemoryUsage of job (MB)
	53200  -  ResidentSetSize of job (KB)
...
006 (675016.000.000) 09/16 10:19:25 Image size of job updated: 13253844
	52  -  MemoryUsage of job (MB)
	53200  -  ResidentSetSize of job (KB)
...
006 (675016.000.000) 09/16 10:24:25 Image size of job updated: 13323816
	52  -  MemoryUsage of job (MB)
	53200  -  ResidentSetSize of job (KB)
...
006 (675016.000.000) 09/16 10:29:25 Image size of job updated: 13400480
	52  -  MemoryUsage of job (MB)
	53200  -  ResidentSetSize of job (KB)
...
006 (675016.000.000) 09/16 10:34:26 Image size of job updated: 13474792
	52  -  MemoryUsage of job (MB)
	53200  -  ResidentSetSize of job (KB)
...
006 (675016.000.000) 09/16 10:39:27 Image size of job updated: 13549384
	52  -  MemoryUsage of job (MB)
	53200  -  ResidentSetSize of job (KB)
...
006 (675016.000.000) 09/16 10:44:27 Image size of job updated: 13624648
	52  -  MemoryUsage of job (MB)
	53200  -  ResidentSetSize of job (KB)
...
006 (675016.000.000) 09/16 10:49:28 Image size of job updated: 13699380
	52  -  MemoryUsage of job (MB)
	53200  -  ResidentSetSize of job (KB)
...
006 (675016.000.000) 09/16 10:54:29 Image size of job updated: 13775148
	52  -  MemoryUsage of job (MB)
	53200  -  ResidentSetSize of job (KB)
...
006 (675016.000.000) 09/16 10:59:29 Image size of job updated: 13850384
	52  -  MemoryUsage of job (MB)
	53200  -  ResidentSetSize of job (KB)
...
006 (675016.000.000) 09/16 11:04:29 Image size of job updated: 13923240
	52  -  MemoryUsage of job (MB)
	53200  -  ResidentSetSize of job (KB)
...
006 (675016.000.000) 09/16 11:09:30 Image size of job updated: 13996908
	52  -  MemoryUsage of job (MB)
	53200  -  ResidentSetSize of job (KB)
...
006 (675016.000.000) 09/16 11:14:31 Image size of job updated: 14072564
	52  -  MemoryUsage of job (MB)
	53200  -  ResidentSetSize of job (KB)
...
006 (675016.000.000) 09/16 11:19:31 Image size of job updated: 14143460
	52  -  MemoryUsage of job (MB)
	53200  -  ResidentSetSize of job (KB)
...
006 (675016.000.000) 09/16 11:24:32 Image size of job updated: 14218612
	52  -  MemoryUsage of job (MB)
	53200  -  ResidentSetSize of job (KB)
...
006 (675016.000.000) 09/16 11:29:33 Image size of job updated: 14294380
	52  -  MemoryUsage of job (MB)
	53200  -  ResidentSetSize of job (KB)
...
006 (675016.000.000) 09/16 11:34:33 Image size of job updated: 14369252
	52  -  MemoryUsage of job (MB)
	53200  -  ResidentSetSize of job (KB)
...
006 (675016.000.000) 09/16 11:39:33 Image size of job updated: 14438076
	52  -  MemoryUsage of job (MB)
	53200  -  ResidentSetSize of job (KB)
...
006 (675016.000.000) 09/16 11:44:35 Image size of job updated: 14515468
	52  -  MemoryUsage of job (MB)
	53200  -  ResidentSetSize of job (KB)
...
006 (675016.000.000) 09/16 11:49:35 Image size of job updated: 14587988
	52  -  MemoryUsage of job (MB)
	53200  -  ResidentSetSize of job (KB)
...
006 (675016.000.000) 09/16 11:54:35 Image size of job updated: 14659948
	52  -  MemoryUsage of job (MB)
	53200  -  ResidentSetSize of job (KB)
...
006 (675016.000.000) 09/16 11:59:36 Image size of job updated: 14730648
	52  -  MemoryUsage of job (MB)
	53200  -  ResidentSetSize of job (KB)
...
006 (675016.000.000) 09/16 12:04:37 Image size of job updated: 14804428
	52  -  MemoryUsage of job (MB)
	53200  -  ResidentSetSize of job (KB)
...
006 (675016.000.000) 09/16 12:09:37 Image size of job updated: 14876808
	52  -  MemoryUsage of job (MB)
	53200  -  ResidentSetSize of job (KB)
...
006 (675016.000.000) 09/16 12:14:37 Image size of job updated: 14948600
	52  -  MemoryUsage of job (MB)
	53200  -  ResidentSetSize of job (KB)
...
006 (675016.000.000) 09/16 12:19:38 Image size of job updated: 15020812
	52  -  MemoryUsage of job (MB)
	53200  -  ResidentSetSize of job (KB)
...
006 (675016.000.000) 09/16 12:24:38 Image size of job updated: 15091764
	52  -  MemoryUsage of job (MB)
	53200  -  ResidentSetSize of job (KB)
...
006 (675016.000.000) 09/16 12:29:38 Image size of job updated: 15165096
	52  -  MemoryUsage of job (MB)
	53200  -  ResidentSetSize of job (KB)
...
006 (675016.000.000) 09/16 12:34:40 Image size of job updated: 15232492
	52  -  MemoryUsage of job (MB)
	53200  -  ResidentSetSize of job (KB)
...
006 (675016.000.000) 09/16 12:39:40 Image size of job updated: 15305992
	52  -  MemoryUsage of job (MB)
	53200  -  ResidentSetSize of job (KB)
...
006 (675016.000.000) 09/16 12:44:40 Image size of job updated: 15379184
	52  -  MemoryUsage of job (MB)
	53200  -  ResidentSetSize of job (KB)
...
006 (675016.000.000) 09/16 12:49:41 Image size of job updated: 15453468
	52  -  MemoryUsage of job (MB)
	53200  -  ResidentSetSize of job (KB)
...
006 (675016.000.000) 09/16 12:54:42 Image size of job updated: 15525988
	52  -  MemoryUsage of job (MB)
	53200  -  ResidentSetSize of job (KB)
...
006 (675016.000.000) 09/16 12:59:42 Image size of job updated: 15599320
	52  -  MemoryUsage of job (MB)
	53200  -  ResidentSetSize of job (KB)
...
006 (675016.000.000) 09/16 13:04:42 Image size of job updated: 15670804
	52  -  MemoryUsage of job (MB)
	53200  -  ResidentSetSize of job (KB)
...
006 (675016.000.000) 09/16 13:09:44 Image size of job updated: 15740216
	52  -  MemoryUsage of job (MB)
	53200  -  ResidentSetSize of job (KB)
...
006 (675016.000.000) 09/16 13:14:44 Image size of job updated: 15808816
	52  -  MemoryUsage of job (MB)
	53200  -  ResidentSetSize of job (KB)
...
006 (675016.000.000) 09/16 13:19:44 Image size of job updated: 15877500
	52  -  MemoryUsage of job (MB)
	53200  -  ResidentSetSize of job (KB)
...
006 (675016.000.000) 09/16 13:24:45 Image size of job updated: 15946884
	52  -  MemoryUsage of job (MB)
	53200  -  ResidentSetSize of job (KB)
...
006 (675016.000.000) 09/16 13:29:46 Image size of job updated: 16017192
	52  -  MemoryUsage of job (MB)
	53200  -  ResidentSetSize of job (KB)
...
006 (675016.000.000) 09/16 13:34:46 Image size of job updated: 16087584
	52  -  MemoryUsage of job (MB)
	53200  -  ResidentSetSize of job (KB)
...
006 (675016.000.000) 09/16 13:39:46 Image size of job updated: 16156240
	52  -  MemoryUsage of job (MB)
	53200  -  ResidentSetSize of job (KB)
...
006 (675016.000.000) 09/16 13:44:47 Image size of job updated: 16226212
	52  -  MemoryUsage of job (MB)
	53200  -  ResidentSetSize of job (KB)
...
006 (675016.000.000) 09/16 13:49:47 Image size of job updated: 16296576
	52  -  MemoryUsage of job (MB)
	53200  -  ResidentSetSize of job (KB)
...
006 (675016.000.000) 09/16 13:54:47 Image size of job updated: 16364616
	52  -  MemoryUsage of job (MB)
	53200  -  ResidentSetSize of job (KB)
...
006 (675016.000.000) 09/16 13:59:48 Image size of job updated: 16435456
	52  -  MemoryUsage of job (MB)
	53200  -  ResidentSetSize of job (KB)
...
006 (675016.000.000) 09/16 14:04:49 Image size of job updated: 16503160
	52  -  MemoryUsage of job (MB)
	53200  -  ResidentSetSize of job (KB)
...
006 (675016.000.000) 09/16 14:09:49 Image size of job updated: 16573020
	52  -  MemoryUsage of job (MB)
	53200  -  ResidentSetSize of job (KB)
...
006 (675016.000.000) 09/16 14:14:49 Image size of job updated: 16642768
	52  -  MemoryUsage of job (MB)
	53200  -  ResidentSetSize of job (KB)
...
006 (675016.000.000) 09/16 14:19:50 Image size of job updated: 16712992
	52  -  MemoryUsage of job (MB)
	53200  -  ResidentSetSize of job (KB)
...
006 (675016.000.000) 09/16 14:24:50 Image size of job updated: 16783720
	52  -  MemoryUsage of job (MB)
	53200  -  ResidentSetSize of job (KB)
...
006 (675016.000.000) 09/16 14:29:50 Image size of job updated: 16856688
	52  -  MemoryUsage of job (MB)
	53200  -  ResidentSetSize of job (KB)
...
006 (675016.000.000) 09/16 14:34:51 Image size of job updated: 16927304
	52  -  MemoryUsage of job (MB)
	53200  -  ResidentSetSize of job (KB)
...
006 (675016.000.000) 09/16 14:39:52 Image size of job updated: 16998060
	52  -  MemoryUsage of job (MB)
	53200  -  ResidentSetSize of job (KB)
...
006 (675016.000.000) 09/16 14:44:52 Image size of job updated: 17068004
	52  -  MemoryUsage of job (MB)
	53200  -  ResidentSetSize of job (KB)
...
006 (675016.000.000) 09/16 14:49:52 Image size of job updated: 17138592
	52  -  MemoryUsage of job (MB)
	53200  -  ResidentSetSize of job (KB)
...
006 (675016.000.000) 09/16 14:54:53 Image size of job updated: 17210944
	52  -  MemoryUsage of job (MB)
	53200  -  ResidentSetSize of job (KB)
...
006 (675016.000.000) 09/16 14:59:54 Image size of job updated: 17284696
	52  -  MemoryUsage of job (MB)
	53200  -  ResidentSetSize of job (KB)
...
006 (675016.000.000) 09/16 15:04:54 Image size of job updated: 17356376
	52  -  MemoryUsage of job (MB)
	53200  -  ResidentSetSize of job (KB)
...
006 (675016.000.000) 09/16 15:09:55 Image size of job updated: 17427048
	52  -  MemoryUsage of job (MB)
	53200  -  ResidentSetSize of job (KB)
...
006 (675016.000.000) 09/16 15:14:56 Image size of job updated: 17497496
	52  -  MemoryUsage of job (MB)
	53200  -  ResidentSetSize of job (KB)
...
006 (675016.000.000) 09/16 15:19:56 Image size of job updated: 17567300
	52  -  MemoryUsage of job (MB)
	53200  -  ResidentSetSize of job (KB)
...
006 (675016.000.000) 09/16 15:24:56 Image size of job updated: 17638056
	52  -  MemoryUsage of job (MB)
	53200  -  ResidentSetSize of job (KB)
...
006 (675016.000.000) 09/16 15:28:27 Image size of job updated: 17668016
	52  -  MemoryUsage of job (MB)
	53200  -  ResidentSetSize of job (KB)
...
005 (675016.000.000) 09/16 15:28:27 Job terminated.
	(0) Abnormal termination (signal 9)
	(0) No core file
		Usr 0 00:05:06, Sys 0 00:02:21  -  Run Remote Usage
		Usr 0 00:00:00, Sys 0 00:00:00  -  Run Local Usage
		Usr 0 00:05:06, Sys 0 00:02:21  -  Total Remote Usage
		Usr 0 00:00:00, Sys 0 00:00:00  -  Total Local Usage
	0  -  Run Bytes Sent By Job
	0  -  Run Bytes Received By Job
	0  -  Total Bytes Sent By Job
	0  -  Total Bytes Received By Job
	Partitionable Resources :    Usage  Request Allocated 
	   Cpus                 :     1.92        2         2 
	   Disk (KB)            :   150         150     17651 
	   Memory (MB)          :    52           1       128 
...
000 (233.000.000) 10/21 16:26:39 Job submitted from host: <140.160.143.131:9618?addrs=140.160.143.131-9618&noUDP&sock=2776_aefe_4>
...
