000 (2265.246.000) 04/28 23:41:53 Job submitted from host: <140.160.143.131:9618?addrs=140.160.143.131-9618&noUDP&sock=3131910_565e_30>
...
009 (2265.246.000) 04/28 23:42:33 Job was aborted by the user.
	via condor_rm (by user scoggim)
...
000 (2266.415.000) 04/28 23:43:27 Job submitted from host: <140.160.143.131:9618?addrs=140.160.143.131-9618&noUDP&sock=3131910_565e_30>
...
000 (2267.415.000) 04/28 23:44:32 Job submitted from host: <140.160.143.131:9618?addrs=140.160.143.131-9618&noUDP&sock=3131910_565e_30>
...
000 (2268.415.000) 04/28 23:46:20 Job submitted from host: <140.160.143.131:9618?addrs=140.160.143.131-9618&noUDP&sock=3131910_565e_30>
...
001 (2266.415.000) 04/28 23:46:26 Job executing on host: <140.160.143.153:9618?addrs=140.160.143.153-9618&noUDP&sock=18020_ccb5_3>
...
006 (2266.415.000) 04/28 23:46:35 Image size of job updated: 504
	1  -  MemoryUsage of job (MB)
	504  -  ResidentSetSize of job (KB)
...
006 (2266.415.000) 04/28 23:47:22 Image size of job updated: 106548
	1  -  MemoryUsage of job (MB)
	504  -  ResidentSetSize of job (KB)
...
005 (2266.415.000) 04/28 23:47:22 Job terminated.
	(1) Normal termination (return value 0)
		Usr 0 00:00:55, Sys 0 00:00:00  -  Run Remote Usage
		Usr 0 00:00:00, Sys 0 00:00:00  -  Run Local Usage
		Usr 0 00:00:55, Sys 0 00:00:00  -  Total Remote Usage
		Usr 0 00:00:00, Sys 0 00:00:00  -  Total Local Usage
	0  -  Run Bytes Sent By Job
	0  -  Run Bytes Received By Job
	0  -  Total Bytes Sent By Job
	0  -  Total Bytes Received By Job
	Partitionable Resources :    Usage  Request Allocated 
	   Cpus                 :     1.00        1         1 
	   Disk (KB)            :   175         175    870367 
	   Gpus                 :                           0 
	   Memory (MB)          :     1           1       128 
...
001 (2267.415.000) 04/30 18:26:04 Job executing on host: <140.160.143.142:9618?addrs=140.160.143.142-9618&noUDP&sock=8883_93de_3>
...
006 (2267.415.000) 04/30 18:26:13 Image size of job updated: 1028
	2  -  MemoryUsage of job (MB)
	1028  -  ResidentSetSize of job (KB)
...
006 (2267.415.000) 04/30 18:31:15 Image size of job updated: 1032
	2  -  MemoryUsage of job (MB)
	1032  -  ResidentSetSize of job (KB)
...
005 (2267.415.000) 04/30 21:13:30 Job terminated.
	(1) Normal termination (return value 0)
		Usr 0 05:54:12, Sys 0 05:15:02  -  Run Remote Usage
		Usr 0 00:00:00, Sys 0 00:00:00  -  Run Local Usage
		Usr 0 05:54:12, Sys 0 05:15:02  -  Total Remote Usage
		Usr 0 00:00:00, Sys 0 00:00:00  -  Total Local Usage
	0  -  Run Bytes Sent By Job
	0  -  Run Bytes Received By Job
	0  -  Total Bytes Sent By Job
	0  -  Total Bytes Received By Job
	Partitionable Resources :    Usage  Request Allocated 
	   Cpus                 :     4.00        4         4 
	   Disk (KB)            :   175         175    881178 
	   Memory (MB)          :     2           1       128 
...
009 (2268.415.000) 05/11 09:58:35 Job was aborted by the user.
	via condor_rm (by user scoggim)
...
000 (2511.415.000) 05/27 15:03:18 Job submitted from host: <140.160.143.131:9618?addrs=140.160.143.131-9618&noUDP&sock=3131910_565e_30>
...
001 (2511.415.000) 05/27 16:42:20 Job executing on host: <140.160.143.160:9618?addrs=140.160.143.160-9618&noUDP&sock=59753_2a9b_3>
...
006 (2511.415.000) 05/27 16:42:28 Image size of job updated: 3692
	4  -  MemoryUsage of job (MB)
	3692  -  ResidentSetSize of job (KB)
...
006 (2511.415.000) 05/27 16:47:28 Image size of job updated: 3916
	4  -  MemoryUsage of job (MB)
	3916  -  ResidentSetSize of job (KB)
...
005 (2511.415.000) 05/27 18:33:08 Job terminated.
	(1) Normal termination (return value 0)
		Usr 0 01:50:48, Sys 0 00:00:00  -  Run Remote Usage
		Usr 0 00:00:00, Sys 0 00:00:00  -  Run Local Usage
		Usr 0 01:50:48, Sys 0 00:00:00  -  Total Remote Usage
		Usr 0 00:00:00, Sys 0 00:00:00  -  Total Local Usage
	0  -  Run Bytes Sent By Job
	0  -  Run Bytes Received By Job
	0  -  Total Bytes Sent By Job
	0  -  Total Bytes Received By Job
	Partitionable Resources :    Usage  Request Allocated 
	   Cpus                 :     1.00        1         1 
	   Disk (KB)            :   175         175    844516 
	   Memory (MB)          :     4           1       128 
...
000 (2513.415.000) 05/31 13:37:11 Job submitted from host: <140.160.143.131:9618?addrs=140.160.143.131-9618&noUDP&sock=3131910_565e_30>
...
009 (2513.415.000) 05/31 15:23:50 Job was aborted by the user.
	via condor_rm (by user scoggim)
...
000 (2514.415.000) 05/31 15:29:20 Job submitted from host: <140.160.143.131:9618?addrs=140.160.143.131-9618&noUDP&sock=3131910_565e_30>
...
009 (2514.415.000) 06/01 11:47:16 Job was aborted by the user.
	via condor_rm (by user scoggim)
...
000 (2515.415.000) 06/01 11:47:43 Job submitted from host: <140.160.143.131:9618?addrs=140.160.143.131-9618&noUDP&sock=3131910_565e_30>
...
001 (2515.415.000) 06/01 23:42:59 Job executing on host: <140.160.143.140:9618?addrs=140.160.143.140-9618&noUDP&sock=16192_f195_3>
...
006 (2515.415.000) 06/01 23:43:08 Image size of job updated: 3696
	4  -  MemoryUsage of job (MB)
	3696  -  ResidentSetSize of job (KB)
...
006 (2515.415.000) 06/01 23:48:09 Image size of job updated: 3920
	4  -  MemoryUsage of job (MB)
	3920  -  ResidentSetSize of job (KB)
...
005 (2515.415.000) 06/02 05:02:29 Job terminated.
	(1) Normal termination (return value 0)
		Usr 0 05:18:53, Sys 0 00:00:00  -  Run Remote Usage
		Usr 0 00:00:00, Sys 0 00:00:00  -  Run Local Usage
		Usr 0 05:18:53, Sys 0 00:00:00  -  Total Remote Usage
		Usr 0 00:00:00, Sys 0 00:00:00  -  Total Local Usage
	0  -  Run Bytes Sent By Job
	0  -  Run Bytes Received By Job
	0  -  Total Bytes Sent By Job
	0  -  Total Bytes Received By Job
	Partitionable Resources :    Usage  Request Allocated 
	   Cpus                 :     1.00        1         1 
	   Disk (KB)            :   175         175    881228 
	   Memory (MB)          :     4           1       128 
...
