000 (2059.272.000) 03/05 16:54:49 Job submitted from host: <140.160.143.131:9618?addrs=140.160.143.131-9618&noUDP&sock=1229063_9141_4>
...
009 (2059.272.000) 03/05 19:47:02 Job was aborted by the user.
	via condor_rm (by user scoggim)
...
000 (2131.272.000) 03/15 01:18:30 Job submitted from host: <140.160.143.131:9618?addrs=140.160.143.131-9618&noUDP&sock=1229063_9141_4>
...
001 (2131.272.000) 03/20 14:02:20 Job executing on host: <140.160.143.162:9618?addrs=140.160.143.162-9618&noUDP&sock=44370_b53b_3>
...
006 (2131.272.000) 03/20 14:02:28 Image size of job updated: 4808
	5  -  MemoryUsage of job (MB)
	4808  -  ResidentSetSize of job (KB)
...
006 (2131.272.000) 03/20 14:52:33 Image size of job updated: 5056
	5  -  MemoryUsage of job (MB)
	5056  -  ResidentSetSize of job (KB)
...
006 (2131.272.000) 03/20 19:11:56 Image size of job updated: 217032
	5  -  MemoryUsage of job (MB)
	5056  -  ResidentSetSize of job (KB)
...
005 (2131.272.000) 03/20 19:11:56 Job terminated.
	(1) Normal termination (return value 0)
		Usr 0 13:26:11, Sys 0 07:12:06  -  Run Remote Usage
		Usr 0 00:00:00, Sys 0 00:00:00  -  Run Local Usage
		Usr 0 13:26:11, Sys 0 07:12:06  -  Total Remote Usage
		Usr 0 00:00:00, Sys 0 00:00:00  -  Total Local Usage
	0  -  Run Bytes Sent By Job
	0  -  Run Bytes Received By Job
	0  -  Total Bytes Sent By Job
	0  -  Total Bytes Received By Job
	Partitionable Resources :    Usage  Request Allocated 
	   Cpus                 :     4.00        4         4 
	   Disk (KB)            :   175         175    844747 
	   Memory (MB)          :     5           1       128 
...
000 (2160.090.000) 04/19 11:38:06 Job submitted from host: <140.160.143.131:9618?addrs=140.160.143.131-9618&noUDP&sock=3131910_565e_30>
...
009 (2160.090.000) 04/19 11:38:54 Job was aborted by the user.
	via condor_rm (by user scoggim)
...
