000 (2267.995.000) 04/28 23:44:32 Job submitted from host: <140.160.143.131:9618?addrs=140.160.143.131-9618&noUDP&sock=3131910_565e_30>
...
000 (2268.995.000) 04/28 23:46:21 Job submitted from host: <140.160.143.131:9618?addrs=140.160.143.131-9618&noUDP&sock=3131910_565e_30>
...
001 (2267.995.000) 05/10 10:55:00 Job executing on host: <140.160.143.143:9618?addrs=140.160.143.143-9618&noUDP&sock=6169_ffd6_3>
...
006 (2267.995.000) 05/10 10:55:08 Image size of job updated: 5140
	3  -  MemoryUsage of job (MB)
	2664  -  ResidentSetSize of job (KB)
...
006 (2267.995.000) 05/11 03:06:44 Image size of job updated: 5172
	3  -  MemoryUsage of job (MB)
	2664  -  ResidentSetSize of job (KB)
...
006 (2267.995.000) 05/11 03:11:45 Image size of job updated: 5180
	3  -  MemoryUsage of job (MB)
	2664  -  ResidentSetSize of job (KB)
...
009 (2268.995.000) 05/11 09:58:46 Job was aborted by the user.
	via condor_rm (by user scoggim)
...
004 (2267.995.000) 05/11 12:17:49 Job was evicted.
	(0) Job was not checkpointed.
		Usr 2 09:40:24, Sys 1 19:45:32  -  Run Remote Usage
		Usr 0 00:00:00, Sys 0 00:00:00  -  Run Local Usage
	0  -  Run Bytes Sent By Job
	0  -  Run Bytes Received By Job
	Partitionable Resources :    Usage  Request Allocated 
	   Cpus                 :     4.00        4         4 
	   Disk (KB)            :   175         175    881220 
	   Memory (MB)          :     3           1       128 
...
009 (2267.995.000) 05/11 12:17:50 Job was aborted by the user.
	via condor_rm (by user scoggim)
...
000 (2400.319.000) 05/11 12:37:09 Job submitted from host: <140.160.143.131:9618?addrs=140.160.143.131-9618&noUDP&sock=3131910_565e_30>
...
001 (2400.319.000) 05/12 10:24:17 Job executing on host: <140.160.143.162:9618?addrs=140.160.143.162-9618&noUDP&sock=44370_b53b_3>
...
006 (2400.319.000) 05/12 10:24:25 Image size of job updated: 2064
	3  -  MemoryUsage of job (MB)
	2064  -  ResidentSetSize of job (KB)
...
005 (2400.319.000) 05/12 14:11:15 Job terminated.
	(1) Normal termination (return value 0)
		Usr 0 03:46:58, Sys 0 00:00:00  -  Run Remote Usage
		Usr 0 00:00:00, Sys 0 00:00:00  -  Run Local Usage
		Usr 0 03:46:58, Sys 0 00:00:00  -  Total Remote Usage
		Usr 0 00:00:00, Sys 0 00:00:00  -  Total Local Usage
	0  -  Run Bytes Sent By Job
	0  -  Run Bytes Received By Job
	0  -  Total Bytes Sent By Job
	0  -  Total Bytes Received By Job
	Partitionable Resources :    Usage  Request Allocated 
	   Cpus                 :     1.00        1         1 
	   Disk (KB)            :   175         175    844747 
	   Memory (MB)          :     3           1       128 
...
000 (2511.995.000) 05/27 15:03:51 Job submitted from host: <140.160.143.131:9618?addrs=140.160.143.131-9618&noUDP&sock=3131910_565e_30>
...
001 (2511.995.000) 05/28 08:24:30 Job executing on host: <140.160.143.161:9618?addrs=140.160.143.161-9618&noUDP&sock=14147_3e68_3>
...
006 (2511.995.000) 05/28 08:24:39 Image size of job updated: 36620
	36  -  MemoryUsage of job (MB)
	36620  -  ResidentSetSize of job (KB)
...
006 (2511.995.000) 05/28 09:29:45 Image size of job updated: 41520
	41  -  MemoryUsage of job (MB)
	41520  -  ResidentSetSize of job (KB)
...
006 (2511.995.000) 05/31 13:14:23 Image size of job updated: 145796
	41  -  MemoryUsage of job (MB)
	41520  -  ResidentSetSize of job (KB)
...
004 (2511.995.000) 05/31 13:14:23 Job was evicted.
	(0) Job was not checkpointed.
		Usr 3 04:49:42, Sys 0 00:00:04  -  Run Remote Usage
		Usr 0 00:00:00, Sys 0 00:00:00  -  Run Local Usage
	0  -  Run Bytes Sent By Job
	0  -  Run Bytes Received By Job
	Partitionable Resources :    Usage  Request Allocated 
	   Cpus                 :     1.00        1         1 
	   Disk (KB)            :   175         175    844246 
	   Memory (MB)          :    41           1       128 
...
009 (2511.995.000) 05/31 13:14:24 Job was aborted by the user.
	via condor_rm (by user scoggim)
...
000 (2516.319.000) 06/02 11:26:50 Job submitted from host: <140.160.143.131:9618?addrs=140.160.143.131-9618&noUDP&sock=3131910_565e_30>
...
009 (2516.319.000) 06/03 01:05:58 Job was aborted by the user.
	via condor_rm (by user scoggim)
...
000 (2523.319.000) 06/03 01:09:45 Job submitted from host: <140.160.143.131:9618?addrs=140.160.143.131-9618&noUDP&sock=3131910_565e_30>
...
009 (2523.319.000) 06/03 01:12:02 Job was aborted by the user.
	via condor_rm (by user scoggim)
...
000 (2524.319.000) 06/03 01:12:07 Job submitted from host: <140.160.143.131:9618?addrs=140.160.143.131-9618&noUDP&sock=3131910_565e_30>
...
009 (2524.319.000) 06/03 11:11:23 Job was aborted by the user.
	via condor_rm (by user scoggim)
...
000 (2525.319.000) 06/03 11:11:42 Job submitted from host: <140.160.143.131:9618?addrs=140.160.143.131-9618&noUDP&sock=3131910_565e_30>
...
001 (2525.319.000) 06/12 14:56:45 Job executing on host: <140.160.143.153:9618?addrs=140.160.143.153-9618&noUDP&sock=3174_adb0_3>
...
006 (2525.319.000) 06/12 14:56:54 Image size of job updated: 62168
	61  -  MemoryUsage of job (MB)
	62168  -  ResidentSetSize of job (KB)
...
006 (2525.319.000) 06/14 20:42:12 Image size of job updated: 67064
	66  -  MemoryUsage of job (MB)
	67064  -  ResidentSetSize of job (KB)
...
005 (2525.319.000) 06/20 20:12:24 Job terminated.
	(1) Normal termination (return value 0)
		Usr 8 04:53:19, Sys 0 00:00:32  -  Run Remote Usage
		Usr 0 00:00:00, Sys 0 00:00:00  -  Run Local Usage
		Usr 8 04:53:19, Sys 0 00:00:32  -  Total Remote Usage
		Usr 0 00:00:00, Sys 0 00:00:00  -  Total Local Usage
	0  -  Run Bytes Sent By Job
	0  -  Run Bytes Received By Job
	0  -  Total Bytes Sent By Job
	0  -  Total Bytes Received By Job
	Partitionable Resources :    Usage  Request Allocated 
	   Cpus                 :     1.00        1         1 
	   Disk (KB)            :   175         175    870398 
	   Gpus                 :                           0 
	   Memory (MB)          :    66           1       128 
...
