000 (674444.000.000) 09/14 14:18:51 Job submitted from host: <140.160.143.130:9618?addrs=140.160.143.130-9618&noUDP&sock=5591_da80_4>
...
009 (674444.000.000) 09/14 14:20:43 Job was aborted by the user.
	via condor_rm (by user scoggim)
...
000 (674588.000.000) 09/14 14:26:00 Job submitted from host: <140.160.143.130:9618?addrs=140.160.143.130-9618&noUDP&sock=5591_da80_4>
...
000 (674732.000.000) 09/14 14:26:42 Job submitted from host: <140.160.143.130:9618?addrs=140.160.143.130-9618&noUDP&sock=5591_da80_4>
...
000 (674876.000.000) 09/14 14:27:40 Job submitted from host: <140.160.143.130:9618?addrs=140.160.143.130-9618&noUDP&sock=5591_da80_4>
...
009 (674588.000.000) 09/14 14:46:32 Job was aborted by the user.
	via condor_rm (by user scoggim)
...
009 (674732.000.000) 09/14 14:46:33 Job was aborted by the user.
	via condor_rm (by user scoggim)
...
009 (674876.000.000) 09/14 14:46:34 Job was aborted by the user.
	via condor_rm (by user scoggim)
...
000 (675056.000.000) 09/14 22:20:26 Job submitted from host: <140.160.143.130:9618?addrs=140.160.143.130-9618&noUDP&sock=5591_da80_4>
...
001 (675056.000.000) 09/16 07:11:57 Job executing on host: <140.160.143.157:9618?addrs=140.160.143.157-9618&noUDP&sock=4484_2bf8_12>
...
006 (675056.000.000) 09/16 07:12:06 Image size of job updated: 3280
	3  -  MemoryUsage of job (MB)
	2944  -  ResidentSetSize of job (KB)
...
006 (675056.000.000) 09/16 07:17:07 Image size of job updated: 26584
	26  -  MemoryUsage of job (MB)
	26248  -  ResidentSetSize of job (KB)
...
006 (675056.000.000) 09/16 07:22:08 Image size of job updated: 50652
	50  -  MemoryUsage of job (MB)
	50316  -  ResidentSetSize of job (KB)
...
006 (675056.000.000) 09/16 07:27:08 Image size of job updated: 74312
	73  -  MemoryUsage of job (MB)
	73976  -  ResidentSetSize of job (KB)
...
006 (675056.000.000) 09/16 07:32:08 Image size of job updated: 97960
	96  -  MemoryUsage of job (MB)
	97624  -  ResidentSetSize of job (KB)
...
006 (675056.000.000) 09/16 07:37:10 Image size of job updated: 121688
	119  -  MemoryUsage of job (MB)
	121352  -  ResidentSetSize of job (KB)
...
006 (675056.000.000) 09/16 07:42:10 Image size of job updated: 145332
	142  -  MemoryUsage of job (MB)
	144996  -  ResidentSetSize of job (KB)
...
006 (675056.000.000) 09/16 07:47:10 Image size of job updated: 168932
	165  -  MemoryUsage of job (MB)
	168596  -  ResidentSetSize of job (KB)
...
006 (675056.000.000) 09/16 07:52:11 Image size of job updated: 192644
	188  -  MemoryUsage of job (MB)
	192308  -  ResidentSetSize of job (KB)
...
006 (675056.000.000) 09/16 07:57:12 Image size of job updated: 216276
	211  -  MemoryUsage of job (MB)
	215940  -  ResidentSetSize of job (KB)
...
006 (675056.000.000) 09/16 08:02:12 Image size of job updated: 239920
	234  -  MemoryUsage of job (MB)
	239584  -  ResidentSetSize of job (KB)
...
006 (675056.000.000) 09/16 08:07:12 Image size of job updated: 263568
	258  -  MemoryUsage of job (MB)
	263232  -  ResidentSetSize of job (KB)
...
006 (675056.000.000) 09/16 08:12:13 Image size of job updated: 287204
	281  -  MemoryUsage of job (MB)
	286868  -  ResidentSetSize of job (KB)
...
006 (675056.000.000) 09/16 08:17:13 Image size of job updated: 310828
	304  -  MemoryUsage of job (MB)
	310492  -  ResidentSetSize of job (KB)
...
006 (675056.000.000) 09/16 08:22:13 Image size of job updated: 334468
	327  -  MemoryUsage of job (MB)
	334132  -  ResidentSetSize of job (KB)
...
006 (675056.000.000) 09/16 08:27:14 Image size of job updated: 357768
	350  -  MemoryUsage of job (MB)
	357432  -  ResidentSetSize of job (KB)
...
006 (675056.000.000) 09/16 08:32:15 Image size of job updated: 381832
	373  -  MemoryUsage of job (MB)
	381496  -  ResidentSetSize of job (KB)
...
006 (675056.000.000) 09/16 08:37:15 Image size of job updated: 405464
	396  -  MemoryUsage of job (MB)
	405128  -  ResidentSetSize of job (KB)
...
006 (675056.000.000) 09/16 08:42:15 Image size of job updated: 429088
	419  -  MemoryUsage of job (MB)
	428752  -  ResidentSetSize of job (KB)
...
006 (675056.000.000) 09/16 08:47:16 Image size of job updated: 452796
	442  -  MemoryUsage of job (MB)
	452460  -  ResidentSetSize of job (KB)
...
006 (675056.000.000) 09/16 08:52:17 Image size of job updated: 476432
	465  -  MemoryUsage of job (MB)
	476096  -  ResidentSetSize of job (KB)
...
006 (675056.000.000) 09/16 08:57:17 Image size of job updated: 500064
	489  -  MemoryUsage of job (MB)
	499728  -  ResidentSetSize of job (KB)
...
006 (675056.000.000) 09/16 09:02:18 Image size of job updated: 523788
	512  -  MemoryUsage of job (MB)
	523452  -  ResidentSetSize of job (KB)
...
006 (675056.000.000) 09/16 09:07:19 Image size of job updated: 547088
	534  -  MemoryUsage of job (MB)
	546752  -  ResidentSetSize of job (KB)
...
006 (675056.000.000) 09/16 09:12:19 Image size of job updated: 571044
	558  -  MemoryUsage of job (MB)
	570708  -  ResidentSetSize of job (KB)
...
006 (675056.000.000) 09/16 09:17:19 Image size of job updated: 594664
	581  -  MemoryUsage of job (MB)
	594328  -  ResidentSetSize of job (KB)
...
006 (675056.000.000) 09/16 09:22:20 Image size of job updated: 618380
	604  -  MemoryUsage of job (MB)
	618044  -  ResidentSetSize of job (KB)
...
006 (675056.000.000) 09/16 09:27:21 Image size of job updated: 642020
	627  -  MemoryUsage of job (MB)
	641684  -  ResidentSetSize of job (KB)
...
006 (675056.000.000) 09/16 09:32:21 Image size of job updated: 665332
	650  -  MemoryUsage of job (MB)
	664996  -  ResidentSetSize of job (KB)
...
006 (675056.000.000) 09/16 09:37:22 Image size of job updated: 689400
	673  -  MemoryUsage of job (MB)
	689064  -  ResidentSetSize of job (KB)
...
006 (675056.000.000) 09/16 09:42:23 Image size of job updated: 712708
	696  -  MemoryUsage of job (MB)
	712372  -  ResidentSetSize of job (KB)
...
006 (675056.000.000) 09/16 09:47:23 Image size of job updated: 736672
	720  -  MemoryUsage of job (MB)
	736336  -  ResidentSetSize of job (KB)
...
006 (675056.000.000) 09/16 09:52:23 Image size of job updated: 760304
	743  -  MemoryUsage of job (MB)
	759968  -  ResidentSetSize of job (KB)
...
006 (675056.000.000) 09/16 09:57:24 Image size of job updated: 783688
	765  -  MemoryUsage of job (MB)
	783352  -  ResidentSetSize of job (KB)
...
006 (675056.000.000) 09/16 10:02:25 Image size of job updated: 807652
	789  -  MemoryUsage of job (MB)
	807316  -  ResidentSetSize of job (KB)
...
006 (675056.000.000) 09/16 10:07:25 Image size of job updated: 830852
	812  -  MemoryUsage of job (MB)
	830516  -  ResidentSetSize of job (KB)
...
006 (675056.000.000) 09/16 10:12:26 Image size of job updated: 855440
	836  -  MemoryUsage of job (MB)
	855104  -  ResidentSetSize of job (KB)
...
006 (675056.000.000) 09/16 10:17:27 Image size of job updated: 879816
	859  -  MemoryUsage of job (MB)
	879480  -  ResidentSetSize of job (KB)
...
006 (675056.000.000) 09/16 10:22:27 Image size of job updated: 903768
	883  -  MemoryUsage of job (MB)
	903432  -  ResidentSetSize of job (KB)
...
006 (675056.000.000) 09/16 10:27:27 Image size of job updated: 928572
	907  -  MemoryUsage of job (MB)
	928236  -  ResidentSetSize of job (KB)
...
006 (675056.000.000) 09/16 10:32:28 Image size of job updated: 953044
	931  -  MemoryUsage of job (MB)
	952708  -  ResidentSetSize of job (KB)
...
006 (675056.000.000) 09/16 10:37:29 Image size of job updated: 977428
	955  -  MemoryUsage of job (MB)
	977092  -  ResidentSetSize of job (KB)
...
006 (675056.000.000) 09/16 10:42:29 Image size of job updated: 1001452
	978  -  MemoryUsage of job (MB)
	1001116  -  ResidentSetSize of job (KB)
...
006 (675056.000.000) 09/16 10:47:30 Image size of job updated: 1025556
	1002  -  MemoryUsage of job (MB)
	1025220  -  ResidentSetSize of job (KB)
...
006 (675056.000.000) 09/16 10:52:31 Image size of job updated: 1049084
	1025  -  MemoryUsage of job (MB)
	1048748  -  ResidentSetSize of job (KB)
...
006 (675056.000.000) 09/16 10:57:31 Image size of job updated: 1073496
	1049  -  MemoryUsage of job (MB)
	1073160  -  ResidentSetSize of job (KB)
...
006 (675056.000.000) 09/16 11:02:31 Image size of job updated: 1097508
	1072  -  MemoryUsage of job (MB)
	1097172  -  ResidentSetSize of job (KB)
...
006 (675056.000.000) 09/16 11:07:32 Image size of job updated: 1121612
	1095  -  MemoryUsage of job (MB)
	1121276  -  ResidentSetSize of job (KB)
...
006 (675056.000.000) 09/16 11:12:33 Image size of job updated: 1145640
	1119  -  MemoryUsage of job (MB)
	1145304  -  ResidentSetSize of job (KB)
...
006 (675056.000.000) 09/16 11:17:33 Image size of job updated: 1169568
	1142  -  MemoryUsage of job (MB)
	1169232  -  ResidentSetSize of job (KB)
...
006 (675056.000.000) 09/16 11:22:33 Image size of job updated: 1193536
	1166  -  MemoryUsage of job (MB)
	1193200  -  ResidentSetSize of job (KB)
...
006 (675056.000.000) 09/16 11:27:34 Image size of job updated: 1217208
	1189  -  MemoryUsage of job (MB)
	1216872  -  ResidentSetSize of job (KB)
...
006 (675056.000.000) 09/16 11:32:34 Image size of job updated: 1241128
	1212  -  MemoryUsage of job (MB)
	1240792  -  ResidentSetSize of job (KB)
...
006 (675056.000.000) 09/16 11:37:34 Image size of job updated: 1265420
	1236  -  MemoryUsage of job (MB)
	1265084  -  ResidentSetSize of job (KB)
...
006 (675056.000.000) 09/16 11:42:35 Image size of job updated: 1289916
	1260  -  MemoryUsage of job (MB)
	1289580  -  ResidentSetSize of job (KB)
...
006 (675056.000.000) 09/16 11:47:36 Image size of job updated: 1312360
	1282  -  MemoryUsage of job (MB)
	1312024  -  ResidentSetSize of job (KB)
...
006 (675056.000.000) 09/16 11:52:36 Image size of job updated: 1334188
	1303  -  MemoryUsage of job (MB)
	1333852  -  ResidentSetSize of job (KB)
...
006 (675056.000.000) 09/16 11:57:36 Image size of job updated: 1356344
	1325  -  MemoryUsage of job (MB)
	1356008  -  ResidentSetSize of job (KB)
...
006 (675056.000.000) 09/16 12:02:38 Image size of job updated: 1378416
	1346  -  MemoryUsage of job (MB)
	1378080  -  ResidentSetSize of job (KB)
...
006 (675056.000.000) 09/16 12:07:38 Image size of job updated: 1400448
	1368  -  MemoryUsage of job (MB)
	1400112  -  ResidentSetSize of job (KB)
...
006 (675056.000.000) 09/16 12:12:38 Image size of job updated: 1422576
	1389  -  MemoryUsage of job (MB)
	1422240  -  ResidentSetSize of job (KB)
...
006 (675056.000.000) 09/16 12:17:39 Image size of job updated: 1444764
	1411  -  MemoryUsage of job (MB)
	1444428  -  ResidentSetSize of job (KB)
...
006 (675056.000.000) 09/16 12:22:40 Image size of job updated: 1466572
	1432  -  MemoryUsage of job (MB)
	1466236  -  ResidentSetSize of job (KB)
...
006 (675056.000.000) 09/16 12:27:40 Image size of job updated: 1488580
	1454  -  MemoryUsage of job (MB)
	1488244  -  ResidentSetSize of job (KB)
...
006 (675056.000.000) 09/16 12:32:40 Image size of job updated: 1511040
	1476  -  MemoryUsage of job (MB)
	1510704  -  ResidentSetSize of job (KB)
...
006 (675056.000.000) 09/16 12:37:41 Image size of job updated: 1533264
	1497  -  MemoryUsage of job (MB)
	1532928  -  ResidentSetSize of job (KB)
...
006 (675056.000.000) 09/16 12:42:42 Image size of job updated: 1555472
	1519  -  MemoryUsage of job (MB)
	1555136  -  ResidentSetSize of job (KB)
...
006 (675056.000.000) 09/16 12:47:42 Image size of job updated: 1578076
	1541  -  MemoryUsage of job (MB)
	1577740  -  ResidentSetSize of job (KB)
...
006 (675056.000.000) 09/16 12:52:42 Image size of job updated: 1602056
	1565  -  MemoryUsage of job (MB)
	1601720  -  ResidentSetSize of job (KB)
...
006 (675056.000.000) 09/16 12:57:43 Image size of job updated: 1625684
	1588  -  MemoryUsage of job (MB)
	1625348  -  ResidentSetSize of job (KB)
...
006 (675056.000.000) 09/16 13:02:43 Image size of job updated: 1649184
	1611  -  MemoryUsage of job (MB)
	1648848  -  ResidentSetSize of job (KB)
...
006 (675056.000.000) 09/16 13:07:43 Image size of job updated: 1672944
	1634  -  MemoryUsage of job (MB)
	1672608  -  ResidentSetSize of job (KB)
...
006 (675056.000.000) 09/16 13:12:44 Image size of job updated: 1696652
	1657  -  MemoryUsage of job (MB)
	1696316  -  ResidentSetSize of job (KB)
...
006 (675056.000.000) 09/16 13:17:45 Image size of job updated: 1719864
	1680  -  MemoryUsage of job (MB)
	1719528  -  ResidentSetSize of job (KB)
...
006 (675056.000.000) 09/16 13:22:45 Image size of job updated: 1743928
	1703  -  MemoryUsage of job (MB)
	1743592  -  ResidentSetSize of job (KB)
...
006 (675056.000.000) 09/16 13:27:45 Image size of job updated: 1767560
	1726  -  MemoryUsage of job (MB)
	1767224  -  ResidentSetSize of job (KB)
...
006 (675056.000.000) 09/16 13:32:46 Image size of job updated: 1791196
	1749  -  MemoryUsage of job (MB)
	1790860  -  ResidentSetSize of job (KB)
...
006 (675056.000.000) 09/16 13:37:46 Image size of job updated: 1814844
	1772  -  MemoryUsage of job (MB)
	1814508  -  ResidentSetSize of job (KB)
...
006 (675056.000.000) 09/16 13:42:46 Image size of job updated: 1838460
	1796  -  MemoryUsage of job (MB)
	1838124  -  ResidentSetSize of job (KB)
...
006 (675056.000.000) 09/16 13:47:47 Image size of job updated: 1862176
	1819  -  MemoryUsage of job (MB)
	1861840  -  ResidentSetSize of job (KB)
...
006 (675056.000.000) 09/16 13:52:48 Image size of job updated: 1885592
	1842  -  MemoryUsage of job (MB)
	1885256  -  ResidentSetSize of job (KB)
...
006 (675056.000.000) 09/16 13:57:48 Image size of job updated: 1909028
	1864  -  MemoryUsage of job (MB)
	1908692  -  ResidentSetSize of job (KB)
...
006 (675056.000.000) 09/16 14:02:48 Image size of job updated: 1933088
	1888  -  MemoryUsage of job (MB)
	1932752  -  ResidentSetSize of job (KB)
...
006 (675056.000.000) 09/16 14:07:49 Image size of job updated: 1956712
	1911  -  MemoryUsage of job (MB)
	1956376  -  ResidentSetSize of job (KB)
...
006 (675056.000.000) 09/16 14:12:49 Image size of job updated: 1980348
	1934  -  MemoryUsage of job (MB)
	1980012  -  ResidentSetSize of job (KB)
...
006 (675056.000.000) 09/16 14:17:49 Image size of job updated: 2003988
	1957  -  MemoryUsage of job (MB)
	2003652  -  ResidentSetSize of job (KB)
...
006 (675056.000.000) 09/16 14:22:50 Image size of job updated: 2027692
	1980  -  MemoryUsage of job (MB)
	2027356  -  ResidentSetSize of job (KB)
...
006 (675056.000.000) 09/16 14:27:51 Image size of job updated: 2051332
	2003  -  MemoryUsage of job (MB)
	2050996  -  ResidentSetSize of job (KB)
...
006 (675056.000.000) 09/16 14:32:51 Image size of job updated: 2074968
	2027  -  MemoryUsage of job (MB)
	2074632  -  ResidentSetSize of job (KB)
...
006 (675056.000.000) 09/16 14:37:51 Image size of job updated: 2098608
	2050  -  MemoryUsage of job (MB)
	2098272  -  ResidentSetSize of job (KB)
...
006 (675056.000.000) 09/16 14:42:52 Image size of job updated: 2122224
	2073  -  MemoryUsage of job (MB)
	2121888  -  ResidentSetSize of job (KB)
...
006 (675056.000.000) 09/16 14:47:52 Image size of job updated: 2145868
	2096  -  MemoryUsage of job (MB)
	2145532  -  ResidentSetSize of job (KB)
...
006 (675056.000.000) 09/16 14:52:52 Image size of job updated: 2169072
	2118  -  MemoryUsage of job (MB)
	2168736  -  ResidentSetSize of job (KB)
...
006 (675056.000.000) 09/16 14:57:53 Image size of job updated: 2193212
	2142  -  MemoryUsage of job (MB)
	2192876  -  ResidentSetSize of job (KB)
...
006 (675056.000.000) 09/16 15:02:54 Image size of job updated: 2216876
	2165  -  MemoryUsage of job (MB)
	2216540  -  ResidentSetSize of job (KB)
...
006 (675056.000.000) 09/16 15:07:54 Image size of job updated: 2240532
	2188  -  MemoryUsage of job (MB)
	2240196  -  ResidentSetSize of job (KB)
...
006 (675056.000.000) 09/16 15:12:54 Image size of job updated: 2264172
	2211  -  MemoryUsage of job (MB)
	2263836  -  ResidentSetSize of job (KB)
...
006 (675056.000.000) 09/16 15:17:56 Image size of job updated: 2287576
	2234  -  MemoryUsage of job (MB)
	2287240  -  ResidentSetSize of job (KB)
...
006 (675056.000.000) 09/16 15:22:56 Image size of job updated: 2311544
	2258  -  MemoryUsage of job (MB)
	2311208  -  ResidentSetSize of job (KB)
...
006 (675056.000.000) 09/16 15:27:56 Image size of job updated: 2335184
	2281  -  MemoryUsage of job (MB)
	2334848  -  ResidentSetSize of job (KB)
...
006 (675056.000.000) 09/16 15:32:57 Image size of job updated: 2358908
	2304  -  MemoryUsage of job (MB)
	2358572  -  ResidentSetSize of job (KB)
...
006 (675056.000.000) 09/16 15:37:58 Image size of job updated: 2382544
	2327  -  MemoryUsage of job (MB)
	2382208  -  ResidentSetSize of job (KB)
...
006 (675056.000.000) 09/16 15:42:58 Image size of job updated: 2406176
	2350  -  MemoryUsage of job (MB)
	2405840  -  ResidentSetSize of job (KB)
...
006 (675056.000.000) 09/16 15:47:58 Image size of job updated: 2429812
	2373  -  MemoryUsage of job (MB)
	2429476  -  ResidentSetSize of job (KB)
...
006 (675056.000.000) 09/16 15:52:59 Image size of job updated: 2453448
	2396  -  MemoryUsage of job (MB)
	2453112  -  ResidentSetSize of job (KB)
...
006 (675056.000.000) 09/16 15:57:59 Image size of job updated: 2477076
	2419  -  MemoryUsage of job (MB)
	2476740  -  ResidentSetSize of job (KB)
...
006 (675056.000.000) 09/16 16:02:59 Image size of job updated: 2500712
	2442  -  MemoryUsage of job (MB)
	2500376  -  ResidentSetSize of job (KB)
...
006 (675056.000.000) 09/16 16:08:00 Image size of job updated: 2524424
	2465  -  MemoryUsage of job (MB)
	2524088  -  ResidentSetSize of job (KB)
...
006 (675056.000.000) 09/16 16:13:01 Image size of job updated: 2548076
	2489  -  MemoryUsage of job (MB)
	2547740  -  ResidentSetSize of job (KB)
...
006 (675056.000.000) 09/16 16:18:01 Image size of job updated: 2571316
	2511  -  MemoryUsage of job (MB)
	2570980  -  ResidentSetSize of job (KB)
...
006 (675056.000.000) 09/16 16:23:01 Image size of job updated: 2595248
	2535  -  MemoryUsage of job (MB)
	2594912  -  ResidentSetSize of job (KB)
...
006 (675056.000.000) 09/16 16:28:02 Image size of job updated: 2618720
	2558  -  MemoryUsage of job (MB)
	2618384  -  ResidentSetSize of job (KB)
...
006 (675056.000.000) 09/16 16:33:02 Image size of job updated: 2642224
	2580  -  MemoryUsage of job (MB)
	2641888  -  ResidentSetSize of job (KB)
...
006 (675056.000.000) 09/16 16:38:02 Image size of job updated: 2665724
	2603  -  MemoryUsage of job (MB)
	2665388  -  ResidentSetSize of job (KB)
...
006 (675056.000.000) 09/16 16:43:03 Image size of job updated: 2689320
	2626  -  MemoryUsage of job (MB)
	2688984  -  ResidentSetSize of job (KB)
...
006 (675056.000.000) 09/16 16:48:04 Image size of job updated: 2712388
	2649  -  MemoryUsage of job (MB)
	2712052  -  ResidentSetSize of job (KB)
...
006 (675056.000.000) 09/16 16:53:04 Image size of job updated: 2735972
	2672  -  MemoryUsage of job (MB)
	2735636  -  ResidentSetSize of job (KB)
...
006 (675056.000.000) 09/16 16:58:04 Image size of job updated: 2759788
	2695  -  MemoryUsage of job (MB)
	2759452  -  ResidentSetSize of job (KB)
...
006 (675056.000.000) 09/16 17:03:05 Image size of job updated: 2783288
	2718  -  MemoryUsage of job (MB)
	2782952  -  ResidentSetSize of job (KB)
...
006 (675056.000.000) 09/16 17:08:05 Image size of job updated: 2806468
	2741  -  MemoryUsage of job (MB)
	2806132  -  ResidentSetSize of job (KB)
...
006 (675056.000.000) 09/16 17:13:05 Image size of job updated: 2829780
	2764  -  MemoryUsage of job (MB)
	2829444  -  ResidentSetSize of job (KB)
...
006 (675056.000.000) 09/16 17:18:06 Image size of job updated: 2853716
	2787  -  MemoryUsage of job (MB)
	2853380  -  ResidentSetSize of job (KB)
...
006 (675056.000.000) 09/16 17:23:07 Image size of job updated: 2877188
	2810  -  MemoryUsage of job (MB)
	2876852  -  ResidentSetSize of job (KB)
...
006 (675056.000.000) 09/16 17:28:07 Image size of job updated: 2900728
	2833  -  MemoryUsage of job (MB)
	2900392  -  ResidentSetSize of job (KB)
...
006 (675056.000.000) 09/16 17:33:07 Image size of job updated: 2923632
	2855  -  MemoryUsage of job (MB)
	2923296  -  ResidentSetSize of job (KB)
...
006 (675056.000.000) 09/16 17:38:09 Image size of job updated: 2946272
	2877  -  MemoryUsage of job (MB)
	2945936  -  ResidentSetSize of job (KB)
...
006 (675056.000.000) 09/16 17:43:09 Image size of job updated: 2968488
	2899  -  MemoryUsage of job (MB)
	2968152  -  ResidentSetSize of job (KB)
...
006 (675056.000.000) 09/16 17:48:09 Image size of job updated: 2991468
	2922  -  MemoryUsage of job (MB)
	2991132  -  ResidentSetSize of job (KB)
...
006 (675056.000.000) 09/16 17:53:10 Image size of job updated: 3013616
	2943  -  MemoryUsage of job (MB)
	3013280  -  ResidentSetSize of job (KB)
...
006 (675056.000.000) 09/16 17:58:11 Image size of job updated: 3035592
	2965  -  MemoryUsage of job (MB)
	3035256  -  ResidentSetSize of job (KB)
...
006 (675056.000.000) 09/16 18:03:11 Image size of job updated: 3057664
	2986  -  MemoryUsage of job (MB)
	3057328  -  ResidentSetSize of job (KB)
...
006 (675056.000.000) 09/16 18:08:11 Image size of job updated: 3079500
	3007  -  MemoryUsage of job (MB)
	3079164  -  ResidentSetSize of job (KB)
...
006 (675056.000.000) 09/16 18:13:13 Image size of job updated: 3102024
	3029  -  MemoryUsage of job (MB)
	3101688  -  ResidentSetSize of job (KB)
...
006 (675056.000.000) 09/16 18:18:13 Image size of job updated: 3124600
	3052  -  MemoryUsage of job (MB)
	3124264  -  ResidentSetSize of job (KB)
...
006 (675056.000.000) 09/16 18:23:13 Image size of job updated: 3147488
	3074  -  MemoryUsage of job (MB)
	3147152  -  ResidentSetSize of job (KB)
...
006 (675056.000.000) 09/16 18:28:14 Image size of job updated: 3169684
	3096  -  MemoryUsage of job (MB)
	3169348  -  ResidentSetSize of job (KB)
...
006 (675056.000.000) 09/16 18:33:15 Image size of job updated: 3191704
	3117  -  MemoryUsage of job (MB)
	3191368  -  ResidentSetSize of job (KB)
...
006 (675056.000.000) 09/16 18:38:15 Image size of job updated: 3216352
	3141  -  MemoryUsage of job (MB)
	3216016  -  ResidentSetSize of job (KB)
...
006 (675056.000.000) 09/16 18:43:15 Image size of job updated: 3240700
	3165  -  MemoryUsage of job (MB)
	3240364  -  ResidentSetSize of job (KB)
...
006 (675056.000.000) 09/16 18:48:16 Image size of job updated: 3265076
	3189  -  MemoryUsage of job (MB)
	3264740  -  ResidentSetSize of job (KB)
...
006 (675056.000.000) 09/16 18:53:16 Image size of job updated: 3289124
	3212  -  MemoryUsage of job (MB)
	3288788  -  ResidentSetSize of job (KB)
...
006 (675056.000.000) 09/16 18:58:16 Image size of job updated: 3313864
	3236  -  MemoryUsage of job (MB)
	3313528  -  ResidentSetSize of job (KB)
...
006 (675056.000.000) 09/16 19:03:17 Image size of job updated: 3338332
	3260  -  MemoryUsage of job (MB)
	3337996  -  ResidentSetSize of job (KB)
...
006 (675056.000.000) 09/16 19:08:18 Image size of job updated: 3362280
	3284  -  MemoryUsage of job (MB)
	3361944  -  ResidentSetSize of job (KB)
...
006 (675056.000.000) 09/16 19:13:18 Image size of job updated: 3387032
	3308  -  MemoryUsage of job (MB)
	3386696  -  ResidentSetSize of job (KB)
...
006 (675056.000.000) 09/16 19:18:19 Image size of job updated: 3411472
	3332  -  MemoryUsage of job (MB)
	3411136  -  ResidentSetSize of job (KB)
...
006 (675056.000.000) 09/16 19:23:20 Image size of job updated: 3435408
	3355  -  MemoryUsage of job (MB)
	3435072  -  ResidentSetSize of job (KB)
...
006 (675056.000.000) 09/16 19:28:20 Image size of job updated: 3460260
	3379  -  MemoryUsage of job (MB)
	3459924  -  ResidentSetSize of job (KB)
...
006 (675056.000.000) 09/16 19:33:20 Image size of job updated: 3484660
	3403  -  MemoryUsage of job (MB)
	3484324  -  ResidentSetSize of job (KB)
...
006 (675056.000.000) 09/16 19:38:21 Image size of job updated: 3509056
	3427  -  MemoryUsage of job (MB)
	3508720  -  ResidentSetSize of job (KB)
...
006 (675056.000.000) 09/16 19:43:21 Image size of job updated: 3533084
	3450  -  MemoryUsage of job (MB)
	3532748  -  ResidentSetSize of job (KB)
...
006 (675056.000.000) 09/16 19:48:21 Image size of job updated: 3557796
	3475  -  MemoryUsage of job (MB)
	3557460  -  ResidentSetSize of job (KB)
...
006 (675056.000.000) 09/16 19:53:22 Image size of job updated: 3581824
	3498  -  MemoryUsage of job (MB)
	3581488  -  ResidentSetSize of job (KB)
...
006 (675056.000.000) 09/16 19:58:23 Image size of job updated: 3606620
	3522  -  MemoryUsage of job (MB)
	3606284  -  ResidentSetSize of job (KB)
...
006 (675056.000.000) 09/16 20:03:23 Image size of job updated: 3630660
	3546  -  MemoryUsage of job (MB)
	3630324  -  ResidentSetSize of job (KB)
...
006 (675056.000.000) 09/16 20:08:24 Image size of job updated: 3655440
	3570  -  MemoryUsage of job (MB)
	3655104  -  ResidentSetSize of job (KB)
...
006 (675056.000.000) 09/16 20:13:25 Image size of job updated: 3679384
	3593  -  MemoryUsage of job (MB)
	3679048  -  ResidentSetSize of job (KB)
...
006 (675056.000.000) 09/16 20:18:25 Image size of job updated: 3704180
	3618  -  MemoryUsage of job (MB)
	3703844  -  ResidentSetSize of job (KB)
...
006 (675056.000.000) 09/16 20:23:25 Image size of job updated: 3728220
	3641  -  MemoryUsage of job (MB)
	3727884  -  ResidentSetSize of job (KB)
...
006 (675056.000.000) 09/16 20:28:26 Image size of job updated: 3753016
	3665  -  MemoryUsage of job (MB)
	3752680  -  ResidentSetSize of job (KB)
...
006 (675056.000.000) 09/16 20:33:27 Image size of job updated: 3777400
	3689  -  MemoryUsage of job (MB)
	3777064  -  ResidentSetSize of job (KB)
...
006 (675056.000.000) 09/16 20:38:27 Image size of job updated: 3801772
	3713  -  MemoryUsage of job (MB)
	3801436  -  ResidentSetSize of job (KB)
...
006 (675056.000.000) 09/16 20:43:28 Image size of job updated: 3826232
	3737  -  MemoryUsage of job (MB)
	3825896  -  ResidentSetSize of job (KB)
...
006 (675056.000.000) 09/16 20:48:29 Image size of job updated: 3850616
	3761  -  MemoryUsage of job (MB)
	3850280  -  ResidentSetSize of job (KB)
...
006 (675056.000.000) 09/16 20:53:29 Image size of job updated: 3874572
	3784  -  MemoryUsage of job (MB)
	3874236  -  ResidentSetSize of job (KB)
...
006 (675056.000.000) 09/16 20:58:29 Image size of job updated: 3899372
	3808  -  MemoryUsage of job (MB)
	3899036  -  ResidentSetSize of job (KB)
...
006 (675056.000.000) 09/16 21:03:31 Image size of job updated: 3923832
	3832  -  MemoryUsage of job (MB)
	3923496  -  ResidentSetSize of job (KB)
...
006 (675056.000.000) 09/16 21:08:31 Image size of job updated: 3948208
	3856  -  MemoryUsage of job (MB)
	3947872  -  ResidentSetSize of job (KB)
...
006 (675056.000.000) 09/16 21:13:31 Image size of job updated: 3972248
	3879  -  MemoryUsage of job (MB)
	3971912  -  ResidentSetSize of job (KB)
...
006 (675056.000.000) 09/16 21:18:32 Image size of job updated: 3997032
	3904  -  MemoryUsage of job (MB)
	3996696  -  ResidentSetSize of job (KB)
...
006 (675056.000.000) 09/16 21:23:33 Image size of job updated: 4021404
	3927  -  MemoryUsage of job (MB)
	4021068  -  ResidentSetSize of job (KB)
...
006 (675056.000.000) 09/16 21:28:33 Image size of job updated: 4045780
	3951  -  MemoryUsage of job (MB)
	4045444  -  ResidentSetSize of job (KB)
...
006 (675056.000.000) 09/16 21:33:33 Image size of job updated: 4070156
	3975  -  MemoryUsage of job (MB)
	4069820  -  ResidentSetSize of job (KB)
...
006 (675056.000.000) 09/16 21:38:34 Image size of job updated: 4094528
	3999  -  MemoryUsage of job (MB)
	4094192  -  ResidentSetSize of job (KB)
...
006 (675056.000.000) 09/16 21:43:34 Image size of job updated: 4118896
	4023  -  MemoryUsage of job (MB)
	4118560  -  ResidentSetSize of job (KB)
...
006 (675056.000.000) 09/16 21:48:34 Image size of job updated: 4143268
	4046  -  MemoryUsage of job (MB)
	4142932  -  ResidentSetSize of job (KB)
...
006 (675056.000.000) 09/16 21:53:35 Image size of job updated: 4167712
	4070  -  MemoryUsage of job (MB)
	4167376  -  ResidentSetSize of job (KB)
...
006 (675056.000.000) 09/16 21:58:36 Image size of job updated: 4192088
	4094  -  MemoryUsage of job (MB)
	4191752  -  ResidentSetSize of job (KB)
...
006 (675056.000.000) 09/16 22:03:36 Image size of job updated: 4216184
	4118  -  MemoryUsage of job (MB)
	4215848  -  ResidentSetSize of job (KB)
...
006 (675056.000.000) 09/16 22:08:36 Image size of job updated: 4240232
	4141  -  MemoryUsage of job (MB)
	4239896  -  ResidentSetSize of job (KB)
...
006 (675056.000.000) 09/16 22:13:37 Image size of job updated: 4264276
	4165  -  MemoryUsage of job (MB)
	4263940  -  ResidentSetSize of job (KB)
...
006 (675056.000.000) 09/16 22:18:37 Image size of job updated: 4288392
	4188  -  MemoryUsage of job (MB)
	4288056  -  ResidentSetSize of job (KB)
...
006 (675056.000.000) 09/16 22:23:37 Image size of job updated: 4312468
	4212  -  MemoryUsage of job (MB)
	4312132  -  ResidentSetSize of job (KB)
...
006 (675056.000.000) 09/16 22:28:38 Image size of job updated: 4336608
	4235  -  MemoryUsage of job (MB)
	4336272  -  ResidentSetSize of job (KB)
...
006 (675056.000.000) 09/16 22:33:39 Image size of job updated: 4360656
	4259  -  MemoryUsage of job (MB)
	4360320  -  ResidentSetSize of job (KB)
...
006 (675056.000.000) 09/16 22:38:39 Image size of job updated: 4384716
	4282  -  MemoryUsage of job (MB)
	4384380  -  ResidentSetSize of job (KB)
...
006 (675056.000.000) 09/16 22:43:39 Image size of job updated: 4408788
	4306  -  MemoryUsage of job (MB)
	4408452  -  ResidentSetSize of job (KB)
...
006 (675056.000.000) 09/16 22:48:40 Image size of job updated: 4432424
	4329  -  MemoryUsage of job (MB)
	4432088  -  ResidentSetSize of job (KB)
...
006 (675056.000.000) 09/16 22:53:40 Image size of job updated: 4456932
	4353  -  MemoryUsage of job (MB)
	4456596  -  ResidentSetSize of job (KB)
...
006 (675056.000.000) 09/16 22:58:40 Image size of job updated: 4481060
	4376  -  MemoryUsage of job (MB)
	4480724  -  ResidentSetSize of job (KB)
...
006 (675056.000.000) 09/16 23:03:41 Image size of job updated: 4505468
	4400  -  MemoryUsage of job (MB)
	4505132  -  ResidentSetSize of job (KB)
...
006 (675056.000.000) 09/16 23:08:42 Image size of job updated: 4528764
	4423  -  MemoryUsage of job (MB)
	4528428  -  ResidentSetSize of job (KB)
...
006 (675056.000.000) 09/16 23:13:42 Image size of job updated: 4550752
	4444  -  MemoryUsage of job (MB)
	4550416  -  ResidentSetSize of job (KB)
...
006 (675056.000.000) 09/16 23:18:42 Image size of job updated: 4572868
	4466  -  MemoryUsage of job (MB)
	4572532  -  ResidentSetSize of job (KB)
...
006 (675056.000.000) 09/16 23:23:43 Image size of job updated: 4594800
	4487  -  MemoryUsage of job (MB)
	4594464  -  ResidentSetSize of job (KB)
...
006 (675056.000.000) 09/16 23:28:43 Image size of job updated: 4616768
	4509  -  MemoryUsage of job (MB)
	4616432  -  ResidentSetSize of job (KB)
...
006 (675056.000.000) 09/16 23:33:43 Image size of job updated: 4638764
	4530  -  MemoryUsage of job (MB)
	4638428  -  ResidentSetSize of job (KB)
...
006 (675056.000.000) 09/16 23:38:44 Image size of job updated: 4660488
	4551  -  MemoryUsage of job (MB)
	4660152  -  ResidentSetSize of job (KB)
...
006 (675056.000.000) 09/16 23:43:45 Image size of job updated: 4683048
	4573  -  MemoryUsage of job (MB)
	4682712  -  ResidentSetSize of job (KB)
...
006 (675056.000.000) 09/16 23:48:45 Image size of job updated: 4704620
	4595  -  MemoryUsage of job (MB)
	4704284  -  ResidentSetSize of job (KB)
...
006 (675056.000.000) 09/16 23:53:45 Image size of job updated: 4727192
	4617  -  MemoryUsage of job (MB)
	4726856  -  ResidentSetSize of job (KB)
...
006 (675056.000.000) 09/16 23:58:46 Image size of job updated: 4749184
	4638  -  MemoryUsage of job (MB)
	4748848  -  ResidentSetSize of job (KB)
...
006 (675056.000.000) 09/17 00:03:46 Image size of job updated: 4771168
	4660  -  MemoryUsage of job (MB)
	4770832  -  ResidentSetSize of job (KB)
...
006 (675056.000.000) 09/17 00:08:46 Image size of job updated: 4792852
	4681  -  MemoryUsage of job (MB)
	4792516  -  ResidentSetSize of job (KB)
...
006 (675056.000.000) 09/17 00:13:47 Image size of job updated: 4816296
	4704  -  MemoryUsage of job (MB)
	4815960  -  ResidentSetSize of job (KB)
...
006 (675056.000.000) 09/17 00:18:48 Image size of job updated: 4840656
	4727  -  MemoryUsage of job (MB)
	4840320  -  ResidentSetSize of job (KB)
...
006 (675056.000.000) 09/17 00:23:48 Image size of job updated: 4864688
	4751  -  MemoryUsage of job (MB)
	4864352  -  ResidentSetSize of job (KB)
...
006 (675056.000.000) 09/17 00:28:48 Image size of job updated: 4889384
	4775  -  MemoryUsage of job (MB)
	4889048  -  ResidentSetSize of job (KB)
...
006 (675056.000.000) 09/17 00:33:50 Image size of job updated: 4913496
	4799  -  MemoryUsage of job (MB)
	4913160  -  ResidentSetSize of job (KB)
...
006 (675056.000.000) 09/17 00:38:50 Image size of job updated: 4937852
	4822  -  MemoryUsage of job (MB)
	4937516  -  ResidentSetSize of job (KB)
...
006 (675056.000.000) 09/17 00:43:50 Image size of job updated: 4962548
	4846  -  MemoryUsage of job (MB)
	4962212  -  ResidentSetSize of job (KB)
...
006 (675056.000.000) 09/17 00:48:51 Image size of job updated: 4986996
	4870  -  MemoryUsage of job (MB)
	4986660  -  ResidentSetSize of job (KB)
...
006 (675056.000.000) 09/17 00:53:52 Image size of job updated: 5011364
	4894  -  MemoryUsage of job (MB)
	5011028  -  ResidentSetSize of job (KB)
...
006 (675056.000.000) 09/17 00:58:52 Image size of job updated: 5035304
	4917  -  MemoryUsage of job (MB)
	5034968  -  ResidentSetSize of job (KB)
...
006 (675056.000.000) 09/17 01:03:52 Image size of job updated: 5060100
	4942  -  MemoryUsage of job (MB)
	5059764  -  ResidentSetSize of job (KB)
...
006 (675056.000.000) 09/17 01:08:54 Image size of job updated: 5084548
	4966  -  MemoryUsage of job (MB)
	5084212  -  ResidentSetSize of job (KB)
...
006 (675056.000.000) 09/17 01:13:54 Image size of job updated: 5108912
	4989  -  MemoryUsage of job (MB)
	5108576  -  ResidentSetSize of job (KB)
...
006 (675056.000.000) 09/17 01:18:54 Image size of job updated: 5133276
	5013  -  MemoryUsage of job (MB)
	5132940  -  ResidentSetSize of job (KB)
...
006 (675056.000.000) 09/17 01:23:55 Image size of job updated: 5157392
	5037  -  MemoryUsage of job (MB)
	5157056  -  ResidentSetSize of job (KB)
...
006 (675056.000.000) 09/17 01:28:56 Image size of job updated: 5182088
	5061  -  MemoryUsage of job (MB)
	5181752  -  ResidentSetSize of job (KB)
...
006 (675056.000.000) 09/17 01:33:56 Image size of job updated: 5206452
	5085  -  MemoryUsage of job (MB)
	5206116  -  ResidentSetSize of job (KB)
...
006 (675056.000.000) 09/17 01:38:56 Image size of job updated: 5230816
	5108  -  MemoryUsage of job (MB)
	5230480  -  ResidentSetSize of job (KB)
...
006 (675056.000.000) 09/17 01:43:57 Image size of job updated: 5255228
	5132  -  MemoryUsage of job (MB)
	5254892  -  ResidentSetSize of job (KB)
...
006 (675056.000.000) 09/17 01:48:57 Image size of job updated: 5279612
	5156  -  MemoryUsage of job (MB)
	5279276  -  ResidentSetSize of job (KB)
...
006 (675056.000.000) 09/17 01:53:57 Image size of job updated: 5304000
	5180  -  MemoryUsage of job (MB)
	5303664  -  ResidentSetSize of job (KB)
...
006 (675056.000.000) 09/17 01:58:58 Image size of job updated: 5328476
	5204  -  MemoryUsage of job (MB)
	5328140  -  ResidentSetSize of job (KB)
...
006 (675056.000.000) 09/17 02:03:59 Image size of job updated: 5352868
	5228  -  MemoryUsage of job (MB)
	5352532  -  ResidentSetSize of job (KB)
...
006 (675056.000.000) 09/17 02:08:59 Image size of job updated: 5377132
	5251  -  MemoryUsage of job (MB)
	5376796  -  ResidentSetSize of job (KB)
...
006 (675056.000.000) 09/17 02:13:59 Image size of job updated: 5401280
	5275  -  MemoryUsage of job (MB)
	5400944  -  ResidentSetSize of job (KB)
...
006 (675056.000.000) 09/17 02:19:00 Image size of job updated: 5425004
	5298  -  MemoryUsage of job (MB)
	5424668  -  ResidentSetSize of job (KB)
...
006 (675056.000.000) 09/17 02:24:00 Image size of job updated: 5449572
	5322  -  MemoryUsage of job (MB)
	5449236  -  ResidentSetSize of job (KB)
...
006 (675056.000.000) 09/17 02:29:00 Image size of job updated: 5473720
	5346  -  MemoryUsage of job (MB)
	5473384  -  ResidentSetSize of job (KB)
...
006 (675056.000.000) 09/17 02:34:01 Image size of job updated: 5497940
	5369  -  MemoryUsage of job (MB)
	5497604  -  ResidentSetSize of job (KB)
...
006 (675056.000.000) 09/17 02:39:02 Image size of job updated: 5522072
	5393  -  MemoryUsage of job (MB)
	5521736  -  ResidentSetSize of job (KB)
...
006 (675056.000.000) 09/17 02:44:02 Image size of job updated: 5546208
	5416  -  MemoryUsage of job (MB)
	5545872  -  ResidentSetSize of job (KB)
...
006 (675056.000.000) 09/17 02:49:02 Image size of job updated: 5570328
	5440  -  MemoryUsage of job (MB)
	5569992  -  ResidentSetSize of job (KB)
...
006 (675056.000.000) 09/17 02:54:03 Image size of job updated: 5594460
	5464  -  MemoryUsage of job (MB)
	5594124  -  ResidentSetSize of job (KB)
...
006 (675056.000.000) 09/17 02:59:03 Image size of job updated: 5618620
	5487  -  MemoryUsage of job (MB)
	5618284  -  ResidentSetSize of job (KB)
...
006 (675056.000.000) 09/17 03:04:03 Image size of job updated: 5642944
	5511  -  MemoryUsage of job (MB)
	5642608  -  ResidentSetSize of job (KB)
...
006 (675056.000.000) 09/17 03:09:04 Image size of job updated: 5667340
	5535  -  MemoryUsage of job (MB)
	5667004  -  ResidentSetSize of job (KB)
...
006 (675056.000.000) 09/17 03:14:05 Image size of job updated: 5691668
	5558  -  MemoryUsage of job (MB)
	5691332  -  ResidentSetSize of job (KB)
...
006 (675056.000.000) 09/17 03:19:05 Image size of job updated: 5716008
	5582  -  MemoryUsage of job (MB)
	5715672  -  ResidentSetSize of job (KB)
...
006 (675056.000.000) 09/17 03:24:06 Image size of job updated: 5740416
	5606  -  MemoryUsage of job (MB)
	5740080  -  ResidentSetSize of job (KB)
...
006 (675056.000.000) 09/17 03:29:07 Image size of job updated: 5764408
	5629  -  MemoryUsage of job (MB)
	5764072  -  ResidentSetSize of job (KB)
...
006 (675056.000.000) 09/17 03:34:07 Image size of job updated: 5789080
	5654  -  MemoryUsage of job (MB)
	5788744  -  ResidentSetSize of job (KB)
...
006 (675056.000.000) 09/17 03:39:07 Image size of job updated: 5813356
	5677  -  MemoryUsage of job (MB)
	5813020  -  ResidentSetSize of job (KB)
...
006 (675056.000.000) 09/17 03:44:09 Image size of job updated: 5837416
	5701  -  MemoryUsage of job (MB)
	5837080  -  ResidentSetSize of job (KB)
...
006 (675056.000.000) 09/17 03:49:09 Image size of job updated: 5861332
	5724  -  MemoryUsage of job (MB)
	5860996  -  ResidentSetSize of job (KB)
...
006 (675056.000.000) 09/17 03:54:09 Image size of job updated: 5885228
	5747  -  MemoryUsage of job (MB)
	5884892  -  ResidentSetSize of job (KB)
...
006 (675056.000.000) 09/17 03:59:10 Image size of job updated: 5909232
	5771  -  MemoryUsage of job (MB)
	5908896  -  ResidentSetSize of job (KB)
...
006 (675056.000.000) 09/17 04:04:11 Image size of job updated: 5933176
	5794  -  MemoryUsage of job (MB)
	5932840  -  ResidentSetSize of job (KB)
...
006 (675056.000.000) 09/17 04:09:11 Image size of job updated: 5957104
	5818  -  MemoryUsage of job (MB)
	5956768  -  ResidentSetSize of job (KB)
...
006 (675056.000.000) 09/17 04:14:11 Image size of job updated: 5981016
	5841  -  MemoryUsage of job (MB)
	5980680  -  ResidentSetSize of job (KB)
...
006 (675056.000.000) 09/17 04:19:12 Image size of job updated: 6005048
	5864  -  MemoryUsage of job (MB)
	6004712  -  ResidentSetSize of job (KB)
...
006 (675056.000.000) 09/17 04:24:13 Image size of job updated: 6029020
	5888  -  MemoryUsage of job (MB)
	6028684  -  ResidentSetSize of job (KB)
...
006 (675056.000.000) 09/17 04:29:13 Image size of job updated: 6052952
	5911  -  MemoryUsage of job (MB)
	6052616  -  ResidentSetSize of job (KB)
...
006 (675056.000.000) 09/17 04:34:14 Image size of job updated: 6076636
	5934  -  MemoryUsage of job (MB)
	6076300  -  ResidentSetSize of job (KB)
...
006 (675056.000.000) 09/17 04:39:15 Image size of job updated: 6101068
	5958  -  MemoryUsage of job (MB)
	6100732  -  ResidentSetSize of job (KB)
...
006 (675056.000.000) 09/17 04:44:15 Image size of job updated: 6125336
	5982  -  MemoryUsage of job (MB)
	6125000  -  ResidentSetSize of job (KB)
...
006 (675056.000.000) 09/17 04:49:15 Image size of job updated: 6147384
	6003  -  MemoryUsage of job (MB)
	6147048  -  ResidentSetSize of job (KB)
...
006 (675056.000.000) 09/17 04:54:16 Image size of job updated: 6169468
	6025  -  MemoryUsage of job (MB)
	6169132  -  ResidentSetSize of job (KB)
...
006 (675056.000.000) 09/17 04:59:17 Image size of job updated: 6191572
	6047  -  MemoryUsage of job (MB)
	6191236  -  ResidentSetSize of job (KB)
...
006 (675056.000.000) 09/17 05:04:17 Image size of job updated: 6213680
	6068  -  MemoryUsage of job (MB)
	6213344  -  ResidentSetSize of job (KB)
...
006 (675056.000.000) 09/17 05:09:18 Image size of job updated: 6235780
	6090  -  MemoryUsage of job (MB)
	6235444  -  ResidentSetSize of job (KB)
...
006 (675056.000.000) 09/17 05:14:19 Image size of job updated: 6257768
	6111  -  MemoryUsage of job (MB)
	6257432  -  ResidentSetSize of job (KB)
...
006 (675056.000.000) 09/17 05:19:19 Image size of job updated: 6279564
	6133  -  MemoryUsage of job (MB)
	6279228  -  ResidentSetSize of job (KB)
...
006 (675056.000.000) 09/17 05:24:19 Image size of job updated: 6301540
	6154  -  MemoryUsage of job (MB)
	6301204  -  ResidentSetSize of job (KB)
...
006 (675056.000.000) 09/17 05:29:20 Image size of job updated: 6323528
	6175  -  MemoryUsage of job (MB)
	6323192  -  ResidentSetSize of job (KB)
...
006 (675056.000.000) 09/17 05:34:21 Image size of job updated: 6345420
	6197  -  MemoryUsage of job (MB)
	6345084  -  ResidentSetSize of job (KB)
...
006 (675056.000.000) 09/17 05:39:21 Image size of job updated: 6367268
	6218  -  MemoryUsage of job (MB)
	6366932  -  ResidentSetSize of job (KB)
...
006 (675056.000.000) 09/17 05:44:22 Image size of job updated: 6389164
	6240  -  MemoryUsage of job (MB)
	6388828  -  ResidentSetSize of job (KB)
...
006 (675056.000.000) 09/17 05:49:23 Image size of job updated: 6411292
	6261  -  MemoryUsage of job (MB)
	6410956  -  ResidentSetSize of job (KB)
...
006 (675056.000.000) 09/17 05:54:23 Image size of job updated: 6435868
	6285  -  MemoryUsage of job (MB)
	6435532  -  ResidentSetSize of job (KB)
...
006 (675056.000.000) 09/17 05:59:23 Image size of job updated: 6460164
	6309  -  MemoryUsage of job (MB)
	6459828  -  ResidentSetSize of job (KB)
...
006 (675056.000.000) 09/17 06:04:25 Image size of job updated: 6484592
	6333  -  MemoryUsage of job (MB)
	6484256  -  ResidentSetSize of job (KB)
...
006 (675056.000.000) 09/17 06:09:25 Image size of job updated: 6508936
	6357  -  MemoryUsage of job (MB)
	6508600  -  ResidentSetSize of job (KB)
...
006 (675056.000.000) 09/17 06:14:25 Image size of job updated: 6532952
	6380  -  MemoryUsage of job (MB)
	6532616  -  ResidentSetSize of job (KB)
...
006 (675056.000.000) 09/17 06:19:26 Image size of job updated: 6557368
	6404  -  MemoryUsage of job (MB)
	6557032  -  ResidentSetSize of job (KB)
...
006 (675056.000.000) 09/17 06:24:27 Image size of job updated: 6581216
	6427  -  MemoryUsage of job (MB)
	6580880  -  ResidentSetSize of job (KB)
...
006 (675056.000.000) 09/17 06:29:27 Image size of job updated: 6605724
	6451  -  MemoryUsage of job (MB)
	6605388  -  ResidentSetSize of job (KB)
...
006 (675056.000.000) 09/17 06:34:27 Image size of job updated: 6629820
	6475  -  MemoryUsage of job (MB)
	6629484  -  ResidentSetSize of job (KB)
...
006 (675056.000.000) 09/17 06:39:28 Image size of job updated: 6654760
	6499  -  MemoryUsage of job (MB)
	6654424  -  ResidentSetSize of job (KB)
...
006 (675056.000.000) 09/17 06:44:28 Image size of job updated: 6679280
	6523  -  MemoryUsage of job (MB)
	6678944  -  ResidentSetSize of job (KB)
...
006 (675056.000.000) 09/17 06:49:28 Image size of job updated: 6703812
	6547  -  MemoryUsage of job (MB)
	6703476  -  ResidentSetSize of job (KB)
...
006 (675056.000.000) 09/17 06:54:29 Image size of job updated: 6728412
	6571  -  MemoryUsage of job (MB)
	6728076  -  ResidentSetSize of job (KB)
...
006 (675056.000.000) 09/17 06:59:30 Image size of job updated: 6752932
	6595  -  MemoryUsage of job (MB)
	6752596  -  ResidentSetSize of job (KB)
...
006 (675056.000.000) 09/17 07:04:30 Image size of job updated: 6777456
	6619  -  MemoryUsage of job (MB)
	6777120  -  ResidentSetSize of job (KB)
...
006 (675056.000.000) 09/17 07:09:31 Image size of job updated: 6801676
	6642  -  MemoryUsage of job (MB)
	6801340  -  ResidentSetSize of job (KB)
...
006 (675056.000.000) 09/17 07:14:32 Image size of job updated: 6826612
	6667  -  MemoryUsage of job (MB)
	6826276  -  ResidentSetSize of job (KB)
...
006 (675056.000.000) 09/17 07:19:32 Image size of job updated: 6851260
	6691  -  MemoryUsage of job (MB)
	6850924  -  ResidentSetSize of job (KB)
...
006 (675056.000.000) 09/17 07:24:32 Image size of job updated: 6875824
	6715  -  MemoryUsage of job (MB)
	6875488  -  ResidentSetSize of job (KB)
...
006 (675056.000.000) 09/17 07:29:33 Image size of job updated: 6900476
	6739  -  MemoryUsage of job (MB)
	6900140  -  ResidentSetSize of job (KB)
...
006 (675056.000.000) 09/17 07:34:34 Image size of job updated: 6925040
	6763  -  MemoryUsage of job (MB)
	6924704  -  ResidentSetSize of job (KB)
...
006 (675056.000.000) 09/17 07:39:34 Image size of job updated: 6949588
	6787  -  MemoryUsage of job (MB)
	6949252  -  ResidentSetSize of job (KB)
...
006 (675056.000.000) 09/17 07:44:35 Image size of job updated: 6974220
	6811  -  MemoryUsage of job (MB)
	6973884  -  ResidentSetSize of job (KB)
...
006 (675056.000.000) 09/17 07:49:36 Image size of job updated: 6998148
	6834  -  MemoryUsage of job (MB)
	6997752  -  ResidentSetSize of job (KB)
...
006 (675056.000.000) 09/17 07:54:36 Image size of job updated: 7021860
	6857  -  MemoryUsage of job (MB)
	7021432  -  ResidentSetSize of job (KB)
...
006 (675056.000.000) 09/17 07:59:36 Image size of job updated: 7043044
	6878  -  MemoryUsage of job (MB)
	7042608  -  ResidentSetSize of job (KB)
...
006 (675056.000.000) 09/17 08:04:37 Image size of job updated: 7058324
	6893  -  MemoryUsage of job (MB)
	7057764  -  ResidentSetSize of job (KB)
...
006 (675056.000.000) 09/17 08:09:38 Image size of job updated: 7060556
	6895  -  MemoryUsage of job (MB)
	7060044  -  ResidentSetSize of job (KB)
...
006 (675056.000.000) 09/17 08:14:38 Image size of job updated: 7065908
	6900  -  MemoryUsage of job (MB)
	7065460  -  ResidentSetSize of job (KB)
...
006 (675056.000.000) 09/17 08:19:39 Image size of job updated: 7070212
	6905  -  MemoryUsage of job (MB)
	7069764  -  ResidentSetSize of job (KB)
...
006 (675056.000.000) 09/17 08:24:40 Image size of job updated: 7073596
	6908  -  MemoryUsage of job (MB)
	7073148  -  ResidentSetSize of job (KB)
...
006 (675056.000.000) 09/17 08:39:41 Image size of job updated: 7077492
	6912  -  MemoryUsage of job (MB)
	7076900  -  ResidentSetSize of job (KB)
...
006 (675056.000.000) 09/17 08:44:42 Image size of job updated: 7084320
	6918  -  MemoryUsage of job (MB)
	7083728  -  ResidentSetSize of job (KB)
...
006 (675056.000.000) 09/17 08:49:42 Image size of job updated: 7087408
	6921  -  MemoryUsage of job (MB)
	7086816  -  ResidentSetSize of job (KB)
...
022 (675056.000.000) 09/17 16:15:14 Job disconnected, attempting to reconnect
    Socket between submit and execute hosts closed unexpectedly
    Trying to reconnect to slot1_6@c-1-6 <140.160.143.157:9618?addrs=140.160.143.157-9618&noUDP&sock=4484_2bf8_12>
...
024 (675056.000.000) 09/17 16:55:14 Job reconnection failed
    Job disconnected too long: JobLeaseDuration (2400 seconds) expired
    Can not reconnect to slot1_6@c-1-6, rescheduling job
...
001 (675056.000.000) 09/18 13:29:19 Job executing on host: <140.160.143.150:9618?addrs=140.160.143.150-9618&noUDP&sock=4797_3c4d_3>
...
005 (675056.000.000) 09/21 00:54:31 Job terminated.
	(1) Normal termination (return value 0)
		Usr 0 00:05:45, Sys 0 00:02:00  -  Run Remote Usage
		Usr 0 00:00:00, Sys 0 00:00:00  -  Run Local Usage
		Usr 0 00:05:45, Sys 0 00:02:00  -  Total Remote Usage
		Usr 0 00:00:00, Sys 0 00:00:00  -  Total Local Usage
	0  -  Run Bytes Sent By Job
	0  -  Run Bytes Received By Job
	0  -  Total Bytes Sent By Job
	0  -  Total Bytes Received By Job
	Partitionable Resources :    Usage  Request Allocated 
	   Cpus                 :     1.98        2         2 
	   Disk (KB)            :   150         150     20024 
	   Gpus                 :                           0 
	   Memory (MB)          :  7325        7325      7424 
...
000 (268.000.000) 10/21 16:26:42 Job submitted from host: <140.160.143.131:9618?addrs=140.160.143.131-9618&noUDP&sock=2776_aefe_4>
...
009 (268.000.000) 10/22 13:21:45 Job was aborted by the user.
	via condor_rm (by user scoggim)
...
000 (309.024.000) 10/22 13:32:35 Job submitted from host: <140.160.143.131:9618?addrs=140.160.143.131-9618&noUDP&sock=2776_aefe_4>
...
001 (309.024.000) 10/24 02:00:00 Job executing on host: <140.160.143.147:9618?addrs=140.160.143.147-9618&noUDP&sock=1438_ed47_3>
...
006 (309.024.000) 10/24 02:00:09 Image size of job updated: 2224
	3  -  MemoryUsage of job (MB)
	2224  -  ResidentSetSize of job (KB)
...
006 (309.024.000) 10/24 02:20:11 Image size of job updated: 2332
	3  -  MemoryUsage of job (MB)
	2332  -  ResidentSetSize of job (KB)
...
006 (309.024.000) 10/24 02:35:13 Image size of job updated: 2336
	3  -  MemoryUsage of job (MB)
	2336  -  ResidentSetSize of job (KB)
...
004 (309.024.000) 10/24 17:59:26 Job was evicted.
	(0) Job was not checkpointed.
		Usr 1 03:29:52, Sys 0 04:28:59  -  Run Remote Usage
		Usr 0 00:00:00, Sys 0 00:00:00  -  Run Local Usage
	0  -  Run Bytes Sent By Job
	0  -  Run Bytes Received By Job
	Partitionable Resources :    Usage  Request Allocated 
	   Cpus                 :     2.00        2         2 
	   Disk (KB)            :   150         150    204210 
	   Memory (MB)          :     3       20480     20480 
...
009 (309.024.000) 10/24 17:59:27 Job was aborted by the user.
	via condor_rm (by user scoggim)
...
000 (376.024.000) 10/24 18:01:12 Job submitted from host: <140.160.143.131:9618?addrs=140.160.143.131-9618&noUDP&sock=2776_aefe_4>
...
009 (376.024.000) 10/24 18:01:25 Job was aborted by the user.
	via condor_rm (by user scoggim)
...
000 (377.024.000) 10/24 18:02:23 Job submitted from host: <140.160.143.131:9618?addrs=140.160.143.131-9618&noUDP&sock=2776_aefe_4>
...
009 (377.024.000) 10/24 22:08:59 Job was aborted by the user.
	via condor_rm (by user scoggim)
...
000 (378.024.000) 10/24 22:09:10 Job submitted from host: <140.160.143.131:9618?addrs=140.160.143.131-9618&noUDP&sock=2776_aefe_4>
...
009 (378.024.000) 10/25 11:03:40 Job was aborted by the user.
	via condor_rm (by user scoggim)
...
000 (392.024.000) 10/25 11:03:48 Job submitted from host: <140.160.143.131:9618?addrs=140.160.143.131-9618&noUDP&sock=2776_aefe_4>
...
009 (392.024.000) 10/25 14:27:29 Job was aborted by the user.
	via condor_rm (by user scoggim)
...
000 (396.024.000) 10/25 14:27:34 Job submitted from host: <140.160.143.131:9618?addrs=140.160.143.131-9618&noUDP&sock=2776_aefe_4>
...
001 (396.024.000) 10/25 14:51:37 Job executing on host: <140.160.143.152:9618?addrs=140.160.143.152-9618&noUDP&sock=3041_7397_3>
...
006 (396.024.000) 10/25 14:51:45 Image size of job updated: 2464
	3  -  MemoryUsage of job (MB)
	2228  -  ResidentSetSize of job (KB)
...
006 (396.024.000) 10/25 15:11:47 Image size of job updated: 2572
	3  -  MemoryUsage of job (MB)
	2336  -  ResidentSetSize of job (KB)
...
006 (396.024.000) 10/25 18:47:09 Image size of job updated: 2588
	3  -  MemoryUsage of job (MB)
	2336  -  ResidentSetSize of job (KB)
...
006 (396.024.000) 10/26 00:02:45 Image size of job updated: 2620
	3  -  MemoryUsage of job (MB)
	2336  -  ResidentSetSize of job (KB)
...
006 (396.024.000) 10/26 12:20:56 Image size of job updated: 145104
	3  -  MemoryUsage of job (MB)
	2336  -  ResidentSetSize of job (KB)
...
004 (396.024.000) 10/26 12:20:56 Job was evicted.
	(0) Job was not checkpointed.
		Usr 1 12:16:02, Sys 0 06:42:11  -  Run Remote Usage
		Usr 0 00:00:00, Sys 0 00:00:00  -  Run Local Usage
	0  -  Run Bytes Sent By Job
	0  -  Run Bytes Received By Job
	Partitionable Resources :    Usage  Request Allocated 
	   Cpus                 :     2.00        2         2 
	   Disk (KB)            :   150         150    880710 
	   Gpus                 :                           0 
	   Memory (MB)          :     3       20480     20480 
...
009 (396.024.000) 10/26 12:20:56 Job was aborted by the user.
	via condor_rm (by user scoggim)
...
000 (418.024.000) 10/26 12:22:09 Job submitted from host: <140.160.143.131:9618?addrs=140.160.143.131-9618&noUDP&sock=2776_aefe_4>
...
001 (418.024.000) 10/26 12:22:11 Job executing on host: <140.160.143.153:9618?addrs=140.160.143.153-9618&noUDP&sock=2977_8d88_3>
...
006 (418.024.000) 10/26 12:22:20 Image size of job updated: 2224
	3  -  MemoryUsage of job (MB)
	2224  -  ResidentSetSize of job (KB)
...
006 (418.024.000) 10/26 12:52:24 Image size of job updated: 2332
	3  -  MemoryUsage of job (MB)
	2332  -  ResidentSetSize of job (KB)
...
004 (418.024.000) 10/26 20:10:06 Job was evicted.
	(0) Job was not checkpointed.
		Usr 0 13:03:03, Sys 0 02:32:42  -  Run Remote Usage
		Usr 0 00:00:00, Sys 0 00:00:00  -  Run Local Usage
	0  -  Run Bytes Sent By Job
	0  -  Run Bytes Received By Job
	Partitionable Resources :    Usage  Request Allocated 
	   Cpus                 :     2.00        2         2 
	   Disk (KB)            :   150         150    876534 
	   Gpus                 :                           0 
	   Memory (MB)          :     3       20480     20480 
...
009 (418.024.000) 10/26 20:10:07 Job was aborted by the user.
	via condor_rm (by user scoggim)
...
000 (419.024.000) 10/26 20:10:13 Job submitted from host: <140.160.143.131:9618?addrs=140.160.143.131-9618&noUDP&sock=2776_aefe_4>
...
001 (419.024.000) 10/26 20:10:14 Job executing on host: <140.160.143.153:9618?addrs=140.160.143.153-9618&noUDP&sock=2977_8d88_3>
...
006 (419.024.000) 10/26 20:10:23 Image size of job updated: 2228
	3  -  MemoryUsage of job (MB)
	2228  -  ResidentSetSize of job (KB)
...
006 (419.024.000) 10/26 20:15:24 Image size of job updated: 2232
	3  -  MemoryUsage of job (MB)
	2232  -  ResidentSetSize of job (KB)
...
006 (419.024.000) 10/26 20:40:27 Image size of job updated: 2340
	3  -  MemoryUsage of job (MB)
	2340  -  ResidentSetSize of job (KB)
...
004 (419.024.000) 10/27 11:05:19 Job was evicted.
	(0) Job was not checkpointed.
		Usr 1 00:50:39, Sys 0 04:59:19  -  Run Remote Usage
		Usr 0 00:00:00, Sys 0 00:00:00  -  Run Local Usage
	0  -  Run Bytes Sent By Job
	0  -  Run Bytes Received By Job
	Partitionable Resources :    Usage  Request Allocated 
	   Cpus                 :     2.00        2         2 
	   Disk (KB)            :   150         150    876534 
	   Gpus                 :                           0 
	   Memory (MB)          :     3       20480     20480 
...
009 (419.024.000) 10/27 11:05:19 Job was aborted by the user.
	via condor_rm (by user scoggim)
...
000 (420.024.000) 10/27 11:17:25 Job submitted from host: <140.160.143.131:9618?addrs=140.160.143.131-9618&noUDP&sock=2776_aefe_4>
...
001 (420.024.000) 10/27 11:17:45 Job executing on host: <140.160.143.153:9618?addrs=140.160.143.153-9618&noUDP&sock=2977_8d88_3>
...
006 (420.024.000) 10/27 11:17:54 Image size of job updated: 2220
	3  -  MemoryUsage of job (MB)
	2220  -  ResidentSetSize of job (KB)
...
006 (420.024.000) 10/27 12:08:00 Image size of job updated: 2328
	3  -  MemoryUsage of job (MB)
	2328  -  ResidentSetSize of job (KB)
...
006 (420.024.000) 10/28 00:54:17 Image size of job updated: 2332
	3  -  MemoryUsage of job (MB)
	2332  -  ResidentSetSize of job (KB)
...
005 (420.024.000) 11/01 14:51:23 Job terminated.
	(1) Normal termination (return value 0)
		Usr 8 15:02:28, Sys 1 16:03:12  -  Run Remote Usage
		Usr 0 00:00:00, Sys 0 00:00:00  -  Run Local Usage
		Usr 8 15:02:28, Sys 1 16:03:12  -  Total Remote Usage
		Usr 0 00:00:00, Sys 0 00:00:00  -  Total Local Usage
	0  -  Run Bytes Sent By Job
	0  -  Run Bytes Received By Job
	0  -  Total Bytes Sent By Job
	0  -  Total Bytes Received By Job
	Partitionable Resources :    Usage  Request Allocated 
	   Cpus                 :     2.00        2         2 
	   Disk (KB)            :   150         150    876534 
	   Gpus                 :                           0 
	   Memory (MB)          :     3       20480     20480 
...
