000 (2267.1480.000) 04/28 23:44:33 Job submitted from host: <140.160.143.131:9618?addrs=140.160.143.131-9618&noUDP&sock=3131910_565e_30>
...
009 (2267.1480.000) 05/11 12:17:53 Job was aborted by the user.
	via condor_rm (by user scoggim)
...
000 (2400.804.000) 05/11 12:37:10 Job submitted from host: <140.160.143.131:9618?addrs=140.160.143.131-9618&noUDP&sock=3131910_565e_30>
...
001 (2400.804.000) 05/12 17:19:38 Job executing on host: <140.160.143.145:9618?addrs=140.160.143.145-9618&noUDP&sock=16120_8ec3_3>
...
006 (2400.804.000) 05/12 17:19:47 Image size of job updated: 4012
	4  -  MemoryUsage of job (MB)
	4012  -  ResidentSetSize of job (KB)
...
006 (2400.804.000) 05/15 12:25:40 Image size of job updated: 109552
	4  -  MemoryUsage of job (MB)
	4012  -  ResidentSetSize of job (KB)
...
004 (2400.804.000) 05/15 12:25:40 Job was evicted.
	(0) Job was not checkpointed.
		Usr 2 19:02:52, Sys 0 00:00:01  -  Run Remote Usage
		Usr 0 00:00:00, Sys 0 00:00:00  -  Run Local Usage
	0  -  Run Bytes Sent By Job
	0  -  Run Bytes Received By Job
	Partitionable Resources :    Usage  Request Allocated 
	   Cpus                 :     1.00        1         1 
	   Disk (KB)            :   175         175    881546 
	   Memory (MB)          :     4           1       128 
...
001 (2400.804.000) 05/15 18:21:49 Job executing on host: <140.160.143.142:9618?addrs=140.160.143.142-9618&noUDP&sock=19098_37cd_3>
...
004 (2400.804.000) 05/19 07:17:37 Job was evicted.
	(0) Job was not checkpointed.
		Usr 2 19:35:46, Sys 0 00:00:01  -  Run Remote Usage
		Usr 0 00:00:00, Sys 0 00:00:00  -  Run Local Usage
	0  -  Run Bytes Sent By Job
	0  -  Run Bytes Received By Job
	Partitionable Resources :    Usage  Request Allocated 
	   Cpus                 :     0.64        1         1 
	   Disk (KB)            :   175         175    881307 
	   Memory (MB)          :     5           5       128 
...
009 (2400.804.000) 05/19 07:17:41 Job was aborted by the user.
	via condor_rm (by user scoggim)
...
