000 (2267.702.000) 04/28 23:44:32 Job submitted from host: <140.160.143.131:9618?addrs=140.160.143.131-9618&noUDP&sock=3131910_565e_30>
...
000 (2268.702.000) 04/28 23:46:20 Job submitted from host: <140.160.143.131:9618?addrs=140.160.143.131-9618&noUDP&sock=3131910_565e_30>
...
001 (2267.702.000) 05/01 12:15:25 Job executing on host: <140.160.143.167:9618?addrs=140.160.143.167-9618&noUDP&sock=15487_5f50_3>
...
006 (2267.702.000) 05/01 12:15:33 Image size of job updated: 2704
	3  -  MemoryUsage of job (MB)
	2704  -  ResidentSetSize of job (KB)
...
006 (2267.702.000) 05/01 12:20:33 Image size of job updated: 2708
	3  -  MemoryUsage of job (MB)
	2708  -  ResidentSetSize of job (KB)
...
005 (2267.702.000) 05/02 02:28:57 Job terminated.
	(1) Normal termination (return value 0)
		Usr 1 08:02:30, Sys 1 00:51:10  -  Run Remote Usage
		Usr 0 00:00:00, Sys 0 00:00:00  -  Run Local Usage
		Usr 1 08:02:30, Sys 1 00:51:10  -  Total Remote Usage
		Usr 0 00:00:00, Sys 0 00:00:00  -  Total Local Usage
	0  -  Run Bytes Sent By Job
	0  -  Run Bytes Received By Job
	0  -  Total Bytes Sent By Job
	0  -  Total Bytes Received By Job
	Partitionable Resources :    Usage  Request Allocated 
	   Cpus                 :     4.00        4         4 
	   Disk (KB)            :   175         175    844734 
	   Memory (MB)          :     3           1       128 
...
009 (2268.702.000) 05/11 09:58:40 Job was aborted by the user.
	via condor_rm (by user scoggim)
...
000 (2400.026.000) 05/11 12:37:08 Job submitted from host: <140.160.143.131:9618?addrs=140.160.143.131-9618&noUDP&sock=3131910_565e_30>
...
001 (2400.026.000) 05/11 12:37:12 Job executing on host: <140.160.143.147:9618?addrs=140.160.143.147-9618&noUDP&sock=29188_1e64_3>
...
006 (2400.026.000) 05/11 12:37:20 Image size of job updated: 2580
	3  -  MemoryUsage of job (MB)
	2052  -  ResidentSetSize of job (KB)
...
006 (2400.026.000) 05/11 13:07:24 Image size of job updated: 2584
	3  -  MemoryUsage of job (MB)
	2056  -  ResidentSetSize of job (KB)
...
005 (2400.026.000) 05/11 17:40:39 Job terminated.
	(1) Normal termination (return value 0)
		Usr 0 05:03:05, Sys 0 00:00:00  -  Run Remote Usage
		Usr 0 00:00:00, Sys 0 00:00:00  -  Run Local Usage
		Usr 0 05:03:05, Sys 0 00:00:00  -  Total Remote Usage
		Usr 0 00:00:00, Sys 0 00:00:00  -  Total Local Usage
	0  -  Run Bytes Sent By Job
	0  -  Run Bytes Received By Job
	0  -  Total Bytes Sent By Job
	0  -  Total Bytes Received By Job
	Partitionable Resources :    Usage  Request Allocated 
	   Cpus                 :     1.00        1         1 
	   Disk (KB)            :   175         175    197290 
	   Memory (MB)          :     3           1       128 
...
000 (2511.702.000) 05/27 15:03:20 Job submitted from host: <140.160.143.131:9618?addrs=140.160.143.131-9618&noUDP&sock=3131910_565e_30>
...
001 (2511.702.000) 05/27 21:51:08 Job executing on host: <140.160.143.147:9618?addrs=140.160.143.147-9618&noUDP&sock=26984_5ba8_3>
...
006 (2511.702.000) 05/27 21:51:17 Image size of job updated: 62192
	61  -  MemoryUsage of job (MB)
	62192  -  ResidentSetSize of job (KB)
...
006 (2511.702.000) 05/31 13:14:15 Image size of job updated: 145796
	61  -  MemoryUsage of job (MB)
	62192  -  ResidentSetSize of job (KB)
...
004 (2511.702.000) 05/31 13:14:15 Job was evicted.
	(0) Job was not checkpointed.
		Usr 3 15:14:19, Sys 0 00:00:08  -  Run Remote Usage
		Usr 0 00:00:00, Sys 0 00:00:00  -  Run Local Usage
	0  -  Run Bytes Sent By Job
	0  -  Run Bytes Received By Job
	Partitionable Resources :    Usage  Request Allocated 
	   Cpus                 :     1.00        1         1 
	   Disk (KB)            :   175         175    196727 
	   Memory (MB)          :    61           1       128 
...
009 (2511.702.000) 05/31 13:14:16 Job was aborted by the user.
	via condor_rm (by user scoggim)
...
000 (2516.026.000) 06/02 11:26:44 Job submitted from host: <140.160.143.131:9618?addrs=140.160.143.131-9618&noUDP&sock=3131910_565e_30>
...
001 (2516.026.000) 06/02 11:26:57 Job executing on host: <140.160.143.146:9618?addrs=140.160.143.146-9618&noUDP&sock=4054_4908_3>
...
006 (2516.026.000) 06/02 11:27:06 Image size of job updated: 62176
	61  -  MemoryUsage of job (MB)
	62176  -  ResidentSetSize of job (KB)
...
006 (2516.026.000) 06/03 01:05:36 Image size of job updated: 145796
	61  -  MemoryUsage of job (MB)
	62176  -  ResidentSetSize of job (KB)
...
004 (2516.026.000) 06/03 01:05:36 Job was evicted.
	(0) Job was not checkpointed.
		Usr 0 13:36:58, Sys 0 00:00:01  -  Run Remote Usage
		Usr 0 00:00:00, Sys 0 00:00:00  -  Run Local Usage
	0  -  Run Bytes Sent By Job
	0  -  Run Bytes Received By Job
	Partitionable Resources :    Usage  Request Allocated 
	   Cpus                 :     1.00        1         1 
	   Disk (KB)            :   175         175    881117 
	   Memory (MB)          :    61           1       128 
...
009 (2516.026.000) 06/03 01:05:36 Job was aborted by the user.
	via condor_rm (by user scoggim)
...
000 (2523.026.000) 06/03 01:09:41 Job submitted from host: <140.160.143.131:9618?addrs=140.160.143.131-9618&noUDP&sock=3131910_565e_30>
...
009 (2523.026.000) 06/03 01:12:01 Job was aborted by the user.
	via condor_rm (by user scoggim)
...
000 (2524.026.000) 06/03 01:12:07 Job submitted from host: <140.160.143.131:9618?addrs=140.160.143.131-9618&noUDP&sock=3131910_565e_30>
...
009 (2524.026.000) 06/03 11:11:22 Job was aborted by the user.
	via condor_rm (by user scoggim)
...
000 (2525.026.000) 06/03 11:11:41 Job submitted from host: <140.160.143.131:9618?addrs=140.160.143.131-9618&noUDP&sock=3131910_565e_30>
...
001 (2525.026.000) 06/03 11:12:03 Job executing on host: <140.160.143.140:9618?addrs=140.160.143.140-9618&noUDP&sock=16192_f195_3>
...
006 (2525.026.000) 06/03 11:12:12 Image size of job updated: 62164
	61  -  MemoryUsage of job (MB)
	62164  -  ResidentSetSize of job (KB)
...
005 (2525.026.000) 06/08 07:18:53 Job terminated.
	(1) Normal termination (return value 0)
		Usr 4 19:49:35, Sys 0 00:03:34  -  Run Remote Usage
		Usr 0 00:00:00, Sys 0 00:00:00  -  Run Local Usage
		Usr 4 19:49:35, Sys 0 00:03:34  -  Total Remote Usage
		Usr 0 00:00:00, Sys 0 00:00:00  -  Total Local Usage
	0  -  Run Bytes Sent By Job
	0  -  Run Bytes Received By Job
	0  -  Total Bytes Sent By Job
	0  -  Total Bytes Received By Job
	Partitionable Resources :    Usage  Request Allocated 
	   Cpus                 :     1.00        1         1 
	   Disk (KB)            :   175         175    881228 
	   Memory (MB)          :    61           1       128 
...
