000 (2265.215.000) 04/28 23:41:53 Job submitted from host: <140.160.143.131:9618?addrs=140.160.143.131-9618&noUDP&sock=3131910_565e_30>
...
009 (2265.215.000) 04/28 23:42:33 Job was aborted by the user.
	via condor_rm (by user scoggim)
...
000 (2266.384.000) 04/28 23:43:27 Job submitted from host: <140.160.143.131:9618?addrs=140.160.143.131-9618&noUDP&sock=3131910_565e_30>
...
000 (2267.384.000) 04/28 23:44:31 Job submitted from host: <140.160.143.131:9618?addrs=140.160.143.131-9618&noUDP&sock=3131910_565e_30>
...
000 (2268.384.000) 04/28 23:46:20 Job submitted from host: <140.160.143.131:9618?addrs=140.160.143.131-9618&noUDP&sock=3131910_565e_30>
...
001 (2266.384.000) 04/28 23:46:25 Job executing on host: <140.160.143.143:9618?addrs=140.160.143.143-9618&noUDP&sock=6169_ffd6_3>
...
006 (2266.384.000) 04/28 23:46:33 Image size of job updated: 504
	1  -  MemoryUsage of job (MB)
	504  -  ResidentSetSize of job (KB)
...
006 (2266.384.000) 04/28 23:47:08 Image size of job updated: 106548
	1  -  MemoryUsage of job (MB)
	504  -  ResidentSetSize of job (KB)
...
005 (2266.384.000) 04/28 23:47:08 Job terminated.
	(1) Normal termination (return value 0)
		Usr 0 00:00:43, Sys 0 00:00:00  -  Run Remote Usage
		Usr 0 00:00:00, Sys 0 00:00:00  -  Run Local Usage
		Usr 0 00:00:43, Sys 0 00:00:00  -  Total Remote Usage
		Usr 0 00:00:00, Sys 0 00:00:00  -  Total Local Usage
	0  -  Run Bytes Sent By Job
	0  -  Run Bytes Received By Job
	0  -  Total Bytes Sent By Job
	0  -  Total Bytes Received By Job
	Partitionable Resources :    Usage  Request Allocated 
	   Cpus                 :     1.02        1         1 
	   Disk (KB)            :   175         175    881220 
	   Memory (MB)          :     1           1       128 
...
001 (2267.384.000) 04/30 15:54:02 Job executing on host: <140.160.143.145:9618?addrs=140.160.143.145-9618&noUDP&sock=16120_8ec3_3>
...
006 (2267.384.000) 04/30 15:54:11 Image size of job updated: 1044
	2  -  MemoryUsage of job (MB)
	1044  -  ResidentSetSize of job (KB)
...
005 (2267.384.000) 04/30 18:12:13 Job terminated.
	(1) Normal termination (return value 0)
		Usr 0 05:02:11, Sys 0 04:10:23  -  Run Remote Usage
		Usr 0 00:00:00, Sys 0 00:00:00  -  Run Local Usage
		Usr 0 05:02:11, Sys 0 04:10:23  -  Total Remote Usage
		Usr 0 00:00:00, Sys 0 00:00:00  -  Total Local Usage
	0  -  Run Bytes Sent By Job
	0  -  Run Bytes Received By Job
	0  -  Total Bytes Sent By Job
	0  -  Total Bytes Received By Job
	Partitionable Resources :    Usage  Request Allocated 
	   Cpus                 :     4.00        4         4 
	   Disk (KB)            :   175         175    881546 
	   Memory (MB)          :     2           1       128 
...
009 (2268.384.000) 05/11 09:58:35 Job was aborted by the user.
	via condor_rm (by user scoggim)
...
000 (2511.384.000) 05/27 15:03:18 Job submitted from host: <140.160.143.131:9618?addrs=140.160.143.131-9618&noUDP&sock=3131910_565e_30>
...
001 (2511.384.000) 05/27 16:42:17 Job executing on host: <140.160.143.163:9618?addrs=140.160.143.163-9618&noUDP&sock=48630_b6ae_3>
...
006 (2511.384.000) 05/27 16:42:26 Image size of job updated: 3692
	4  -  MemoryUsage of job (MB)
	3692  -  ResidentSetSize of job (KB)
...
006 (2511.384.000) 05/27 16:47:26 Image size of job updated: 3916
	4  -  MemoryUsage of job (MB)
	3916  -  ResidentSetSize of job (KB)
...
005 (2511.384.000) 05/27 18:27:54 Job terminated.
	(1) Normal termination (return value 0)
		Usr 0 01:45:36, Sys 0 00:00:00  -  Run Remote Usage
		Usr 0 00:00:00, Sys 0 00:00:00  -  Run Local Usage
		Usr 0 01:45:36, Sys 0 00:00:00  -  Total Remote Usage
		Usr 0 00:00:00, Sys 0 00:00:00  -  Total Local Usage
	0  -  Run Bytes Sent By Job
	0  -  Run Bytes Received By Job
	0  -  Total Bytes Sent By Job
	0  -  Total Bytes Received By Job
	Partitionable Resources :    Usage  Request Allocated 
	   Cpus                 :     1.00        1         1 
	   Disk (KB)            :   175         175    844694 
	   Memory (MB)          :     4           1       128 
...
000 (2513.384.000) 05/31 13:37:11 Job submitted from host: <140.160.143.131:9618?addrs=140.160.143.131-9618&noUDP&sock=3131910_565e_30>
...
009 (2513.384.000) 05/31 15:23:50 Job was aborted by the user.
	via condor_rm (by user scoggim)
...
000 (2514.384.000) 05/31 15:29:20 Job submitted from host: <140.160.143.131:9618?addrs=140.160.143.131-9618&noUDP&sock=3131910_565e_30>
...
009 (2514.384.000) 06/01 11:47:16 Job was aborted by the user.
	via condor_rm (by user scoggim)
...
000 (2515.384.000) 06/01 11:47:43 Job submitted from host: <140.160.143.131:9618?addrs=140.160.143.131-9618&noUDP&sock=3131910_565e_30>
...
001 (2515.384.000) 06/01 22:29:57 Job executing on host: <140.160.143.153:9618?addrs=140.160.143.153-9618&noUDP&sock=3174_adb0_3>
...
006 (2515.384.000) 06/01 22:30:05 Image size of job updated: 3680
	4  -  MemoryUsage of job (MB)
	3680  -  ResidentSetSize of job (KB)
...
006 (2515.384.000) 06/01 22:35:05 Image size of job updated: 3904
	4  -  MemoryUsage of job (MB)
	3904  -  ResidentSetSize of job (KB)
...
006 (2515.384.000) 06/01 22:40:06 Image size of job updated: 3908
	4  -  MemoryUsage of job (MB)
	3908  -  ResidentSetSize of job (KB)
...
005 (2515.384.000) 06/02 05:31:14 Job terminated.
	(1) Normal termination (return value 0)
		Usr 0 07:00:31, Sys 0 00:00:00  -  Run Remote Usage
		Usr 0 00:00:00, Sys 0 00:00:00  -  Run Local Usage
		Usr 0 07:00:31, Sys 0 00:00:00  -  Total Remote Usage
		Usr 0 00:00:00, Sys 0 00:00:00  -  Total Local Usage
	0  -  Run Bytes Sent By Job
	0  -  Run Bytes Received By Job
	0  -  Total Bytes Sent By Job
	0  -  Total Bytes Received By Job
	Partitionable Resources :    Usage  Request Allocated 
	   Cpus                 :     1.00        1         1 
	   Disk (KB)            :   175         175    870398 
	   Gpus                 :                           0 
	   Memory (MB)          :     4           1       128 
...
