000 (2061.000.000) 03/05 20:07:44 Job submitted from host: <140.160.143.131:9618?addrs=140.160.143.131-9618&noUDP&sock=1229063_9141_4>
...
009 (2061.000.000) 03/05 20:07:53 Job was aborted by the user.
	via condor_rm (by user scoggim)
...
000 (2074.000.000) 03/05 20:16:28 Job submitted from host: <140.160.143.131:9618?addrs=140.160.143.131-9618&noUDP&sock=1229063_9141_4>
...
001 (2074.000.000) 03/09 04:21:38 Job executing on host: <140.160.143.147:9618?addrs=140.160.143.147-9618&noUDP&sock=28833_9e45_3>
...
006 (2074.000.000) 03/09 04:21:47 Image size of job updated: 980
	1  -  MemoryUsage of job (MB)
	980  -  ResidentSetSize of job (KB)
...
005 (2074.000.000) 03/09 04:56:18 Job terminated.
	(1) Normal termination (return value 0)
		Usr 0 01:28:10, Sys 0 00:50:00  -  Run Remote Usage
		Usr 0 00:00:00, Sys 0 00:00:00  -  Run Local Usage
		Usr 0 01:28:10, Sys 0 00:50:00  -  Total Remote Usage
		Usr 0 00:00:00, Sys 0 00:00:00  -  Total Local Usage
	0  -  Run Bytes Sent By Job
	0  -  Run Bytes Received By Job
	0  -  Total Bytes Sent By Job
	0  -  Total Bytes Received By Job
	Partitionable Resources :    Usage  Request Allocated 
	   Cpus                 :     4.00        4         4 
	   Disk (KB)            :   175         175    197501 
	   Memory (MB)          :     1           1       128 
...
000 (2134.049.000) 03/25 11:02:21 Job submitted from host: <140.160.143.131:9618?addrs=140.160.143.131-9618&noUDP&sock=3219958_f11d_13>
...
009 (2134.049.000) 03/25 11:05:05 Job was aborted by the user.
	via condor_rm (by user scoggim)
...
000 (2135.049.000) 03/25 11:05:14 Job submitted from host: <140.160.143.131:9618?addrs=140.160.143.131-9618&noUDP&sock=3219958_f11d_13>
...
001 (2135.049.000) 03/26 10:50:29 Job executing on host: <140.160.143.161:9618?addrs=140.160.143.161-9618&noUDP&sock=55511_81dc_3>
...
006 (2135.049.000) 03/26 10:50:37 Image size of job updated: 4416
	5  -  MemoryUsage of job (MB)
	4416  -  ResidentSetSize of job (KB)
...
006 (2135.049.000) 03/26 11:35:42 Image size of job updated: 4644
	5  -  MemoryUsage of job (MB)
	4644  -  ResidentSetSize of job (KB)
...
006 (2135.049.000) 03/26 19:19:14 Image size of job updated: 216756
	5  -  MemoryUsage of job (MB)
	4644  -  ResidentSetSize of job (KB)
...
005 (2135.049.000) 03/26 19:19:14 Job terminated.
	(1) Normal termination (return value 0)
		Usr 0 22:06:12, Sys 0 11:47:45  -  Run Remote Usage
		Usr 0 00:00:00, Sys 0 00:00:00  -  Run Local Usage
		Usr 0 22:06:12, Sys 0 11:47:45  -  Total Remote Usage
		Usr 0 00:00:00, Sys 0 00:00:00  -  Total Local Usage
	0  -  Run Bytes Sent By Job
	0  -  Run Bytes Received By Job
	0  -  Total Bytes Sent By Job
	0  -  Total Bytes Received By Job
	Partitionable Resources :    Usage  Request Allocated 
	   Cpus                 :     4.00        4         4 
	   Disk (KB)            :   175         175    844753 
	   Memory (MB)          :     5           1       128 
...
