000 (674409.000.000) 09/14 14:18:50 Job submitted from host: <140.160.143.130:9618?addrs=140.160.143.130-9618&noUDP&sock=5591_da80_4>
...
009 (674409.000.000) 09/14 14:20:43 Job was aborted by the user.
	via condor_rm (by user scoggim)
...
000 (674553.000.000) 09/14 14:25:58 Job submitted from host: <140.160.143.130:9618?addrs=140.160.143.130-9618&noUDP&sock=5591_da80_4>
...
000 (674697.000.000) 09/14 14:26:40 Job submitted from host: <140.160.143.130:9618?addrs=140.160.143.130-9618&noUDP&sock=5591_da80_4>
...
000 (674841.000.000) 09/14 14:27:38 Job submitted from host: <140.160.143.130:9618?addrs=140.160.143.130-9618&noUDP&sock=5591_da80_4>
...
009 (674697.000.000) 09/14 14:46:33 Job was aborted by the user.
	via condor_rm (by user scoggim)
...
009 (674841.000.000) 09/14 14:46:33 Job was aborted by the user.
	via condor_rm (by user scoggim)
...
009 (674553.000.000) 09/14 14:46:34 Job was aborted by the user.
	via condor_rm (by user scoggim)
...
000 (675021.000.000) 09/14 22:20:25 Job submitted from host: <140.160.143.130:9618?addrs=140.160.143.130-9618&noUDP&sock=5591_da80_4>
...
001 (675021.000.000) 09/15 21:57:47 Job executing on host: <140.160.143.152:9618?addrs=140.160.143.152-9618&noUDP&sock=4519_8cf9_3>
...
006 (675021.000.000) 09/15 21:57:56 Image size of job updated: 2516
	3  -  MemoryUsage of job (MB)
	2516  -  ResidentSetSize of job (KB)
...
006 (675021.000.000) 09/15 22:02:57 Image size of job updated: 51408
	51  -  MemoryUsage of job (MB)
	51408  -  ResidentSetSize of job (KB)
...
006 (675021.000.000) 09/16 02:13:25 Image size of job updated: 3881820
	51  -  MemoryUsage of job (MB)
	51408  -  ResidentSetSize of job (KB)
...
006 (675021.000.000) 09/16 02:18:25 Image size of job updated: 3957336
	51  -  MemoryUsage of job (MB)
	51408  -  ResidentSetSize of job (KB)
...
006 (675021.000.000) 09/16 02:23:25 Image size of job updated: 4033580
	51  -  MemoryUsage of job (MB)
	51408  -  ResidentSetSize of job (KB)
...
006 (675021.000.000) 09/16 02:28:27 Image size of job updated: 4108872
	51  -  MemoryUsage of job (MB)
	51408  -  ResidentSetSize of job (KB)
...
006 (675021.000.000) 09/16 02:33:27 Image size of job updated: 4185200
	51  -  MemoryUsage of job (MB)
	51408  -  ResidentSetSize of job (KB)
...
006 (675021.000.000) 09/16 02:38:27 Image size of job updated: 4259708
	51  -  MemoryUsage of job (MB)
	51408  -  ResidentSetSize of job (KB)
...
006 (675021.000.000) 09/16 02:43:28 Image size of job updated: 4335000
	51  -  MemoryUsage of job (MB)
	51408  -  ResidentSetSize of job (KB)
...
006 (675021.000.000) 09/16 02:48:29 Image size of job updated: 4410516
	51  -  MemoryUsage of job (MB)
	51408  -  ResidentSetSize of job (KB)
...
006 (675021.000.000) 09/16 02:53:29 Image size of job updated: 4486088
	51  -  MemoryUsage of job (MB)
	51408  -  ResidentSetSize of job (KB)
...
006 (675021.000.000) 09/16 02:58:29 Image size of job updated: 4557040
	51  -  MemoryUsage of job (MB)
	51408  -  ResidentSetSize of job (KB)
...
006 (675021.000.000) 09/16 03:03:29 Image size of job updated: 4635300
	51  -  MemoryUsage of job (MB)
	51408  -  ResidentSetSize of job (KB)
...
006 (675021.000.000) 09/16 03:08:30 Image size of job updated: 4706588
	51  -  MemoryUsage of job (MB)
	51408  -  ResidentSetSize of job (KB)
...
006 (675021.000.000) 09/16 03:13:31 Image size of job updated: 4781320
	51  -  MemoryUsage of job (MB)
	51408  -  ResidentSetSize of job (KB)
...
006 (675021.000.000) 09/16 03:18:31 Image size of job updated: 4855968
	51  -  MemoryUsage of job (MB)
	51408  -  ResidentSetSize of job (KB)
...
006 (675021.000.000) 09/16 03:23:31 Image size of job updated: 4930476
	51  -  MemoryUsage of job (MB)
	51408  -  ResidentSetSize of job (KB)
...
006 (675021.000.000) 09/16 03:28:32 Image size of job updated: 5004872
	51  -  MemoryUsage of job (MB)
	51408  -  ResidentSetSize of job (KB)
...
006 (675021.000.000) 09/16 03:33:32 Image size of job updated: 5078344
	51  -  MemoryUsage of job (MB)
	51408  -  ResidentSetSize of job (KB)
...
006 (675021.000.000) 09/16 03:38:32 Image size of job updated: 5152068
	51  -  MemoryUsage of job (MB)
	51408  -  ResidentSetSize of job (KB)
...
006 (675021.000.000) 09/16 03:43:33 Image size of job updated: 5226856
	51  -  MemoryUsage of job (MB)
	51408  -  ResidentSetSize of job (KB)
...
006 (675021.000.000) 09/16 03:48:34 Image size of job updated: 5301392
	51  -  MemoryUsage of job (MB)
	51408  -  ResidentSetSize of job (KB)
...
006 (675021.000.000) 09/16 03:53:34 Image size of job updated: 5375480
	51  -  MemoryUsage of job (MB)
	51408  -  ResidentSetSize of job (KB)
...
006 (675021.000.000) 09/16 03:58:35 Image size of job updated: 5449148
	51  -  MemoryUsage of job (MB)
	51408  -  ResidentSetSize of job (KB)
...
006 (675021.000.000) 09/16 04:03:36 Image size of job updated: 5519092
	51  -  MemoryUsage of job (MB)
	51408  -  ResidentSetSize of job (KB)
...
006 (675021.000.000) 09/16 04:08:36 Image size of job updated: 5592788
	51  -  MemoryUsage of job (MB)
	51408  -  ResidentSetSize of job (KB)
...
006 (675021.000.000) 09/16 04:13:36 Image size of job updated: 5665588
	51  -  MemoryUsage of job (MB)
	51408  -  ResidentSetSize of job (KB)
...
006 (675021.000.000) 09/16 04:18:37 Image size of job updated: 5738528
	51  -  MemoryUsage of job (MB)
	51408  -  ResidentSetSize of job (KB)
...
006 (675021.000.000) 09/16 04:23:38 Image size of job updated: 5808108
	51  -  MemoryUsage of job (MB)
	51408  -  ResidentSetSize of job (KB)
...
006 (675021.000.000) 09/16 04:28:39 Image size of job updated: 5882196
	51  -  MemoryUsage of job (MB)
	51408  -  ResidentSetSize of job (KB)
...
006 (675021.000.000) 09/16 04:33:40 Image size of job updated: 5956340
	51  -  MemoryUsage of job (MB)
	51408  -  ResidentSetSize of job (KB)
...
006 (675021.000.000) 09/16 04:38:40 Image size of job updated: 6029700
	51  -  MemoryUsage of job (MB)
	51408  -  ResidentSetSize of job (KB)
...
006 (675021.000.000) 09/16 04:43:41 Image size of job updated: 6104376
	51  -  MemoryUsage of job (MB)
	51408  -  ResidentSetSize of job (KB)
...
006 (675021.000.000) 09/16 04:48:42 Image size of job updated: 6179724
	51  -  MemoryUsage of job (MB)
	51408  -  ResidentSetSize of job (KB)
...
006 (675021.000.000) 09/16 04:53:42 Image size of job updated: 6254792
	51  -  MemoryUsage of job (MB)
	51408  -  ResidentSetSize of job (KB)
...
006 (675021.000.000) 09/16 04:58:42 Image size of job updated: 6326528
	51  -  MemoryUsage of job (MB)
	51408  -  ResidentSetSize of job (KB)
...
006 (675021.000.000) 09/16 05:03:44 Image size of job updated: 6400896
	51  -  MemoryUsage of job (MB)
	51408  -  ResidentSetSize of job (KB)
...
006 (675021.000.000) 09/16 05:08:44 Image size of job updated: 6475572
	51  -  MemoryUsage of job (MB)
	51408  -  ResidentSetSize of job (KB)
...
006 (675021.000.000) 09/16 05:13:44 Image size of job updated: 6550360
	51  -  MemoryUsage of job (MB)
	51408  -  ResidentSetSize of job (KB)
...
006 (675021.000.000) 09/16 05:18:45 Image size of job updated: 6624420
	51  -  MemoryUsage of job (MB)
	51408  -  ResidentSetSize of job (KB)
...
006 (675021.000.000) 09/16 05:23:46 Image size of job updated: 6699684
	51  -  MemoryUsage of job (MB)
	51408  -  ResidentSetSize of job (KB)
...
006 (675021.000.000) 09/16 05:28:46 Image size of job updated: 6774752
	51  -  MemoryUsage of job (MB)
	51408  -  ResidentSetSize of job (KB)
...
006 (675021.000.000) 09/16 05:33:46 Image size of job updated: 6850408
	51  -  MemoryUsage of job (MB)
	51408  -  ResidentSetSize of job (KB)
...
006 (675021.000.000) 09/16 05:38:48 Image size of job updated: 6923236
	51  -  MemoryUsage of job (MB)
	51408  -  ResidentSetSize of job (KB)
...
006 (675021.000.000) 09/16 05:43:48 Image size of job updated: 6998360
	51  -  MemoryUsage of job (MB)
	51408  -  ResidentSetSize of job (KB)
...
006 (675021.000.000) 09/16 05:48:48 Image size of job updated: 7073988
	51  -  MemoryUsage of job (MB)
	51408  -  ResidentSetSize of job (KB)
...
006 (675021.000.000) 09/16 05:53:50 Image size of job updated: 7148104
	51  -  MemoryUsage of job (MB)
	51408  -  ResidentSetSize of job (KB)
...
006 (675021.000.000) 09/16 05:58:50 Image size of job updated: 7223284
	51  -  MemoryUsage of job (MB)
	51408  -  ResidentSetSize of job (KB)
...
006 (675021.000.000) 09/16 06:03:50 Image size of job updated: 7297792
	51  -  MemoryUsage of job (MB)
	51408  -  ResidentSetSize of job (KB)
...
006 (675021.000.000) 09/16 06:08:51 Image size of job updated: 7362996
	51  -  MemoryUsage of job (MB)
	51408  -  ResidentSetSize of job (KB)
...
006 (675021.000.000) 09/16 06:13:51 Image size of job updated: 7437260
	51  -  MemoryUsage of job (MB)
	51408  -  ResidentSetSize of job (KB)
...
006 (675021.000.000) 09/16 06:18:51 Image size of job updated: 7514316
	51  -  MemoryUsage of job (MB)
	51408  -  ResidentSetSize of job (KB)
...
006 (675021.000.000) 09/16 06:23:53 Image size of job updated: 7588236
	51  -  MemoryUsage of job (MB)
	51408  -  ResidentSetSize of job (KB)
...
006 (675021.000.000) 09/16 06:28:53 Image size of job updated: 7663304
	51  -  MemoryUsage of job (MB)
	51408  -  ResidentSetSize of job (KB)
...
006 (675021.000.000) 09/16 06:33:53 Image size of job updated: 7736944
	51  -  MemoryUsage of job (MB)
	51408  -  ResidentSetSize of job (KB)
...
006 (675021.000.000) 09/16 06:38:54 Image size of job updated: 7811144
	51  -  MemoryUsage of job (MB)
	51408  -  ResidentSetSize of job (KB)
...
006 (675021.000.000) 09/16 06:43:55 Image size of job updated: 7885064
	51  -  MemoryUsage of job (MB)
	51408  -  ResidentSetSize of job (KB)
...
006 (675021.000.000) 09/16 06:48:55 Image size of job updated: 7959600
	51  -  MemoryUsage of job (MB)
	51408  -  ResidentSetSize of job (KB)
...
006 (675021.000.000) 09/16 06:53:55 Image size of job updated: 8036152
	51  -  MemoryUsage of job (MB)
	51408  -  ResidentSetSize of job (KB)
...
006 (675021.000.000) 09/16 06:58:56 Image size of job updated: 8110408
	51  -  MemoryUsage of job (MB)
	51408  -  ResidentSetSize of job (KB)
...
006 (675021.000.000) 09/16 07:03:56 Image size of job updated: 8183096
	51  -  MemoryUsage of job (MB)
	51408  -  ResidentSetSize of job (KB)
...
006 (675021.000.000) 09/16 07:08:56 Image size of job updated: 8255840
	51  -  MemoryUsage of job (MB)
	51408  -  ResidentSetSize of job (KB)
...
006 (675021.000.000) 09/16 07:13:57 Image size of job updated: 8329564
	51  -  MemoryUsage of job (MB)
	51408  -  ResidentSetSize of job (KB)
...
006 (675021.000.000) 09/16 07:18:58 Image size of job updated: 8403624
	51  -  MemoryUsage of job (MB)
	51408  -  ResidentSetSize of job (KB)
...
006 (675021.000.000) 09/16 07:23:58 Image size of job updated: 8475668
	51  -  MemoryUsage of job (MB)
	51408  -  ResidentSetSize of job (KB)
...
006 (675021.000.000) 09/16 07:28:58 Image size of job updated: 8549504
	51  -  MemoryUsage of job (MB)
	51408  -  ResidentSetSize of job (KB)
...
006 (675021.000.000) 09/16 07:33:59 Image size of job updated: 8622052
	51  -  MemoryUsage of job (MB)
	51408  -  ResidentSetSize of job (KB)
...
006 (675021.000.000) 09/16 07:38:59 Image size of job updated: 8692836
	51  -  MemoryUsage of job (MB)
	51408  -  ResidentSetSize of job (KB)
...
006 (675021.000.000) 09/16 07:43:59 Image size of job updated: 8761884
	51  -  MemoryUsage of job (MB)
	51408  -  ResidentSetSize of job (KB)
...
006 (675021.000.000) 09/16 07:49:00 Image size of job updated: 8836364
	51  -  MemoryUsage of job (MB)
	51408  -  ResidentSetSize of job (KB)
...
006 (675021.000.000) 09/16 07:54:01 Image size of job updated: 8910452
	51  -  MemoryUsage of job (MB)
	51408  -  ResidentSetSize of job (KB)
...
006 (675021.000.000) 09/16 07:59:01 Image size of job updated: 8984540
	51  -  MemoryUsage of job (MB)
	51408  -  ResidentSetSize of job (KB)
...
006 (675021.000.000) 09/16 08:04:02 Image size of job updated: 9058040
	51  -  MemoryUsage of job (MB)
	51408  -  ResidentSetSize of job (KB)
...
006 (675021.000.000) 09/16 08:09:03 Image size of job updated: 9131512
	51  -  MemoryUsage of job (MB)
	51408  -  ResidentSetSize of job (KB)
...
006 (675021.000.000) 09/16 08:14:03 Image size of job updated: 9204900
	51  -  MemoryUsage of job (MB)
	51408  -  ResidentSetSize of job (KB)
...
006 (675021.000.000) 09/16 08:19:03 Image size of job updated: 9275292
	51  -  MemoryUsage of job (MB)
	51408  -  ResidentSetSize of job (KB)
...
006 (675021.000.000) 09/16 08:24:04 Image size of job updated: 9350332
	51  -  MemoryUsage of job (MB)
	51408  -  ResidentSetSize of job (KB)
...
006 (675021.000.000) 09/16 08:29:04 Image size of job updated: 9425764
	51  -  MemoryUsage of job (MB)
	51408  -  ResidentSetSize of job (KB)
...
006 (675021.000.000) 09/16 08:34:04 Image size of job updated: 9501000
	51  -  MemoryUsage of job (MB)
	51408  -  ResidentSetSize of job (KB)
...
006 (675021.000.000) 09/16 08:39:05 Image size of job updated: 9575956
	51  -  MemoryUsage of job (MB)
	51408  -  ResidentSetSize of job (KB)
...
006 (675021.000.000) 09/16 08:44:06 Image size of job updated: 9650996
	51  -  MemoryUsage of job (MB)
	51408  -  ResidentSetSize of job (KB)
...
006 (675021.000.000) 09/16 08:49:06 Image size of job updated: 9725504
	51  -  MemoryUsage of job (MB)
	51408  -  ResidentSetSize of job (KB)
...
006 (675021.000.000) 09/16 08:54:07 Image size of job updated: 9799200
	51  -  MemoryUsage of job (MB)
	51408  -  ResidentSetSize of job (KB)
...
006 (675021.000.000) 09/16 08:59:08 Image size of job updated: 9870544
	51  -  MemoryUsage of job (MB)
	51408  -  ResidentSetSize of job (KB)
...
006 (675021.000.000) 09/16 09:04:08 Image size of job updated: 9941160
	51  -  MemoryUsage of job (MB)
	51408  -  ResidentSetSize of job (KB)
...
006 (675021.000.000) 09/16 09:09:08 Image size of job updated: 10014912
	51  -  MemoryUsage of job (MB)
	51408  -  ResidentSetSize of job (KB)
...
006 (675021.000.000) 09/16 09:14:09 Image size of job updated: 10087684
	51  -  MemoryUsage of job (MB)
	51408  -  ResidentSetSize of job (KB)
...
006 (675021.000.000) 09/16 09:19:10 Image size of job updated: 10161128
	51  -  MemoryUsage of job (MB)
	51408  -  ResidentSetSize of job (KB)
...
006 (675021.000.000) 09/16 09:24:10 Image size of job updated: 10234376
	51  -  MemoryUsage of job (MB)
	51408  -  ResidentSetSize of job (KB)
...
006 (675021.000.000) 09/16 09:29:10 Image size of job updated: 10307708
	51  -  MemoryUsage of job (MB)
	51408  -  ResidentSetSize of job (KB)
...
006 (675021.000.000) 09/16 09:34:11 Image size of job updated: 10382104
	51  -  MemoryUsage of job (MB)
	51408  -  ResidentSetSize of job (KB)
...
006 (675021.000.000) 09/16 09:39:11 Image size of job updated: 10455380
	51  -  MemoryUsage of job (MB)
	51408  -  ResidentSetSize of job (KB)
...
006 (675021.000.000) 09/16 09:44:11 Image size of job updated: 10523840
	51  -  MemoryUsage of job (MB)
	51408  -  ResidentSetSize of job (KB)
...
006 (675021.000.000) 09/16 09:49:12 Image size of job updated: 10597592
	51  -  MemoryUsage of job (MB)
	51408  -  ResidentSetSize of job (KB)
...
006 (675021.000.000) 09/16 09:54:13 Image size of job updated: 10669580
	51  -  MemoryUsage of job (MB)
	51408  -  ResidentSetSize of job (KB)
...
006 (675021.000.000) 09/16 09:59:13 Image size of job updated: 10740700
	51  -  MemoryUsage of job (MB)
	51408  -  ResidentSetSize of job (KB)
...
006 (675021.000.000) 09/16 10:04:14 Image size of job updated: 10816636
	51  -  MemoryUsage of job (MB)
	51408  -  ResidentSetSize of job (KB)
...
006 (675021.000.000) 09/16 10:09:15 Image size of job updated: 10891844
	51  -  MemoryUsage of job (MB)
	51408  -  ResidentSetSize of job (KB)
...
006 (675021.000.000) 09/16 10:14:15 Image size of job updated: 10960500
	51  -  MemoryUsage of job (MB)
	51408  -  ResidentSetSize of job (KB)
...
006 (675021.000.000) 09/16 10:19:15 Image size of job updated: 11030472
	51  -  MemoryUsage of job (MB)
	51408  -  ResidentSetSize of job (KB)
...
006 (675021.000.000) 09/16 10:24:16 Image size of job updated: 11100332
	51  -  MemoryUsage of job (MB)
	51408  -  ResidentSetSize of job (KB)
...
006 (675021.000.000) 09/16 10:29:17 Image size of job updated: 11170444
	51  -  MemoryUsage of job (MB)
	51408  -  ResidentSetSize of job (KB)
...
006 (675021.000.000) 09/16 10:34:17 Image size of job updated: 11243272
	51  -  MemoryUsage of job (MB)
	51408  -  ResidentSetSize of job (KB)
...
006 (675021.000.000) 09/16 10:39:17 Image size of job updated: 11310136
	51  -  MemoryUsage of job (MB)
	51408  -  ResidentSetSize of job (KB)
...
006 (675021.000.000) 09/16 10:44:18 Image size of job updated: 11378064
	51  -  MemoryUsage of job (MB)
	51408  -  ResidentSetSize of job (KB)
...
006 (675021.000.000) 09/16 10:49:19 Image size of job updated: 11446412
	51  -  MemoryUsage of job (MB)
	51408  -  ResidentSetSize of job (KB)
...
006 (675021.000.000) 09/16 10:54:19 Image size of job updated: 11517616
	51  -  MemoryUsage of job (MB)
	51408  -  ResidentSetSize of job (KB)
...
006 (675021.000.000) 09/16 10:59:20 Image size of job updated: 11588876
	51  -  MemoryUsage of job (MB)
	51408  -  ResidentSetSize of job (KB)
...
006 (675021.000.000) 09/16 11:04:21 Image size of job updated: 11659968
	51  -  MemoryUsage of job (MB)
	51408  -  ResidentSetSize of job (KB)
...
006 (675021.000.000) 09/16 11:09:21 Image size of job updated: 11728568
	51  -  MemoryUsage of job (MB)
	51408  -  ResidentSetSize of job (KB)
...
006 (675021.000.000) 09/16 11:14:21 Image size of job updated: 11796524
	51  -  MemoryUsage of job (MB)
	51408  -  ResidentSetSize of job (KB)
...
006 (675021.000.000) 09/16 11:19:22 Image size of job updated: 11869128
	51  -  MemoryUsage of job (MB)
	51408  -  ResidentSetSize of job (KB)
...
006 (675021.000.000) 09/16 11:24:23 Image size of job updated: 11939380
	51  -  MemoryUsage of job (MB)
	51408  -  ResidentSetSize of job (KB)
...
006 (675021.000.000) 09/16 11:29:23 Image size of job updated: 12007924
	51  -  MemoryUsage of job (MB)
	51408  -  ResidentSetSize of job (KB)
...
006 (675021.000.000) 09/16 11:34:24 Image size of job updated: 12076804
	51  -  MemoryUsage of job (MB)
	51408  -  ResidentSetSize of job (KB)
...
006 (675021.000.000) 09/16 11:39:25 Image size of job updated: 12147868
	51  -  MemoryUsage of job (MB)
	51408  -  ResidentSetSize of job (KB)
...
006 (675021.000.000) 09/16 11:44:25 Image size of job updated: 12219688
	51  -  MemoryUsage of job (MB)
	51408  -  ResidentSetSize of job (KB)
...
006 (675021.000.000) 09/16 11:49:25 Image size of job updated: 12290696
	51  -  MemoryUsage of job (MB)
	51408  -  ResidentSetSize of job (KB)
...
006 (675021.000.000) 09/16 11:54:27 Image size of job updated: 12363020
	51  -  MemoryUsage of job (MB)
	51408  -  ResidentSetSize of job (KB)
...
006 (675021.000.000) 09/16 11:59:27 Image size of job updated: 12434896
	51  -  MemoryUsage of job (MB)
	51408  -  ResidentSetSize of job (KB)
...
006 (675021.000.000) 09/16 12:04:27 Image size of job updated: 12504700
	51  -  MemoryUsage of job (MB)
	51408  -  ResidentSetSize of job (KB)
...
006 (675021.000.000) 09/16 12:09:28 Image size of job updated: 12576212
	51  -  MemoryUsage of job (MB)
	51408  -  ResidentSetSize of job (KB)
...
006 (675021.000.000) 09/16 12:14:29 Image size of job updated: 12649040
	51  -  MemoryUsage of job (MB)
	51408  -  ResidentSetSize of job (KB)
...
006 (675021.000.000) 09/16 12:19:29 Image size of job updated: 12719852
	51  -  MemoryUsage of job (MB)
	51408  -  ResidentSetSize of job (KB)
...
006 (675021.000.000) 09/16 12:24:29 Image size of job updated: 12790104
	51  -  MemoryUsage of job (MB)
	51408  -  ResidentSetSize of job (KB)
...
006 (675021.000.000) 09/16 12:29:30 Image size of job updated: 12860132
	51  -  MemoryUsage of job (MB)
	51408  -  ResidentSetSize of job (KB)
...
006 (675021.000.000) 09/16 12:34:30 Image size of job updated: 12931896
	51  -  MemoryUsage of job (MB)
	51408  -  ResidentSetSize of job (KB)
...
006 (675021.000.000) 09/16 12:39:30 Image size of job updated: 13001252
	51  -  MemoryUsage of job (MB)
	51408  -  ResidentSetSize of job (KB)
...
006 (675021.000.000) 09/16 12:44:31 Image size of job updated: 13073576
	51  -  MemoryUsage of job (MB)
	51408  -  ResidentSetSize of job (KB)
...
006 (675021.000.000) 09/16 12:49:32 Image size of job updated: 13144696
	51  -  MemoryUsage of job (MB)
	51408  -  ResidentSetSize of job (KB)
...
006 (675021.000.000) 09/16 12:54:32 Image size of job updated: 13215536
	51  -  MemoryUsage of job (MB)
	51408  -  ResidentSetSize of job (KB)
...
006 (675021.000.000) 09/16 12:59:33 Image size of job updated: 13288700
	51  -  MemoryUsage of job (MB)
	51408  -  ResidentSetSize of job (KB)
...
006 (675021.000.000) 09/16 13:04:34 Image size of job updated: 13359036
	51  -  MemoryUsage of job (MB)
	51408  -  ResidentSetSize of job (KB)
...
006 (675021.000.000) 09/16 13:09:34 Image size of job updated: 13431976
	51  -  MemoryUsage of job (MB)
	51408  -  ResidentSetSize of job (KB)
...
006 (675021.000.000) 09/16 13:14:34 Image size of job updated: 13506036
	51  -  MemoryUsage of job (MB)
	51408  -  ResidentSetSize of job (KB)
...
006 (675021.000.000) 09/16 13:19:35 Image size of job updated: 13578696
	51  -  MemoryUsage of job (MB)
	51408  -  ResidentSetSize of job (KB)
...
006 (675021.000.000) 09/16 13:24:36 Image size of job updated: 13652924
	51  -  MemoryUsage of job (MB)
	51408  -  ResidentSetSize of job (KB)
...
006 (675021.000.000) 09/16 13:29:36 Image size of job updated: 13727292
	51  -  MemoryUsage of job (MB)
	51408  -  ResidentSetSize of job (KB)
...
006 (675021.000.000) 09/16 13:34:37 Image size of job updated: 13797068
	51  -  MemoryUsage of job (MB)
	51408  -  ResidentSetSize of job (KB)
...
006 (675021.000.000) 09/16 13:39:38 Image size of job updated: 13872640
	51  -  MemoryUsage of job (MB)
	51408  -  ResidentSetSize of job (KB)
...
006 (675021.000.000) 09/16 13:44:38 Image size of job updated: 13946504
	51  -  MemoryUsage of job (MB)
	51408  -  ResidentSetSize of job (KB)
...
006 (675021.000.000) 09/16 13:49:38 Image size of job updated: 14016028
	51  -  MemoryUsage of job (MB)
	51408  -  ResidentSetSize of job (KB)
...
006 (675021.000.000) 09/16 13:54:39 Image size of job updated: 14092104
	51  -  MemoryUsage of job (MB)
	51408  -  ResidentSetSize of job (KB)
...
006 (675021.000.000) 09/16 13:59:40 Image size of job updated: 14166052
	51  -  MemoryUsage of job (MB)
	51408  -  ResidentSetSize of job (KB)
...
006 (675021.000.000) 09/16 14:04:40 Image size of job updated: 14239972
	51  -  MemoryUsage of job (MB)
	51408  -  ResidentSetSize of job (KB)
...
006 (675021.000.000) 09/16 14:09:41 Image size of job updated: 14308684
	51  -  MemoryUsage of job (MB)
	51408  -  ResidentSetSize of job (KB)
...
006 (675021.000.000) 09/16 14:14:42 Image size of job updated: 14381792
	51  -  MemoryUsage of job (MB)
	51408  -  ResidentSetSize of job (KB)
...
006 (675021.000.000) 09/16 14:19:42 Image size of job updated: 14453304
	51  -  MemoryUsage of job (MB)
	51408  -  ResidentSetSize of job (KB)
...
006 (675021.000.000) 09/16 14:24:43 Image size of job updated: 14522968
	51  -  MemoryUsage of job (MB)
	51408  -  ResidentSetSize of job (KB)
...
006 (675021.000.000) 09/16 14:29:44 Image size of job updated: 14594004
	51  -  MemoryUsage of job (MB)
	51408  -  ResidentSetSize of job (KB)
...
006 (675021.000.000) 09/16 14:34:44 Image size of job updated: 14663892
	51  -  MemoryUsage of job (MB)
	51408  -  ResidentSetSize of job (KB)
...
006 (675021.000.000) 09/16 14:39:44 Image size of job updated: 14735348
	51  -  MemoryUsage of job (MB)
	51408  -  ResidentSetSize of job (KB)
...
006 (675021.000.000) 09/16 14:44:45 Image size of job updated: 14804088
	51  -  MemoryUsage of job (MB)
	51408  -  ResidentSetSize of job (KB)
...
006 (675021.000.000) 09/16 14:49:46 Image size of job updated: 14875516
	51  -  MemoryUsage of job (MB)
	51408  -  ResidentSetSize of job (KB)
...
006 (675021.000.000) 09/16 14:54:46 Image size of job updated: 14947028
	51  -  MemoryUsage of job (MB)
	51408  -  ResidentSetSize of job (KB)
...
006 (675021.000.000) 09/16 14:59:47 Image size of job updated: 15019100
	51  -  MemoryUsage of job (MB)
	51408  -  ResidentSetSize of job (KB)
...
006 (675021.000.000) 09/16 15:04:48 Image size of job updated: 15088316
	51  -  MemoryUsage of job (MB)
	51408  -  ResidentSetSize of job (KB)
...
006 (675021.000.000) 09/16 15:09:48 Image size of job updated: 15156720
	51  -  MemoryUsage of job (MB)
	51408  -  ResidentSetSize of job (KB)
...
006 (675021.000.000) 09/16 15:14:48 Image size of job updated: 15225460
	51  -  MemoryUsage of job (MB)
	51408  -  ResidentSetSize of job (KB)
...
006 (675021.000.000) 09/16 15:19:50 Image size of job updated: 15297000
	51  -  MemoryUsage of job (MB)
	51408  -  ResidentSetSize of job (KB)
...
006 (675021.000.000) 09/16 15:24:50 Image size of job updated: 15366692
	51  -  MemoryUsage of job (MB)
	51408  -  ResidentSetSize of job (KB)
...
006 (675021.000.000) 09/16 15:29:50 Image size of job updated: 15418548
	51  -  MemoryUsage of job (MB)
	51408  -  ResidentSetSize of job (KB)
...
006 (675021.000.000) 09/16 15:34:51 Image size of job updated: 15492020
	51  -  MemoryUsage of job (MB)
	51408  -  ResidentSetSize of job (KB)
...
006 (675021.000.000) 09/16 15:39:51 Image size of job updated: 15560676
	51  -  MemoryUsage of job (MB)
	51408  -  ResidentSetSize of job (KB)
...
006 (675021.000.000) 09/16 15:44:51 Image size of job updated: 15632076
	51  -  MemoryUsage of job (MB)
	51408  -  ResidentSetSize of job (KB)
...
006 (675021.000.000) 09/16 15:49:52 Image size of job updated: 15700620
	51  -  MemoryUsage of job (MB)
	51408  -  ResidentSetSize of job (KB)
...
006 (675021.000.000) 09/16 15:54:53 Image size of job updated: 15769024
	51  -  MemoryUsage of job (MB)
	51408  -  ResidentSetSize of job (KB)
...
006 (675021.000.000) 09/16 15:59:53 Image size of job updated: 15837120
	51  -  MemoryUsage of job (MB)
	51408  -  ResidentSetSize of job (KB)
...
006 (675021.000.000) 09/16 16:04:54 Image size of job updated: 15908044
	51  -  MemoryUsage of job (MB)
	51408  -  ResidentSetSize of job (KB)
...
006 (675021.000.000) 09/16 16:09:55 Image size of job updated: 15976924
	51  -  MemoryUsage of job (MB)
	51408  -  ResidentSetSize of job (KB)
...
006 (675021.000.000) 09/16 16:14:55 Image size of job updated: 16049416
	51  -  MemoryUsage of job (MB)
	51408  -  ResidentSetSize of job (KB)
...
006 (675021.000.000) 09/16 16:19:55 Image size of job updated: 16122216
	51  -  MemoryUsage of job (MB)
	51408  -  ResidentSetSize of job (KB)
...
006 (675021.000.000) 09/16 16:24:57 Image size of job updated: 16197312
	51  -  MemoryUsage of job (MB)
	51408  -  ResidentSetSize of job (KB)
...
006 (675021.000.000) 09/16 16:29:57 Image size of job updated: 16267900
	51  -  MemoryUsage of job (MB)
	51408  -  ResidentSetSize of job (KB)
...
006 (675021.000.000) 09/16 16:34:57 Image size of job updated: 16343052
	51  -  MemoryUsage of job (MB)
	51408  -  ResidentSetSize of job (KB)
...
006 (675021.000.000) 09/16 16:39:58 Image size of job updated: 16418904
	51  -  MemoryUsage of job (MB)
	51408  -  ResidentSetSize of job (KB)
...
006 (675021.000.000) 09/16 16:44:59 Image size of job updated: 16496464
	51  -  MemoryUsage of job (MB)
	51408  -  ResidentSetSize of job (KB)
...
006 (675021.000.000) 09/16 16:49:59 Image size of job updated: 16569628
	51  -  MemoryUsage of job (MB)
	51408  -  ResidentSetSize of job (KB)
...
006 (675021.000.000) 09/16 16:55:00 Image size of job updated: 16643492
	51  -  MemoryUsage of job (MB)
	51408  -  ResidentSetSize of job (KB)
...
006 (675021.000.000) 09/16 17:00:01 Image size of job updated: 16717748
	51  -  MemoryUsage of job (MB)
	51408  -  ResidentSetSize of job (KB)
...
006 (675021.000.000) 09/16 17:05:01 Image size of job updated: 16792172
	51  -  MemoryUsage of job (MB)
	51408  -  ResidentSetSize of job (KB)
...
006 (675021.000.000) 09/16 17:10:01 Image size of job updated: 16866316
	51  -  MemoryUsage of job (MB)
	51408  -  ResidentSetSize of job (KB)
...
006 (675021.000.000) 09/16 17:15:02 Image size of job updated: 16940936
	51  -  MemoryUsage of job (MB)
	51408  -  ResidentSetSize of job (KB)
...
006 (675021.000.000) 09/16 17:20:03 Image size of job updated: 17014520
	51  -  MemoryUsage of job (MB)
	51408  -  ResidentSetSize of job (KB)
...
006 (675021.000.000) 09/16 17:25:03 Image size of job updated: 17083960
	51  -  MemoryUsage of job (MB)
	51408  -  ResidentSetSize of job (KB)
...
006 (675021.000.000) 09/16 17:30:04 Image size of job updated: 17154800
	51  -  MemoryUsage of job (MB)
	51408  -  ResidentSetSize of job (KB)
...
006 (675021.000.000) 09/16 17:35:05 Image size of job updated: 17223036
	51  -  MemoryUsage of job (MB)
	51408  -  ResidentSetSize of job (KB)
...
006 (675021.000.000) 09/16 17:40:05 Image size of job updated: 17292420
	51  -  MemoryUsage of job (MB)
	51408  -  ResidentSetSize of job (KB)
...
006 (675021.000.000) 09/16 17:45:05 Image size of job updated: 17364576
	51  -  MemoryUsage of job (MB)
	51408  -  ResidentSetSize of job (KB)
...
006 (675021.000.000) 09/16 17:50:07 Image size of job updated: 17434828
	51  -  MemoryUsage of job (MB)
	51408  -  ResidentSetSize of job (KB)
...
006 (675021.000.000) 09/16 17:55:07 Image size of job updated: 17504940
	51  -  MemoryUsage of job (MB)
	51408  -  ResidentSetSize of job (KB)
...
006 (675021.000.000) 09/16 18:00:07 Image size of job updated: 17573176
	51  -  MemoryUsage of job (MB)
	51408  -  ResidentSetSize of job (KB)
...
006 (675021.000.000) 09/16 18:05:08 Image size of job updated: 17645920
	51  -  MemoryUsage of job (MB)
	51408  -  ResidentSetSize of job (KB)
...
006 (675021.000.000) 09/16 18:10:09 Image size of job updated: 17716816
	51  -  MemoryUsage of job (MB)
	51408  -  ResidentSetSize of job (KB)
...
006 (675021.000.000) 09/16 18:15:09 Image size of job updated: 17787040
	51  -  MemoryUsage of job (MB)
	51408  -  ResidentSetSize of job (KB)
...
006 (675021.000.000) 09/16 18:20:09 Image size of job updated: 17852532
	51  -  MemoryUsage of job (MB)
	51408  -  ResidentSetSize of job (KB)
...
006 (675021.000.000) 09/16 18:25:10 Image size of job updated: 17925612
	51  -  MemoryUsage of job (MB)
	51408  -  ResidentSetSize of job (KB)
...
006 (675021.000.000) 09/16 18:30:10 Image size of job updated: 17993484
	51  -  MemoryUsage of job (MB)
	51408  -  ResidentSetSize of job (KB)
...
006 (675021.000.000) 09/16 18:35:10 Image size of job updated: 18061020
	51  -  MemoryUsage of job (MB)
	51408  -  ResidentSetSize of job (KB)
...
006 (675021.000.000) 09/16 18:40:11 Image size of job updated: 18129116
	51  -  MemoryUsage of job (MB)
	51408  -  ResidentSetSize of job (KB)
...
006 (675021.000.000) 09/16 18:45:12 Image size of job updated: 18196344
	51  -  MemoryUsage of job (MB)
	51408  -  ResidentSetSize of job (KB)
...
006 (675021.000.000) 09/16 18:50:12 Image size of job updated: 18265840
	51  -  MemoryUsage of job (MB)
	51408  -  ResidentSetSize of job (KB)
...
006 (675021.000.000) 09/16 18:55:12 Image size of job updated: 18334244
	51  -  MemoryUsage of job (MB)
	51408  -  ResidentSetSize of job (KB)
...
006 (675021.000.000) 09/16 19:00:13 Image size of job updated: 18396460
	51  -  MemoryUsage of job (MB)
	51408  -  ResidentSetSize of job (KB)
...
006 (675021.000.000) 09/16 19:05:13 Image size of job updated: 18464668
	51  -  MemoryUsage of job (MB)
	51408  -  ResidentSetSize of job (KB)
...
006 (675021.000.000) 09/16 19:10:13 Image size of job updated: 18530972
	51  -  MemoryUsage of job (MB)
	51408  -  ResidentSetSize of job (KB)
...
006 (675021.000.000) 09/16 19:15:14 Image size of job updated: 18602204
	51  -  MemoryUsage of job (MB)
	51408  -  ResidentSetSize of job (KB)
...
006 (675021.000.000) 09/16 19:20:14 Image size of job updated: 18665036
	51  -  MemoryUsage of job (MB)
	51408  -  ResidentSetSize of job (KB)
...
006 (675021.000.000) 09/16 19:25:15 Image size of job updated: 18739124
	51  -  MemoryUsage of job (MB)
	51408  -  ResidentSetSize of job (KB)
...
006 (675021.000.000) 09/16 19:30:16 Image size of job updated: 18814752
	51  -  MemoryUsage of job (MB)
	51408  -  ResidentSetSize of job (KB)
...
006 (675021.000.000) 09/16 19:35:16 Image size of job updated: 18887692
	51  -  MemoryUsage of job (MB)
	51408  -  ResidentSetSize of job (KB)
...
006 (675021.000.000) 09/16 19:40:17 Image size of job updated: 18960660
	51  -  MemoryUsage of job (MB)
	51408  -  ResidentSetSize of job (KB)
...
006 (675021.000.000) 09/16 19:45:18 Image size of job updated: 19032704
	51  -  MemoryUsage of job (MB)
	51408  -  ResidentSetSize of job (KB)
...
006 (675021.000.000) 09/16 19:50:18 Image size of job updated: 19105868
	51  -  MemoryUsage of job (MB)
	51408  -  ResidentSetSize of job (KB)
...
006 (675021.000.000) 09/16 19:55:18 Image size of job updated: 19178080
	51  -  MemoryUsage of job (MB)
	51408  -  ResidentSetSize of job (KB)
...
006 (675021.000.000) 09/16 20:00:19 Image size of job updated: 19251944
	51  -  MemoryUsage of job (MB)
	51408  -  ResidentSetSize of job (KB)
...
006 (675021.000.000) 09/16 20:05:20 Image size of job updated: 19322112
	51  -  MemoryUsage of job (MB)
	51408  -  ResidentSetSize of job (KB)
...
006 (675021.000.000) 09/16 20:10:20 Image size of job updated: 19391776
	51  -  MemoryUsage of job (MB)
	51408  -  ResidentSetSize of job (KB)
...
006 (675021.000.000) 09/16 20:15:21 Image size of job updated: 19463428
	51  -  MemoryUsage of job (MB)
	51408  -  ResidentSetSize of job (KB)
...
006 (675021.000.000) 09/16 20:20:22 Image size of job updated: 19532616
	51  -  MemoryUsage of job (MB)
	51408  -  ResidentSetSize of job (KB)
...
006 (675021.000.000) 09/16 20:25:22 Image size of job updated: 19603344
	51  -  MemoryUsage of job (MB)
	51408  -  ResidentSetSize of job (KB)
...
006 (675021.000.000) 09/16 20:30:22 Image size of job updated: 19674296
	51  -  MemoryUsage of job (MB)
	51408  -  ResidentSetSize of job (KB)
...
006 (675021.000.000) 09/16 20:35:24 Image size of job updated: 19744380
	51  -  MemoryUsage of job (MB)
	51408  -  ResidentSetSize of job (KB)
...
006 (675021.000.000) 09/16 20:40:24 Image size of job updated: 19816032
	51  -  MemoryUsage of job (MB)
	51408  -  ResidentSetSize of job (KB)
...
006 (675021.000.000) 09/16 20:45:24 Image size of job updated: 19887964
	51  -  MemoryUsage of job (MB)
	51408  -  ResidentSetSize of job (KB)
...
006 (675021.000.000) 09/16 20:50:25 Image size of job updated: 19957964
	51  -  MemoryUsage of job (MB)
	51408  -  ResidentSetSize of job (KB)
...
006 (675021.000.000) 09/16 20:55:26 Image size of job updated: 20031184
	51  -  MemoryUsage of job (MB)
	51408  -  ResidentSetSize of job (KB)
...
006 (675021.000.000) 09/16 21:00:26 Image size of job updated: 20102920
	51  -  MemoryUsage of job (MB)
	51408  -  ResidentSetSize of job (KB)
...
006 (675021.000.000) 09/16 21:05:26 Image size of job updated: 20174040
	51  -  MemoryUsage of job (MB)
	51408  -  ResidentSetSize of job (KB)
...
006 (675021.000.000) 09/16 21:10:28 Image size of job updated: 20245160
	51  -  MemoryUsage of job (MB)
	51408  -  ResidentSetSize of job (KB)
...
006 (675021.000.000) 09/16 21:15:28 Image size of job updated: 20318520
	51  -  MemoryUsage of job (MB)
	51408  -  ResidentSetSize of job (KB)
...
006 (675021.000.000) 09/16 21:20:28 Image size of job updated: 20388044
	51  -  MemoryUsage of job (MB)
	51408  -  ResidentSetSize of job (KB)
...
006 (675021.000.000) 09/16 21:25:29 Image size of job updated: 20458128
	51  -  MemoryUsage of job (MB)
	51408  -  ResidentSetSize of job (KB)
...
006 (675021.000.000) 09/16 21:30:30 Image size of job updated: 20530984
	51  -  MemoryUsage of job (MB)
	51408  -  ResidentSetSize of job (KB)
...
006 (675021.000.000) 09/16 21:35:30 Image size of job updated: 20599836
	51  -  MemoryUsage of job (MB)
	51408  -  ResidentSetSize of job (KB)
...
006 (675021.000.000) 09/16 21:40:30 Image size of job updated: 20665132
	51  -  MemoryUsage of job (MB)
	51408  -  ResidentSetSize of job (KB)
...
006 (675021.000.000) 09/16 21:45:32 Image size of job updated: 20736224
	51  -  MemoryUsage of job (MB)
	51408  -  ResidentSetSize of job (KB)
...
006 (675021.000.000) 09/16 21:50:32 Image size of job updated: 20805216
	51  -  MemoryUsage of job (MB)
	51408  -  ResidentSetSize of job (KB)
...
006 (675021.000.000) 09/16 21:55:32 Image size of job updated: 20874544
	51  -  MemoryUsage of job (MB)
	51408  -  ResidentSetSize of job (KB)
...
006 (675021.000.000) 09/16 22:00:33 Image size of job updated: 20945692
	51  -  MemoryUsage of job (MB)
	51408  -  ResidentSetSize of job (KB)
...
006 (675021.000.000) 09/16 22:05:34 Image size of job updated: 21013592
	51  -  MemoryUsage of job (MB)
	51408  -  ResidentSetSize of job (KB)
...
006 (675021.000.000) 09/16 22:10:34 Image size of job updated: 21084236
	51  -  MemoryUsage of job (MB)
	51408  -  ResidentSetSize of job (KB)
...
006 (675021.000.000) 09/16 22:15:34 Image size of job updated: 21153536
	51  -  MemoryUsage of job (MB)
	51408  -  ResidentSetSize of job (KB)
...
006 (675021.000.000) 09/16 22:20:35 Image size of job updated: 21223788
	51  -  MemoryUsage of job (MB)
	51408  -  ResidentSetSize of job (KB)
...
006 (675021.000.000) 09/16 22:25:35 Image size of job updated: 21295580
	51  -  MemoryUsage of job (MB)
	51408  -  ResidentSetSize of job (KB)
...
006 (675021.000.000) 09/16 22:30:35 Image size of job updated: 21366588
	51  -  MemoryUsage of job (MB)
	51408  -  ResidentSetSize of job (KB)
...
006 (675021.000.000) 09/16 22:35:36 Image size of job updated: 21439500
	51  -  MemoryUsage of job (MB)
	51408  -  ResidentSetSize of job (KB)
...
006 (675021.000.000) 09/16 22:40:37 Image size of job updated: 21511964
	51  -  MemoryUsage of job (MB)
	51408  -  ResidentSetSize of job (KB)
...
006 (675021.000.000) 09/16 22:45:37 Image size of job updated: 21585240
	51  -  MemoryUsage of job (MB)
	51408  -  ResidentSetSize of job (KB)
...
006 (675021.000.000) 09/16 22:50:37 Image size of job updated: 21653560
	51  -  MemoryUsage of job (MB)
	51408  -  ResidentSetSize of job (KB)
...
006 (675021.000.000) 09/16 22:53:28 Image size of job updated: 21692284
	51  -  MemoryUsage of job (MB)
	51408  -  ResidentSetSize of job (KB)
...
005 (675021.000.000) 09/16 22:53:28 Job terminated.
	(1) Normal termination (return value 0)
		Usr 0 00:04:44, Sys 0 00:02:29  -  Run Remote Usage
		Usr 0 00:00:00, Sys 0 00:00:00  -  Run Local Usage
		Usr 0 00:04:44, Sys 0 00:02:29  -  Total Remote Usage
		Usr 0 00:00:00, Sys 0 00:00:00  -  Total Local Usage
	0  -  Run Bytes Sent By Job
	0  -  Run Bytes Received By Job
	0  -  Total Bytes Sent By Job
	0  -  Total Bytes Received By Job
	Partitionable Resources :    Usage  Request Allocated 
	   Cpus                 :     1.90        2         2 
	   Disk (KB)            :   150         150     17651 
	   Memory (MB)          :    51           1       128 
...
