000 (2267.988.000) 04/28 23:44:32 Job submitted from host: <140.160.143.131:9618?addrs=140.160.143.131-9618&noUDP&sock=3131910_565e_30>
...
000 (2268.988.000) 04/28 23:46:21 Job submitted from host: <140.160.143.131:9618?addrs=140.160.143.131-9618&noUDP&sock=3131910_565e_30>
...
001 (2267.988.000) 05/09 18:09:09 Job executing on host: <140.160.143.143:9618?addrs=140.160.143.143-9618&noUDP&sock=6169_ffd6_3>
...
006 (2267.988.000) 05/09 18:09:18 Image size of job updated: 2640
	3  -  MemoryUsage of job (MB)
	2640  -  ResidentSetSize of job (KB)
...
006 (2267.988.000) 05/09 18:14:19 Image size of job updated: 2644
	3  -  MemoryUsage of job (MB)
	2644  -  ResidentSetSize of job (KB)
...
009 (2268.988.000) 05/11 09:58:46 Job was aborted by the user.
	via condor_rm (by user scoggim)
...
006 (2267.988.000) 05/11 11:22:00 Image size of job updated: 214788
	3  -  MemoryUsage of job (MB)
	2644  -  ResidentSetSize of job (KB)
...
005 (2267.988.000) 05/11 11:22:00 Job terminated.
	(1) Normal termination (return value 0)
		Usr 3 22:34:45, Sys 2 22:04:43  -  Run Remote Usage
		Usr 0 00:00:00, Sys 0 00:00:00  -  Run Local Usage
		Usr 3 22:34:45, Sys 2 22:04:43  -  Total Remote Usage
		Usr 0 00:00:00, Sys 0 00:00:00  -  Total Local Usage
	0  -  Run Bytes Sent By Job
	0  -  Run Bytes Received By Job
	0  -  Total Bytes Sent By Job
	0  -  Total Bytes Received By Job
	Partitionable Resources :    Usage  Request Allocated 
	   Cpus                 :     4.00        4         4 
	   Disk (KB)            :   175         175    881220 
	   Memory (MB)          :     3           1       128 
...
000 (2400.312.000) 05/11 12:37:09 Job submitted from host: <140.160.143.131:9618?addrs=140.160.143.131-9618&noUDP&sock=3131910_565e_30>
...
001 (2400.312.000) 05/12 10:24:16 Job executing on host: <140.160.143.164:9618?addrs=140.160.143.164-9618&noUDP&sock=59457_2292_3>
...
006 (2400.312.000) 05/12 10:24:25 Image size of job updated: 2064
	3  -  MemoryUsage of job (MB)
	2064  -  ResidentSetSize of job (KB)
...
005 (2400.312.000) 05/12 14:21:35 Job terminated.
	(1) Normal termination (return value 0)
		Usr 0 03:57:18, Sys 0 00:00:00  -  Run Remote Usage
		Usr 0 00:00:00, Sys 0 00:00:00  -  Run Local Usage
		Usr 0 03:57:18, Sys 0 00:00:00  -  Total Remote Usage
		Usr 0 00:00:00, Sys 0 00:00:00  -  Total Local Usage
	0  -  Run Bytes Sent By Job
	0  -  Run Bytes Received By Job
	0  -  Total Bytes Sent By Job
	0  -  Total Bytes Received By Job
	Partitionable Resources :    Usage  Request Allocated 
	   Cpus                 :     1.00        1         1 
	   Disk (KB)            :   175         175    844642 
	   Memory (MB)          :     3           1       128 
...
000 (2511.988.000) 05/27 15:03:50 Job submitted from host: <140.160.143.131:9618?addrs=140.160.143.131-9618&noUDP&sock=3131910_565e_30>
...
001 (2511.988.000) 05/28 08:24:30 Job executing on host: <140.160.143.167:9618?addrs=140.160.143.167-9618&noUDP&sock=7312_0096_3>
...
006 (2511.988.000) 05/28 08:24:38 Image size of job updated: 36624
	36  -  MemoryUsage of job (MB)
	36624  -  ResidentSetSize of job (KB)
...
006 (2511.988.000) 05/28 09:29:46 Image size of job updated: 41524
	41  -  MemoryUsage of job (MB)
	41524  -  ResidentSetSize of job (KB)
...
006 (2511.988.000) 05/30 11:44:57 Image size of job updated: 65896
	65  -  MemoryUsage of job (MB)
	65896  -  ResidentSetSize of job (KB)
...
006 (2511.988.000) 05/31 13:14:23 Image size of job updated: 145796
	65  -  MemoryUsage of job (MB)
	65896  -  ResidentSetSize of job (KB)
...
004 (2511.988.000) 05/31 13:14:23 Job was evicted.
	(0) Job was not checkpointed.
		Usr 3 04:49:51, Sys 0 00:00:01  -  Run Remote Usage
		Usr 0 00:00:00, Sys 0 00:00:00  -  Run Local Usage
	0  -  Run Bytes Sent By Job
	0  -  Run Bytes Received By Job
	Partitionable Resources :    Usage  Request Allocated 
	   Cpus                 :     1.00        1         1 
	   Disk (KB)            :   175         175    844567 
	   Memory (MB)          :    65           1       128 
...
009 (2511.988.000) 05/31 13:14:24 Job was aborted by the user.
	via condor_rm (by user scoggim)
...
000 (2516.312.000) 06/02 11:26:50 Job submitted from host: <140.160.143.131:9618?addrs=140.160.143.131-9618&noUDP&sock=3131910_565e_30>
...
009 (2516.312.000) 06/03 01:05:57 Job was aborted by the user.
	via condor_rm (by user scoggim)
...
000 (2523.312.000) 06/03 01:09:45 Job submitted from host: <140.160.143.131:9618?addrs=140.160.143.131-9618&noUDP&sock=3131910_565e_30>
...
009 (2523.312.000) 06/03 01:12:02 Job was aborted by the user.
	via condor_rm (by user scoggim)
...
000 (2524.312.000) 06/03 01:12:07 Job submitted from host: <140.160.143.131:9618?addrs=140.160.143.131-9618&noUDP&sock=3131910_565e_30>
...
009 (2524.312.000) 06/03 11:11:23 Job was aborted by the user.
	via condor_rm (by user scoggim)
...
000 (2525.312.000) 06/03 11:11:42 Job submitted from host: <140.160.143.131:9618?addrs=140.160.143.131-9618&noUDP&sock=3131910_565e_30>
...
001 (2525.312.000) 06/12 09:21:26 Job executing on host: <140.160.143.141:9618?addrs=140.160.143.141-9618&noUDP&sock=26750_da7f_3>
...
006 (2525.312.000) 06/12 09:21:35 Image size of job updated: 62264
	61  -  MemoryUsage of job (MB)
	62156  -  ResidentSetSize of job (KB)
...
005 (2525.312.000) 06/22 11:54:23 Job terminated.
	(1) Normal termination (return value 0)
		Usr 10 02:01:19, Sys 0 00:02:41  -  Run Remote Usage
		Usr 0 00:00:00, Sys 0 00:00:00  -  Run Local Usage
		Usr 10 02:01:19, Sys 0 00:02:41  -  Total Remote Usage
		Usr 0 00:00:00, Sys 0 00:00:00  -  Total Local Usage
	0  -  Run Bytes Sent By Job
	0  -  Run Bytes Received By Job
	0  -  Total Bytes Sent By Job
	0  -  Total Bytes Received By Job
	Partitionable Resources :    Usage  Request Allocated 
	   Cpus                 :     1.00        1         1 
	   Disk (KB)            :   175         175    880943 
	   Memory (MB)          :    61           1       128 
...
