000 (2267.944.000) 04/28 23:44:32 Job submitted from host: <140.160.143.131:9618?addrs=140.160.143.131-9618&noUDP&sock=3131910_565e_30>
...
000 (2268.944.000) 04/28 23:46:21 Job submitted from host: <140.160.143.131:9618?addrs=140.160.143.131-9618&noUDP&sock=3131910_565e_30>
...
001 (2267.944.000) 05/05 13:11:22 Job executing on host: <140.160.143.166:9618?addrs=140.160.143.166-9618&noUDP&sock=14230_2cc4_3>
...
006 (2267.944.000) 05/05 13:11:30 Image size of job updated: 2712
	3  -  MemoryUsage of job (MB)
	2712  -  ResidentSetSize of job (KB)
...
006 (2267.944.000) 05/05 13:16:30 Image size of job updated: 2716
	3  -  MemoryUsage of job (MB)
	2716  -  ResidentSetSize of job (KB)
...
005 (2267.944.000) 05/06 20:39:19 Job terminated.
	(1) Normal termination (return value 0)
		Usr 3 02:53:23, Sys 2 02:49:36  -  Run Remote Usage
		Usr 0 00:00:00, Sys 0 00:00:00  -  Run Local Usage
		Usr 3 02:53:23, Sys 2 02:49:36  -  Total Remote Usage
		Usr 0 00:00:00, Sys 0 00:00:00  -  Total Local Usage
	0  -  Run Bytes Sent By Job
	0  -  Run Bytes Received By Job
	0  -  Total Bytes Sent By Job
	0  -  Total Bytes Received By Job
	Partitionable Resources :    Usage  Request Allocated 
	   Cpus                 :     4.00        4         4 
	   Disk (KB)            :   175         175    844602 
	   Memory (MB)          :     3           1       128 
...
009 (2268.944.000) 05/11 09:58:44 Job was aborted by the user.
	via condor_rm (by user scoggim)
...
000 (2400.268.000) 05/11 12:37:09 Job submitted from host: <140.160.143.131:9618?addrs=140.160.143.131-9618&noUDP&sock=3131910_565e_30>
...
001 (2400.268.000) 05/12 06:58:01 Job executing on host: <140.160.143.153:9618?addrs=140.160.143.153-9618&noUDP&sock=3174_adb0_3>
...
006 (2400.268.000) 05/12 06:58:09 Image size of job updated: 2052
	3  -  MemoryUsage of job (MB)
	2052  -  ResidentSetSize of job (KB)
...
005 (2400.268.000) 05/12 18:01:06 Job terminated.
	(1) Normal termination (return value 0)
		Usr 0 11:02:14, Sys 0 00:00:00  -  Run Remote Usage
		Usr 0 00:00:00, Sys 0 00:00:00  -  Run Local Usage
		Usr 0 11:02:14, Sys 0 00:00:00  -  Total Remote Usage
		Usr 0 00:00:00, Sys 0 00:00:00  -  Total Local Usage
	0  -  Run Bytes Sent By Job
	0  -  Run Bytes Received By Job
	0  -  Total Bytes Sent By Job
	0  -  Total Bytes Received By Job
	Partitionable Resources :    Usage  Request Allocated 
	   Cpus                 :     1.00        1         1 
	   Disk (KB)            :   175         175    870398 
	   Gpus                 :                           0 
	   Memory (MB)          :     3           1       128 
...
000 (2511.944.000) 05/27 15:03:45 Job submitted from host: <140.160.143.131:9618?addrs=140.160.143.131-9618&noUDP&sock=3131910_565e_30>
...
001 (2511.944.000) 05/28 08:24:28 Job executing on host: <140.160.143.162:9618?addrs=140.160.143.162-9618&noUDP&sock=38396_0a74_3>
...
006 (2511.944.000) 05/28 08:24:37 Image size of job updated: 36616
	36  -  MemoryUsage of job (MB)
	36616  -  ResidentSetSize of job (KB)
...
006 (2511.944.000) 05/28 08:54:40 Image size of job updated: 41516
	41  -  MemoryUsage of job (MB)
	41516  -  ResidentSetSize of job (KB)
...
006 (2511.944.000) 05/29 09:49:00 Image size of job updated: 145796
	41  -  MemoryUsage of job (MB)
	41516  -  ResidentSetSize of job (KB)
...
005 (2511.944.000) 05/29 09:49:00 Job terminated.
	(1) Normal termination (return value 0)
		Usr 1 01:24:28, Sys 0 00:00:01  -  Run Remote Usage
		Usr 0 00:00:00, Sys 0 00:00:00  -  Run Local Usage
		Usr 1 01:24:28, Sys 0 00:00:01  -  Total Remote Usage
		Usr 0 00:00:00, Sys 0 00:00:00  -  Total Local Usage
	0  -  Run Bytes Sent By Job
	0  -  Run Bytes Received By Job
	0  -  Total Bytes Sent By Job
	0  -  Total Bytes Received By Job
	Partitionable Resources :    Usage  Request Allocated 
	   Cpus                 :     1.00        1         1 
	   Disk (KB)            :   175         175    844690 
	   Memory (MB)          :    41           1       128 
...
000 (2516.268.000) 06/02 11:26:49 Job submitted from host: <140.160.143.131:9618?addrs=140.160.143.131-9618&noUDP&sock=3131910_565e_30>
...
009 (2516.268.000) 06/03 01:05:42 Job was aborted by the user.
	via condor_rm (by user scoggim)
...
000 (2523.268.000) 06/03 01:09:45 Job submitted from host: <140.160.143.131:9618?addrs=140.160.143.131-9618&noUDP&sock=3131910_565e_30>
...
009 (2523.268.000) 06/03 01:12:02 Job was aborted by the user.
	via condor_rm (by user scoggim)
...
000 (2524.268.000) 06/03 01:12:07 Job submitted from host: <140.160.143.131:9618?addrs=140.160.143.131-9618&noUDP&sock=3131910_565e_30>
...
009 (2524.268.000) 06/03 11:11:23 Job was aborted by the user.
	via condor_rm (by user scoggim)
...
000 (2525.268.000) 06/03 11:11:42 Job submitted from host: <140.160.143.131:9618?addrs=140.160.143.131-9618&noUDP&sock=3131910_565e_30>
...
001 (2525.268.000) 06/10 15:58:47 Job executing on host: <140.160.143.146:9618?addrs=140.160.143.146-9618&noUDP&sock=4054_4908_3>
...
006 (2525.268.000) 06/10 15:58:55 Image size of job updated: 62164
	61  -  MemoryUsage of job (MB)
	62164  -  ResidentSetSize of job (KB)
...
006 (2525.268.000) 06/11 17:06:36 Image size of job updated: 67060
	66  -  MemoryUsage of job (MB)
	67060  -  ResidentSetSize of job (KB)
...
005 (2525.268.000) 06/18 20:29:13 Job terminated.
	(1) Normal termination (return value 0)
		Usr 8 04:09:07, Sys 0 00:00:25  -  Run Remote Usage
		Usr 0 00:00:00, Sys 0 00:00:00  -  Run Local Usage
		Usr 8 04:09:07, Sys 0 00:00:25  -  Total Remote Usage
		Usr 0 00:00:00, Sys 0 00:00:00  -  Total Local Usage
	0  -  Run Bytes Sent By Job
	0  -  Run Bytes Received By Job
	0  -  Total Bytes Sent By Job
	0  -  Total Bytes Received By Job
	Partitionable Resources :    Usage  Request Allocated 
	   Cpus                 :     1.00        1         1 
	   Disk (KB)            :   175         175    881117 
	   Memory (MB)          :    66           1       128 
...
