000 (2267.842.000) 04/28 23:44:32 Job submitted from host: <140.160.143.131:9618?addrs=140.160.143.131-9618&noUDP&sock=3131910_565e_30>
...
000 (2268.842.000) 04/28 23:46:21 Job submitted from host: <140.160.143.131:9618?addrs=140.160.143.131-9618&noUDP&sock=3131910_565e_30>
...
001 (2267.842.000) 05/04 09:50:27 Job executing on host: <140.160.143.164:9618?addrs=140.160.143.164-9618&noUDP&sock=59457_2292_3>
...
006 (2267.842.000) 05/04 09:50:36 Image size of job updated: 2772
	3  -  MemoryUsage of job (MB)
	2724  -  ResidentSetSize of job (KB)
...
005 (2267.842.000) 05/04 22:07:48 Job terminated.
	(1) Normal termination (return value 0)
		Usr 1 05:19:30, Sys 0 19:49:23  -  Run Remote Usage
		Usr 0 00:00:00, Sys 0 00:00:00  -  Run Local Usage
		Usr 1 05:19:30, Sys 0 19:49:23  -  Total Remote Usage
		Usr 0 00:00:00, Sys 0 00:00:00  -  Total Local Usage
	0  -  Run Bytes Sent By Job
	0  -  Run Bytes Received By Job
	0  -  Total Bytes Sent By Job
	0  -  Total Bytes Received By Job
	Partitionable Resources :    Usage  Request Allocated 
	   Cpus                 :     4.00        4         4 
	   Disk (KB)            :   175         175    844642 
	   Memory (MB)          :     3           1       128 
...
009 (2268.842.000) 05/11 09:58:42 Job was aborted by the user.
	via condor_rm (by user scoggim)
...
000 (2400.166.000) 05/11 12:37:09 Job submitted from host: <140.160.143.131:9618?addrs=140.160.143.131-9618&noUDP&sock=3131910_565e_30>
...
001 (2400.166.000) 05/11 18:04:53 Job executing on host: <140.160.143.153:9618?addrs=140.160.143.153-9618&noUDP&sock=3174_adb0_3>
...
006 (2400.166.000) 05/11 18:05:02 Image size of job updated: 2052
	3  -  MemoryUsage of job (MB)
	2052  -  ResidentSetSize of job (KB)
...
006 (2400.166.000) 05/11 18:30:04 Image size of job updated: 2056
	3  -  MemoryUsage of job (MB)
	2056  -  ResidentSetSize of job (KB)
...
006 (2400.166.000) 05/16 02:23:03 Image size of job updated: 107764
	3  -  MemoryUsage of job (MB)
	2056  -  ResidentSetSize of job (KB)
...
005 (2400.166.000) 05/16 02:23:03 Job terminated.
	(1) Normal termination (return value 0)
		Usr 4 08:11:47, Sys 0 00:00:05  -  Run Remote Usage
		Usr 0 00:00:00, Sys 0 00:00:00  -  Run Local Usage
		Usr 4 08:11:47, Sys 0 00:00:05  -  Total Remote Usage
		Usr 0 00:00:00, Sys 0 00:00:00  -  Total Local Usage
	0  -  Run Bytes Sent By Job
	0  -  Run Bytes Received By Job
	0  -  Total Bytes Sent By Job
	0  -  Total Bytes Received By Job
	Partitionable Resources :    Usage  Request Allocated 
	   Cpus                 :     1.00        1         1 
	   Disk (KB)            :   175         175    870398 
	   Gpus                 :                           0 
	   Memory (MB)          :     3           1       128 
...
000 (2511.842.000) 05/27 15:03:37 Job submitted from host: <140.160.143.131:9618?addrs=140.160.143.131-9618&noUDP&sock=3131910_565e_30>
...
001 (2511.842.000) 05/28 08:24:25 Job executing on host: <140.160.143.162:9618?addrs=140.160.143.162-9618&noUDP&sock=38396_0a74_3>
...
006 (2511.842.000) 05/28 08:24:34 Image size of job updated: 36632
	36  -  MemoryUsage of job (MB)
	36632  -  ResidentSetSize of job (KB)
...
006 (2511.842.000) 05/28 09:34:42 Image size of job updated: 41532
	41  -  MemoryUsage of job (MB)
	41532  -  ResidentSetSize of job (KB)
...
006 (2511.842.000) 05/31 13:14:21 Image size of job updated: 145796
	41  -  MemoryUsage of job (MB)
	41532  -  ResidentSetSize of job (KB)
...
004 (2511.842.000) 05/31 13:14:21 Job was evicted.
	(0) Job was not checkpointed.
		Usr 3 04:49:52, Sys 0 00:00:01  -  Run Remote Usage
		Usr 0 00:00:00, Sys 0 00:00:00  -  Run Local Usage
	0  -  Run Bytes Sent By Job
	0  -  Run Bytes Received By Job
	Partitionable Resources :    Usage  Request Allocated 
	   Cpus                 :     1.00        1         1 
	   Disk (KB)            :   175         175    844690 
	   Memory (MB)          :    41           1       128 
...
009 (2511.842.000) 05/31 13:14:21 Job was aborted by the user.
	via condor_rm (by user scoggim)
...
000 (2516.166.000) 06/02 11:26:47 Job submitted from host: <140.160.143.131:9618?addrs=140.160.143.131-9618&noUDP&sock=3131910_565e_30>
...
009 (2516.166.000) 06/03 01:05:34 Job was aborted by the user.
	via condor_rm (by user scoggim)
...
000 (2523.166.000) 06/03 01:09:45 Job submitted from host: <140.160.143.131:9618?addrs=140.160.143.131-9618&noUDP&sock=3131910_565e_30>
...
009 (2523.166.000) 06/03 01:12:02 Job was aborted by the user.
	via condor_rm (by user scoggim)
...
000 (2524.166.000) 06/03 01:12:07 Job submitted from host: <140.160.143.131:9618?addrs=140.160.143.131-9618&noUDP&sock=3131910_565e_30>
...
009 (2524.166.000) 06/03 11:11:23 Job was aborted by the user.
	via condor_rm (by user scoggim)
...
000 (2525.166.000) 06/03 11:11:41 Job submitted from host: <140.160.143.131:9618?addrs=140.160.143.131-9618&noUDP&sock=3131910_565e_30>
...
001 (2525.166.000) 06/06 14:51:42 Job executing on host: <140.160.143.142:9618?addrs=140.160.143.142-9618&noUDP&sock=9468_d6c6_3>
...
006 (2525.166.000) 06/06 14:51:51 Image size of job updated: 62132
	61  -  MemoryUsage of job (MB)
	62132  -  ResidentSetSize of job (KB)
...
005 (2525.166.000) 06/09 17:33:09 Job terminated.
	(1) Normal termination (return value 0)
		Usr 3 02:32:19, Sys 0 00:00:12  -  Run Remote Usage
		Usr 0 00:00:00, Sys 0 00:00:00  -  Run Local Usage
		Usr 3 02:32:19, Sys 0 00:00:12  -  Total Remote Usage
		Usr 0 00:00:00, Sys 0 00:00:00  -  Total Local Usage
	0  -  Run Bytes Sent By Job
	0  -  Run Bytes Received By Job
	0  -  Total Bytes Sent By Job
	0  -  Total Bytes Received By Job
	Partitionable Resources :    Usage  Request Allocated 
	   Cpus                 :     1.00        1         1 
	   Disk (KB)            :   175         175    881044 
	   Memory (MB)          :    61           1       128 
...
