000 (674356.000.000) 09/14 14:18:48 Job submitted from host: <140.160.143.130:9618?addrs=140.160.143.130-9618&noUDP&sock=5591_da80_4>
...
001 (674356.000.000) 09/14 14:19:05 Job executing on host: <140.160.143.149:9618?addrs=140.160.143.149-9618&noUDP&sock=8214_036a_3>
...
006 (674356.000.000) 09/14 14:19:14 Image size of job updated: 3348
	3  -  MemoryUsage of job (MB)
	2608  -  ResidentSetSize of job (KB)
...
004 (674356.000.000) 09/14 14:20:43 Job was evicted.
	(0) Job was not checkpointed.
		Usr 0 00:02:07, Sys 0 00:00:53  -  Run Remote Usage
		Usr 0 00:00:00, Sys 0 00:00:00  -  Run Local Usage
	0  -  Run Bytes Sent By Job
	0  -  Run Bytes Received By Job
	Partitionable Resources :    Usage  Request Allocated 
	   Cpus                 :     1.99        2         2 
	   Disk (KB)            :   150         150     18162 
	   Gpus                 :                           0 
	   Memory (MB)          :     3           1       128 
...
009 (674356.000.000) 09/14 14:20:43 Job was aborted by the user.
	via condor_rm (by user scoggim)
...
000 (674500.000.000) 09/14 14:25:56 Job submitted from host: <140.160.143.130:9618?addrs=140.160.143.130-9618&noUDP&sock=5591_da80_4>
...
001 (674500.000.000) 09/14 14:25:56 Job executing on host: <140.160.143.149:9618?addrs=140.160.143.149-9618&noUDP&sock=8214_036a_3>
...
006 (674500.000.000) 09/14 14:26:05 Image size of job updated: 3676
	4  -  MemoryUsage of job (MB)
	3676  -  ResidentSetSize of job (KB)
...
000 (674644.000.000) 09/14 14:26:38 Job submitted from host: <140.160.143.130:9618?addrs=140.160.143.130-9618&noUDP&sock=5591_da80_4>
...
000 (674788.000.000) 09/14 14:27:37 Job submitted from host: <140.160.143.130:9618?addrs=140.160.143.130-9618&noUDP&sock=5591_da80_4>
...
006 (674500.000.000) 09/14 14:31:06 Image size of job updated: 83572
	82  -  MemoryUsage of job (MB)
	83572  -  ResidentSetSize of job (KB)
...
006 (674500.000.000) 09/14 14:36:06 Image size of job updated: 87688
	86  -  MemoryUsage of job (MB)
	87688  -  ResidentSetSize of job (KB)
...
004 (674500.000.000) 09/14 14:46:33 Job was evicted.
	(0) Job was not checkpointed.
		Usr 0 00:07:48, Sys 0 00:02:55  -  Run Remote Usage
		Usr 0 00:00:00, Sys 0 00:00:00  -  Run Local Usage
	0  -  Run Bytes Sent By Job
	0  -  Run Bytes Received By Job
	Partitionable Resources :    Usage  Request Allocated 
	   Cpus                 :     2.00        2         2 
	   Disk (KB)            :   150         150     18162 
	   Gpus                 :                           0 
	   Memory (MB)          :    86           1       128 
...
009 (674500.000.000) 09/14 14:46:33 Job was aborted by the user.
	via condor_rm (by user scoggim)
...
009 (674788.000.000) 09/14 14:46:33 Job was aborted by the user.
	via condor_rm (by user scoggim)
...
009 (674644.000.000) 09/14 14:46:33 Job was aborted by the user.
	via condor_rm (by user scoggim)
...
000 (674968.000.000) 09/14 22:20:23 Job submitted from host: <140.160.143.130:9618?addrs=140.160.143.130-9618&noUDP&sock=5591_da80_4>
...
001 (674968.000.000) 09/14 23:47:45 Job executing on host: <140.160.143.151:9618?addrs=140.160.143.151-9618&noUDP&sock=4465_23ab_3>
...
006 (674968.000.000) 09/14 23:47:53 Image size of job updated: 2448
	3  -  MemoryUsage of job (MB)
	2448  -  ResidentSetSize of job (KB)
...
006 (674968.000.000) 09/14 23:52:53 Image size of job updated: 65748
	65  -  MemoryUsage of job (MB)
	65748  -  ResidentSetSize of job (KB)
...
006 (674968.000.000) 09/14 23:57:54 Image size of job updated: 127084
	125  -  MemoryUsage of job (MB)
	127084  -  ResidentSetSize of job (KB)
...
006 (674968.000.000) 09/15 00:02:54 Image size of job updated: 191196
	187  -  MemoryUsage of job (MB)
	191196  -  ResidentSetSize of job (KB)
...
006 (674968.000.000) 09/15 00:07:54 Image size of job updated: 253544
	248  -  MemoryUsage of job (MB)
	253544  -  ResidentSetSize of job (KB)
...
006 (674968.000.000) 09/15 00:12:55 Image size of job updated: 259100
	254  -  MemoryUsage of job (MB)
	259100  -  ResidentSetSize of job (KB)
...
006 (674968.000.000) 09/15 01:17:10 Image size of job updated: 1571620
	254  -  MemoryUsage of job (MB)
	259100  -  ResidentSetSize of job (KB)
...
005 (674968.000.000) 09/15 01:17:10 Job terminated.
	(1) Normal termination (return value 0)
		Usr 0 00:23:36, Sys 0 00:11:48  -  Run Remote Usage
		Usr 0 00:00:00, Sys 0 00:00:00  -  Run Local Usage
		Usr 0 00:23:36, Sys 0 00:11:48  -  Total Remote Usage
		Usr 0 00:00:00, Sys 0 00:00:00  -  Total Local Usage
	0  -  Run Bytes Sent By Job
	0  -  Run Bytes Received By Job
	0  -  Total Bytes Sent By Job
	0  -  Total Bytes Received By Job
	Partitionable Resources :    Usage  Request Allocated 
	   Cpus                 :     2.00        2         2 
	   Disk (KB)            :   150         150     17583 
	   Memory (MB)          :   254           1       128 
...
