000 (674396.000.000) 09/14 14:18:49 Job submitted from host: <140.160.143.130:9618?addrs=140.160.143.130-9618&noUDP&sock=5591_da80_4>
...
009 (674396.000.000) 09/14 14:20:43 Job was aborted by the user.
	via condor_rm (by user scoggim)
...
000 (674540.000.000) 09/14 14:25:58 Job submitted from host: <140.160.143.130:9618?addrs=140.160.143.130-9618&noUDP&sock=5591_da80_4>
...
000 (674684.000.000) 09/14 14:26:40 Job submitted from host: <140.160.143.130:9618?addrs=140.160.143.130-9618&noUDP&sock=5591_da80_4>
...
000 (674828.000.000) 09/14 14:27:38 Job submitted from host: <140.160.143.130:9618?addrs=140.160.143.130-9618&noUDP&sock=5591_da80_4>
...
009 (674684.000.000) 09/14 14:46:32 Job was aborted by the user.
	via condor_rm (by user scoggim)
...
009 (674828.000.000) 09/14 14:46:33 Job was aborted by the user.
	via condor_rm (by user scoggim)
...
009 (674540.000.000) 09/14 14:46:33 Job was aborted by the user.
	via condor_rm (by user scoggim)
...
000 (675008.000.000) 09/14 22:20:25 Job submitted from host: <140.160.143.130:9618?addrs=140.160.143.130-9618&noUDP&sock=5591_da80_4>
...
001 (675008.000.000) 09/15 12:38:11 Job executing on host: <140.160.143.157:9618?addrs=140.160.143.157-9618&noUDP&sock=4484_2bf8_11>
...
006 (675008.000.000) 09/15 12:38:19 Image size of job updated: 2432
	3  -  MemoryUsage of job (MB)
	2432  -  ResidentSetSize of job (KB)
...
006 (675008.000.000) 09/15 12:43:19 Image size of job updated: 53276
	53  -  MemoryUsage of job (MB)
	53276  -  ResidentSetSize of job (KB)
...
006 (675008.000.000) 09/15 12:48:19 Image size of job updated: 102464
	101  -  MemoryUsage of job (MB)
	102464  -  ResidentSetSize of job (KB)
...
006 (675008.000.000) 09/15 12:53:20 Image size of job updated: 149596
	147  -  MemoryUsage of job (MB)
	149596  -  ResidentSetSize of job (KB)
...
006 (675008.000.000) 09/15 12:58:21 Image size of job updated: 205428
	201  -  MemoryUsage of job (MB)
	205428  -  ResidentSetSize of job (KB)
...
006 (675008.000.000) 09/15 13:03:21 Image size of job updated: 264872
	259  -  MemoryUsage of job (MB)
	264872  -  ResidentSetSize of job (KB)
...
006 (675008.000.000) 09/15 13:08:22 Image size of job updated: 323176
	316  -  MemoryUsage of job (MB)
	323176  -  ResidentSetSize of job (KB)
...
006 (675008.000.000) 09/15 13:13:23 Image size of job updated: 379768
	371  -  MemoryUsage of job (MB)
	379768  -  ResidentSetSize of job (KB)
...
006 (675008.000.000) 09/15 13:18:23 Image size of job updated: 436904
	427  -  MemoryUsage of job (MB)
	436904  -  ResidentSetSize of job (KB)
...
006 (675008.000.000) 09/15 13:23:23 Image size of job updated: 493804
	483  -  MemoryUsage of job (MB)
	493804  -  ResidentSetSize of job (KB)
...
006 (675008.000.000) 09/15 13:28:24 Image size of job updated: 549516
	537  -  MemoryUsage of job (MB)
	549516  -  ResidentSetSize of job (KB)
...
006 (675008.000.000) 09/15 13:33:25 Image size of job updated: 606892
	593  -  MemoryUsage of job (MB)
	606892  -  ResidentSetSize of job (KB)
...
006 (675008.000.000) 09/15 13:38:25 Image size of job updated: 664908
	650  -  MemoryUsage of job (MB)
	664908  -  ResidentSetSize of job (KB)
...
006 (675008.000.000) 09/15 13:43:26 Image size of job updated: 721720
	705  -  MemoryUsage of job (MB)
	721720  -  ResidentSetSize of job (KB)
...
006 (675008.000.000) 09/15 13:48:27 Image size of job updated: 776168
	758  -  MemoryUsage of job (MB)
	776168  -  ResidentSetSize of job (KB)
...
006 (675008.000.000) 09/15 13:53:27 Image size of job updated: 828868
	810  -  MemoryUsage of job (MB)
	828868  -  ResidentSetSize of job (KB)
...
006 (675008.000.000) 09/15 13:58:27 Image size of job updated: 879008
	859  -  MemoryUsage of job (MB)
	879008  -  ResidentSetSize of job (KB)
...
006 (675008.000.000) 09/15 14:03:28 Image size of job updated: 928072
	907  -  MemoryUsage of job (MB)
	928072  -  ResidentSetSize of job (KB)
...
006 (675008.000.000) 09/15 14:08:28 Image size of job updated: 978408
	956  -  MemoryUsage of job (MB)
	978408  -  ResidentSetSize of job (KB)
...
006 (675008.000.000) 09/15 14:13:28 Image size of job updated: 1031168
	1007  -  MemoryUsage of job (MB)
	1031168  -  ResidentSetSize of job (KB)
...
006 (675008.000.000) 09/15 14:18:29 Image size of job updated: 1078708
	1054  -  MemoryUsage of job (MB)
	1078708  -  ResidentSetSize of job (KB)
...
006 (675008.000.000) 09/15 14:23:30 Image size of job updated: 1126340
	1100  -  MemoryUsage of job (MB)
	1126340  -  ResidentSetSize of job (KB)
...
006 (675008.000.000) 09/15 14:28:30 Image size of job updated: 1180748
	1154  -  MemoryUsage of job (MB)
	1180748  -  ResidentSetSize of job (KB)
...
006 (675008.000.000) 09/15 14:33:31 Image size of job updated: 1228828
	1201  -  MemoryUsage of job (MB)
	1228828  -  ResidentSetSize of job (KB)
...
006 (675008.000.000) 09/15 14:38:32 Image size of job updated: 1278348
	1249  -  MemoryUsage of job (MB)
	1278348  -  ResidentSetSize of job (KB)
...
006 (675008.000.000) 09/15 14:43:32 Image size of job updated: 1330524
	1300  -  MemoryUsage of job (MB)
	1330524  -  ResidentSetSize of job (KB)
...
006 (675008.000.000) 09/15 14:48:32 Image size of job updated: 1382132
	1350  -  MemoryUsage of job (MB)
	1382132  -  ResidentSetSize of job (KB)
...
006 (675008.000.000) 09/15 14:53:33 Image size of job updated: 1433456
	1400  -  MemoryUsage of job (MB)
	1433456  -  ResidentSetSize of job (KB)
...
006 (675008.000.000) 09/15 14:58:34 Image size of job updated: 1482772
	1449  -  MemoryUsage of job (MB)
	1482772  -  ResidentSetSize of job (KB)
...
006 (675008.000.000) 09/15 15:03:34 Image size of job updated: 1532952
	1498  -  MemoryUsage of job (MB)
	1532952  -  ResidentSetSize of job (KB)
...
006 (675008.000.000) 09/15 15:08:35 Image size of job updated: 1581548
	1545  -  MemoryUsage of job (MB)
	1581548  -  ResidentSetSize of job (KB)
...
006 (675008.000.000) 09/15 15:13:36 Image size of job updated: 1632308
	1595  -  MemoryUsage of job (MB)
	1632308  -  ResidentSetSize of job (KB)
...
006 (675008.000.000) 09/15 15:18:36 Image size of job updated: 1683044
	1644  -  MemoryUsage of job (MB)
	1683044  -  ResidentSetSize of job (KB)
...
006 (675008.000.000) 09/15 15:23:36 Image size of job updated: 1732364
	1692  -  MemoryUsage of job (MB)
	1732364  -  ResidentSetSize of job (KB)
...
006 (675008.000.000) 09/15 15:28:37 Image size of job updated: 1782712
	1741  -  MemoryUsage of job (MB)
	1782712  -  ResidentSetSize of job (KB)
...
006 (675008.000.000) 09/15 15:33:38 Image size of job updated: 1833664
	1791  -  MemoryUsage of job (MB)
	1833664  -  ResidentSetSize of job (KB)
...
006 (675008.000.000) 09/15 15:38:38 Image size of job updated: 1881124
	1838  -  MemoryUsage of job (MB)
	1881124  -  ResidentSetSize of job (KB)
...
006 (675008.000.000) 09/15 15:43:39 Image size of job updated: 1928120
	1883  -  MemoryUsage of job (MB)
	1928120  -  ResidentSetSize of job (KB)
...
006 (675008.000.000) 09/15 15:48:40 Image size of job updated: 1979060
	1933  -  MemoryUsage of job (MB)
	1979060  -  ResidentSetSize of job (KB)
...
006 (675008.000.000) 09/15 15:53:40 Image size of job updated: 2030776
	1984  -  MemoryUsage of job (MB)
	2030776  -  ResidentSetSize of job (KB)
...
006 (675008.000.000) 09/15 15:58:40 Image size of job updated: 2081552
	2033  -  MemoryUsage of job (MB)
	2081552  -  ResidentSetSize of job (KB)
...
006 (675008.000.000) 09/15 16:03:41 Image size of job updated: 2130156
	2081  -  MemoryUsage of job (MB)
	2130156  -  ResidentSetSize of job (KB)
...
006 (675008.000.000) 09/15 16:08:42 Image size of job updated: 2181200
	2131  -  MemoryUsage of job (MB)
	2181200  -  ResidentSetSize of job (KB)
...
006 (675008.000.000) 09/15 16:13:42 Image size of job updated: 2228736
	2177  -  MemoryUsage of job (MB)
	2228736  -  ResidentSetSize of job (KB)
...
006 (675008.000.000) 09/15 16:18:43 Image size of job updated: 2279048
	2226  -  MemoryUsage of job (MB)
	2279048  -  ResidentSetSize of job (KB)
...
006 (675008.000.000) 09/15 16:23:44 Image size of job updated: 2329644
	2276  -  MemoryUsage of job (MB)
	2329644  -  ResidentSetSize of job (KB)
...
006 (675008.000.000) 09/15 16:28:44 Image size of job updated: 2382520
	2327  -  MemoryUsage of job (MB)
	2382520  -  ResidentSetSize of job (KB)
...
006 (675008.000.000) 09/15 16:33:44 Image size of job updated: 2432768
	2376  -  MemoryUsage of job (MB)
	2432768  -  ResidentSetSize of job (KB)
...
006 (675008.000.000) 09/15 16:38:45 Image size of job updated: 2480528
	2423  -  MemoryUsage of job (MB)
	2480528  -  ResidentSetSize of job (KB)
...
006 (675008.000.000) 09/15 16:43:46 Image size of job updated: 2527928
	2469  -  MemoryUsage of job (MB)
	2527928  -  ResidentSetSize of job (KB)
...
006 (675008.000.000) 09/15 16:48:46 Image size of job updated: 2575120
	2515  -  MemoryUsage of job (MB)
	2575120  -  ResidentSetSize of job (KB)
...
006 (675008.000.000) 09/15 16:53:47 Image size of job updated: 2628900
	2568  -  MemoryUsage of job (MB)
	2628900  -  ResidentSetSize of job (KB)
...
006 (675008.000.000) 09/15 16:58:48 Image size of job updated: 2677404
	2615  -  MemoryUsage of job (MB)
	2677404  -  ResidentSetSize of job (KB)
...
006 (675008.000.000) 09/15 17:03:48 Image size of job updated: 2723948
	2661  -  MemoryUsage of job (MB)
	2723948  -  ResidentSetSize of job (KB)
...
006 (675008.000.000) 09/15 17:08:48 Image size of job updated: 2772080
	2708  -  MemoryUsage of job (MB)
	2772080  -  ResidentSetSize of job (KB)
...
006 (675008.000.000) 09/15 17:13:49 Image size of job updated: 2823060
	2757  -  MemoryUsage of job (MB)
	2823060  -  ResidentSetSize of job (KB)
...
006 (675008.000.000) 09/15 17:18:50 Image size of job updated: 2873780
	2807  -  MemoryUsage of job (MB)
	2873780  -  ResidentSetSize of job (KB)
...
006 (675008.000.000) 09/15 17:23:51 Image size of job updated: 2920076
	2852  -  MemoryUsage of job (MB)
	2920076  -  ResidentSetSize of job (KB)
...
006 (675008.000.000) 09/15 17:28:51 Image size of job updated: 2969980
	2901  -  MemoryUsage of job (MB)
	2969980  -  ResidentSetSize of job (KB)
...
006 (675008.000.000) 09/15 17:33:51 Image size of job updated: 3019168
	2949  -  MemoryUsage of job (MB)
	3019168  -  ResidentSetSize of job (KB)
...
006 (675008.000.000) 09/15 17:38:51 Image size of job updated: 3068996
	2998  -  MemoryUsage of job (MB)
	3068996  -  ResidentSetSize of job (KB)
...
006 (675008.000.000) 09/15 17:43:52 Image size of job updated: 3120756
	3048  -  MemoryUsage of job (MB)
	3120756  -  ResidentSetSize of job (KB)
...
006 (675008.000.000) 09/15 17:48:53 Image size of job updated: 3169804
	3096  -  MemoryUsage of job (MB)
	3169804  -  ResidentSetSize of job (KB)
...
006 (675008.000.000) 09/15 17:53:53 Image size of job updated: 3215928
	3141  -  MemoryUsage of job (MB)
	3215928  -  ResidentSetSize of job (KB)
...
006 (675008.000.000) 09/15 17:58:53 Image size of job updated: 3263924
	3188  -  MemoryUsage of job (MB)
	3263924  -  ResidentSetSize of job (KB)
...
006 (675008.000.000) 09/15 18:03:54 Image size of job updated: 3313212
	3236  -  MemoryUsage of job (MB)
	3313212  -  ResidentSetSize of job (KB)
...
006 (675008.000.000) 09/15 18:08:55 Image size of job updated: 3360796
	3283  -  MemoryUsage of job (MB)
	3360796  -  ResidentSetSize of job (KB)
...
006 (675008.000.000) 09/15 18:13:55 Image size of job updated: 3408676
	3329  -  MemoryUsage of job (MB)
	3408676  -  ResidentSetSize of job (KB)
...
006 (675008.000.000) 09/15 18:18:56 Image size of job updated: 3456676
	3376  -  MemoryUsage of job (MB)
	3456676  -  ResidentSetSize of job (KB)
...
006 (675008.000.000) 09/15 18:23:57 Image size of job updated: 3504568
	3423  -  MemoryUsage of job (MB)
	3504568  -  ResidentSetSize of job (KB)
...
006 (675008.000.000) 09/15 18:28:57 Image size of job updated: 3552884
	3470  -  MemoryUsage of job (MB)
	3552884  -  ResidentSetSize of job (KB)
...
006 (675008.000.000) 09/15 18:33:57 Image size of job updated: 3602720
	3519  -  MemoryUsage of job (MB)
	3602720  -  ResidentSetSize of job (KB)
...
006 (675008.000.000) 09/15 18:38:58 Image size of job updated: 3652936
	3568  -  MemoryUsage of job (MB)
	3652936  -  ResidentSetSize of job (KB)
...
006 (675008.000.000) 09/15 18:43:59 Image size of job updated: 3701744
	3615  -  MemoryUsage of job (MB)
	3701744  -  ResidentSetSize of job (KB)
...
006 (675008.000.000) 09/15 18:48:59 Image size of job updated: 3750176
	3663  -  MemoryUsage of job (MB)
	3750176  -  ResidentSetSize of job (KB)
...
006 (675008.000.000) 09/15 18:54:00 Image size of job updated: 3796312
	3708  -  MemoryUsage of job (MB)
	3796312  -  ResidentSetSize of job (KB)
...
006 (675008.000.000) 09/15 18:59:01 Image size of job updated: 3843400
	3754  -  MemoryUsage of job (MB)
	3843400  -  ResidentSetSize of job (KB)
...
006 (675008.000.000) 09/15 19:04:01 Image size of job updated: 3893288
	3803  -  MemoryUsage of job (MB)
	3893288  -  ResidentSetSize of job (KB)
...
006 (675008.000.000) 09/15 19:09:01 Image size of job updated: 3942572
	3851  -  MemoryUsage of job (MB)
	3942572  -  ResidentSetSize of job (KB)
...
006 (675008.000.000) 09/15 19:14:02 Image size of job updated: 3995104
	3902  -  MemoryUsage of job (MB)
	3995104  -  ResidentSetSize of job (KB)
...
006 (675008.000.000) 09/15 19:19:03 Image size of job updated: 4083536
	3988  -  MemoryUsage of job (MB)
	4083536  -  ResidentSetSize of job (KB)
...
006 (675008.000.000) 09/15 19:24:03 Image size of job updated: 4176964
	4080  -  MemoryUsage of job (MB)
	4176964  -  ResidentSetSize of job (KB)
...
006 (675008.000.000) 09/15 19:29:04 Image size of job updated: 4210152
	4112  -  MemoryUsage of job (MB)
	4210152  -  ResidentSetSize of job (KB)
...
006 (675008.000.000) 09/15 19:34:05 Image size of job updated: 4210152
	4112  -  MemoryUsage of job (MB)
	4210156  -  ResidentSetSize of job (KB)
...
006 (675008.000.000) 09/16 00:06:57 Image size of job updated: 4226316
	4128  -  MemoryUsage of job (MB)
	4226248  -  ResidentSetSize of job (KB)
...
006 (675008.000.000) 09/16 00:11:58 Image size of job updated: 4277876
	4178  -  MemoryUsage of job (MB)
	4277808  -  ResidentSetSize of job (KB)
...
006 (675008.000.000) 09/16 00:16:58 Image size of job updated: 4328796
	4228  -  MemoryUsage of job (MB)
	4328728  -  ResidentSetSize of job (KB)
...
006 (675008.000.000) 09/16 00:21:58 Image size of job updated: 4378276
	4276  -  MemoryUsage of job (MB)
	4378208  -  ResidentSetSize of job (KB)
...
006 (675008.000.000) 09/16 00:26:59 Image size of job updated: 4428364
	4325  -  MemoryUsage of job (MB)
	4428296  -  ResidentSetSize of job (KB)
...
006 (675008.000.000) 09/16 00:31:59 Image size of job updated: 4477168
	4373  -  MemoryUsage of job (MB)
	4477100  -  ResidentSetSize of job (KB)
...
006 (675008.000.000) 09/16 00:36:59 Image size of job updated: 4528724
	4423  -  MemoryUsage of job (MB)
	4528656  -  ResidentSetSize of job (KB)
...
006 (675008.000.000) 09/16 00:42:00 Image size of job updated: 4578648
	4472  -  MemoryUsage of job (MB)
	4578580  -  ResidentSetSize of job (KB)
...
006 (675008.000.000) 09/16 00:47:01 Image size of job updated: 4627828
	4520  -  MemoryUsage of job (MB)
	4627760  -  ResidentSetSize of job (KB)
...
006 (675008.000.000) 09/16 00:52:01 Image size of job updated: 4678740
	4570  -  MemoryUsage of job (MB)
	4678672  -  ResidentSetSize of job (KB)
...
006 (675008.000.000) 09/16 00:57:01 Image size of job updated: 4728192
	4618  -  MemoryUsage of job (MB)
	4728124  -  ResidentSetSize of job (KB)
...
006 (675008.000.000) 09/16 01:02:02 Image size of job updated: 4778200
	4667  -  MemoryUsage of job (MB)
	4778132  -  ResidentSetSize of job (KB)
...
006 (675008.000.000) 09/16 01:07:03 Image size of job updated: 4827468
	4715  -  MemoryUsage of job (MB)
	4827400  -  ResidentSetSize of job (KB)
...
006 (675008.000.000) 09/16 02:48:53 Image size of job updated: 5177136
	5056  -  MemoryUsage of job (MB)
	5176884  -  ResidentSetSize of job (KB)
...
006 (675008.000.000) 09/16 03:04:27 Image size of job updated: 5418548
	5292  -  MemoryUsage of job (MB)
	5418252  -  ResidentSetSize of job (KB)
...
006 (675008.000.000) 09/16 03:13:48 Image size of job updated: 5557184
	5427  -  MemoryUsage of job (MB)
	5556888  -  ResidentSetSize of job (KB)
...
006 (675008.000.000) 09/16 03:19:24 Image size of job updated: 5640324
	5508  -  MemoryUsage of job (MB)
	5640028  -  ResidentSetSize of job (KB)
...
006 (675008.000.000) 09/16 03:24:24 Image size of job updated: 5714560
	5581  -  MemoryUsage of job (MB)
	5714264  -  ResidentSetSize of job (KB)
...
006 (675008.000.000) 09/16 03:29:25 Image size of job updated: 5789460
	5654  -  MemoryUsage of job (MB)
	5789164  -  ResidentSetSize of job (KB)
...
006 (675008.000.000) 09/16 03:34:26 Image size of job updated: 5867452
	5730  -  MemoryUsage of job (MB)
	5867156  -  ResidentSetSize of job (KB)
...
006 (675008.000.000) 09/16 03:39:26 Image size of job updated: 5939196
	5800  -  MemoryUsage of job (MB)
	5938900  -  ResidentSetSize of job (KB)
...
006 (675008.000.000) 09/16 03:48:41 Image size of job updated: 5949260
	5810  -  MemoryUsage of job (MB)
	5949248  -  ResidentSetSize of job (KB)
...
006 (675008.000.000) 09/16 04:34:37 Image size of job updated: 5949260
	5810  -  MemoryUsage of job (MB)
	5949260  -  ResidentSetSize of job (KB)
...
006 (675008.000.000) 09/16 05:16:56 Image size of job updated: 6006112
	5865  -  MemoryUsage of job (MB)
	6005644  -  ResidentSetSize of job (KB)
...
006 (675008.000.000) 09/16 05:44:40 Image size of job updated: 6428148
	6277  -  MemoryUsage of job (MB)
	6427636  -  ResidentSetSize of job (KB)
...
006 (675008.000.000) 09/16 06:01:19 Image size of job updated: 6681684
	6525  -  MemoryUsage of job (MB)
	6681172  -  ResidentSetSize of job (KB)
...
006 (675008.000.000) 09/16 06:11:18 Image size of job updated: 6767768
	6609  -  MemoryUsage of job (MB)
	6767256  -  ResidentSetSize of job (KB)
...
006 (675008.000.000) 09/16 06:20:05 Image size of job updated: 6805836
	6647  -  MemoryUsage of job (MB)
	6805816  -  ResidentSetSize of job (KB)
...
006 (675008.000.000) 09/16 06:51:44 Image size of job updated: 6806232
	6647  -  MemoryUsage of job (MB)
	6806204  -  ResidentSetSize of job (KB)
...
022 (675008.000.000) 09/16 07:11:15 Job disconnected, attempting to reconnect
    Socket between submit and execute hosts closed unexpectedly
    Trying to reconnect to slot1_6@c-1-6 <140.160.143.157:9618?addrs=140.160.143.157-9618&noUDP&sock=4484_2bf8_11>
...
024 (675008.000.000) 09/16 07:51:15 Job reconnection failed
    Job disconnected too long: JobLeaseDuration (2400 seconds) expired
    Can not reconnect to slot1_6@c-1-6, rescheduling job
...
001 (675008.000.000) 09/16 11:52:07 Job executing on host: <140.160.143.153:9618?addrs=140.160.143.153-9618&noUDP&sock=4484_8b29_3>
...
006 (675008.000.000) 09/17 05:14:00 Image size of job updated: 14612848
	7325  -  MemoryUsage of job (MB)
	7500000  -  ResidentSetSize of job (KB)
...
006 (675008.000.000) 09/17 05:19:01 Image size of job updated: 14678452
	7325  -  MemoryUsage of job (MB)
	7500000  -  ResidentSetSize of job (KB)
...
006 (675008.000.000) 09/17 05:24:01 Image size of job updated: 14745232
	7325  -  MemoryUsage of job (MB)
	7500000  -  ResidentSetSize of job (KB)
...
006 (675008.000.000) 09/17 05:29:01 Image size of job updated: 14810612
	7325  -  MemoryUsage of job (MB)
	7500000  -  ResidentSetSize of job (KB)
...
006 (675008.000.000) 09/17 05:34:02 Image size of job updated: 14875824
	7325  -  MemoryUsage of job (MB)
	7500000  -  ResidentSetSize of job (KB)
...
006 (675008.000.000) 09/17 05:39:03 Image size of job updated: 14940308
	7325  -  MemoryUsage of job (MB)
	7500000  -  ResidentSetSize of job (KB)
...
006 (675008.000.000) 09/17 05:44:03 Image size of job updated: 15006892
	7325  -  MemoryUsage of job (MB)
	7500000  -  ResidentSetSize of job (KB)
...
006 (675008.000.000) 09/17 05:49:04 Image size of job updated: 15072636
	7325  -  MemoryUsage of job (MB)
	7500000  -  ResidentSetSize of job (KB)
...
006 (675008.000.000) 09/17 05:54:05 Image size of job updated: 15136980
	7325  -  MemoryUsage of job (MB)
	7500000  -  ResidentSetSize of job (KB)
...
006 (675008.000.000) 09/17 05:59:05 Image size of job updated: 15200400
	7325  -  MemoryUsage of job (MB)
	7500000  -  ResidentSetSize of job (KB)
...
006 (675008.000.000) 09/17 06:04:05 Image size of job updated: 15262672
	7325  -  MemoryUsage of job (MB)
	7500000  -  ResidentSetSize of job (KB)
...
006 (675008.000.000) 09/17 06:09:07 Image size of job updated: 15324888
	7325  -  MemoryUsage of job (MB)
	7500000  -  ResidentSetSize of job (KB)
...
006 (675008.000.000) 09/17 06:14:07 Image size of job updated: 15390324
	7325  -  MemoryUsage of job (MB)
	7500000  -  ResidentSetSize of job (KB)
...
006 (675008.000.000) 09/17 06:19:07 Image size of job updated: 15455312
	7325  -  MemoryUsage of job (MB)
	7500000  -  ResidentSetSize of job (KB)
...
006 (675008.000.000) 09/17 06:24:08 Image size of job updated: 15519096
	7325  -  MemoryUsage of job (MB)
	7500000  -  ResidentSetSize of job (KB)
...
006 (675008.000.000) 09/17 06:29:09 Image size of job updated: 15583664
	7325  -  MemoryUsage of job (MB)
	7500000  -  ResidentSetSize of job (KB)
...
006 (675008.000.000) 09/17 06:34:09 Image size of job updated: 15647112
	7325  -  MemoryUsage of job (MB)
	7500000  -  ResidentSetSize of job (KB)
...
006 (675008.000.000) 09/17 06:39:09 Image size of job updated: 15707172
	7325  -  MemoryUsage of job (MB)
	7500000  -  ResidentSetSize of job (KB)
...
006 (675008.000.000) 09/17 06:44:10 Image size of job updated: 15771600
	7325  -  MemoryUsage of job (MB)
	7500000  -  ResidentSetSize of job (KB)
...
006 (675008.000.000) 09/17 06:49:10 Image size of job updated: 15837400
	7325  -  MemoryUsage of job (MB)
	7500000  -  ResidentSetSize of job (KB)
...
006 (675008.000.000) 09/17 06:54:10 Image size of job updated: 15902472
	7325  -  MemoryUsage of job (MB)
	7500000  -  ResidentSetSize of job (KB)
...
006 (675008.000.000) 09/17 06:59:11 Image size of job updated: 15966648
	7325  -  MemoryUsage of job (MB)
	7500000  -  ResidentSetSize of job (KB)
...
006 (675008.000.000) 09/17 07:04:12 Image size of job updated: 16032028
	7325  -  MemoryUsage of job (MB)
	7500000  -  ResidentSetSize of job (KB)
...
006 (675008.000.000) 09/17 07:09:12 Image size of job updated: 16097184
	7325  -  MemoryUsage of job (MB)
	7500000  -  ResidentSetSize of job (KB)
...
006 (675008.000.000) 09/17 07:14:12 Image size of job updated: 16159624
	7325  -  MemoryUsage of job (MB)
	7500000  -  ResidentSetSize of job (KB)
...
006 (675008.000.000) 09/17 07:19:13 Image size of job updated: 16224640
	7325  -  MemoryUsage of job (MB)
	7500000  -  ResidentSetSize of job (KB)
...
006 (675008.000.000) 09/17 07:24:13 Image size of job updated: 16289572
	7325  -  MemoryUsage of job (MB)
	7500000  -  ResidentSetSize of job (KB)
...
006 (675008.000.000) 09/17 07:29:13 Image size of job updated: 16355344
	7325  -  MemoryUsage of job (MB)
	7500000  -  ResidentSetSize of job (KB)
...
006 (675008.000.000) 09/17 07:34:14 Image size of job updated: 16421200
	7325  -  MemoryUsage of job (MB)
	7500000  -  ResidentSetSize of job (KB)
...
006 (675008.000.000) 09/17 07:39:15 Image size of job updated: 16486580
	7325  -  MemoryUsage of job (MB)
	7500000  -  ResidentSetSize of job (KB)
...
006 (675008.000.000) 09/17 07:44:15 Image size of job updated: 16551512
	7325  -  MemoryUsage of job (MB)
	7500000  -  ResidentSetSize of job (KB)
...
006 (675008.000.000) 09/17 07:49:15 Image size of job updated: 16616696
	7325  -  MemoryUsage of job (MB)
	7500000  -  ResidentSetSize of job (KB)
...
006 (675008.000.000) 09/17 07:54:17 Image size of job updated: 16687788
	7325  -  MemoryUsage of job (MB)
	7500000  -  ResidentSetSize of job (KB)
...
006 (675008.000.000) 09/17 07:59:17 Image size of job updated: 16757592
	7325  -  MemoryUsage of job (MB)
	7500000  -  ResidentSetSize of job (KB)
...
006 (675008.000.000) 09/17 08:04:17 Image size of job updated: 16826444
	7325  -  MemoryUsage of job (MB)
	7500000  -  ResidentSetSize of job (KB)
...
006 (675008.000.000) 09/17 08:09:18 Image size of job updated: 16891096
	7325  -  MemoryUsage of job (MB)
	7500000  -  ResidentSetSize of job (KB)
...
006 (675008.000.000) 09/17 08:14:19 Image size of job updated: 16959052
	7325  -  MemoryUsage of job (MB)
	7500000  -  ResidentSetSize of job (KB)
...
006 (675008.000.000) 09/17 08:19:19 Image size of job updated: 17028576
	7325  -  MemoryUsage of job (MB)
	7500000  -  ResidentSetSize of job (KB)
...
006 (675008.000.000) 09/17 08:24:19 Image size of job updated: 17094516
	7325  -  MemoryUsage of job (MB)
	7500000  -  ResidentSetSize of job (KB)
...
006 (675008.000.000) 09/17 08:29:21 Image size of job updated: 17163788
	7325  -  MemoryUsage of job (MB)
	7500000  -  ResidentSetSize of job (KB)
...
006 (675008.000.000) 09/17 08:34:21 Image size of job updated: 17230876
	7325  -  MemoryUsage of job (MB)
	7500000  -  ResidentSetSize of job (KB)
...
006 (675008.000.000) 09/17 08:39:21 Image size of job updated: 17299672
	7325  -  MemoryUsage of job (MB)
	7500000  -  ResidentSetSize of job (KB)
...
006 (675008.000.000) 09/17 08:44:22 Image size of job updated: 17368496
	7325  -  MemoryUsage of job (MB)
	7500000  -  ResidentSetSize of job (KB)
...
006 (675008.000.000) 09/17 08:49:23 Image size of job updated: 17439700
	7325  -  MemoryUsage of job (MB)
	7500000  -  ResidentSetSize of job (KB)
...
006 (675008.000.000) 09/17 08:54:23 Image size of job updated: 17509868
	7325  -  MemoryUsage of job (MB)
	7500000  -  ResidentSetSize of job (KB)
...
006 (675008.000.000) 09/17 08:59:23 Image size of job updated: 17575052
	7325  -  MemoryUsage of job (MB)
	7500000  -  ResidentSetSize of job (KB)
...
006 (675008.000.000) 09/17 09:04:25 Image size of job updated: 17636792
	7325  -  MemoryUsage of job (MB)
	7500000  -  ResidentSetSize of job (KB)
...
006 (675008.000.000) 09/17 09:09:25 Image size of job updated: 17699988
	7325  -  MemoryUsage of job (MB)
	7500000  -  ResidentSetSize of job (KB)
...
006 (675008.000.000) 09/17 09:14:25 Image size of job updated: 17770828
	7325  -  MemoryUsage of job (MB)
	7500000  -  ResidentSetSize of job (KB)
...
006 (675008.000.000) 09/17 09:19:26 Image size of job updated: 17837440
	7325  -  MemoryUsage of job (MB)
	7500000  -  ResidentSetSize of job (KB)
...
006 (675008.000.000) 09/17 09:24:27 Image size of job updated: 17903820
	7325  -  MemoryUsage of job (MB)
	7500000  -  ResidentSetSize of job (KB)
...
006 (675008.000.000) 09/17 09:29:27 Image size of job updated: 17968760
	7325  -  MemoryUsage of job (MB)
	7500000  -  ResidentSetSize of job (KB)
...
006 (675008.000.000) 09/17 09:34:27 Image size of job updated: 18034868
	7325  -  MemoryUsage of job (MB)
	7500000  -  ResidentSetSize of job (KB)
...
006 (675008.000.000) 09/17 09:39:28 Image size of job updated: 18096636
	7325  -  MemoryUsage of job (MB)
	7500000  -  ResidentSetSize of job (KB)
...
006 (675008.000.000) 09/17 09:44:28 Image size of job updated: 18162604
	7325  -  MemoryUsage of job (MB)
	7500000  -  ResidentSetSize of job (KB)
...
006 (675008.000.000) 09/17 09:49:28 Image size of job updated: 18228740
	7325  -  MemoryUsage of job (MB)
	7500000  -  ResidentSetSize of job (KB)
...
006 (675008.000.000) 09/17 09:54:29 Image size of job updated: 18295688
	7325  -  MemoryUsage of job (MB)
	7500000  -  ResidentSetSize of job (KB)
...
006 (675008.000.000) 09/17 09:59:30 Image size of job updated: 18362160
	7325  -  MemoryUsage of job (MB)
	7500000  -  ResidentSetSize of job (KB)
...
006 (675008.000.000) 09/17 10:04:30 Image size of job updated: 18427708
	7325  -  MemoryUsage of job (MB)
	7500000  -  ResidentSetSize of job (KB)
...
006 (675008.000.000) 09/17 10:09:30 Image size of job updated: 18496448
	7325  -  MemoryUsage of job (MB)
	7500000  -  ResidentSetSize of job (KB)
...
006 (675008.000.000) 09/17 10:14:31 Image size of job updated: 18566924
	7325  -  MemoryUsage of job (MB)
	7500000  -  ResidentSetSize of job (KB)
...
006 (675008.000.000) 09/17 10:19:31 Image size of job updated: 18637288
	7325  -  MemoryUsage of job (MB)
	7500000  -  ResidentSetSize of job (KB)
...
006 (675008.000.000) 09/17 10:24:31 Image size of job updated: 18708996
	7325  -  MemoryUsage of job (MB)
	7500000  -  ResidentSetSize of job (KB)
...
006 (675008.000.000) 09/17 10:29:32 Image size of job updated: 18781488
	7325  -  MemoryUsage of job (MB)
	7500000  -  ResidentSetSize of job (KB)
...
006 (675008.000.000) 09/17 10:34:33 Image size of job updated: 18850956
	7325  -  MemoryUsage of job (MB)
	7500000  -  ResidentSetSize of job (KB)
...
006 (675008.000.000) 09/17 10:39:33 Image size of job updated: 18916112
	7325  -  MemoryUsage of job (MB)
	7500000  -  ResidentSetSize of job (KB)
...
006 (675008.000.000) 09/17 10:44:33 Image size of job updated: 18983200
	7325  -  MemoryUsage of job (MB)
	7500000  -  ResidentSetSize of job (KB)
...
006 (675008.000.000) 09/17 10:49:34 Image size of job updated: 19049952
	7325  -  MemoryUsage of job (MB)
	7500000  -  ResidentSetSize of job (KB)
...
006 (675008.000.000) 09/17 10:54:34 Image size of job updated: 19118076
	7325  -  MemoryUsage of job (MB)
	7500000  -  ResidentSetSize of job (KB)
...
006 (675008.000.000) 09/17 10:59:34 Image size of job updated: 19184996
	7325  -  MemoryUsage of job (MB)
	7500000  -  ResidentSetSize of job (KB)
...
006 (675008.000.000) 09/17 11:04:35 Image size of job updated: 19250740
	7325  -  MemoryUsage of job (MB)
	7500000  -  ResidentSetSize of job (KB)
...
006 (675008.000.000) 09/17 11:09:36 Image size of job updated: 19319368
	7325  -  MemoryUsage of job (MB)
	7500000  -  ResidentSetSize of job (KB)
...
006 (675008.000.000) 09/17 11:14:36 Image size of job updated: 19388836
	7325  -  MemoryUsage of job (MB)
	7500000  -  ResidentSetSize of job (KB)
...
006 (675008.000.000) 09/17 11:19:36 Image size of job updated: 19457884
	7325  -  MemoryUsage of job (MB)
	7500000  -  ResidentSetSize of job (KB)
...
006 (675008.000.000) 09/17 11:24:37 Image size of job updated: 19527492
	7325  -  MemoryUsage of job (MB)
	7500000  -  ResidentSetSize of job (KB)
...
006 (675008.000.000) 09/17 11:29:37 Image size of job updated: 19597744
	7325  -  MemoryUsage of job (MB)
	7500000  -  ResidentSetSize of job (KB)
...
006 (675008.000.000) 09/17 11:34:37 Image size of job updated: 19668304
	7325  -  MemoryUsage of job (MB)
	7500000  -  ResidentSetSize of job (KB)
...
006 (675008.000.000) 09/17 11:39:38 Image size of job updated: 19734384
	7325  -  MemoryUsage of job (MB)
	7500000  -  ResidentSetSize of job (KB)
...
006 (675008.000.000) 09/17 11:44:39 Image size of job updated: 19801388
	7325  -  MemoryUsage of job (MB)
	7500000  -  ResidentSetSize of job (KB)
...
006 (675008.000.000) 09/17 11:49:39 Image size of job updated: 19872368
	7325  -  MemoryUsage of job (MB)
	7500000  -  ResidentSetSize of job (KB)
...
006 (675008.000.000) 09/17 11:54:39 Image size of job updated: 19942788
	7325  -  MemoryUsage of job (MB)
	7500000  -  ResidentSetSize of job (KB)
...
006 (675008.000.000) 09/17 11:59:40 Image size of job updated: 20012760
	7325  -  MemoryUsage of job (MB)
	7500000  -  ResidentSetSize of job (KB)
...
006 (675008.000.000) 09/17 12:04:40 Image size of job updated: 20081108
	7325  -  MemoryUsage of job (MB)
	7500000  -  ResidentSetSize of job (KB)
...
006 (675008.000.000) 09/17 12:09:40 Image size of job updated: 20147748
	7325  -  MemoryUsage of job (MB)
	7500000  -  ResidentSetSize of job (KB)
...
006 (675008.000.000) 09/17 12:14:41 Image size of job updated: 20214696
	7325  -  MemoryUsage of job (MB)
	7500000  -  ResidentSetSize of job (KB)
...
006 (675008.000.000) 09/17 12:19:42 Image size of job updated: 20282372
	7325  -  MemoryUsage of job (MB)
	7500000  -  ResidentSetSize of job (KB)
...
006 (675008.000.000) 09/17 12:24:42 Image size of job updated: 20350972
	7325  -  MemoryUsage of job (MB)
	7500000  -  ResidentSetSize of job (KB)
...
006 (675008.000.000) 09/17 12:29:42 Image size of job updated: 20418452
	7325  -  MemoryUsage of job (MB)
	7500000  -  ResidentSetSize of job (KB)
...
006 (675008.000.000) 09/17 12:34:43 Image size of job updated: 20482236
	7325  -  MemoryUsage of job (MB)
	7500000  -  ResidentSetSize of job (KB)
...
006 (675008.000.000) 09/17 12:39:44 Image size of job updated: 20549240
	7325  -  MemoryUsage of job (MB)
	7500000  -  ResidentSetSize of job (KB)
...
006 (675008.000.000) 09/17 12:44:44 Image size of job updated: 20614984
	7325  -  MemoryUsage of job (MB)
	7500000  -  ResidentSetSize of job (KB)
...
006 (675008.000.000) 09/17 12:49:45 Image size of job updated: 20682072
	7325  -  MemoryUsage of job (MB)
	7500000  -  ResidentSetSize of job (KB)
...
006 (675008.000.000) 09/17 12:54:46 Image size of job updated: 20748264
	7325  -  MemoryUsage of job (MB)
	7500000  -  ResidentSetSize of job (KB)
...
006 (675008.000.000) 09/17 12:59:46 Image size of job updated: 20816192
	7325  -  MemoryUsage of job (MB)
	7500000  -  ResidentSetSize of job (KB)
...
006 (675008.000.000) 09/17 13:04:46 Image size of job updated: 20883924
	7325  -  MemoryUsage of job (MB)
	7500000  -  ResidentSetSize of job (KB)
...
006 (675008.000.000) 09/17 13:09:47 Image size of job updated: 20948912
	7325  -  MemoryUsage of job (MB)
	7500000  -  ResidentSetSize of job (KB)
...
006 (675008.000.000) 09/17 13:14:48 Image size of job updated: 21015636
	7325  -  MemoryUsage of job (MB)
	7500000  -  ResidentSetSize of job (KB)
...
006 (675008.000.000) 09/17 13:19:48 Image size of job updated: 21082528
	7325  -  MemoryUsage of job (MB)
	7500000  -  ResidentSetSize of job (KB)
...
006 (675008.000.000) 09/17 13:24:48 Image size of job updated: 21149588
	7325  -  MemoryUsage of job (MB)
	7500000  -  ResidentSetSize of job (KB)
...
006 (675008.000.000) 09/17 13:29:49 Image size of job updated: 21216900
	7325  -  MemoryUsage of job (MB)
	7500000  -  ResidentSetSize of job (KB)
...
006 (675008.000.000) 09/17 13:34:49 Image size of job updated: 21280712
	7325  -  MemoryUsage of job (MB)
	7500000  -  ResidentSetSize of job (KB)
...
006 (675008.000.000) 09/17 13:39:49 Image size of job updated: 21349368
	7325  -  MemoryUsage of job (MB)
	7500000  -  ResidentSetSize of job (KB)
...
006 (675008.000.000) 09/17 13:44:50 Image size of job updated: 21418640
	7325  -  MemoryUsage of job (MB)
	7500000  -  ResidentSetSize of job (KB)
...
006 (675008.000.000) 09/17 13:49:51 Image size of job updated: 21479792
	7325  -  MemoryUsage of job (MB)
	7500000  -  ResidentSetSize of job (KB)
...
006 (675008.000.000) 09/17 13:54:51 Image size of job updated: 21551080
	7325  -  MemoryUsage of job (MB)
	7500000  -  ResidentSetSize of job (KB)
...
006 (675008.000.000) 09/17 13:59:51 Image size of job updated: 21622844
	7325  -  MemoryUsage of job (MB)
	7500000  -  ResidentSetSize of job (KB)
...
006 (675008.000.000) 09/17 14:02:46 Image size of job updated: 21665516
	7325  -  MemoryUsage of job (MB)
	7500000  -  ResidentSetSize of job (KB)
...
005 (675008.000.000) 09/17 14:02:46 Job terminated.
	(1) Normal termination (return value 0)
		Usr 0 00:11:19, Sys 0 00:05:42  -  Run Remote Usage
		Usr 0 00:00:00, Sys 0 00:00:00  -  Run Local Usage
		Usr 0 00:11:19, Sys 0 00:05:42  -  Total Remote Usage
		Usr 0 00:00:00, Sys 0 00:00:00  -  Total Local Usage
	0  -  Run Bytes Sent By Job
	0  -  Run Bytes Received By Job
	0  -  Total Bytes Sent By Job
	0  -  Total Bytes Received By Job
	Partitionable Resources :    Usage  Request Allocated 
	   Cpus                 :     2.00        2         2 
	   Disk (KB)            :   150         150     17609 
	   Memory (MB)          :  7325        7325      7424 
...
000 (225.000.000) 10/21 16:26:39 Job submitted from host: <140.160.143.131:9618?addrs=140.160.143.131-9618&noUDP&sock=2776_aefe_4>
...
001 (225.000.000) 10/22 04:02:16 Job executing on host: <140.160.143.147:9618?addrs=140.160.143.147-9618&noUDP&sock=1438_ed47_3>
...
006 (225.000.000) 10/22 04:02:25 Image size of job updated: 908
	1  -  MemoryUsage of job (MB)
	908  -  ResidentSetSize of job (KB)
...
006 (225.000.000) 10/22 04:52:31 Image size of job updated: 912
	1  -  MemoryUsage of job (MB)
	912  -  ResidentSetSize of job (KB)
...
005 (225.000.000) 10/22 11:10:42 Job terminated.
	(1) Normal termination (return value 0)
		Usr 0 11:35:26, Sys 0 02:41:24  -  Run Remote Usage
		Usr 0 00:00:00, Sys 0 00:00:00  -  Run Local Usage
		Usr 0 11:35:26, Sys 0 02:41:24  -  Total Remote Usage
		Usr 0 00:00:00, Sys 0 00:00:00  -  Total Local Usage
	0  -  Run Bytes Sent By Job
	0  -  Run Bytes Received By Job
	0  -  Total Bytes Sent By Job
	0  -  Total Bytes Received By Job
	Partitionable Resources :    Usage  Request Allocated 
	   Cpus                 :     2.00        2         2 
	   Disk (KB)            :   150         150    204210 
	   Memory (MB)          :     1       20480     20480 
...
