000 (2266.565.000) 04/28 23:43:28 Job submitted from host: <140.160.143.131:9618?addrs=140.160.143.131-9618&noUDP&sock=3131910_565e_30>
...
000 (2267.565.000) 04/28 23:44:32 Job submitted from host: <140.160.143.131:9618?addrs=140.160.143.131-9618&noUDP&sock=3131910_565e_30>
...
000 (2268.565.000) 04/28 23:46:20 Job submitted from host: <140.160.143.131:9618?addrs=140.160.143.131-9618&noUDP&sock=3131910_565e_30>
...
001 (2266.565.000) 04/28 23:48:22 Job executing on host: <140.160.143.143:9618?addrs=140.160.143.143-9618&noUDP&sock=6169_ffd6_3>
...
006 (2266.565.000) 04/28 23:48:30 Image size of job updated: 508
	1  -  MemoryUsage of job (MB)
	508  -  ResidentSetSize of job (KB)
...
006 (2266.565.000) 04/28 23:48:40 Image size of job updated: 106548
	1  -  MemoryUsage of job (MB)
	508  -  ResidentSetSize of job (KB)
...
005 (2266.565.000) 04/28 23:48:40 Job terminated.
	(1) Normal termination (return value 0)
		Usr 0 00:00:18, Sys 0 00:00:00  -  Run Remote Usage
		Usr 0 00:00:00, Sys 0 00:00:00  -  Run Local Usage
		Usr 0 00:00:18, Sys 0 00:00:00  -  Total Remote Usage
		Usr 0 00:00:00, Sys 0 00:00:00  -  Total Local Usage
	0  -  Run Bytes Sent By Job
	0  -  Run Bytes Received By Job
	0  -  Total Bytes Sent By Job
	0  -  Total Bytes Received By Job
	Partitionable Resources :    Usage  Request Allocated 
	   Cpus                 :     1.00        1         1 
	   Disk (KB)            :   175         175    881220 
	   Memory (MB)          :     1           1       128 
...
001 (2267.565.000) 05/01 08:53:24 Job executing on host: <140.160.143.167:9618?addrs=140.160.143.167-9618&noUDP&sock=15487_5f50_3>
...
006 (2267.565.000) 05/01 08:53:32 Image size of job updated: 1076
	2  -  MemoryUsage of job (MB)
	1076  -  ResidentSetSize of job (KB)
...
005 (2267.565.000) 05/01 10:56:53 Job terminated.
	(1) Normal termination (return value 0)
		Usr 0 04:51:40, Sys 0 03:22:14  -  Run Remote Usage
		Usr 0 00:00:00, Sys 0 00:00:00  -  Run Local Usage
		Usr 0 04:51:40, Sys 0 03:22:14  -  Total Remote Usage
		Usr 0 00:00:00, Sys 0 00:00:00  -  Total Local Usage
	0  -  Run Bytes Sent By Job
	0  -  Run Bytes Received By Job
	0  -  Total Bytes Sent By Job
	0  -  Total Bytes Received By Job
	Partitionable Resources :    Usage  Request Allocated 
	   Cpus                 :     4.00        4         4 
	   Disk (KB)            :   175         175    844734 
	   Memory (MB)          :     2           1       128 
...
009 (2268.565.000) 05/11 09:58:37 Job was aborted by the user.
	via condor_rm (by user scoggim)
...
000 (2511.565.000) 05/27 15:03:18 Job submitted from host: <140.160.143.131:9618?addrs=140.160.143.131-9618&noUDP&sock=3131910_565e_30>
...
001 (2511.565.000) 05/27 19:06:19 Job executing on host: <140.160.143.140:9618?addrs=140.160.143.140-9618&noUDP&sock=16192_f195_3>
...
006 (2511.565.000) 05/27 19:06:27 Image size of job updated: 3676
	4  -  MemoryUsage of job (MB)
	3676  -  ResidentSetSize of job (KB)
...
006 (2511.565.000) 05/27 19:11:27 Image size of job updated: 3904
	4  -  MemoryUsage of job (MB)
	3904  -  ResidentSetSize of job (KB)
...
006 (2511.565.000) 05/27 20:45:13 Image size of job updated: 109496
	4  -  MemoryUsage of job (MB)
	3904  -  ResidentSetSize of job (KB)
...
005 (2511.565.000) 05/27 20:45:13 Job terminated.
	(1) Normal termination (return value 0)
		Usr 0 01:38:46, Sys 0 00:00:00  -  Run Remote Usage
		Usr 0 00:00:00, Sys 0 00:00:00  -  Run Local Usage
		Usr 0 01:38:46, Sys 0 00:00:00  -  Total Remote Usage
		Usr 0 00:00:00, Sys 0 00:00:00  -  Total Local Usage
	0  -  Run Bytes Sent By Job
	0  -  Run Bytes Received By Job
	0  -  Total Bytes Sent By Job
	0  -  Total Bytes Received By Job
	Partitionable Resources :    Usage  Request Allocated 
	   Cpus                 :     1.00        1         1 
	   Disk (KB)            :   175         175    881228 
	   Memory (MB)          :     4           1       128 
...
000 (2513.565.000) 05/31 13:37:14 Job submitted from host: <140.160.143.131:9618?addrs=140.160.143.131-9618&noUDP&sock=3131910_565e_30>
...
009 (2513.565.000) 05/31 15:23:50 Job was aborted by the user.
	via condor_rm (by user scoggim)
...
000 (2514.565.000) 05/31 15:29:20 Job submitted from host: <140.160.143.131:9618?addrs=140.160.143.131-9618&noUDP&sock=3131910_565e_30>
...
009 (2514.565.000) 06/01 11:47:20 Job was aborted by the user.
	via condor_rm (by user scoggim)
...
000 (2515.565.000) 06/01 11:47:43 Job submitted from host: <140.160.143.131:9618?addrs=140.160.143.131-9618&noUDP&sock=3131910_565e_30>
...
001 (2515.565.000) 06/02 04:23:10 Job executing on host: <140.160.143.143:9618?addrs=140.160.143.143-9618&noUDP&sock=21098_0d36_3>
...
006 (2515.565.000) 06/02 04:23:18 Image size of job updated: 3680
	4  -  MemoryUsage of job (MB)
	3680  -  ResidentSetSize of job (KB)
...
006 (2515.565.000) 06/02 04:28:18 Image size of job updated: 3904
	4  -  MemoryUsage of job (MB)
	3904  -  ResidentSetSize of job (KB)
...
005 (2515.565.000) 06/02 10:03:34 Job terminated.
	(1) Normal termination (return value 0)
		Usr 0 05:39:55, Sys 0 00:00:01  -  Run Remote Usage
		Usr 0 00:00:00, Sys 0 00:00:00  -  Run Local Usage
		Usr 0 05:39:55, Sys 0 00:00:01  -  Total Remote Usage
		Usr 0 00:00:00, Sys 0 00:00:00  -  Total Local Usage
	0  -  Run Bytes Sent By Job
	0  -  Run Bytes Received By Job
	0  -  Total Bytes Sent By Job
	0  -  Total Bytes Received By Job
	Partitionable Resources :    Usage  Request Allocated 
	   Cpus                 :     1.00        1         1 
	   Disk (KB)            :   175         175    881209 
	   Memory (MB)          :     4           1       128 
...
