000 (2060.026.000) 03/05 20:07:43 Job submitted from host: <140.160.143.131:9618?addrs=140.160.143.131-9618&noUDP&sock=1229063_9141_4>
...
009 (2060.026.000) 03/05 20:07:53 Job was aborted by the user.
	via condor_rm (by user scoggim)
...
000 (2070.005.000) 03/05 20:16:28 Job submitted from host: <140.160.143.131:9618?addrs=140.160.143.131-9618&noUDP&sock=1229063_9141_4>
...
001 (2070.005.000) 03/08 18:55:29 Job executing on host: <140.160.143.147:9618?addrs=140.160.143.147-9618&noUDP&sock=28833_9e45_3>
...
006 (2070.005.000) 03/08 18:55:37 Image size of job updated: 972
	1  -  MemoryUsage of job (MB)
	972  -  ResidentSetSize of job (KB)
...
006 (2070.005.000) 03/08 19:05:37 Image size of job updated: 976
	1  -  MemoryUsage of job (MB)
	976  -  ResidentSetSize of job (KB)
...
006 (2070.005.000) 03/08 19:25:39 Image size of job updated: 1260
	1  -  MemoryUsage of job (MB)
	976  -  ResidentSetSize of job (KB)
...
005 (2070.005.000) 03/08 19:27:30 Job terminated.
	(1) Normal termination (return value 0)
		Usr 0 01:21:33, Sys 0 00:46:09  -  Run Remote Usage
		Usr 0 00:00:00, Sys 0 00:00:00  -  Run Local Usage
		Usr 0 01:21:33, Sys 0 00:46:09  -  Total Remote Usage
		Usr 0 00:00:00, Sys 0 00:00:00  -  Total Local Usage
	0  -  Run Bytes Sent By Job
	0  -  Run Bytes Received By Job
	0  -  Total Bytes Sent By Job
	0  -  Total Bytes Received By Job
	Partitionable Resources :    Usage  Request Allocated 
	   Cpus                 :     4.00        4         4 
	   Disk (KB)            :   175         175    197501 
	   Memory (MB)          :     1           1       128 
...
000 (2134.026.000) 03/25 11:02:21 Job submitted from host: <140.160.143.131:9618?addrs=140.160.143.131-9618&noUDP&sock=3219958_f11d_13>
...
009 (2134.026.000) 03/25 11:05:05 Job was aborted by the user.
	via condor_rm (by user scoggim)
...
000 (2135.026.000) 03/25 11:05:14 Job submitted from host: <140.160.143.131:9618?addrs=140.160.143.131-9618&noUDP&sock=3219958_f11d_13>
...
001 (2135.026.000) 03/26 10:50:28 Job executing on host: <140.160.143.162:9618?addrs=140.160.143.162-9618&noUDP&sock=44370_b53b_3>
...
006 (2135.026.000) 03/26 10:50:36 Image size of job updated: 4420
	5  -  MemoryUsage of job (MB)
	4420  -  ResidentSetSize of job (KB)
...
006 (2135.026.000) 03/26 11:30:39 Image size of job updated: 4636
	5  -  MemoryUsage of job (MB)
	4636  -  ResidentSetSize of job (KB)
...
005 (2135.026.000) 03/26 22:21:21 Job terminated.
	(1) Normal termination (return value 0)
		Usr 1 06:33:22, Sys 0 15:30:06  -  Run Remote Usage
		Usr 0 00:00:00, Sys 0 00:00:00  -  Run Local Usage
		Usr 1 06:33:22, Sys 0 15:30:06  -  Total Remote Usage
		Usr 0 00:00:00, Sys 0 00:00:00  -  Total Local Usage
	0  -  Run Bytes Sent By Job
	0  -  Run Bytes Received By Job
	0  -  Total Bytes Sent By Job
	0  -  Total Bytes Received By Job
	Partitionable Resources :    Usage  Request Allocated 
	   Cpus                 :     4.00        4         4 
	   Disk (KB)            :   175         175    844747 
	   Memory (MB)          :     5           1       128 
...
