000 (2060.001.000) 03/05 20:07:43 Job submitted from host: <140.160.143.131:9618?addrs=140.160.143.131-9618&noUDP&sock=1229063_9141_4>
...
009 (2060.001.000) 03/05 20:07:52 Job was aborted by the user.
	via condor_rm (by user scoggim)
...
000 (2067.001.000) 03/05 20:16:27 Job submitted from host: <140.160.143.131:9618?addrs=140.160.143.131-9618&noUDP&sock=1229063_9141_4>
...
001 (2067.001.000) 03/08 06:37:14 Job executing on host: <140.160.143.147:9618?addrs=140.160.143.147-9618&noUDP&sock=28833_9e45_3>
...
006 (2067.001.000) 03/08 06:37:23 Image size of job updated: 1192
	1  -  MemoryUsage of job (MB)
	984  -  ResidentSetSize of job (KB)
...
005 (2067.001.000) 03/08 07:14:29 Job terminated.
	(1) Normal termination (return value 0)
		Usr 0 01:33:59, Sys 0 00:54:34  -  Run Remote Usage
		Usr 0 00:00:00, Sys 0 00:00:00  -  Run Local Usage
		Usr 0 01:33:59, Sys 0 00:54:34  -  Total Remote Usage
		Usr 0 00:00:00, Sys 0 00:00:00  -  Total Local Usage
	0  -  Run Bytes Sent By Job
	0  -  Run Bytes Received By Job
	0  -  Total Bytes Sent By Job
	0  -  Total Bytes Received By Job
	Partitionable Resources :    Usage  Request Allocated 
	   Cpus                 :     4.00        4         4 
	   Disk (KB)            :   175         175    197501 
	   Memory (MB)          :     1           1       128 
...
000 (2134.001.000) 03/25 11:02:21 Job submitted from host: <140.160.143.131:9618?addrs=140.160.143.131-9618&noUDP&sock=3219958_f11d_13>
...
009 (2134.001.000) 03/25 11:05:05 Job was aborted by the user.
	via condor_rm (by user scoggim)
...
000 (2135.001.000) 03/25 11:05:14 Job submitted from host: <140.160.143.131:9618?addrs=140.160.143.131-9618&noUDP&sock=3219958_f11d_13>
...
001 (2135.001.000) 03/25 19:51:19 Job executing on host: <140.160.143.146:9618?addrs=140.160.143.146-9618&noUDP&sock=23249_756d_3>
...
006 (2135.001.000) 03/25 19:51:27 Image size of job updated: 4552
	5  -  MemoryUsage of job (MB)
	4408  -  ResidentSetSize of job (KB)
...
006 (2135.001.000) 03/25 19:56:27 Image size of job updated: 5732
	5  -  MemoryUsage of job (MB)
	4408  -  ResidentSetSize of job (KB)
...
006 (2135.001.000) 03/25 20:01:28 Image size of job updated: 6048
	5  -  MemoryUsage of job (MB)
	4408  -  ResidentSetSize of job (KB)
...
006 (2135.001.000) 03/25 20:26:30 Image size of job updated: 6120
	5  -  MemoryUsage of job (MB)
	4408  -  ResidentSetSize of job (KB)
...
006 (2135.001.000) 03/25 20:46:32 Image size of job updated: 6148
	5  -  MemoryUsage of job (MB)
	4408  -  ResidentSetSize of job (KB)
...
006 (2135.001.000) 03/25 20:51:32 Image size of job updated: 6332
	5  -  MemoryUsage of job (MB)
	4408  -  ResidentSetSize of job (KB)
...
006 (2135.001.000) 03/25 21:01:33 Image size of job updated: 6624
	5  -  MemoryUsage of job (MB)
	4636  -  ResidentSetSize of job (KB)
...
006 (2135.001.000) 03/25 21:26:35 Image size of job updated: 6756
	5  -  MemoryUsage of job (MB)
	4636  -  ResidentSetSize of job (KB)
...
006 (2135.001.000) 03/25 21:56:38 Image size of job updated: 6828
	5  -  MemoryUsage of job (MB)
	4636  -  ResidentSetSize of job (KB)
...
005 (2135.001.000) 03/27 18:47:41 Job terminated.
	(1) Normal termination (return value 0)
		Usr 5 15:57:59, Sys 2 03:24:27  -  Run Remote Usage
		Usr 0 00:00:00, Sys 0 00:00:00  -  Run Local Usage
		Usr 5 15:57:59, Sys 2 03:24:27  -  Total Remote Usage
		Usr 0 00:00:00, Sys 0 00:00:00  -  Total Local Usage
	0  -  Run Bytes Sent By Job
	0  -  Run Bytes Received By Job
	0  -  Total Bytes Sent By Job
	0  -  Total Bytes Received By Job
	Partitionable Resources :    Usage  Request Allocated 
	   Cpus                 :     4.00        4         4 
	   Disk (KB)            :   175         175    881144 
	   Memory (MB)          :     5           1       128 
...
