000 (2266.583.000) 04/28 23:43:28 Job submitted from host: <140.160.143.131:9618?addrs=140.160.143.131-9618&noUDP&sock=3131910_565e_30>
...
000 (2267.583.000) 04/28 23:44:32 Job submitted from host: <140.160.143.131:9618?addrs=140.160.143.131-9618&noUDP&sock=3131910_565e_30>
...
000 (2268.583.000) 04/28 23:46:20 Job submitted from host: <140.160.143.131:9618?addrs=140.160.143.131-9618&noUDP&sock=3131910_565e_30>
...
001 (2266.583.000) 04/28 23:48:23 Job executing on host: <140.160.143.147:9618?addrs=140.160.143.147-9618&noUDP&sock=29188_1e64_3>
...
006 (2266.583.000) 04/28 23:48:31 Image size of job updated: 504
	1  -  MemoryUsage of job (MB)
	504  -  ResidentSetSize of job (KB)
...
006 (2266.583.000) 04/28 23:48:52 Image size of job updated: 106548
	1  -  MemoryUsage of job (MB)
	504  -  ResidentSetSize of job (KB)
...
005 (2266.583.000) 04/28 23:48:52 Job terminated.
	(1) Normal termination (return value 0)
		Usr 0 00:00:28, Sys 0 00:00:00  -  Run Remote Usage
		Usr 0 00:00:00, Sys 0 00:00:00  -  Run Local Usage
		Usr 0 00:00:28, Sys 0 00:00:00  -  Total Remote Usage
		Usr 0 00:00:00, Sys 0 00:00:00  -  Total Local Usage
	0  -  Run Bytes Sent By Job
	0  -  Run Bytes Received By Job
	0  -  Total Bytes Sent By Job
	0  -  Total Bytes Received By Job
	Partitionable Resources :    Usage  Request Allocated 
	   Cpus                 :     1.00        1         1 
	   Disk (KB)            :   175         175    197290 
	   Memory (MB)          :     1           1       128 
...
001 (2267.583.000) 05/01 08:53:23 Job executing on host: <140.160.143.167:9618?addrs=140.160.143.167-9618&noUDP&sock=15487_5f50_3>
...
006 (2267.583.000) 05/01 08:53:34 Image size of job updated: 1092
	2  -  MemoryUsage of job (MB)
	1092  -  ResidentSetSize of job (KB)
...
005 (2267.583.000) 05/01 10:47:26 Job terminated.
	(1) Normal termination (return value 0)
		Usr 0 04:28:54, Sys 0 03:07:02  -  Run Remote Usage
		Usr 0 00:00:00, Sys 0 00:00:00  -  Run Local Usage
		Usr 0 04:28:54, Sys 0 03:07:02  -  Total Remote Usage
		Usr 0 00:00:00, Sys 0 00:00:00  -  Total Local Usage
	0  -  Run Bytes Sent By Job
	0  -  Run Bytes Received By Job
	0  -  Total Bytes Sent By Job
	0  -  Total Bytes Received By Job
	Partitionable Resources :    Usage  Request Allocated 
	   Cpus                 :     4.00        4         4 
	   Disk (KB)            :   175         175    844734 
	   Memory (MB)          :     2           1       128 
...
009 (2268.583.000) 05/11 09:58:37 Job was aborted by the user.
	via condor_rm (by user scoggim)
...
000 (2511.583.000) 05/27 15:03:18 Job submitted from host: <140.160.143.131:9618?addrs=140.160.143.131-9618&noUDP&sock=3131910_565e_30>
...
001 (2511.583.000) 05/27 19:33:00 Job executing on host: <140.160.143.153:9618?addrs=140.160.143.153-9618&noUDP&sock=3174_adb0_3>
...
006 (2511.583.000) 05/27 19:33:09 Image size of job updated: 3684
	4  -  MemoryUsage of job (MB)
	3684  -  ResidentSetSize of job (KB)
...
006 (2511.583.000) 05/27 19:38:10 Image size of job updated: 3908
	4  -  MemoryUsage of job (MB)
	3908  -  ResidentSetSize of job (KB)
...
005 (2511.583.000) 05/27 22:17:28 Job terminated.
	(1) Normal termination (return value 0)
		Usr 0 02:44:13, Sys 0 00:00:00  -  Run Remote Usage
		Usr 0 00:00:00, Sys 0 00:00:00  -  Run Local Usage
		Usr 0 02:44:13, Sys 0 00:00:00  -  Total Remote Usage
		Usr 0 00:00:00, Sys 0 00:00:00  -  Total Local Usage
	0  -  Run Bytes Sent By Job
	0  -  Run Bytes Received By Job
	0  -  Total Bytes Sent By Job
	0  -  Total Bytes Received By Job
	Partitionable Resources :    Usage  Request Allocated 
	   Cpus                 :     1.00        1         1 
	   Disk (KB)            :   175         175    870398 
	   Gpus                 :                           0 
	   Memory (MB)          :     4           1       128 
...
000 (2513.583.000) 05/31 13:37:14 Job submitted from host: <140.160.143.131:9618?addrs=140.160.143.131-9618&noUDP&sock=3131910_565e_30>
...
009 (2513.583.000) 05/31 15:23:50 Job was aborted by the user.
	via condor_rm (by user scoggim)
...
000 (2514.583.000) 05/31 15:29:20 Job submitted from host: <140.160.143.131:9618?addrs=140.160.143.131-9618&noUDP&sock=3131910_565e_30>
...
009 (2514.583.000) 06/01 11:47:20 Job was aborted by the user.
	via condor_rm (by user scoggim)
...
000 (2515.583.000) 06/01 11:47:43 Job submitted from host: <140.160.143.131:9618?addrs=140.160.143.131-9618&noUDP&sock=3131910_565e_30>
...
001 (2515.583.000) 06/02 05:16:43 Job executing on host: <140.160.143.143:9618?addrs=140.160.143.143-9618&noUDP&sock=21098_0d36_3>
...
006 (2515.583.000) 06/02 05:16:51 Image size of job updated: 3680
	4  -  MemoryUsage of job (MB)
	3680  -  ResidentSetSize of job (KB)
...
006 (2515.583.000) 06/02 05:21:51 Image size of job updated: 3904
	4  -  MemoryUsage of job (MB)
	3904  -  ResidentSetSize of job (KB)
...
006 (2515.583.000) 06/02 05:26:51 Image size of job updated: 3908
	4  -  MemoryUsage of job (MB)
	3908  -  ResidentSetSize of job (KB)
...
005 (2515.583.000) 06/02 12:24:58 Job terminated.
	(1) Normal termination (return value 0)
		Usr 0 07:07:35, Sys 0 00:00:01  -  Run Remote Usage
		Usr 0 00:00:00, Sys 0 00:00:00  -  Run Local Usage
		Usr 0 07:07:35, Sys 0 00:00:01  -  Total Remote Usage
		Usr 0 00:00:00, Sys 0 00:00:00  -  Total Local Usage
	0  -  Run Bytes Sent By Job
	0  -  Run Bytes Received By Job
	0  -  Total Bytes Sent By Job
	0  -  Total Bytes Received By Job
	Partitionable Resources :    Usage  Request Allocated 
	   Cpus                 :     1.00        1         1 
	   Disk (KB)            :   175         175    881209 
	   Memory (MB)          :     4           1       128 
...
