000 (2059.178.000) 03/05 16:54:49 Job submitted from host: <140.160.143.131:9618?addrs=140.160.143.131-9618&noUDP&sock=1229063_9141_4>
...
009 (2059.178.000) 03/05 19:47:02 Job was aborted by the user.
	via condor_rm (by user scoggim)
...
000 (2120.003.000) 03/05 20:16:32 Job submitted from host: <140.160.143.131:9618?addrs=140.160.143.131-9618&noUDP&sock=1229063_9141_4>
...
009 (2120.003.000) 03/15 01:14:48 Job was aborted by the user.
	via condor_rm (by user scoggim)
...
000 (2131.178.000) 03/15 01:18:30 Job submitted from host: <140.160.143.131:9618?addrs=140.160.143.131-9618&noUDP&sock=1229063_9141_4>
...
001 (2131.178.000) 03/20 06:30:34 Job executing on host: <140.160.143.143:9618?addrs=140.160.143.143-9618&noUDP&sock=6169_ffd6_3>
...
006 (2131.178.000) 03/20 06:30:43 Image size of job updated: 2480
	3  -  MemoryUsage of job (MB)
	2480  -  ResidentSetSize of job (KB)
...
006 (2131.178.000) 03/20 07:00:46 Image size of job updated: 2588
	3  -  MemoryUsage of job (MB)
	2588  -  ResidentSetSize of job (KB)
...
006 (2131.178.000) 03/20 19:12:00 Image size of job updated: 2604
	3  -  MemoryUsage of job (MB)
	2588  -  ResidentSetSize of job (KB)
...
006 (2131.178.000) 03/20 19:17:00 Image size of job updated: 2644
	3  -  MemoryUsage of job (MB)
	2588  -  ResidentSetSize of job (KB)
...
006 (2131.178.000) 03/20 20:27:08 Image size of job updated: 2864
	3  -  MemoryUsage of job (MB)
	2588  -  ResidentSetSize of job (KB)
...
005 (2131.178.000) 03/20 22:48:50 Job terminated.
	(1) Normal termination (return value 0)
		Usr 1 20:53:20, Sys 0 20:10:32  -  Run Remote Usage
		Usr 0 00:00:00, Sys 0 00:00:00  -  Run Local Usage
		Usr 1 20:53:20, Sys 0 20:10:32  -  Total Remote Usage
		Usr 0 00:00:00, Sys 0 00:00:00  -  Total Local Usage
	0  -  Run Bytes Sent By Job
	0  -  Run Bytes Received By Job
	0  -  Total Bytes Sent By Job
	0  -  Total Bytes Received By Job
	Partitionable Resources :    Usage  Request Allocated 
	   Cpus                 :     4.00        4         4 
	   Disk (KB)            :   175         175    881220 
	   Memory (MB)          :     3           1       128 
...
