000 (2060.007.000) 03/05 20:07:43 Job submitted from host: <140.160.143.131:9618?addrs=140.160.143.131-9618&noUDP&sock=1229063_9141_4>
...
009 (2060.007.000) 03/05 20:07:53 Job was aborted by the user.
	via condor_rm (by user scoggim)
...
000 (2068.000.000) 03/05 20:16:27 Job submitted from host: <140.160.143.131:9618?addrs=140.160.143.131-9618&noUDP&sock=1229063_9141_4>
...
001 (2068.000.000) 03/08 10:26:17 Job executing on host: <140.160.143.147:9618?addrs=140.160.143.147-9618&noUDP&sock=28833_9e45_3>
...
006 (2068.000.000) 03/08 10:26:26 Image size of job updated: 984
	1  -  MemoryUsage of job (MB)
	984  -  ResidentSetSize of job (KB)
...
005 (2068.000.000) 03/08 10:54:04 Job terminated.
	(1) Normal termination (return value 0)
		Usr 0 01:11:54, Sys 0 00:39:06  -  Run Remote Usage
		Usr 0 00:00:00, Sys 0 00:00:00  -  Run Local Usage
		Usr 0 01:11:54, Sys 0 00:39:06  -  Total Remote Usage
		Usr 0 00:00:00, Sys 0 00:00:00  -  Total Local Usage
	0  -  Run Bytes Sent By Job
	0  -  Run Bytes Received By Job
	0  -  Total Bytes Sent By Job
	0  -  Total Bytes Received By Job
	Partitionable Resources :    Usage  Request Allocated 
	   Cpus                 :     4.00        4         4 
	   Disk (KB)            :   175         175    197501 
	   Memory (MB)          :     1           1       128 
...
000 (2134.007.000) 03/25 11:02:21 Job submitted from host: <140.160.143.131:9618?addrs=140.160.143.131-9618&noUDP&sock=3219958_f11d_13>
...
009 (2134.007.000) 03/25 11:05:05 Job was aborted by the user.
	via condor_rm (by user scoggim)
...
000 (2135.007.000) 03/25 11:05:14 Job submitted from host: <140.160.143.131:9618?addrs=140.160.143.131-9618&noUDP&sock=3219958_f11d_13>
...
001 (2135.007.000) 03/25 20:11:18 Job executing on host: <140.160.143.143:9618?addrs=140.160.143.143-9618&noUDP&sock=6169_ffd6_3>
...
006 (2135.007.000) 03/25 20:11:27 Image size of job updated: 6704
	5  -  MemoryUsage of job (MB)
	4412  -  ResidentSetSize of job (KB)
...
006 (2135.007.000) 03/25 20:16:28 Image size of job updated: 6712
	5  -  MemoryUsage of job (MB)
	4420  -  ResidentSetSize of job (KB)
...
006 (2135.007.000) 03/25 21:21:35 Image size of job updated: 6936
	5  -  MemoryUsage of job (MB)
	4644  -  ResidentSetSize of job (KB)
...
006 (2135.007.000) 03/27 20:48:23 Image size of job updated: 216224
	5  -  MemoryUsage of job (MB)
	4644  -  ResidentSetSize of job (KB)
...
005 (2135.007.000) 03/27 20:48:23 Job terminated.
	(1) Normal termination (return value 0)
		Usr 5 20:52:57, Sys 2 05:18:17  -  Run Remote Usage
		Usr 0 00:00:00, Sys 0 00:00:00  -  Run Local Usage
		Usr 5 20:52:57, Sys 2 05:18:17  -  Total Remote Usage
		Usr 0 00:00:00, Sys 0 00:00:00  -  Total Local Usage
	0  -  Run Bytes Sent By Job
	0  -  Run Bytes Received By Job
	0  -  Total Bytes Sent By Job
	0  -  Total Bytes Received By Job
	Partitionable Resources :    Usage  Request Allocated 
	   Cpus                 :     4.00        4         4 
	   Disk (KB)            :   175         175    881220 
	   Memory (MB)          :     5           1       128 
...
