000 (674442.000.000) 09/14 14:18:51 Job submitted from host: <140.160.143.130:9618?addrs=140.160.143.130-9618&noUDP&sock=5591_da80_4>
...
009 (674442.000.000) 09/14 14:20:43 Job was aborted by the user.
	via condor_rm (by user scoggim)
...
000 (674586.000.000) 09/14 14:26:00 Job submitted from host: <140.160.143.130:9618?addrs=140.160.143.130-9618&noUDP&sock=5591_da80_4>
...
000 (674730.000.000) 09/14 14:26:41 Job submitted from host: <140.160.143.130:9618?addrs=140.160.143.130-9618&noUDP&sock=5591_da80_4>
...
000 (674874.000.000) 09/14 14:27:40 Job submitted from host: <140.160.143.130:9618?addrs=140.160.143.130-9618&noUDP&sock=5591_da80_4>
...
009 (674730.000.000) 09/14 14:46:33 Job was aborted by the user.
	via condor_rm (by user scoggim)
...
009 (674874.000.000) 09/14 14:46:33 Job was aborted by the user.
	via condor_rm (by user scoggim)
...
009 (674586.000.000) 09/14 14:46:34 Job was aborted by the user.
	via condor_rm (by user scoggim)
...
000 (675054.000.000) 09/14 22:20:26 Job submitted from host: <140.160.143.130:9618?addrs=140.160.143.130-9618&noUDP&sock=5591_da80_4>
...
001 (675054.000.000) 09/16 07:11:56 Job executing on host: <140.160.143.157:9618?addrs=140.160.143.157-9618&noUDP&sock=4484_2bf8_12>
...
006 (675054.000.000) 09/16 07:12:05 Image size of job updated: 3652
	3  -  MemoryUsage of job (MB)
	2856  -  ResidentSetSize of job (KB)
...
006 (675054.000.000) 09/16 07:17:05 Image size of job updated: 27280
	26  -  MemoryUsage of job (MB)
	26484  -  ResidentSetSize of job (KB)
...
006 (675054.000.000) 09/16 07:22:05 Image size of job updated: 51032
	50  -  MemoryUsage of job (MB)
	50236  -  ResidentSetSize of job (KB)
...
006 (675054.000.000) 09/16 07:27:06 Image size of job updated: 75040
	73  -  MemoryUsage of job (MB)
	74244  -  ResidentSetSize of job (KB)
...
006 (675054.000.000) 09/16 07:32:07 Image size of job updated: 99380
	97  -  MemoryUsage of job (MB)
	98584  -  ResidentSetSize of job (KB)
...
006 (675054.000.000) 09/16 07:37:07 Image size of job updated: 123068
	120  -  MemoryUsage of job (MB)
	122272  -  ResidentSetSize of job (KB)
...
006 (675054.000.000) 09/16 07:42:07 Image size of job updated: 146800
	143  -  MemoryUsage of job (MB)
	146004  -  ResidentSetSize of job (KB)
...
006 (675054.000.000) 09/16 07:47:08 Image size of job updated: 171084
	167  -  MemoryUsage of job (MB)
	170288  -  ResidentSetSize of job (KB)
...
006 (675054.000.000) 09/16 07:52:08 Image size of job updated: 195328
	190  -  MemoryUsage of job (MB)
	194532  -  ResidentSetSize of job (KB)
...
006 (675054.000.000) 09/16 07:57:08 Image size of job updated: 219572
	214  -  MemoryUsage of job (MB)
	218776  -  ResidentSetSize of job (KB)
...
006 (675054.000.000) 09/16 08:02:09 Image size of job updated: 244108
	238  -  MemoryUsage of job (MB)
	243312  -  ResidentSetSize of job (KB)
...
006 (675054.000.000) 09/16 08:07:10 Image size of job updated: 268052
	261  -  MemoryUsage of job (MB)
	267256  -  ResidentSetSize of job (KB)
...
006 (675054.000.000) 09/16 08:12:10 Image size of job updated: 292252
	285  -  MemoryUsage of job (MB)
	291456  -  ResidentSetSize of job (KB)
...
006 (675054.000.000) 09/16 08:17:10 Image size of job updated: 316768
	309  -  MemoryUsage of job (MB)
	315972  -  ResidentSetSize of job (KB)
...
006 (675054.000.000) 09/16 08:22:11 Image size of job updated: 341312
	333  -  MemoryUsage of job (MB)
	340516  -  ResidentSetSize of job (KB)
...
006 (675054.000.000) 09/16 08:27:11 Image size of job updated: 365284
	356  -  MemoryUsage of job (MB)
	364488  -  ResidentSetSize of job (KB)
...
006 (675054.000.000) 09/16 08:32:11 Image size of job updated: 389060
	380  -  MemoryUsage of job (MB)
	388264  -  ResidentSetSize of job (KB)
...
006 (675054.000.000) 09/16 08:37:12 Image size of job updated: 413380
	403  -  MemoryUsage of job (MB)
	412584  -  ResidentSetSize of job (KB)
...
006 (675054.000.000) 09/16 08:42:13 Image size of job updated: 437328
	427  -  MemoryUsage of job (MB)
	436532  -  ResidentSetSize of job (KB)
...
006 (675054.000.000) 09/16 08:47:13 Image size of job updated: 461688
	451  -  MemoryUsage of job (MB)
	460892  -  ResidentSetSize of job (KB)
...
006 (675054.000.000) 09/16 08:52:13 Image size of job updated: 485820
	474  -  MemoryUsage of job (MB)
	485024  -  ResidentSetSize of job (KB)
...
006 (675054.000.000) 09/16 08:57:14 Image size of job updated: 509140
	497  -  MemoryUsage of job (MB)
	508344  -  ResidentSetSize of job (KB)
...
006 (675054.000.000) 09/16 09:02:14 Image size of job updated: 533280
	521  -  MemoryUsage of job (MB)
	532484  -  ResidentSetSize of job (KB)
...
006 (675054.000.000) 09/16 09:07:14 Image size of job updated: 557112
	544  -  MemoryUsage of job (MB)
	556316  -  ResidentSetSize of job (KB)
...
006 (675054.000.000) 09/16 09:12:15 Image size of job updated: 580788
	567  -  MemoryUsage of job (MB)
	579992  -  ResidentSetSize of job (KB)
...
006 (675054.000.000) 09/16 09:17:16 Image size of job updated: 604104
	590  -  MemoryUsage of job (MB)
	603308  -  ResidentSetSize of job (KB)
...
006 (675054.000.000) 09/16 09:22:16 Image size of job updated: 628076
	613  -  MemoryUsage of job (MB)
	627280  -  ResidentSetSize of job (KB)
...
006 (675054.000.000) 09/16 09:27:16 Image size of job updated: 651300
	636  -  MemoryUsage of job (MB)
	650504  -  ResidentSetSize of job (KB)
...
006 (675054.000.000) 09/16 09:32:17 Image size of job updated: 675372
	659  -  MemoryUsage of job (MB)
	674576  -  ResidentSetSize of job (KB)
...
006 (675054.000.000) 09/16 09:37:17 Image size of job updated: 699080
	682  -  MemoryUsage of job (MB)
	698284  -  ResidentSetSize of job (KB)
...
006 (675054.000.000) 09/16 09:42:17 Image size of job updated: 722720
	706  -  MemoryUsage of job (MB)
	721924  -  ResidentSetSize of job (KB)
...
006 (675054.000.000) 09/16 09:47:18 Image size of job updated: 746216
	728  -  MemoryUsage of job (MB)
	745420  -  ResidentSetSize of job (KB)
...
006 (675054.000.000) 09/16 09:52:19 Image size of job updated: 770072
	752  -  MemoryUsage of job (MB)
	769276  -  ResidentSetSize of job (KB)
...
006 (675054.000.000) 09/16 09:57:19 Image size of job updated: 793736
	775  -  MemoryUsage of job (MB)
	792940  -  ResidentSetSize of job (KB)
...
006 (675054.000.000) 09/16 10:02:19 Image size of job updated: 817688
	798  -  MemoryUsage of job (MB)
	816884  -  ResidentSetSize of job (KB)
...
006 (675054.000.000) 09/16 10:07:20 Image size of job updated: 841920
	822  -  MemoryUsage of job (MB)
	841116  -  ResidentSetSize of job (KB)
...
006 (675054.000.000) 09/16 10:12:20 Image size of job updated: 866220
	846  -  MemoryUsage of job (MB)
	865416  -  ResidentSetSize of job (KB)
...
006 (675054.000.000) 09/16 10:17:20 Image size of job updated: 890264
	869  -  MemoryUsage of job (MB)
	889460  -  ResidentSetSize of job (KB)
...
006 (675054.000.000) 09/16 10:22:21 Image size of job updated: 914140
	892  -  MemoryUsage of job (MB)
	913336  -  ResidentSetSize of job (KB)
...
006 (675054.000.000) 09/16 10:27:22 Image size of job updated: 937984
	916  -  MemoryUsage of job (MB)
	937180  -  ResidentSetSize of job (KB)
...
006 (675054.000.000) 09/16 10:32:22 Image size of job updated: 961896
	939  -  MemoryUsage of job (MB)
	961092  -  ResidentSetSize of job (KB)
...
006 (675054.000.000) 09/16 10:37:22 Image size of job updated: 985432
	962  -  MemoryUsage of job (MB)
	984628  -  ResidentSetSize of job (KB)
...
006 (675054.000.000) 09/16 10:42:23 Image size of job updated: 1009364
	985  -  MemoryUsage of job (MB)
	1008560  -  ResidentSetSize of job (KB)
...
006 (675054.000.000) 09/16 10:47:23 Image size of job updated: 1033436
	1009  -  MemoryUsage of job (MB)
	1032632  -  ResidentSetSize of job (KB)
...
006 (675054.000.000) 09/16 10:52:23 Image size of job updated: 1057416
	1032  -  MemoryUsage of job (MB)
	1056612  -  ResidentSetSize of job (KB)
...
006 (675054.000.000) 09/16 10:57:24 Image size of job updated: 1081204
	1056  -  MemoryUsage of job (MB)
	1080400  -  ResidentSetSize of job (KB)
...
006 (675054.000.000) 09/16 11:02:25 Image size of job updated: 1104952
	1079  -  MemoryUsage of job (MB)
	1104148  -  ResidentSetSize of job (KB)
...
006 (675054.000.000) 09/16 11:07:25 Image size of job updated: 1128492
	1102  -  MemoryUsage of job (MB)
	1127688  -  ResidentSetSize of job (KB)
...
006 (675054.000.000) 09/16 11:12:25 Image size of job updated: 1152680
	1125  -  MemoryUsage of job (MB)
	1151876  -  ResidentSetSize of job (KB)
...
006 (675054.000.000) 09/16 11:17:27 Image size of job updated: 1176524
	1149  -  MemoryUsage of job (MB)
	1175720  -  ResidentSetSize of job (KB)
...
006 (675054.000.000) 09/16 11:22:27 Image size of job updated: 1201420
	1173  -  MemoryUsage of job (MB)
	1200616  -  ResidentSetSize of job (KB)
...
006 (675054.000.000) 09/16 11:27:27 Image size of job updated: 1225372
	1196  -  MemoryUsage of job (MB)
	1224568  -  ResidentSetSize of job (KB)
...
006 (675054.000.000) 09/16 11:32:28 Image size of job updated: 1249496
	1220  -  MemoryUsage of job (MB)
	1248692  -  ResidentSetSize of job (KB)
...
006 (675054.000.000) 09/16 11:37:29 Image size of job updated: 1273048
	1243  -  MemoryUsage of job (MB)
	1272244  -  ResidentSetSize of job (KB)
...
006 (675054.000.000) 09/16 11:42:29 Image size of job updated: 1296680
	1266  -  MemoryUsage of job (MB)
	1295876  -  ResidentSetSize of job (KB)
...
006 (675054.000.000) 09/16 11:47:29 Image size of job updated: 1320600
	1289  -  MemoryUsage of job (MB)
	1319796  -  ResidentSetSize of job (KB)
...
006 (675054.000.000) 09/16 11:52:30 Image size of job updated: 1344388
	1313  -  MemoryUsage of job (MB)
	1343584  -  ResidentSetSize of job (KB)
...
006 (675054.000.000) 09/16 11:57:30 Image size of job updated: 1368728
	1336  -  MemoryUsage of job (MB)
	1367924  -  ResidentSetSize of job (KB)
...
006 (675054.000.000) 09/16 12:02:30 Image size of job updated: 1392396
	1359  -  MemoryUsage of job (MB)
	1391592  -  ResidentSetSize of job (KB)
...
006 (675054.000.000) 09/16 12:07:31 Image size of job updated: 1416532
	1383  -  MemoryUsage of job (MB)
	1415728  -  ResidentSetSize of job (KB)
...
006 (675054.000.000) 09/16 12:12:32 Image size of job updated: 1440876
	1407  -  MemoryUsage of job (MB)
	1440072  -  ResidentSetSize of job (KB)
...
006 (675054.000.000) 09/16 12:17:32 Image size of job updated: 1465196
	1431  -  MemoryUsage of job (MB)
	1464392  -  ResidentSetSize of job (KB)
...
006 (675054.000.000) 09/16 12:22:32 Image size of job updated: 1489056
	1454  -  MemoryUsage of job (MB)
	1488252  -  ResidentSetSize of job (KB)
...
006 (675054.000.000) 09/16 12:27:33 Image size of job updated: 1513372
	1478  -  MemoryUsage of job (MB)
	1512568  -  ResidentSetSize of job (KB)
...
006 (675054.000.000) 09/16 12:32:33 Image size of job updated: 1537240
	1501  -  MemoryUsage of job (MB)
	1536436  -  ResidentSetSize of job (KB)
...
006 (675054.000.000) 09/16 12:37:33 Image size of job updated: 1561548
	1525  -  MemoryUsage of job (MB)
	1560744  -  ResidentSetSize of job (KB)
...
006 (675054.000.000) 09/16 12:42:34 Image size of job updated: 1585676
	1548  -  MemoryUsage of job (MB)
	1584872  -  ResidentSetSize of job (KB)
...
006 (675054.000.000) 09/16 12:47:35 Image size of job updated: 1609364
	1571  -  MemoryUsage of job (MB)
	1608560  -  ResidentSetSize of job (KB)
...
006 (675054.000.000) 09/16 12:52:35 Image size of job updated: 1633084
	1595  -  MemoryUsage of job (MB)
	1632280  -  ResidentSetSize of job (KB)
...
006 (675054.000.000) 09/16 12:57:35 Image size of job updated: 1656592
	1617  -  MemoryUsage of job (MB)
	1655788  -  ResidentSetSize of job (KB)
...
006 (675054.000.000) 09/16 13:02:36 Image size of job updated: 1680644
	1641  -  MemoryUsage of job (MB)
	1679840  -  ResidentSetSize of job (KB)
...
006 (675054.000.000) 09/16 13:07:36 Image size of job updated: 1704344
	1664  -  MemoryUsage of job (MB)
	1703540  -  ResidentSetSize of job (KB)
...
006 (675054.000.000) 09/16 13:12:36 Image size of job updated: 1728500
	1688  -  MemoryUsage of job (MB)
	1727696  -  ResidentSetSize of job (KB)
...
006 (675054.000.000) 09/16 13:17:37 Image size of job updated: 1752724
	1711  -  MemoryUsage of job (MB)
	1751920  -  ResidentSetSize of job (KB)
...
006 (675054.000.000) 09/16 13:22:38 Image size of job updated: 1777080
	1735  -  MemoryUsage of job (MB)
	1776276  -  ResidentSetSize of job (KB)
...
006 (675054.000.000) 09/16 13:27:38 Image size of job updated: 1801232
	1759  -  MemoryUsage of job (MB)
	1800428  -  ResidentSetSize of job (KB)
...
006 (675054.000.000) 09/16 13:32:38 Image size of job updated: 1825476
	1782  -  MemoryUsage of job (MB)
	1824672  -  ResidentSetSize of job (KB)
...
006 (675054.000.000) 09/16 13:37:39 Image size of job updated: 1849104
	1805  -  MemoryUsage of job (MB)
	1848300  -  ResidentSetSize of job (KB)
...
006 (675054.000.000) 09/16 13:42:39 Image size of job updated: 1873724
	1830  -  MemoryUsage of job (MB)
	1872920  -  ResidentSetSize of job (KB)
...
006 (675054.000.000) 09/16 13:47:39 Image size of job updated: 1897616
	1853  -  MemoryUsage of job (MB)
	1896812  -  ResidentSetSize of job (KB)
...
006 (675054.000.000) 09/16 13:52:40 Image size of job updated: 1921504
	1876  -  MemoryUsage of job (MB)
	1920700  -  ResidentSetSize of job (KB)
...
006 (675054.000.000) 09/16 13:57:41 Image size of job updated: 1945996
	1900  -  MemoryUsage of job (MB)
	1945192  -  ResidentSetSize of job (KB)
...
006 (675054.000.000) 09/16 14:02:41 Image size of job updated: 1970032
	1924  -  MemoryUsage of job (MB)
	1969228  -  ResidentSetSize of job (KB)
...
006 (675054.000.000) 09/16 14:07:41 Image size of job updated: 1993672
	1947  -  MemoryUsage of job (MB)
	1992868  -  ResidentSetSize of job (KB)
...
006 (675054.000.000) 09/16 14:12:42 Image size of job updated: 2017344
	1970  -  MemoryUsage of job (MB)
	2016540  -  ResidentSetSize of job (KB)
...
006 (675054.000.000) 09/16 14:17:42 Image size of job updated: 2041940
	1994  -  MemoryUsage of job (MB)
	2041136  -  ResidentSetSize of job (KB)
...
006 (675054.000.000) 09/16 14:22:42 Image size of job updated: 2065912
	2017  -  MemoryUsage of job (MB)
	2065108  -  ResidentSetSize of job (KB)
...
006 (675054.000.000) 09/16 14:27:43 Image size of job updated: 2090368
	2041  -  MemoryUsage of job (MB)
	2089564  -  ResidentSetSize of job (KB)
...
006 (675054.000.000) 09/16 14:32:44 Image size of job updated: 2114308
	2064  -  MemoryUsage of job (MB)
	2113504  -  ResidentSetSize of job (KB)
...
006 (675054.000.000) 09/16 14:37:44 Image size of job updated: 2138176
	2088  -  MemoryUsage of job (MB)
	2137372  -  ResidentSetSize of job (KB)
...
006 (675054.000.000) 09/16 14:42:44 Image size of job updated: 2161636
	2111  -  MemoryUsage of job (MB)
	2160832  -  ResidentSetSize of job (KB)
...
006 (675054.000.000) 09/16 14:47:46 Image size of job updated: 2185320
	2134  -  MemoryUsage of job (MB)
	2184516  -  ResidentSetSize of job (KB)
...
006 (675054.000.000) 09/16 14:52:46 Image size of job updated: 2209564
	2157  -  MemoryUsage of job (MB)
	2208760  -  ResidentSetSize of job (KB)
...
006 (675054.000.000) 09/16 14:57:46 Image size of job updated: 2232780
	2180  -  MemoryUsage of job (MB)
	2231976  -  ResidentSetSize of job (KB)
...
006 (675054.000.000) 09/16 15:02:47 Image size of job updated: 2257392
	2204  -  MemoryUsage of job (MB)
	2256588  -  ResidentSetSize of job (KB)
...
006 (675054.000.000) 09/16 15:07:48 Image size of job updated: 2281468
	2228  -  MemoryUsage of job (MB)
	2280664  -  ResidentSetSize of job (KB)
...
006 (675054.000.000) 09/16 15:12:48 Image size of job updated: 2305264
	2251  -  MemoryUsage of job (MB)
	2304460  -  ResidentSetSize of job (KB)
...
006 (675054.000.000) 09/16 15:17:48 Image size of job updated: 2328920
	2274  -  MemoryUsage of job (MB)
	2328116  -  ResidentSetSize of job (KB)
...
006 (675054.000.000) 09/16 15:22:49 Image size of job updated: 2352728
	2297  -  MemoryUsage of job (MB)
	2351924  -  ResidentSetSize of job (KB)
...
006 (675054.000.000) 09/16 15:27:50 Image size of job updated: 2376468
	2320  -  MemoryUsage of job (MB)
	2375664  -  ResidentSetSize of job (KB)
...
006 (675054.000.000) 09/16 15:32:50 Image size of job updated: 2400704
	2344  -  MemoryUsage of job (MB)
	2399900  -  ResidentSetSize of job (KB)
...
006 (675054.000.000) 09/16 15:37:51 Image size of job updated: 2424376
	2367  -  MemoryUsage of job (MB)
	2423572  -  ResidentSetSize of job (KB)
...
006 (675054.000.000) 09/16 15:42:52 Image size of job updated: 2448384
	2391  -  MemoryUsage of job (MB)
	2447580  -  ResidentSetSize of job (KB)
...
006 (675054.000.000) 09/16 15:47:52 Image size of job updated: 2471988
	2414  -  MemoryUsage of job (MB)
	2471184  -  ResidentSetSize of job (KB)
...
006 (675054.000.000) 09/16 15:52:52 Image size of job updated: 2495676
	2437  -  MemoryUsage of job (MB)
	2494872  -  ResidentSetSize of job (KB)
...
006 (675054.000.000) 09/16 15:57:54 Image size of job updated: 2519356
	2460  -  MemoryUsage of job (MB)
	2518552  -  ResidentSetSize of job (KB)
...
006 (675054.000.000) 09/16 16:02:54 Image size of job updated: 2543000
	2483  -  MemoryUsage of job (MB)
	2542196  -  ResidentSetSize of job (KB)
...
006 (675054.000.000) 09/16 16:07:54 Image size of job updated: 2567036
	2507  -  MemoryUsage of job (MB)
	2566232  -  ResidentSetSize of job (KB)
...
006 (675054.000.000) 09/16 16:12:55 Image size of job updated: 2591128
	2530  -  MemoryUsage of job (MB)
	2590324  -  ResidentSetSize of job (KB)
...
006 (675054.000.000) 09/16 16:17:56 Image size of job updated: 2614908
	2553  -  MemoryUsage of job (MB)
	2614104  -  ResidentSetSize of job (KB)
...
006 (675054.000.000) 09/16 16:22:56 Image size of job updated: 2639248
	2577  -  MemoryUsage of job (MB)
	2638444  -  ResidentSetSize of job (KB)
...
006 (675054.000.000) 09/16 16:27:56 Image size of job updated: 2663616
	2601  -  MemoryUsage of job (MB)
	2662812  -  ResidentSetSize of job (KB)
...
006 (675054.000.000) 09/16 16:32:57 Image size of job updated: 2687844
	2625  -  MemoryUsage of job (MB)
	2687040  -  ResidentSetSize of job (KB)
...
006 (675054.000.000) 09/16 16:37:58 Image size of job updated: 2711232
	2647  -  MemoryUsage of job (MB)
	2710428  -  ResidentSetSize of job (KB)
...
006 (675054.000.000) 09/16 16:42:58 Image size of job updated: 2735956
	2672  -  MemoryUsage of job (MB)
	2735152  -  ResidentSetSize of job (KB)
...
006 (675054.000.000) 09/16 16:47:59 Image size of job updated: 2759692
	2695  -  MemoryUsage of job (MB)
	2758888  -  ResidentSetSize of job (KB)
...
006 (675054.000.000) 09/16 16:53:00 Image size of job updated: 2784036
	2718  -  MemoryUsage of job (MB)
	2783232  -  ResidentSetSize of job (KB)
...
006 (675054.000.000) 09/16 16:58:00 Image size of job updated: 2807916
	2742  -  MemoryUsage of job (MB)
	2807112  -  ResidentSetSize of job (KB)
...
006 (675054.000.000) 09/16 17:03:00 Image size of job updated: 2831908
	2765  -  MemoryUsage of job (MB)
	2831104  -  ResidentSetSize of job (KB)
...
006 (675054.000.000) 09/16 17:08:01 Image size of job updated: 2856124
	2789  -  MemoryUsage of job (MB)
	2855320  -  ResidentSetSize of job (KB)
...
006 (675054.000.000) 09/16 17:13:02 Image size of job updated: 2880396
	2813  -  MemoryUsage of job (MB)
	2879592  -  ResidentSetSize of job (KB)
...
006 (675054.000.000) 09/16 17:18:02 Image size of job updated: 2903720
	2835  -  MemoryUsage of job (MB)
	2902916  -  ResidentSetSize of job (KB)
...
006 (675054.000.000) 09/16 17:23:02 Image size of job updated: 2928148
	2859  -  MemoryUsage of job (MB)
	2927344  -  ResidentSetSize of job (KB)
...
006 (675054.000.000) 09/16 17:28:03 Image size of job updated: 2952436
	2883  -  MemoryUsage of job (MB)
	2951632  -  ResidentSetSize of job (KB)
...
006 (675054.000.000) 09/16 17:33:03 Image size of job updated: 2976560
	2907  -  MemoryUsage of job (MB)
	2975756  -  ResidentSetSize of job (KB)
...
006 (675054.000.000) 09/16 17:38:03 Image size of job updated: 3000244
	2930  -  MemoryUsage of job (MB)
	2999440  -  ResidentSetSize of job (KB)
...
006 (675054.000.000) 09/16 17:43:04 Image size of job updated: 3024624
	2953  -  MemoryUsage of job (MB)
	3023820  -  ResidentSetSize of job (KB)
...
006 (675054.000.000) 09/16 17:48:05 Image size of job updated: 3048664
	2977  -  MemoryUsage of job (MB)
	3047860  -  ResidentSetSize of job (KB)
...
006 (675054.000.000) 09/16 17:53:05 Image size of job updated: 3072668
	3000  -  MemoryUsage of job (MB)
	3071864  -  ResidentSetSize of job (KB)
...
006 (675054.000.000) 09/16 17:58:05 Image size of job updated: 3096636
	3024  -  MemoryUsage of job (MB)
	3095832  -  ResidentSetSize of job (KB)
...
006 (675054.000.000) 09/16 18:03:07 Image size of job updated: 3120368
	3047  -  MemoryUsage of job (MB)
	3119564  -  ResidentSetSize of job (KB)
...
006 (675054.000.000) 09/16 18:08:07 Image size of job updated: 3145148
	3071  -  MemoryUsage of job (MB)
	3144344  -  ResidentSetSize of job (KB)
...
006 (675054.000.000) 09/16 18:13:07 Image size of job updated: 3168820
	3094  -  MemoryUsage of job (MB)
	3168016  -  ResidentSetSize of job (KB)
...
006 (675054.000.000) 09/16 18:18:08 Image size of job updated: 3193012
	3118  -  MemoryUsage of job (MB)
	3192208  -  ResidentSetSize of job (KB)
...
006 (675054.000.000) 09/16 18:23:09 Image size of job updated: 3216824
	3141  -  MemoryUsage of job (MB)
	3216020  -  ResidentSetSize of job (KB)
...
006 (675054.000.000) 09/16 18:27:54 Image size of job updated: 3239312
	3141  -  MemoryUsage of job (MB)
	3216020  -  ResidentSetSize of job (KB)
...
005 (675054.000.000) 09/16 18:27:54 Job terminated.
	(1) Normal termination (return value 0)
		Usr 0 17:26:59, Sys 0 05:03:00  -  Run Remote Usage
		Usr 0 00:00:00, Sys 0 00:00:00  -  Run Local Usage
		Usr 0 17:26:59, Sys 0 05:03:00  -  Total Remote Usage
		Usr 0 00:00:00, Sys 0 00:00:00  -  Total Local Usage
	0  -  Run Bytes Sent By Job
	0  -  Run Bytes Received By Job
	0  -  Total Bytes Sent By Job
	0  -  Total Bytes Received By Job
	Partitionable Resources :    Usage  Request Allocated 
	   Cpus                 :     2.00        2         2 
	   Disk (KB)            :   150         150     18045 
	   Memory (MB)          :  3141           1       128 
...
000 (266.000.000) 10/21 16:26:41 Job submitted from host: <140.160.143.131:9618?addrs=140.160.143.131-9618&noUDP&sock=2776_aefe_4>
...
009 (266.000.000) 10/22 13:21:45 Job was aborted by the user.
	via condor_rm (by user scoggim)
...
000 (309.022.000) 10/22 13:32:35 Job submitted from host: <140.160.143.131:9618?addrs=140.160.143.131-9618&noUDP&sock=2776_aefe_4>
...
001 (309.022.000) 10/24 01:04:57 Job executing on host: <140.160.143.145:9618?addrs=140.160.143.145-9618&noUDP&sock=1466_21ee_3>
...
006 (309.022.000) 10/24 01:05:06 Image size of job updated: 2284
	3  -  MemoryUsage of job (MB)
	2284  -  ResidentSetSize of job (KB)
...
006 (309.022.000) 10/24 01:45:11 Image size of job updated: 2284
	3  -  MemoryUsage of job (MB)
	2288  -  ResidentSetSize of job (KB)
...
006 (309.022.000) 10/24 03:58:33 Image size of job updated: 145016
	3  -  MemoryUsage of job (MB)
	2288  -  ResidentSetSize of job (KB)
...
005 (309.022.000) 10/24 03:58:33 Job terminated.
	(1) Normal termination (return value 0)
		Usr 0 04:49:37, Sys 0 00:57:34  -  Run Remote Usage
		Usr 0 00:00:00, Sys 0 00:00:00  -  Run Local Usage
		Usr 0 04:49:37, Sys 0 00:57:34  -  Total Remote Usage
		Usr 0 00:00:00, Sys 0 00:00:00  -  Total Local Usage
	0  -  Run Bytes Sent By Job
	0  -  Run Bytes Received By Job
	0  -  Total Bytes Sent By Job
	0  -  Total Bytes Received By Job
	Partitionable Resources :    Usage  Request Allocated 
	   Cpus                 :     2.00        2         2 
	   Disk (KB)            :   150         150    888078 
	   Memory (MB)          :     3       20480     20480 
...
000 (376.022.000) 10/24 18:01:12 Job submitted from host: <140.160.143.131:9618?addrs=140.160.143.131-9618&noUDP&sock=2776_aefe_4>
...
009 (376.022.000) 10/24 18:01:25 Job was aborted by the user.
	via condor_rm (by user scoggim)
...
000 (377.022.000) 10/24 18:02:23 Job submitted from host: <140.160.143.131:9618?addrs=140.160.143.131-9618&noUDP&sock=2776_aefe_4>
...
009 (377.022.000) 10/24 22:08:59 Job was aborted by the user.
	via condor_rm (by user scoggim)
...
000 (378.022.000) 10/24 22:09:10 Job submitted from host: <140.160.143.131:9618?addrs=140.160.143.131-9618&noUDP&sock=2776_aefe_4>
...
009 (378.022.000) 10/25 11:03:40 Job was aborted by the user.
	via condor_rm (by user scoggim)
...
000 (392.022.000) 10/25 11:03:48 Job submitted from host: <140.160.143.131:9618?addrs=140.160.143.131-9618&noUDP&sock=2776_aefe_4>
...
009 (392.022.000) 10/25 14:27:29 Job was aborted by the user.
	via condor_rm (by user scoggim)
...
000 (396.022.000) 10/25 14:27:34 Job submitted from host: <140.160.143.131:9618?addrs=140.160.143.131-9618&noUDP&sock=2776_aefe_4>
...
001 (396.022.000) 10/25 14:51:37 Job executing on host: <140.160.143.152:9618?addrs=140.160.143.152-9618&noUDP&sock=3041_7397_3>
...
006 (396.022.000) 10/25 14:51:45 Image size of job updated: 3020
	2  -  MemoryUsage of job (MB)
	1904  -  ResidentSetSize of job (KB)
...
006 (396.022.000) 10/25 14:56:45 Image size of job updated: 3356
	3  -  MemoryUsage of job (MB)
	2240  -  ResidentSetSize of job (KB)
...
006 (396.022.000) 10/25 17:12:00 Image size of job updated: 3388
	3  -  MemoryUsage of job (MB)
	2272  -  ResidentSetSize of job (KB)
...
006 (396.022.000) 10/25 17:57:04 Image size of job updated: 3392
	3  -  MemoryUsage of job (MB)
	2276  -  ResidentSetSize of job (KB)
...
005 (396.022.000) 10/25 18:43:34 Job terminated.
	(1) Normal termination (return value 0)
		Usr 0 06:20:06, Sys 0 01:23:45  -  Run Remote Usage
		Usr 0 00:00:00, Sys 0 00:00:00  -  Run Local Usage
		Usr 0 06:20:06, Sys 0 01:23:45  -  Total Remote Usage
		Usr 0 00:00:00, Sys 0 00:00:00  -  Total Local Usage
	0  -  Run Bytes Sent By Job
	0  -  Run Bytes Received By Job
	0  -  Total Bytes Sent By Job
	0  -  Total Bytes Received By Job
	Partitionable Resources :    Usage  Request Allocated 
	   Cpus                 :     1.99        2         2 
	   Disk (KB)            :   150         150    880710 
	   Gpus                 :                           0 
	   Memory (MB)          :     3       20480     20480 
...
000 (418.022.000) 10/26 12:22:09 Job submitted from host: <140.160.143.131:9618?addrs=140.160.143.131-9618&noUDP&sock=2776_aefe_4>
...
001 (418.022.000) 10/26 12:22:11 Job executing on host: <140.160.143.142:9618?addrs=140.160.143.142-9618&noUDP&sock=1418_3562_3>
...
006 (418.022.000) 10/26 12:22:19 Image size of job updated: 1844
	2  -  MemoryUsage of job (MB)
	1844  -  ResidentSetSize of job (KB)
...
006 (418.022.000) 10/26 12:27:19 Image size of job updated: 1936
	3  -  MemoryUsage of job (MB)
	2268  -  ResidentSetSize of job (KB)
...
006 (418.022.000) 10/26 12:32:20 Image size of job updated: 2268
	3  -  MemoryUsage of job (MB)
	2268  -  ResidentSetSize of job (KB)
...
006 (418.022.000) 10/26 12:47:22 Image size of job updated: 2272
	3  -  MemoryUsage of job (MB)
	2272  -  ResidentSetSize of job (KB)
...
006 (418.022.000) 10/26 13:07:24 Image size of job updated: 2304
	3  -  MemoryUsage of job (MB)
	2304  -  ResidentSetSize of job (KB)
...
006 (418.022.000) 10/26 13:22:25 Image size of job updated: 2304
	3  -  MemoryUsage of job (MB)
	2316  -  ResidentSetSize of job (KB)
...
006 (418.022.000) 10/26 13:27:26 Image size of job updated: 2316
	3  -  MemoryUsage of job (MB)
	2316  -  ResidentSetSize of job (KB)
...
006 (418.022.000) 10/26 13:52:28 Image size of job updated: 2344
	3  -  MemoryUsage of job (MB)
	2348  -  ResidentSetSize of job (KB)
...
005 (418.022.000) 10/26 15:23:46 Job terminated.
	(1) Normal termination (return value 0)
		Usr 0 05:01:54, Sys 0 01:01:15  -  Run Remote Usage
		Usr 0 00:00:00, Sys 0 00:00:00  -  Run Local Usage
		Usr 0 05:01:54, Sys 0 01:01:15  -  Total Remote Usage
		Usr 0 00:00:00, Sys 0 00:00:00  -  Total Local Usage
	0  -  Run Bytes Sent By Job
	0  -  Run Bytes Received By Job
	0  -  Total Bytes Sent By Job
	0  -  Total Bytes Received By Job
	Partitionable Resources :    Usage  Request Allocated 
	   Cpus                 :     2.00        2         2 
	   Disk (KB)            :   150         150    888011 
	   Memory (MB)          :     3       20480     20480 
...
000 (419.022.000) 10/26 20:10:13 Job submitted from host: <140.160.143.131:9618?addrs=140.160.143.131-9618&noUDP&sock=2776_aefe_4>
...
001 (419.022.000) 10/26 20:10:14 Job executing on host: <140.160.143.142:9618?addrs=140.160.143.142-9618&noUDP&sock=1418_3562_3>
...
006 (419.022.000) 10/26 20:10:22 Image size of job updated: 1876
	2  -  MemoryUsage of job (MB)
	1876  -  ResidentSetSize of job (KB)
...
006 (419.022.000) 10/26 20:15:23 Image size of job updated: 1964
	3  -  MemoryUsage of job (MB)
	2236  -  ResidentSetSize of job (KB)
...
006 (419.022.000) 10/26 20:20:24 Image size of job updated: 2240
	3  -  MemoryUsage of job (MB)
	2240  -  ResidentSetSize of job (KB)
...
006 (419.022.000) 10/26 20:35:26 Image size of job updated: 2240
	3  -  MemoryUsage of job (MB)
	2244  -  ResidentSetSize of job (KB)
...
006 (419.022.000) 10/26 20:40:27 Image size of job updated: 2244
	3  -  MemoryUsage of job (MB)
	2244  -  ResidentSetSize of job (KB)
...
006 (419.022.000) 10/26 21:05:28 Image size of job updated: 2296
	3  -  MemoryUsage of job (MB)
	2296  -  ResidentSetSize of job (KB)
...
006 (419.022.000) 10/26 21:40:32 Image size of job updated: 2328
	3  -  MemoryUsage of job (MB)
	2328  -  ResidentSetSize of job (KB)
...
006 (419.022.000) 10/26 23:09:38 Image size of job updated: 144796
	3  -  MemoryUsage of job (MB)
	2328  -  ResidentSetSize of job (KB)
...
005 (419.022.000) 10/26 23:09:38 Job terminated.
	(1) Normal termination (return value 0)
		Usr 0 04:58:45, Sys 0 01:00:01  -  Run Remote Usage
		Usr 0 00:00:00, Sys 0 00:00:00  -  Run Local Usage
		Usr 0 04:58:45, Sys 0 01:00:01  -  Total Remote Usage
		Usr 0 00:00:00, Sys 0 00:00:00  -  Total Local Usage
	0  -  Run Bytes Sent By Job
	0  -  Run Bytes Received By Job
	0  -  Total Bytes Sent By Job
	0  -  Total Bytes Received By Job
	Partitionable Resources :    Usage  Request Allocated 
	   Cpus                 :     2.00        2         2 
	   Disk (KB)            :   150         150    888011 
	   Memory (MB)          :     3       20480     20480 
...
000 (420.022.000) 10/27 11:17:25 Job submitted from host: <140.160.143.131:9618?addrs=140.160.143.131-9618&noUDP&sock=2776_aefe_4>
...
001 (420.022.000) 10/27 11:17:45 Job executing on host: <140.160.143.142:9618?addrs=140.160.143.142-9618&noUDP&sock=1418_3562_3>
...
006 (420.022.000) 10/27 11:17:53 Image size of job updated: 2276
	3  -  MemoryUsage of job (MB)
	2276  -  ResidentSetSize of job (KB)
...
006 (420.022.000) 10/27 11:52:57 Image size of job updated: 2280
	3  -  MemoryUsage of job (MB)
	2280  -  ResidentSetSize of job (KB)
...
006 (420.022.000) 10/27 11:57:57 Image size of job updated: 2296
	3  -  MemoryUsage of job (MB)
	2296  -  ResidentSetSize of job (KB)
...
006 (420.022.000) 10/27 12:38:02 Image size of job updated: 2312
	3  -  MemoryUsage of job (MB)
	2312  -  ResidentSetSize of job (KB)
...
006 (420.022.000) 10/27 12:43:02 Image size of job updated: 2320
	3  -  MemoryUsage of job (MB)
	2320  -  ResidentSetSize of job (KB)
...
006 (420.022.000) 10/27 12:48:02 Image size of job updated: 2352
	3  -  MemoryUsage of job (MB)
	2352  -  ResidentSetSize of job (KB)
...
006 (420.022.000) 10/27 12:53:03 Image size of job updated: 2360
	3  -  MemoryUsage of job (MB)
	2360  -  ResidentSetSize of job (KB)
...
006 (420.022.000) 10/27 13:13:05 Image size of job updated: 2360
	3  -  MemoryUsage of job (MB)
	2376  -  ResidentSetSize of job (KB)
...
005 (420.022.000) 10/27 16:26:26 Job terminated.
	(1) Normal termination (return value 0)
		Usr 0 08:27:32, Sys 0 01:49:49  -  Run Remote Usage
		Usr 0 00:00:00, Sys 0 00:00:00  -  Run Local Usage
		Usr 0 08:27:32, Sys 0 01:49:49  -  Total Remote Usage
		Usr 0 00:00:00, Sys 0 00:00:00  -  Total Local Usage
	0  -  Run Bytes Sent By Job
	0  -  Run Bytes Received By Job
	0  -  Total Bytes Sent By Job
	0  -  Total Bytes Received By Job
	Partitionable Resources :    Usage  Request Allocated 
	   Cpus                 :     2.00        2         2 
	   Disk (KB)            :   150         150    888011 
	   Memory (MB)          :     3       20480     20480 
...
