000 (674479.000.000) 09/14 14:18:52 Job submitted from host: <140.160.143.130:9618?addrs=140.160.143.130-9618&noUDP&sock=5591_da80_4>
...
009 (674479.000.000) 09/14 14:20:43 Job was aborted by the user.
	via condor_rm (by user scoggim)
...
000 (674623.000.000) 09/14 14:26:01 Job submitted from host: <140.160.143.130:9618?addrs=140.160.143.130-9618&noUDP&sock=5591_da80_4>
...
000 (674767.000.000) 09/14 14:26:43 Job submitted from host: <140.160.143.130:9618?addrs=140.160.143.130-9618&noUDP&sock=5591_da80_4>
...
000 (674911.000.000) 09/14 14:27:41 Job submitted from host: <140.160.143.130:9618?addrs=140.160.143.130-9618&noUDP&sock=5591_da80_4>
...
009 (674911.000.000) 09/14 14:46:32 Job was aborted by the user.
	via condor_rm (by user scoggim)
...
009 (674623.000.000) 09/14 14:46:33 Job was aborted by the user.
	via condor_rm (by user scoggim)
...
009 (674767.000.000) 09/14 14:46:33 Job was aborted by the user.
	via condor_rm (by user scoggim)
...
000 (675091.000.000) 09/14 22:20:28 Job submitted from host: <140.160.143.130:9618?addrs=140.160.143.130-9618&noUDP&sock=5591_da80_4>
...
001 (675091.000.000) 09/20 15:40:03 Job executing on host: <140.160.143.149:9618?addrs=140.160.143.149-9618&noUDP&sock=8214_036a_3>
...
006 (675091.000.000) 09/20 15:40:13 Image size of job updated: 4644
	5  -  MemoryUsage of job (MB)
	4644  -  ResidentSetSize of job (KB)
...
006 (675091.000.000) 09/20 15:45:13 Image size of job updated: 16124
	16  -  MemoryUsage of job (MB)
	16124  -  ResidentSetSize of job (KB)
...
006 (675091.000.000) 09/20 15:50:14 Image size of job updated: 27908
	28  -  MemoryUsage of job (MB)
	27908  -  ResidentSetSize of job (KB)
...
006 (675091.000.000) 09/20 15:55:14 Image size of job updated: 39984
	40  -  MemoryUsage of job (MB)
	39984  -  ResidentSetSize of job (KB)
...
006 (675091.000.000) 09/20 16:00:14 Image size of job updated: 51696
	51  -  MemoryUsage of job (MB)
	51696  -  ResidentSetSize of job (KB)
...
006 (675091.000.000) 09/20 16:05:15 Image size of job updated: 63612
	63  -  MemoryUsage of job (MB)
	63612  -  ResidentSetSize of job (KB)
...
006 (675091.000.000) 09/20 16:10:16 Image size of job updated: 74376
	73  -  MemoryUsage of job (MB)
	74376  -  ResidentSetSize of job (KB)
...
006 (675091.000.000) 09/20 16:15:16 Image size of job updated: 86944
	85  -  MemoryUsage of job (MB)
	86944  -  ResidentSetSize of job (KB)
...
006 (675091.000.000) 09/20 16:20:17 Image size of job updated: 97492
	96  -  MemoryUsage of job (MB)
	97492  -  ResidentSetSize of job (KB)
...
006 (675091.000.000) 09/20 16:25:18 Image size of job updated: 109848
	108  -  MemoryUsage of job (MB)
	109848  -  ResidentSetSize of job (KB)
...
006 (675091.000.000) 09/20 16:30:18 Image size of job updated: 120332
	118  -  MemoryUsage of job (MB)
	120332  -  ResidentSetSize of job (KB)
...
006 (675091.000.000) 09/20 16:35:18 Image size of job updated: 132516
	130  -  MemoryUsage of job (MB)
	132516  -  ResidentSetSize of job (KB)
...
006 (675091.000.000) 09/20 16:40:19 Image size of job updated: 144352
	141  -  MemoryUsage of job (MB)
	144352  -  ResidentSetSize of job (KB)
...
006 (675091.000.000) 09/20 16:45:20 Image size of job updated: 156300
	153  -  MemoryUsage of job (MB)
	156300  -  ResidentSetSize of job (KB)
...
006 (675091.000.000) 09/20 16:50:20 Image size of job updated: 167888
	164  -  MemoryUsage of job (MB)
	167888  -  ResidentSetSize of job (KB)
...
006 (675091.000.000) 09/20 16:55:21 Image size of job updated: 179656
	176  -  MemoryUsage of job (MB)
	179656  -  ResidentSetSize of job (KB)
...
006 (675091.000.000) 09/20 17:00:22 Image size of job updated: 191532
	188  -  MemoryUsage of job (MB)
	191532  -  ResidentSetSize of job (KB)
...
006 (675091.000.000) 09/20 17:05:22 Image size of job updated: 202548
	198  -  MemoryUsage of job (MB)
	202548  -  ResidentSetSize of job (KB)
...
006 (675091.000.000) 09/20 17:10:22 Image size of job updated: 213740
	209  -  MemoryUsage of job (MB)
	213740  -  ResidentSetSize of job (KB)
...
006 (675091.000.000) 09/20 17:15:23 Image size of job updated: 225604
	221  -  MemoryUsage of job (MB)
	225604  -  ResidentSetSize of job (KB)
...
006 (675091.000.000) 09/20 17:20:24 Image size of job updated: 235252
	230  -  MemoryUsage of job (MB)
	235252  -  ResidentSetSize of job (KB)
...
006 (675091.000.000) 09/20 17:25:24 Image size of job updated: 248156
	243  -  MemoryUsage of job (MB)
	248156  -  ResidentSetSize of job (KB)
...
006 (675091.000.000) 09/20 17:30:25 Image size of job updated: 259580
	254  -  MemoryUsage of job (MB)
	259580  -  ResidentSetSize of job (KB)
...
006 (675091.000.000) 09/20 17:35:26 Image size of job updated: 271196
	265  -  MemoryUsage of job (MB)
	271196  -  ResidentSetSize of job (KB)
...
006 (675091.000.000) 09/20 17:40:26 Image size of job updated: 282936
	277  -  MemoryUsage of job (MB)
	282936  -  ResidentSetSize of job (KB)
...
006 (675091.000.000) 09/20 17:45:26 Image size of job updated: 294576
	288  -  MemoryUsage of job (MB)
	294576  -  ResidentSetSize of job (KB)
...
006 (675091.000.000) 09/20 17:50:27 Image size of job updated: 306016
	299  -  MemoryUsage of job (MB)
	306016  -  ResidentSetSize of job (KB)
...
006 (675091.000.000) 09/20 17:55:27 Image size of job updated: 317180
	310  -  MemoryUsage of job (MB)
	317180  -  ResidentSetSize of job (KB)
...
006 (675091.000.000) 09/20 18:00:27 Image size of job updated: 328224
	321  -  MemoryUsage of job (MB)
	328224  -  ResidentSetSize of job (KB)
...
006 (675091.000.000) 09/20 18:05:28 Image size of job updated: 340316
	333  -  MemoryUsage of job (MB)
	340316  -  ResidentSetSize of job (KB)
...
006 (675091.000.000) 09/20 18:10:29 Image size of job updated: 352116
	344  -  MemoryUsage of job (MB)
	352116  -  ResidentSetSize of job (KB)
...
006 (675091.000.000) 09/20 18:15:29 Image size of job updated: 363988
	356  -  MemoryUsage of job (MB)
	363988  -  ResidentSetSize of job (KB)
...
006 (675091.000.000) 09/20 18:20:29 Image size of job updated: 375716
	367  -  MemoryUsage of job (MB)
	375716  -  ResidentSetSize of job (KB)
...
006 (675091.000.000) 09/20 18:25:30 Image size of job updated: 387140
	379  -  MemoryUsage of job (MB)
	387140  -  ResidentSetSize of job (KB)
...
006 (675091.000.000) 09/20 18:30:30 Image size of job updated: 399980
	391  -  MemoryUsage of job (MB)
	399980  -  ResidentSetSize of job (KB)
...
006 (675091.000.000) 09/20 18:35:30 Image size of job updated: 411656
	403  -  MemoryUsage of job (MB)
	411656  -  ResidentSetSize of job (KB)
...
006 (675091.000.000) 09/20 18:40:31 Image size of job updated: 423272
	414  -  MemoryUsage of job (MB)
	423272  -  ResidentSetSize of job (KB)
...
006 (675091.000.000) 09/20 18:45:32 Image size of job updated: 433948
	424  -  MemoryUsage of job (MB)
	433948  -  ResidentSetSize of job (KB)
...
006 (675091.000.000) 09/20 18:50:32 Image size of job updated: 446628
	437  -  MemoryUsage of job (MB)
	446628  -  ResidentSetSize of job (KB)
...
006 (675091.000.000) 09/20 18:55:32 Image size of job updated: 458120
	448  -  MemoryUsage of job (MB)
	458120  -  ResidentSetSize of job (KB)
...
006 (675091.000.000) 09/20 19:00:33 Image size of job updated: 468760
	458  -  MemoryUsage of job (MB)
	468760  -  ResidentSetSize of job (KB)
...
006 (675091.000.000) 09/20 19:05:33 Image size of job updated: 480768
	470  -  MemoryUsage of job (MB)
	480768  -  ResidentSetSize of job (KB)
...
006 (675091.000.000) 09/20 19:10:33 Image size of job updated: 491248
	480  -  MemoryUsage of job (MB)
	491248  -  ResidentSetSize of job (KB)
...
006 (675091.000.000) 09/20 19:15:34 Image size of job updated: 503228
	492  -  MemoryUsage of job (MB)
	503228  -  ResidentSetSize of job (KB)
...
006 (675091.000.000) 09/20 19:20:35 Image size of job updated: 514536
	503  -  MemoryUsage of job (MB)
	514536  -  ResidentSetSize of job (KB)
...
006 (675091.000.000) 09/20 19:25:35 Image size of job updated: 526012
	514  -  MemoryUsage of job (MB)
	526012  -  ResidentSetSize of job (KB)
...
006 (675091.000.000) 09/20 19:30:35 Image size of job updated: 538024
	526  -  MemoryUsage of job (MB)
	538024  -  ResidentSetSize of job (KB)
...
006 (675091.000.000) 09/20 19:35:36 Image size of job updated: 549476
	537  -  MemoryUsage of job (MB)
	549476  -  ResidentSetSize of job (KB)
...
006 (675091.000.000) 09/20 19:40:36 Image size of job updated: 561248
	549  -  MemoryUsage of job (MB)
	561248  -  ResidentSetSize of job (KB)
...
006 (675091.000.000) 09/20 19:45:36 Image size of job updated: 572500
	560  -  MemoryUsage of job (MB)
	572500  -  ResidentSetSize of job (KB)
...
006 (675091.000.000) 09/20 19:50:38 Image size of job updated: 584460
	571  -  MemoryUsage of job (MB)
	584460  -  ResidentSetSize of job (KB)
...
006 (675091.000.000) 09/20 19:55:38 Image size of job updated: 590072
	577  -  MemoryUsage of job (MB)
	590072  -  ResidentSetSize of job (KB)
...
013 (675091.000.000) 09/23 09:38:47 Job was released.
	via condor_release (by user condor)
...
012 (675091.000.000) 09/24 11:06:53 Job was held.
	via condor_hold (by user condor)
	Code 1 Subcode 0
...
000 (299.000.000) 10/21 16:26:43 Job submitted from host: <140.160.143.131:9618?addrs=140.160.143.131-9618&noUDP&sock=2776_aefe_4>
...
009 (299.000.000) 10/22 13:21:45 Job was aborted by the user.
	via condor_rm (by user scoggim)
...
000 (309.055.000) 10/22 13:32:35 Job submitted from host: <140.160.143.131:9618?addrs=140.160.143.131-9618&noUDP&sock=2776_aefe_4>
...
009 (309.055.000) 10/24 17:59:26 Job was aborted by the user.
	via condor_rm (by user scoggim)
...
000 (376.055.000) 10/24 18:01:12 Job submitted from host: <140.160.143.131:9618?addrs=140.160.143.131-9618&noUDP&sock=2776_aefe_4>
...
009 (376.055.000) 10/24 18:01:26 Job was aborted by the user.
	via condor_rm (by user scoggim)
...
000 (377.055.000) 10/24 18:02:23 Job submitted from host: <140.160.143.131:9618?addrs=140.160.143.131-9618&noUDP&sock=2776_aefe_4>
...
009 (377.055.000) 10/24 22:09:00 Job was aborted by the user.
	via condor_rm (by user scoggim)
...
000 (378.055.000) 10/24 22:09:10 Job submitted from host: <140.160.143.131:9618?addrs=140.160.143.131-9618&noUDP&sock=2776_aefe_4>
...
009 (378.055.000) 10/25 11:03:40 Job was aborted by the user.
	via condor_rm (by user scoggim)
...
000 (392.055.000) 10/25 11:03:48 Job submitted from host: <140.160.143.131:9618?addrs=140.160.143.131-9618&noUDP&sock=2776_aefe_4>
...
009 (392.055.000) 10/25 14:27:30 Job was aborted by the user.
	via condor_rm (by user scoggim)
...
000 (396.055.000) 10/25 14:27:34 Job submitted from host: <140.160.143.131:9618?addrs=140.160.143.131-9618&noUDP&sock=2776_aefe_4>
...
009 (396.055.000) 10/26 12:20:55 Job was aborted by the user.
	via condor_rm (by user scoggim)
...
000 (418.055.000) 10/26 12:22:10 Job submitted from host: <140.160.143.131:9618?addrs=140.160.143.131-9618&noUDP&sock=2776_aefe_4>
...
009 (418.055.000) 10/26 20:10:06 Job was aborted by the user.
	via condor_rm (by user scoggim)
...
000 (419.055.000) 10/26 20:10:13 Job submitted from host: <140.160.143.131:9618?addrs=140.160.143.131-9618&noUDP&sock=2776_aefe_4>
...
009 (419.055.000) 10/27 11:05:18 Job was aborted by the user.
	via condor_rm (by user scoggim)
...
000 (420.055.000) 10/27 11:17:25 Job submitted from host: <140.160.143.131:9618?addrs=140.160.143.131-9618&noUDP&sock=2776_aefe_4>
...
001 (420.055.000) 11/01 17:47:01 Job executing on host: <140.160.143.144:9618?addrs=140.160.143.144-9618&noUDP&sock=1354_4f52_3>
...
006 (420.055.000) 11/01 17:47:09 Image size of job updated: 4200
	5  -  MemoryUsage of job (MB)
	4200  -  ResidentSetSize of job (KB)
...
006 (420.055.000) 11/01 19:02:17 Image size of job updated: 4448
	5  -  MemoryUsage of job (MB)
	4448  -  ResidentSetSize of job (KB)
...
006 (420.055.000) 11/02 06:06:53 Image size of job updated: 146884
	5  -  MemoryUsage of job (MB)
	4448  -  ResidentSetSize of job (KB)
...
005 (420.055.000) 11/02 06:06:53 Job terminated.
	(1) Normal termination (return value 0)
		Usr 0 21:44:44, Sys 0 02:54:59  -  Run Remote Usage
		Usr 0 00:00:00, Sys 0 00:00:00  -  Run Local Usage
		Usr 0 21:44:44, Sys 0 02:54:59  -  Total Remote Usage
		Usr 0 00:00:00, Sys 0 00:00:00  -  Total Local Usage
	0  -  Run Bytes Sent By Job
	0  -  Run Bytes Received By Job
	0  -  Total Bytes Sent By Job
	0  -  Total Bytes Received By Job
	Partitionable Resources :    Usage  Request Allocated 
	   Cpus                 :     2.00        2         2 
	   Disk (KB)            :   150         150    888004 
	   Memory (MB)          :     5       20480     20480 
...
