000 (674362.000.000) 09/14 14:18:48 Job submitted from host: <140.160.143.130:9618?addrs=140.160.143.130-9618&noUDP&sock=5591_da80_4>
...
009 (674362.000.000) 09/14 14:20:43 Job was aborted by the user.
	via condor_rm (by user scoggim)
...
000 (674506.000.000) 09/14 14:25:56 Job submitted from host: <140.160.143.130:9618?addrs=140.160.143.130-9618&noUDP&sock=5591_da80_4>
...
000 (674650.000.000) 09/14 14:26:38 Job submitted from host: <140.160.143.130:9618?addrs=140.160.143.130-9618&noUDP&sock=5591_da80_4>
...
000 (674794.000.000) 09/14 14:27:37 Job submitted from host: <140.160.143.130:9618?addrs=140.160.143.130-9618&noUDP&sock=5591_da80_4>
...
009 (674794.000.000) 09/14 14:46:33 Job was aborted by the user.
	via condor_rm (by user scoggim)
...
009 (674506.000.000) 09/14 14:46:33 Job was aborted by the user.
	via condor_rm (by user scoggim)
...
009 (674650.000.000) 09/14 14:46:34 Job was aborted by the user.
	via condor_rm (by user scoggim)
...
000 (674974.000.000) 09/14 22:20:23 Job submitted from host: <140.160.143.130:9618?addrs=140.160.143.130-9618&noUDP&sock=5591_da80_4>
...
001 (674974.000.000) 09/15 01:17:48 Job executing on host: <140.160.143.157:9618?addrs=140.160.143.157-9618&noUDP&sock=4484_2bf8_3>
...
006 (674974.000.000) 09/15 01:17:57 Image size of job updated: 1976
	2  -  MemoryUsage of job (MB)
	1976  -  ResidentSetSize of job (KB)
...
006 (674974.000.000) 09/15 01:22:58 Image size of job updated: 48316
	48  -  MemoryUsage of job (MB)
	48316  -  ResidentSetSize of job (KB)
...
006 (674974.000.000) 09/15 01:27:59 Image size of job updated: 92848
	91  -  MemoryUsage of job (MB)
	92848  -  ResidentSetSize of job (KB)
...
006 (674974.000.000) 09/15 01:32:59 Image size of job updated: 137548
	135  -  MemoryUsage of job (MB)
	137548  -  ResidentSetSize of job (KB)
...
006 (674974.000.000) 09/15 01:38:00 Image size of job updated: 182088
	178  -  MemoryUsage of job (MB)
	182088  -  ResidentSetSize of job (KB)
...
006 (674974.000.000) 09/15 01:43:01 Image size of job updated: 186264
	182  -  MemoryUsage of job (MB)
	186264  -  ResidentSetSize of job (KB)
...
006 (674974.000.000) 09/15 07:23:36 Image size of job updated: 5676896
	182  -  MemoryUsage of job (MB)
	186264  -  ResidentSetSize of job (KB)
...
006 (674974.000.000) 09/15 07:28:37 Image size of job updated: 5753840
	182  -  MemoryUsage of job (MB)
	186264  -  ResidentSetSize of job (KB)
...
006 (674974.000.000) 09/15 07:33:38 Image size of job updated: 5831400
	182  -  MemoryUsage of job (MB)
	186264  -  ResidentSetSize of job (KB)
...
006 (674974.000.000) 09/15 07:38:38 Image size of job updated: 5907644
	182  -  MemoryUsage of job (MB)
	186264  -  ResidentSetSize of job (KB)
...
006 (674974.000.000) 09/15 07:43:38 Image size of job updated: 5983804
	182  -  MemoryUsage of job (MB)
	186264  -  ResidentSetSize of job (KB)
...
006 (674974.000.000) 09/15 07:48:40 Image size of job updated: 6061616
	182  -  MemoryUsage of job (MB)
	186264  -  ResidentSetSize of job (KB)
...
006 (674974.000.000) 09/15 07:53:40 Image size of job updated: 6140576
	182  -  MemoryUsage of job (MB)
	186264  -  ResidentSetSize of job (KB)
...
006 (674974.000.000) 09/15 07:58:40 Image size of job updated: 6217744
	182  -  MemoryUsage of job (MB)
	186264  -  ResidentSetSize of job (KB)
...
006 (674974.000.000) 09/15 08:03:41 Image size of job updated: 6294520
	182  -  MemoryUsage of job (MB)
	186264  -  ResidentSetSize of job (KB)
...
006 (674974.000.000) 09/15 08:08:42 Image size of job updated: 6369952
	182  -  MemoryUsage of job (MB)
	186264  -  ResidentSetSize of job (KB)
...
006 (674974.000.000) 09/15 08:19:25 Image size of job updated: 6432980
	182  -  MemoryUsage of job (MB)
	186264  -  ResidentSetSize of job (KB)
...
006 (674974.000.000) 09/15 08:39:56 Image size of job updated: 6434520
	182  -  MemoryUsage of job (MB)
	186264  -  ResidentSetSize of job (KB)
...
006 (674974.000.000) 09/15 08:56:47 Image size of job updated: 6667032
	182  -  MemoryUsage of job (MB)
	186264  -  ResidentSetSize of job (KB)
...
006 (674974.000.000) 09/15 09:07:02 Image size of job updated: 6822264
	182  -  MemoryUsage of job (MB)
	186264  -  ResidentSetSize of job (KB)
...
006 (674974.000.000) 09/15 09:13:11 Image size of job updated: 6911808
	182  -  MemoryUsage of job (MB)
	186264  -  ResidentSetSize of job (KB)
...
006 (674974.000.000) 09/15 09:18:12 Image size of job updated: 6985448
	182  -  MemoryUsage of job (MB)
	186264  -  ResidentSetSize of job (KB)
...
006 (674974.000.000) 09/15 09:23:12 Image size of job updated: 7061048
	182  -  MemoryUsage of job (MB)
	186264  -  ResidentSetSize of job (KB)
...
006 (674974.000.000) 09/15 09:28:12 Image size of job updated: 7139392
	182  -  MemoryUsage of job (MB)
	186264  -  ResidentSetSize of job (KB)
...
006 (674974.000.000) 09/15 09:33:13 Image size of job updated: 7216000
	182  -  MemoryUsage of job (MB)
	186264  -  ResidentSetSize of job (KB)
...
006 (674974.000.000) 09/15 09:38:14 Image size of job updated: 7292692
	182  -  MemoryUsage of job (MB)
	186264  -  ResidentSetSize of job (KB)
...
006 (674974.000.000) 09/15 09:54:49 Image size of job updated: 7363224
	182  -  MemoryUsage of job (MB)
	186264  -  ResidentSetSize of job (KB)
...
006 (674974.000.000) 09/15 10:54:25 Image size of job updated: 7896192
	182  -  MemoryUsage of job (MB)
	186264  -  ResidentSetSize of job (KB)
...
006 (674974.000.000) 09/15 11:36:53 Image size of job updated: 8551552
	182  -  MemoryUsage of job (MB)
	186264  -  ResidentSetSize of job (KB)
...
006 (674974.000.000) 09/15 12:07:34 Image size of job updated: 8617088
	182  -  MemoryUsage of job (MB)
	186264  -  ResidentSetSize of job (KB)
...
022 (674974.000.000) 09/15 12:37:43 Job disconnected, attempting to reconnect
    Socket between submit and execute hosts closed unexpectedly
    Trying to reconnect to slot1_14@c-1-6 <140.160.143.157:9618?addrs=140.160.143.157-9618&noUDP&sock=4484_2bf8_3>
...
024 (674974.000.000) 09/15 13:17:43 Job reconnection failed
    Job disconnected too long: JobLeaseDuration (2400 seconds) expired
    Can not reconnect to slot1_14@c-1-6, rescheduling job
...
001 (674974.000.000) 09/15 19:11:52 Job executing on host: <140.160.143.156:9618?addrs=140.160.143.156-9618&noUDP&sock=4471_a06d_3>
...
006 (674974.000.000) 09/15 19:27:03 Image size of job updated: 10000000
	211  -  MemoryUsage of job (MB)
	215172  -  ResidentSetSize of job (KB)
...
006 (674974.000.000) 09/15 19:32:04 Image size of job updated: 10000000
	279  -  MemoryUsage of job (MB)
	285016  -  ResidentSetSize of job (KB)
...
006 (674974.000.000) 09/15 19:37:05 Image size of job updated: 10000000
	346  -  MemoryUsage of job (MB)
	353820  -  ResidentSetSize of job (KB)
...
006 (674974.000.000) 09/15 19:42:05 Image size of job updated: 10000000
	363  -  MemoryUsage of job (MB)
	370888  -  ResidentSetSize of job (KB)
...
006 (674974.000.000) 09/16 06:33:13 Image size of job updated: 10009056
	363  -  MemoryUsage of job (MB)
	370888  -  ResidentSetSize of job (KB)
...
006 (674974.000.000) 09/16 06:38:13 Image size of job updated: 10080876
	363  -  MemoryUsage of job (MB)
	370888  -  ResidentSetSize of job (KB)
...
006 (674974.000.000) 09/16 06:43:14 Image size of job updated: 10154712
	363  -  MemoryUsage of job (MB)
	370888  -  ResidentSetSize of job (KB)
...
006 (674974.000.000) 09/16 06:48:15 Image size of job updated: 10228436
	363  -  MemoryUsage of job (MB)
	370888  -  ResidentSetSize of job (KB)
...
006 (674974.000.000) 09/16 06:53:15 Image size of job updated: 10303448
	363  -  MemoryUsage of job (MB)
	370888  -  ResidentSetSize of job (KB)
...
006 (674974.000.000) 09/16 06:58:16 Image size of job updated: 10378712
	363  -  MemoryUsage of job (MB)
	370888  -  ResidentSetSize of job (KB)
...
006 (674974.000.000) 09/16 07:03:17 Image size of job updated: 10452492
	363  -  MemoryUsage of job (MB)
	370888  -  ResidentSetSize of job (KB)
...
006 (674974.000.000) 09/16 07:08:17 Image size of job updated: 10525628
	363  -  MemoryUsage of job (MB)
	370888  -  ResidentSetSize of job (KB)
...
006 (674974.000.000) 09/16 07:13:18 Image size of job updated: 10594480
	363  -  MemoryUsage of job (MB)
	370888  -  ResidentSetSize of job (KB)
...
006 (674974.000.000) 09/16 07:18:19 Image size of job updated: 10663976
	363  -  MemoryUsage of job (MB)
	370888  -  ResidentSetSize of job (KB)
...
006 (674974.000.000) 09/16 07:23:19 Image size of job updated: 10734032
	363  -  MemoryUsage of job (MB)
	370888  -  ResidentSetSize of job (KB)
...
006 (674974.000.000) 09/16 07:28:19 Image size of job updated: 10804060
	363  -  MemoryUsage of job (MB)
	370888  -  ResidentSetSize of job (KB)
...
006 (674974.000.000) 09/16 07:33:20 Image size of job updated: 10876412
	363  -  MemoryUsage of job (MB)
	370888  -  ResidentSetSize of job (KB)
...
006 (674974.000.000) 09/16 07:38:21 Image size of job updated: 10949072
	363  -  MemoryUsage of job (MB)
	370888  -  ResidentSetSize of job (KB)
...
006 (674974.000.000) 09/16 07:43:21 Image size of job updated: 11020052
	363  -  MemoryUsage of job (MB)
	370888  -  ResidentSetSize of job (KB)
...
006 (674974.000.000) 09/16 07:48:22 Image size of job updated: 11092432
	363  -  MemoryUsage of job (MB)
	370888  -  ResidentSetSize of job (KB)
...
006 (674974.000.000) 09/16 07:53:23 Image size of job updated: 11166352
	363  -  MemoryUsage of job (MB)
	370888  -  ResidentSetSize of job (KB)
...
006 (674974.000.000) 09/16 07:58:23 Image size of job updated: 11238228
	363  -  MemoryUsage of job (MB)
	370888  -  ResidentSetSize of job (KB)
...
006 (674974.000.000) 09/16 08:03:23 Image size of job updated: 11309656
	363  -  MemoryUsage of job (MB)
	370888  -  ResidentSetSize of job (KB)
...
006 (674974.000.000) 09/16 08:08:24 Image size of job updated: 11381364
	363  -  MemoryUsage of job (MB)
	370888  -  ResidentSetSize of job (KB)
...
006 (674974.000.000) 09/16 08:13:25 Image size of job updated: 11453128
	363  -  MemoryUsage of job (MB)
	370888  -  ResidentSetSize of job (KB)
...
006 (674974.000.000) 09/16 08:18:25 Image size of job updated: 11517248
	363  -  MemoryUsage of job (MB)
	370888  -  ResidentSetSize of job (KB)
...
006 (674974.000.000) 09/16 08:23:26 Image size of job updated: 11587696
	363  -  MemoryUsage of job (MB)
	370888  -  ResidentSetSize of job (KB)
...
006 (674974.000.000) 09/16 08:28:27 Image size of job updated: 11656576
	363  -  MemoryUsage of job (MB)
	370888  -  ResidentSetSize of job (KB)
...
006 (674974.000.000) 09/16 08:33:27 Image size of job updated: 11727724
	363  -  MemoryUsage of job (MB)
	370888  -  ResidentSetSize of job (KB)
...
006 (674974.000.000) 09/16 08:38:27 Image size of job updated: 11799992
	363  -  MemoryUsage of job (MB)
	370888  -  ResidentSetSize of job (KB)
...
006 (674974.000.000) 09/16 08:43:28 Image size of job updated: 11867668
	363  -  MemoryUsage of job (MB)
	370888  -  ResidentSetSize of job (KB)
...
006 (674974.000.000) 09/16 08:48:29 Image size of job updated: 11939460
	363  -  MemoryUsage of job (MB)
	370888  -  ResidentSetSize of job (KB)
...
006 (674974.000.000) 09/16 08:53:29 Image size of job updated: 12012792
	363  -  MemoryUsage of job (MB)
	370888  -  ResidentSetSize of job (KB)
...
006 (674974.000.000) 09/16 08:58:30 Image size of job updated: 12085900
	363  -  MemoryUsage of job (MB)
	370888  -  ResidentSetSize of job (KB)
...
006 (674974.000.000) 09/16 09:03:31 Image size of job updated: 12156712
	363  -  MemoryUsage of job (MB)
	370888  -  ResidentSetSize of job (KB)
...
006 (674974.000.000) 09/16 09:08:31 Image size of job updated: 12224668
	363  -  MemoryUsage of job (MB)
	370888  -  ResidentSetSize of job (KB)
...
006 (674974.000.000) 09/16 09:13:31 Image size of job updated: 12294052
	363  -  MemoryUsage of job (MB)
	370888  -  ResidentSetSize of job (KB)
...
006 (674974.000.000) 09/16 09:18:32 Image size of job updated: 12362792
	363  -  MemoryUsage of job (MB)
	370888  -  ResidentSetSize of job (KB)
...
006 (674974.000.000) 09/16 09:23:33 Image size of job updated: 12433324
	363  -  MemoryUsage of job (MB)
	370888  -  ResidentSetSize of job (KB)
...
006 (674974.000.000) 09/16 09:28:33 Image size of job updated: 12502148
	363  -  MemoryUsage of job (MB)
	370888  -  ResidentSetSize of job (KB)
...
006 (674974.000.000) 09/16 09:33:34 Image size of job updated: 12572680
	363  -  MemoryUsage of job (MB)
	370888  -  ResidentSetSize of job (KB)
...
006 (674974.000.000) 09/16 09:38:35 Image size of job updated: 12644136
	363  -  MemoryUsage of job (MB)
	370888  -  ResidentSetSize of job (KB)
...
006 (674974.000.000) 09/16 09:43:35 Image size of job updated: 12712932
	363  -  MemoryUsage of job (MB)
	370888  -  ResidentSetSize of job (KB)
...
006 (674974.000.000) 09/16 09:48:35 Image size of job updated: 12784920
	363  -  MemoryUsage of job (MB)
	370888  -  ResidentSetSize of job (KB)
...
006 (674974.000.000) 09/16 09:53:36 Image size of job updated: 12854808
	363  -  MemoryUsage of job (MB)
	370888  -  ResidentSetSize of job (KB)
...
006 (674974.000.000) 09/16 09:58:36 Image size of job updated: 12925872
	363  -  MemoryUsage of job (MB)
	370888  -  ResidentSetSize of job (KB)
...
006 (674974.000.000) 09/16 10:03:36 Image size of job updated: 12997216
	363  -  MemoryUsage of job (MB)
	370888  -  ResidentSetSize of job (KB)
...
006 (674974.000.000) 09/16 10:08:37 Image size of job updated: 13066040
	363  -  MemoryUsage of job (MB)
	370888  -  ResidentSetSize of job (KB)
...
006 (674974.000.000) 09/16 10:13:38 Image size of job updated: 13138140
	363  -  MemoryUsage of job (MB)
	370888  -  ResidentSetSize of job (KB)
...
006 (674974.000.000) 09/16 10:18:38 Image size of job updated: 13208364
	363  -  MemoryUsage of job (MB)
	370888  -  ResidentSetSize of job (KB)
...
006 (674974.000.000) 09/16 10:23:38 Image size of job updated: 13277776
	363  -  MemoryUsage of job (MB)
	370888  -  ResidentSetSize of job (KB)
...
006 (674974.000.000) 09/16 10:28:39 Image size of job updated: 13350660
	363  -  MemoryUsage of job (MB)
	370888  -  ResidentSetSize of job (KB)
...
006 (674974.000.000) 09/16 10:33:39 Image size of job updated: 13423320
	363  -  MemoryUsage of job (MB)
	370888  -  ResidentSetSize of job (KB)
...
006 (674974.000.000) 09/16 10:38:39 Image size of job updated: 13493824
	363  -  MemoryUsage of job (MB)
	370888  -  ResidentSetSize of job (KB)
...
006 (674974.000.000) 09/16 10:43:40 Image size of job updated: 13561920
	363  -  MemoryUsage of job (MB)
	370888  -  ResidentSetSize of job (KB)
...
006 (674974.000.000) 09/16 10:48:41 Image size of job updated: 13632004
	363  -  MemoryUsage of job (MB)
	370888  -  ResidentSetSize of job (KB)
...
006 (674974.000.000) 09/16 10:53:41 Image size of job updated: 13701472
	363  -  MemoryUsage of job (MB)
	370888  -  ResidentSetSize of job (KB)
...
006 (674974.000.000) 09/16 10:58:42 Image size of job updated: 13773124
	363  -  MemoryUsage of job (MB)
	370888  -  ResidentSetSize of job (KB)
...
006 (674974.000.000) 09/16 11:03:43 Image size of job updated: 13844160
	363  -  MemoryUsage of job (MB)
	370888  -  ResidentSetSize of job (KB)
...
006 (674974.000.000) 09/16 11:08:43 Image size of job updated: 13915644
	363  -  MemoryUsage of job (MB)
	370888  -  ResidentSetSize of job (KB)
...
006 (674974.000.000) 09/16 11:13:43 Image size of job updated: 13986400
	363  -  MemoryUsage of job (MB)
	370888  -  ResidentSetSize of job (KB)
...
006 (674974.000.000) 09/16 11:18:44 Image size of job updated: 14057660
	363  -  MemoryUsage of job (MB)
	370888  -  ResidentSetSize of job (KB)
...
006 (674974.000.000) 09/16 11:23:45 Image size of job updated: 14126036
	363  -  MemoryUsage of job (MB)
	370888  -  ResidentSetSize of job (KB)
...
006 (674974.000.000) 09/16 11:28:45 Image size of job updated: 14196148
	363  -  MemoryUsage of job (MB)
	370888  -  ResidentSetSize of job (KB)
...
006 (674974.000.000) 09/16 11:33:46 Image size of job updated: 14263908
	363  -  MemoryUsage of job (MB)
	370888  -  ResidentSetSize of job (KB)
...
006 (674974.000.000) 09/16 11:38:47 Image size of job updated: 14332816
	363  -  MemoryUsage of job (MB)
	370888  -  ResidentSetSize of job (KB)
...
006 (674974.000.000) 09/16 11:43:47 Image size of job updated: 14405252
	363  -  MemoryUsage of job (MB)
	370888  -  ResidentSetSize of job (KB)
...
006 (674974.000.000) 09/16 11:48:47 Image size of job updated: 14479704
	363  -  MemoryUsage of job (MB)
	370888  -  ResidentSetSize of job (KB)
...
006 (674974.000.000) 09/16 11:53:48 Image size of job updated: 14553204
	363  -  MemoryUsage of job (MB)
	370888  -  ResidentSetSize of job (KB)
...
006 (674974.000.000) 09/16 11:58:49 Image size of job updated: 14626340
	363  -  MemoryUsage of job (MB)
	370888  -  ResidentSetSize of job (KB)
...
006 (674974.000.000) 09/16 12:03:49 Image size of job updated: 14697628
	363  -  MemoryUsage of job (MB)
	370888  -  ResidentSetSize of job (KB)
...
006 (674974.000.000) 09/16 12:08:50 Image size of job updated: 14770456
	363  -  MemoryUsage of job (MB)
	370888  -  ResidentSetSize of job (KB)
...
006 (674974.000.000) 09/16 12:13:51 Image size of job updated: 14843032
	363  -  MemoryUsage of job (MB)
	370888  -  ResidentSetSize of job (KB)
...
006 (674974.000.000) 09/16 12:18:51 Image size of job updated: 14915356
	363  -  MemoryUsage of job (MB)
	370888  -  ResidentSetSize of job (KB)
...
006 (674974.000.000) 09/16 12:23:51 Image size of job updated: 14987260
	363  -  MemoryUsage of job (MB)
	370888  -  ResidentSetSize of job (KB)
...
006 (674974.000.000) 09/16 12:28:52 Image size of job updated: 15060648
	363  -  MemoryUsage of job (MB)
	370888  -  ResidentSetSize of job (KB)
...
006 (674974.000.000) 09/16 12:33:53 Image size of job updated: 15133084
	363  -  MemoryUsage of job (MB)
	370888  -  ResidentSetSize of job (KB)
...
006 (674974.000.000) 09/16 12:38:53 Image size of job updated: 15206472
	363  -  MemoryUsage of job (MB)
	370888  -  ResidentSetSize of job (KB)
...
006 (674974.000.000) 09/16 12:43:54 Image size of job updated: 15279048
	363  -  MemoryUsage of job (MB)
	370888  -  ResidentSetSize of job (KB)
...
006 (674974.000.000) 09/16 12:48:55 Image size of job updated: 15350896
	363  -  MemoryUsage of job (MB)
	370888  -  ResidentSetSize of job (KB)
...
006 (674974.000.000) 09/16 12:53:55 Image size of job updated: 15418572
	363  -  MemoryUsage of job (MB)
	370888  -  ResidentSetSize of job (KB)
...
006 (674974.000.000) 09/16 12:58:55 Image size of job updated: 15489524
	363  -  MemoryUsage of job (MB)
	370888  -  ResidentSetSize of job (KB)
...
006 (674974.000.000) 09/16 13:03:57 Image size of job updated: 15561680
	363  -  MemoryUsage of job (MB)
	370888  -  ResidentSetSize of job (KB)
...
006 (674974.000.000) 09/16 13:08:57 Image size of job updated: 15635516
	363  -  MemoryUsage of job (MB)
	370888  -  ResidentSetSize of job (KB)
...
006 (674974.000.000) 09/16 13:13:57 Image size of job updated: 15707588
	363  -  MemoryUsage of job (MB)
	370888  -  ResidentSetSize of job (KB)
...
006 (674974.000.000) 09/16 13:18:58 Image size of job updated: 15780052
	363  -  MemoryUsage of job (MB)
	370888  -  ResidentSetSize of job (KB)
...
006 (674974.000.000) 09/16 13:23:59 Image size of job updated: 15852964
	363  -  MemoryUsage of job (MB)
	370888  -  ResidentSetSize of job (KB)
...
006 (674974.000.000) 09/16 13:28:59 Image size of job updated: 15926856
	363  -  MemoryUsage of job (MB)
	370888  -  ResidentSetSize of job (KB)
...
006 (674974.000.000) 09/16 13:33:59 Image size of job updated: 16000776
	363  -  MemoryUsage of job (MB)
	370888  -  ResidentSetSize of job (KB)
...
006 (674974.000.000) 09/16 13:39:00 Image size of job updated: 16074724
	363  -  MemoryUsage of job (MB)
	370888  -  ResidentSetSize of job (KB)
...
006 (674974.000.000) 09/16 13:44:00 Image size of job updated: 16146376
	363  -  MemoryUsage of job (MB)
	370888  -  ResidentSetSize of job (KB)
...
006 (674974.000.000) 09/16 13:49:00 Image size of job updated: 16218812
	363  -  MemoryUsage of job (MB)
	370888  -  ResidentSetSize of job (KB)
...
006 (674974.000.000) 09/16 13:54:01 Image size of job updated: 16294804
	363  -  MemoryUsage of job (MB)
	370888  -  ResidentSetSize of job (KB)
...
006 (674974.000.000) 09/16 13:59:02 Image size of job updated: 16365420
	363  -  MemoryUsage of job (MB)
	370888  -  ResidentSetSize of job (KB)
...
006 (674974.000.000) 09/16 14:04:02 Image size of job updated: 16437072
	363  -  MemoryUsage of job (MB)
	370888  -  ResidentSetSize of job (KB)
...
006 (674974.000.000) 09/16 14:09:03 Image size of job updated: 16509928
	363  -  MemoryUsage of job (MB)
	370888  -  ResidentSetSize of job (KB)
...
006 (674974.000.000) 09/16 14:14:04 Image size of job updated: 16584100
	363  -  MemoryUsage of job (MB)
	370888  -  ResidentSetSize of job (KB)
...
006 (674974.000.000) 09/16 14:19:04 Image size of job updated: 16656872
	363  -  MemoryUsage of job (MB)
	370888  -  ResidentSetSize of job (KB)
...
006 (674974.000.000) 09/16 14:24:04 Image size of job updated: 16729728
	363  -  MemoryUsage of job (MB)
	370888  -  ResidentSetSize of job (KB)
...
006 (674974.000.000) 09/16 14:29:05 Image size of job updated: 16802108
	363  -  MemoryUsage of job (MB)
	370888  -  ResidentSetSize of job (KB)
...
006 (674974.000.000) 09/16 14:34:06 Image size of job updated: 16875020
	363  -  MemoryUsage of job (MB)
	370888  -  ResidentSetSize of job (KB)
...
006 (674974.000.000) 09/16 14:39:06 Image size of job updated: 16946448
	363  -  MemoryUsage of job (MB)
	370888  -  ResidentSetSize of job (KB)
...
006 (674974.000.000) 09/16 14:44:06 Image size of job updated: 17018436
	363  -  MemoryUsage of job (MB)
	370888  -  ResidentSetSize of job (KB)
...
006 (674974.000.000) 09/16 14:49:07 Image size of job updated: 17091264
	363  -  MemoryUsage of job (MB)
	370888  -  ResidentSetSize of job (KB)
...
006 (674974.000.000) 09/16 14:54:07 Image size of job updated: 17164316
	363  -  MemoryUsage of job (MB)
	370888  -  ResidentSetSize of job (KB)
...
006 (674974.000.000) 09/16 14:59:07 Image size of job updated: 17238012
	363  -  MemoryUsage of job (MB)
	370888  -  ResidentSetSize of job (KB)
...
006 (674974.000.000) 09/16 15:04:08 Image size of job updated: 17311736
	363  -  MemoryUsage of job (MB)
	370888  -  ResidentSetSize of job (KB)
...
006 (674974.000.000) 09/16 15:09:09 Image size of job updated: 17383472
	363  -  MemoryUsage of job (MB)
	370888  -  ResidentSetSize of job (KB)
...
006 (674974.000.000) 09/16 15:14:09 Image size of job updated: 17456692
	363  -  MemoryUsage of job (MB)
	370888  -  ResidentSetSize of job (KB)
...
006 (674974.000.000) 09/16 15:19:10 Image size of job updated: 17528904
	363  -  MemoryUsage of job (MB)
	370888  -  ResidentSetSize of job (KB)
...
006 (674974.000.000) 09/16 15:24:11 Image size of job updated: 17600220
	363  -  MemoryUsage of job (MB)
	370888  -  ResidentSetSize of job (KB)
...
006 (674974.000.000) 09/16 15:29:11 Image size of job updated: 17674952
	363  -  MemoryUsage of job (MB)
	370888  -  ResidentSetSize of job (KB)
...
006 (674974.000.000) 09/16 15:34:11 Image size of job updated: 17744252
	363  -  MemoryUsage of job (MB)
	370888  -  ResidentSetSize of job (KB)
...
006 (674974.000.000) 09/16 15:39:12 Image size of job updated: 17819880
	363  -  MemoryUsage of job (MB)
	370888  -  ResidentSetSize of job (KB)
...
006 (674974.000.000) 09/16 15:44:13 Image size of job updated: 17891392
	363  -  MemoryUsage of job (MB)
	370888  -  ResidentSetSize of job (KB)
...
006 (674974.000.000) 09/16 15:49:13 Image size of job updated: 17962876
	363  -  MemoryUsage of job (MB)
	370888  -  ResidentSetSize of job (KB)
...
006 (674974.000.000) 09/16 15:54:14 Image size of job updated: 18035368
	363  -  MemoryUsage of job (MB)
	370888  -  ResidentSetSize of job (KB)
...
006 (674974.000.000) 09/16 15:59:15 Image size of job updated: 18109092
	363  -  MemoryUsage of job (MB)
	370888  -  ResidentSetSize of job (KB)
...
006 (674974.000.000) 09/16 16:04:15 Image size of job updated: 18181612
	363  -  MemoryUsage of job (MB)
	370888  -  ResidentSetSize of job (KB)
...
006 (674974.000.000) 09/16 16:09:15 Image size of job updated: 18254888
	363  -  MemoryUsage of job (MB)
	370888  -  ResidentSetSize of job (KB)
...
006 (674974.000.000) 09/16 16:14:16 Image size of job updated: 18330460
	363  -  MemoryUsage of job (MB)
	370888  -  ResidentSetSize of job (KB)
...
006 (674974.000.000) 09/16 16:19:17 Image size of job updated: 18405108
	363  -  MemoryUsage of job (MB)
	370888  -  ResidentSetSize of job (KB)
...
006 (674974.000.000) 09/16 16:24:17 Image size of job updated: 18480624
	363  -  MemoryUsage of job (MB)
	370888  -  ResidentSetSize of job (KB)
...
006 (674974.000.000) 09/16 16:29:18 Image size of job updated: 18553816
	363  -  MemoryUsage of job (MB)
	370888  -  ResidentSetSize of job (KB)
...
006 (674974.000.000) 09/16 16:34:19 Image size of job updated: 18622976
	363  -  MemoryUsage of job (MB)
	370888  -  ResidentSetSize of job (KB)
...
006 (674974.000.000) 09/16 16:39:19 Image size of job updated: 18695608
	363  -  MemoryUsage of job (MB)
	370888  -  ResidentSetSize of job (KB)
...
006 (674974.000.000) 09/16 16:44:19 Image size of job updated: 18770004
	363  -  MemoryUsage of job (MB)
	370888  -  ResidentSetSize of job (KB)
...
006 (674974.000.000) 09/16 16:49:20 Image size of job updated: 18841768
	363  -  MemoryUsage of job (MB)
	370888  -  ResidentSetSize of job (KB)
...
006 (674974.000.000) 09/16 16:54:21 Image size of job updated: 18914036
	363  -  MemoryUsage of job (MB)
	370888  -  ResidentSetSize of job (KB)
...
006 (674974.000.000) 09/16 16:59:21 Image size of job updated: 18987340
	363  -  MemoryUsage of job (MB)
	370888  -  ResidentSetSize of job (KB)
...
006 (674974.000.000) 09/16 17:04:22 Image size of job updated: 19060392
	363  -  MemoryUsage of job (MB)
	370888  -  ResidentSetSize of job (KB)
...
006 (674974.000.000) 09/16 17:09:23 Image size of job updated: 19131288
	363  -  MemoryUsage of job (MB)
	370888  -  ResidentSetSize of job (KB)
...
006 (674974.000.000) 09/16 17:14:23 Image size of job updated: 19204732
	363  -  MemoryUsage of job (MB)
	370888  -  ResidentSetSize of job (KB)
...
006 (674974.000.000) 09/16 17:19:23 Image size of job updated: 19276272
	363  -  MemoryUsage of job (MB)
	370888  -  ResidentSetSize of job (KB)
...
006 (674974.000.000) 09/16 17:24:24 Image size of job updated: 19350472
	363  -  MemoryUsage of job (MB)
	370888  -  ResidentSetSize of job (KB)
...
006 (674974.000.000) 09/16 17:29:25 Image size of job updated: 19421816
	363  -  MemoryUsage of job (MB)
	370888  -  ResidentSetSize of job (KB)
...
006 (674974.000.000) 09/16 17:34:25 Image size of job updated: 19495288
	363  -  MemoryUsage of job (MB)
	370888  -  ResidentSetSize of job (KB)
...
006 (674974.000.000) 09/16 17:39:26 Image size of job updated: 19567388
	363  -  MemoryUsage of job (MB)
	370888  -  ResidentSetSize of job (KB)
...
006 (674974.000.000) 09/16 17:44:27 Image size of job updated: 19642960
	363  -  MemoryUsage of job (MB)
	370888  -  ResidentSetSize of job (KB)
...
006 (674974.000.000) 09/16 17:49:27 Image size of job updated: 19714388
	363  -  MemoryUsage of job (MB)
	370888  -  ResidentSetSize of job (KB)
...
006 (674974.000.000) 09/16 17:54:27 Image size of job updated: 19787608
	363  -  MemoryUsage of job (MB)
	370888  -  ResidentSetSize of job (KB)
...
006 (674974.000.000) 09/16 17:59:28 Image size of job updated: 19862872
	363  -  MemoryUsage of job (MB)
	370888  -  ResidentSetSize of job (KB)
...
006 (674974.000.000) 09/16 18:04:28 Image size of job updated: 19936232
	363  -  MemoryUsage of job (MB)
	370888  -  ResidentSetSize of job (KB)
...
006 (674974.000.000) 09/16 18:09:28 Image size of job updated: 20008640
	363  -  MemoryUsage of job (MB)
	370888  -  ResidentSetSize of job (KB)
...
006 (674974.000.000) 09/16 18:14:29 Image size of job updated: 20080488
	363  -  MemoryUsage of job (MB)
	370888  -  ResidentSetSize of job (KB)
...
006 (674974.000.000) 09/16 18:19:30 Image size of job updated: 20153652
	363  -  MemoryUsage of job (MB)
	370888  -  ResidentSetSize of job (KB)
...
006 (674974.000.000) 09/16 18:24:30 Image size of job updated: 20225136
	363  -  MemoryUsage of job (MB)
	370888  -  ResidentSetSize of job (KB)
...
006 (674974.000.000) 09/16 18:29:30 Image size of job updated: 20297544
	363  -  MemoryUsage of job (MB)
	370888  -  ResidentSetSize of job (KB)
...
006 (674974.000.000) 09/16 18:34:31 Image size of job updated: 20370708
	363  -  MemoryUsage of job (MB)
	370888  -  ResidentSetSize of job (KB)
...
006 (674974.000.000) 09/16 18:39:31 Image size of job updated: 20442164
	363  -  MemoryUsage of job (MB)
	370888  -  ResidentSetSize of job (KB)
...
006 (674974.000.000) 09/16 18:44:31 Image size of job updated: 20514992
	363  -  MemoryUsage of job (MB)
	370888  -  ResidentSetSize of job (KB)
...
006 (674974.000.000) 09/16 18:49:32 Image size of job updated: 20588072
	363  -  MemoryUsage of job (MB)
	370888  -  ResidentSetSize of job (KB)
...
006 (674974.000.000) 09/16 18:54:33 Image size of job updated: 20662020
	363  -  MemoryUsage of job (MB)
	370888  -  ResidentSetSize of job (KB)
...
006 (674974.000.000) 09/16 18:59:33 Image size of job updated: 20734820
	363  -  MemoryUsage of job (MB)
	370888  -  ResidentSetSize of job (KB)
...
006 (674974.000.000) 09/16 19:04:33 Image size of job updated: 20806416
	363  -  MemoryUsage of job (MB)
	370888  -  ResidentSetSize of job (KB)
...
006 (674974.000.000) 09/16 19:09:34 Image size of job updated: 20878208
	363  -  MemoryUsage of job (MB)
	370888  -  ResidentSetSize of job (KB)
...
006 (674974.000.000) 09/16 19:14:34 Image size of job updated: 20950392
	363  -  MemoryUsage of job (MB)
	370888  -  ResidentSetSize of job (KB)
...
006 (674974.000.000) 09/16 19:19:34 Image size of job updated: 21024676
	363  -  MemoryUsage of job (MB)
	370888  -  ResidentSetSize of job (KB)
...
006 (674974.000.000) 09/16 19:24:35 Image size of job updated: 21096188
	363  -  MemoryUsage of job (MB)
	370888  -  ResidentSetSize of job (KB)
...
006 (674974.000.000) 09/16 19:29:36 Image size of job updated: 21170976
	363  -  MemoryUsage of job (MB)
	370888  -  ResidentSetSize of job (KB)
...
006 (674974.000.000) 09/16 19:34:36 Image size of job updated: 21240808
	363  -  MemoryUsage of job (MB)
	370888  -  ResidentSetSize of job (KB)
...
006 (674974.000.000) 09/16 19:39:37 Image size of job updated: 21312040
	363  -  MemoryUsage of job (MB)
	370888  -  ResidentSetSize of job (KB)
...
006 (674974.000.000) 09/16 19:44:38 Image size of job updated: 21383916
	363  -  MemoryUsage of job (MB)
	370888  -  ResidentSetSize of job (KB)
...
006 (674974.000.000) 09/16 19:49:38 Image size of job updated: 21457276
	363  -  MemoryUsage of job (MB)
	370888  -  ResidentSetSize of job (KB)
...
006 (674974.000.000) 09/16 19:54:38 Image size of job updated: 21528620
	363  -  MemoryUsage of job (MB)
	370888  -  ResidentSetSize of job (KB)
...
006 (674974.000.000) 09/16 19:59:39 Image size of job updated: 21595624
	363  -  MemoryUsage of job (MB)
	370888  -  ResidentSetSize of job (KB)
...
006 (674974.000.000) 09/16 20:04:39 Image size of job updated: 21667808
	363  -  MemoryUsage of job (MB)
	370888  -  ResidentSetSize of job (KB)
...
006 (674974.000.000) 09/16 20:07:44 Image size of job updated: 21715520
	363  -  MemoryUsage of job (MB)
	370888  -  ResidentSetSize of job (KB)
...
005 (674974.000.000) 09/16 20:07:44 Job terminated.
	(1) Normal termination (return value 0)
		Usr 0 00:36:18, Sys 0 00:14:23  -  Run Remote Usage
		Usr 0 00:00:00, Sys 0 00:00:00  -  Run Local Usage
		Usr 0 00:36:18, Sys 0 00:14:23  -  Total Remote Usage
		Usr 0 00:00:00, Sys 0 00:00:00  -  Total Local Usage
	0  -  Run Bytes Sent By Job
	0  -  Run Bytes Received By Job
	0  -  Total Bytes Sent By Job
	0  -  Total Bytes Received By Job
	Partitionable Resources :    Usage  Request Allocated 
	   Cpus                 :     1.93        2         2 
	   Disk (KB)            :   150         150     17664 
	   Memory (MB)          :   363         196       256 
...
000 (195.000.000) 10/21 16:26:36 Job submitted from host: <140.160.143.131:9618?addrs=140.160.143.131-9618&noUDP&sock=2776_aefe_4>
...
001 (195.000.000) 10/21 16:26:38 Job executing on host: <140.160.143.142:9618?addrs=140.160.143.142-9618&noUDP&sock=1418_3562_3>
...
006 (195.000.000) 10/21 16:26:47 Image size of job updated: 924
	1  -  MemoryUsage of job (MB)
	924  -  ResidentSetSize of job (KB)
...
005 (195.000.000) 10/21 23:31:15 Job terminated.
	(1) Normal termination (return value 0)
		Usr 0 11:30:58, Sys 0 02:38:14  -  Run Remote Usage
		Usr 0 00:00:00, Sys 0 00:00:00  -  Run Local Usage
		Usr 0 11:30:58, Sys 0 02:38:14  -  Total Remote Usage
		Usr 0 00:00:00, Sys 0 00:00:00  -  Total Local Usage
	0  -  Run Bytes Sent By Job
	0  -  Run Bytes Received By Job
	0  -  Total Bytes Sent By Job
	0  -  Total Bytes Received By Job
	Partitionable Resources :    Usage  Request Allocated 
	   Cpus                 :     2.00        2         2 
	   Disk (KB)            :   150         150    888011 
	   Memory (MB)          :     1       20480     20480 
...
