000 (2266.039.000) 04/28 23:43:27 Job submitted from host: <140.160.143.131:9618?addrs=140.160.143.131-9618&noUDP&sock=3131910_565e_30>
...
001 (2266.039.000) 04/28 23:43:30 Job executing on host: <140.160.143.145:9618?addrs=140.160.143.145-9618&noUDP&sock=16120_8ec3_3>
...
006 (2266.039.000) 04/28 23:43:39 Image size of job updated: 500
	1  -  MemoryUsage of job (MB)
	500  -  ResidentSetSize of job (KB)
...
006 (2266.039.000) 04/28 23:43:57 Image size of job updated: 106548
	1  -  MemoryUsage of job (MB)
	500  -  ResidentSetSize of job (KB)
...
005 (2266.039.000) 04/28 23:43:57 Job terminated.
	(1) Normal termination (return value 0)
		Usr 0 00:00:26, Sys 0 00:00:00  -  Run Remote Usage
		Usr 0 00:00:00, Sys 0 00:00:00  -  Run Local Usage
		Usr 0 00:00:26, Sys 0 00:00:00  -  Total Remote Usage
		Usr 0 00:00:00, Sys 0 00:00:00  -  Total Local Usage
	0  -  Run Bytes Sent By Job
	0  -  Run Bytes Received By Job
	0  -  Total Bytes Sent By Job
	0  -  Total Bytes Received By Job
	Partitionable Resources :    Usage  Request Allocated 
	   Cpus                 :     1.00        1         1 
	   Disk (KB)            :   175         175    881546 
	   Memory (MB)          :     1           1       128 
...
000 (2267.039.000) 04/28 23:44:31 Job submitted from host: <140.160.143.131:9618?addrs=140.160.143.131-9618&noUDP&sock=3131910_565e_30>
...
000 (2268.039.000) 04/28 23:46:20 Job submitted from host: <140.160.143.131:9618?addrs=140.160.143.131-9618&noUDP&sock=3131910_565e_30>
...
001 (2267.039.000) 04/29 02:47:22 Job executing on host: <140.160.143.140:9618?addrs=140.160.143.140-9618&noUDP&sock=13320_fd95_3>
...
006 (2267.039.000) 04/29 02:47:31 Image size of job updated: 2896
	2  -  MemoryUsage of job (MB)
	1028  -  ResidentSetSize of job (KB)
...
006 (2267.039.000) 04/29 03:07:33 Image size of job updated: 2920
	2  -  MemoryUsage of job (MB)
	1028  -  ResidentSetSize of job (KB)
...
006 (2267.039.000) 04/29 03:32:35 Image size of job updated: 3104
	2  -  MemoryUsage of job (MB)
	1028  -  ResidentSetSize of job (KB)
...
005 (2267.039.000) 04/29 05:11:04 Job terminated.
	(1) Normal termination (return value 0)
		Usr 0 05:14:48, Sys 0 04:19:30  -  Run Remote Usage
		Usr 0 00:00:00, Sys 0 00:00:00  -  Run Local Usage
		Usr 0 05:14:48, Sys 0 04:19:30  -  Total Remote Usage
		Usr 0 00:00:00, Sys 0 00:00:00  -  Total Local Usage
	0  -  Run Bytes Sent By Job
	0  -  Run Bytes Received By Job
	0  -  Total Bytes Sent By Job
	0  -  Total Bytes Received By Job
	Partitionable Resources :    Usage  Request Allocated 
	   Cpus                 :     4.00        4         4 
	   Disk (KB)            :   175         175    881636 
	   Memory (MB)          :     2           1       128 
...
009 (2268.039.000) 05/11 09:58:29 Job was aborted by the user.
	via condor_rm (by user scoggim)
...
000 (2511.039.000) 05/27 15:03:16 Job submitted from host: <140.160.143.131:9618?addrs=140.160.143.131-9618&noUDP&sock=3131910_565e_30>
...
001 (2511.039.000) 05/27 15:04:36 Job executing on host: <140.160.143.140:9618?addrs=140.160.143.140-9618&noUDP&sock=16192_f195_3>
...
006 (2511.039.000) 05/27 15:04:44 Image size of job updated: 3684
	4  -  MemoryUsage of job (MB)
	3684  -  ResidentSetSize of job (KB)
...
006 (2511.039.000) 05/27 15:09:44 Image size of job updated: 3908
	4  -  MemoryUsage of job (MB)
	3908  -  ResidentSetSize of job (KB)
...
006 (2511.039.000) 05/27 17:09:54 Image size of job updated: 109496
	4  -  MemoryUsage of job (MB)
	3908  -  ResidentSetSize of job (KB)
...
005 (2511.039.000) 05/27 17:09:54 Job terminated.
	(1) Normal termination (return value 0)
		Usr 0 02:03:48, Sys 0 00:00:00  -  Run Remote Usage
		Usr 0 00:00:00, Sys 0 00:00:00  -  Run Local Usage
		Usr 0 02:03:48, Sys 0 00:00:00  -  Total Remote Usage
		Usr 0 00:00:00, Sys 0 00:00:00  -  Total Local Usage
	0  -  Run Bytes Sent By Job
	0  -  Run Bytes Received By Job
	0  -  Total Bytes Sent By Job
	0  -  Total Bytes Received By Job
	Partitionable Resources :    Usage  Request Allocated 
	   Cpus                 :     1.00        1         1 
	   Disk (KB)            :   175         175    881228 
	   Memory (MB)          :     4           1       128 
...
000 (2513.039.000) 05/31 13:37:02 Job submitted from host: <140.160.143.131:9618?addrs=140.160.143.131-9618&noUDP&sock=3131910_565e_30>
...
001 (2513.039.000) 05/31 13:38:05 Job executing on host: <140.160.143.153:9618?addrs=140.160.143.153-9618&noUDP&sock=3174_adb0_3>
...
006 (2513.039.000) 05/31 13:38:13 Image size of job updated: 3680
	4  -  MemoryUsage of job (MB)
	3680  -  ResidentSetSize of job (KB)
...
006 (2513.039.000) 05/31 13:43:13 Image size of job updated: 3908
	4  -  MemoryUsage of job (MB)
	3908  -  ResidentSetSize of job (KB)
...
004 (2513.039.000) 05/31 15:23:46 Job was evicted.
	(0) Job was not checkpointed.
		Usr 0 01:45:30, Sys 0 00:00:00  -  Run Remote Usage
		Usr 0 00:00:00, Sys 0 00:00:00  -  Run Local Usage
	0  -  Run Bytes Sent By Job
	0  -  Run Bytes Received By Job
	Partitionable Resources :    Usage  Request Allocated 
	   Cpus                 :     0.96        1         1 
	   Disk (KB)            :   175         175    870398 
	   Gpus                 :                           0 
	   Memory (MB)          :     4           1       128 
...
009 (2513.039.000) 05/31 15:23:47 Job was aborted by the user.
	via condor_rm (by user scoggim)
...
000 (2514.039.000) 05/31 15:29:20 Job submitted from host: <140.160.143.131:9618?addrs=140.160.143.131-9618&noUDP&sock=3131910_565e_30>
...
001 (2514.039.000) 05/31 20:13:13 Job executing on host: <140.160.143.144:9618?addrs=140.160.143.144-9618&noUDP&sock=16727_e8c0_3>
...
006 (2514.039.000) 05/31 20:13:22 Image size of job updated: 4636
	5  -  MemoryUsage of job (MB)
	4636  -  ResidentSetSize of job (KB)
...
006 (2514.039.000) 05/31 20:18:23 Image size of job updated: 4860
	5  -  MemoryUsage of job (MB)
	4860  -  ResidentSetSize of job (KB)
...
006 (2514.039.000) 05/31 20:23:23 Image size of job updated: 4864
	5  -  MemoryUsage of job (MB)
	4864  -  ResidentSetSize of job (KB)
...
005 (2514.039.000) 06/01 00:07:31 Job terminated.
	(1) Normal termination (return value 0)
		Usr 0 08:48:52, Sys 0 06:48:03  -  Run Remote Usage
		Usr 0 00:00:00, Sys 0 00:00:00  -  Run Local Usage
		Usr 0 08:48:52, Sys 0 06:48:03  -  Total Remote Usage
		Usr 0 00:00:00, Sys 0 00:00:00  -  Total Local Usage
	0  -  Run Bytes Sent By Job
	0  -  Run Bytes Received By Job
	0  -  Total Bytes Sent By Job
	0  -  Total Bytes Received By Job
	Partitionable Resources :    Usage  Request Allocated 
	   Cpus                 :     4.00        4         4 
	   Disk (KB)            :   175         175    881004 
	   Memory (MB)          :     5           1       128 
...
000 (2515.039.000) 06/01 11:47:42 Job submitted from host: <140.160.143.131:9618?addrs=140.160.143.131-9618&noUDP&sock=3131910_565e_30>
...
001 (2515.039.000) 06/01 11:47:45 Job executing on host: <140.160.143.140:9618?addrs=140.160.143.140-9618&noUDP&sock=16192_f195_3>
...
006 (2515.039.000) 06/01 11:47:54 Image size of job updated: 3680
	4  -  MemoryUsage of job (MB)
	3680  -  ResidentSetSize of job (KB)
...
006 (2515.039.000) 06/01 11:52:55 Image size of job updated: 3904
	4  -  MemoryUsage of job (MB)
	3904  -  ResidentSetSize of job (KB)
...
006 (2515.039.000) 06/01 11:57:55 Image size of job updated: 3908
	4  -  MemoryUsage of job (MB)
	3908  -  ResidentSetSize of job (KB)
...
005 (2515.039.000) 06/01 15:37:12 Job terminated.
	(1) Normal termination (return value 0)
		Usr 0 03:49:10, Sys 0 00:00:00  -  Run Remote Usage
		Usr 0 00:00:00, Sys 0 00:00:00  -  Run Local Usage
		Usr 0 03:49:10, Sys 0 00:00:00  -  Total Remote Usage
		Usr 0 00:00:00, Sys 0 00:00:00  -  Total Local Usage
	0  -  Run Bytes Sent By Job
	0  -  Run Bytes Received By Job
	0  -  Total Bytes Sent By Job
	0  -  Total Bytes Received By Job
	Partitionable Resources :    Usage  Request Allocated 
	   Cpus                 :     1.00        1         1 
	   Disk (KB)            :   175         175    881228 
	   Memory (MB)          :     4           1       128 
...
