000 (2059.131.000) 03/05 16:54:49 Job submitted from host: <140.160.143.131:9618?addrs=140.160.143.131-9618&noUDP&sock=1229063_9141_4>
...
009 (2059.131.000) 03/05 19:47:01 Job was aborted by the user.
	via condor_rm (by user scoggim)
...
000 (2113.005.000) 03/05 20:16:31 Job submitted from host: <140.160.143.131:9618?addrs=140.160.143.131-9618&noUDP&sock=1229063_9141_4>
...
009 (2113.005.000) 03/15 01:14:48 Job was aborted by the user.
	via condor_rm (by user scoggim)
...
000 (2131.131.000) 03/15 01:18:30 Job submitted from host: <140.160.143.131:9618?addrs=140.160.143.131-9618&noUDP&sock=1229063_9141_4>
...
001 (2131.131.000) 03/19 08:42:28 Job executing on host: <140.160.143.142:9618?addrs=140.160.143.142-9618&noUDP&sock=8883_93de_3>
...
006 (2131.131.000) 03/19 08:42:37 Image size of job updated: 2516
	3  -  MemoryUsage of job (MB)
	2516  -  ResidentSetSize of job (KB)
...
006 (2131.131.000) 03/19 08:47:37 Image size of job updated: 2520
	3  -  MemoryUsage of job (MB)
	2520  -  ResidentSetSize of job (KB)
...
006 (2131.131.000) 03/19 09:17:40 Image size of job updated: 2628
	3  -  MemoryUsage of job (MB)
	2628  -  ResidentSetSize of job (KB)
...
005 (2131.131.000) 03/19 13:34:57 Job terminated.
	(1) Normal termination (return value 0)
		Usr 0 13:22:17, Sys 0 06:05:51  -  Run Remote Usage
		Usr 0 00:00:00, Sys 0 00:00:00  -  Run Local Usage
		Usr 0 13:22:17, Sys 0 06:05:51  -  Total Remote Usage
		Usr 0 00:00:00, Sys 0 00:00:00  -  Total Local Usage
	0  -  Run Bytes Sent By Job
	0  -  Run Bytes Received By Job
	0  -  Total Bytes Sent By Job
	0  -  Total Bytes Received By Job
	Partitionable Resources :    Usage  Request Allocated 
	   Cpus                 :     4.00        4         4 
	   Disk (KB)            :   175         175    881178 
	   Memory (MB)          :     3           1       128 
...
