000 (2059.180.000) 03/05 16:54:49 Job submitted from host: <140.160.143.131:9618?addrs=140.160.143.131-9618&noUDP&sock=1229063_9141_4>
...
009 (2059.180.000) 03/05 19:47:02 Job was aborted by the user.
	via condor_rm (by user scoggim)
...
000 (2120.005.000) 03/05 20:16:32 Job submitted from host: <140.160.143.131:9618?addrs=140.160.143.131-9618&noUDP&sock=1229063_9141_4>
...
009 (2120.005.000) 03/15 01:14:48 Job was aborted by the user.
	via condor_rm (by user scoggim)
...
000 (2131.180.000) 03/15 01:18:30 Job submitted from host: <140.160.143.131:9618?addrs=140.160.143.131-9618&noUDP&sock=1229063_9141_4>
...
001 (2131.180.000) 03/20 08:24:36 Job executing on host: <140.160.143.143:9618?addrs=140.160.143.143-9618&noUDP&sock=6169_ffd6_3>
...
006 (2131.180.000) 03/20 08:24:44 Image size of job updated: 2484
	3  -  MemoryUsage of job (MB)
	2484  -  ResidentSetSize of job (KB)
...
006 (2131.180.000) 03/20 08:59:47 Image size of job updated: 2592
	3  -  MemoryUsage of job (MB)
	2592  -  ResidentSetSize of job (KB)
...
006 (2131.180.000) 03/20 20:25:57 Image size of job updated: 2628
	3  -  MemoryUsage of job (MB)
	2592  -  ResidentSetSize of job (KB)
...
006 (2131.180.000) 03/20 22:51:12 Image size of job updated: 2672
	3  -  MemoryUsage of job (MB)
	2592  -  ResidentSetSize of job (KB)
...
006 (2131.180.000) 03/21 02:22:58 Image size of job updated: 214732
	3  -  MemoryUsage of job (MB)
	2592  -  ResidentSetSize of job (KB)
...
005 (2131.180.000) 03/21 02:22:59 Job terminated.
	(1) Normal termination (return value 0)
		Usr 2 01:35:54, Sys 0 22:07:35  -  Run Remote Usage
		Usr 0 00:00:00, Sys 0 00:00:00  -  Run Local Usage
		Usr 2 01:35:54, Sys 0 22:07:35  -  Total Remote Usage
		Usr 0 00:00:00, Sys 0 00:00:00  -  Total Local Usage
	0  -  Run Bytes Sent By Job
	0  -  Run Bytes Received By Job
	0  -  Total Bytes Sent By Job
	0  -  Total Bytes Received By Job
	Partitionable Resources :    Usage  Request Allocated 
	   Cpus                 :     4.00        4         4 
	   Disk (KB)            :   175         175    881220 
	   Memory (MB)          :     3           1       128 
...
