000 (2059.120.000) 03/05 16:54:49 Job submitted from host: <140.160.143.131:9618?addrs=140.160.143.131-9618&noUDP&sock=1229063_9141_4>
...
009 (2059.120.000) 03/05 19:47:06 Job was aborted by the user.
	via condor_rm (by user scoggim)
...
000 (2112.001.000) 03/05 20:16:31 Job submitted from host: <140.160.143.131:9618?addrs=140.160.143.131-9618&noUDP&sock=1229063_9141_4>
...
009 (2112.001.000) 03/15 01:14:48 Job was aborted by the user.
	via condor_rm (by user scoggim)
...
000 (2131.120.000) 03/15 01:18:29 Job submitted from host: <140.160.143.131:9618?addrs=140.160.143.131-9618&noUDP&sock=1229063_9141_4>
...
001 (2131.120.000) 03/19 05:49:28 Job executing on host: <140.160.143.146:9618?addrs=140.160.143.146-9618&noUDP&sock=23249_756d_3>
...
006 (2131.120.000) 03/19 05:49:37 Image size of job updated: 2504
	3  -  MemoryUsage of job (MB)
	2504  -  ResidentSetSize of job (KB)
...
006 (2131.120.000) 03/19 05:54:38 Image size of job updated: 2508
	3  -  MemoryUsage of job (MB)
	2508  -  ResidentSetSize of job (KB)
...
006 (2131.120.000) 03/19 06:24:40 Image size of job updated: 2616
	3  -  MemoryUsage of job (MB)
	2616  -  ResidentSetSize of job (KB)
...
006 (2131.120.000) 03/19 09:45:03 Image size of job updated: 2876
	3  -  MemoryUsage of job (MB)
	2616  -  ResidentSetSize of job (KB)
...
006 (2131.120.000) 03/19 09:50:03 Image size of job updated: 3280
	3  -  MemoryUsage of job (MB)
	2616  -  ResidentSetSize of job (KB)
...
006 (2131.120.000) 03/19 10:25:07 Image size of job updated: 3284
	3  -  MemoryUsage of job (MB)
	2616  -  ResidentSetSize of job (KB)
...
006 (2131.120.000) 03/19 10:30:07 Image size of job updated: 3328
	3  -  MemoryUsage of job (MB)
	2616  -  ResidentSetSize of job (KB)
...
006 (2131.120.000) 03/19 10:35:08 Image size of job updated: 3392
	3  -  MemoryUsage of job (MB)
	2616  -  ResidentSetSize of job (KB)
...
006 (2131.120.000) 03/19 10:40:08 Image size of job updated: 3408
	3  -  MemoryUsage of job (MB)
	2616  -  ResidentSetSize of job (KB)
...
006 (2131.120.000) 03/19 10:45:08 Image size of job updated: 3424
	3  -  MemoryUsage of job (MB)
	2616  -  ResidentSetSize of job (KB)
...
006 (2131.120.000) 03/19 11:20:12 Image size of job updated: 3452
	3  -  MemoryUsage of job (MB)
	2616  -  ResidentSetSize of job (KB)
...
006 (2131.120.000) 03/19 11:25:13 Image size of job updated: 3456
	3  -  MemoryUsage of job (MB)
	2616  -  ResidentSetSize of job (KB)
...
006 (2131.120.000) 03/19 11:30:14 Image size of job updated: 3460
	3  -  MemoryUsage of job (MB)
	2616  -  ResidentSetSize of job (KB)
...
006 (2131.120.000) 03/19 13:50:28 Image size of job updated: 3864
	3  -  MemoryUsage of job (MB)
	2616  -  ResidentSetSize of job (KB)
...
006 (2131.120.000) 03/19 13:55:28 Image size of job updated: 3872
	3  -  MemoryUsage of job (MB)
	2616  -  ResidentSetSize of job (KB)
...
006 (2131.120.000) 03/19 14:00:28 Image size of job updated: 3908
	3  -  MemoryUsage of job (MB)
	2616  -  ResidentSetSize of job (KB)
...
006 (2131.120.000) 03/19 14:05:29 Image size of job updated: 3916
	3  -  MemoryUsage of job (MB)
	2616  -  ResidentSetSize of job (KB)
...
006 (2131.120.000) 03/19 14:25:31 Image size of job updated: 3928
	3  -  MemoryUsage of job (MB)
	2616  -  ResidentSetSize of job (KB)
...
005 (2131.120.000) 03/19 15:25:17 Job terminated.
	(1) Normal termination (return value 0)
		Usr 1 02:07:59, Sys 0 12:11:19  -  Run Remote Usage
		Usr 0 00:00:00, Sys 0 00:00:00  -  Run Local Usage
		Usr 1 02:07:59, Sys 0 12:11:19  -  Total Remote Usage
		Usr 0 00:00:00, Sys 0 00:00:00  -  Total Local Usage
	0  -  Run Bytes Sent By Job
	0  -  Run Bytes Received By Job
	0  -  Total Bytes Sent By Job
	0  -  Total Bytes Received By Job
	Partitionable Resources :    Usage  Request Allocated 
	   Cpus                 :     4.00        4         4 
	   Disk (KB)            :   175         175    881144 
	   Memory (MB)          :     3           1       128 
...
