000 (674488.000.000) 09/14 14:18:52 Job submitted from host: <140.160.143.130:9618?addrs=140.160.143.130-9618&noUDP&sock=5591_da80_4>
...
009 (674488.000.000) 09/14 14:20:44 Job was aborted by the user.
	via condor_rm (by user scoggim)
...
000 (674632.000.000) 09/14 14:26:02 Job submitted from host: <140.160.143.130:9618?addrs=140.160.143.130-9618&noUDP&sock=5591_da80_4>
...
000 (674776.000.000) 09/14 14:26:43 Job submitted from host: <140.160.143.130:9618?addrs=140.160.143.130-9618&noUDP&sock=5591_da80_4>
...
000 (674920.000.000) 09/14 14:27:41 Job submitted from host: <140.160.143.130:9618?addrs=140.160.143.130-9618&noUDP&sock=5591_da80_4>
...
009 (674920.000.000) 09/14 14:46:33 Job was aborted by the user.
	via condor_rm (by user scoggim)
...
009 (674632.000.000) 09/14 14:46:33 Job was aborted by the user.
	via condor_rm (by user scoggim)
...
009 (674776.000.000) 09/14 14:46:33 Job was aborted by the user.
	via condor_rm (by user scoggim)
...
000 (675100.000.000) 09/14 22:20:28 Job submitted from host: <140.160.143.130:9618?addrs=140.160.143.130-9618&noUDP&sock=5591_da80_4>
...
001 (675100.000.000) 09/21 03:27:14 Job executing on host: <140.160.143.154:9618?addrs=140.160.143.154-9618&noUDP&sock=4512_bfcf_3>
...
006 (675100.000.000) 09/21 03:27:23 Image size of job updated: 3972
	4  -  MemoryUsage of job (MB)
	3972  -  ResidentSetSize of job (KB)
...
006 (675100.000.000) 09/21 03:32:23 Image size of job updated: 14132
	14  -  MemoryUsage of job (MB)
	14132  -  ResidentSetSize of job (KB)
...
006 (675100.000.000) 09/21 03:37:23 Image size of job updated: 23964
	24  -  MemoryUsage of job (MB)
	23964  -  ResidentSetSize of job (KB)
...
006 (675100.000.000) 09/21 03:42:24 Image size of job updated: 32804
	33  -  MemoryUsage of job (MB)
	32804  -  ResidentSetSize of job (KB)
...
006 (675100.000.000) 09/21 03:47:25 Image size of job updated: 42664
	42  -  MemoryUsage of job (MB)
	42664  -  ResidentSetSize of job (KB)
...
006 (675100.000.000) 09/21 03:52:25 Image size of job updated: 51380
	51  -  MemoryUsage of job (MB)
	51380  -  ResidentSetSize of job (KB)
...
006 (675100.000.000) 09/21 03:57:26 Image size of job updated: 59940
	59  -  MemoryUsage of job (MB)
	59940  -  ResidentSetSize of job (KB)
...
006 (675100.000.000) 09/21 04:02:27 Image size of job updated: 69184
	68  -  MemoryUsage of job (MB)
	69184  -  ResidentSetSize of job (KB)
...
006 (675100.000.000) 09/21 04:07:27 Image size of job updated: 79480
	78  -  MemoryUsage of job (MB)
	79480  -  ResidentSetSize of job (KB)
...
006 (675100.000.000) 09/21 04:12:27 Image size of job updated: 87804
	86  -  MemoryUsage of job (MB)
	87804  -  ResidentSetSize of job (KB)
...
006 (675100.000.000) 09/21 04:17:28 Image size of job updated: 97612
	96  -  MemoryUsage of job (MB)
	97612  -  ResidentSetSize of job (KB)
...
006 (675100.000.000) 09/21 04:22:29 Image size of job updated: 107460
	105  -  MemoryUsage of job (MB)
	107460  -  ResidentSetSize of job (KB)
...
006 (675100.000.000) 09/21 04:27:29 Image size of job updated: 118272
	116  -  MemoryUsage of job (MB)
	118272  -  ResidentSetSize of job (KB)
...
006 (675100.000.000) 09/21 04:32:30 Image size of job updated: 126596
	124  -  MemoryUsage of job (MB)
	126596  -  ResidentSetSize of job (KB)
...
006 (675100.000.000) 09/21 04:37:31 Image size of job updated: 137284
	135  -  MemoryUsage of job (MB)
	137284  -  ResidentSetSize of job (KB)
...
006 (675100.000.000) 09/21 04:42:31 Image size of job updated: 147700
	145  -  MemoryUsage of job (MB)
	147700  -  ResidentSetSize of job (KB)
...
006 (675100.000.000) 09/21 04:47:31 Image size of job updated: 156444
	153  -  MemoryUsage of job (MB)
	156444  -  ResidentSetSize of job (KB)
...
006 (675100.000.000) 09/21 04:52:32 Image size of job updated: 166452
	163  -  MemoryUsage of job (MB)
	166452  -  ResidentSetSize of job (KB)
...
006 (675100.000.000) 09/21 04:57:32 Image size of job updated: 170876
	167  -  MemoryUsage of job (MB)
	170876  -  ResidentSetSize of job (KB)
...
013 (675100.000.000) 09/23 09:38:46 Job was released.
	via condor_release (by user condor)
...
012 (675100.000.000) 09/24 11:06:53 Job was held.
	via condor_hold (by user condor)
	Code 1 Subcode 0
...
