000 (2060.005.000) 03/05 20:07:43 Job submitted from host: <140.160.143.131:9618?addrs=140.160.143.131-9618&noUDP&sock=1229063_9141_4>
...
009 (2060.005.000) 03/05 20:07:52 Job was aborted by the user.
	via condor_rm (by user scoggim)
...
000 (2067.005.000) 03/05 20:16:27 Job submitted from host: <140.160.143.131:9618?addrs=140.160.143.131-9618&noUDP&sock=1229063_9141_4>
...
001 (2067.005.000) 03/08 09:13:17 Job executing on host: <140.160.143.147:9618?addrs=140.160.143.147-9618&noUDP&sock=28833_9e45_3>
...
006 (2067.005.000) 03/08 09:13:25 Image size of job updated: 968
	1  -  MemoryUsage of job (MB)
	968  -  ResidentSetSize of job (KB)
...
006 (2067.005.000) 03/08 09:23:26 Image size of job updated: 972
	1  -  MemoryUsage of job (MB)
	972  -  ResidentSetSize of job (KB)
...
005 (2067.005.000) 03/08 09:51:01 Job terminated.
	(1) Normal termination (return value 0)
		Usr 0 01:36:56, Sys 0 00:53:37  -  Run Remote Usage
		Usr 0 00:00:00, Sys 0 00:00:00  -  Run Local Usage
		Usr 0 01:36:56, Sys 0 00:53:37  -  Total Remote Usage
		Usr 0 00:00:00, Sys 0 00:00:00  -  Total Local Usage
	0  -  Run Bytes Sent By Job
	0  -  Run Bytes Received By Job
	0  -  Total Bytes Sent By Job
	0  -  Total Bytes Received By Job
	Partitionable Resources :    Usage  Request Allocated 
	   Cpus                 :     3.99        4         4 
	   Disk (KB)            :   175         175    197501 
	   Memory (MB)          :     1           1       128 
...
000 (2134.005.000) 03/25 11:02:21 Job submitted from host: <140.160.143.131:9618?addrs=140.160.143.131-9618&noUDP&sock=3219958_f11d_13>
...
009 (2134.005.000) 03/25 11:05:05 Job was aborted by the user.
	via condor_rm (by user scoggim)
...
000 (2135.005.000) 03/25 11:05:14 Job submitted from host: <140.160.143.131:9618?addrs=140.160.143.131-9618&noUDP&sock=3219958_f11d_13>
...
001 (2135.005.000) 03/25 20:05:19 Job executing on host: <140.160.143.140:9618?addrs=140.160.143.140-9618&noUDP&sock=13320_fd95_3>
...
006 (2135.005.000) 03/25 20:05:28 Image size of job updated: 4576
	5  -  MemoryUsage of job (MB)
	4400  -  ResidentSetSize of job (KB)
...
006 (2135.005.000) 03/25 20:10:29 Image size of job updated: 4908
	5  -  MemoryUsage of job (MB)
	4400  -  ResidentSetSize of job (KB)
...
006 (2135.005.000) 03/25 21:15:36 Image size of job updated: 5132
	5  -  MemoryUsage of job (MB)
	4624  -  ResidentSetSize of job (KB)
...
006 (2135.005.000) 03/26 03:11:16 Image size of job updated: 5328
	5  -  MemoryUsage of job (MB)
	4624  -  ResidentSetSize of job (KB)
...
006 (2135.005.000) 03/26 03:26:18 Image size of job updated: 5636
	5  -  MemoryUsage of job (MB)
	4624  -  ResidentSetSize of job (KB)
...
006 (2135.005.000) 03/26 04:31:24 Image size of job updated: 5812
	5  -  MemoryUsage of job (MB)
	4624  -  ResidentSetSize of job (KB)
...
006 (2135.005.000) 03/26 05:11:29 Image size of job updated: 6696
	5  -  MemoryUsage of job (MB)
	4624  -  ResidentSetSize of job (KB)
...
006 (2135.005.000) 03/26 06:06:35 Image size of job updated: 6780
	5  -  MemoryUsage of job (MB)
	4624  -  ResidentSetSize of job (KB)
...
005 (2135.005.000) 03/27 07:41:02 Job terminated.
	(1) Normal termination (return value 0)
		Usr 4 08:13:29, Sys 1 13:50:21  -  Run Remote Usage
		Usr 0 00:00:00, Sys 0 00:00:00  -  Run Local Usage
		Usr 4 08:13:29, Sys 1 13:50:21  -  Total Remote Usage
		Usr 0 00:00:00, Sys 0 00:00:00  -  Total Local Usage
	0  -  Run Bytes Sent By Job
	0  -  Run Bytes Received By Job
	0  -  Total Bytes Sent By Job
	0  -  Total Bytes Received By Job
	Partitionable Resources :    Usage  Request Allocated 
	   Cpus                 :     4.00        4         4 
	   Disk (KB)            :   175         175    881636 
	   Memory (MB)          :     5           1       128 
...
