000 (674383.000.000) 09/14 14:18:49 Job submitted from host: <140.160.143.130:9618?addrs=140.160.143.130-9618&noUDP&sock=5591_da80_4>
...
009 (674383.000.000) 09/14 14:20:43 Job was aborted by the user.
	via condor_rm (by user scoggim)
...
000 (674527.000.000) 09/14 14:25:57 Job submitted from host: <140.160.143.130:9618?addrs=140.160.143.130-9618&noUDP&sock=5591_da80_4>
...
000 (674671.000.000) 09/14 14:26:39 Job submitted from host: <140.160.143.130:9618?addrs=140.160.143.130-9618&noUDP&sock=5591_da80_4>
...
000 (674815.000.000) 09/14 14:27:38 Job submitted from host: <140.160.143.130:9618?addrs=140.160.143.130-9618&noUDP&sock=5591_da80_4>
...
009 (674815.000.000) 09/14 14:46:32 Job was aborted by the user.
	via condor_rm (by user scoggim)
...
009 (674527.000.000) 09/14 14:46:33 Job was aborted by the user.
	via condor_rm (by user scoggim)
...
009 (674671.000.000) 09/14 14:46:33 Job was aborted by the user.
	via condor_rm (by user scoggim)
...
000 (674995.000.000) 09/14 22:20:24 Job submitted from host: <140.160.143.130:9618?addrs=140.160.143.130-9618&noUDP&sock=5591_da80_4>
...
001 (674995.000.000) 09/15 10:22:43 Job executing on host: <140.160.143.156:9618?addrs=140.160.143.156-9618&noUDP&sock=4471_a06d_3>
...
006 (674995.000.000) 09/15 10:22:51 Image size of job updated: 2620
	3  -  MemoryUsage of job (MB)
	2620  -  ResidentSetSize of job (KB)
...
006 (674995.000.000) 09/15 10:27:51 Image size of job updated: 75348
	74  -  MemoryUsage of job (MB)
	75348  -  ResidentSetSize of job (KB)
...
006 (674995.000.000) 09/15 10:32:52 Image size of job updated: 148784
	146  -  MemoryUsage of job (MB)
	148784  -  ResidentSetSize of job (KB)
...
006 (674995.000.000) 09/15 10:37:53 Image size of job updated: 222716
	218  -  MemoryUsage of job (MB)
	222716  -  ResidentSetSize of job (KB)
...
006 (674995.000.000) 09/15 10:42:53 Image size of job updated: 231100
	226  -  MemoryUsage of job (MB)
	231100  -  ResidentSetSize of job (KB)
...
006 (674995.000.000) 09/15 17:33:33 Image size of job updated: 6406800
	226  -  MemoryUsage of job (MB)
	231100  -  ResidentSetSize of job (KB)
...
006 (674995.000.000) 09/15 17:38:33 Image size of job updated: 6479628
	226  -  MemoryUsage of job (MB)
	231100  -  ResidentSetSize of job (KB)
...
006 (674995.000.000) 09/15 17:43:33 Image size of job updated: 6551784
	226  -  MemoryUsage of job (MB)
	231100  -  ResidentSetSize of job (KB)
...
006 (674995.000.000) 09/15 17:48:34 Image size of job updated: 6625032
	226  -  MemoryUsage of job (MB)
	231100  -  ResidentSetSize of job (KB)
...
006 (674995.000.000) 09/15 17:53:35 Image size of job updated: 6697860
	226  -  MemoryUsage of job (MB)
	231100  -  ResidentSetSize of job (KB)
...
006 (674995.000.000) 09/15 17:58:35 Image size of job updated: 6771388
	226  -  MemoryUsage of job (MB)
	231100  -  ResidentSetSize of job (KB)
...
006 (674995.000.000) 09/15 18:03:35 Image size of job updated: 6843824
	226  -  MemoryUsage of job (MB)
	231100  -  ResidentSetSize of job (KB)
...
006 (674995.000.000) 09/15 18:08:36 Image size of job updated: 6911948
	226  -  MemoryUsage of job (MB)
	231100  -  ResidentSetSize of job (KB)
...
006 (674995.000.000) 09/15 18:13:36 Image size of job updated: 6984076
	226  -  MemoryUsage of job (MB)
	231100  -  ResidentSetSize of job (KB)
...
006 (674995.000.000) 09/15 18:18:36 Image size of job updated: 7056316
	226  -  MemoryUsage of job (MB)
	231100  -  ResidentSetSize of job (KB)
...
006 (674995.000.000) 09/15 18:23:37 Image size of job updated: 7130796
	226  -  MemoryUsage of job (MB)
	231100  -  ResidentSetSize of job (KB)
...
006 (674995.000.000) 09/15 18:28:37 Image size of job updated: 7202924
	226  -  MemoryUsage of job (MB)
	231100  -  ResidentSetSize of job (KB)
...
006 (674995.000.000) 09/15 18:33:38 Image size of job updated: 7276256
	226  -  MemoryUsage of job (MB)
	231100  -  ResidentSetSize of job (KB)
...
006 (674995.000.000) 09/15 18:38:38 Image size of job updated: 7347236
	226  -  MemoryUsage of job (MB)
	231100  -  ResidentSetSize of job (KB)
...
006 (674995.000.000) 09/15 18:43:38 Image size of job updated: 7419532
	226  -  MemoryUsage of job (MB)
	231100  -  ResidentSetSize of job (KB)
...
006 (674995.000.000) 09/15 18:48:39 Image size of job updated: 7493676
	226  -  MemoryUsage of job (MB)
	231100  -  ResidentSetSize of job (KB)
...
006 (674995.000.000) 09/15 18:53:40 Image size of job updated: 7566756
	226  -  MemoryUsage of job (MB)
	231100  -  ResidentSetSize of job (KB)
...
006 (674995.000.000) 09/15 18:58:40 Image size of job updated: 7638884
	226  -  MemoryUsage of job (MB)
	231100  -  ResidentSetSize of job (KB)
...
006 (674995.000.000) 09/15 19:03:42 Image size of job updated: 7710536
	226  -  MemoryUsage of job (MB)
	231100  -  ResidentSetSize of job (KB)
...
006 (674995.000.000) 09/15 19:08:42 Image size of job updated: 7782888
	226  -  MemoryUsage of job (MB)
	231100  -  ResidentSetSize of job (KB)
...
006 (674995.000.000) 09/15 19:13:42 Image size of job updated: 7855296
	226  -  MemoryUsage of job (MB)
	231100  -  ResidentSetSize of job (KB)
...
006 (674995.000.000) 09/15 19:18:44 Image size of job updated: 7927340
	226  -  MemoryUsage of job (MB)
	231100  -  ResidentSetSize of job (KB)
...
006 (674995.000.000) 09/15 19:23:44 Image size of job updated: 7999580
	226  -  MemoryUsage of job (MB)
	231100  -  ResidentSetSize of job (KB)
...
006 (674995.000.000) 09/15 19:28:44 Image size of job updated: 8071764
	226  -  MemoryUsage of job (MB)
	231100  -  ResidentSetSize of job (KB)
...
006 (674995.000.000) 09/15 19:33:45 Image size of job updated: 8143780
	226  -  MemoryUsage of job (MB)
	231100  -  ResidentSetSize of job (KB)
...
006 (674995.000.000) 09/15 19:38:46 Image size of job updated: 8216272
	226  -  MemoryUsage of job (MB)
	231100  -  ResidentSetSize of job (KB)
...
006 (674995.000.000) 09/15 19:43:46 Image size of job updated: 8288568
	226  -  MemoryUsage of job (MB)
	231100  -  ResidentSetSize of job (KB)
...
006 (674995.000.000) 09/15 19:48:47 Image size of job updated: 8360892
	226  -  MemoryUsage of job (MB)
	231100  -  ResidentSetSize of job (KB)
...
006 (674995.000.000) 09/15 19:53:48 Image size of job updated: 8432516
	226  -  MemoryUsage of job (MB)
	231100  -  ResidentSetSize of job (KB)
...
006 (674995.000.000) 09/15 19:58:48 Image size of job updated: 8505260
	226  -  MemoryUsage of job (MB)
	231100  -  ResidentSetSize of job (KB)
...
006 (674995.000.000) 09/15 20:03:48 Image size of job updated: 8578508
	226  -  MemoryUsage of job (MB)
	231100  -  ResidentSetSize of job (KB)
...
006 (674995.000.000) 09/15 20:08:50 Image size of job updated: 8649264
	226  -  MemoryUsage of job (MB)
	231100  -  ResidentSetSize of job (KB)
...
006 (674995.000.000) 09/15 20:13:50 Image size of job updated: 8722008
	226  -  MemoryUsage of job (MB)
	231100  -  ResidentSetSize of job (KB)
...
006 (674995.000.000) 09/15 20:18:50 Image size of job updated: 8793184
	226  -  MemoryUsage of job (MB)
	231100  -  ResidentSetSize of job (KB)
...
006 (674995.000.000) 09/15 20:23:51 Image size of job updated: 8862120
	226  -  MemoryUsage of job (MB)
	231100  -  ResidentSetSize of job (KB)
...
006 (674995.000.000) 09/15 20:28:51 Image size of job updated: 8933884
	226  -  MemoryUsage of job (MB)
	231100  -  ResidentSetSize of job (KB)
...
006 (674995.000.000) 09/15 20:33:51 Image size of job updated: 9007160
	226  -  MemoryUsage of job (MB)
	231100  -  ResidentSetSize of job (KB)
...
006 (674995.000.000) 09/15 20:38:52 Image size of job updated: 9079540
	226  -  MemoryUsage of job (MB)
	231100  -  ResidentSetSize of job (KB)
...
006 (674995.000.000) 09/15 20:43:52 Image size of job updated: 9151276
	226  -  MemoryUsage of job (MB)
	231100  -  ResidentSetSize of job (KB)
...
006 (674995.000.000) 09/15 20:48:52 Image size of job updated: 9223432
	226  -  MemoryUsage of job (MB)
	231100  -  ResidentSetSize of job (KB)
...
006 (674995.000.000) 09/15 20:53:53 Image size of job updated: 9296540
	226  -  MemoryUsage of job (MB)
	231100  -  ResidentSetSize of job (KB)
...
006 (674995.000.000) 09/15 20:58:53 Image size of job updated: 9368724
	226  -  MemoryUsage of job (MB)
	231100  -  ResidentSetSize of job (KB)
...
006 (674995.000.000) 09/15 21:03:53 Image size of job updated: 9440880
	226  -  MemoryUsage of job (MB)
	231100  -  ResidentSetSize of job (KB)
...
006 (674995.000.000) 09/15 21:08:54 Image size of job updated: 9513344
	226  -  MemoryUsage of job (MB)
	231100  -  ResidentSetSize of job (KB)
...
006 (674995.000.000) 09/15 21:13:54 Image size of job updated: 9586256
	226  -  MemoryUsage of job (MB)
	231100  -  ResidentSetSize of job (KB)
...
006 (674995.000.000) 09/15 21:18:54 Image size of job updated: 9659392
	226  -  MemoryUsage of job (MB)
	231100  -  ResidentSetSize of job (KB)
...
006 (674995.000.000) 09/15 21:23:55 Image size of job updated: 9732024
	226  -  MemoryUsage of job (MB)
	231100  -  ResidentSetSize of job (KB)
...
006 (674995.000.000) 09/15 21:28:56 Image size of job updated: 9804572
	226  -  MemoryUsage of job (MB)
	231100  -  ResidentSetSize of job (KB)
...
006 (674995.000.000) 09/15 21:33:56 Image size of job updated: 9878324
	226  -  MemoryUsage of job (MB)
	231100  -  ResidentSetSize of job (KB)
...
006 (674995.000.000) 09/15 21:38:57 Image size of job updated: 9951432
	226  -  MemoryUsage of job (MB)
	231100  -  ResidentSetSize of job (KB)
...
006 (674995.000.000) 09/15 21:43:58 Image size of job updated: 10024568
	226  -  MemoryUsage of job (MB)
	231100  -  ResidentSetSize of job (KB)
...
006 (674995.000.000) 09/15 21:48:58 Image size of job updated: 10097004
	226  -  MemoryUsage of job (MB)
	231100  -  ResidentSetSize of job (KB)
...
006 (674995.000.000) 09/15 21:53:58 Image size of job updated: 10166360
	226  -  MemoryUsage of job (MB)
	231100  -  ResidentSetSize of job (KB)
...
006 (674995.000.000) 09/15 21:58:59 Image size of job updated: 10237648
	226  -  MemoryUsage of job (MB)
	231100  -  ResidentSetSize of job (KB)
...
006 (674995.000.000) 09/15 22:04:00 Image size of job updated: 10308740
	226  -  MemoryUsage of job (MB)
	231100  -  ResidentSetSize of job (KB)
...
006 (674995.000.000) 09/15 22:09:00 Image size of job updated: 10380868
	226  -  MemoryUsage of job (MB)
	231100  -  ResidentSetSize of job (KB)
...
006 (674995.000.000) 09/15 22:14:01 Image size of job updated: 10450784
	226  -  MemoryUsage of job (MB)
	231100  -  ResidentSetSize of job (KB)
...
006 (674995.000.000) 09/15 22:19:02 Image size of job updated: 10521484
	226  -  MemoryUsage of job (MB)
	231100  -  ResidentSetSize of job (KB)
...
006 (674995.000.000) 09/15 22:24:02 Image size of job updated: 10593108
	226  -  MemoryUsage of job (MB)
	231100  -  ResidentSetSize of job (KB)
...
006 (674995.000.000) 09/15 22:29:02 Image size of job updated: 10663864
	226  -  MemoryUsage of job (MB)
	231100  -  ResidentSetSize of job (KB)
...
006 (674995.000.000) 09/15 22:34:03 Image size of job updated: 10734256
	226  -  MemoryUsage of job (MB)
	231100  -  ResidentSetSize of job (KB)
...
006 (674995.000.000) 09/15 22:39:04 Image size of job updated: 10803836
	226  -  MemoryUsage of job (MB)
	231100  -  ResidentSetSize of job (KB)
...
006 (674995.000.000) 09/15 22:44:04 Image size of job updated: 10875936
	226  -  MemoryUsage of job (MB)
	231100  -  ResidentSetSize of job (KB)
...
006 (674995.000.000) 09/15 22:49:05 Image size of job updated: 10947000
	226  -  MemoryUsage of job (MB)
	231100  -  ResidentSetSize of job (KB)
...
006 (674995.000.000) 09/15 22:54:06 Image size of job updated: 11015068
	226  -  MemoryUsage of job (MB)
	231100  -  ResidentSetSize of job (KB)
...
006 (674995.000.000) 09/15 22:59:06 Image size of job updated: 11083920
	226  -  MemoryUsage of job (MB)
	231100  -  ResidentSetSize of job (KB)
...
006 (674995.000.000) 09/15 23:04:06 Image size of job updated: 11156524
	226  -  MemoryUsage of job (MB)
	231100  -  ResidentSetSize of job (KB)
...
006 (674995.000.000) 09/15 23:09:07 Image size of job updated: 11227644
	226  -  MemoryUsage of job (MB)
	231100  -  ResidentSetSize of job (KB)
...
006 (674995.000.000) 09/15 23:14:07 Image size of job updated: 11299520
	226  -  MemoryUsage of job (MB)
	231100  -  ResidentSetSize of job (KB)
...
006 (674995.000.000) 09/15 23:19:07 Image size of job updated: 11371004
	226  -  MemoryUsage of job (MB)
	231100  -  ResidentSetSize of job (KB)
...
006 (674995.000.000) 09/15 23:24:08 Image size of job updated: 11443272
	226  -  MemoryUsage of job (MB)
	231100  -  ResidentSetSize of job (KB)
...
006 (674995.000.000) 09/15 23:29:08 Image size of job updated: 11513440
	226  -  MemoryUsage of job (MB)
	231100  -  ResidentSetSize of job (KB)
...
006 (674995.000.000) 09/15 23:34:08 Image size of job updated: 11584252
	226  -  MemoryUsage of job (MB)
	231100  -  ResidentSetSize of job (KB)
...
006 (674995.000.000) 09/15 23:39:09 Image size of job updated: 11656660
	226  -  MemoryUsage of job (MB)
	231100  -  ResidentSetSize of job (KB)
...
006 (674995.000.000) 09/15 23:44:10 Image size of job updated: 11728844
	226  -  MemoryUsage of job (MB)
	231100  -  ResidentSetSize of job (KB)
...
006 (674995.000.000) 09/15 23:49:10 Image size of job updated: 11801560
	226  -  MemoryUsage of job (MB)
	231100  -  ResidentSetSize of job (KB)
...
006 (674995.000.000) 09/15 23:54:11 Image size of job updated: 11874584
	226  -  MemoryUsage of job (MB)
	231100  -  ResidentSetSize of job (KB)
...
006 (674995.000.000) 09/15 23:59:12 Image size of job updated: 11945116
	226  -  MemoryUsage of job (MB)
	231100  -  ResidentSetSize of job (KB)
...
006 (674995.000.000) 09/16 00:04:12 Image size of job updated: 12016068
	226  -  MemoryUsage of job (MB)
	231100  -  ResidentSetSize of job (KB)
...
006 (674995.000.000) 09/16 00:09:12 Image size of job updated: 12085788
	226  -  MemoryUsage of job (MB)
	231100  -  ResidentSetSize of job (KB)
...
006 (674995.000.000) 09/16 00:14:13 Image size of job updated: 12156544
	226  -  MemoryUsage of job (MB)
	231100  -  ResidentSetSize of job (KB)
...
006 (674995.000.000) 09/16 00:19:14 Image size of job updated: 12226544
	226  -  MemoryUsage of job (MB)
	231100  -  ResidentSetSize of job (KB)
...
006 (674995.000.000) 09/16 00:24:14 Image size of job updated: 12296964
	226  -  MemoryUsage of job (MB)
	231100  -  ResidentSetSize of job (KB)
...
006 (674995.000.000) 09/16 00:29:15 Image size of job updated: 12366936
	226  -  MemoryUsage of job (MB)
	231100  -  ResidentSetSize of job (KB)
...
006 (674995.000.000) 09/16 00:34:16 Image size of job updated: 12438392
	226  -  MemoryUsage of job (MB)
	231100  -  ResidentSetSize of job (KB)
...
006 (674995.000.000) 09/16 00:39:16 Image size of job updated: 12509112
	226  -  MemoryUsage of job (MB)
	231100  -  ResidentSetSize of job (KB)
...
006 (674995.000.000) 09/16 00:44:16 Image size of job updated: 12579596
	226  -  MemoryUsage of job (MB)
	231100  -  ResidentSetSize of job (KB)
...
006 (674995.000.000) 09/16 00:49:17 Image size of job updated: 12652116
	226  -  MemoryUsage of job (MB)
	231100  -  ResidentSetSize of job (KB)
...
006 (674995.000.000) 09/16 00:54:17 Image size of job updated: 12723124
	226  -  MemoryUsage of job (MB)
	231100  -  ResidentSetSize of job (KB)
...
006 (674995.000.000) 09/16 00:59:17 Image size of job updated: 12796120
	226  -  MemoryUsage of job (MB)
	231100  -  ResidentSetSize of job (KB)
...
006 (674995.000.000) 09/16 01:04:18 Image size of job updated: 12866932
	226  -  MemoryUsage of job (MB)
	231100  -  ResidentSetSize of job (KB)
...
006 (674995.000.000) 09/16 01:09:18 Image size of job updated: 12936288
	226  -  MemoryUsage of job (MB)
	231100  -  ResidentSetSize of job (KB)
...
006 (674995.000.000) 09/16 01:14:18 Image size of job updated: 13009088
	226  -  MemoryUsage of job (MB)
	231100  -  ResidentSetSize of job (KB)
...
006 (674995.000.000) 09/16 01:19:19 Image size of job updated: 13078668
	226  -  MemoryUsage of job (MB)
	231100  -  ResidentSetSize of job (KB)
...
006 (674995.000.000) 09/16 01:24:20 Image size of job updated: 13143488
	226  -  MemoryUsage of job (MB)
	231100  -  ResidentSetSize of job (KB)
...
006 (674995.000.000) 09/16 01:29:20 Image size of job updated: 13213096
	226  -  MemoryUsage of job (MB)
	231100  -  ResidentSetSize of job (KB)
...
006 (674995.000.000) 09/16 01:34:21 Image size of job updated: 13282984
	226  -  MemoryUsage of job (MB)
	231100  -  ResidentSetSize of job (KB)
...
006 (674995.000.000) 09/16 01:39:22 Image size of job updated: 13354272
	226  -  MemoryUsage of job (MB)
	231100  -  ResidentSetSize of job (KB)
...
006 (674995.000.000) 09/16 01:44:22 Image size of job updated: 13426904
	226  -  MemoryUsage of job (MB)
	231100  -  ResidentSetSize of job (KB)
...
006 (674995.000.000) 09/16 01:49:22 Image size of job updated: 13497856
	226  -  MemoryUsage of job (MB)
	231100  -  ResidentSetSize of job (KB)
...
006 (674995.000.000) 09/16 01:54:23 Image size of job updated: 13568052
	226  -  MemoryUsage of job (MB)
	231100  -  ResidentSetSize of job (KB)
...
006 (674995.000.000) 09/16 01:59:23 Image size of job updated: 13641020
	226  -  MemoryUsage of job (MB)
	231100  -  ResidentSetSize of job (KB)
...
006 (674995.000.000) 09/16 02:04:23 Image size of job updated: 13711636
	226  -  MemoryUsage of job (MB)
	231100  -  ResidentSetSize of job (KB)
...
006 (674995.000.000) 09/16 02:09:24 Image size of job updated: 13784100
	226  -  MemoryUsage of job (MB)
	231100  -  ResidentSetSize of job (KB)
...
006 (674995.000.000) 09/16 02:14:25 Image size of job updated: 13856228
	226  -  MemoryUsage of job (MB)
	231100  -  ResidentSetSize of job (KB)
...
006 (674995.000.000) 09/16 02:19:25 Image size of job updated: 13927544
	226  -  MemoryUsage of job (MB)
	231100  -  ResidentSetSize of job (KB)
...
006 (674995.000.000) 09/16 02:24:25 Image size of job updated: 13997656
	226  -  MemoryUsage of job (MB)
	231100  -  ResidentSetSize of job (KB)
...
006 (674995.000.000) 09/16 02:29:26 Image size of job updated: 14067236
	226  -  MemoryUsage of job (MB)
	231100  -  ResidentSetSize of job (KB)
...
006 (674995.000.000) 09/16 02:34:26 Image size of job updated: 14136004
	226  -  MemoryUsage of job (MB)
	231100  -  ResidentSetSize of job (KB)
...
006 (674995.000.000) 09/16 02:39:26 Image size of job updated: 14203764
	226  -  MemoryUsage of job (MB)
	231100  -  ResidentSetSize of job (KB)
...
006 (674995.000.000) 09/16 02:44:27 Image size of job updated: 14272588
	226  -  MemoryUsage of job (MB)
	231100  -  ResidentSetSize of job (KB)
...
006 (674995.000.000) 09/16 02:49:28 Image size of job updated: 14339844
	226  -  MemoryUsage of job (MB)
	231100  -  ResidentSetSize of job (KB)
...
006 (674995.000.000) 09/16 02:54:28 Image size of job updated: 14410992
	226  -  MemoryUsage of job (MB)
	231100  -  ResidentSetSize of job (KB)
...
006 (674995.000.000) 09/16 02:59:28 Image size of job updated: 14479732
	226  -  MemoryUsage of job (MB)
	231100  -  ResidentSetSize of job (KB)
...
006 (674995.000.000) 09/16 03:04:29 Image size of job updated: 14549424
	226  -  MemoryUsage of job (MB)
	231100  -  ResidentSetSize of job (KB)
...
006 (674995.000.000) 09/16 03:09:29 Image size of job updated: 14619396
	226  -  MemoryUsage of job (MB)
	231100  -  ResidentSetSize of job (KB)
...
006 (674995.000.000) 09/16 03:14:29 Image size of job updated: 14687968
	226  -  MemoryUsage of job (MB)
	231100  -  ResidentSetSize of job (KB)
...
006 (674995.000.000) 09/16 03:19:30 Image size of job updated: 14757492
	226  -  MemoryUsage of job (MB)
	231100  -  ResidentSetSize of job (KB)
...
006 (674995.000.000) 09/16 03:24:31 Image size of job updated: 14828024
	226  -  MemoryUsage of job (MB)
	231100  -  ResidentSetSize of job (KB)
...
006 (674995.000.000) 09/16 03:29:31 Image size of job updated: 14897772
	226  -  MemoryUsage of job (MB)
	231100  -  ResidentSetSize of job (KB)
...
006 (674995.000.000) 09/16 03:34:32 Image size of job updated: 14965616
	226  -  MemoryUsage of job (MB)
	231100  -  ResidentSetSize of job (KB)
...
006 (674995.000.000) 09/16 03:39:33 Image size of job updated: 15032116
	226  -  MemoryUsage of job (MB)
	231100  -  ResidentSetSize of job (KB)
...
006 (674995.000.000) 09/16 03:44:33 Image size of job updated: 15098224
	226  -  MemoryUsage of job (MB)
	231100  -  ResidentSetSize of job (KB)
...
006 (674995.000.000) 09/16 03:49:33 Image size of job updated: 15167636
	226  -  MemoryUsage of job (MB)
	231100  -  ResidentSetSize of job (KB)
...
006 (674995.000.000) 09/16 03:54:34 Image size of job updated: 15237132
	226  -  MemoryUsage of job (MB)
	231100  -  ResidentSetSize of job (KB)
...
006 (674995.000.000) 09/16 03:59:34 Image size of job updated: 15305984
	226  -  MemoryUsage of job (MB)
	231100  -  ResidentSetSize of job (KB)
...
006 (674995.000.000) 09/16 04:04:35 Image size of job updated: 15374920
	226  -  MemoryUsage of job (MB)
	231100  -  ResidentSetSize of job (KB)
...
006 (674995.000.000) 09/16 04:09:35 Image size of job updated: 15445592
	226  -  MemoryUsage of job (MB)
	231100  -  ResidentSetSize of job (KB)
...
006 (674995.000.000) 09/16 04:14:36 Image size of job updated: 15517720
	226  -  MemoryUsage of job (MB)
	231100  -  ResidentSetSize of job (KB)
...
006 (674995.000.000) 09/16 04:19:36 Image size of job updated: 15586012
	226  -  MemoryUsage of job (MB)
	231100  -  ResidentSetSize of job (KB)
...
006 (674995.000.000) 09/16 04:24:36 Image size of job updated: 15658868
	226  -  MemoryUsage of job (MB)
	231100  -  ResidentSetSize of job (KB)
...
006 (674995.000.000) 09/16 04:29:37 Image size of job updated: 15730884
	226  -  MemoryUsage of job (MB)
	231100  -  ResidentSetSize of job (KB)
...
006 (674995.000.000) 09/16 04:34:38 Image size of job updated: 15801304
	226  -  MemoryUsage of job (MB)
	231100  -  ResidentSetSize of job (KB)
...
006 (674995.000.000) 09/16 04:39:38 Image size of job updated: 15871136
	226  -  MemoryUsage of job (MB)
	231100  -  ResidentSetSize of job (KB)
...
006 (674995.000.000) 09/16 04:44:39 Image size of job updated: 15942088
	226  -  MemoryUsage of job (MB)
	231100  -  ResidentSetSize of job (KB)
...
006 (674995.000.000) 09/16 04:49:40 Image size of job updated: 16011276
	226  -  MemoryUsage of job (MB)
	231100  -  ResidentSetSize of job (KB)
...
006 (674995.000.000) 09/16 04:54:40 Image size of job updated: 16082508
	226  -  MemoryUsage of job (MB)
	231100  -  ResidentSetSize of job (KB)
...
006 (674995.000.000) 09/16 04:59:40 Image size of job updated: 16152872
	226  -  MemoryUsage of job (MB)
	231100  -  ResidentSetSize of job (KB)
...
006 (674995.000.000) 09/16 05:04:41 Image size of job updated: 16221920
	226  -  MemoryUsage of job (MB)
	231100  -  ResidentSetSize of job (KB)
...
006 (674995.000.000) 09/16 05:09:42 Image size of job updated: 16293404
	226  -  MemoryUsage of job (MB)
	231100  -  ResidentSetSize of job (KB)
...
006 (674995.000.000) 09/16 05:14:42 Image size of job updated: 16363236
	226  -  MemoryUsage of job (MB)
	231100  -  ResidentSetSize of job (KB)
...
006 (674995.000.000) 09/16 05:19:43 Image size of job updated: 16432564
	226  -  MemoryUsage of job (MB)
	231100  -  ResidentSetSize of job (KB)
...
006 (674995.000.000) 09/16 05:24:44 Image size of job updated: 16499232
	226  -  MemoryUsage of job (MB)
	231100  -  ResidentSetSize of job (KB)
...
006 (674995.000.000) 09/16 05:29:44 Image size of job updated: 16571948
	226  -  MemoryUsage of job (MB)
	231100  -  ResidentSetSize of job (KB)
...
006 (674995.000.000) 09/16 05:34:44 Image size of job updated: 16638392
	226  -  MemoryUsage of job (MB)
	231100  -  ResidentSetSize of job (KB)
...
006 (674995.000.000) 09/16 05:39:46 Image size of job updated: 16710912
	226  -  MemoryUsage of job (MB)
	231100  -  ResidentSetSize of job (KB)
...
006 (674995.000.000) 09/16 05:44:46 Image size of job updated: 16781248
	226  -  MemoryUsage of job (MB)
	231100  -  ResidentSetSize of job (KB)
...
006 (674995.000.000) 09/16 05:49:46 Image size of job updated: 16851304
	226  -  MemoryUsage of job (MB)
	231100  -  ResidentSetSize of job (KB)
...
006 (674995.000.000) 09/16 05:54:47 Image size of job updated: 16924468
	226  -  MemoryUsage of job (MB)
	231100  -  ResidentSetSize of job (KB)
...
006 (674995.000.000) 09/16 05:59:48 Image size of job updated: 16992620
	226  -  MemoryUsage of job (MB)
	231100  -  ResidentSetSize of job (KB)
...
006 (674995.000.000) 09/16 06:04:48 Image size of job updated: 17062900
	226  -  MemoryUsage of job (MB)
	231100  -  ResidentSetSize of job (KB)
...
006 (674995.000.000) 09/16 06:09:48 Image size of job updated: 17133320
	226  -  MemoryUsage of job (MB)
	231100  -  ResidentSetSize of job (KB)
...
006 (674995.000.000) 09/16 06:14:49 Image size of job updated: 17203628
	226  -  MemoryUsage of job (MB)
	231100  -  ResidentSetSize of job (KB)
...
006 (674995.000.000) 09/16 06:19:49 Image size of job updated: 17275000
	226  -  MemoryUsage of job (MB)
	231100  -  ResidentSetSize of job (KB)
...
006 (674995.000.000) 09/16 06:24:49 Image size of job updated: 17346540
	226  -  MemoryUsage of job (MB)
	231100  -  ResidentSetSize of job (KB)
...
006 (674995.000.000) 09/16 06:29:51 Image size of job updated: 17417184
	226  -  MemoryUsage of job (MB)
	231100  -  ResidentSetSize of job (KB)
...
006 (674995.000.000) 09/16 06:34:51 Image size of job updated: 17486652
	226  -  MemoryUsage of job (MB)
	231100  -  ResidentSetSize of job (KB)
...
006 (674995.000.000) 09/16 06:39:52 Image size of job updated: 17556204
	226  -  MemoryUsage of job (MB)
	231100  -  ResidentSetSize of job (KB)
...
006 (674995.000.000) 09/16 06:44:52 Image size of job updated: 17633232
	226  -  MemoryUsage of job (MB)
	231100  -  ResidentSetSize of job (KB)
...
006 (674995.000.000) 09/16 06:49:53 Image size of job updated: 17707432
	226  -  MemoryUsage of job (MB)
	231100  -  ResidentSetSize of job (KB)
...
006 (674995.000.000) 09/16 06:54:54 Image size of job updated: 17775192
	226  -  MemoryUsage of job (MB)
	231100  -  ResidentSetSize of job (KB)
...
006 (674995.000.000) 09/16 06:55:20 Image size of job updated: 17782668
	226  -  MemoryUsage of job (MB)
	231100  -  ResidentSetSize of job (KB)
...
005 (674995.000.000) 09/16 06:55:20 Job terminated.
	(0) Abnormal termination (signal 9)
	(0) No core file
		Usr 0 00:22:20, Sys 0 00:08:41  -  Run Remote Usage
		Usr 0 00:00:00, Sys 0 00:00:00  -  Run Local Usage
		Usr 0 00:22:20, Sys 0 00:08:41  -  Total Remote Usage
		Usr 0 00:00:00, Sys 0 00:00:00  -  Total Local Usage
	0  -  Run Bytes Sent By Job
	0  -  Run Bytes Received By Job
	0  -  Total Bytes Sent By Job
	0  -  Total Bytes Received By Job
	Partitionable Resources :    Usage  Request Allocated 
	   Cpus                 :     1.88        2         2 
	   Disk (KB)            :   150         150     17664 
	   Memory (MB)          :   226           1       128 
...
000 (213.000.000) 10/21 16:26:37 Job submitted from host: <140.160.143.131:9618?addrs=140.160.143.131-9618&noUDP&sock=2776_aefe_4>
...
001 (213.000.000) 10/21 23:28:13 Job executing on host: <140.160.143.145:9618?addrs=140.160.143.145-9618&noUDP&sock=1466_21ee_3>
...
006 (213.000.000) 10/21 23:28:21 Image size of job updated: 908
	1  -  MemoryUsage of job (MB)
	908  -  ResidentSetSize of job (KB)
...
006 (213.000.000) 10/22 00:13:26 Image size of job updated: 912
	1  -  MemoryUsage of job (MB)
	912  -  ResidentSetSize of job (KB)
...
005 (213.000.000) 10/22 06:22:03 Job terminated.
	(1) Normal termination (return value 0)
		Usr 0 11:12:16, Sys 0 02:35:22  -  Run Remote Usage
		Usr 0 00:00:00, Sys 0 00:00:00  -  Run Local Usage
		Usr 0 11:12:16, Sys 0 02:35:22  -  Total Remote Usage
		Usr 0 00:00:00, Sys 0 00:00:00  -  Total Local Usage
	0  -  Run Bytes Sent By Job
	0  -  Run Bytes Received By Job
	0  -  Total Bytes Sent By Job
	0  -  Total Bytes Received By Job
	Partitionable Resources :    Usage  Request Allocated 
	   Cpus                 :     2.00        2         2 
	   Disk (KB)            :   150         150    888078 
	   Memory (MB)          :     1       20480     20480 
...
