000 (674476.000.000) 09/14 14:18:52 Job submitted from host: <140.160.143.130:9618?addrs=140.160.143.130-9618&noUDP&sock=5591_da80_4>
...
009 (674476.000.000) 09/14 14:20:43 Job was aborted by the user.
	via condor_rm (by user scoggim)
...
000 (674620.000.000) 09/14 14:26:01 Job submitted from host: <140.160.143.130:9618?addrs=140.160.143.130-9618&noUDP&sock=5591_da80_4>
...
000 (674764.000.000) 09/14 14:26:43 Job submitted from host: <140.160.143.130:9618?addrs=140.160.143.130-9618&noUDP&sock=5591_da80_4>
...
000 (674908.000.000) 09/14 14:27:41 Job submitted from host: <140.160.143.130:9618?addrs=140.160.143.130-9618&noUDP&sock=5591_da80_4>
...
009 (674620.000.000) 09/14 14:46:32 Job was aborted by the user.
	via condor_rm (by user scoggim)
...
009 (674764.000.000) 09/14 14:46:33 Job was aborted by the user.
	via condor_rm (by user scoggim)
...
009 (674908.000.000) 09/14 14:46:34 Job was aborted by the user.
	via condor_rm (by user scoggim)
...
000 (675088.000.000) 09/14 22:20:27 Job submitted from host: <140.160.143.130:9618?addrs=140.160.143.130-9618&noUDP&sock=5591_da80_4>
...
001 (675088.000.000) 09/20 03:43:55 Job executing on host: <140.160.143.156:9618?addrs=140.160.143.156-9618&noUDP&sock=4471_a06d_3>
...
006 (675088.000.000) 09/20 03:44:04 Image size of job updated: 3968
	4  -  MemoryUsage of job (MB)
	3968  -  ResidentSetSize of job (KB)
...
006 (675088.000.000) 09/20 03:49:05 Image size of job updated: 15944
	16  -  MemoryUsage of job (MB)
	15944  -  ResidentSetSize of job (KB)
...
006 (675088.000.000) 09/20 03:54:05 Image size of job updated: 26384
	26  -  MemoryUsage of job (MB)
	26384  -  ResidentSetSize of job (KB)
...
006 (675088.000.000) 09/20 03:59:06 Image size of job updated: 38352
	38  -  MemoryUsage of job (MB)
	38352  -  ResidentSetSize of job (KB)
...
006 (675088.000.000) 09/20 04:04:07 Image size of job updated: 49360
	49  -  MemoryUsage of job (MB)
	49360  -  ResidentSetSize of job (KB)
...
006 (675088.000.000) 09/20 04:09:07 Image size of job updated: 57316
	56  -  MemoryUsage of job (MB)
	57316  -  ResidentSetSize of job (KB)
...
013 (675088.000.000) 09/23 09:38:47 Job was released.
	via condor_release (by user condor)
...
001 (675088.000.000) 09/24 09:16:54 Job executing on host: <140.160.143.152:9618?addrs=140.160.143.152-9618&noUDP&sock=4519_8cf9_3>
...
006 (675088.000.000) 09/24 09:47:06 Image size of job updated: 80504
	79  -  MemoryUsage of job (MB)
	80504  -  ResidentSetSize of job (KB)
...
006 (675088.000.000) 09/24 09:52:06 Image size of job updated: 93368
	92  -  MemoryUsage of job (MB)
	93368  -  ResidentSetSize of job (KB)
...
006 (675088.000.000) 09/24 09:57:07 Image size of job updated: 106792
	105  -  MemoryUsage of job (MB)
	106792  -  ResidentSetSize of job (KB)
...
006 (675088.000.000) 09/24 10:02:08 Image size of job updated: 118384
	116  -  MemoryUsage of job (MB)
	118384  -  ResidentSetSize of job (KB)
...
006 (675088.000.000) 09/24 10:07:08 Image size of job updated: 132144
	130  -  MemoryUsage of job (MB)
	132144  -  ResidentSetSize of job (KB)
...
006 (675088.000.000) 09/24 10:12:08 Image size of job updated: 144920
	142  -  MemoryUsage of job (MB)
	144920  -  ResidentSetSize of job (KB)
...
006 (675088.000.000) 09/24 10:17:09 Image size of job updated: 157704
	155  -  MemoryUsage of job (MB)
	157704  -  ResidentSetSize of job (KB)
...
006 (675088.000.000) 09/24 10:22:10 Image size of job updated: 170400
	167  -  MemoryUsage of job (MB)
	170400  -  ResidentSetSize of job (KB)
...
006 (675088.000.000) 09/24 10:27:10 Image size of job updated: 183052
	179  -  MemoryUsage of job (MB)
	183052  -  ResidentSetSize of job (KB)
...
006 (675088.000.000) 09/24 10:32:11 Image size of job updated: 195748
	192  -  MemoryUsage of job (MB)
	195748  -  ResidentSetSize of job (KB)
...
006 (675088.000.000) 09/24 10:37:12 Image size of job updated: 208568
	204  -  MemoryUsage of job (MB)
	208568  -  ResidentSetSize of job (KB)
...
006 (675088.000.000) 09/24 10:42:12 Image size of job updated: 221464
	217  -  MemoryUsage of job (MB)
	221464  -  ResidentSetSize of job (KB)
...
006 (675088.000.000) 09/24 10:47:12 Image size of job updated: 233248
	228  -  MemoryUsage of job (MB)
	233248  -  ResidentSetSize of job (KB)
...
006 (675088.000.000) 09/24 10:52:13 Image size of job updated: 247044
	242  -  MemoryUsage of job (MB)
	247044  -  ResidentSetSize of job (KB)
...
006 (675088.000.000) 09/24 10:57:14 Image size of job updated: 259756
	254  -  MemoryUsage of job (MB)
	259756  -  ResidentSetSize of job (KB)
...
006 (675088.000.000) 09/24 11:02:14 Image size of job updated: 272440
	267  -  MemoryUsage of job (MB)
	272440  -  ResidentSetSize of job (KB)
...
006 (675088.000.000) 09/24 11:06:53 Image size of job updated: 422368
	267  -  MemoryUsage of job (MB)
	272440  -  ResidentSetSize of job (KB)
...
004 (675088.000.000) 09/24 11:06:53 Job was evicted.
	(0) Job was not checkpointed.
		Usr 0 02:56:57, Sys 0 00:42:32  -  Run Remote Usage
		Usr 0 00:00:00, Sys 0 00:00:00  -  Run Local Usage
	0  -  Run Bytes Sent By Job
	0  -  Run Bytes Received By Job
	Partitionable Resources :    Usage  Request Allocated 
	   Cpus                 :     2.00        2         2 
	   Disk (KB)            :   150         150     17651 
	   Memory (MB)          :   267          74       128 
...
012 (675088.000.000) 09/24 11:06:54 Job was held.
	via condor_hold (by user condor)
	Code 1 Subcode 0
...
