000 (2265.183.000) 04/28 23:41:53 Job submitted from host: <140.160.143.131:9618?addrs=140.160.143.131-9618&noUDP&sock=3131910_565e_30>
...
009 (2265.183.000) 04/28 23:42:33 Job was aborted by the user.
	via condor_rm (by user scoggim)
...
000 (2266.352.000) 04/28 23:43:27 Job submitted from host: <140.160.143.131:9618?addrs=140.160.143.131-9618&noUDP&sock=3131910_565e_30>
...
000 (2267.352.000) 04/28 23:44:31 Job submitted from host: <140.160.143.131:9618?addrs=140.160.143.131-9618&noUDP&sock=3131910_565e_30>
...
000 (2268.352.000) 04/28 23:46:20 Job submitted from host: <140.160.143.131:9618?addrs=140.160.143.131-9618&noUDP&sock=3131910_565e_30>
...
001 (2266.352.000) 04/28 23:46:24 Job executing on host: <140.160.143.153:9618?addrs=140.160.143.153-9618&noUDP&sock=18020_ccb5_3>
...
006 (2266.352.000) 04/28 23:46:32 Image size of job updated: 500
	1  -  MemoryUsage of job (MB)
	500  -  ResidentSetSize of job (KB)
...
006 (2266.352.000) 04/28 23:47:13 Image size of job updated: 508
	1  -  MemoryUsage of job (MB)
	500  -  ResidentSetSize of job (KB)
...
005 (2266.352.000) 04/28 23:47:13 Job terminated.
	(1) Normal termination (return value 0)
		Usr 0 00:00:48, Sys 0 00:00:00  -  Run Remote Usage
		Usr 0 00:00:00, Sys 0 00:00:00  -  Run Local Usage
		Usr 0 00:00:48, Sys 0 00:00:00  -  Total Remote Usage
		Usr 0 00:00:00, Sys 0 00:00:00  -  Total Local Usage
	0  -  Run Bytes Sent By Job
	0  -  Run Bytes Received By Job
	0  -  Total Bytes Sent By Job
	0  -  Total Bytes Received By Job
	Partitionable Resources :    Usage  Request Allocated 
	   Cpus                 :     1.00        1         1 
	   Disk (KB)            :   175         175    870367 
	   Gpus                 :                           0 
	   Memory (MB)          :     1           1       128 
...
001 (2267.352.000) 04/30 12:52:35 Job executing on host: <140.160.143.143:9618?addrs=140.160.143.143-9618&noUDP&sock=6169_ffd6_3>
...
006 (2267.352.000) 04/30 12:52:44 Image size of job updated: 1044
	2  -  MemoryUsage of job (MB)
	1044  -  ResidentSetSize of job (KB)
...
005 (2267.352.000) 04/30 14:53:54 Job terminated.
	(1) Normal termination (return value 0)
		Usr 0 04:24:45, Sys 0 03:40:23  -  Run Remote Usage
		Usr 0 00:00:00, Sys 0 00:00:00  -  Run Local Usage
		Usr 0 04:24:45, Sys 0 03:40:23  -  Total Remote Usage
		Usr 0 00:00:00, Sys 0 00:00:00  -  Total Local Usage
	0  -  Run Bytes Sent By Job
	0  -  Run Bytes Received By Job
	0  -  Total Bytes Sent By Job
	0  -  Total Bytes Received By Job
	Partitionable Resources :    Usage  Request Allocated 
	   Cpus                 :     4.00        4         4 
	   Disk (KB)            :   175         175    881220 
	   Memory (MB)          :     2           1       128 
...
009 (2268.352.000) 05/11 09:58:34 Job was aborted by the user.
	via condor_rm (by user scoggim)
...
000 (2511.352.000) 05/27 15:03:18 Job submitted from host: <140.160.143.131:9618?addrs=140.160.143.131-9618&noUDP&sock=3131910_565e_30>
...
001 (2511.352.000) 05/27 16:42:15 Job executing on host: <140.160.143.167:9618?addrs=140.160.143.167-9618&noUDP&sock=7312_0096_3>
...
006 (2511.352.000) 05/27 16:42:23 Image size of job updated: 3692
	4  -  MemoryUsage of job (MB)
	3692  -  ResidentSetSize of job (KB)
...
006 (2511.352.000) 05/27 16:47:23 Image size of job updated: 3916
	4  -  MemoryUsage of job (MB)
	3916  -  ResidentSetSize of job (KB)
...
005 (2511.352.000) 05/27 18:10:13 Job terminated.
	(1) Normal termination (return value 0)
		Usr 0 01:27:57, Sys 0 00:00:00  -  Run Remote Usage
		Usr 0 00:00:00, Sys 0 00:00:00  -  Run Local Usage
		Usr 0 01:27:57, Sys 0 00:00:00  -  Total Remote Usage
		Usr 0 00:00:00, Sys 0 00:00:00  -  Total Local Usage
	0  -  Run Bytes Sent By Job
	0  -  Run Bytes Received By Job
	0  -  Total Bytes Sent By Job
	0  -  Total Bytes Received By Job
	Partitionable Resources :    Usage  Request Allocated 
	   Cpus                 :     1.00        1         1 
	   Disk (KB)            :   175         175    844567 
	   Memory (MB)          :     4           1       128 
...
000 (2513.352.000) 05/31 13:37:10 Job submitted from host: <140.160.143.131:9618?addrs=140.160.143.131-9618&noUDP&sock=3131910_565e_30>
...
009 (2513.352.000) 05/31 15:23:50 Job was aborted by the user.
	via condor_rm (by user scoggim)
...
000 (2514.352.000) 05/31 15:29:20 Job submitted from host: <140.160.143.131:9618?addrs=140.160.143.131-9618&noUDP&sock=3131910_565e_30>
...
009 (2514.352.000) 06/01 11:47:16 Job was aborted by the user.
	via condor_rm (by user scoggim)
...
000 (2515.352.000) 06/01 11:47:43 Job submitted from host: <140.160.143.131:9618?addrs=140.160.143.131-9618&noUDP&sock=3131910_565e_30>
...
001 (2515.352.000) 06/01 21:15:33 Job executing on host: <140.160.143.147:9618?addrs=140.160.143.147-9618&noUDP&sock=26984_5ba8_3>
...
006 (2515.352.000) 06/01 21:15:41 Image size of job updated: 3680
	4  -  MemoryUsage of job (MB)
	3680  -  ResidentSetSize of job (KB)
...
006 (2515.352.000) 06/01 21:20:41 Image size of job updated: 3904
	4  -  MemoryUsage of job (MB)
	3904  -  ResidentSetSize of job (KB)
...
006 (2515.352.000) 06/01 21:25:42 Image size of job updated: 3908
	4  -  MemoryUsage of job (MB)
	3908  -  ResidentSetSize of job (KB)
...
005 (2515.352.000) 06/02 02:38:43 Job terminated.
	(1) Normal termination (return value 0)
		Usr 0 05:22:54, Sys 0 00:00:00  -  Run Remote Usage
		Usr 0 00:00:00, Sys 0 00:00:00  -  Run Local Usage
		Usr 0 05:22:54, Sys 0 00:00:00  -  Total Remote Usage
		Usr 0 00:00:00, Sys 0 00:00:00  -  Total Local Usage
	0  -  Run Bytes Sent By Job
	0  -  Run Bytes Received By Job
	0  -  Total Bytes Sent By Job
	0  -  Total Bytes Received By Job
	Partitionable Resources :    Usage  Request Allocated 
	   Cpus                 :     1.00        1         1 
	   Disk (KB)            :   175         175    196727 
	   Memory (MB)          :     4           1       128 
...
