000 (2267.847.000) 04/28 23:44:32 Job submitted from host: <140.160.143.131:9618?addrs=140.160.143.131-9618&noUDP&sock=3131910_565e_30>
...
000 (2268.847.000) 04/28 23:46:21 Job submitted from host: <140.160.143.131:9618?addrs=140.160.143.131-9618&noUDP&sock=3131910_565e_30>
...
001 (2267.847.000) 05/04 09:50:27 Job executing on host: <140.160.143.164:9618?addrs=140.160.143.164-9618&noUDP&sock=59457_2292_3>
...
006 (2267.847.000) 05/04 09:50:36 Image size of job updated: 2724
	3  -  MemoryUsage of job (MB)
	2724  -  ResidentSetSize of job (KB)
...
005 (2267.847.000) 05/05 09:01:44 Job terminated.
	(1) Normal termination (return value 0)
		Usr 2 08:41:23, Sys 1 12:02:19  -  Run Remote Usage
		Usr 0 00:00:00, Sys 0 00:00:00  -  Run Local Usage
		Usr 2 08:41:23, Sys 1 12:02:19  -  Total Remote Usage
		Usr 0 00:00:00, Sys 0 00:00:00  -  Total Local Usage
	0  -  Run Bytes Sent By Job
	0  -  Run Bytes Received By Job
	0  -  Total Bytes Sent By Job
	0  -  Total Bytes Received By Job
	Partitionable Resources :    Usage  Request Allocated 
	   Cpus                 :     4.00        4         4 
	   Disk (KB)            :   175         175    844642 
	   Memory (MB)          :     3           1       128 
...
009 (2268.847.000) 05/11 09:58:42 Job was aborted by the user.
	via condor_rm (by user scoggim)
...
000 (2400.171.000) 05/11 12:37:09 Job submitted from host: <140.160.143.131:9618?addrs=140.160.143.131-9618&noUDP&sock=3131910_565e_30>
...
001 (2400.171.000) 05/11 18:22:54 Job executing on host: <140.160.143.143:9618?addrs=140.160.143.143-9618&noUDP&sock=6169_ffd6_3>
...
006 (2400.171.000) 05/11 18:23:02 Image size of job updated: 2048
	2  -  MemoryUsage of job (MB)
	2048  -  ResidentSetSize of job (KB)
...
006 (2400.171.000) 05/13 17:45:27 Image size of job updated: 107764
	2  -  MemoryUsage of job (MB)
	2048  -  ResidentSetSize of job (KB)
...
005 (2400.171.000) 05/13 17:45:27 Job terminated.
	(1) Normal termination (return value 0)
		Usr 1 23:18:24, Sys 0 00:00:02  -  Run Remote Usage
		Usr 0 00:00:00, Sys 0 00:00:00  -  Run Local Usage
		Usr 1 23:18:24, Sys 0 00:00:02  -  Total Remote Usage
		Usr 0 00:00:00, Sys 0 00:00:00  -  Total Local Usage
	0  -  Run Bytes Sent By Job
	0  -  Run Bytes Received By Job
	0  -  Total Bytes Sent By Job
	0  -  Total Bytes Received By Job
	Partitionable Resources :    Usage  Request Allocated 
	   Cpus                 :     1.00        1         1 
	   Disk (KB)            :   175         175    881220 
	   Memory (MB)          :     2           1       128 
...
000 (2511.847.000) 05/27 15:03:37 Job submitted from host: <140.160.143.131:9618?addrs=140.160.143.131-9618&noUDP&sock=3131910_565e_30>
...
001 (2511.847.000) 05/28 08:24:25 Job executing on host: <140.160.143.167:9618?addrs=140.160.143.167-9618&noUDP&sock=7312_0096_3>
...
006 (2511.847.000) 05/28 08:24:34 Image size of job updated: 36632
	36  -  MemoryUsage of job (MB)
	36632  -  ResidentSetSize of job (KB)
...
006 (2511.847.000) 05/28 09:24:39 Image size of job updated: 41532
	41  -  MemoryUsage of job (MB)
	41532  -  ResidentSetSize of job (KB)
...
006 (2511.847.000) 05/31 13:14:21 Image size of job updated: 145796
	41  -  MemoryUsage of job (MB)
	41532  -  ResidentSetSize of job (KB)
...
004 (2511.847.000) 05/31 13:14:21 Job was evicted.
	(0) Job was not checkpointed.
		Usr 3 04:49:51, Sys 0 00:00:02  -  Run Remote Usage
		Usr 0 00:00:00, Sys 0 00:00:00  -  Run Local Usage
	0  -  Run Bytes Sent By Job
	0  -  Run Bytes Received By Job
	Partitionable Resources :    Usage  Request Allocated 
	   Cpus                 :     1.00        1         1 
	   Disk (KB)            :   175         175    844567 
	   Memory (MB)          :    41           1       128 
...
009 (2511.847.000) 05/31 13:14:21 Job was aborted by the user.
	via condor_rm (by user scoggim)
...
000 (2516.171.000) 06/02 11:26:47 Job submitted from host: <140.160.143.131:9618?addrs=140.160.143.131-9618&noUDP&sock=3131910_565e_30>
...
009 (2516.171.000) 06/03 01:05:36 Job was aborted by the user.
	via condor_rm (by user scoggim)
...
000 (2523.171.000) 06/03 01:09:45 Job submitted from host: <140.160.143.131:9618?addrs=140.160.143.131-9618&noUDP&sock=3131910_565e_30>
...
009 (2523.171.000) 06/03 01:12:02 Job was aborted by the user.
	via condor_rm (by user scoggim)
...
000 (2524.171.000) 06/03 01:12:07 Job submitted from host: <140.160.143.131:9618?addrs=140.160.143.131-9618&noUDP&sock=3131910_565e_30>
...
009 (2524.171.000) 06/03 11:11:23 Job was aborted by the user.
	via condor_rm (by user scoggim)
...
000 (2525.171.000) 06/03 11:11:41 Job submitted from host: <140.160.143.131:9618?addrs=140.160.143.131-9618&noUDP&sock=3131910_565e_30>
...
001 (2525.171.000) 06/06 17:31:00 Job executing on host: <140.160.143.144:9618?addrs=140.160.143.144-9618&noUDP&sock=16727_e8c0_3>
...
006 (2525.171.000) 06/06 17:31:09 Image size of job updated: 62172
	61  -  MemoryUsage of job (MB)
	62172  -  ResidentSetSize of job (KB)
...
006 (2525.171.000) 06/06 22:01:35 Image size of job updated: 67068
	66  -  MemoryUsage of job (MB)
	67068  -  ResidentSetSize of job (KB)
...
005 (2525.171.000) 06/08 12:53:03 Job terminated.
	(1) Normal termination (return value 0)
		Usr 1 19:16:06, Sys 0 00:00:05  -  Run Remote Usage
		Usr 0 00:00:00, Sys 0 00:00:00  -  Run Local Usage
		Usr 1 19:16:06, Sys 0 00:00:05  -  Total Remote Usage
		Usr 0 00:00:00, Sys 0 00:00:00  -  Total Local Usage
	0  -  Run Bytes Sent By Job
	0  -  Run Bytes Received By Job
	0  -  Total Bytes Sent By Job
	0  -  Total Bytes Received By Job
	Partitionable Resources :    Usage  Request Allocated 
	   Cpus                 :     0.99        1         1 
	   Disk (KB)            :   175         175    881004 
	   Memory (MB)          :    66           1       128 
...
