000 (674411.000.000) 09/14 14:18:50 Job submitted from host: <140.160.143.130:9618?addrs=140.160.143.130-9618&noUDP&sock=5591_da80_4>
...
009 (674411.000.000) 09/14 14:20:43 Job was aborted by the user.
	via condor_rm (by user scoggim)
...
000 (674555.000.000) 09/14 14:25:58 Job submitted from host: <140.160.143.130:9618?addrs=140.160.143.130-9618&noUDP&sock=5591_da80_4>
...
000 (674699.000.000) 09/14 14:26:40 Job submitted from host: <140.160.143.130:9618?addrs=140.160.143.130-9618&noUDP&sock=5591_da80_4>
...
000 (674843.000.000) 09/14 14:27:39 Job submitted from host: <140.160.143.130:9618?addrs=140.160.143.130-9618&noUDP&sock=5591_da80_4>
...
009 (674555.000.000) 09/14 14:46:32 Job was aborted by the user.
	via condor_rm (by user scoggim)
...
009 (674699.000.000) 09/14 14:46:33 Job was aborted by the user.
	via condor_rm (by user scoggim)
...
009 (674843.000.000) 09/14 14:46:34 Job was aborted by the user.
	via condor_rm (by user scoggim)
...
000 (675023.000.000) 09/14 22:20:25 Job submitted from host: <140.160.143.130:9618?addrs=140.160.143.130-9618&noUDP&sock=5591_da80_4>
...
001 (675023.000.000) 09/15 22:03:47 Job executing on host: <140.160.143.157:9618?addrs=140.160.143.157-9618&noUDP&sock=4484_2bf8_11>
...
006 (675023.000.000) 09/15 22:03:56 Image size of job updated: 4592
	4  -  MemoryUsage of job (MB)
	3120  -  ResidentSetSize of job (KB)
...
006 (675023.000.000) 09/15 22:08:57 Image size of job updated: 80044
	77  -  MemoryUsage of job (MB)
	78572  -  ResidentSetSize of job (KB)
...
006 (675023.000.000) 09/15 22:13:58 Image size of job updated: 150252
	146  -  MemoryUsage of job (MB)
	148780  -  ResidentSetSize of job (KB)
...
006 (675023.000.000) 09/15 22:18:58 Image size of job updated: 216076
	210  -  MemoryUsage of job (MB)
	214604  -  ResidentSetSize of job (KB)
...
006 (675023.000.000) 09/15 22:23:59 Image size of job updated: 279048
	272  -  MemoryUsage of job (MB)
	277576  -  ResidentSetSize of job (KB)
...
006 (675023.000.000) 09/15 22:29:00 Image size of job updated: 341884
	333  -  MemoryUsage of job (MB)
	340412  -  ResidentSetSize of job (KB)
...
006 (675023.000.000) 09/15 22:34:00 Image size of job updated: 405696
	395  -  MemoryUsage of job (MB)
	404224  -  ResidentSetSize of job (KB)
...
006 (675023.000.000) 09/15 22:39:00 Image size of job updated: 469064
	457  -  MemoryUsage of job (MB)
	467592  -  ResidentSetSize of job (KB)
...
006 (675023.000.000) 09/15 22:44:01 Image size of job updated: 532156
	519  -  MemoryUsage of job (MB)
	530684  -  ResidentSetSize of job (KB)
...
006 (675023.000.000) 09/15 22:49:01 Image size of job updated: 594224
	579  -  MemoryUsage of job (MB)
	592752  -  ResidentSetSize of job (KB)
...
006 (675023.000.000) 09/15 22:54:01 Image size of job updated: 654968
	639  -  MemoryUsage of job (MB)
	653496  -  ResidentSetSize of job (KB)
...
006 (675023.000.000) 09/15 22:59:02 Image size of job updated: 719356
	702  -  MemoryUsage of job (MB)
	717884  -  ResidentSetSize of job (KB)
...
006 (675023.000.000) 09/15 23:04:03 Image size of job updated: 784296
	765  -  MemoryUsage of job (MB)
	782824  -  ResidentSetSize of job (KB)
...
006 (675023.000.000) 09/15 23:09:03 Image size of job updated: 847152
	826  -  MemoryUsage of job (MB)
	845680  -  ResidentSetSize of job (KB)
...
006 (675023.000.000) 09/15 23:14:04 Image size of job updated: 903188
	882  -  MemoryUsage of job (MB)
	903148  -  ResidentSetSize of job (KB)
...
006 (675023.000.000) 09/15 23:21:34 Image size of job updated: 903616
	883  -  MemoryUsage of job (MB)
	903568  -  ResidentSetSize of job (KB)
...
006 (675023.000.000) 09/15 23:33:33 Image size of job updated: 903936
	883  -  MemoryUsage of job (MB)
	903896  -  ResidentSetSize of job (KB)
...
006 (675023.000.000) 09/15 23:48:05 Image size of job updated: 907024
	886  -  MemoryUsage of job (MB)
	906648  -  ResidentSetSize of job (KB)
...
006 (675023.000.000) 09/15 23:57:57 Image size of job updated: 1008500
	985  -  MemoryUsage of job (MB)
	1008124  -  ResidentSetSize of job (KB)
...
006 (675023.000.000) 09/16 00:03:52 Image size of job updated: 1066896
	1042  -  MemoryUsage of job (MB)
	1066520  -  ResidentSetSize of job (KB)
...
006 (675023.000.000) 09/16 00:08:53 Image size of job updated: 1120216
	1094  -  MemoryUsage of job (MB)
	1119840  -  ResidentSetSize of job (KB)
...
006 (675023.000.000) 09/16 00:13:54 Image size of job updated: 1171640
	1144  -  MemoryUsage of job (MB)
	1171264  -  ResidentSetSize of job (KB)
...
006 (675023.000.000) 09/16 00:18:54 Image size of job updated: 1222536
	1194  -  MemoryUsage of job (MB)
	1222160  -  ResidentSetSize of job (KB)
...
006 (675023.000.000) 09/16 00:23:55 Image size of job updated: 1271252
	1242  -  MemoryUsage of job (MB)
	1270876  -  ResidentSetSize of job (KB)
...
006 (675023.000.000) 09/16 00:28:56 Image size of job updated: 1322084
	1291  -  MemoryUsage of job (MB)
	1321708  -  ResidentSetSize of job (KB)
...
006 (675023.000.000) 09/16 00:33:56 Image size of job updated: 1374704
	1343  -  MemoryUsage of job (MB)
	1374328  -  ResidentSetSize of job (KB)
...
006 (675023.000.000) 09/16 00:38:56 Image size of job updated: 1428124
	1395  -  MemoryUsage of job (MB)
	1427748  -  ResidentSetSize of job (KB)
...
006 (675023.000.000) 09/16 00:43:57 Image size of job updated: 1479796
	1445  -  MemoryUsage of job (MB)
	1479420  -  ResidentSetSize of job (KB)
...
006 (675023.000.000) 09/16 00:48:58 Image size of job updated: 1532540
	1497  -  MemoryUsage of job (MB)
	1532164  -  ResidentSetSize of job (KB)
...
006 (675023.000.000) 09/16 00:53:58 Image size of job updated: 1585720
	1549  -  MemoryUsage of job (MB)
	1585344  -  ResidentSetSize of job (KB)
...
006 (675023.000.000) 09/16 00:58:59 Image size of job updated: 1636996
	1599  -  MemoryUsage of job (MB)
	1636620  -  ResidentSetSize of job (KB)
...
006 (675023.000.000) 09/16 01:04:00 Image size of job updated: 1687768
	1648  -  MemoryUsage of job (MB)
	1687392  -  ResidentSetSize of job (KB)
...
006 (675023.000.000) 09/16 01:09:00 Image size of job updated: 1731940
	1691  -  MemoryUsage of job (MB)
	1731564  -  ResidentSetSize of job (KB)
...
006 (675023.000.000) 09/16 01:16:14 Image size of job updated: 1754932
	1714  -  MemoryUsage of job (MB)
	1754916  -  ResidentSetSize of job (KB)
...
006 (675023.000.000) 09/16 01:48:54 Image size of job updated: 1755336
	1715  -  MemoryUsage of job (MB)
	1755240  -  ResidentSetSize of job (KB)
...
006 (675023.000.000) 09/16 02:24:59 Image size of job updated: 1762728
	1722  -  MemoryUsage of job (MB)
	1762548  -  ResidentSetSize of job (KB)
...
006 (675023.000.000) 09/16 02:47:25 Image size of job updated: 2115228
	2066  -  MemoryUsage of job (MB)
	2115048  -  ResidentSetSize of job (KB)
...
006 (675023.000.000) 09/16 03:00:53 Image size of job updated: 2323024
	2269  -  MemoryUsage of job (MB)
	2322844  -  ResidentSetSize of job (KB)
...
006 (675023.000.000) 09/16 03:08:58 Image size of job updated: 2444728
	2388  -  MemoryUsage of job (MB)
	2444548  -  ResidentSetSize of job (KB)
...
006 (675023.000.000) 09/16 03:13:58 Image size of job updated: 2519652
	2461  -  MemoryUsage of job (MB)
	2519472  -  ResidentSetSize of job (KB)
...
006 (675023.000.000) 09/16 03:18:58 Image size of job updated: 2593964
	2533  -  MemoryUsage of job (MB)
	2593784  -  ResidentSetSize of job (KB)
...
006 (675023.000.000) 09/16 03:23:59 Image size of job updated: 2668536
	2606  -  MemoryUsage of job (MB)
	2668356  -  ResidentSetSize of job (KB)
...
006 (675023.000.000) 09/16 03:29:00 Image size of job updated: 2745052
	2681  -  MemoryUsage of job (MB)
	2744872  -  ResidentSetSize of job (KB)
...
006 (675023.000.000) 09/16 03:34:00 Image size of job updated: 2823104
	2757  -  MemoryUsage of job (MB)
	2822924  -  ResidentSetSize of job (KB)
...
006 (675023.000.000) 09/16 03:39:00 Image size of job updated: 2900420
	2833  -  MemoryUsage of job (MB)
	2900240  -  ResidentSetSize of job (KB)
...
006 (675023.000.000) 09/16 03:45:34 Image size of job updated: 2947532
	2879  -  MemoryUsage of job (MB)
	2947504  -  ResidentSetSize of job (KB)
...
006 (675023.000.000) 09/16 04:05:04 Image size of job updated: 2947632
	2879  -  MemoryUsage of job (MB)
	2947564  -  ResidentSetSize of job (KB)
...
006 (675023.000.000) 09/16 04:35:27 Image size of job updated: 2947740
	2879  -  MemoryUsage of job (MB)
	2947704  -  ResidentSetSize of job (KB)
...
006 (675023.000.000) 09/16 05:06:04 Image size of job updated: 2947944
	2879  -  MemoryUsage of job (MB)
	2947912  -  ResidentSetSize of job (KB)
...
006 (675023.000.000) 09/16 05:26:50 Image size of job updated: 3157144
	3083  -  MemoryUsage of job (MB)
	3156780  -  ResidentSetSize of job (KB)
...
006 (675023.000.000) 09/16 05:39:40 Image size of job updated: 3356460
	3278  -  MemoryUsage of job (MB)
	3356096  -  ResidentSetSize of job (KB)
...
006 (675023.000.000) 09/16 05:47:22 Image size of job updated: 3475172
	3394  -  MemoryUsage of job (MB)
	3474808  -  ResidentSetSize of job (KB)
...
006 (675023.000.000) 09/16 05:52:23 Image size of job updated: 3552928
	3470  -  MemoryUsage of job (MB)
	3552564  -  ResidentSetSize of job (KB)
...
006 (675023.000.000) 09/16 05:57:24 Image size of job updated: 3629416
	3544  -  MemoryUsage of job (MB)
	3629052  -  ResidentSetSize of job (KB)
...
006 (675023.000.000) 09/16 06:02:24 Image size of job updated: 3706140
	3619  -  MemoryUsage of job (MB)
	3705776  -  ResidentSetSize of job (KB)
...
006 (675023.000.000) 09/16 06:07:24 Image size of job updated: 3741224
	3654  -  MemoryUsage of job (MB)
	3740860  -  ResidentSetSize of job (KB)
...
006 (675023.000.000) 09/16 06:12:25 Image size of job updated: 3746736
	3659  -  MemoryUsage of job (MB)
	3746372  -  ResidentSetSize of job (KB)
...
006 (675023.000.000) 09/16 06:20:05 Image size of job updated: 3755236
	3668  -  MemoryUsage of job (MB)
	3755208  -  ResidentSetSize of job (KB)
...
006 (675023.000.000) 09/16 06:43:03 Image size of job updated: 3755536
	3668  -  MemoryUsage of job (MB)
	3755500  -  ResidentSetSize of job (KB)
...
006 (675023.000.000) 09/16 07:03:03 Image size of job updated: 3756020
	3668  -  MemoryUsage of job (MB)
	3755728  -  ResidentSetSize of job (KB)
...
022 (675023.000.000) 09/16 07:11:15 Job disconnected, attempting to reconnect
    Socket between submit and execute hosts closed unexpectedly
    Trying to reconnect to slot1_3@c-1-6 <140.160.143.157:9618?addrs=140.160.143.157-9618&noUDP&sock=4484_2bf8_11>
...
024 (675023.000.000) 09/16 07:51:15 Job reconnection failed
    Job disconnected too long: JobLeaseDuration (2400 seconds) expired
    Can not reconnect to slot1_3@c-1-6, rescheduling job
...
001 (675023.000.000) 09/16 12:05:07 Job executing on host: <140.160.143.156:9618?addrs=140.160.143.156-9618&noUDP&sock=4471_a06d_3>
...
006 (675023.000.000) 09/16 16:35:44 Image size of job updated: 4042536
	3907  -  MemoryUsage of job (MB)
	4000000  -  ResidentSetSize of job (KB)
...
006 (675023.000.000) 09/16 16:40:45 Image size of job updated: 4112228
	3907  -  MemoryUsage of job (MB)
	4000000  -  ResidentSetSize of job (KB)
...
006 (675023.000.000) 09/16 16:45:46 Image size of job updated: 4184720
	3907  -  MemoryUsage of job (MB)
	4000000  -  ResidentSetSize of job (KB)
...
006 (675023.000.000) 09/16 16:50:46 Image size of job updated: 4257296
	3907  -  MemoryUsage of job (MB)
	4000000  -  ResidentSetSize of job (KB)
...
006 (675023.000.000) 09/16 16:55:46 Image size of job updated: 4329200
	3907  -  MemoryUsage of job (MB)
	4000000  -  ResidentSetSize of job (KB)
...
006 (675023.000.000) 09/16 17:00:47 Image size of job updated: 4399228
	3907  -  MemoryUsage of job (MB)
	4000000  -  ResidentSetSize of job (KB)
...
006 (675023.000.000) 09/16 17:05:48 Image size of job updated: 4473988
	3907  -  MemoryUsage of job (MB)
	4000000  -  ResidentSetSize of job (KB)
...
006 (675023.000.000) 09/16 17:10:48 Image size of job updated: 4545024
	3907  -  MemoryUsage of job (MB)
	4000000  -  ResidentSetSize of job (KB)
...
006 (675023.000.000) 09/16 17:15:49 Image size of job updated: 4617040
	3907  -  MemoryUsage of job (MB)
	4000000  -  ResidentSetSize of job (KB)
...
006 (675023.000.000) 09/16 17:20:50 Image size of job updated: 4688384
	3907  -  MemoryUsage of job (MB)
	4000000  -  ResidentSetSize of job (KB)
...
006 (675023.000.000) 09/16 17:25:50 Image size of job updated: 4758048
	3907  -  MemoryUsage of job (MB)
	4000000  -  ResidentSetSize of job (KB)
...
006 (675023.000.000) 09/16 17:30:50 Image size of job updated: 4829504
	3907  -  MemoryUsage of job (MB)
	4000000  -  ResidentSetSize of job (KB)
...
006 (675023.000.000) 09/16 17:35:51 Image size of job updated: 4900820
	3907  -  MemoryUsage of job (MB)
	4000000  -  ResidentSetSize of job (KB)
...
006 (675023.000.000) 09/16 17:40:52 Image size of job updated: 4974040
	3907  -  MemoryUsage of job (MB)
	4000000  -  ResidentSetSize of job (KB)
...
006 (675023.000.000) 09/16 17:45:52 Image size of job updated: 5045860
	3907  -  MemoryUsage of job (MB)
	4000000  -  ResidentSetSize of job (KB)
...
006 (675023.000.000) 09/16 17:50:53 Image size of job updated: 5118520
	3907  -  MemoryUsage of job (MB)
	4000000  -  ResidentSetSize of job (KB)
...
006 (675023.000.000) 09/16 17:55:54 Image size of job updated: 5190508
	3907  -  MemoryUsage of job (MB)
	4000000  -  ResidentSetSize of job (KB)
...
006 (675023.000.000) 09/16 18:00:54 Image size of job updated: 5265156
	3907  -  MemoryUsage of job (MB)
	4000000  -  ResidentSetSize of job (KB)
...
006 (675023.000.000) 09/16 18:05:54 Image size of job updated: 5337844
	3907  -  MemoryUsage of job (MB)
	4000000  -  ResidentSetSize of job (KB)
...
006 (675023.000.000) 09/16 18:10:55 Image size of job updated: 5407116
	3907  -  MemoryUsage of job (MB)
	4000000  -  ResidentSetSize of job (KB)
...
006 (675023.000.000) 09/16 18:15:56 Image size of job updated: 5481372
	3907  -  MemoryUsage of job (MB)
	4000000  -  ResidentSetSize of job (KB)
...
006 (675023.000.000) 09/16 18:20:56 Image size of job updated: 5554956
	3907  -  MemoryUsage of job (MB)
	4000000  -  ResidentSetSize of job (KB)
...
006 (675023.000.000) 09/16 18:25:57 Image size of job updated: 5627224
	3907  -  MemoryUsage of job (MB)
	4000000  -  ResidentSetSize of job (KB)
...
006 (675023.000.000) 09/16 18:30:58 Image size of job updated: 5700024
	3907  -  MemoryUsage of job (MB)
	4000000  -  ResidentSetSize of job (KB)
...
006 (675023.000.000) 09/16 18:35:58 Image size of job updated: 5772964
	3907  -  MemoryUsage of job (MB)
	4000000  -  ResidentSetSize of job (KB)
...
006 (675023.000.000) 09/16 18:40:58 Image size of job updated: 5846128
	3907  -  MemoryUsage of job (MB)
	4000000  -  ResidentSetSize of job (KB)
...
006 (675023.000.000) 09/16 18:45:59 Image size of job updated: 5917052
	3907  -  MemoryUsage of job (MB)
	4000000  -  ResidentSetSize of job (KB)
...
006 (675023.000.000) 09/16 18:50:59 Image size of job updated: 5990720
	3907  -  MemoryUsage of job (MB)
	4000000  -  ResidentSetSize of job (KB)
...
006 (675023.000.000) 09/16 18:55:59 Image size of job updated: 6058816
	3907  -  MemoryUsage of job (MB)
	4000000  -  ResidentSetSize of job (KB)
...
006 (675023.000.000) 09/16 19:01:00 Image size of job updated: 6132960
	3907  -  MemoryUsage of job (MB)
	4000000  -  ResidentSetSize of job (KB)
...
006 (675023.000.000) 09/16 19:06:01 Image size of job updated: 6203268
	3907  -  MemoryUsage of job (MB)
	4000000  -  ResidentSetSize of job (KB)
...
006 (675023.000.000) 09/16 19:11:01 Image size of job updated: 6275424
	3907  -  MemoryUsage of job (MB)
	4000000  -  ResidentSetSize of job (KB)
...
006 (675023.000.000) 09/16 19:16:01 Image size of job updated: 6348420
	3907  -  MemoryUsage of job (MB)
	4000000  -  ResidentSetSize of job (KB)
...
006 (675023.000.000) 09/16 19:21:02 Image size of job updated: 6421528
	3907  -  MemoryUsage of job (MB)
	4000000  -  ResidentSetSize of job (KB)
...
006 (675023.000.000) 09/16 19:26:02 Image size of job updated: 6493096
	3907  -  MemoryUsage of job (MB)
	4000000  -  ResidentSetSize of job (KB)
...
006 (675023.000.000) 09/16 19:31:02 Image size of job updated: 6564916
	3907  -  MemoryUsage of job (MB)
	4000000  -  ResidentSetSize of job (KB)
...
006 (675023.000.000) 09/16 19:36:03 Image size of job updated: 6640152
	3907  -  MemoryUsage of job (MB)
	4000000  -  ResidentSetSize of job (KB)
...
006 (675023.000.000) 09/16 19:41:04 Image size of job updated: 6712896
	3907  -  MemoryUsage of job (MB)
	4000000  -  ResidentSetSize of job (KB)
...
006 (675023.000.000) 09/16 19:46:04 Image size of job updated: 6784268
	3907  -  MemoryUsage of job (MB)
	4000000  -  ResidentSetSize of job (KB)
...
006 (675023.000.000) 09/16 19:51:05 Image size of job updated: 6856788
	3907  -  MemoryUsage of job (MB)
	4000000  -  ResidentSetSize of job (KB)
...
006 (675023.000.000) 09/16 19:56:06 Image size of job updated: 6928300
	3907  -  MemoryUsage of job (MB)
	4000000  -  ResidentSetSize of job (KB)
...
006 (675023.000.000) 09/16 20:01:06 Image size of job updated: 7000736
	3907  -  MemoryUsage of job (MB)
	4000000  -  ResidentSetSize of job (KB)
...
006 (675023.000.000) 09/16 20:06:06 Image size of job updated: 7072528
	3907  -  MemoryUsage of job (MB)
	4000000  -  ResidentSetSize of job (KB)
...
006 (675023.000.000) 09/16 20:11:07 Image size of job updated: 7143480
	3907  -  MemoryUsage of job (MB)
	4000000  -  ResidentSetSize of job (KB)
...
006 (675023.000.000) 09/16 20:16:07 Image size of job updated: 7216476
	3907  -  MemoryUsage of job (MB)
	4000000  -  ResidentSetSize of job (KB)
...
006 (675023.000.000) 09/16 20:21:07 Image size of job updated: 7290032
	3907  -  MemoryUsage of job (MB)
	4000000  -  ResidentSetSize of job (KB)
...
006 (675023.000.000) 09/16 20:26:08 Image size of job updated: 7364036
	3907  -  MemoryUsage of job (MB)
	4000000  -  ResidentSetSize of job (KB)
...
006 (675023.000.000) 09/16 20:31:09 Image size of job updated: 7433980
	3907  -  MemoryUsage of job (MB)
	4000000  -  ResidentSetSize of job (KB)
...
006 (675023.000.000) 09/16 20:36:09 Image size of job updated: 7508684
	3907  -  MemoryUsage of job (MB)
	4000000  -  ResidentSetSize of job (KB)
...
006 (675023.000.000) 09/16 20:41:10 Image size of job updated: 7577172
	3907  -  MemoryUsage of job (MB)
	4000000  -  ResidentSetSize of job (KB)
...
006 (675023.000.000) 09/16 20:46:11 Image size of job updated: 7646388
	3907  -  MemoryUsage of job (MB)
	4000000  -  ResidentSetSize of job (KB)
...
006 (675023.000.000) 09/16 20:51:11 Image size of job updated: 7714960
	3907  -  MemoryUsage of job (MB)
	4000000  -  ResidentSetSize of job (KB)
...
006 (675023.000.000) 09/16 20:56:11 Image size of job updated: 7779864
	3907  -  MemoryUsage of job (MB)
	4000000  -  ResidentSetSize of job (KB)
...
006 (675023.000.000) 09/16 21:01:12 Image size of job updated: 7845860
	3907  -  MemoryUsage of job (MB)
	4000000  -  ResidentSetSize of job (KB)
...
006 (675023.000.000) 09/16 21:06:13 Image size of job updated: 7914796
	3907  -  MemoryUsage of job (MB)
	4000000  -  ResidentSetSize of job (KB)
...
006 (675023.000.000) 09/16 21:11:13 Image size of job updated: 7979616
	3907  -  MemoryUsage of job (MB)
	4000000  -  ResidentSetSize of job (KB)
...
006 (675023.000.000) 09/16 21:16:14 Image size of job updated: 8045276
	3907  -  MemoryUsage of job (MB)
	4000000  -  ResidentSetSize of job (KB)
...
006 (675023.000.000) 09/16 21:21:15 Image size of job updated: 8110544
	3907  -  MemoryUsage of job (MB)
	4000000  -  ResidentSetSize of job (KB)
...
006 (675023.000.000) 09/16 21:26:15 Image size of job updated: 8173656
	3907  -  MemoryUsage of job (MB)
	4000000  -  ResidentSetSize of job (KB)
...
006 (675023.000.000) 09/16 21:31:15 Image size of job updated: 8240772
	3907  -  MemoryUsage of job (MB)
	4000000  -  ResidentSetSize of job (KB)
...
006 (675023.000.000) 09/16 21:36:16 Image size of job updated: 8309400
	3907  -  MemoryUsage of job (MB)
	4000000  -  ResidentSetSize of job (KB)
...
006 (675023.000.000) 09/16 21:41:17 Image size of job updated: 8375088
	3907  -  MemoryUsage of job (MB)
	4000000  -  ResidentSetSize of job (KB)
...
006 (675023.000.000) 09/16 21:46:17 Image size of job updated: 8441168
	3907  -  MemoryUsage of job (MB)
	4000000  -  ResidentSetSize of job (KB)
...
006 (675023.000.000) 09/16 21:51:18 Image size of job updated: 8510524
	3907  -  MemoryUsage of job (MB)
	4000000  -  ResidentSetSize of job (KB)
...
006 (675023.000.000) 09/16 21:56:19 Image size of job updated: 8580468
	3907  -  MemoryUsage of job (MB)
	4000000  -  ResidentSetSize of job (KB)
...
006 (675023.000.000) 09/16 22:01:19 Image size of job updated: 8647920
	3907  -  MemoryUsage of job (MB)
	4000000  -  ResidentSetSize of job (KB)
...
006 (675023.000.000) 09/16 22:06:19 Image size of job updated: 8719152
	3907  -  MemoryUsage of job (MB)
	4000000  -  ResidentSetSize of job (KB)
...
006 (675023.000.000) 09/16 22:11:20 Image size of job updated: 8790692
	3907  -  MemoryUsage of job (MB)
	4000000  -  ResidentSetSize of job (KB)
...
006 (675023.000.000) 09/16 22:16:21 Image size of job updated: 8862344
	3907  -  MemoryUsage of job (MB)
	4000000  -  ResidentSetSize of job (KB)
...
006 (675023.000.000) 09/16 22:21:21 Image size of job updated: 8933044
	3907  -  MemoryUsage of job (MB)
	4000000  -  ResidentSetSize of job (KB)
...
006 (675023.000.000) 09/16 22:26:22 Image size of job updated: 9003744
	3907  -  MemoryUsage of job (MB)
	4000000  -  ResidentSetSize of job (KB)
...
006 (675023.000.000) 09/16 22:31:23 Image size of job updated: 9072176
	3907  -  MemoryUsage of job (MB)
	4000000  -  ResidentSetSize of job (KB)
...
006 (675023.000.000) 09/16 22:36:23 Image size of job updated: 9141476
	3907  -  MemoryUsage of job (MB)
	4000000  -  ResidentSetSize of job (KB)
...
006 (675023.000.000) 09/16 22:41:23 Image size of job updated: 9209628
	3907  -  MemoryUsage of job (MB)
	4000000  -  ResidentSetSize of job (KB)
...
006 (675023.000.000) 09/16 22:46:25 Image size of job updated: 9276996
	3907  -  MemoryUsage of job (MB)
	4000000  -  ResidentSetSize of job (KB)
...
006 (675023.000.000) 09/16 22:51:25 Image size of job updated: 9347136
	3907  -  MemoryUsage of job (MB)
	4000000  -  ResidentSetSize of job (KB)
...
006 (675023.000.000) 09/16 22:56:25 Image size of job updated: 9417136
	3907  -  MemoryUsage of job (MB)
	4000000  -  ResidentSetSize of job (KB)
...
006 (675023.000.000) 09/16 23:01:26 Image size of job updated: 9485400
	3907  -  MemoryUsage of job (MB)
	4000000  -  ResidentSetSize of job (KB)
...
006 (675023.000.000) 09/16 23:06:27 Image size of job updated: 9555232
	3907  -  MemoryUsage of job (MB)
	4000000  -  ResidentSetSize of job (KB)
...
006 (675023.000.000) 09/16 23:11:27 Image size of job updated: 9623916
	3907  -  MemoryUsage of job (MB)
	4000000  -  ResidentSetSize of job (KB)
...
006 (675023.000.000) 09/16 23:16:27 Image size of job updated: 9695120
	3907  -  MemoryUsage of job (MB)
	4000000  -  ResidentSetSize of job (KB)
...
006 (675023.000.000) 09/16 23:21:28 Image size of job updated: 9762376
	3907  -  MemoryUsage of job (MB)
	4000000  -  ResidentSetSize of job (KB)
...
006 (675023.000.000) 09/16 23:26:28 Image size of job updated: 9834028
	3907  -  MemoryUsage of job (MB)
	4000000  -  ResidentSetSize of job (KB)
...
006 (675023.000.000) 09/16 23:31:28 Image size of job updated: 9904084
	3907  -  MemoryUsage of job (MB)
	4000000  -  ResidentSetSize of job (KB)
...
006 (675023.000.000) 09/16 23:36:29 Image size of job updated: 9972684
	3907  -  MemoryUsage of job (MB)
	4000000  -  ResidentSetSize of job (KB)
...
006 (675023.000.000) 09/16 23:41:30 Image size of job updated: 10042040
	3907  -  MemoryUsage of job (MB)
	4000000  -  ResidentSetSize of job (KB)
...
006 (675023.000.000) 09/16 23:46:30 Image size of job updated: 10111396
	3907  -  MemoryUsage of job (MB)
	4000000  -  ResidentSetSize of job (KB)
...
006 (675023.000.000) 09/16 23:51:31 Image size of job updated: 10180612
	3907  -  MemoryUsage of job (MB)
	4000000  -  ResidentSetSize of job (KB)
...
006 (675023.000.000) 09/16 23:56:32 Image size of job updated: 10251032
	3907  -  MemoryUsage of job (MB)
	4000000  -  ResidentSetSize of job (KB)
...
006 (675023.000.000) 09/17 00:01:32 Image size of job updated: 10318904
	3907  -  MemoryUsage of job (MB)
	4000000  -  ResidentSetSize of job (KB)
...
006 (675023.000.000) 09/17 00:06:32 Image size of job updated: 10386636
	3907  -  MemoryUsage of job (MB)
	4000000  -  ResidentSetSize of job (KB)
...
006 (675023.000.000) 09/17 00:11:33 Image size of job updated: 10454816
	3907  -  MemoryUsage of job (MB)
	4000000  -  ResidentSetSize of job (KB)
...
006 (675023.000.000) 09/17 00:16:34 Image size of job updated: 10525236
	3907  -  MemoryUsage of job (MB)
	4000000  -  ResidentSetSize of job (KB)
...
006 (675023.000.000) 09/17 00:21:34 Image size of job updated: 10595096
	3907  -  MemoryUsage of job (MB)
	4000000  -  ResidentSetSize of job (KB)
...
006 (675023.000.000) 09/17 00:26:35 Image size of job updated: 10664088
	3907  -  MemoryUsage of job (MB)
	4000000  -  ResidentSetSize of job (KB)
...
006 (675023.000.000) 09/17 00:31:36 Image size of job updated: 10733500
	3907  -  MemoryUsage of job (MB)
	4000000  -  ResidentSetSize of job (KB)
...
006 (675023.000.000) 09/17 00:36:36 Image size of job updated: 10802464
	3907  -  MemoryUsage of job (MB)
	4000000  -  ResidentSetSize of job (KB)
...
006 (675023.000.000) 09/17 00:41:36 Image size of job updated: 10872632
	3907  -  MemoryUsage of job (MB)
	4000000  -  ResidentSetSize of job (KB)
...
006 (675023.000.000) 09/17 00:46:37 Image size of job updated: 10941400
	3907  -  MemoryUsage of job (MB)
	4000000  -  ResidentSetSize of job (KB)
...
006 (675023.000.000) 09/17 00:51:37 Image size of job updated: 11010952
	3907  -  MemoryUsage of job (MB)
	4000000  -  ResidentSetSize of job (KB)
...
006 (675023.000.000) 09/17 00:56:37 Image size of job updated: 11078796
	3907  -  MemoryUsage of job (MB)
	4000000  -  ResidentSetSize of job (KB)
...
006 (675023.000.000) 09/17 01:01:38 Image size of job updated: 11149944
	3907  -  MemoryUsage of job (MB)
	4000000  -  ResidentSetSize of job (KB)
...
006 (675023.000.000) 09/17 01:06:39 Image size of job updated: 11220336
	3907  -  MemoryUsage of job (MB)
	4000000  -  ResidentSetSize of job (KB)
...
006 (675023.000.000) 09/17 01:11:39 Image size of job updated: 11289272
	3907  -  MemoryUsage of job (MB)
	4000000  -  ResidentSetSize of job (KB)
...
006 (675023.000.000) 09/17 01:16:39 Image size of job updated: 11356612
	3907  -  MemoryUsage of job (MB)
	4000000  -  ResidentSetSize of job (KB)
...
006 (675023.000.000) 09/17 01:21:40 Image size of job updated: 11425688
	3907  -  MemoryUsage of job (MB)
	4000000  -  ResidentSetSize of job (KB)
...
006 (675023.000.000) 09/17 01:26:40 Image size of job updated: 11492580
	3907  -  MemoryUsage of job (MB)
	4000000  -  ResidentSetSize of job (KB)
...
006 (675023.000.000) 09/17 01:31:40 Image size of job updated: 11562496
	3907  -  MemoryUsage of job (MB)
	4000000  -  ResidentSetSize of job (KB)
...
006 (675023.000.000) 09/17 01:36:41 Image size of job updated: 11630536
	3907  -  MemoryUsage of job (MB)
	4000000  -  ResidentSetSize of job (KB)
...
006 (675023.000.000) 09/17 01:41:42 Image size of job updated: 11695356
	3907  -  MemoryUsage of job (MB)
	4000000  -  ResidentSetSize of job (KB)
...
006 (675023.000.000) 09/17 01:46:42 Image size of job updated: 11764264
	3907  -  MemoryUsage of job (MB)
	4000000  -  ResidentSetSize of job (KB)
...
006 (675023.000.000) 09/17 01:51:43 Image size of job updated: 11831744
	3907  -  MemoryUsage of job (MB)
	4000000  -  ResidentSetSize of job (KB)
...
006 (675023.000.000) 09/17 01:56:44 Image size of job updated: 11901716
	3907  -  MemoryUsage of job (MB)
	4000000  -  ResidentSetSize of job (KB)
...
006 (675023.000.000) 09/17 02:01:44 Image size of job updated: 11969980
	3907  -  MemoryUsage of job (MB)
	4000000  -  ResidentSetSize of job (KB)
...
006 (675023.000.000) 09/17 02:06:44 Image size of job updated: 12038188
	3907  -  MemoryUsage of job (MB)
	4000000  -  ResidentSetSize of job (KB)
...
006 (675023.000.000) 09/17 02:11:45 Image size of job updated: 12104968
	3907  -  MemoryUsage of job (MB)
	4000000  -  ResidentSetSize of job (KB)
...
006 (675023.000.000) 09/17 02:16:46 Image size of job updated: 12172952
	3907  -  MemoryUsage of job (MB)
	4000000  -  ResidentSetSize of job (KB)
...
006 (675023.000.000) 09/17 02:21:46 Image size of job updated: 12240964
	3907  -  MemoryUsage of job (MB)
	4000000  -  ResidentSetSize of job (KB)
...
006 (675023.000.000) 09/17 02:26:47 Image size of job updated: 12310264
	3907  -  MemoryUsage of job (MB)
	4000000  -  ResidentSetSize of job (KB)
...
006 (675023.000.000) 09/17 02:31:48 Image size of job updated: 12375812
	3907  -  MemoryUsage of job (MB)
	4000000  -  ResidentSetSize of job (KB)
...
006 (675023.000.000) 09/17 02:36:48 Image size of job updated: 12443796
	3907  -  MemoryUsage of job (MB)
	4000000  -  ResidentSetSize of job (KB)
...
006 (675023.000.000) 09/17 02:41:48 Image size of job updated: 12511444
	3907  -  MemoryUsage of job (MB)
	4000000  -  ResidentSetSize of job (KB)
...
006 (675023.000.000) 09/17 02:46:49 Image size of job updated: 12578812
	3907  -  MemoryUsage of job (MB)
	4000000  -  ResidentSetSize of job (KB)
...
006 (675023.000.000) 09/17 02:51:50 Image size of job updated: 12648420
	3907  -  MemoryUsage of job (MB)
	4000000  -  ResidentSetSize of job (KB)
...
006 (675023.000.000) 09/17 02:56:50 Image size of job updated: 12715956
	3907  -  MemoryUsage of job (MB)
	4000000  -  ResidentSetSize of job (KB)
...
006 (675023.000.000) 09/17 03:01:51 Image size of job updated: 12785900
	3907  -  MemoryUsage of job (MB)
	4000000  -  ResidentSetSize of job (KB)
...
006 (675023.000.000) 09/17 03:06:52 Image size of job updated: 12859400
	3907  -  MemoryUsage of job (MB)
	4000000  -  ResidentSetSize of job (KB)
...
006 (675023.000.000) 09/17 03:11:52 Image size of job updated: 12928868
	3907  -  MemoryUsage of job (MB)
	4000000  -  ResidentSetSize of job (KB)
...
006 (675023.000.000) 09/17 03:16:52 Image size of job updated: 12995900
	3907  -  MemoryUsage of job (MB)
	4000000  -  ResidentSetSize of job (KB)
...
006 (675023.000.000) 09/17 03:21:53 Image size of job updated: 13062288
	3907  -  MemoryUsage of job (MB)
	4000000  -  ResidentSetSize of job (KB)
...
006 (675023.000.000) 09/17 03:26:54 Image size of job updated: 13130832
	3907  -  MemoryUsage of job (MB)
	4000000  -  ResidentSetSize of job (KB)
...
006 (675023.000.000) 09/17 03:31:54 Image size of job updated: 13200188
	3907  -  MemoryUsage of job (MB)
	4000000  -  ResidentSetSize of job (KB)
...
006 (675023.000.000) 09/17 03:36:55 Image size of job updated: 13270412
	3907  -  MemoryUsage of job (MB)
	4000000  -  ResidentSetSize of job (KB)
...
006 (675023.000.000) 09/17 03:41:56 Image size of job updated: 13339992
	3907  -  MemoryUsage of job (MB)
	4000000  -  ResidentSetSize of job (KB)
...
006 (675023.000.000) 09/17 03:46:56 Image size of job updated: 13406268
	3907  -  MemoryUsage of job (MB)
	4000000  -  ResidentSetSize of job (KB)
...
006 (675023.000.000) 09/17 03:51:56 Image size of job updated: 13470808
	3907  -  MemoryUsage of job (MB)
	4000000  -  ResidentSetSize of job (KB)
...
006 (675023.000.000) 09/17 03:56:57 Image size of job updated: 13536608
	3907  -  MemoryUsage of job (MB)
	4000000  -  ResidentSetSize of job (KB)
...
006 (675023.000.000) 09/17 04:01:58 Image size of job updated: 13603024
	3907  -  MemoryUsage of job (MB)
	4000000  -  ResidentSetSize of job (KB)
...
006 (675023.000.000) 09/17 04:06:58 Image size of job updated: 13669048
	3907  -  MemoryUsage of job (MB)
	4000000  -  ResidentSetSize of job (KB)
...
006 (675023.000.000) 09/17 04:11:59 Image size of job updated: 13737004
	3907  -  MemoryUsage of job (MB)
	4000000  -  ResidentSetSize of job (KB)
...
006 (675023.000.000) 09/17 04:17:00 Image size of job updated: 13803196
	3907  -  MemoryUsage of job (MB)
	4000000  -  ResidentSetSize of job (KB)
...
006 (675023.000.000) 09/17 04:22:00 Image size of job updated: 13873616
	3907  -  MemoryUsage of job (MB)
	4000000  -  ResidentSetSize of job (KB)
...
006 (675023.000.000) 09/17 04:27:00 Image size of job updated: 13941600
	3907  -  MemoryUsage of job (MB)
	4000000  -  ResidentSetSize of job (KB)
...
006 (675023.000.000) 09/17 04:32:01 Image size of job updated: 14008492
	3907  -  MemoryUsage of job (MB)
	4000000  -  ResidentSetSize of job (KB)
...
006 (675023.000.000) 09/17 04:37:02 Image size of job updated: 14075076
	3907  -  MemoryUsage of job (MB)
	4000000  -  ResidentSetSize of job (KB)
...
006 (675023.000.000) 09/17 04:42:02 Image size of job updated: 14138580
	3907  -  MemoryUsage of job (MB)
	4000000  -  ResidentSetSize of job (KB)
...
006 (675023.000.000) 09/17 04:47:03 Image size of job updated: 14204464
	3907  -  MemoryUsage of job (MB)
	4000000  -  ResidentSetSize of job (KB)
...
006 (675023.000.000) 09/17 04:52:04 Image size of job updated: 14270908
	3907  -  MemoryUsage of job (MB)
	4000000  -  ResidentSetSize of job (KB)
...
006 (675023.000.000) 09/17 04:57:04 Image size of job updated: 14337436
	3907  -  MemoryUsage of job (MB)
	4000000  -  ResidentSetSize of job (KB)
...
006 (675023.000.000) 09/17 05:02:04 Image size of job updated: 14404272
	3907  -  MemoryUsage of job (MB)
	4000000  -  ResidentSetSize of job (KB)
...
006 (675023.000.000) 09/17 05:07:05 Image size of job updated: 14471808
	3907  -  MemoryUsage of job (MB)
	4000000  -  ResidentSetSize of job (KB)
...
006 (675023.000.000) 09/17 05:12:06 Image size of job updated: 14537160
	3907  -  MemoryUsage of job (MB)
	4000000  -  ResidentSetSize of job (KB)
...
006 (675023.000.000) 09/17 05:17:06 Image size of job updated: 14606040
	3907  -  MemoryUsage of job (MB)
	4000000  -  ResidentSetSize of job (KB)
...
006 (675023.000.000) 09/17 05:22:07 Image size of job updated: 14675900
	3907  -  MemoryUsage of job (MB)
	4000000  -  ResidentSetSize of job (KB)
...
006 (675023.000.000) 09/17 05:27:08 Image size of job updated: 14747020
	3907  -  MemoryUsage of job (MB)
	4000000  -  ResidentSetSize of job (KB)
...
006 (675023.000.000) 09/17 05:32:08 Image size of job updated: 14815228
	3907  -  MemoryUsage of job (MB)
	4000000  -  ResidentSetSize of job (KB)
...
006 (675023.000.000) 09/17 05:37:08 Image size of job updated: 14883660
	3907  -  MemoryUsage of job (MB)
	4000000  -  ResidentSetSize of job (KB)
...
006 (675023.000.000) 09/17 05:42:10 Image size of job updated: 14950272
	3907  -  MemoryUsage of job (MB)
	4000000  -  ResidentSetSize of job (KB)
...
006 (675023.000.000) 09/17 05:47:10 Image size of job updated: 15016996
	3907  -  MemoryUsage of job (MB)
	4000000  -  ResidentSetSize of job (KB)
...
006 (675023.000.000) 09/17 05:52:10 Image size of job updated: 15082992
	3907  -  MemoryUsage of job (MB)
	4000000  -  ResidentSetSize of job (KB)
...
006 (675023.000.000) 09/17 05:57:11 Image size of job updated: 15145320
	3907  -  MemoryUsage of job (MB)
	4000000  -  ResidentSetSize of job (KB)
...
006 (675023.000.000) 09/17 06:02:12 Image size of job updated: 15213668
	3907  -  MemoryUsage of job (MB)
	4000000  -  ResidentSetSize of job (KB)
...
006 (675023.000.000) 09/17 06:07:12 Image size of job updated: 15275380
	3907  -  MemoryUsage of job (MB)
	4000000  -  ResidentSetSize of job (KB)
...
006 (675023.000.000) 09/17 06:12:12 Image size of job updated: 15343000
	3907  -  MemoryUsage of job (MB)
	4000000  -  ResidentSetSize of job (KB)
...
006 (675023.000.000) 09/17 06:17:14 Image size of job updated: 15410032
	3907  -  MemoryUsage of job (MB)
	4000000  -  ResidentSetSize of job (KB)
...
006 (675023.000.000) 09/17 06:22:14 Image size of job updated: 15477120
	3907  -  MemoryUsage of job (MB)
	4000000  -  ResidentSetSize of job (KB)
...
006 (675023.000.000) 09/17 06:27:14 Image size of job updated: 15543312
	3907  -  MemoryUsage of job (MB)
	4000000  -  ResidentSetSize of job (KB)
...
006 (675023.000.000) 09/17 06:32:15 Image size of job updated: 15611296
	3907  -  MemoryUsage of job (MB)
	4000000  -  ResidentSetSize of job (KB)
...
006 (675023.000.000) 09/17 06:37:16 Image size of job updated: 15676256
	3907  -  MemoryUsage of job (MB)
	4000000  -  ResidentSetSize of job (KB)
...
006 (675023.000.000) 09/17 06:42:16 Image size of job updated: 15739340
	3907  -  MemoryUsage of job (MB)
	4000000  -  ResidentSetSize of job (KB)
...
006 (675023.000.000) 09/17 06:47:16 Image size of job updated: 15808808
	3907  -  MemoryUsage of job (MB)
	4000000  -  ResidentSetSize of job (KB)
...
006 (675023.000.000) 09/17 06:52:17 Image size of job updated: 15872872
	3907  -  MemoryUsage of job (MB)
	4000000  -  ResidentSetSize of job (KB)
...
006 (675023.000.000) 09/17 06:57:17 Image size of job updated: 15938644
	3907  -  MemoryUsage of job (MB)
	4000000  -  ResidentSetSize of job (KB)
...
006 (675023.000.000) 09/17 07:02:17 Image size of job updated: 16005760
	3907  -  MemoryUsage of job (MB)
	4000000  -  ResidentSetSize of job (KB)
...
006 (675023.000.000) 09/17 07:07:18 Image size of job updated: 16074248
	3907  -  MemoryUsage of job (MB)
	4000000  -  ResidentSetSize of job (KB)
...
006 (675023.000.000) 09/17 07:12:19 Image size of job updated: 16138508
	3907  -  MemoryUsage of job (MB)
	4000000  -  ResidentSetSize of job (KB)
...
006 (675023.000.000) 09/17 07:17:19 Image size of job updated: 16205120
	3907  -  MemoryUsage of job (MB)
	4000000  -  ResidentSetSize of job (KB)
...
006 (675023.000.000) 09/17 07:22:20 Image size of job updated: 16274644
	3907  -  MemoryUsage of job (MB)
	4000000  -  ResidentSetSize of job (KB)
...
006 (675023.000.000) 09/17 07:27:21 Image size of job updated: 16342152
	3907  -  MemoryUsage of job (MB)
	4000000  -  ResidentSetSize of job (KB)
...
006 (675023.000.000) 09/17 07:32:21 Image size of job updated: 16408904
	3907  -  MemoryUsage of job (MB)
	4000000  -  ResidentSetSize of job (KB)
...
006 (675023.000.000) 09/17 07:37:21 Image size of job updated: 16483468
	3907  -  MemoryUsage of job (MB)
	4000000  -  ResidentSetSize of job (KB)
...
006 (675023.000.000) 09/17 07:42:22 Image size of job updated: 16550892
	3907  -  MemoryUsage of job (MB)
	4000000  -  ResidentSetSize of job (KB)
...
006 (675023.000.000) 09/17 07:47:23 Image size of job updated: 16621984
	3907  -  MemoryUsage of job (MB)
	4000000  -  ResidentSetSize of job (KB)
...
006 (675023.000.000) 09/17 07:52:23 Image size of job updated: 16694168
	3907  -  MemoryUsage of job (MB)
	4000000  -  ResidentSetSize of job (KB)
...
006 (675023.000.000) 09/17 07:57:24 Image size of job updated: 16764980
	3907  -  MemoryUsage of job (MB)
	4000000  -  ResidentSetSize of job (KB)
...
006 (675023.000.000) 09/17 08:02:25 Image size of job updated: 16838032
	3907  -  MemoryUsage of job (MB)
	4000000  -  ResidentSetSize of job (KB)
...
006 (675023.000.000) 09/17 08:07:25 Image size of job updated: 16908340
	3907  -  MemoryUsage of job (MB)
	4000000  -  ResidentSetSize of job (KB)
...
006 (675023.000.000) 09/17 08:12:25 Image size of job updated: 16978144
	3907  -  MemoryUsage of job (MB)
	4000000  -  ResidentSetSize of job (KB)
...
006 (675023.000.000) 09/17 08:17:26 Image size of job updated: 17048956
	3907  -  MemoryUsage of job (MB)
	4000000  -  ResidentSetSize of job (KB)
...
006 (675023.000.000) 09/17 08:22:27 Image size of job updated: 17118760
	3907  -  MemoryUsage of job (MB)
	4000000  -  ResidentSetSize of job (KB)
...
006 (675023.000.000) 09/17 08:27:27 Image size of job updated: 17183776
	3907  -  MemoryUsage of job (MB)
	4000000  -  ResidentSetSize of job (KB)
...
006 (675023.000.000) 09/17 08:32:28 Image size of job updated: 17252880
	3907  -  MemoryUsage of job (MB)
	4000000  -  ResidentSetSize of job (KB)
...
006 (675023.000.000) 09/17 08:37:29 Image size of job updated: 17324476
	3907  -  MemoryUsage of job (MB)
	4000000  -  ResidentSetSize of job (KB)
...
006 (675023.000.000) 09/17 08:42:29 Image size of job updated: 17393188
	3907  -  MemoryUsage of job (MB)
	4000000  -  ResidentSetSize of job (KB)
...
006 (675023.000.000) 09/17 08:47:29 Image size of job updated: 17464028
	3907  -  MemoryUsage of job (MB)
	4000000  -  ResidentSetSize of job (KB)
...
006 (675023.000.000) 09/17 08:52:30 Image size of job updated: 17534812
	3907  -  MemoryUsage of job (MB)
	4000000  -  ResidentSetSize of job (KB)
...
006 (675023.000.000) 09/17 08:57:30 Image size of job updated: 17606044
	3907  -  MemoryUsage of job (MB)
	4000000  -  ResidentSetSize of job (KB)
...
006 (675023.000.000) 09/17 09:02:30 Image size of job updated: 17677724
	3907  -  MemoryUsage of job (MB)
	4000000  -  ResidentSetSize of job (KB)
...
006 (675023.000.000) 09/17 09:07:31 Image size of job updated: 17749348
	3907  -  MemoryUsage of job (MB)
	4000000  -  ResidentSetSize of job (KB)
...
006 (675023.000.000) 09/17 09:12:32 Image size of job updated: 17822484
	3907  -  MemoryUsage of job (MB)
	4000000  -  ResidentSetSize of job (KB)
...
006 (675023.000.000) 09/17 09:17:32 Image size of job updated: 17891504
	3907  -  MemoryUsage of job (MB)
	4000000  -  ResidentSetSize of job (KB)
...
006 (675023.000.000) 09/17 09:22:32 Image size of job updated: 17962232
	3907  -  MemoryUsage of job (MB)
	4000000  -  ResidentSetSize of job (KB)
...
006 (675023.000.000) 09/17 09:27:33 Image size of job updated: 18031224
	3907  -  MemoryUsage of job (MB)
	4000000  -  ResidentSetSize of job (KB)
...
006 (675023.000.000) 09/17 09:32:33 Image size of job updated: 18101560
	3907  -  MemoryUsage of job (MB)
	4000000  -  ResidentSetSize of job (KB)
...
006 (675023.000.000) 09/17 09:37:33 Image size of job updated: 18173072
	3907  -  MemoryUsage of job (MB)
	4000000  -  ResidentSetSize of job (KB)
...
006 (675023.000.000) 09/17 09:42:34 Image size of job updated: 18240776
	3907  -  MemoryUsage of job (MB)
	4000000  -  ResidentSetSize of job (KB)
...
006 (675023.000.000) 09/17 09:47:35 Image size of job updated: 18311448
	3907  -  MemoryUsage of job (MB)
	4000000  -  ResidentSetSize of job (KB)
...
006 (675023.000.000) 09/17 09:52:35 Image size of job updated: 18378620
	3907  -  MemoryUsage of job (MB)
	4000000  -  ResidentSetSize of job (KB)
...
006 (675023.000.000) 09/17 09:57:36 Image size of job updated: 18448984
	3907  -  MemoryUsage of job (MB)
	4000000  -  ResidentSetSize of job (KB)
...
006 (675023.000.000) 09/17 10:02:37 Image size of job updated: 18519740
	3907  -  MemoryUsage of job (MB)
	4000000  -  ResidentSetSize of job (KB)
...
006 (675023.000.000) 09/17 10:07:37 Image size of job updated: 18586856
	3907  -  MemoryUsage of job (MB)
	4000000  -  ResidentSetSize of job (KB)
...
006 (675023.000.000) 09/17 10:12:37 Image size of job updated: 18654336
	3907  -  MemoryUsage of job (MB)
	4000000  -  ResidentSetSize of job (KB)
...
006 (675023.000.000) 09/17 10:17:38 Image size of job updated: 18724084
	3907  -  MemoryUsage of job (MB)
	4000000  -  ResidentSetSize of job (KB)
...
006 (675023.000.000) 09/17 10:22:39 Image size of job updated: 18793720
	3907  -  MemoryUsage of job (MB)
	4000000  -  ResidentSetSize of job (KB)
...
006 (675023.000.000) 09/17 10:27:39 Image size of job updated: 18867276
	3907  -  MemoryUsage of job (MB)
	4000000  -  ResidentSetSize of job (KB)
...
006 (675023.000.000) 09/17 10:32:40 Image size of job updated: 18936744
	3907  -  MemoryUsage of job (MB)
	4000000  -  ResidentSetSize of job (KB)
...
006 (675023.000.000) 09/17 10:37:41 Image size of job updated: 19005848
	3907  -  MemoryUsage of job (MB)
	4000000  -  ResidentSetSize of job (KB)
...
006 (675023.000.000) 09/17 10:42:41 Image size of job updated: 19073776
	3907  -  MemoryUsage of job (MB)
	4000000  -  ResidentSetSize of job (KB)
...
006 (675023.000.000) 09/17 10:47:41 Image size of job updated: 19144812
	3907  -  MemoryUsage of job (MB)
	4000000  -  ResidentSetSize of job (KB)
...
006 (675023.000.000) 09/17 10:52:42 Image size of job updated: 19214952
	3907  -  MemoryUsage of job (MB)
	4000000  -  ResidentSetSize of job (KB)
...
006 (675023.000.000) 09/17 10:57:43 Image size of job updated: 19286016
	3907  -  MemoryUsage of job (MB)
	4000000  -  ResidentSetSize of job (KB)
...
006 (675023.000.000) 09/17 11:02:43 Image size of job updated: 19357500
	3907  -  MemoryUsage of job (MB)
	4000000  -  ResidentSetSize of job (KB)
...
006 (675023.000.000) 09/17 11:07:44 Image size of job updated: 19428928
	3907  -  MemoryUsage of job (MB)
	4000000  -  ResidentSetSize of job (KB)
...
006 (675023.000.000) 09/17 11:12:45 Image size of job updated: 19498620
	3907  -  MemoryUsage of job (MB)
	4000000  -  ResidentSetSize of job (KB)
...
006 (675023.000.000) 09/17 11:17:45 Image size of job updated: 19569992
	3907  -  MemoryUsage of job (MB)
	4000000  -  ResidentSetSize of job (KB)
...
006 (675023.000.000) 09/17 11:22:45 Image size of job updated: 19641728
	3907  -  MemoryUsage of job (MB)
	4000000  -  ResidentSetSize of job (KB)
...
006 (675023.000.000) 09/17 11:27:46 Image size of job updated: 19709040
	3907  -  MemoryUsage of job (MB)
	4000000  -  ResidentSetSize of job (KB)
...
006 (675023.000.000) 09/17 11:32:47 Image size of job updated: 19779068
	3907  -  MemoryUsage of job (MB)
	4000000  -  ResidentSetSize of job (KB)
...
006 (675023.000.000) 09/17 11:37:47 Image size of job updated: 19848956
	3907  -  MemoryUsage of job (MB)
	4000000  -  ResidentSetSize of job (KB)
...
006 (675023.000.000) 09/17 11:42:48 Image size of job updated: 19916520
	3907  -  MemoryUsage of job (MB)
	4000000  -  ResidentSetSize of job (KB)
...
006 (675023.000.000) 09/17 11:47:49 Image size of job updated: 19980052
	3907  -  MemoryUsage of job (MB)
	4000000  -  ResidentSetSize of job (KB)
...
006 (675023.000.000) 09/17 11:52:49 Image size of job updated: 20045796
	3907  -  MemoryUsage of job (MB)
	4000000  -  ResidentSetSize of job (KB)
...
006 (675023.000.000) 09/17 11:57:49 Image size of job updated: 20115880
	3907  -  MemoryUsage of job (MB)
	4000000  -  ResidentSetSize of job (KB)
...
006 (675023.000.000) 09/17 12:02:50 Image size of job updated: 20187756
	3907  -  MemoryUsage of job (MB)
	4000000  -  ResidentSetSize of job (KB)
...
006 (675023.000.000) 09/17 12:07:51 Image size of job updated: 20258820
	3907  -  MemoryUsage of job (MB)
	4000000  -  ResidentSetSize of job (KB)
...
006 (675023.000.000) 09/17 12:12:51 Image size of job updated: 20327672
	3907  -  MemoryUsage of job (MB)
	4000000  -  ResidentSetSize of job (KB)
...
006 (675023.000.000) 09/17 12:17:52 Image size of job updated: 20397532
	3907  -  MemoryUsage of job (MB)
	4000000  -  ResidentSetSize of job (KB)
...
006 (675023.000.000) 09/17 12:22:53 Image size of job updated: 20468120
	3907  -  MemoryUsage of job (MB)
	4000000  -  ResidentSetSize of job (KB)
...
006 (675023.000.000) 09/17 12:27:53 Image size of job updated: 20537588
	3907  -  MemoryUsage of job (MB)
	4000000  -  ResidentSetSize of job (KB)
...
006 (675023.000.000) 09/17 12:32:53 Image size of job updated: 20605964
	3907  -  MemoryUsage of job (MB)
	4000000  -  ResidentSetSize of job (KB)
...
006 (675023.000.000) 09/17 12:37:54 Image size of job updated: 20674732
	3907  -  MemoryUsage of job (MB)
	4000000  -  ResidentSetSize of job (KB)
...
006 (675023.000.000) 09/17 12:42:54 Image size of job updated: 20740308
	3907  -  MemoryUsage of job (MB)
	4000000  -  ResidentSetSize of job (KB)
...
006 (675023.000.000) 09/17 12:47:54 Image size of job updated: 20811484
	3907  -  MemoryUsage of job (MB)
	4000000  -  ResidentSetSize of job (KB)
...
006 (675023.000.000) 09/17 12:52:55 Image size of job updated: 20878740
	3907  -  MemoryUsage of job (MB)
	4000000  -  ResidentSetSize of job (KB)
...
006 (675023.000.000) 09/17 12:57:56 Image size of job updated: 20948264
	3907  -  MemoryUsage of job (MB)
	4000000  -  ResidentSetSize of job (KB)
...
006 (675023.000.000) 09/17 13:02:56 Image size of job updated: 21018264
	3907  -  MemoryUsage of job (MB)
	4000000  -  ResidentSetSize of job (KB)
...
006 (675023.000.000) 09/17 13:07:57 Image size of job updated: 21087284
	3907  -  MemoryUsage of job (MB)
	4000000  -  ResidentSetSize of job (KB)
...
006 (675023.000.000) 09/17 13:12:58 Image size of job updated: 21154848
	3907  -  MemoryUsage of job (MB)
	4000000  -  ResidentSetSize of job (KB)
...
006 (675023.000.000) 09/17 13:17:58 Image size of job updated: 21222916
	3907  -  MemoryUsage of job (MB)
	4000000  -  ResidentSetSize of job (KB)
...
006 (675023.000.000) 09/17 13:22:58 Image size of job updated: 21291488
	3907  -  MemoryUsage of job (MB)
	4000000  -  ResidentSetSize of job (KB)
...
006 (675023.000.000) 09/17 13:27:59 Image size of job updated: 21360032
	3907  -  MemoryUsage of job (MB)
	4000000  -  ResidentSetSize of job (KB)
...
006 (675023.000.000) 09/17 13:33:00 Image size of job updated: 21433308
	3907  -  MemoryUsage of job (MB)
	4000000  -  ResidentSetSize of job (KB)
...
006 (675023.000.000) 09/17 13:38:00 Image size of job updated: 21500088
	3907  -  MemoryUsage of job (MB)
	4000000  -  ResidentSetSize of job (KB)
...
006 (675023.000.000) 09/17 13:43:01 Image size of job updated: 21572720
	3907  -  MemoryUsage of job (MB)
	4000000  -  ResidentSetSize of job (KB)
...
006 (675023.000.000) 09/17 13:48:02 Image size of job updated: 21641796
	3907  -  MemoryUsage of job (MB)
	4000000  -  ResidentSetSize of job (KB)
...
006 (675023.000.000) 09/17 13:50:09 Image size of job updated: 21671448
	3907  -  MemoryUsage of job (MB)
	4000000  -  ResidentSetSize of job (KB)
...
005 (675023.000.000) 09/17 13:50:09 Job terminated.
	(1) Normal termination (return value 0)
		Usr 0 00:04:40, Sys 0 00:01:50  -  Run Remote Usage
		Usr 0 00:00:00, Sys 0 00:00:00  -  Run Local Usage
		Usr 0 00:04:40, Sys 0 00:01:50  -  Total Remote Usage
		Usr 0 00:00:00, Sys 0 00:00:00  -  Total Local Usage
	0  -  Run Bytes Sent By Job
	0  -  Run Bytes Received By Job
	0  -  Total Bytes Sent By Job
	0  -  Total Bytes Received By Job
	Partitionable Resources :    Usage  Request Allocated 
	   Cpus                 :     1.99        2         2 
	   Disk (KB)            :   150         150     17664 
	   Memory (MB)          :  3907        3907      3968 
...
