000 (674360.000.000) 09/14 14:18:48 Job submitted from host: <140.160.143.130:9618?addrs=140.160.143.130-9618&noUDP&sock=5591_da80_4>
...
009 (674360.000.000) 09/14 14:20:43 Job was aborted by the user.
	via condor_rm (by user scoggim)
...
000 (674504.000.000) 09/14 14:25:56 Job submitted from host: <140.160.143.130:9618?addrs=140.160.143.130-9618&noUDP&sock=5591_da80_4>
...
001 (674504.000.000) 09/14 14:26:16 Job executing on host: <140.160.143.149:9618?addrs=140.160.143.149-9618&noUDP&sock=8214_036a_3>
...
006 (674504.000.000) 09/14 14:26:25 Image size of job updated: 3016
	3  -  MemoryUsage of job (MB)
	3016  -  ResidentSetSize of job (KB)
...
000 (674648.000.000) 09/14 14:26:38 Job submitted from host: <140.160.143.130:9618?addrs=140.160.143.130-9618&noUDP&sock=5591_da80_4>
...
000 (674792.000.000) 09/14 14:27:37 Job submitted from host: <140.160.143.130:9618?addrs=140.160.143.130-9618&noUDP&sock=5591_da80_4>
...
006 (674504.000.000) 09/14 14:31:25 Image size of job updated: 81356
	80  -  MemoryUsage of job (MB)
	81356  -  ResidentSetSize of job (KB)
...
004 (674504.000.000) 09/14 14:46:33 Job was evicted.
	(0) Job was not checkpointed.
		Usr 0 00:07:18, Sys 0 00:02:44  -  Run Remote Usage
		Usr 0 00:00:00, Sys 0 00:00:00  -  Run Local Usage
	0  -  Run Bytes Sent By Job
	0  -  Run Bytes Received By Job
	Partitionable Resources :    Usage  Request Allocated 
	   Cpus                 :     2.00        2         2 
	   Disk (KB)            :   150         150     18162 
	   Gpus                 :                           0 
	   Memory (MB)          :    80           1       128 
...
009 (674504.000.000) 09/14 14:46:33 Job was aborted by the user.
	via condor_rm (by user scoggim)
...
009 (674792.000.000) 09/14 14:46:33 Job was aborted by the user.
	via condor_rm (by user scoggim)
...
009 (674648.000.000) 09/14 14:46:33 Job was aborted by the user.
	via condor_rm (by user scoggim)
...
000 (674972.000.000) 09/14 22:20:23 Job submitted from host: <140.160.143.130:9618?addrs=140.160.143.130-9618&noUDP&sock=5591_da80_4>
...
001 (674972.000.000) 09/15 01:17:48 Job executing on host: <140.160.143.157:9618?addrs=140.160.143.157-9618&noUDP&sock=4484_2bf8_3>
...
006 (674972.000.000) 09/15 01:17:56 Image size of job updated: 2016
	2  -  MemoryUsage of job (MB)
	2016  -  ResidentSetSize of job (KB)
...
006 (674972.000.000) 09/15 01:22:56 Image size of job updated: 46884
	46  -  MemoryUsage of job (MB)
	46884  -  ResidentSetSize of job (KB)
...
006 (674972.000.000) 09/15 01:27:58 Image size of job updated: 93352
	92  -  MemoryUsage of job (MB)
	93352  -  ResidentSetSize of job (KB)
...
006 (674972.000.000) 09/15 01:32:58 Image size of job updated: 137464
	135  -  MemoryUsage of job (MB)
	137464  -  ResidentSetSize of job (KB)
...
006 (674972.000.000) 09/15 01:37:58 Image size of job updated: 183116
	179  -  MemoryUsage of job (MB)
	183116  -  ResidentSetSize of job (KB)
...
006 (674972.000.000) 09/15 01:42:59 Image size of job updated: 187596
	184  -  MemoryUsage of job (MB)
	187596  -  ResidentSetSize of job (KB)
...
006 (674972.000.000) 09/15 07:23:36 Image size of job updated: 5679748
	184  -  MemoryUsage of job (MB)
	187596  -  ResidentSetSize of job (KB)
...
006 (674972.000.000) 09/15 07:28:36 Image size of job updated: 5757700
	184  -  MemoryUsage of job (MB)
	187596  -  ResidentSetSize of job (KB)
...
006 (674972.000.000) 09/15 07:33:37 Image size of job updated: 5835120
	184  -  MemoryUsage of job (MB)
	187596  -  ResidentSetSize of job (KB)
...
006 (674972.000.000) 09/15 07:38:37 Image size of job updated: 5911504
	184  -  MemoryUsage of job (MB)
	187596  -  ResidentSetSize of job (KB)
...
006 (674972.000.000) 09/15 07:43:37 Image size of job updated: 5988728
	184  -  MemoryUsage of job (MB)
	187596  -  ResidentSetSize of job (KB)
...
006 (674972.000.000) 09/15 07:48:38 Image size of job updated: 6065420
	184  -  MemoryUsage of job (MB)
	187596  -  ResidentSetSize of job (KB)
...
006 (674972.000.000) 09/15 07:53:39 Image size of job updated: 6143932
	184  -  MemoryUsage of job (MB)
	187596  -  ResidentSetSize of job (KB)
...
006 (674972.000.000) 09/15 07:58:39 Image size of job updated: 6220428
	184  -  MemoryUsage of job (MB)
	187596  -  ResidentSetSize of job (KB)
...
006 (674972.000.000) 09/15 08:03:39 Image size of job updated: 6297400
	184  -  MemoryUsage of job (MB)
	187596  -  ResidentSetSize of job (KB)
...
006 (674972.000.000) 09/15 08:08:40 Image size of job updated: 6373672
	184  -  MemoryUsage of job (MB)
	187596  -  ResidentSetSize of job (KB)
...
006 (674972.000.000) 09/15 08:19:25 Image size of job updated: 6436756
	184  -  MemoryUsage of job (MB)
	187596  -  ResidentSetSize of job (KB)
...
006 (674972.000.000) 09/15 08:35:16 Image size of job updated: 6438072
	184  -  MemoryUsage of job (MB)
	187596  -  ResidentSetSize of job (KB)
...
006 (674972.000.000) 09/15 08:57:25 Image size of job updated: 6686796
	184  -  MemoryUsage of job (MB)
	187596  -  ResidentSetSize of job (KB)
...
006 (674972.000.000) 09/15 09:13:28 Image size of job updated: 6940644
	184  -  MemoryUsage of job (MB)
	187596  -  ResidentSetSize of job (KB)
...
006 (674972.000.000) 09/15 09:23:06 Image size of job updated: 7093972
	184  -  MemoryUsage of job (MB)
	187596  -  ResidentSetSize of job (KB)
...
006 (674972.000.000) 09/15 09:28:53 Image size of job updated: 7182060
	184  -  MemoryUsage of job (MB)
	187596  -  ResidentSetSize of job (KB)
...
006 (674972.000.000) 09/15 09:33:53 Image size of job updated: 7259732
	184  -  MemoryUsage of job (MB)
	187596  -  ResidentSetSize of job (KB)
...
006 (674972.000.000) 09/15 09:38:53 Image size of job updated: 7337964
	184  -  MemoryUsage of job (MB)
	187596  -  ResidentSetSize of job (KB)
...
006 (674972.000.000) 09/15 09:54:49 Image size of job updated: 7395504
	184  -  MemoryUsage of job (MB)
	187596  -  ResidentSetSize of job (KB)
...
006 (674972.000.000) 09/15 10:54:14 Image size of job updated: 7903256
	184  -  MemoryUsage of job (MB)
	187596  -  ResidentSetSize of job (KB)
...
006 (674972.000.000) 09/15 11:36:26 Image size of job updated: 8583180
	184  -  MemoryUsage of job (MB)
	187596  -  ResidentSetSize of job (KB)
...
006 (674972.000.000) 09/15 12:07:34 Image size of job updated: 8659928
	184  -  MemoryUsage of job (MB)
	187596  -  ResidentSetSize of job (KB)
...
022 (674972.000.000) 09/15 12:37:43 Job disconnected, attempting to reconnect
    Socket between submit and execute hosts closed unexpectedly
    Trying to reconnect to slot1_3@c-1-6 <140.160.143.157:9618?addrs=140.160.143.157-9618&noUDP&sock=4484_2bf8_3>
...
024 (674972.000.000) 09/15 13:17:43 Job reconnection failed
    Job disconnected too long: JobLeaseDuration (2400 seconds) expired
    Can not reconnect to slot1_3@c-1-6, rescheduling job
...
001 (674972.000.000) 09/15 14:11:12 Job executing on host: <140.160.143.153:9618?addrs=140.160.143.153-9618&noUDP&sock=4484_8b29_3>
...
006 (674972.000.000) 09/15 14:31:24 Image size of job updated: 10000000
	218  -  MemoryUsage of job (MB)
	223096  -  ResidentSetSize of job (KB)
...
006 (674972.000.000) 09/15 14:36:25 Image size of job updated: 10000000
	235  -  MemoryUsage of job (MB)
	239808  -  ResidentSetSize of job (KB)
...
005 (674972.000.000) 09/16 14:22:50 Job terminated.
	(1) Normal termination (return value 0)
		Usr 0 00:23:30, Sys 0 00:11:16  -  Run Remote Usage
		Usr 0 00:00:00, Sys 0 00:00:00  -  Run Local Usage
		Usr 0 00:23:30, Sys 0 00:11:16  -  Total Remote Usage
		Usr 0 00:00:00, Sys 0 00:00:00  -  Total Local Usage
	0  -  Run Bytes Sent By Job
	0  -  Run Bytes Received By Job
	0  -  Total Bytes Sent By Job
	0  -  Total Bytes Received By Job
	Partitionable Resources :    Usage  Request Allocated 
	   Cpus                 :     1.90        2         2 
	   Disk (KB)            :   150         150     17609 
	   Memory (MB)          :   235         196       256 
...
000 (193.000.000) 10/21 16:26:36 Job submitted from host: <140.160.143.131:9618?addrs=140.160.143.131-9618&noUDP&sock=2776_aefe_4>
...
001 (193.000.000) 10/21 16:26:38 Job executing on host: <140.160.143.145:9618?addrs=140.160.143.145-9618&noUDP&sock=1466_21ee_3>
...
006 (193.000.000) 10/21 16:26:47 Image size of job updated: 916
	1  -  MemoryUsage of job (MB)
	916  -  ResidentSetSize of job (KB)
...
006 (193.000.000) 10/21 23:34:13 Image size of job updated: 143504
	1  -  MemoryUsage of job (MB)
	916  -  ResidentSetSize of job (KB)
...
005 (193.000.000) 10/21 23:34:13 Job terminated.
	(1) Normal termination (return value 0)
		Usr 0 11:36:06, Sys 0 02:39:02  -  Run Remote Usage
		Usr 0 00:00:00, Sys 0 00:00:00  -  Run Local Usage
		Usr 0 11:36:06, Sys 0 02:39:02  -  Total Remote Usage
		Usr 0 00:00:00, Sys 0 00:00:00  -  Total Local Usage
	0  -  Run Bytes Sent By Job
	0  -  Run Bytes Received By Job
	0  -  Total Bytes Sent By Job
	0  -  Total Bytes Received By Job
	Partitionable Resources :    Usage  Request Allocated 
	   Cpus                 :     2.00        2         2 
	   Disk (KB)            :   150         150    888078 
	   Memory (MB)          :     1       20480     20480 
...
