000 (2133.085.000) 03/25 10:58:12 Job submitted from host: <140.160.143.131:9618?addrs=140.160.143.131-9618&noUDP&sock=3219958_f11d_13>
...
001 (2133.085.000) 03/25 14:38:18 Job executing on host: <140.160.143.146:9618?addrs=140.160.143.146-9618&noUDP&sock=23249_756d_3>
...
006 (2133.085.000) 03/25 14:38:27 Image size of job updated: 972
	1  -  MemoryUsage of job (MB)
	968  -  ResidentSetSize of job (KB)
...
006 (2133.085.000) 03/25 14:53:29 Image size of job updated: 976
	1  -  MemoryUsage of job (MB)
	968  -  ResidentSetSize of job (KB)
...
006 (2133.085.000) 03/25 14:58:30 Image size of job updated: 1016
	1  -  MemoryUsage of job (MB)
	968  -  ResidentSetSize of job (KB)
...
005 (2133.085.000) 03/25 15:15:53 Job terminated.
	(1) Normal termination (return value 0)
		Usr 0 01:34:51, Sys 0 00:55:06  -  Run Remote Usage
		Usr 0 00:00:00, Sys 0 00:00:00  -  Run Local Usage
		Usr 0 01:34:51, Sys 0 00:55:06  -  Total Remote Usage
		Usr 0 00:00:00, Sys 0 00:00:00  -  Total Local Usage
	0  -  Run Bytes Sent By Job
	0  -  Run Bytes Received By Job
	0  -  Total Bytes Sent By Job
	0  -  Total Bytes Received By Job
	Partitionable Resources :    Usage  Request Allocated 
	   Cpus                 :     4.00        4         4 
	   Disk (KB)            :   175         175    881144 
	   Memory (MB)          :     1           1       128 
...
