000 (2735.008.000) 07/06 08:12:16 Job submitted from host: <140.160.143.131:9618?addrs=140.160.143.131-9618&noUDP&sock=3131910_565e_30>
...
001 (2735.008.000) 07/06 08:12:26 Job executing on host: <140.160.143.142:9618?addrs=140.160.143.142-9618&noUDP&sock=9468_d6c6_3>
...
006 (2735.008.000) 07/06 08:12:35 Image size of job updated: 1596
	1  -  MemoryUsage of job (MB)
	784  -  ResidentSetSize of job (KB)
...
006 (2735.008.000) 07/06 08:17:36 Image size of job updated: 1600
	1  -  MemoryUsage of job (MB)
	788  -  ResidentSetSize of job (KB)
...
004 (2735.008.000) 07/06 08:19:33 Job was evicted.
	(0) Job was not checkpointed.
		Usr 0 00:07:06, Sys 0 00:00:00  -  Run Remote Usage
		Usr 0 00:00:00, Sys 0 00:00:00  -  Run Local Usage
	0  -  Run Bytes Sent By Job
	0  -  Run Bytes Received By Job
	Partitionable Resources :    Usage  Request Allocated 
	   Cpus                 :     1.00        1         1 
	   Disk (KB)            :   175         175    881044 
	   Memory (MB)          :     1           1       128 
...
009 (2735.008.000) 07/06 08:19:33 Job was aborted by the user.
	via condor_rm (by user scoggim)
...
