000 (2267.866.000) 04/28 23:44:32 Job submitted from host: <140.160.143.131:9618?addrs=140.160.143.131-9618&noUDP&sock=3131910_565e_30>
...
000 (2268.866.000) 04/28 23:46:21 Job submitted from host: <140.160.143.131:9618?addrs=140.160.143.131-9618&noUDP&sock=3131910_565e_30>
...
001 (2267.866.000) 05/04 09:50:28 Job executing on host: <140.160.143.164:9618?addrs=140.160.143.164-9618&noUDP&sock=59457_2292_3>
...
006 (2267.866.000) 05/04 09:50:36 Image size of job updated: 2700
	3  -  MemoryUsage of job (MB)
	2700  -  ResidentSetSize of job (KB)
...
006 (2267.866.000) 05/04 09:55:36 Image size of job updated: 2704
	3  -  MemoryUsage of job (MB)
	2704  -  ResidentSetSize of job (KB)
...
006 (2267.866.000) 05/05 08:00:05 Image size of job updated: 215312
	3  -  MemoryUsage of job (MB)
	2704  -  ResidentSetSize of job (KB)
...
005 (2267.866.000) 05/05 08:00:05 Job terminated.
	(1) Normal termination (return value 0)
		Usr 2 06:16:11, Sys 1 10:20:40  -  Run Remote Usage
		Usr 0 00:00:00, Sys 0 00:00:00  -  Run Local Usage
		Usr 2 06:16:11, Sys 1 10:20:40  -  Total Remote Usage
		Usr 0 00:00:00, Sys 0 00:00:00  -  Total Local Usage
	0  -  Run Bytes Sent By Job
	0  -  Run Bytes Received By Job
	0  -  Total Bytes Sent By Job
	0  -  Total Bytes Received By Job
	Partitionable Resources :    Usage  Request Allocated 
	   Cpus                 :     4.00        4         4 
	   Disk (KB)            :   175         175    844642 
	   Memory (MB)          :     3           1       128 
...
009 (2268.866.000) 05/11 09:58:43 Job was aborted by the user.
	via condor_rm (by user scoggim)
...
000 (2400.190.000) 05/11 12:37:09 Job submitted from host: <140.160.143.131:9618?addrs=140.160.143.131-9618&noUDP&sock=3131910_565e_30>
...
001 (2400.190.000) 05/11 18:41:54 Job executing on host: <140.160.143.142:9618?addrs=140.160.143.142-9618&noUDP&sock=8883_93de_3>
...
006 (2400.190.000) 05/11 18:42:03 Image size of job updated: 2044
	2  -  MemoryUsage of job (MB)
	2044  -  ResidentSetSize of job (KB)
...
006 (2400.190.000) 05/11 19:07:06 Image size of job updated: 2048
	2  -  MemoryUsage of job (MB)
	2048  -  ResidentSetSize of job (KB)
...
005 (2400.190.000) 05/13 20:22:17 Job terminated.
	(1) Normal termination (return value 0)
		Usr 2 01:36:04, Sys 0 00:00:03  -  Run Remote Usage
		Usr 0 00:00:00, Sys 0 00:00:00  -  Run Local Usage
		Usr 2 01:36:04, Sys 0 00:00:03  -  Total Remote Usage
		Usr 0 00:00:00, Sys 0 00:00:00  -  Total Local Usage
	0  -  Run Bytes Sent By Job
	0  -  Run Bytes Received By Job
	0  -  Total Bytes Sent By Job
	0  -  Total Bytes Received By Job
	Partitionable Resources :    Usage  Request Allocated 
	   Cpus                 :     1.00        1         1 
	   Disk (KB)            :   175         175    881178 
	   Memory (MB)          :     2           1       128 
...
000 (2511.866.000) 05/27 15:03:38 Job submitted from host: <140.160.143.131:9618?addrs=140.160.143.131-9618&noUDP&sock=3131910_565e_30>
...
001 (2511.866.000) 05/28 08:24:26 Job executing on host: <140.160.143.160:9618?addrs=140.160.143.160-9618&noUDP&sock=59753_2a9b_3>
...
006 (2511.866.000) 05/28 08:24:34 Image size of job updated: 36628
	36  -  MemoryUsage of job (MB)
	36628  -  ResidentSetSize of job (KB)
...
006 (2511.866.000) 05/28 09:19:39 Image size of job updated: 41528
	41  -  MemoryUsage of job (MB)
	41528  -  ResidentSetSize of job (KB)
...
006 (2511.866.000) 05/29 06:46:52 Image size of job updated: 65900
	65  -  MemoryUsage of job (MB)
	65900  -  ResidentSetSize of job (KB)
...
006 (2511.866.000) 05/31 13:14:21 Image size of job updated: 145796
	65  -  MemoryUsage of job (MB)
	65900  -  ResidentSetSize of job (KB)
...
004 (2511.866.000) 05/31 13:14:21 Job was evicted.
	(0) Job was not checkpointed.
		Usr 3 04:49:50, Sys 0 00:00:02  -  Run Remote Usage
		Usr 0 00:00:00, Sys 0 00:00:00  -  Run Local Usage
	0  -  Run Bytes Sent By Job
	0  -  Run Bytes Received By Job
	Partitionable Resources :    Usage  Request Allocated 
	   Cpus                 :     1.00        1         1 
	   Disk (KB)            :   175         175    844516 
	   Memory (MB)          :    65           1       128 
...
009 (2511.866.000) 05/31 13:14:21 Job was aborted by the user.
	via condor_rm (by user scoggim)
...
000 (2516.190.000) 06/02 11:26:48 Job submitted from host: <140.160.143.131:9618?addrs=140.160.143.131-9618&noUDP&sock=3131910_565e_30>
...
009 (2516.190.000) 06/03 01:05:37 Job was aborted by the user.
	via condor_rm (by user scoggim)
...
000 (2523.190.000) 06/03 01:09:45 Job submitted from host: <140.160.143.131:9618?addrs=140.160.143.131-9618&noUDP&sock=3131910_565e_30>
...
009 (2523.190.000) 06/03 01:12:02 Job was aborted by the user.
	via condor_rm (by user scoggim)
...
000 (2524.190.000) 06/03 01:12:07 Job submitted from host: <140.160.143.131:9618?addrs=140.160.143.131-9618&noUDP&sock=3131910_565e_30>
...
009 (2524.190.000) 06/03 11:11:23 Job was aborted by the user.
	via condor_rm (by user scoggim)
...
000 (2525.190.000) 06/03 11:11:41 Job submitted from host: <140.160.143.131:9618?addrs=140.160.143.131-9618&noUDP&sock=3131910_565e_30>
...
001 (2525.190.000) 06/07 17:32:24 Job executing on host: <140.160.143.147:9618?addrs=140.160.143.147-9618&noUDP&sock=26984_5ba8_3>
...
006 (2525.190.000) 06/07 17:32:33 Image size of job updated: 62168
	61  -  MemoryUsage of job (MB)
	62168  -  ResidentSetSize of job (KB)
...
006 (2525.190.000) 06/07 18:57:40 Image size of job updated: 67060
	66  -  MemoryUsage of job (MB)
	67060  -  ResidentSetSize of job (KB)
...
005 (2525.190.000) 06/09 06:43:30 Job terminated.
	(1) Normal termination (return value 0)
		Usr 1 13:07:03, Sys 0 00:00:07  -  Run Remote Usage
		Usr 0 00:00:00, Sys 0 00:00:00  -  Run Local Usage
		Usr 1 13:07:03, Sys 0 00:00:07  -  Total Remote Usage
		Usr 0 00:00:00, Sys 0 00:00:00  -  Total Local Usage
	0  -  Run Bytes Sent By Job
	0  -  Run Bytes Received By Job
	0  -  Total Bytes Sent By Job
	0  -  Total Bytes Received By Job
	Partitionable Resources :    Usage  Request Allocated 
	   Cpus                 :     1.00        1         1 
	   Disk (KB)            :   175         175    196727 
	   Memory (MB)          :    66           1       128 
...
