000 (2267.734.000) 04/28 23:44:32 Job submitted from host: <140.160.143.131:9618?addrs=140.160.143.131-9618&noUDP&sock=3131910_565e_30>
...
000 (2268.734.000) 04/28 23:46:20 Job submitted from host: <140.160.143.131:9618?addrs=140.160.143.131-9618&noUDP&sock=3131910_565e_30>
...
001 (2267.734.000) 05/01 12:15:26 Job executing on host: <140.160.143.160:9618?addrs=140.160.143.160-9618&noUDP&sock=11177_1220_3>
...
006 (2267.734.000) 05/01 12:15:34 Image size of job updated: 2728
	3  -  MemoryUsage of job (MB)
	2728  -  ResidentSetSize of job (KB)
...
005 (2267.734.000) 05/02 10:30:02 Job terminated.
	(1) Normal termination (return value 0)
		Usr 2 04:37:45, Sys 1 12:19:15  -  Run Remote Usage
		Usr 0 00:00:00, Sys 0 00:00:00  -  Run Local Usage
		Usr 2 04:37:45, Sys 1 12:19:15  -  Total Remote Usage
		Usr 0 00:00:00, Sys 0 00:00:00  -  Total Local Usage
	0  -  Run Bytes Sent By Job
	0  -  Run Bytes Received By Job
	0  -  Total Bytes Sent By Job
	0  -  Total Bytes Received By Job
	Partitionable Resources :    Usage  Request Allocated 
	   Cpus                 :     4.00        4         4 
	   Disk (KB)            :   175         175    845054 
	   Memory (MB)          :     3           1       128 
...
009 (2268.734.000) 05/11 09:58:40 Job was aborted by the user.
	via condor_rm (by user scoggim)
...
000 (2400.058.000) 05/11 12:37:09 Job submitted from host: <140.160.143.131:9618?addrs=140.160.143.131-9618&noUDP&sock=3131910_565e_30>
...
001 (2400.058.000) 05/11 12:37:13 Job executing on host: <140.160.143.146:9618?addrs=140.160.143.146-9618&noUDP&sock=23249_756d_3>
...
006 (2400.058.000) 05/11 12:37:21 Image size of job updated: 2044
	2  -  MemoryUsage of job (MB)
	2044  -  ResidentSetSize of job (KB)
...
006 (2400.058.000) 05/11 13:02:23 Image size of job updated: 2048
	2  -  MemoryUsage of job (MB)
	2048  -  ResidentSetSize of job (KB)
...
005 (2400.058.000) 05/14 08:32:22 Job terminated.
	(1) Normal termination (return value 0)
		Usr 2 19:48:10, Sys 0 00:00:12  -  Run Remote Usage
		Usr 0 00:00:00, Sys 0 00:00:00  -  Run Local Usage
		Usr 2 19:48:10, Sys 0 00:00:12  -  Total Remote Usage
		Usr 0 00:00:00, Sys 0 00:00:00  -  Total Local Usage
	0  -  Run Bytes Sent By Job
	0  -  Run Bytes Received By Job
	0  -  Total Bytes Sent By Job
	0  -  Total Bytes Received By Job
	Partitionable Resources :    Usage  Request Allocated 
	   Cpus                 :     1.00        1         1 
	   Disk (KB)            :   175         175    881144 
	   Memory (MB)          :     2           1       128 
...
000 (2511.734.000) 05/27 15:03:25 Job submitted from host: <140.160.143.131:9618?addrs=140.160.143.131-9618&noUDP&sock=3131910_565e_30>
...
001 (2511.734.000) 05/27 22:22:51 Job executing on host: <140.160.143.145:9618?addrs=140.160.143.145-9618&noUDP&sock=29321_587d_3>
...
006 (2511.734.000) 05/27 22:23:00 Image size of job updated: 62172
	61  -  MemoryUsage of job (MB)
	62172  -  ResidentSetSize of job (KB)
...
006 (2511.734.000) 05/28 02:08:21 Image size of job updated: 67068
	66  -  MemoryUsage of job (MB)
	67068  -  ResidentSetSize of job (KB)
...
006 (2511.734.000) 05/29 22:27:57 Image size of job updated: 67336
	66  -  MemoryUsage of job (MB)
	67068  -  ResidentSetSize of job (KB)
...
004 (2511.734.000) 05/31 13:14:16 Job was evicted.
	(0) Job was not checkpointed.
		Usr 3 14:41:14, Sys 0 00:00:12  -  Run Remote Usage
		Usr 0 00:00:00, Sys 0 00:00:00  -  Run Local Usage
	0  -  Run Bytes Sent By Job
	0  -  Run Bytes Received By Job
	Partitionable Resources :    Usage  Request Allocated 
	   Cpus                 :     0.99        1         1 
	   Disk (KB)            :   175         175    881005 
	   Memory (MB)          :    66           1       128 
...
009 (2511.734.000) 05/31 13:14:17 Job was aborted by the user.
	via condor_rm (by user scoggim)
...
000 (2516.058.000) 06/02 11:26:45 Job submitted from host: <140.160.143.131:9618?addrs=140.160.143.131-9618&noUDP&sock=3131910_565e_30>
...
001 (2516.058.000) 06/02 11:26:59 Job executing on host: <140.160.143.153:9618?addrs=140.160.143.153-9618&noUDP&sock=3174_adb0_3>
...
006 (2516.058.000) 06/02 11:27:07 Image size of job updated: 62172
	61  -  MemoryUsage of job (MB)
	62172  -  ResidentSetSize of job (KB)
...
004 (2516.058.000) 06/03 01:05:38 Job was evicted.
	(0) Job was not checkpointed.
		Usr 0 13:37:02, Sys 0 00:00:01  -  Run Remote Usage
		Usr 0 00:00:00, Sys 0 00:00:00  -  Run Local Usage
	0  -  Run Bytes Sent By Job
	0  -  Run Bytes Received By Job
	Partitionable Resources :    Usage  Request Allocated 
	   Cpus                 :     1.00        1         1 
	   Disk (KB)            :   175         175    870398 
	   Gpus                 :                           0 
	   Memory (MB)          :    61           1       128 
...
009 (2516.058.000) 06/03 01:05:38 Job was aborted by the user.
	via condor_rm (by user scoggim)
...
000 (2523.058.000) 06/03 01:09:42 Job submitted from host: <140.160.143.131:9618?addrs=140.160.143.131-9618&noUDP&sock=3131910_565e_30>
...
009 (2523.058.000) 06/03 01:12:02 Job was aborted by the user.
	via condor_rm (by user scoggim)
...
000 (2524.058.000) 06/03 01:12:07 Job submitted from host: <140.160.143.131:9618?addrs=140.160.143.131-9618&noUDP&sock=3131910_565e_30>
...
009 (2524.058.000) 06/03 11:11:22 Job was aborted by the user.
	via condor_rm (by user scoggim)
...
000 (2525.058.000) 06/03 11:11:41 Job submitted from host: <140.160.143.131:9618?addrs=140.160.143.131-9618&noUDP&sock=3131910_565e_30>
...
001 (2525.058.000) 06/03 11:12:04 Job executing on host: <140.160.143.153:9618?addrs=140.160.143.153-9618&noUDP&sock=3174_adb0_3>
...
006 (2525.058.000) 06/03 11:12:13 Image size of job updated: 62156
	61  -  MemoryUsage of job (MB)
	62156  -  ResidentSetSize of job (KB)
...
005 (2525.058.000) 06/05 06:55:50 Job terminated.
	(1) Normal termination (return value 0)
		Usr 1 19:38:10, Sys 0 00:00:06  -  Run Remote Usage
		Usr 0 00:00:00, Sys 0 00:00:00  -  Run Local Usage
		Usr 1 19:38:10, Sys 0 00:00:06  -  Total Remote Usage
		Usr 0 00:00:00, Sys 0 00:00:00  -  Total Local Usage
	0  -  Run Bytes Sent By Job
	0  -  Run Bytes Received By Job
	0  -  Total Bytes Sent By Job
	0  -  Total Bytes Received By Job
	Partitionable Resources :    Usage  Request Allocated 
	   Cpus                 :     1.00        1         1 
	   Disk (KB)            :   175         175    870398 
	   Gpus                 :                           0 
	   Memory (MB)          :    61           1       128 
...
