000 (2161.236.000) 04/19 11:39:22 Job submitted from host: <140.160.143.131:9618?addrs=140.160.143.131-9618&noUDP&sock=3131910_565e_30>
...
001 (2161.236.000) 04/22 11:33:02 Job executing on host: <140.160.143.165:9618?addrs=140.160.143.165-9618&noUDP&sock=9630_f51d_3>
...
006 (2161.236.000) 04/22 11:33:11 Image size of job updated: 4812
	5  -  MemoryUsage of job (MB)
	4812  -  ResidentSetSize of job (KB)
...
006 (2161.236.000) 04/22 12:53:19 Image size of job updated: 5060
	5  -  MemoryUsage of job (MB)
	5060  -  ResidentSetSize of job (KB)
...
005 (2161.236.000) 04/23 05:55:30 Job terminated.
	(1) Normal termination (return value 0)
		Usr 2 00:52:54, Sys 1 00:36:48  -  Run Remote Usage
		Usr 0 00:00:00, Sys 0 00:00:00  -  Run Local Usage
		Usr 2 00:52:54, Sys 1 00:36:48  -  Total Remote Usage
		Usr 0 00:00:00, Sys 0 00:00:00  -  Total Local Usage
	0  -  Run Bytes Sent By Job
	0  -  Run Bytes Received By Job
	0  -  Total Bytes Sent By Job
	0  -  Total Bytes Received By Job
	Partitionable Resources :    Usage  Request Allocated 
	   Cpus                 :     4.00        4         4 
	   Disk (KB)            :   175         175    844764 
	   Memory (MB)          :     5           1       128 
...
000 (2267.1757.000) 04/28 23:44:42 Job submitted from host: <140.160.143.131:9618?addrs=140.160.143.131-9618&noUDP&sock=3131910_565e_30>
...
009 (2267.1757.000) 05/11 12:17:54 Job was aborted by the user.
	via condor_rm (by user scoggim)
...
000 (2400.1081.000) 05/11 12:37:10 Job submitted from host: <140.160.143.131:9618?addrs=140.160.143.131-9618&noUDP&sock=3131910_565e_30>
...
001 (2400.1081.000) 05/12 22:05:37 Job executing on host: <140.160.143.142:9618?addrs=140.160.143.142-9618&noUDP&sock=8883_93de_3>
...
006 (2400.1081.000) 05/12 22:05:46 Image size of job updated: 4096
	4  -  MemoryUsage of job (MB)
	4076  -  ResidentSetSize of job (KB)
...
006 (2400.1081.000) 05/15 12:33:30 Image size of job updated: 109552
	4  -  MemoryUsage of job (MB)
	4076  -  ResidentSetSize of job (KB)
...
004 (2400.1081.000) 05/15 12:33:31 Job was evicted.
	(0) Job was not checkpointed.
		Usr 2 14:25:15, Sys 0 00:00:06  -  Run Remote Usage
		Usr 0 00:00:00, Sys 0 00:00:00  -  Run Local Usage
	0  -  Run Bytes Sent By Job
	0  -  Run Bytes Received By Job
	Partitionable Resources :    Usage  Request Allocated 
	   Cpus                 :     1.00        1         1 
	   Disk (KB)            :   175         175    881178 
	   Memory (MB)          :     4           1       128 
...
001 (2400.1081.000) 05/15 18:22:47 Job executing on host: <140.160.143.146:9618?addrs=140.160.143.146-9618&noUDP&sock=13727_28a1_3>
...
004 (2400.1081.000) 05/19 07:17:37 Job was evicted.
	(0) Job was not checkpointed.
		Usr 3 05:29:18, Sys 0 00:00:03  -  Run Remote Usage
		Usr 0 00:00:00, Sys 0 00:00:00  -  Run Local Usage
	0  -  Run Bytes Sent By Job
	0  -  Run Bytes Received By Job
	Partitionable Resources :    Usage  Request Allocated 
	   Cpus                 :     1.00        1         1 
	   Disk (KB)            :   175         175    881271 
	   Memory (MB)          :     5           5       128 
...
009 (2400.1081.000) 05/19 07:17:40 Job was aborted by the user.
	via condor_rm (by user scoggim)
...
