000 (674439.000.000) 09/14 14:18:51 Job submitted from host: <140.160.143.130:9618?addrs=140.160.143.130-9618&noUDP&sock=5591_da80_4>
...
009 (674439.000.000) 09/14 14:20:43 Job was aborted by the user.
	via condor_rm (by user scoggim)
...
000 (674583.000.000) 09/14 14:26:00 Job submitted from host: <140.160.143.130:9618?addrs=140.160.143.130-9618&noUDP&sock=5591_da80_4>
...
000 (674727.000.000) 09/14 14:26:41 Job submitted from host: <140.160.143.130:9618?addrs=140.160.143.130-9618&noUDP&sock=5591_da80_4>
...
000 (674871.000.000) 09/14 14:27:39 Job submitted from host: <140.160.143.130:9618?addrs=140.160.143.130-9618&noUDP&sock=5591_da80_4>
...
009 (674727.000.000) 09/14 14:46:33 Job was aborted by the user.
	via condor_rm (by user scoggim)
...
009 (674871.000.000) 09/14 14:46:33 Job was aborted by the user.
	via condor_rm (by user scoggim)
...
009 (674583.000.000) 09/14 14:46:33 Job was aborted by the user.
	via condor_rm (by user scoggim)
...
000 (675051.000.000) 09/14 22:20:26 Job submitted from host: <140.160.143.130:9618?addrs=140.160.143.130-9618&noUDP&sock=5591_da80_4>
...
001 (675051.000.000) 09/16 07:11:56 Job executing on host: <140.160.143.157:9618?addrs=140.160.143.157-9618&noUDP&sock=4484_2bf8_12>
...
006 (675051.000.000) 09/16 07:12:05 Image size of job updated: 3608
	3  -  MemoryUsage of job (MB)
	2932  -  ResidentSetSize of job (KB)
...
006 (675051.000.000) 09/16 07:17:06 Image size of job updated: 27504
	27  -  MemoryUsage of job (MB)
	26828  -  ResidentSetSize of job (KB)
...
006 (675051.000.000) 09/16 07:22:06 Image size of job updated: 51132
	50  -  MemoryUsage of job (MB)
	50452  -  ResidentSetSize of job (KB)
...
006 (675051.000.000) 09/16 07:27:06 Image size of job updated: 74820
	73  -  MemoryUsage of job (MB)
	74140  -  ResidentSetSize of job (KB)
...
006 (675051.000.000) 09/16 07:32:07 Image size of job updated: 99084
	97  -  MemoryUsage of job (MB)
	98404  -  ResidentSetSize of job (KB)
...
006 (675051.000.000) 09/16 07:37:07 Image size of job updated: 123088
	120  -  MemoryUsage of job (MB)
	122408  -  ResidentSetSize of job (KB)
...
006 (675051.000.000) 09/16 07:42:07 Image size of job updated: 148128
	144  -  MemoryUsage of job (MB)
	147448  -  ResidentSetSize of job (KB)
...
006 (675051.000.000) 09/16 07:47:08 Image size of job updated: 172964
	169  -  MemoryUsage of job (MB)
	172284  -  ResidentSetSize of job (KB)
...
006 (675051.000.000) 09/16 07:52:09 Image size of job updated: 197596
	193  -  MemoryUsage of job (MB)
	196916  -  ResidentSetSize of job (KB)
...
006 (675051.000.000) 09/16 07:57:09 Image size of job updated: 222064
	217  -  MemoryUsage of job (MB)
	221384  -  ResidentSetSize of job (KB)
...
006 (675051.000.000) 09/16 08:02:10 Image size of job updated: 246328
	240  -  MemoryUsage of job (MB)
	245648  -  ResidentSetSize of job (KB)
...
006 (675051.000.000) 09/16 08:07:11 Image size of job updated: 270196
	264  -  MemoryUsage of job (MB)
	269516  -  ResidentSetSize of job (KB)
...
006 (675051.000.000) 09/16 08:12:11 Image size of job updated: 294192
	287  -  MemoryUsage of job (MB)
	293512  -  ResidentSetSize of job (KB)
...
006 (675051.000.000) 09/16 08:17:11 Image size of job updated: 318276
	311  -  MemoryUsage of job (MB)
	317596  -  ResidentSetSize of job (KB)
...
006 (675051.000.000) 09/16 08:22:12 Image size of job updated: 342156
	334  -  MemoryUsage of job (MB)
	341476  -  ResidentSetSize of job (KB)
...
006 (675051.000.000) 09/16 08:27:13 Image size of job updated: 366216
	357  -  MemoryUsage of job (MB)
	365536  -  ResidentSetSize of job (KB)
...
006 (675051.000.000) 09/16 08:32:13 Image size of job updated: 390188
	381  -  MemoryUsage of job (MB)
	389508  -  ResidentSetSize of job (KB)
...
006 (675051.000.000) 09/16 08:37:14 Image size of job updated: 414652
	405  -  MemoryUsage of job (MB)
	413972  -  ResidentSetSize of job (KB)
...
006 (675051.000.000) 09/16 08:42:15 Image size of job updated: 438908
	428  -  MemoryUsage of job (MB)
	438228  -  ResidentSetSize of job (KB)
...
006 (675051.000.000) 09/16 08:47:15 Image size of job updated: 463160
	452  -  MemoryUsage of job (MB)
	462480  -  ResidentSetSize of job (KB)
...
006 (675051.000.000) 09/16 08:52:15 Image size of job updated: 487332
	476  -  MemoryUsage of job (MB)
	486652  -  ResidentSetSize of job (KB)
...
006 (675051.000.000) 09/16 08:57:16 Image size of job updated: 511428
	499  -  MemoryUsage of job (MB)
	510748  -  ResidentSetSize of job (KB)
...
006 (675051.000.000) 09/16 09:02:17 Image size of job updated: 535632
	523  -  MemoryUsage of job (MB)
	534952  -  ResidentSetSize of job (KB)
...
006 (675051.000.000) 09/16 09:07:17 Image size of job updated: 560120
	547  -  MemoryUsage of job (MB)
	559440  -  ResidentSetSize of job (KB)
...
006 (675051.000.000) 09/16 09:12:17 Image size of job updated: 584724
	571  -  MemoryUsage of job (MB)
	584044  -  ResidentSetSize of job (KB)
...
006 (675051.000.000) 09/16 09:17:18 Image size of job updated: 608840
	594  -  MemoryUsage of job (MB)
	608160  -  ResidentSetSize of job (KB)
...
006 (675051.000.000) 09/16 09:22:18 Image size of job updated: 632516
	618  -  MemoryUsage of job (MB)
	631836  -  ResidentSetSize of job (KB)
...
006 (675051.000.000) 09/16 09:27:18 Image size of job updated: 655984
	640  -  MemoryUsage of job (MB)
	655304  -  ResidentSetSize of job (KB)
...
006 (675051.000.000) 09/16 09:32:19 Image size of job updated: 680036
	664  -  MemoryUsage of job (MB)
	679356  -  ResidentSetSize of job (KB)
...
006 (675051.000.000) 09/16 09:37:20 Image size of job updated: 703728
	687  -  MemoryUsage of job (MB)
	703048  -  ResidentSetSize of job (KB)
...
006 (675051.000.000) 09/16 09:42:20 Image size of job updated: 727240
	710  -  MemoryUsage of job (MB)
	726560  -  ResidentSetSize of job (KB)
...
006 (675051.000.000) 09/16 09:47:20 Image size of job updated: 750868
	733  -  MemoryUsage of job (MB)
	750188  -  ResidentSetSize of job (KB)
...
006 (675051.000.000) 09/16 09:52:21 Image size of job updated: 774496
	756  -  MemoryUsage of job (MB)
	773816  -  ResidentSetSize of job (KB)
...
006 (675051.000.000) 09/16 09:57:21 Image size of job updated: 798120
	779  -  MemoryUsage of job (MB)
	797440  -  ResidentSetSize of job (KB)
...
006 (675051.000.000) 09/16 10:02:21 Image size of job updated: 822160
	803  -  MemoryUsage of job (MB)
	821480  -  ResidentSetSize of job (KB)
...
006 (675051.000.000) 09/16 10:07:22 Image size of job updated: 846592
	827  -  MemoryUsage of job (MB)
	845912  -  ResidentSetSize of job (KB)
...
006 (675051.000.000) 09/16 10:12:23 Image size of job updated: 870776
	850  -  MemoryUsage of job (MB)
	870096  -  ResidentSetSize of job (KB)
...
006 (675051.000.000) 09/16 10:17:23 Image size of job updated: 894792
	874  -  MemoryUsage of job (MB)
	894112  -  ResidentSetSize of job (KB)
...
006 (675051.000.000) 09/16 10:22:23 Image size of job updated: 918404
	897  -  MemoryUsage of job (MB)
	917724  -  ResidentSetSize of job (KB)
...
006 (675051.000.000) 09/16 10:27:24 Image size of job updated: 942860
	921  -  MemoryUsage of job (MB)
	942180  -  ResidentSetSize of job (KB)
...
006 (675051.000.000) 09/16 10:32:24 Image size of job updated: 966432
	944  -  MemoryUsage of job (MB)
	965752  -  ResidentSetSize of job (KB)
...
006 (675051.000.000) 09/16 10:37:24 Image size of job updated: 990440
	967  -  MemoryUsage of job (MB)
	989760  -  ResidentSetSize of job (KB)
...
006 (675051.000.000) 09/16 10:42:25 Image size of job updated: 1014184
	990  -  MemoryUsage of job (MB)
	1013504  -  ResidentSetSize of job (KB)
...
006 (675051.000.000) 09/16 10:47:26 Image size of job updated: 1037676
	1013  -  MemoryUsage of job (MB)
	1036996  -  ResidentSetSize of job (KB)
...
006 (675051.000.000) 09/16 10:52:26 Image size of job updated: 1061256
	1036  -  MemoryUsage of job (MB)
	1060576  -  ResidentSetSize of job (KB)
...
006 (675051.000.000) 09/16 10:57:26 Image size of job updated: 1084980
	1059  -  MemoryUsage of job (MB)
	1084300  -  ResidentSetSize of job (KB)
...
006 (675051.000.000) 09/16 11:02:28 Image size of job updated: 1109184
	1083  -  MemoryUsage of job (MB)
	1108504  -  ResidentSetSize of job (KB)
...
006 (675051.000.000) 09/16 11:07:28 Image size of job updated: 1132832
	1106  -  MemoryUsage of job (MB)
	1132152  -  ResidentSetSize of job (KB)
...
006 (675051.000.000) 09/16 11:12:28 Image size of job updated: 1156728
	1129  -  MemoryUsage of job (MB)
	1156048  -  ResidentSetSize of job (KB)
...
006 (675051.000.000) 09/16 11:17:29 Image size of job updated: 1180788
	1153  -  MemoryUsage of job (MB)
	1180108  -  ResidentSetSize of job (KB)
...
006 (675051.000.000) 09/16 11:22:30 Image size of job updated: 1204200
	1176  -  MemoryUsage of job (MB)
	1203520  -  ResidentSetSize of job (KB)
...
006 (675051.000.000) 09/16 11:27:30 Image size of job updated: 1228048
	1199  -  MemoryUsage of job (MB)
	1227368  -  ResidentSetSize of job (KB)
...
006 (675051.000.000) 09/16 11:32:30 Image size of job updated: 1251320
	1222  -  MemoryUsage of job (MB)
	1250640  -  ResidentSetSize of job (KB)
...
006 (675051.000.000) 09/16 11:37:31 Image size of job updated: 1275628
	1246  -  MemoryUsage of job (MB)
	1274948  -  ResidentSetSize of job (KB)
...
006 (675051.000.000) 09/16 11:42:32 Image size of job updated: 1299236
	1269  -  MemoryUsage of job (MB)
	1298556  -  ResidentSetSize of job (KB)
...
006 (675051.000.000) 09/16 11:47:32 Image size of job updated: 1323228
	1292  -  MemoryUsage of job (MB)
	1322548  -  ResidentSetSize of job (KB)
...
006 (675051.000.000) 09/16 11:52:33 Image size of job updated: 1346512
	1315  -  MemoryUsage of job (MB)
	1345832  -  ResidentSetSize of job (KB)
...
006 (675051.000.000) 09/16 11:57:34 Image size of job updated: 1369500
	1337  -  MemoryUsage of job (MB)
	1368820  -  ResidentSetSize of job (KB)
...
006 (675051.000.000) 09/16 12:02:34 Image size of job updated: 1392176
	1359  -  MemoryUsage of job (MB)
	1391496  -  ResidentSetSize of job (KB)
...
006 (675051.000.000) 09/16 12:07:34 Image size of job updated: 1415116
	1382  -  MemoryUsage of job (MB)
	1414436  -  ResidentSetSize of job (KB)
...
006 (675051.000.000) 09/16 12:12:35 Image size of job updated: 1437644
	1404  -  MemoryUsage of job (MB)
	1436964  -  ResidentSetSize of job (KB)
...
006 (675051.000.000) 09/16 12:17:36 Image size of job updated: 1460248
	1426  -  MemoryUsage of job (MB)
	1459568  -  ResidentSetSize of job (KB)
...
006 (675051.000.000) 09/16 12:22:36 Image size of job updated: 1482916
	1448  -  MemoryUsage of job (MB)
	1482236  -  ResidentSetSize of job (KB)
...
006 (675051.000.000) 09/16 12:27:37 Image size of job updated: 1505552
	1470  -  MemoryUsage of job (MB)
	1504872  -  ResidentSetSize of job (KB)
...
006 (675051.000.000) 09/16 12:32:38 Image size of job updated: 1528000
	1492  -  MemoryUsage of job (MB)
	1527320  -  ResidentSetSize of job (KB)
...
006 (675051.000.000) 09/16 12:37:38 Image size of job updated: 1550544
	1514  -  MemoryUsage of job (MB)
	1549864  -  ResidentSetSize of job (KB)
...
006 (675051.000.000) 09/16 12:42:38 Image size of job updated: 1573316
	1536  -  MemoryUsage of job (MB)
	1572636  -  ResidentSetSize of job (KB)
...
006 (675051.000.000) 09/16 12:47:39 Image size of job updated: 1596104
	1559  -  MemoryUsage of job (MB)
	1595424  -  ResidentSetSize of job (KB)
...
006 (675051.000.000) 09/16 12:52:40 Image size of job updated: 1619880
	1582  -  MemoryUsage of job (MB)
	1619200  -  ResidentSetSize of job (KB)
...
006 (675051.000.000) 09/16 12:57:40 Image size of job updated: 1643976
	1605  -  MemoryUsage of job (MB)
	1643296  -  ResidentSetSize of job (KB)
...
006 (675051.000.000) 09/16 13:02:41 Image size of job updated: 1668632
	1629  -  MemoryUsage of job (MB)
	1667952  -  ResidentSetSize of job (KB)
...
006 (675051.000.000) 09/16 13:07:42 Image size of job updated: 1692832
	1653  -  MemoryUsage of job (MB)
	1692152  -  ResidentSetSize of job (KB)
...
006 (675051.000.000) 09/16 13:12:42 Image size of job updated: 1717128
	1677  -  MemoryUsage of job (MB)
	1716448  -  ResidentSetSize of job (KB)
...
006 (675051.000.000) 09/16 13:17:42 Image size of job updated: 1741236
	1700  -  MemoryUsage of job (MB)
	1740556  -  ResidentSetSize of job (KB)
...
006 (675051.000.000) 09/16 13:22:43 Image size of job updated: 1765728
	1724  -  MemoryUsage of job (MB)
	1765048  -  ResidentSetSize of job (KB)
...
006 (675051.000.000) 09/16 13:27:44 Image size of job updated: 1789632
	1748  -  MemoryUsage of job (MB)
	1788952  -  ResidentSetSize of job (KB)
...
006 (675051.000.000) 09/16 13:32:44 Image size of job updated: 1813856
	1771  -  MemoryUsage of job (MB)
	1813176  -  ResidentSetSize of job (KB)
...
006 (675051.000.000) 09/16 13:37:45 Image size of job updated: 1838348
	1795  -  MemoryUsage of job (MB)
	1837668  -  ResidentSetSize of job (KB)
...
006 (675051.000.000) 09/16 13:42:46 Image size of job updated: 1862368
	1819  -  MemoryUsage of job (MB)
	1861688  -  ResidentSetSize of job (KB)
...
006 (675051.000.000) 09/16 13:47:46 Image size of job updated: 1886820
	1842  -  MemoryUsage of job (MB)
	1886140  -  ResidentSetSize of job (KB)
...
006 (675051.000.000) 09/16 13:52:46 Image size of job updated: 1911036
	1866  -  MemoryUsage of job (MB)
	1910356  -  ResidentSetSize of job (KB)
...
006 (675051.000.000) 09/16 13:57:47 Image size of job updated: 1935400
	1890  -  MemoryUsage of job (MB)
	1934720  -  ResidentSetSize of job (KB)
...
006 (675051.000.000) 09/16 14:02:48 Image size of job updated: 1959648
	1914  -  MemoryUsage of job (MB)
	1958968  -  ResidentSetSize of job (KB)
...
006 (675051.000.000) 09/16 14:07:48 Image size of job updated: 1983956
	1937  -  MemoryUsage of job (MB)
	1983276  -  ResidentSetSize of job (KB)
...
006 (675051.000.000) 09/16 14:12:48 Image size of job updated: 2007960
	1961  -  MemoryUsage of job (MB)
	2007280  -  ResidentSetSize of job (KB)
...
006 (675051.000.000) 09/16 14:17:49 Image size of job updated: 2032136
	1984  -  MemoryUsage of job (MB)
	2031456  -  ResidentSetSize of job (KB)
...
006 (675051.000.000) 09/16 14:22:49 Image size of job updated: 2056536
	2008  -  MemoryUsage of job (MB)
	2055856  -  ResidentSetSize of job (KB)
...
006 (675051.000.000) 09/16 14:27:49 Image size of job updated: 2080156
	2031  -  MemoryUsage of job (MB)
	2079476  -  ResidentSetSize of job (KB)
...
006 (675051.000.000) 09/16 14:32:50 Image size of job updated: 2103824
	2054  -  MemoryUsage of job (MB)
	2103144  -  ResidentSetSize of job (KB)
...
006 (675051.000.000) 09/16 14:37:51 Image size of job updated: 2127596
	2078  -  MemoryUsage of job (MB)
	2126916  -  ResidentSetSize of job (KB)
...
006 (675051.000.000) 09/16 14:42:51 Image size of job updated: 2151836
	2101  -  MemoryUsage of job (MB)
	2151156  -  ResidentSetSize of job (KB)
...
006 (675051.000.000) 09/16 14:47:52 Image size of job updated: 2175748
	2125  -  MemoryUsage of job (MB)
	2175068  -  ResidentSetSize of job (KB)
...
006 (675051.000.000) 09/16 14:52:53 Image size of job updated: 2199264
	2148  -  MemoryUsage of job (MB)
	2198584  -  ResidentSetSize of job (KB)
...
006 (675051.000.000) 09/16 14:57:53 Image size of job updated: 2223084
	2171  -  MemoryUsage of job (MB)
	2222404  -  ResidentSetSize of job (KB)
...
006 (675051.000.000) 09/16 15:02:53 Image size of job updated: 2247540
	2195  -  MemoryUsage of job (MB)
	2246860  -  ResidentSetSize of job (KB)
...
006 (675051.000.000) 09/16 15:07:54 Image size of job updated: 2271652
	2218  -  MemoryUsage of job (MB)
	2270972  -  ResidentSetSize of job (KB)
...
006 (675051.000.000) 09/16 15:12:55 Image size of job updated: 2295276
	2241  -  MemoryUsage of job (MB)
	2294596  -  ResidentSetSize of job (KB)
...
006 (675051.000.000) 09/16 15:17:55 Image size of job updated: 2319304
	2265  -  MemoryUsage of job (MB)
	2318624  -  ResidentSetSize of job (KB)
...
006 (675051.000.000) 09/16 15:22:56 Image size of job updated: 2342996
	2288  -  MemoryUsage of job (MB)
	2342316  -  ResidentSetSize of job (KB)
...
006 (675051.000.000) 09/16 15:27:57 Image size of job updated: 2367436
	2312  -  MemoryUsage of job (MB)
	2366756  -  ResidentSetSize of job (KB)
...
006 (675051.000.000) 09/16 15:32:57 Image size of job updated: 2391508
	2335  -  MemoryUsage of job (MB)
	2390828  -  ResidentSetSize of job (KB)
...
006 (675051.000.000) 09/16 15:37:57 Image size of job updated: 2415996
	2359  -  MemoryUsage of job (MB)
	2415316  -  ResidentSetSize of job (KB)
...
006 (675051.000.000) 09/16 15:42:58 Image size of job updated: 2439912
	2383  -  MemoryUsage of job (MB)
	2439232  -  ResidentSetSize of job (KB)
...
006 (675051.000.000) 09/16 15:47:59 Image size of job updated: 2463684
	2406  -  MemoryUsage of job (MB)
	2463004  -  ResidentSetSize of job (KB)
...
006 (675051.000.000) 09/16 15:52:59 Image size of job updated: 2488144
	2430  -  MemoryUsage of job (MB)
	2487464  -  ResidentSetSize of job (KB)
...
006 (675051.000.000) 09/16 15:58:00 Image size of job updated: 2512836
	2454  -  MemoryUsage of job (MB)
	2512156  -  ResidentSetSize of job (KB)
...
006 (675051.000.000) 09/16 16:03:01 Image size of job updated: 2536984
	2477  -  MemoryUsage of job (MB)
	2536304  -  ResidentSetSize of job (KB)
...
006 (675051.000.000) 09/16 16:08:01 Image size of job updated: 2561044
	2501  -  MemoryUsage of job (MB)
	2560364  -  ResidentSetSize of job (KB)
...
006 (675051.000.000) 09/16 16:13:01 Image size of job updated: 2585228
	2524  -  MemoryUsage of job (MB)
	2584548  -  ResidentSetSize of job (KB)
...
006 (675051.000.000) 09/16 16:18:02 Image size of job updated: 2609500
	2548  -  MemoryUsage of job (MB)
	2608820  -  ResidentSetSize of job (KB)
...
006 (675051.000.000) 09/16 16:23:03 Image size of job updated: 2633164
	2571  -  MemoryUsage of job (MB)
	2632484  -  ResidentSetSize of job (KB)
...
006 (675051.000.000) 09/16 16:28:03 Image size of job updated: 2657048
	2595  -  MemoryUsage of job (MB)
	2656368  -  ResidentSetSize of job (KB)
...
006 (675051.000.000) 09/16 16:33:03 Image size of job updated: 2680716
	2618  -  MemoryUsage of job (MB)
	2680036  -  ResidentSetSize of job (KB)
...
006 (675051.000.000) 09/16 16:38:04 Image size of job updated: 2704584
	2641  -  MemoryUsage of job (MB)
	2703904  -  ResidentSetSize of job (KB)
...
006 (675051.000.000) 09/16 16:43:04 Image size of job updated: 2728416
	2664  -  MemoryUsage of job (MB)
	2727736  -  ResidentSetSize of job (KB)
...
006 (675051.000.000) 09/16 16:48:04 Image size of job updated: 2752408
	2688  -  MemoryUsage of job (MB)
	2751728  -  ResidentSetSize of job (KB)
...
006 (675051.000.000) 09/16 16:53:05 Image size of job updated: 2776440
	2711  -  MemoryUsage of job (MB)
	2775760  -  ResidentSetSize of job (KB)
...
006 (675051.000.000) 09/16 16:58:06 Image size of job updated: 2799972
	2734  -  MemoryUsage of job (MB)
	2799292  -  ResidentSetSize of job (KB)
...
006 (675051.000.000) 09/16 17:03:06 Image size of job updated: 2823980
	2758  -  MemoryUsage of job (MB)
	2823300  -  ResidentSetSize of job (KB)
...
006 (675051.000.000) 09/16 17:08:07 Image size of job updated: 2848740
	2782  -  MemoryUsage of job (MB)
	2848060  -  ResidentSetSize of job (KB)
...
006 (675051.000.000) 09/16 17:13:08 Image size of job updated: 2872656
	2805  -  MemoryUsage of job (MB)
	2871976  -  ResidentSetSize of job (KB)
...
006 (675051.000.000) 09/16 17:18:08 Image size of job updated: 2896204
	2828  -  MemoryUsage of job (MB)
	2895524  -  ResidentSetSize of job (KB)
...
006 (675051.000.000) 09/16 17:23:08 Image size of job updated: 2919824
	2851  -  MemoryUsage of job (MB)
	2919144  -  ResidentSetSize of job (KB)
...
006 (675051.000.000) 09/16 17:28:09 Image size of job updated: 2943480
	2874  -  MemoryUsage of job (MB)
	2942800  -  ResidentSetSize of job (KB)
...
006 (675051.000.000) 09/16 17:33:10 Image size of job updated: 2966772
	2897  -  MemoryUsage of job (MB)
	2966092  -  ResidentSetSize of job (KB)
...
006 (675051.000.000) 09/16 17:38:10 Image size of job updated: 2989816
	2920  -  MemoryUsage of job (MB)
	2989136  -  ResidentSetSize of job (KB)
...
006 (675051.000.000) 09/16 17:43:11 Image size of job updated: 3012664
	2942  -  MemoryUsage of job (MB)
	3011984  -  ResidentSetSize of job (KB)
...
006 (675051.000.000) 09/16 17:48:12 Image size of job updated: 3035528
	2964  -  MemoryUsage of job (MB)
	3034848  -  ResidentSetSize of job (KB)
...
006 (675051.000.000) 09/16 17:53:12 Image size of job updated: 3058344
	2986  -  MemoryUsage of job (MB)
	3057664  -  ResidentSetSize of job (KB)
...
006 (675051.000.000) 09/16 17:58:12 Image size of job updated: 3081180
	3009  -  MemoryUsage of job (MB)
	3080500  -  ResidentSetSize of job (KB)
...
006 (675051.000.000) 09/16 18:03:13 Image size of job updated: 3103596
	3031  -  MemoryUsage of job (MB)
	3102916  -  ResidentSetSize of job (KB)
...
006 (675051.000.000) 09/16 18:08:14 Image size of job updated: 3125944
	3053  -  MemoryUsage of job (MB)
	3125264  -  ResidentSetSize of job (KB)
...
006 (675051.000.000) 09/16 18:13:14 Image size of job updated: 3148780
	3075  -  MemoryUsage of job (MB)
	3148100  -  ResidentSetSize of job (KB)
...
006 (675051.000.000) 09/16 18:18:15 Image size of job updated: 3171708
	3097  -  MemoryUsage of job (MB)
	3171028  -  ResidentSetSize of job (KB)
...
006 (675051.000.000) 09/16 18:23:16 Image size of job updated: 3194200
	3119  -  MemoryUsage of job (MB)
	3193520  -  ResidentSetSize of job (KB)
...
006 (675051.000.000) 09/16 18:28:16 Image size of job updated: 3217360
	3142  -  MemoryUsage of job (MB)
	3216680  -  ResidentSetSize of job (KB)
...
006 (675051.000.000) 09/16 18:33:16 Image size of job updated: 3239572
	3163  -  MemoryUsage of job (MB)
	3238892  -  ResidentSetSize of job (KB)
...
006 (675051.000.000) 09/16 18:38:17 Image size of job updated: 3264084
	3187  -  MemoryUsage of job (MB)
	3263404  -  ResidentSetSize of job (KB)
...
006 (675051.000.000) 09/16 18:43:18 Image size of job updated: 3288168
	3211  -  MemoryUsage of job (MB)
	3287488  -  ResidentSetSize of job (KB)
...
006 (675051.000.000) 09/16 18:48:18 Image size of job updated: 3312456
	3235  -  MemoryUsage of job (MB)
	3311776  -  ResidentSetSize of job (KB)
...
006 (675051.000.000) 09/16 18:53:19 Image size of job updated: 3336468
	3258  -  MemoryUsage of job (MB)
	3335788  -  ResidentSetSize of job (KB)
...
006 (675051.000.000) 09/16 18:58:20 Image size of job updated: 3360148
	3281  -  MemoryUsage of job (MB)
	3359468  -  ResidentSetSize of job (KB)
...
006 (675051.000.000) 09/16 19:03:20 Image size of job updated: 3384648
	3305  -  MemoryUsage of job (MB)
	3383968  -  ResidentSetSize of job (KB)
...
006 (675051.000.000) 09/16 19:08:20 Image size of job updated: 3408468
	3328  -  MemoryUsage of job (MB)
	3407788  -  ResidentSetSize of job (KB)
...
006 (675051.000.000) 09/16 19:13:21 Image size of job updated: 3431720
	3351  -  MemoryUsage of job (MB)
	3431040  -  ResidentSetSize of job (KB)
...
006 (675051.000.000) 09/16 19:18:21 Image size of job updated: 3455708
	3375  -  MemoryUsage of job (MB)
	3455028  -  ResidentSetSize of job (KB)
...
006 (675051.000.000) 09/16 19:23:21 Image size of job updated: 3479916
	3398  -  MemoryUsage of job (MB)
	3479236  -  ResidentSetSize of job (KB)
...
006 (675051.000.000) 09/16 19:28:22 Image size of job updated: 3503880
	3422  -  MemoryUsage of job (MB)
	3503200  -  ResidentSetSize of job (KB)
...
006 (675051.000.000) 09/16 19:33:23 Image size of job updated: 3527376
	3445  -  MemoryUsage of job (MB)
	3526696  -  ResidentSetSize of job (KB)
...
006 (675051.000.000) 09/16 19:38:23 Image size of job updated: 3550884
	3467  -  MemoryUsage of job (MB)
	3550204  -  ResidentSetSize of job (KB)
...
006 (675051.000.000) 09/16 19:43:24 Image size of job updated: 3575104
	3491  -  MemoryUsage of job (MB)
	3574424  -  ResidentSetSize of job (KB)
...
006 (675051.000.000) 09/16 19:48:25 Image size of job updated: 3599260
	3515  -  MemoryUsage of job (MB)
	3598580  -  ResidentSetSize of job (KB)
...
006 (675051.000.000) 09/16 19:53:25 Image size of job updated: 3622756
	3538  -  MemoryUsage of job (MB)
	3622076  -  ResidentSetSize of job (KB)
...
006 (675051.000.000) 09/16 19:58:25 Image size of job updated: 3646992
	3561  -  MemoryUsage of job (MB)
	3646312  -  ResidentSetSize of job (KB)
...
006 (675051.000.000) 09/16 20:03:26 Image size of job updated: 3670788
	3585  -  MemoryUsage of job (MB)
	3670108  -  ResidentSetSize of job (KB)
...
006 (675051.000.000) 09/16 20:08:27 Image size of job updated: 3694868
	3608  -  MemoryUsage of job (MB)
	3694188  -  ResidentSetSize of job (KB)
...
006 (675051.000.000) 09/16 20:13:27 Image size of job updated: 3718716
	3631  -  MemoryUsage of job (MB)
	3718036  -  ResidentSetSize of job (KB)
...
006 (675051.000.000) 09/16 20:18:28 Image size of job updated: 3742844
	3655  -  MemoryUsage of job (MB)
	3742164  -  ResidentSetSize of job (KB)
...
006 (675051.000.000) 09/16 20:23:29 Image size of job updated: 3766724
	3678  -  MemoryUsage of job (MB)
	3766044  -  ResidentSetSize of job (KB)
...
006 (675051.000.000) 09/16 20:28:29 Image size of job updated: 3790280
	3701  -  MemoryUsage of job (MB)
	3789600  -  ResidentSetSize of job (KB)
...
006 (675051.000.000) 09/16 20:33:29 Image size of job updated: 3813848
	3724  -  MemoryUsage of job (MB)
	3813168  -  ResidentSetSize of job (KB)
...
006 (675051.000.000) 09/16 20:38:30 Image size of job updated: 3837884
	3748  -  MemoryUsage of job (MB)
	3837204  -  ResidentSetSize of job (KB)
...
006 (675051.000.000) 09/16 20:43:30 Image size of job updated: 3861852
	3771  -  MemoryUsage of job (MB)
	3861172  -  ResidentSetSize of job (KB)
...
006 (675051.000.000) 09/16 20:48:30 Image size of job updated: 3885288
	3794  -  MemoryUsage of job (MB)
	3884608  -  ResidentSetSize of job (KB)
...
006 (675051.000.000) 09/16 20:53:31 Image size of job updated: 3908872
	3817  -  MemoryUsage of job (MB)
	3908192  -  ResidentSetSize of job (KB)
...
006 (675051.000.000) 09/16 20:58:32 Image size of job updated: 3933328
	3841  -  MemoryUsage of job (MB)
	3932648  -  ResidentSetSize of job (KB)
...
006 (675051.000.000) 09/16 21:03:32 Image size of job updated: 3957328
	3864  -  MemoryUsage of job (MB)
	3956648  -  ResidentSetSize of job (KB)
...
006 (675051.000.000) 09/16 21:08:32 Image size of job updated: 3980920
	3887  -  MemoryUsage of job (MB)
	3980240  -  ResidentSetSize of job (KB)
...
006 (675051.000.000) 09/16 21:13:34 Image size of job updated: 4005512
	3911  -  MemoryUsage of job (MB)
	4004832  -  ResidentSetSize of job (KB)
...
006 (675051.000.000) 09/16 21:18:34 Image size of job updated: 4029628
	3935  -  MemoryUsage of job (MB)
	4028948  -  ResidentSetSize of job (KB)
...
006 (675051.000.000) 09/16 21:23:34 Image size of job updated: 4053484
	3958  -  MemoryUsage of job (MB)
	4052804  -  ResidentSetSize of job (KB)
...
006 (675051.000.000) 09/16 21:28:35 Image size of job updated: 4077488
	3982  -  MemoryUsage of job (MB)
	4076808  -  ResidentSetSize of job (KB)
...
006 (675051.000.000) 09/16 21:33:36 Image size of job updated: 4101692
	4005  -  MemoryUsage of job (MB)
	4101012  -  ResidentSetSize of job (KB)
...
006 (675051.000.000) 09/16 21:38:36 Image size of job updated: 4125528
	4029  -  MemoryUsage of job (MB)
	4124848  -  ResidentSetSize of job (KB)
...
006 (675051.000.000) 09/16 21:43:36 Image size of job updated: 4149208
	4052  -  MemoryUsage of job (MB)
	4148528  -  ResidentSetSize of job (KB)
...
006 (675051.000.000) 09/16 21:48:37 Image size of job updated: 4172532
	4075  -  MemoryUsage of job (MB)
	4171852  -  ResidentSetSize of job (KB)
...
006 (675051.000.000) 09/16 21:53:37 Image size of job updated: 4196640
	4098  -  MemoryUsage of job (MB)
	4195960  -  ResidentSetSize of job (KB)
...
006 (675051.000.000) 09/16 21:58:37 Image size of job updated: 4220328
	4121  -  MemoryUsage of job (MB)
	4219648  -  ResidentSetSize of job (KB)
...
006 (675051.000.000) 09/16 22:03:38 Image size of job updated: 4244464
	4145  -  MemoryUsage of job (MB)
	4243784  -  ResidentSetSize of job (KB)
...
006 (675051.000.000) 09/16 22:08:39 Image size of job updated: 4267836
	4168  -  MemoryUsage of job (MB)
	4267156  -  ResidentSetSize of job (KB)
...
006 (675051.000.000) 09/16 22:13:39 Image size of job updated: 4291208
	4190  -  MemoryUsage of job (MB)
	4290528  -  ResidentSetSize of job (KB)
...
006 (675051.000.000) 09/16 22:18:39 Image size of job updated: 4314860
	4214  -  MemoryUsage of job (MB)
	4314180  -  ResidentSetSize of job (KB)
...
006 (675051.000.000) 09/16 22:23:41 Image size of job updated: 4338196
	4236  -  MemoryUsage of job (MB)
	4337516  -  ResidentSetSize of job (KB)
...
006 (675051.000.000) 09/16 22:28:41 Image size of job updated: 4362000
	4260  -  MemoryUsage of job (MB)
	4361320  -  ResidentSetSize of job (KB)
...
006 (675051.000.000) 09/16 22:33:41 Image size of job updated: 4386300
	4283  -  MemoryUsage of job (MB)
	4385620  -  ResidentSetSize of job (KB)
...
006 (675051.000.000) 09/16 22:38:42 Image size of job updated: 4409956
	4306  -  MemoryUsage of job (MB)
	4409276  -  ResidentSetSize of job (KB)
...
006 (675051.000.000) 09/16 22:43:43 Image size of job updated: 4433060
	4329  -  MemoryUsage of job (MB)
	4432380  -  ResidentSetSize of job (KB)
...
006 (675051.000.000) 09/16 22:48:43 Image size of job updated: 4457116
	4352  -  MemoryUsage of job (MB)
	4456436  -  ResidentSetSize of job (KB)
...
006 (675051.000.000) 09/16 22:53:43 Image size of job updated: 4481024
	4376  -  MemoryUsage of job (MB)
	4480344  -  ResidentSetSize of job (KB)
...
006 (675051.000.000) 09/16 22:58:44 Image size of job updated: 4504548
	4399  -  MemoryUsage of job (MB)
	4503868  -  ResidentSetSize of job (KB)
...
006 (675051.000.000) 09/16 23:03:44 Image size of job updated: 4528380
	4422  -  MemoryUsage of job (MB)
	4527700  -  ResidentSetSize of job (KB)
...
006 (675051.000.000) 09/16 23:08:44 Image size of job updated: 4551544
	4445  -  MemoryUsage of job (MB)
	4550864  -  ResidentSetSize of job (KB)
...
006 (675051.000.000) 09/16 23:13:45 Image size of job updated: 4573624
	4466  -  MemoryUsage of job (MB)
	4572944  -  ResidentSetSize of job (KB)
...
006 (675051.000.000) 09/16 23:18:46 Image size of job updated: 4594764
	4487  -  MemoryUsage of job (MB)
	4594084  -  ResidentSetSize of job (KB)
...
006 (675051.000.000) 09/16 23:23:46 Image size of job updated: 4616156
	4508  -  MemoryUsage of job (MB)
	4615476  -  ResidentSetSize of job (KB)
...
006 (675051.000.000) 09/16 23:28:46 Image size of job updated: 4637596
	4529  -  MemoryUsage of job (MB)
	4636916  -  ResidentSetSize of job (KB)
...
006 (675051.000.000) 09/16 23:33:47 Image size of job updated: 4658652
	4549  -  MemoryUsage of job (MB)
	4657972  -  ResidentSetSize of job (KB)
...
006 (675051.000.000) 09/16 23:38:47 Image size of job updated: 4680740
	4571  -  MemoryUsage of job (MB)
	4680060  -  ResidentSetSize of job (KB)
...
006 (675051.000.000) 09/16 23:43:47 Image size of job updated: 4702424
	4592  -  MemoryUsage of job (MB)
	4701744  -  ResidentSetSize of job (KB)
...
006 (675051.000.000) 09/16 23:48:48 Image size of job updated: 4723868
	4613  -  MemoryUsage of job (MB)
	4723188  -  ResidentSetSize of job (KB)
...
006 (675051.000.000) 09/16 23:53:49 Image size of job updated: 4745176
	4634  -  MemoryUsage of job (MB)
	4744496  -  ResidentSetSize of job (KB)
...
006 (675051.000.000) 09/16 23:58:49 Image size of job updated: 4766308
	4654  -  MemoryUsage of job (MB)
	4765628  -  ResidentSetSize of job (KB)
...
006 (675051.000.000) 09/17 00:03:49 Image size of job updated: 4788092
	4676  -  MemoryUsage of job (MB)
	4787412  -  ResidentSetSize of job (KB)
...
006 (675051.000.000) 09/17 00:08:50 Image size of job updated: 4809732
	4697  -  MemoryUsage of job (MB)
	4809052  -  ResidentSetSize of job (KB)
...
006 (675051.000.000) 09/17 00:13:50 Image size of job updated: 4833832
	4720  -  MemoryUsage of job (MB)
	4833152  -  ResidentSetSize of job (KB)
...
006 (675051.000.000) 09/17 00:18:50 Image size of job updated: 4857652
	4744  -  MemoryUsage of job (MB)
	4856972  -  ResidentSetSize of job (KB)
...
006 (675051.000.000) 09/17 00:23:51 Image size of job updated: 4881152
	4767  -  MemoryUsage of job (MB)
	4880472  -  ResidentSetSize of job (KB)
...
006 (675051.000.000) 09/17 00:28:52 Image size of job updated: 4905716
	4791  -  MemoryUsage of job (MB)
	4905036  -  ResidentSetSize of job (KB)
...
006 (675051.000.000) 09/17 00:33:52 Image size of job updated: 4929600
	4814  -  MemoryUsage of job (MB)
	4928920  -  ResidentSetSize of job (KB)
...
006 (675051.000.000) 09/17 00:38:53 Image size of job updated: 4953564
	4837  -  MemoryUsage of job (MB)
	4952884  -  ResidentSetSize of job (KB)
...
006 (675051.000.000) 09/17 00:43:54 Image size of job updated: 4977460
	4861  -  MemoryUsage of job (MB)
	4976780  -  ResidentSetSize of job (KB)
...
006 (675051.000.000) 09/17 00:48:54 Image size of job updated: 5001456
	4884  -  MemoryUsage of job (MB)
	5000776  -  ResidentSetSize of job (KB)
...
006 (675051.000.000) 09/17 00:53:54 Image size of job updated: 5024952
	4907  -  MemoryUsage of job (MB)
	5024272  -  ResidentSetSize of job (KB)
...
006 (675051.000.000) 09/17 00:58:55 Image size of job updated: 5049008
	4931  -  MemoryUsage of job (MB)
	5048328  -  ResidentSetSize of job (KB)
...
006 (675051.000.000) 09/17 01:03:56 Image size of job updated: 5072436
	4953  -  MemoryUsage of job (MB)
	5071756  -  ResidentSetSize of job (KB)
...
006 (675051.000.000) 09/17 01:08:56 Image size of job updated: 5096920
	4977  -  MemoryUsage of job (MB)
	5096240  -  ResidentSetSize of job (KB)
...
006 (675051.000.000) 09/17 01:13:56 Image size of job updated: 5120336
	5000  -  MemoryUsage of job (MB)
	5119656  -  ResidentSetSize of job (KB)
...
006 (675051.000.000) 09/17 01:18:57 Image size of job updated: 5144308
	5024  -  MemoryUsage of job (MB)
	5143628  -  ResidentSetSize of job (KB)
...
006 (675051.000.000) 09/17 01:23:57 Image size of job updated: 5167920
	5047  -  MemoryUsage of job (MB)
	5167240  -  ResidentSetSize of job (KB)
...
006 (675051.000.000) 09/17 01:28:57 Image size of job updated: 5191476
	5070  -  MemoryUsage of job (MB)
	5190796  -  ResidentSetSize of job (KB)
...
006 (675051.000.000) 09/17 01:33:58 Image size of job updated: 5215564
	5093  -  MemoryUsage of job (MB)
	5214884  -  ResidentSetSize of job (KB)
...
006 (675051.000.000) 09/17 01:38:59 Image size of job updated: 5239672
	5117  -  MemoryUsage of job (MB)
	5238992  -  ResidentSetSize of job (KB)
...
006 (675051.000.000) 09/17 01:43:59 Image size of job updated: 5263184
	5140  -  MemoryUsage of job (MB)
	5262504  -  ResidentSetSize of job (KB)
...
006 (675051.000.000) 09/17 01:49:00 Image size of job updated: 5287200
	5163  -  MemoryUsage of job (MB)
	5286520  -  ResidentSetSize of job (KB)
...
006 (675051.000.000) 09/17 01:54:01 Image size of job updated: 5311508
	5187  -  MemoryUsage of job (MB)
	5310828  -  ResidentSetSize of job (KB)
...
006 (675051.000.000) 09/17 01:59:01 Image size of job updated: 5335168
	5210  -  MemoryUsage of job (MB)
	5334488  -  ResidentSetSize of job (KB)
...
006 (675051.000.000) 09/17 02:04:01 Image size of job updated: 5358528
	5233  -  MemoryUsage of job (MB)
	5357848  -  ResidentSetSize of job (KB)
...
006 (675051.000.000) 09/17 02:09:02 Image size of job updated: 5382580
	5256  -  MemoryUsage of job (MB)
	5381900  -  ResidentSetSize of job (KB)
...
006 (675051.000.000) 09/17 02:14:03 Image size of job updated: 5406664
	5280  -  MemoryUsage of job (MB)
	5405984  -  ResidentSetSize of job (KB)
...
006 (675051.000.000) 09/17 02:19:03 Image size of job updated: 5430980
	5304  -  MemoryUsage of job (MB)
	5430300  -  ResidentSetSize of job (KB)
...
006 (675051.000.000) 09/17 02:24:04 Image size of job updated: 5454776
	5327  -  MemoryUsage of job (MB)
	5454096  -  ResidentSetSize of job (KB)
...
006 (675051.000.000) 09/17 02:29:05 Image size of job updated: 5478624
	5350  -  MemoryUsage of job (MB)
	5477944  -  ResidentSetSize of job (KB)
...
006 (675051.000.000) 09/17 02:34:05 Image size of job updated: 5502540
	5373  -  MemoryUsage of job (MB)
	5501860  -  ResidentSetSize of job (KB)
...
006 (675051.000.000) 09/17 02:39:05 Image size of job updated: 5526888
	5397  -  MemoryUsage of job (MB)
	5526208  -  ResidentSetSize of job (KB)
...
006 (675051.000.000) 09/17 02:44:06 Image size of job updated: 5551192
	5421  -  MemoryUsage of job (MB)
	5550512  -  ResidentSetSize of job (KB)
...
006 (675051.000.000) 09/17 02:49:07 Image size of job updated: 5575188
	5444  -  MemoryUsage of job (MB)
	5574508  -  ResidentSetSize of job (KB)
...
006 (675051.000.000) 09/17 02:54:07 Image size of job updated: 5599216
	5468  -  MemoryUsage of job (MB)
	5598536  -  ResidentSetSize of job (KB)
...
006 (675051.000.000) 09/17 02:59:08 Image size of job updated: 5623208
	5491  -  MemoryUsage of job (MB)
	5622528  -  ResidentSetSize of job (KB)
...
006 (675051.000.000) 09/17 03:04:09 Image size of job updated: 5647104
	5515  -  MemoryUsage of job (MB)
	5646424  -  ResidentSetSize of job (KB)
...
006 (675051.000.000) 09/17 03:09:09 Image size of job updated: 5671828
	5539  -  MemoryUsage of job (MB)
	5671148  -  ResidentSetSize of job (KB)
...
006 (675051.000.000) 09/17 03:14:09 Image size of job updated: 5695936
	5562  -  MemoryUsage of job (MB)
	5695256  -  ResidentSetSize of job (KB)
...
006 (675051.000.000) 09/17 03:19:10 Image size of job updated: 5720084
	5586  -  MemoryUsage of job (MB)
	5719404  -  ResidentSetSize of job (KB)
...
006 (675051.000.000) 09/17 03:24:11 Image size of job updated: 5743828
	5609  -  MemoryUsage of job (MB)
	5743148  -  ResidentSetSize of job (KB)
...
006 (675051.000.000) 09/17 03:29:11 Image size of job updated: 5767636
	5632  -  MemoryUsage of job (MB)
	5766956  -  ResidentSetSize of job (KB)
...
006 (675051.000.000) 09/17 03:34:12 Image size of job updated: 5790816
	5655  -  MemoryUsage of job (MB)
	5790136  -  ResidentSetSize of job (KB)
...
006 (675051.000.000) 09/17 03:39:13 Image size of job updated: 5814496
	5678  -  MemoryUsage of job (MB)
	5813816  -  ResidentSetSize of job (KB)
...
006 (675051.000.000) 09/17 03:44:13 Image size of job updated: 5838084
	5701  -  MemoryUsage of job (MB)
	5837404  -  ResidentSetSize of job (KB)
...
006 (675051.000.000) 09/17 03:49:13 Image size of job updated: 5862148
	5725  -  MemoryUsage of job (MB)
	5861468  -  ResidentSetSize of job (KB)
...
006 (675051.000.000) 09/17 03:54:14 Image size of job updated: 5886140
	5748  -  MemoryUsage of job (MB)
	5885460  -  ResidentSetSize of job (KB)
...
006 (675051.000.000) 09/17 03:59:15 Image size of job updated: 5910020
	5771  -  MemoryUsage of job (MB)
	5909340  -  ResidentSetSize of job (KB)
...
006 (675051.000.000) 09/17 04:04:15 Image size of job updated: 5933620
	5794  -  MemoryUsage of job (MB)
	5932940  -  ResidentSetSize of job (KB)
...
006 (675051.000.000) 09/17 04:09:16 Image size of job updated: 5957536
	5818  -  MemoryUsage of job (MB)
	5956856  -  ResidentSetSize of job (KB)
...
006 (675051.000.000) 09/17 04:14:17 Image size of job updated: 5981048
	5841  -  MemoryUsage of job (MB)
	5980368  -  ResidentSetSize of job (KB)
...
006 (675051.000.000) 09/17 04:19:17 Image size of job updated: 6004716
	5864  -  MemoryUsage of job (MB)
	6004036  -  ResidentSetSize of job (KB)
...
006 (675051.000.000) 09/17 04:24:17 Image size of job updated: 6028476
	5887  -  MemoryUsage of job (MB)
	6027796  -  ResidentSetSize of job (KB)
...
006 (675051.000.000) 09/17 04:29:18 Image size of job updated: 6052840
	5911  -  MemoryUsage of job (MB)
	6052160  -  ResidentSetSize of job (KB)
...
006 (675051.000.000) 09/17 04:34:19 Image size of job updated: 6076592
	5934  -  MemoryUsage of job (MB)
	6075912  -  ResidentSetSize of job (KB)
...
006 (675051.000.000) 09/17 04:39:19 Image size of job updated: 6100616
	5957  -  MemoryUsage of job (MB)
	6099936  -  ResidentSetSize of job (KB)
...
006 (675051.000.000) 09/17 04:44:20 Image size of job updated: 6122828
	5979  -  MemoryUsage of job (MB)
	6122148  -  ResidentSetSize of job (KB)
...
006 (675051.000.000) 09/17 04:49:21 Image size of job updated: 6145568
	6001  -  MemoryUsage of job (MB)
	6144888  -  ResidentSetSize of job (KB)
...
006 (675051.000.000) 09/17 04:54:21 Image size of job updated: 6167708
	6023  -  MemoryUsage of job (MB)
	6167028  -  ResidentSetSize of job (KB)
...
006 (675051.000.000) 09/17 04:59:21 Image size of job updated: 6190176
	6045  -  MemoryUsage of job (MB)
	6189496  -  ResidentSetSize of job (KB)
...
006 (675051.000.000) 09/17 05:04:22 Image size of job updated: 6213068
	6067  -  MemoryUsage of job (MB)
	6212388  -  ResidentSetSize of job (KB)
...
006 (675051.000.000) 09/17 05:09:23 Image size of job updated: 6235540
	6089  -  MemoryUsage of job (MB)
	6234860  -  ResidentSetSize of job (KB)
...
006 (675051.000.000) 09/17 05:14:23 Image size of job updated: 6257656
	6111  -  MemoryUsage of job (MB)
	6256976  -  ResidentSetSize of job (KB)
...
006 (675051.000.000) 09/17 05:19:23 Image size of job updated: 6279844
	6132  -  MemoryUsage of job (MB)
	6279164  -  ResidentSetSize of job (KB)
...
006 (675051.000.000) 09/17 05:24:24 Image size of job updated: 6302048
	6154  -  MemoryUsage of job (MB)
	6301368  -  ResidentSetSize of job (KB)
...
006 (675051.000.000) 09/17 05:29:24 Image size of job updated: 6324612
	6176  -  MemoryUsage of job (MB)
	6323932  -  ResidentSetSize of job (KB)
...
006 (675051.000.000) 09/17 05:34:24 Image size of job updated: 6347184
	6198  -  MemoryUsage of job (MB)
	6346504  -  ResidentSetSize of job (KB)
...
006 (675051.000.000) 09/17 05:39:25 Image size of job updated: 6369864
	6220  -  MemoryUsage of job (MB)
	6369184  -  ResidentSetSize of job (KB)
...
006 (675051.000.000) 09/17 05:44:26 Image size of job updated: 6393132
	6243  -  MemoryUsage of job (MB)
	6392452  -  ResidentSetSize of job (KB)
...
006 (675051.000.000) 09/17 05:49:26 Image size of job updated: 6417164
	6267  -  MemoryUsage of job (MB)
	6416484  -  ResidentSetSize of job (KB)
...
006 (675051.000.000) 09/17 05:54:27 Image size of job updated: 6440940
	6290  -  MemoryUsage of job (MB)
	6440260  -  ResidentSetSize of job (KB)
...
006 (675051.000.000) 09/17 05:59:28 Image size of job updated: 6465068
	6313  -  MemoryUsage of job (MB)
	6464388  -  ResidentSetSize of job (KB)
...
006 (675051.000.000) 09/17 06:04:28 Image size of job updated: 6488792
	6337  -  MemoryUsage of job (MB)
	6488112  -  ResidentSetSize of job (KB)
...
006 (675051.000.000) 09/17 06:09:28 Image size of job updated: 6512760
	6360  -  MemoryUsage of job (MB)
	6512080  -  ResidentSetSize of job (KB)
...
006 (675051.000.000) 09/17 06:14:29 Image size of job updated: 6536508
	6383  -  MemoryUsage of job (MB)
	6535828  -  ResidentSetSize of job (KB)
...
006 (675051.000.000) 09/17 06:19:30 Image size of job updated: 6560244
	6406  -  MemoryUsage of job (MB)
	6559564  -  ResidentSetSize of job (KB)
...
006 (675051.000.000) 09/17 06:24:30 Image size of job updated: 6583260
	6429  -  MemoryUsage of job (MB)
	6582580  -  ResidentSetSize of job (KB)
...
006 (675051.000.000) 09/17 06:29:31 Image size of job updated: 6606576
	6452  -  MemoryUsage of job (MB)
	6605896  -  ResidentSetSize of job (KB)
...
006 (675051.000.000) 09/17 06:34:32 Image size of job updated: 6630640
	6475  -  MemoryUsage of job (MB)
	6629960  -  ResidentSetSize of job (KB)
...
006 (675051.000.000) 09/17 06:39:32 Image size of job updated: 6654168
	6498  -  MemoryUsage of job (MB)
	6653488  -  ResidentSetSize of job (KB)
...
006 (675051.000.000) 09/17 06:44:32 Image size of job updated: 6677896
	6521  -  MemoryUsage of job (MB)
	6677216  -  ResidentSetSize of job (KB)
...
006 (675051.000.000) 09/17 06:49:33 Image size of job updated: 6701964
	6545  -  MemoryUsage of job (MB)
	6701284  -  ResidentSetSize of job (KB)
...
006 (675051.000.000) 09/17 06:54:34 Image size of job updated: 6725684
	6568  -  MemoryUsage of job (MB)
	6725004  -  ResidentSetSize of job (KB)
...
006 (675051.000.000) 09/17 06:59:34 Image size of job updated: 6749540
	6591  -  MemoryUsage of job (MB)
	6748860  -  ResidentSetSize of job (KB)
...
006 (675051.000.000) 09/17 07:04:35 Image size of job updated: 6773120
	6614  -  MemoryUsage of job (MB)
	6772440  -  ResidentSetSize of job (KB)
...
006 (675051.000.000) 09/17 07:09:36 Image size of job updated: 6797180
	6638  -  MemoryUsage of job (MB)
	6796500  -  ResidentSetSize of job (KB)
...
006 (675051.000.000) 09/17 07:14:36 Image size of job updated: 6821476
	6661  -  MemoryUsage of job (MB)
	6820796  -  ResidentSetSize of job (KB)
...
006 (675051.000.000) 09/17 07:19:36 Image size of job updated: 6845248
	6685  -  MemoryUsage of job (MB)
	6844568  -  ResidentSetSize of job (KB)
...
006 (675051.000.000) 09/17 07:24:37 Image size of job updated: 6868980
	6708  -  MemoryUsage of job (MB)
	6868300  -  ResidentSetSize of job (KB)
...
006 (675051.000.000) 09/17 07:29:38 Image size of job updated: 6892568
	6731  -  MemoryUsage of job (MB)
	6891888  -  ResidentSetSize of job (KB)
...
006 (675051.000.000) 09/17 07:34:38 Image size of job updated: 6916328
	6754  -  MemoryUsage of job (MB)
	6915648  -  ResidentSetSize of job (KB)
...
006 (675051.000.000) 09/17 07:39:39 Image size of job updated: 6940400
	6778  -  MemoryUsage of job (MB)
	6939720  -  ResidentSetSize of job (KB)
...
006 (675051.000.000) 09/17 07:44:40 Image size of job updated: 6964232
	6801  -  MemoryUsage of job (MB)
	6963552  -  ResidentSetSize of job (KB)
...
006 (675051.000.000) 09/17 07:49:40 Image size of job updated: 6988188
	6824  -  MemoryUsage of job (MB)
	6987500  -  ResidentSetSize of job (KB)
...
006 (675051.000.000) 09/17 07:54:40 Image size of job updated: 7011860
	6847  -  MemoryUsage of job (MB)
	7011172  -  ResidentSetSize of job (KB)
...
006 (675051.000.000) 09/17 07:59:41 Image size of job updated: 7035200
	6870  -  MemoryUsage of job (MB)
	7034512  -  ResidentSetSize of job (KB)
...
006 (675051.000.000) 09/17 08:04:42 Image size of job updated: 7058260
	6893  -  MemoryUsage of job (MB)
	7057516  -  ResidentSetSize of job (KB)
...
006 (675051.000.000) 09/17 08:09:42 Image size of job updated: 7078324
	6912  -  MemoryUsage of job (MB)
	7077556  -  ResidentSetSize of job (KB)
...
006 (675051.000.000) 09/17 08:14:43 Image size of job updated: 7097500
	6931  -  MemoryUsage of job (MB)
	7096732  -  ResidentSetSize of job (KB)
...
006 (675051.000.000) 09/17 08:19:44 Image size of job updated: 7117764
	6951  -  MemoryUsage of job (MB)
	7116996  -  ResidentSetSize of job (KB)
...
006 (675051.000.000) 09/17 08:24:44 Image size of job updated: 7138468
	6971  -  MemoryUsage of job (MB)
	7137796  -  ResidentSetSize of job (KB)
...
006 (675051.000.000) 09/17 08:29:44 Image size of job updated: 7159300
	6991  -  MemoryUsage of job (MB)
	7158720  -  ResidentSetSize of job (KB)
...
006 (675051.000.000) 09/17 08:34:45 Image size of job updated: 7180304
	7012  -  MemoryUsage of job (MB)
	7179788  -  ResidentSetSize of job (KB)
...
006 (675051.000.000) 09/17 08:39:46 Image size of job updated: 7200236
	7031  -  MemoryUsage of job (MB)
	7199720  -  ResidentSetSize of job (KB)
...
006 (675051.000.000) 09/17 08:44:46 Image size of job updated: 7221188
	7052  -  MemoryUsage of job (MB)
	7220672  -  ResidentSetSize of job (KB)
...
006 (675051.000.000) 09/17 08:49:47 Image size of job updated: 7241352
	7072  -  MemoryUsage of job (MB)
	7240836  -  ResidentSetSize of job (KB)
...
006 (675051.000.000) 09/17 08:54:48 Image size of job updated: 7261532
	7091  -  MemoryUsage of job (MB)
	7261016  -  ResidentSetSize of job (KB)
...
006 (675051.000.000) 09/17 08:59:48 Image size of job updated: 7282644
	7112  -  MemoryUsage of job (MB)
	7282128  -  ResidentSetSize of job (KB)
...
006 (675051.000.000) 09/17 09:04:48 Image size of job updated: 7295556
	7125  -  MemoryUsage of job (MB)
	7295040  -  ResidentSetSize of job (KB)
...
006 (675051.000.000) 09/17 09:09:49 Image size of job updated: 7317348
	7146  -  MemoryUsage of job (MB)
	7316832  -  ResidentSetSize of job (KB)
...
006 (675051.000.000) 09/17 09:14:50 Image size of job updated: 7337520
	7166  -  MemoryUsage of job (MB)
	7337004  -  ResidentSetSize of job (KB)
...
006 (675051.000.000) 09/17 09:19:50 Image size of job updated: 7357316
	7185  -  MemoryUsage of job (MB)
	7356800  -  ResidentSetSize of job (KB)
...
006 (675051.000.000) 09/17 09:24:51 Image size of job updated: 7376976
	7204  -  MemoryUsage of job (MB)
	7376460  -  ResidentSetSize of job (KB)
...
006 (675051.000.000) 09/17 09:29:52 Image size of job updated: 7397056
	7224  -  MemoryUsage of job (MB)
	7396540  -  ResidentSetSize of job (KB)
...
006 (675051.000.000) 09/17 09:34:52 Image size of job updated: 7417384
	7244  -  MemoryUsage of job (MB)
	7416868  -  ResidentSetSize of job (KB)
...
006 (675051.000.000) 09/17 09:39:52 Image size of job updated: 7436352
	7262  -  MemoryUsage of job (MB)
	7435836  -  ResidentSetSize of job (KB)
...
006 (675051.000.000) 09/17 09:44:53 Image size of job updated: 7455848
	7281  -  MemoryUsage of job (MB)
	7455332  -  ResidentSetSize of job (KB)
...
006 (675051.000.000) 09/17 09:49:54 Image size of job updated: 7473944
	7299  -  MemoryUsage of job (MB)
	7473428  -  ResidentSetSize of job (KB)
...
006 (675051.000.000) 09/17 09:54:54 Image size of job updated: 7493048
	7317  -  MemoryUsage of job (MB)
	7492532  -  ResidentSetSize of job (KB)
...
006 (675051.000.000) 09/17 09:59:55 Image size of job updated: 7512984
	7337  -  MemoryUsage of job (MB)
	7512468  -  ResidentSetSize of job (KB)
...
006 (675051.000.000) 09/17 10:04:56 Image size of job updated: 7532720
	7356  -  MemoryUsage of job (MB)
	7532204  -  ResidentSetSize of job (KB)
...
006 (675051.000.000) 09/17 10:09:56 Image size of job updated: 7551048
	7374  -  MemoryUsage of job (MB)
	7550532  -  ResidentSetSize of job (KB)
...
006 (675051.000.000) 09/17 10:14:56 Image size of job updated: 7571140
	7394  -  MemoryUsage of job (MB)
	7570624  -  ResidentSetSize of job (KB)
...
006 (675051.000.000) 09/17 10:19:57 Image size of job updated: 7590212
	7412  -  MemoryUsage of job (MB)
	7589696  -  ResidentSetSize of job (KB)
...
006 (675051.000.000) 09/17 10:24:58 Image size of job updated: 7608716
	7430  -  MemoryUsage of job (MB)
	7608200  -  ResidentSetSize of job (KB)
...
006 (675051.000.000) 09/17 10:29:58 Image size of job updated: 7625052
	7446  -  MemoryUsage of job (MB)
	7624536  -  ResidentSetSize of job (KB)
...
006 (675051.000.000) 09/17 10:34:59 Image size of job updated: 7642200
	7463  -  MemoryUsage of job (MB)
	7641684  -  ResidentSetSize of job (KB)
...
006 (675051.000.000) 09/17 10:40:00 Image size of job updated: 7659688
	7480  -  MemoryUsage of job (MB)
	7659172  -  ResidentSetSize of job (KB)
...
006 (675051.000.000) 09/17 10:45:00 Image size of job updated: 7676128
	7496  -  MemoryUsage of job (MB)
	7675612  -  ResidentSetSize of job (KB)
...
006 (675051.000.000) 09/17 10:50:00 Image size of job updated: 7693024
	7513  -  MemoryUsage of job (MB)
	7692508  -  ResidentSetSize of job (KB)
...
006 (675051.000.000) 09/17 10:55:01 Image size of job updated: 7710380
	7530  -  MemoryUsage of job (MB)
	7709864  -  ResidentSetSize of job (KB)
...
006 (675051.000.000) 09/17 11:00:02 Image size of job updated: 7727712
	7547  -  MemoryUsage of job (MB)
	7727196  -  ResidentSetSize of job (KB)
...
006 (675051.000.000) 09/17 11:05:02 Image size of job updated: 7745224
	7564  -  MemoryUsage of job (MB)
	7744708  -  ResidentSetSize of job (KB)
...
006 (675051.000.000) 09/17 11:10:03 Image size of job updated: 7762052
	7580  -  MemoryUsage of job (MB)
	7761536  -  ResidentSetSize of job (KB)
...
006 (675051.000.000) 09/17 11:15:04 Image size of job updated: 7778452
	7596  -  MemoryUsage of job (MB)
	7777936  -  ResidentSetSize of job (KB)
...
006 (675051.000.000) 09/17 11:20:04 Image size of job updated: 7796184
	7613  -  MemoryUsage of job (MB)
	7795668  -  ResidentSetSize of job (KB)
...
006 (675051.000.000) 09/17 11:25:04 Image size of job updated: 7812372
	7629  -  MemoryUsage of job (MB)
	7811856  -  ResidentSetSize of job (KB)
...
006 (675051.000.000) 09/17 11:30:05 Image size of job updated: 7829096
	7646  -  MemoryUsage of job (MB)
	7828588  -  ResidentSetSize of job (KB)
...
006 (675051.000.000) 09/17 11:35:06 Image size of job updated: 7848620
	7665  -  MemoryUsage of job (MB)
	7848112  -  ResidentSetSize of job (KB)
...
006 (675051.000.000) 09/17 11:40:06 Image size of job updated: 7866972
	7683  -  MemoryUsage of job (MB)
	7866464  -  ResidentSetSize of job (KB)
...
006 (675051.000.000) 09/17 11:45:07 Image size of job updated: 7886052
	7701  -  MemoryUsage of job (MB)
	7885544  -  ResidentSetSize of job (KB)
...
006 (675051.000.000) 09/17 11:50:08 Image size of job updated: 7904892
	7720  -  MemoryUsage of job (MB)
	7904384  -  ResidentSetSize of job (KB)
...
006 (675051.000.000) 09/17 11:55:08 Image size of job updated: 7924024
	7738  -  MemoryUsage of job (MB)
	7923516  -  ResidentSetSize of job (KB)
...
006 (675051.000.000) 09/17 12:00:08 Image size of job updated: 7943152
	7757  -  MemoryUsage of job (MB)
	7942644  -  ResidentSetSize of job (KB)
...
006 (675051.000.000) 09/17 12:05:09 Image size of job updated: 7962712
	7776  -  MemoryUsage of job (MB)
	7962204  -  ResidentSetSize of job (KB)
...
006 (675051.000.000) 09/17 12:10:09 Image size of job updated: 7981348
	7794  -  MemoryUsage of job (MB)
	7980840  -  ResidentSetSize of job (KB)
...
006 (675051.000.000) 09/17 12:15:09 Image size of job updated: 8000580
	7813  -  MemoryUsage of job (MB)
	8000072  -  ResidentSetSize of job (KB)
...
006 (675051.000.000) 09/17 12:20:10 Image size of job updated: 8018540
	7831  -  MemoryUsage of job (MB)
	8018032  -  ResidentSetSize of job (KB)
...
006 (675051.000.000) 09/17 12:25:11 Image size of job updated: 8036892
	7849  -  MemoryUsage of job (MB)
	8036384  -  ResidentSetSize of job (KB)
...
006 (675051.000.000) 09/17 12:30:11 Image size of job updated: 8055588
	7867  -  MemoryUsage of job (MB)
	8055080  -  ResidentSetSize of job (KB)
...
006 (675051.000.000) 09/17 12:35:11 Image size of job updated: 8073944
	7885  -  MemoryUsage of job (MB)
	8073436  -  ResidentSetSize of job (KB)
...
006 (675051.000.000) 09/17 12:40:12 Image size of job updated: 8092164
	7903  -  MemoryUsage of job (MB)
	8091656  -  ResidentSetSize of job (KB)
...
006 (675051.000.000) 09/17 12:45:12 Image size of job updated: 8110456
	7920  -  MemoryUsage of job (MB)
	8109948  -  ResidentSetSize of job (KB)
...
006 (675051.000.000) 09/17 12:50:12 Image size of job updated: 8127924
	7937  -  MemoryUsage of job (MB)
	8127416  -  ResidentSetSize of job (KB)
...
006 (675051.000.000) 09/17 12:55:13 Image size of job updated: 8147004
	7956  -  MemoryUsage of job (MB)
	8146496  -  ResidentSetSize of job (KB)
...
006 (675051.000.000) 09/17 13:00:14 Image size of job updated: 8164788
	7973  -  MemoryUsage of job (MB)
	8164280  -  ResidentSetSize of job (KB)
...
006 (675051.000.000) 09/17 13:05:14 Image size of job updated: 8183100
	7991  -  MemoryUsage of job (MB)
	8182592  -  ResidentSetSize of job (KB)
...
006 (675051.000.000) 09/17 13:10:14 Image size of job updated: 8201100
	8009  -  MemoryUsage of job (MB)
	8200592  -  ResidentSetSize of job (KB)
...
006 (675051.000.000) 09/17 13:15:16 Image size of job updated: 8218960
	8026  -  MemoryUsage of job (MB)
	8218452  -  ResidentSetSize of job (KB)
...
006 (675051.000.000) 09/17 13:20:16 Image size of job updated: 8236964
	8044  -  MemoryUsage of job (MB)
	8236456  -  ResidentSetSize of job (KB)
...
006 (675051.000.000) 09/17 13:25:16 Image size of job updated: 8254868
	8061  -  MemoryUsage of job (MB)
	8254360  -  ResidentSetSize of job (KB)
...
006 (675051.000.000) 09/17 13:30:17 Image size of job updated: 8272996
	8079  -  MemoryUsage of job (MB)
	8272488  -  ResidentSetSize of job (KB)
...
006 (675051.000.000) 09/17 13:35:18 Image size of job updated: 8290740
	8096  -  MemoryUsage of job (MB)
	8290232  -  ResidentSetSize of job (KB)
...
006 (675051.000.000) 09/17 13:40:18 Image size of job updated: 8308704
	8114  -  MemoryUsage of job (MB)
	8308196  -  ResidentSetSize of job (KB)
...
006 (675051.000.000) 09/17 13:45:18 Image size of job updated: 8326760
	8132  -  MemoryUsage of job (MB)
	8326252  -  ResidentSetSize of job (KB)
...
006 (675051.000.000) 09/17 13:50:19 Image size of job updated: 8344604
	8149  -  MemoryUsage of job (MB)
	8344096  -  ResidentSetSize of job (KB)
...
006 (675051.000.000) 09/17 13:55:19 Image size of job updated: 8363300
	8167  -  MemoryUsage of job (MB)
	8362792  -  ResidentSetSize of job (KB)
...
006 (675051.000.000) 09/17 14:00:20 Image size of job updated: 8377372
	8181  -  MemoryUsage of job (MB)
	8377256  -  ResidentSetSize of job (KB)
...
006 (675051.000.000) 09/17 14:05:34 Image size of job updated: 8377372
	8181  -  MemoryUsage of job (MB)
	8377260  -  ResidentSetSize of job (KB)
...
006 (675051.000.000) 09/17 14:16:58 Image size of job updated: 8377680
	8182  -  MemoryUsage of job (MB)
	8377680  -  ResidentSetSize of job (KB)
...
006 (675051.000.000) 09/17 14:30:43 Image size of job updated: 8377840
	8182  -  MemoryUsage of job (MB)
	8377776  -  ResidentSetSize of job (KB)
...
006 (675051.000.000) 09/17 15:02:05 Image size of job updated: 8377840
	8182  -  MemoryUsage of job (MB)
	8377784  -  ResidentSetSize of job (KB)
...
006 (675051.000.000) 09/17 15:40:59 Image size of job updated: 8377896
	8182  -  MemoryUsage of job (MB)
	8378044  -  ResidentSetSize of job (KB)
...
022 (675051.000.000) 09/17 16:15:14 Job disconnected, attempting to reconnect
    Socket between submit and execute hosts closed unexpectedly
    Trying to reconnect to slot1_1@c-1-6 <140.160.143.157:9618?addrs=140.160.143.157-9618&noUDP&sock=4484_2bf8_12>
...
024 (675051.000.000) 09/17 16:55:14 Job reconnection failed
    Job disconnected too long: JobLeaseDuration (2400 seconds) expired
    Can not reconnect to slot1_1@c-1-6, rescheduling job
...
001 (675051.000.000) 09/18 11:48:11 Job executing on host: <140.160.143.155:9618?addrs=140.160.143.155-9618&noUDP&sock=4483_db90_3>
...
005 (675051.000.000) 09/20 21:31:54 Job terminated.
	(1) Normal termination (return value 0)
		Usr 0 00:24:23, Sys 0 00:10:04  -  Run Remote Usage
		Usr 0 00:00:00, Sys 0 00:00:00  -  Run Local Usage
		Usr 0 00:24:23, Sys 0 00:10:04  -  Total Remote Usage
		Usr 0 00:00:00, Sys 0 00:00:00  -  Total Local Usage
	0  -  Run Bytes Sent By Job
	0  -  Run Bytes Received By Job
	0  -  Total Bytes Sent By Job
	0  -  Total Bytes Received By Job
	Partitionable Resources :    Usage  Request Allocated 
	   Cpus                 :     1.99        2         2 
	   Disk (KB)            :   150         150     17594 
	   Memory (MB)          :  9766        9766      9856 
...
