000 (2267.1033.000) 04/28 23:44:32 Job submitted from host: <140.160.143.131:9618?addrs=140.160.143.131-9618&noUDP&sock=3131910_565e_30>
...
000 (2268.1033.000) 04/28 23:46:21 Job submitted from host: <140.160.143.131:9618?addrs=140.160.143.131-9618&noUDP&sock=3131910_565e_30>
...
001 (2267.1033.000) 05/11 08:15:26 Job executing on host: <140.160.143.166:9618?addrs=140.160.143.166-9618&noUDP&sock=14230_2cc4_3>
...
006 (2267.1033.000) 05/11 08:15:35 Image size of job updated: 2712
	3  -  MemoryUsage of job (MB)
	2712  -  ResidentSetSize of job (KB)
...
006 (2267.1033.000) 05/11 08:20:35 Image size of job updated: 2716
	3  -  MemoryUsage of job (MB)
	2716  -  ResidentSetSize of job (KB)
...
009 (2268.1033.000) 05/11 09:58:47 Job was aborted by the user.
	via condor_rm (by user scoggim)
...
006 (2267.1033.000) 05/11 12:17:50 Image size of job updated: 215316
	3  -  MemoryUsage of job (MB)
	2716  -  ResidentSetSize of job (KB)
...
004 (2267.1033.000) 05/11 12:17:50 Job was evicted.
	(0) Job was not checkpointed.
		Usr 0 09:38:29, Sys 0 06:30:48  -  Run Remote Usage
		Usr 0 00:00:00, Sys 0 00:00:00  -  Run Local Usage
	0  -  Run Bytes Sent By Job
	0  -  Run Bytes Received By Job
	Partitionable Resources :    Usage  Request Allocated 
	   Cpus                 :     4.00        4         4 
	   Disk (KB)            :   175         175    844602 
	   Memory (MB)          :     3           1       128 
...
009 (2267.1033.000) 05/11 12:17:51 Job was aborted by the user.
	via condor_rm (by user scoggim)
...
000 (2400.357.000) 05/11 12:37:09 Job submitted from host: <140.160.143.131:9618?addrs=140.160.143.131-9618&noUDP&sock=3131910_565e_30>
...
001 (2400.357.000) 05/12 10:24:18 Job executing on host: <140.160.143.164:9618?addrs=140.160.143.164-9618&noUDP&sock=59457_2292_3>
...
006 (2400.357.000) 05/12 10:24:26 Image size of job updated: 2064
	3  -  MemoryUsage of job (MB)
	2064  -  ResidentSetSize of job (KB)
...
005 (2400.357.000) 05/12 13:53:14 Job terminated.
	(1) Normal termination (return value 0)
		Usr 0 03:28:56, Sys 0 00:00:00  -  Run Remote Usage
		Usr 0 00:00:00, Sys 0 00:00:00  -  Run Local Usage
		Usr 0 03:28:56, Sys 0 00:00:00  -  Total Remote Usage
		Usr 0 00:00:00, Sys 0 00:00:00  -  Total Local Usage
	0  -  Run Bytes Sent By Job
	0  -  Run Bytes Received By Job
	0  -  Total Bytes Sent By Job
	0  -  Total Bytes Received By Job
	Partitionable Resources :    Usage  Request Allocated 
	   Cpus                 :     1.00        1         1 
	   Disk (KB)            :   175         175    844642 
	   Memory (MB)          :     3           1       128 
...
000 (2511.1033.000) 05/27 15:03:52 Job submitted from host: <140.160.143.131:9618?addrs=140.160.143.131-9618&noUDP&sock=3131910_565e_30>
...
001 (2511.1033.000) 05/28 08:24:33 Job executing on host: <140.160.143.160:9618?addrs=140.160.143.160-9618&noUDP&sock=59753_2a9b_3>
...
006 (2511.1033.000) 05/28 08:24:41 Image size of job updated: 36616
	36  -  MemoryUsage of job (MB)
	36616  -  ResidentSetSize of job (KB)
...
006 (2511.1033.000) 05/28 09:19:46 Image size of job updated: 41516
	41  -  MemoryUsage of job (MB)
	41516  -  ResidentSetSize of job (KB)
...
006 (2511.1033.000) 05/31 13:14:25 Image size of job updated: 145796
	41  -  MemoryUsage of job (MB)
	41516  -  ResidentSetSize of job (KB)
...
004 (2511.1033.000) 05/31 13:14:25 Job was evicted.
	(0) Job was not checkpointed.
		Usr 3 04:49:49, Sys 0 00:00:01  -  Run Remote Usage
		Usr 0 00:00:00, Sys 0 00:00:00  -  Run Local Usage
	0  -  Run Bytes Sent By Job
	0  -  Run Bytes Received By Job
	Partitionable Resources :    Usage  Request Allocated 
	   Cpus                 :     1.00        1         1 
	   Disk (KB)            :   175         175    844516 
	   Memory (MB)          :    41           1       128 
...
009 (2511.1033.000) 05/31 13:14:25 Job was aborted by the user.
	via condor_rm (by user scoggim)
...
000 (2516.357.000) 06/02 11:26:51 Job submitted from host: <140.160.143.131:9618?addrs=140.160.143.131-9618&noUDP&sock=3131910_565e_30>
...
009 (2516.357.000) 06/03 01:06:00 Job was aborted by the user.
	via condor_rm (by user scoggim)
...
000 (2523.357.000) 06/03 01:09:45 Job submitted from host: <140.160.143.131:9618?addrs=140.160.143.131-9618&noUDP&sock=3131910_565e_30>
...
009 (2523.357.000) 06/03 01:12:02 Job was aborted by the user.
	via condor_rm (by user scoggim)
...
000 (2524.357.000) 06/03 01:12:07 Job submitted from host: <140.160.143.131:9618?addrs=140.160.143.131-9618&noUDP&sock=3131910_565e_30>
...
009 (2524.357.000) 06/03 11:11:23 Job was aborted by the user.
	via condor_rm (by user scoggim)
...
000 (2525.357.000) 06/03 11:11:42 Job submitted from host: <140.160.143.131:9618?addrs=140.160.143.131-9618&noUDP&sock=3131910_565e_30>
...
001 (2525.357.000) 06/15 08:50:44 Job executing on host: <140.160.143.160:9618?addrs=140.160.143.160-9618&noUDP&sock=59753_2a9b_3>
...
006 (2525.357.000) 06/15 08:50:52 Image size of job updated: 37060
	36  -  MemoryUsage of job (MB)
	36616  -  ResidentSetSize of job (KB)
...
006 (2525.357.000) 06/15 10:01:00 Image size of job updated: 41960
	41  -  MemoryUsage of job (MB)
	41516  -  ResidentSetSize of job (KB)
...
006 (2525.357.000) 06/17 19:41:54 Image size of job updated: 64832
	41  -  MemoryUsage of job (MB)
	41516  -  ResidentSetSize of job (KB)
...
006 (2525.357.000) 06/17 22:37:13 Image size of job updated: 64916
	41  -  MemoryUsage of job (MB)
	41516  -  ResidentSetSize of job (KB)
...
005 (2525.357.000) 06/21 09:46:41 Job terminated.
	(1) Normal termination (return value 0)
		Usr 6 00:50:42, Sys 0 00:00:15  -  Run Remote Usage
		Usr 0 00:00:00, Sys 0 00:00:00  -  Run Local Usage
		Usr 6 00:50:42, Sys 0 00:00:15  -  Total Remote Usage
		Usr 0 00:00:00, Sys 0 00:00:00  -  Total Local Usage
	0  -  Run Bytes Sent By Job
	0  -  Run Bytes Received By Job
	0  -  Total Bytes Sent By Job
	0  -  Total Bytes Received By Job
	Partitionable Resources :    Usage  Request Allocated 
	   Cpus                 :     1.00        1         1 
	   Disk (KB)            :   175         175    844516 
	   Memory (MB)          :    41           1       128 
...
