000 (2267.677.000) 04/28 23:44:32 Job submitted from host: <140.160.143.131:9618?addrs=140.160.143.131-9618&noUDP&sock=3131910_565e_30>
...
000 (2268.677.000) 04/28 23:46:20 Job submitted from host: <140.160.143.131:9618?addrs=140.160.143.131-9618&noUDP&sock=3131910_565e_30>
...
001 (2267.677.000) 05/01 12:15:24 Job executing on host: <140.160.143.160:9618?addrs=140.160.143.160-9618&noUDP&sock=11177_1220_3>
...
006 (2267.677.000) 05/01 12:15:32 Image size of job updated: 2724
	3  -  MemoryUsage of job (MB)
	2724  -  ResidentSetSize of job (KB)
...
005 (2267.677.000) 05/02 05:20:59 Job terminated.
	(1) Normal termination (return value 0)
		Usr 1 15:44:27, Sys 1 04:37:14  -  Run Remote Usage
		Usr 0 00:00:00, Sys 0 00:00:00  -  Run Local Usage
		Usr 1 15:44:27, Sys 1 04:37:14  -  Total Remote Usage
		Usr 0 00:00:00, Sys 0 00:00:00  -  Total Local Usage
	0  -  Run Bytes Sent By Job
	0  -  Run Bytes Received By Job
	0  -  Total Bytes Sent By Job
	0  -  Total Bytes Received By Job
	Partitionable Resources :    Usage  Request Allocated 
	   Cpus                 :     4.00        4         4 
	   Disk (KB)            :   175         175    845054 
	   Memory (MB)          :     3           1       128 
...
009 (2268.677.000) 05/11 09:58:39 Job was aborted by the user.
	via condor_rm (by user scoggim)
...
000 (2400.001.000) 05/11 12:37:08 Job submitted from host: <140.160.143.131:9618?addrs=140.160.143.131-9618&noUDP&sock=3131910_565e_30>
...
001 (2400.001.000) 05/11 12:37:11 Job executing on host: <140.160.143.152:9618?addrs=140.160.143.152-9618&noUDP&sock=21978_a88e_3>
...
006 (2400.001.000) 05/11 12:37:20 Image size of job updated: 5352
	3  -  MemoryUsage of job (MB)
	2052  -  ResidentSetSize of job (KB)
...
005 (2400.001.000) 05/11 19:16:11 Job terminated.
	(1) Normal termination (return value 0)
		Usr 0 06:37:46, Sys 0 00:00:00  -  Run Remote Usage
		Usr 0 00:00:00, Sys 0 00:00:00  -  Run Local Usage
		Usr 0 06:37:46, Sys 0 00:00:00  -  Total Remote Usage
		Usr 0 00:00:00, Sys 0 00:00:00  -  Total Local Usage
	0  -  Run Bytes Sent By Job
	0  -  Run Bytes Received By Job
	0  -  Total Bytes Sent By Job
	0  -  Total Bytes Received By Job
	Partitionable Resources :    Usage  Request Allocated 
	   Cpus                 :     1.00        1         1 
	   Disk (KB)            :   175         175    874593 
	   Gpus                 :                           0 
	   Memory (MB)          :     3           1       128 
...
000 (2511.677.000) 05/27 15:03:19 Job submitted from host: <140.160.143.131:9618?addrs=140.160.143.131-9618&noUDP&sock=3131910_565e_30>
...
001 (2511.677.000) 05/27 21:17:24 Job executing on host: <140.160.143.146:9618?addrs=140.160.143.146-9618&noUDP&sock=4054_4908_3>
...
006 (2511.677.000) 05/27 21:17:33 Image size of job updated: 62176
	61  -  MemoryUsage of job (MB)
	62176  -  ResidentSetSize of job (KB)
...
006 (2511.677.000) 05/28 11:54:03 Image size of job updated: 67072
	66  -  MemoryUsage of job (MB)
	67072  -  ResidentSetSize of job (KB)
...
006 (2511.677.000) 05/31 13:14:14 Image size of job updated: 145796
	66  -  MemoryUsage of job (MB)
	67072  -  ResidentSetSize of job (KB)
...
004 (2511.677.000) 05/31 13:14:14 Job was evicted.
	(0) Job was not checkpointed.
		Usr 3 15:44:46, Sys 0 00:00:16  -  Run Remote Usage
		Usr 0 00:00:00, Sys 0 00:00:00  -  Run Local Usage
	0  -  Run Bytes Sent By Job
	0  -  Run Bytes Received By Job
	Partitionable Resources :    Usage  Request Allocated 
	   Cpus                 :     1.00        1         1 
	   Disk (KB)            :   175         175    881117 
	   Memory (MB)          :    66           1       128 
...
009 (2511.677.000) 05/31 13:14:15 Job was aborted by the user.
	via condor_rm (by user scoggim)
...
000 (2516.001.000) 06/02 11:26:44 Job submitted from host: <140.160.143.131:9618?addrs=140.160.143.131-9618&noUDP&sock=3131910_565e_30>
...
001 (2516.001.000) 06/02 11:26:57 Job executing on host: <140.160.143.143:9618?addrs=140.160.143.143-9618&noUDP&sock=21098_0d36_3>
...
006 (2516.001.000) 06/02 11:27:05 Image size of job updated: 62660
	61  -  MemoryUsage of job (MB)
	62188  -  ResidentSetSize of job (KB)
...
004 (2516.001.000) 06/03 01:05:28 Job was evicted.
	(0) Job was not checkpointed.
		Usr 0 13:36:31, Sys 0 00:00:03  -  Run Remote Usage
		Usr 0 00:00:00, Sys 0 00:00:00  -  Run Local Usage
	0  -  Run Bytes Sent By Job
	0  -  Run Bytes Received By Job
	Partitionable Resources :    Usage  Request Allocated 
	   Cpus                 :     1.00        1         1 
	   Disk (KB)            :   175         175    881209 
	   Memory (MB)          :    61           1       128 
...
009 (2516.001.000) 06/03 01:05:31 Job was aborted by the user.
	via condor_rm (by user scoggim)
...
000 (2523.001.000) 06/03 01:09:40 Job submitted from host: <140.160.143.131:9618?addrs=140.160.143.131-9618&noUDP&sock=3131910_565e_30>
...
001 (2523.001.000) 06/03 01:10:39 Job executing on host: <140.160.143.146:9618?addrs=140.160.143.146-9618&noUDP&sock=4054_4908_3>
...
006 (2523.001.000) 06/03 01:10:47 Image size of job updated: 43432
	42  -  MemoryUsage of job (MB)
	42120  -  ResidentSetSize of job (KB)
...
006 (2523.001.000) 06/03 01:12:01 Image size of job updated: 248928
	42  -  MemoryUsage of job (MB)
	42120  -  ResidentSetSize of job (KB)
...
004 (2523.001.000) 06/03 01:12:01 Job was evicted.
	(0) Job was not checkpointed.
		Usr 0 00:02:11, Sys 0 00:00:46  -  Run Remote Usage
		Usr 0 00:00:00, Sys 0 00:00:00  -  Run Local Usage
	0  -  Run Bytes Sent By Job
	0  -  Run Bytes Received By Job
	Partitionable Resources :    Usage  Request Allocated 
	   Cpus                 :     2.17        4         4 
	   Disk (KB)            :   175         175    881117 
	   Memory (MB)          :    42           1       128 
...
009 (2523.001.000) 06/03 01:12:02 Job was aborted by the user.
	via condor_rm (by user scoggim)
...
000 (2524.001.000) 06/03 01:12:07 Job submitted from host: <140.160.143.131:9618?addrs=140.160.143.131-9618&noUDP&sock=3131910_565e_30>
...
001 (2524.001.000) 06/03 01:12:09 Job executing on host: <140.160.143.146:9618?addrs=140.160.143.146-9618&noUDP&sock=4054_4908_3>
...
006 (2524.001.000) 06/03 01:12:18 Image size of job updated: 42140
	42  -  MemoryUsage of job (MB)
	42052  -  ResidentSetSize of job (KB)
...
006 (2524.001.000) 06/03 01:22:19 Image size of job updated: 42272
	42  -  MemoryUsage of job (MB)
	42052  -  ResidentSetSize of job (KB)
...
006 (2524.001.000) 06/03 01:27:19 Image size of job updated: 43020
	42  -  MemoryUsage of job (MB)
	42052  -  ResidentSetSize of job (KB)
...
006 (2524.001.000) 06/03 01:37:21 Image size of job updated: 43024
	42  -  MemoryUsage of job (MB)
	42052  -  ResidentSetSize of job (KB)
...
006 (2524.001.000) 06/03 02:07:24 Image size of job updated: 48016
	46  -  MemoryUsage of job (MB)
	46904  -  ResidentSetSize of job (KB)
...
006 (2524.001.000) 06/03 03:57:36 Image size of job updated: 48020
	46  -  MemoryUsage of job (MB)
	46908  -  ResidentSetSize of job (KB)
...
004 (2524.001.000) 06/03 11:11:22 Job was evicted.
	(0) Job was not checkpointed.
		Usr 0 15:36:10, Sys 0 06:00:02  -  Run Remote Usage
		Usr 0 00:00:00, Sys 0 00:00:00  -  Run Local Usage
	0  -  Run Bytes Sent By Job
	0  -  Run Bytes Received By Job
	Partitionable Resources :    Usage  Request Allocated 
	   Cpus                 :     2.23        4         4 
	   Disk (KB)            :   175         175    881117 
	   Memory (MB)          :    46           1       128 
...
009 (2524.001.000) 06/03 11:11:22 Job was aborted by the user.
	via condor_rm (by user scoggim)
...
000 (2525.001.000) 06/03 11:11:41 Job submitted from host: <140.160.143.131:9618?addrs=140.160.143.131-9618&noUDP&sock=3131910_565e_30>
...
001 (2525.001.000) 06/03 11:12:03 Job executing on host: <140.160.143.152:9618?addrs=140.160.143.152-9618&noUDP&sock=21978_a88e_3>
...
006 (2525.001.000) 06/03 11:12:11 Image size of job updated: 65456
	61  -  MemoryUsage of job (MB)
	62100  -  ResidentSetSize of job (KB)
...
006 (2525.001.000) 06/04 04:28:59 Image size of job updated: 71116
	66  -  MemoryUsage of job (MB)
	67064  -  ResidentSetSize of job (KB)
...
005 (2525.001.000) 06/16 13:14:18 Job terminated.
	(1) Normal termination (return value 0)
		Usr 13 01:17:00, Sys 0 00:01:16  -  Run Remote Usage
		Usr 0 00:00:00, Sys 0 00:00:00  -  Run Local Usage
		Usr 13 01:17:00, Sys 0 00:01:16  -  Total Remote Usage
		Usr 0 00:00:00, Sys 0 00:00:00  -  Total Local Usage
	0  -  Run Bytes Sent By Job
	0  -  Run Bytes Received By Job
	0  -  Total Bytes Sent By Job
	0  -  Total Bytes Received By Job
	Partitionable Resources :    Usage  Request Allocated 
	   Cpus                 :     1.00        1         1 
	   Disk (KB)            :   175         175    874593 
	   Gpus                 :                           0 
	   Memory (MB)          :    66           1       128 
...
