000 (2267.942.000) 04/28 23:44:32 Job submitted from host: <140.160.143.131:9618?addrs=140.160.143.131-9618&noUDP&sock=3131910_565e_30>
...
000 (2268.942.000) 04/28 23:46:21 Job submitted from host: <140.160.143.131:9618?addrs=140.160.143.131-9618&noUDP&sock=3131910_565e_30>
...
001 (2267.942.000) 05/05 13:11:22 Job executing on host: <140.160.143.163:9618?addrs=140.160.143.163-9618&noUDP&sock=45405_a1c0_3>
...
006 (2267.942.000) 05/05 13:11:30 Image size of job updated: 2736
	3  -  MemoryUsage of job (MB)
	2736  -  ResidentSetSize of job (KB)
...
006 (2267.942.000) 05/07 00:58:36 Image size of job updated: 215320
	3  -  MemoryUsage of job (MB)
	2736  -  ResidentSetSize of job (KB)
...
005 (2267.942.000) 05/07 00:58:36 Job terminated.
	(1) Normal termination (return value 0)
		Usr 3 02:42:19, Sys 2 11:21:12  -  Run Remote Usage
		Usr 0 00:00:00, Sys 0 00:00:00  -  Run Local Usage
		Usr 3 02:42:19, Sys 2 11:21:12  -  Total Remote Usage
		Usr 0 00:00:00, Sys 0 00:00:00  -  Total Local Usage
	0  -  Run Bytes Sent By Job
	0  -  Run Bytes Received By Job
	0  -  Total Bytes Sent By Job
	0  -  Total Bytes Received By Job
	Partitionable Resources :    Usage  Request Allocated 
	   Cpus                 :     4.00        4         4 
	   Disk (KB)            :   175         175    844750 
	   Memory (MB)          :     3           1       128 
...
009 (2268.942.000) 05/11 09:58:44 Job was aborted by the user.
	via condor_rm (by user scoggim)
...
000 (2400.266.000) 05/11 12:37:09 Job submitted from host: <140.160.143.131:9618?addrs=140.160.143.131-9618&noUDP&sock=3131910_565e_30>
...
001 (2400.266.000) 05/12 06:52:01 Job executing on host: <140.160.143.147:9618?addrs=140.160.143.147-9618&noUDP&sock=29188_1e64_3>
...
006 (2400.266.000) 05/12 06:52:09 Image size of job updated: 2048
	2  -  MemoryUsage of job (MB)
	2048  -  ResidentSetSize of job (KB)
...
006 (2400.266.000) 05/12 07:17:11 Image size of job updated: 2052
	3  -  MemoryUsage of job (MB)
	2052  -  ResidentSetSize of job (KB)
...
005 (2400.266.000) 05/12 18:06:58 Job terminated.
	(1) Normal termination (return value 0)
		Usr 0 11:13:47, Sys 0 00:00:01  -  Run Remote Usage
		Usr 0 00:00:00, Sys 0 00:00:00  -  Run Local Usage
		Usr 0 11:13:47, Sys 0 00:00:01  -  Total Remote Usage
		Usr 0 00:00:00, Sys 0 00:00:00  -  Total Local Usage
	0  -  Run Bytes Sent By Job
	0  -  Run Bytes Received By Job
	0  -  Total Bytes Sent By Job
	0  -  Total Bytes Received By Job
	Partitionable Resources :    Usage  Request Allocated 
	   Cpus                 :     1.00        1         1 
	   Disk (KB)            :   175         175    197290 
	   Memory (MB)          :     3           1       128 
...
000 (2511.942.000) 05/27 15:03:44 Job submitted from host: <140.160.143.131:9618?addrs=140.160.143.131-9618&noUDP&sock=3131910_565e_30>
...
001 (2511.942.000) 05/28 08:24:28 Job executing on host: <140.160.143.163:9618?addrs=140.160.143.163-9618&noUDP&sock=48630_b6ae_3>
...
006 (2511.942.000) 05/28 08:24:36 Image size of job updated: 36624
	36  -  MemoryUsage of job (MB)
	36624  -  ResidentSetSize of job (KB)
...
006 (2511.942.000) 05/28 08:54:38 Image size of job updated: 41524
	41  -  MemoryUsage of job (MB)
	41524  -  ResidentSetSize of job (KB)
...
006 (2511.942.000) 05/31 13:14:22 Image size of job updated: 145796
	41  -  MemoryUsage of job (MB)
	41524  -  ResidentSetSize of job (KB)
...
004 (2511.942.000) 05/31 13:14:22 Job was evicted.
	(0) Job was not checkpointed.
		Usr 3 04:49:49, Sys 0 00:00:01  -  Run Remote Usage
		Usr 0 00:00:00, Sys 0 00:00:00  -  Run Local Usage
	0  -  Run Bytes Sent By Job
	0  -  Run Bytes Received By Job
	Partitionable Resources :    Usage  Request Allocated 
	   Cpus                 :     1.00        1         1 
	   Disk (KB)            :   175         175    844694 
	   Memory (MB)          :    41           1       128 
...
009 (2511.942.000) 05/31 13:14:23 Job was aborted by the user.
	via condor_rm (by user scoggim)
...
000 (2516.266.000) 06/02 11:26:49 Job submitted from host: <140.160.143.131:9618?addrs=140.160.143.131-9618&noUDP&sock=3131910_565e_30>
...
009 (2516.266.000) 06/03 01:05:41 Job was aborted by the user.
	via condor_rm (by user scoggim)
...
000 (2523.266.000) 06/03 01:09:45 Job submitted from host: <140.160.143.131:9618?addrs=140.160.143.131-9618&noUDP&sock=3131910_565e_30>
...
009 (2523.266.000) 06/03 01:12:02 Job was aborted by the user.
	via condor_rm (by user scoggim)
...
000 (2524.266.000) 06/03 01:12:07 Job submitted from host: <140.160.143.131:9618?addrs=140.160.143.131-9618&noUDP&sock=3131910_565e_30>
...
009 (2524.266.000) 06/03 11:11:23 Job was aborted by the user.
	via condor_rm (by user scoggim)
...
000 (2525.266.000) 06/03 11:11:42 Job submitted from host: <140.160.143.131:9618?addrs=140.160.143.131-9618&noUDP&sock=3131910_565e_30>
...
001 (2525.266.000) 06/10 14:04:23 Job executing on host: <140.160.143.147:9618?addrs=140.160.143.147-9618&noUDP&sock=26984_5ba8_3>
...
006 (2525.266.000) 06/10 14:04:31 Image size of job updated: 62168
	61  -  MemoryUsage of job (MB)
	62168  -  ResidentSetSize of job (KB)
...
005 (2525.266.000) 06/19 08:46:00 Job terminated.
	(1) Normal termination (return value 0)
		Usr 8 18:14:36, Sys 0 00:00:25  -  Run Remote Usage
		Usr 0 00:00:00, Sys 0 00:00:00  -  Run Local Usage
		Usr 8 18:14:36, Sys 0 00:00:25  -  Total Remote Usage
		Usr 0 00:00:00, Sys 0 00:00:00  -  Total Local Usage
	0  -  Run Bytes Sent By Job
	0  -  Run Bytes Received By Job
	0  -  Total Bytes Sent By Job
	0  -  Total Bytes Received By Job
	Partitionable Resources :    Usage  Request Allocated 
	   Cpus                 :     1.00        1         1 
	   Disk (KB)            :   175         175    196727 
	   Memory (MB)          :    61           1       128 
...
