000 (2161.224.000) 04/19 11:39:22 Job submitted from host: <140.160.143.131:9618?addrs=140.160.143.131-9618&noUDP&sock=3131910_565e_30>
...
001 (2161.224.000) 04/22 11:33:02 Job executing on host: <140.160.143.162:9618?addrs=140.160.143.162-9618&noUDP&sock=44370_b53b_3>
...
006 (2161.224.000) 04/22 11:33:11 Image size of job updated: 4796
	5  -  MemoryUsage of job (MB)
	4796  -  ResidentSetSize of job (KB)
...
006 (2161.224.000) 04/22 12:53:21 Image size of job updated: 5044
	5  -  MemoryUsage of job (MB)
	5044  -  ResidentSetSize of job (KB)
...
005 (2161.224.000) 04/23 02:07:04 Job terminated.
	(1) Normal termination (return value 0)
		Usr 1 14:23:19, Sys 0 19:52:37  -  Run Remote Usage
		Usr 0 00:00:00, Sys 0 00:00:00  -  Run Local Usage
		Usr 1 14:23:19, Sys 0 19:52:37  -  Total Remote Usage
		Usr 0 00:00:00, Sys 0 00:00:00  -  Total Local Usage
	0  -  Run Bytes Sent By Job
	0  -  Run Bytes Received By Job
	0  -  Total Bytes Sent By Job
	0  -  Total Bytes Received By Job
	Partitionable Resources :    Usage  Request Allocated 
	   Cpus                 :     4.00        4         4 
	   Disk (KB)            :   175         175    844747 
	   Memory (MB)          :     5           1       128 
...
000 (2267.1745.000) 04/28 23:44:42 Job submitted from host: <140.160.143.131:9618?addrs=140.160.143.131-9618&noUDP&sock=3131910_565e_30>
...
009 (2267.1745.000) 05/11 12:17:54 Job was aborted by the user.
	via condor_rm (by user scoggim)
...
000 (2400.1069.000) 05/11 12:37:10 Job submitted from host: <140.160.143.131:9618?addrs=140.160.143.131-9618&noUDP&sock=3131910_565e_30>
...
001 (2400.1069.000) 05/12 19:46:11 Job executing on host: <140.160.143.161:9618?addrs=140.160.143.161-9618&noUDP&sock=55511_81dc_3>
...
006 (2400.1069.000) 05/12 19:46:19 Image size of job updated: 4024
	4  -  MemoryUsage of job (MB)
	4024  -  ResidentSetSize of job (KB)
...
005 (2400.1069.000) 05/13 04:52:16 Job terminated.
	(1) Normal termination (return value 0)
		Usr 0 09:06:05, Sys 0 00:00:00  -  Run Remote Usage
		Usr 0 00:00:00, Sys 0 00:00:00  -  Run Local Usage
		Usr 0 09:06:05, Sys 0 00:00:00  -  Total Remote Usage
		Usr 0 00:00:00, Sys 0 00:00:00  -  Total Local Usage
	0  -  Run Bytes Sent By Job
	0  -  Run Bytes Received By Job
	0  -  Total Bytes Sent By Job
	0  -  Total Bytes Received By Job
	Partitionable Resources :    Usage  Request Allocated 
	   Cpus                 :     1.00        1         1 
	   Disk (KB)            :   175         175    844753 
	   Memory (MB)          :     4           1       128 
...
