000 (674473.000.000) 09/14 14:18:52 Job submitted from host: <140.160.143.130:9618?addrs=140.160.143.130-9618&noUDP&sock=5591_da80_4>
...
009 (674473.000.000) 09/14 14:20:43 Job was aborted by the user.
	via condor_rm (by user scoggim)
...
000 (674617.000.000) 09/14 14:26:01 Job submitted from host: <140.160.143.130:9618?addrs=140.160.143.130-9618&noUDP&sock=5591_da80_4>
...
000 (674761.000.000) 09/14 14:26:43 Job submitted from host: <140.160.143.130:9618?addrs=140.160.143.130-9618&noUDP&sock=5591_da80_4>
...
000 (674905.000.000) 09/14 14:27:41 Job submitted from host: <140.160.143.130:9618?addrs=140.160.143.130-9618&noUDP&sock=5591_da80_4>
...
009 (674761.000.000) 09/14 14:46:33 Job was aborted by the user.
	via condor_rm (by user scoggim)
...
009 (674905.000.000) 09/14 14:46:33 Job was aborted by the user.
	via condor_rm (by user scoggim)
...
009 (674617.000.000) 09/14 14:46:34 Job was aborted by the user.
	via condor_rm (by user scoggim)
...
000 (675085.000.000) 09/14 22:20:27 Job submitted from host: <140.160.143.130:9618?addrs=140.160.143.130-9618&noUDP&sock=5591_da80_4>
...
001 (675085.000.000) 09/19 20:51:51 Job executing on host: <140.160.143.152:9618?addrs=140.160.143.152-9618&noUDP&sock=4519_8cf9_3>
...
006 (675085.000.000) 09/19 20:52:01 Image size of job updated: 5948
	5  -  MemoryUsage of job (MB)
	4324  -  ResidentSetSize of job (KB)
...
006 (675085.000.000) 09/19 20:57:02 Image size of job updated: 16960
	15  -  MemoryUsage of job (MB)
	15336  -  ResidentSetSize of job (KB)
...
006 (675085.000.000) 09/19 21:02:02 Image size of job updated: 26760
	25  -  MemoryUsage of job (MB)
	25136  -  ResidentSetSize of job (KB)
...
006 (675085.000.000) 09/19 21:07:02 Image size of job updated: 28464
	27  -  MemoryUsage of job (MB)
	26840  -  ResidentSetSize of job (KB)
...
006 (675085.000.000) 09/19 21:22:04 Image size of job updated: 28508
	27  -  MemoryUsage of job (MB)
	26840  -  ResidentSetSize of job (KB)
...
006 (675085.000.000) 09/19 22:07:08 Image size of job updated: 28532
	27  -  MemoryUsage of job (MB)
	26840  -  ResidentSetSize of job (KB)
...
006 (675085.000.000) 09/20 23:04:43 Image size of job updated: 3874040
	27  -  MemoryUsage of job (MB)
	26840  -  ResidentSetSize of job (KB)
...
006 (675085.000.000) 09/20 23:09:43 Image size of job updated: 3886496
	27  -  MemoryUsage of job (MB)
	26840  -  ResidentSetSize of job (KB)
...
006 (675085.000.000) 09/20 23:14:44 Image size of job updated: 3898796
	27  -  MemoryUsage of job (MB)
	26840  -  ResidentSetSize of job (KB)
...
006 (675085.000.000) 09/20 23:19:44 Image size of job updated: 3911176
	27  -  MemoryUsage of job (MB)
	26840  -  ResidentSetSize of job (KB)
...
006 (675085.000.000) 09/20 23:24:44 Image size of job updated: 3923736
	27  -  MemoryUsage of job (MB)
	26840  -  ResidentSetSize of job (KB)
...
006 (675085.000.000) 09/20 23:29:45 Image size of job updated: 3935668
	27  -  MemoryUsage of job (MB)
	26840  -  ResidentSetSize of job (KB)
...
006 (675085.000.000) 09/20 23:34:46 Image size of job updated: 3948652
	27  -  MemoryUsage of job (MB)
	26840  -  ResidentSetSize of job (KB)
...
006 (675085.000.000) 09/20 23:39:46 Image size of job updated: 3960480
	27  -  MemoryUsage of job (MB)
	26840  -  ResidentSetSize of job (KB)
...
006 (675085.000.000) 09/20 23:44:47 Image size of job updated: 3973628
	27  -  MemoryUsage of job (MB)
	26840  -  ResidentSetSize of job (KB)
...
006 (675085.000.000) 09/20 23:49:48 Image size of job updated: 3985584
	27  -  MemoryUsage of job (MB)
	26840  -  ResidentSetSize of job (KB)
...
006 (675085.000.000) 09/20 23:54:48 Image size of job updated: 3998172
	27  -  MemoryUsage of job (MB)
	26840  -  ResidentSetSize of job (KB)
...
006 (675085.000.000) 09/20 23:59:48 Image size of job updated: 4010524
	27  -  MemoryUsage of job (MB)
	26840  -  ResidentSetSize of job (KB)
...
006 (675085.000.000) 09/21 00:04:50 Image size of job updated: 4022956
	27  -  MemoryUsage of job (MB)
	26840  -  ResidentSetSize of job (KB)
...
006 (675085.000.000) 09/21 00:09:50 Image size of job updated: 4034528
	27  -  MemoryUsage of job (MB)
	26840  -  ResidentSetSize of job (KB)
...
006 (675085.000.000) 09/21 00:14:50 Image size of job updated: 4047652
	27  -  MemoryUsage of job (MB)
	26840  -  ResidentSetSize of job (KB)
...
006 (675085.000.000) 09/21 00:19:51 Image size of job updated: 4059680
	27  -  MemoryUsage of job (MB)
	26840  -  ResidentSetSize of job (KB)
...
006 (675085.000.000) 09/21 00:24:52 Image size of job updated: 4072012
	27  -  MemoryUsage of job (MB)
	26840  -  ResidentSetSize of job (KB)
...
006 (675085.000.000) 09/21 00:29:52 Image size of job updated: 4084948
	27  -  MemoryUsage of job (MB)
	26840  -  ResidentSetSize of job (KB)
...
006 (675085.000.000) 09/21 00:34:53 Image size of job updated: 4097348
	27  -  MemoryUsage of job (MB)
	26840  -  ResidentSetSize of job (KB)
...
006 (675085.000.000) 09/21 00:39:54 Image size of job updated: 4109704
	27  -  MemoryUsage of job (MB)
	26840  -  ResidentSetSize of job (KB)
...
006 (675085.000.000) 09/21 00:44:54 Image size of job updated: 4122020
	27  -  MemoryUsage of job (MB)
	26840  -  ResidentSetSize of job (KB)
...
006 (675085.000.000) 09/21 00:49:54 Image size of job updated: 4134384
	27  -  MemoryUsage of job (MB)
	26840  -  ResidentSetSize of job (KB)
...
006 (675085.000.000) 09/21 00:54:56 Image size of job updated: 4146724
	27  -  MemoryUsage of job (MB)
	26840  -  ResidentSetSize of job (KB)
...
006 (675085.000.000) 09/21 00:59:56 Image size of job updated: 4158544
	27  -  MemoryUsage of job (MB)
	26840  -  ResidentSetSize of job (KB)
...
006 (675085.000.000) 09/21 01:04:56 Image size of job updated: 4170748
	27  -  MemoryUsage of job (MB)
	26840  -  ResidentSetSize of job (KB)
...
006 (675085.000.000) 09/21 01:09:57 Image size of job updated: 4183000
	27  -  MemoryUsage of job (MB)
	26840  -  ResidentSetSize of job (KB)
...
006 (675085.000.000) 09/21 01:14:58 Image size of job updated: 4195164
	27  -  MemoryUsage of job (MB)
	26840  -  ResidentSetSize of job (KB)
...
006 (675085.000.000) 09/21 01:19:58 Image size of job updated: 4207232
	27  -  MemoryUsage of job (MB)
	26840  -  ResidentSetSize of job (KB)
...
006 (675085.000.000) 09/21 01:24:58 Image size of job updated: 4219524
	27  -  MemoryUsage of job (MB)
	26840  -  ResidentSetSize of job (KB)
...
006 (675085.000.000) 09/21 01:29:59 Image size of job updated: 4231748
	27  -  MemoryUsage of job (MB)
	26840  -  ResidentSetSize of job (KB)
...
006 (675085.000.000) 09/21 01:34:59 Image size of job updated: 4243624
	27  -  MemoryUsage of job (MB)
	26840  -  ResidentSetSize of job (KB)
...
006 (675085.000.000) 09/21 01:39:59 Image size of job updated: 4255824
	27  -  MemoryUsage of job (MB)
	26840  -  ResidentSetSize of job (KB)
...
006 (675085.000.000) 09/21 01:45:00 Image size of job updated: 4268232
	27  -  MemoryUsage of job (MB)
	26840  -  ResidentSetSize of job (KB)
...
006 (675085.000.000) 09/21 01:50:01 Image size of job updated: 4280480
	27  -  MemoryUsage of job (MB)
	26840  -  ResidentSetSize of job (KB)
...
006 (675085.000.000) 09/21 01:55:01 Image size of job updated: 4291956
	27  -  MemoryUsage of job (MB)
	26840  -  ResidentSetSize of job (KB)
...
006 (675085.000.000) 09/21 02:00:01 Image size of job updated: 4303180
	27  -  MemoryUsage of job (MB)
	26840  -  ResidentSetSize of job (KB)
...
006 (675085.000.000) 09/21 02:05:02 Image size of job updated: 4314732
	27  -  MemoryUsage of job (MB)
	26840  -  ResidentSetSize of job (KB)
...
006 (675085.000.000) 09/21 02:10:02 Image size of job updated: 4326632
	27  -  MemoryUsage of job (MB)
	26840  -  ResidentSetSize of job (KB)
...
006 (675085.000.000) 09/21 02:15:02 Image size of job updated: 4338796
	27  -  MemoryUsage of job (MB)
	26840  -  ResidentSetSize of job (KB)
...
006 (675085.000.000) 09/21 02:20:03 Image size of job updated: 4350212
	27  -  MemoryUsage of job (MB)
	26840  -  ResidentSetSize of job (KB)
...
006 (675085.000.000) 09/21 02:25:04 Image size of job updated: 4362992
	27  -  MemoryUsage of job (MB)
	26840  -  ResidentSetSize of job (KB)
...
006 (675085.000.000) 09/21 02:30:04 Image size of job updated: 4374584
	27  -  MemoryUsage of job (MB)
	26840  -  ResidentSetSize of job (KB)
...
006 (675085.000.000) 09/21 02:35:05 Image size of job updated: 4387104
	27  -  MemoryUsage of job (MB)
	26840  -  ResidentSetSize of job (KB)
...
006 (675085.000.000) 09/21 02:40:06 Image size of job updated: 4398288
	27  -  MemoryUsage of job (MB)
	26840  -  ResidentSetSize of job (KB)
...
006 (675085.000.000) 09/21 02:45:06 Image size of job updated: 4410604
	27  -  MemoryUsage of job (MB)
	26840  -  ResidentSetSize of job (KB)
...
006 (675085.000.000) 09/21 02:50:07 Image size of job updated: 4423352
	27  -  MemoryUsage of job (MB)
	26840  -  ResidentSetSize of job (KB)
...
006 (675085.000.000) 09/21 02:55:08 Image size of job updated: 4435712
	27  -  MemoryUsage of job (MB)
	26840  -  ResidentSetSize of job (KB)
...
006 (675085.000.000) 09/21 03:00:08 Image size of job updated: 4448124
	27  -  MemoryUsage of job (MB)
	26840  -  ResidentSetSize of job (KB)
...
006 (675085.000.000) 09/21 03:05:08 Image size of job updated: 4460432
	27  -  MemoryUsage of job (MB)
	26840  -  ResidentSetSize of job (KB)
...
006 (675085.000.000) 09/21 03:10:09 Image size of job updated: 4472292
	27  -  MemoryUsage of job (MB)
	26840  -  ResidentSetSize of job (KB)
...
006 (675085.000.000) 09/21 03:15:09 Image size of job updated: 4485336
	27  -  MemoryUsage of job (MB)
	26840  -  ResidentSetSize of job (KB)
...
006 (675085.000.000) 09/21 03:20:09 Image size of job updated: 4497752
	27  -  MemoryUsage of job (MB)
	26840  -  ResidentSetSize of job (KB)
...
006 (675085.000.000) 09/21 03:25:10 Image size of job updated: 4510072
	27  -  MemoryUsage of job (MB)
	26840  -  ResidentSetSize of job (KB)
...
006 (675085.000.000) 09/21 03:30:11 Image size of job updated: 4522684
	27  -  MemoryUsage of job (MB)
	26840  -  ResidentSetSize of job (KB)
...
006 (675085.000.000) 09/21 03:35:11 Image size of job updated: 4535156
	27  -  MemoryUsage of job (MB)
	26840  -  ResidentSetSize of job (KB)
...
006 (675085.000.000) 09/21 03:40:11 Image size of job updated: 4546804
	27  -  MemoryUsage of job (MB)
	26840  -  ResidentSetSize of job (KB)
...
006 (675085.000.000) 09/21 03:45:12 Image size of job updated: 4559916
	27  -  MemoryUsage of job (MB)
	26840  -  ResidentSetSize of job (KB)
...
006 (675085.000.000) 09/21 03:50:12 Image size of job updated: 4572540
	27  -  MemoryUsage of job (MB)
	26840  -  ResidentSetSize of job (KB)
...
006 (675085.000.000) 09/21 03:55:12 Image size of job updated: 4584176
	27  -  MemoryUsage of job (MB)
	26840  -  ResidentSetSize of job (KB)
...
006 (675085.000.000) 09/21 04:00:13 Image size of job updated: 4595708
	27  -  MemoryUsage of job (MB)
	26840  -  ResidentSetSize of job (KB)
...
006 (675085.000.000) 09/21 04:05:14 Image size of job updated: 4607252
	27  -  MemoryUsage of job (MB)
	26840  -  ResidentSetSize of job (KB)
...
006 (675085.000.000) 09/21 04:10:14 Image size of job updated: 4618884
	27  -  MemoryUsage of job (MB)
	26840  -  ResidentSetSize of job (KB)
...
006 (675085.000.000) 09/21 04:15:15 Image size of job updated: 4630432
	27  -  MemoryUsage of job (MB)
	26840  -  ResidentSetSize of job (KB)
...
006 (675085.000.000) 09/21 04:20:16 Image size of job updated: 4642020
	27  -  MemoryUsage of job (MB)
	26840  -  ResidentSetSize of job (KB)
...
006 (675085.000.000) 09/21 04:25:16 Image size of job updated: 4652832
	27  -  MemoryUsage of job (MB)
	26840  -  ResidentSetSize of job (KB)
...
006 (675085.000.000) 09/21 04:30:16 Image size of job updated: 4664880
	27  -  MemoryUsage of job (MB)
	26840  -  ResidentSetSize of job (KB)
...
006 (675085.000.000) 09/21 04:35:17 Image size of job updated: 4676124
	27  -  MemoryUsage of job (MB)
	26840  -  ResidentSetSize of job (KB)
...
006 (675085.000.000) 09/21 04:40:18 Image size of job updated: 4687492
	27  -  MemoryUsage of job (MB)
	26840  -  ResidentSetSize of job (KB)
...
006 (675085.000.000) 09/21 04:45:18 Image size of job updated: 4698832
	27  -  MemoryUsage of job (MB)
	26840  -  ResidentSetSize of job (KB)
...
006 (675085.000.000) 09/21 04:50:19 Image size of job updated: 4710188
	27  -  MemoryUsage of job (MB)
	26840  -  ResidentSetSize of job (KB)
...
006 (675085.000.000) 09/21 04:55:20 Image size of job updated: 4721396
	27  -  MemoryUsage of job (MB)
	26840  -  ResidentSetSize of job (KB)
...
006 (675085.000.000) 09/21 05:00:20 Image size of job updated: 4732696
	27  -  MemoryUsage of job (MB)
	26840  -  ResidentSetSize of job (KB)
...
006 (675085.000.000) 09/21 05:05:20 Image size of job updated: 4744148
	27  -  MemoryUsage of job (MB)
	26840  -  ResidentSetSize of job (KB)
...
006 (675085.000.000) 09/21 05:10:22 Image size of job updated: 4755548
	27  -  MemoryUsage of job (MB)
	26840  -  ResidentSetSize of job (KB)
...
006 (675085.000.000) 09/21 05:15:22 Image size of job updated: 4765224
	27  -  MemoryUsage of job (MB)
	26840  -  ResidentSetSize of job (KB)
...
006 (675085.000.000) 09/21 05:20:22 Image size of job updated: 4778060
	27  -  MemoryUsage of job (MB)
	26840  -  ResidentSetSize of job (KB)
...
006 (675085.000.000) 09/21 05:25:23 Image size of job updated: 4789368
	27  -  MemoryUsage of job (MB)
	26840  -  ResidentSetSize of job (KB)
...
006 (675085.000.000) 09/21 05:30:24 Image size of job updated: 4800528
	27  -  MemoryUsage of job (MB)
	26840  -  ResidentSetSize of job (KB)
...
006 (675085.000.000) 09/21 05:35:24 Image size of job updated: 4811400
	27  -  MemoryUsage of job (MB)
	26840  -  ResidentSetSize of job (KB)
...
006 (675085.000.000) 09/21 05:40:24 Image size of job updated: 4822456
	27  -  MemoryUsage of job (MB)
	26840  -  ResidentSetSize of job (KB)
...
006 (675085.000.000) 09/21 05:45:25 Image size of job updated: 4833536
	27  -  MemoryUsage of job (MB)
	26840  -  ResidentSetSize of job (KB)
...
006 (675085.000.000) 09/21 05:50:25 Image size of job updated: 4844080
	27  -  MemoryUsage of job (MB)
	26840  -  ResidentSetSize of job (KB)
...
006 (675085.000.000) 09/21 05:55:25 Image size of job updated: 4856048
	27  -  MemoryUsage of job (MB)
	26840  -  ResidentSetSize of job (KB)
...
006 (675085.000.000) 09/21 06:00:26 Image size of job updated: 4867292
	27  -  MemoryUsage of job (MB)
	26840  -  ResidentSetSize of job (KB)
...
006 (675085.000.000) 09/21 06:05:27 Image size of job updated: 4878672
	27  -  MemoryUsage of job (MB)
	26840  -  ResidentSetSize of job (KB)
...
006 (675085.000.000) 09/21 06:10:27 Image size of job updated: 4890008
	27  -  MemoryUsage of job (MB)
	26840  -  ResidentSetSize of job (KB)
...
006 (675085.000.000) 09/21 06:15:28 Image size of job updated: 4901236
	27  -  MemoryUsage of job (MB)
	26840  -  ResidentSetSize of job (KB)
...
006 (675085.000.000) 09/21 06:20:29 Image size of job updated: 4912672
	27  -  MemoryUsage of job (MB)
	26840  -  ResidentSetSize of job (KB)
...
006 (675085.000.000) 09/21 06:25:29 Image size of job updated: 4923552
	27  -  MemoryUsage of job (MB)
	26840  -  ResidentSetSize of job (KB)
...
006 (675085.000.000) 09/21 06:30:29 Image size of job updated: 4935608
	27  -  MemoryUsage of job (MB)
	26840  -  ResidentSetSize of job (KB)
...
006 (675085.000.000) 09/21 06:35:30 Image size of job updated: 4947104
	27  -  MemoryUsage of job (MB)
	26840  -  ResidentSetSize of job (KB)
...
006 (675085.000.000) 09/21 06:40:31 Image size of job updated: 4958440
	27  -  MemoryUsage of job (MB)
	26840  -  ResidentSetSize of job (KB)
...
006 (675085.000.000) 09/21 06:45:31 Image size of job updated: 4969576
	27  -  MemoryUsage of job (MB)
	26840  -  ResidentSetSize of job (KB)
...
006 (675085.000.000) 09/21 06:50:32 Image size of job updated: 4980292
	27  -  MemoryUsage of job (MB)
	26840  -  ResidentSetSize of job (KB)
...
006 (675085.000.000) 09/21 06:55:33 Image size of job updated: 4992160
	27  -  MemoryUsage of job (MB)
	26840  -  ResidentSetSize of job (KB)
...
006 (675085.000.000) 09/21 07:00:33 Image size of job updated: 5003616
	27  -  MemoryUsage of job (MB)
	26840  -  ResidentSetSize of job (KB)
...
006 (675085.000.000) 09/21 07:05:33 Image size of job updated: 5015536
	27  -  MemoryUsage of job (MB)
	26840  -  ResidentSetSize of job (KB)
...
006 (675085.000.000) 09/21 07:10:34 Image size of job updated: 5027912
	27  -  MemoryUsage of job (MB)
	26840  -  ResidentSetSize of job (KB)
...
006 (675085.000.000) 09/21 07:15:35 Image size of job updated: 5039516
	27  -  MemoryUsage of job (MB)
	26840  -  ResidentSetSize of job (KB)
...
006 (675085.000.000) 09/21 07:20:35 Image size of job updated: 5052448
	27  -  MemoryUsage of job (MB)
	26840  -  ResidentSetSize of job (KB)
...
006 (675085.000.000) 09/21 07:25:35 Image size of job updated: 5064784
	27  -  MemoryUsage of job (MB)
	26840  -  ResidentSetSize of job (KB)
...
006 (675085.000.000) 09/21 07:30:35 Image size of job updated: 5077244
	27  -  MemoryUsage of job (MB)
	26840  -  ResidentSetSize of job (KB)
...
006 (675085.000.000) 09/21 07:35:36 Image size of job updated: 5089464
	27  -  MemoryUsage of job (MB)
	26840  -  ResidentSetSize of job (KB)
...
006 (675085.000.000) 09/21 07:40:36 Image size of job updated: 5101960
	27  -  MemoryUsage of job (MB)
	26840  -  ResidentSetSize of job (KB)
...
006 (675085.000.000) 09/21 07:45:36 Image size of job updated: 5114328
	27  -  MemoryUsage of job (MB)
	26840  -  ResidentSetSize of job (KB)
...
006 (675085.000.000) 09/21 07:50:37 Image size of job updated: 5126260
	27  -  MemoryUsage of job (MB)
	26840  -  ResidentSetSize of job (KB)
...
006 (675085.000.000) 09/21 07:55:38 Image size of job updated: 5139172
	27  -  MemoryUsage of job (MB)
	26840  -  ResidentSetSize of job (KB)
...
006 (675085.000.000) 09/21 08:00:38 Image size of job updated: 5151560
	27  -  MemoryUsage of job (MB)
	26840  -  ResidentSetSize of job (KB)
...
006 (675085.000.000) 09/21 08:05:38 Image size of job updated: 5163952
	27  -  MemoryUsage of job (MB)
	26840  -  ResidentSetSize of job (KB)
...
006 (675085.000.000) 09/21 08:10:39 Image size of job updated: 5176416
	27  -  MemoryUsage of job (MB)
	26840  -  ResidentSetSize of job (KB)
...
006 (675085.000.000) 09/21 08:15:39 Image size of job updated: 5188892
	27  -  MemoryUsage of job (MB)
	26840  -  ResidentSetSize of job (KB)
...
006 (675085.000.000) 09/21 08:20:39 Image size of job updated: 5201340
	27  -  MemoryUsage of job (MB)
	26840  -  ResidentSetSize of job (KB)
...
006 (675085.000.000) 09/21 08:25:40 Image size of job updated: 5213932
	27  -  MemoryUsage of job (MB)
	26840  -  ResidentSetSize of job (KB)
...
006 (675085.000.000) 09/21 08:30:41 Image size of job updated: 5226608
	27  -  MemoryUsage of job (MB)
	26840  -  ResidentSetSize of job (KB)
...
006 (675085.000.000) 09/21 08:35:41 Image size of job updated: 5238948
	27  -  MemoryUsage of job (MB)
	26840  -  ResidentSetSize of job (KB)
...
006 (675085.000.000) 09/21 08:40:42 Image size of job updated: 5250576
	27  -  MemoryUsage of job (MB)
	26840  -  ResidentSetSize of job (KB)
...
006 (675085.000.000) 09/21 08:45:43 Image size of job updated: 5263004
	27  -  MemoryUsage of job (MB)
	26840  -  ResidentSetSize of job (KB)
...
006 (675085.000.000) 09/21 08:50:43 Image size of job updated: 5276016
	27  -  MemoryUsage of job (MB)
	26840  -  ResidentSetSize of job (KB)
...
006 (675085.000.000) 09/21 08:55:43 Image size of job updated: 5288456
	27  -  MemoryUsage of job (MB)
	26840  -  ResidentSetSize of job (KB)
...
006 (675085.000.000) 09/21 09:00:44 Image size of job updated: 5300848
	27  -  MemoryUsage of job (MB)
	26840  -  ResidentSetSize of job (KB)
...
006 (675085.000.000) 09/21 09:05:45 Image size of job updated: 5313476
	27  -  MemoryUsage of job (MB)
	26840  -  ResidentSetSize of job (KB)
...
006 (675085.000.000) 09/21 09:10:45 Image size of job updated: 5325924
	27  -  MemoryUsage of job (MB)
	26840  -  ResidentSetSize of job (KB)
...
006 (675085.000.000) 09/21 09:15:46 Image size of job updated: 5337552
	27  -  MemoryUsage of job (MB)
	26840  -  ResidentSetSize of job (KB)
...
006 (675085.000.000) 09/21 09:20:47 Image size of job updated: 5350656
	27  -  MemoryUsage of job (MB)
	26840  -  ResidentSetSize of job (KB)
...
006 (675085.000.000) 09/21 09:25:47 Image size of job updated: 5362644
	27  -  MemoryUsage of job (MB)
	26840  -  ResidentSetSize of job (KB)
...
006 (675085.000.000) 09/21 09:30:47 Image size of job updated: 5375128
	27  -  MemoryUsage of job (MB)
	26840  -  ResidentSetSize of job (KB)
...
006 (675085.000.000) 09/21 09:35:49 Image size of job updated: 5387952
	27  -  MemoryUsage of job (MB)
	26840  -  ResidentSetSize of job (KB)
...
013 (675085.000.000) 09/23 09:38:46 Job was released.
	via condor_release (by user condor)
...
001 (675085.000.000) 09/24 01:26:49 Job executing on host: <140.160.143.151:9618?addrs=140.160.143.151-9618&noUDP&sock=4465_23ab_3>
...
006 (675085.000.000) 09/24 01:36:58 Image size of job updated: 7500000
	28  -  MemoryUsage of job (MB)
	27796  -  ResidentSetSize of job (KB)
...
006 (675085.000.000) 09/24 01:41:59 Image size of job updated: 7500000
	41  -  MemoryUsage of job (MB)
	41064  -  ResidentSetSize of job (KB)
...
006 (675085.000.000) 09/24 01:47:00 Image size of job updated: 7500000
	53  -  MemoryUsage of job (MB)
	53516  -  ResidentSetSize of job (KB)
...
006 (675085.000.000) 09/24 01:52:00 Image size of job updated: 7500000
	65  -  MemoryUsage of job (MB)
	65704  -  ResidentSetSize of job (KB)
...
006 (675085.000.000) 09/24 01:57:01 Image size of job updated: 7500000
	77  -  MemoryUsage of job (MB)
	78432  -  ResidentSetSize of job (KB)
...
006 (675085.000.000) 09/24 02:02:02 Image size of job updated: 7500000
	89  -  MemoryUsage of job (MB)
	90208  -  ResidentSetSize of job (KB)
...
006 (675085.000.000) 09/24 02:07:02 Image size of job updated: 7500000
	102  -  MemoryUsage of job (MB)
	103440  -  ResidentSetSize of job (KB)
...
006 (675085.000.000) 09/24 02:12:02 Image size of job updated: 7500000
	114  -  MemoryUsage of job (MB)
	115812  -  ResidentSetSize of job (KB)
...
006 (675085.000.000) 09/24 02:17:03 Image size of job updated: 7500000
	126  -  MemoryUsage of job (MB)
	128024  -  ResidentSetSize of job (KB)
...
006 (675085.000.000) 09/24 02:22:04 Image size of job updated: 7500000
	138  -  MemoryUsage of job (MB)
	140380  -  ResidentSetSize of job (KB)
...
006 (675085.000.000) 09/24 02:27:04 Image size of job updated: 7500000
	148  -  MemoryUsage of job (MB)
	151388  -  ResidentSetSize of job (KB)
...
006 (675085.000.000) 09/24 02:32:04 Image size of job updated: 7500000
	162  -  MemoryUsage of job (MB)
	164912  -  ResidentSetSize of job (KB)
...
006 (675085.000.000) 09/24 02:37:05 Image size of job updated: 7500000
	173  -  MemoryUsage of job (MB)
	176936  -  ResidentSetSize of job (KB)
...
006 (675085.000.000) 09/24 02:42:05 Image size of job updated: 7500000
	185  -  MemoryUsage of job (MB)
	189436  -  ResidentSetSize of job (KB)
...
006 (675085.000.000) 09/24 02:47:05 Image size of job updated: 7500000
	197  -  MemoryUsage of job (MB)
	201628  -  ResidentSetSize of job (KB)
...
006 (675085.000.000) 09/24 02:52:06 Image size of job updated: 7500000
	210  -  MemoryUsage of job (MB)
	214220  -  ResidentSetSize of job (KB)
...
006 (675085.000.000) 09/24 02:57:07 Image size of job updated: 7500000
	222  -  MemoryUsage of job (MB)
	226340  -  ResidentSetSize of job (KB)
...
006 (675085.000.000) 09/24 03:02:07 Image size of job updated: 7500000
	233  -  MemoryUsage of job (MB)
	238504  -  ResidentSetSize of job (KB)
...
006 (675085.000.000) 09/24 03:07:08 Image size of job updated: 7500000
	246  -  MemoryUsage of job (MB)
	251212  -  ResidentSetSize of job (KB)
...
006 (675085.000.000) 09/24 03:12:09 Image size of job updated: 7500000
	258  -  MemoryUsage of job (MB)
	263476  -  ResidentSetSize of job (KB)
...
006 (675085.000.000) 09/24 03:17:09 Image size of job updated: 7500000
	269  -  MemoryUsage of job (MB)
	275268  -  ResidentSetSize of job (KB)
...
006 (675085.000.000) 09/24 03:22:09 Image size of job updated: 7500000
	281  -  MemoryUsage of job (MB)
	286848  -  ResidentSetSize of job (KB)
...
006 (675085.000.000) 09/24 03:27:10 Image size of job updated: 7500000
	293  -  MemoryUsage of job (MB)
	299380  -  ResidentSetSize of job (KB)
...
006 (675085.000.000) 09/24 03:32:11 Image size of job updated: 7500000
	306  -  MemoryUsage of job (MB)
	312620  -  ResidentSetSize of job (KB)
...
006 (675085.000.000) 09/24 03:37:11 Image size of job updated: 7500000
	318  -  MemoryUsage of job (MB)
	325632  -  ResidentSetSize of job (KB)
...
006 (675085.000.000) 09/24 03:42:12 Image size of job updated: 7500000
	330  -  MemoryUsage of job (MB)
	337752  -  ResidentSetSize of job (KB)
...
006 (675085.000.000) 09/24 03:47:13 Image size of job updated: 7500000
	342  -  MemoryUsage of job (MB)
	349948  -  ResidentSetSize of job (KB)
...
006 (675085.000.000) 09/24 03:52:13 Image size of job updated: 7500000
	354  -  MemoryUsage of job (MB)
	362300  -  ResidentSetSize of job (KB)
...
006 (675085.000.000) 09/24 03:57:13 Image size of job updated: 7500000
	366  -  MemoryUsage of job (MB)
	374540  -  ResidentSetSize of job (KB)
...
006 (675085.000.000) 09/24 04:02:14 Image size of job updated: 7500000
	378  -  MemoryUsage of job (MB)
	386800  -  ResidentSetSize of job (KB)
...
006 (675085.000.000) 09/24 04:07:14 Image size of job updated: 7500000
	390  -  MemoryUsage of job (MB)
	399116  -  ResidentSetSize of job (KB)
...
006 (675085.000.000) 09/24 04:12:14 Image size of job updated: 7500000
	403  -  MemoryUsage of job (MB)
	411848  -  ResidentSetSize of job (KB)
...
006 (675085.000.000) 09/24 04:17:15 Image size of job updated: 7500000
	414  -  MemoryUsage of job (MB)
	423848  -  ResidentSetSize of job (KB)
...
006 (675085.000.000) 09/24 04:22:16 Image size of job updated: 7500000
	427  -  MemoryUsage of job (MB)
	436660  -  ResidentSetSize of job (KB)
...
006 (675085.000.000) 09/24 04:27:16 Image size of job updated: 7500000
	439  -  MemoryUsage of job (MB)
	448820  -  ResidentSetSize of job (KB)
...
006 (675085.000.000) 09/24 04:32:16 Image size of job updated: 7500000
	450  -  MemoryUsage of job (MB)
	459912  -  ResidentSetSize of job (KB)
...
006 (675085.000.000) 09/24 04:37:17 Image size of job updated: 7500000
	463  -  MemoryUsage of job (MB)
	473628  -  ResidentSetSize of job (KB)
...
006 (675085.000.000) 09/24 04:42:18 Image size of job updated: 7500000
	475  -  MemoryUsage of job (MB)
	485884  -  ResidentSetSize of job (KB)
...
006 (675085.000.000) 09/24 04:47:18 Image size of job updated: 7500000
	487  -  MemoryUsage of job (MB)
	498324  -  ResidentSetSize of job (KB)
...
006 (675085.000.000) 09/24 04:52:19 Image size of job updated: 7500000
	498  -  MemoryUsage of job (MB)
	509400  -  ResidentSetSize of job (KB)
...
006 (675085.000.000) 09/24 04:57:20 Image size of job updated: 7500000
	511  -  MemoryUsage of job (MB)
	523000  -  ResidentSetSize of job (KB)
...
006 (675085.000.000) 09/24 05:02:20 Image size of job updated: 7500000
	523  -  MemoryUsage of job (MB)
	535232  -  ResidentSetSize of job (KB)
...
006 (675085.000.000) 09/24 05:07:20 Image size of job updated: 7500000
	534  -  MemoryUsage of job (MB)
	546648  -  ResidentSetSize of job (KB)
...
006 (675085.000.000) 09/24 05:12:21 Image size of job updated: 7500000
	547  -  MemoryUsage of job (MB)
	559968  -  ResidentSetSize of job (KB)
...
006 (675085.000.000) 09/24 05:17:22 Image size of job updated: 7500000
	559  -  MemoryUsage of job (MB)
	571792  -  ResidentSetSize of job (KB)
...
006 (675085.000.000) 09/24 05:22:22 Image size of job updated: 7500000
	572  -  MemoryUsage of job (MB)
	584772  -  ResidentSetSize of job (KB)
...
006 (675085.000.000) 09/24 05:27:23 Image size of job updated: 7500000
	584  -  MemoryUsage of job (MB)
	597400  -  ResidentSetSize of job (KB)
...
006 (675085.000.000) 09/24 05:32:24 Image size of job updated: 7500000
	596  -  MemoryUsage of job (MB)
	609536  -  ResidentSetSize of job (KB)
...
006 (675085.000.000) 09/24 05:37:24 Image size of job updated: 7500000
	608  -  MemoryUsage of job (MB)
	621708  -  ResidentSetSize of job (KB)
...
006 (675085.000.000) 09/24 05:42:24 Image size of job updated: 7500000
	620  -  MemoryUsage of job (MB)
	634048  -  ResidentSetSize of job (KB)
...
006 (675085.000.000) 09/24 05:47:25 Image size of job updated: 7500000
	632  -  MemoryUsage of job (MB)
	646272  -  ResidentSetSize of job (KB)
...
006 (675085.000.000) 09/24 05:52:25 Image size of job updated: 7500000
	644  -  MemoryUsage of job (MB)
	658628  -  ResidentSetSize of job (KB)
...
006 (675085.000.000) 09/24 05:57:25 Image size of job updated: 7500000
	656  -  MemoryUsage of job (MB)
	670780  -  ResidentSetSize of job (KB)
...
006 (675085.000.000) 09/24 06:02:26 Image size of job updated: 7500000
	668  -  MemoryUsage of job (MB)
	683280  -  ResidentSetSize of job (KB)
...
006 (675085.000.000) 09/24 06:07:27 Image size of job updated: 7500000
	680  -  MemoryUsage of job (MB)
	695472  -  ResidentSetSize of job (KB)
...
006 (675085.000.000) 09/24 06:12:28 Image size of job updated: 7500000
	692  -  MemoryUsage of job (MB)
	707748  -  ResidentSetSize of job (KB)
...
006 (675085.000.000) 09/24 06:17:28 Image size of job updated: 7500000
	704  -  MemoryUsage of job (MB)
	720004  -  ResidentSetSize of job (KB)
...
006 (675085.000.000) 09/24 06:22:28 Image size of job updated: 7500000
	715  -  MemoryUsage of job (MB)
	731636  -  ResidentSetSize of job (KB)
...
006 (675085.000.000) 09/24 06:27:29 Image size of job updated: 7500000
	727  -  MemoryUsage of job (MB)
	743856  -  ResidentSetSize of job (KB)
...
006 (675085.000.000) 09/24 06:32:30 Image size of job updated: 7500000
	740  -  MemoryUsage of job (MB)
	757236  -  ResidentSetSize of job (KB)
...
006 (675085.000.000) 09/24 06:37:30 Image size of job updated: 7500000
	752  -  MemoryUsage of job (MB)
	769344  -  ResidentSetSize of job (KB)
...
006 (675085.000.000) 09/24 06:42:30 Image size of job updated: 7500000
	763  -  MemoryUsage of job (MB)
	781220  -  ResidentSetSize of job (KB)
...
006 (675085.000.000) 09/24 06:47:32 Image size of job updated: 7500000
	777  -  MemoryUsage of job (MB)
	795000  -  ResidentSetSize of job (KB)
...
006 (675085.000.000) 09/24 06:52:32 Image size of job updated: 7500000
	788  -  MemoryUsage of job (MB)
	806204  -  ResidentSetSize of job (KB)
...
006 (675085.000.000) 09/24 06:57:32 Image size of job updated: 7500000
	801  -  MemoryUsage of job (MB)
	819372  -  ResidentSetSize of job (KB)
...
006 (675085.000.000) 09/24 07:02:33 Image size of job updated: 7500000
	813  -  MemoryUsage of job (MB)
	832408  -  ResidentSetSize of job (KB)
...
006 (675085.000.000) 09/24 07:07:34 Image size of job updated: 7500000
	825  -  MemoryUsage of job (MB)
	844596  -  ResidentSetSize of job (KB)
...
006 (675085.000.000) 09/24 07:12:34 Image size of job updated: 7500000
	837  -  MemoryUsage of job (MB)
	856984  -  ResidentSetSize of job (KB)
...
006 (675085.000.000) 09/24 07:17:34 Image size of job updated: 7500000
	849  -  MemoryUsage of job (MB)
	869216  -  ResidentSetSize of job (KB)
...
006 (675085.000.000) 09/24 07:22:35 Image size of job updated: 7500000
	862  -  MemoryUsage of job (MB)
	881840  -  ResidentSetSize of job (KB)
...
006 (675085.000.000) 09/24 07:27:35 Image size of job updated: 7500000
	874  -  MemoryUsage of job (MB)
	894076  -  ResidentSetSize of job (KB)
...
006 (675085.000.000) 09/24 07:32:35 Image size of job updated: 7500000
	885  -  MemoryUsage of job (MB)
	905452  -  ResidentSetSize of job (KB)
...
006 (675085.000.000) 09/24 07:37:36 Image size of job updated: 7500000
	897  -  MemoryUsage of job (MB)
	918376  -  ResidentSetSize of job (KB)
...
006 (675085.000.000) 09/24 07:42:37 Image size of job updated: 7500000
	910  -  MemoryUsage of job (MB)
	931296  -  ResidentSetSize of job (KB)
...
006 (675085.000.000) 09/24 07:47:37 Image size of job updated: 7500000
	922  -  MemoryUsage of job (MB)
	943868  -  ResidentSetSize of job (KB)
...
006 (675085.000.000) 09/24 07:52:37 Image size of job updated: 7500000
	934  -  MemoryUsage of job (MB)
	956000  -  ResidentSetSize of job (KB)
...
006 (675085.000.000) 09/24 07:57:38 Image size of job updated: 7500000
	946  -  MemoryUsage of job (MB)
	968100  -  ResidentSetSize of job (KB)
...
006 (675085.000.000) 09/24 08:02:38 Image size of job updated: 7500000
	958  -  MemoryUsage of job (MB)
	980188  -  ResidentSetSize of job (KB)
...
006 (675085.000.000) 09/24 08:07:38 Image size of job updated: 7500000
	970  -  MemoryUsage of job (MB)
	992576  -  ResidentSetSize of job (KB)
...
006 (675085.000.000) 09/24 08:12:39 Image size of job updated: 7500000
	982  -  MemoryUsage of job (MB)
	1004840  -  ResidentSetSize of job (KB)
...
006 (675085.000.000) 09/24 08:17:40 Image size of job updated: 7500000
	994  -  MemoryUsage of job (MB)
	1017580  -  ResidentSetSize of job (KB)
...
006 (675085.000.000) 09/24 08:22:40 Image size of job updated: 7500000
	1006  -  MemoryUsage of job (MB)
	1029720  -  ResidentSetSize of job (KB)
...
006 (675085.000.000) 09/24 08:27:40 Image size of job updated: 7500000
	1018  -  MemoryUsage of job (MB)
	1042008  -  ResidentSetSize of job (KB)
...
006 (675085.000.000) 09/24 08:32:41 Image size of job updated: 7500000
	1030  -  MemoryUsage of job (MB)
	1054640  -  ResidentSetSize of job (KB)
...
006 (675085.000.000) 09/24 08:37:41 Image size of job updated: 7500000
	1042  -  MemoryUsage of job (MB)
	1066856  -  ResidentSetSize of job (KB)
...
006 (675085.000.000) 09/24 08:42:41 Image size of job updated: 7500000
	1053  -  MemoryUsage of job (MB)
	1078164  -  ResidentSetSize of job (KB)
...
006 (675085.000.000) 09/24 08:47:42 Image size of job updated: 7500000
	1065  -  MemoryUsage of job (MB)
	1090368  -  ResidentSetSize of job (KB)
...
006 (675085.000.000) 09/24 08:52:42 Image size of job updated: 7500000
	1079  -  MemoryUsage of job (MB)
	1104024  -  ResidentSetSize of job (KB)
...
006 (675085.000.000) 09/24 08:57:43 Image size of job updated: 7500000
	1091  -  MemoryUsage of job (MB)
	1116960  -  ResidentSetSize of job (KB)
...
006 (675085.000.000) 09/24 09:02:43 Image size of job updated: 7500000
	1103  -  MemoryUsage of job (MB)
	1129148  -  ResidentSetSize of job (KB)
...
006 (675085.000.000) 09/24 09:07:43 Image size of job updated: 7500000
	1116  -  MemoryUsage of job (MB)
	1142180  -  ResidentSetSize of job (KB)
...
006 (675085.000.000) 09/24 09:12:44 Image size of job updated: 7500000
	1128  -  MemoryUsage of job (MB)
	1154428  -  ResidentSetSize of job (KB)
...
006 (675085.000.000) 09/24 09:17:45 Image size of job updated: 7500000
	1139  -  MemoryUsage of job (MB)
	1165992  -  ResidentSetSize of job (KB)
...
006 (675085.000.000) 09/24 09:22:45 Image size of job updated: 7500000
	1152  -  MemoryUsage of job (MB)
	1179160  -  ResidentSetSize of job (KB)
...
006 (675085.000.000) 09/24 09:27:46 Image size of job updated: 7500000
	1164  -  MemoryUsage of job (MB)
	1191716  -  ResidentSetSize of job (KB)
...
006 (675085.000.000) 09/24 09:32:47 Image size of job updated: 7500000
	1176  -  MemoryUsage of job (MB)
	1204008  -  ResidentSetSize of job (KB)
...
006 (675085.000.000) 09/24 09:37:47 Image size of job updated: 7500000
	1189  -  MemoryUsage of job (MB)
	1216684  -  ResidentSetSize of job (KB)
...
006 (675085.000.000) 09/24 09:42:47 Image size of job updated: 7500000
	1201  -  MemoryUsage of job (MB)
	1229084  -  ResidentSetSize of job (KB)
...
006 (675085.000.000) 09/24 09:47:48 Image size of job updated: 7500000
	1213  -  MemoryUsage of job (MB)
	1241556  -  ResidentSetSize of job (KB)
...
006 (675085.000.000) 09/24 09:52:49 Image size of job updated: 7500000
	1225  -  MemoryUsage of job (MB)
	1254232  -  ResidentSetSize of job (KB)
...
006 (675085.000.000) 09/24 09:57:49 Image size of job updated: 7500000
	1237  -  MemoryUsage of job (MB)
	1266540  -  ResidentSetSize of job (KB)
...
006 (675085.000.000) 09/24 10:02:50 Image size of job updated: 7500000
	1250  -  MemoryUsage of job (MB)
	1279124  -  ResidentSetSize of job (KB)
...
006 (675085.000.000) 09/24 10:07:51 Image size of job updated: 7500000
	1260  -  MemoryUsage of job (MB)
	1290220  -  ResidentSetSize of job (KB)
...
006 (675085.000.000) 09/24 10:12:51 Image size of job updated: 7500000
	1273  -  MemoryUsage of job (MB)
	1302808  -  ResidentSetSize of job (KB)
...
006 (675085.000.000) 09/24 10:17:52 Image size of job updated: 7500000
	1285  -  MemoryUsage of job (MB)
	1315336  -  ResidentSetSize of job (KB)
...
006 (675085.000.000) 09/24 10:22:53 Image size of job updated: 7500000
	1298  -  MemoryUsage of job (MB)
	1328552  -  ResidentSetSize of job (KB)
...
006 (675085.000.000) 09/24 10:27:53 Image size of job updated: 7500000
	1310  -  MemoryUsage of job (MB)
	1341008  -  ResidentSetSize of job (KB)
...
006 (675085.000.000) 09/24 10:32:54 Image size of job updated: 7500000
	1322  -  MemoryUsage of job (MB)
	1353564  -  ResidentSetSize of job (KB)
...
006 (675085.000.000) 09/24 10:37:55 Image size of job updated: 7500000
	1334  -  MemoryUsage of job (MB)
	1365776  -  ResidentSetSize of job (KB)
...
006 (675085.000.000) 09/24 10:42:55 Image size of job updated: 7500000
	1346  -  MemoryUsage of job (MB)
	1378080  -  ResidentSetSize of job (KB)
...
006 (675085.000.000) 09/24 10:47:55 Image size of job updated: 7500000
	1358  -  MemoryUsage of job (MB)
	1390528  -  ResidentSetSize of job (KB)
...
006 (675085.000.000) 09/24 10:52:56 Image size of job updated: 7500000
	1371  -  MemoryUsage of job (MB)
	1402900  -  ResidentSetSize of job (KB)
...
006 (675085.000.000) 09/24 10:57:57 Image size of job updated: 7500000
	1383  -  MemoryUsage of job (MB)
	1415196  -  ResidentSetSize of job (KB)
...
006 (675085.000.000) 09/24 11:02:57 Image size of job updated: 7500000
	1395  -  MemoryUsage of job (MB)
	1427576  -  ResidentSetSize of job (KB)
...
004 (675085.000.000) 09/24 11:06:54 Job was evicted.
	(0) Job was not checkpointed.
		Usr 0 15:16:11, Sys 0 04:02:05  -  Run Remote Usage
		Usr 0 00:00:00, Sys 0 00:00:00  -  Run Local Usage
	0  -  Run Bytes Sent By Job
	0  -  Run Bytes Received By Job
	Partitionable Resources :    Usage  Request Allocated 
	   Cpus                 :     1.99        2         2 
	   Disk (KB)            :   150         150     17583 
	   Memory (MB)          :  1395          27       128 
...
012 (675085.000.000) 09/24 11:06:55 Job was held.
	via condor_hold (by user condor)
	Code 1 Subcode 0
...
000 (294.000.000) 10/21 16:26:43 Job submitted from host: <140.160.143.131:9618?addrs=140.160.143.131-9618&noUDP&sock=2776_aefe_4>
...
