000 (674443.000.000) 09/14 14:18:51 Job submitted from host: <140.160.143.130:9618?addrs=140.160.143.130-9618&noUDP&sock=5591_da80_4>
...
009 (674443.000.000) 09/14 14:20:43 Job was aborted by the user.
	via condor_rm (by user scoggim)
...
000 (674587.000.000) 09/14 14:26:00 Job submitted from host: <140.160.143.130:9618?addrs=140.160.143.130-9618&noUDP&sock=5591_da80_4>
...
000 (674731.000.000) 09/14 14:26:41 Job submitted from host: <140.160.143.130:9618?addrs=140.160.143.130-9618&noUDP&sock=5591_da80_4>
...
000 (674875.000.000) 09/14 14:27:40 Job submitted from host: <140.160.143.130:9618?addrs=140.160.143.130-9618&noUDP&sock=5591_da80_4>
...
009 (674587.000.000) 09/14 14:46:32 Job was aborted by the user.
	via condor_rm (by user scoggim)
...
009 (674731.000.000) 09/14 14:46:33 Job was aborted by the user.
	via condor_rm (by user scoggim)
...
009 (674875.000.000) 09/14 14:46:33 Job was aborted by the user.
	via condor_rm (by user scoggim)
...
000 (675055.000.000) 09/14 22:20:26 Job submitted from host: <140.160.143.130:9618?addrs=140.160.143.130-9618&noUDP&sock=5591_da80_4>
...
001 (675055.000.000) 09/16 07:11:57 Job executing on host: <140.160.143.157:9618?addrs=140.160.143.157-9618&noUDP&sock=4484_2bf8_12>
...
006 (675055.000.000) 09/16 07:12:05 Image size of job updated: 2800
	3  -  MemoryUsage of job (MB)
	2468  -  ResidentSetSize of job (KB)
...
006 (675055.000.000) 09/16 07:17:05 Image size of job updated: 27864
	27  -  MemoryUsage of job (MB)
	27532  -  ResidentSetSize of job (KB)
...
006 (675055.000.000) 09/16 07:22:06 Image size of job updated: 52588
	52  -  MemoryUsage of job (MB)
	52256  -  ResidentSetSize of job (KB)
...
006 (675055.000.000) 09/16 07:27:07 Image size of job updated: 77232
	76  -  MemoryUsage of job (MB)
	76900  -  ResidentSetSize of job (KB)
...
006 (675055.000.000) 09/16 07:32:07 Image size of job updated: 101876
	100  -  MemoryUsage of job (MB)
	101544  -  ResidentSetSize of job (KB)
...
006 (675055.000.000) 09/16 07:37:08 Image size of job updated: 126588
	124  -  MemoryUsage of job (MB)
	126256  -  ResidentSetSize of job (KB)
...
006 (675055.000.000) 09/16 07:42:09 Image size of job updated: 151220
	148  -  MemoryUsage of job (MB)
	150888  -  ResidentSetSize of job (KB)
...
006 (675055.000.000) 09/16 07:47:09 Image size of job updated: 175860
	172  -  MemoryUsage of job (MB)
	175528  -  ResidentSetSize of job (KB)
...
006 (675055.000.000) 09/16 07:52:09 Image size of job updated: 200504
	196  -  MemoryUsage of job (MB)
	200172  -  ResidentSetSize of job (KB)
...
006 (675055.000.000) 09/16 07:57:10 Image size of job updated: 225224
	220  -  MemoryUsage of job (MB)
	224892  -  ResidentSetSize of job (KB)
...
006 (675055.000.000) 09/16 08:02:11 Image size of job updated: 249864
	244  -  MemoryUsage of job (MB)
	249532  -  ResidentSetSize of job (KB)
...
006 (675055.000.000) 09/16 08:07:11 Image size of job updated: 274508
	268  -  MemoryUsage of job (MB)
	274176  -  ResidentSetSize of job (KB)
...
006 (675055.000.000) 09/16 08:12:12 Image size of job updated: 299220
	292  -  MemoryUsage of job (MB)
	298888  -  ResidentSetSize of job (KB)
...
006 (675055.000.000) 09/16 08:17:13 Image size of job updated: 323852
	316  -  MemoryUsage of job (MB)
	323520  -  ResidentSetSize of job (KB)
...
006 (675055.000.000) 09/16 08:22:13 Image size of job updated: 348156
	340  -  MemoryUsage of job (MB)
	347824  -  ResidentSetSize of job (KB)
...
006 (675055.000.000) 09/16 08:27:13 Image size of job updated: 373120
	365  -  MemoryUsage of job (MB)
	372788  -  ResidentSetSize of job (KB)
...
006 (675055.000.000) 09/16 08:32:14 Image size of job updated: 397408
	388  -  MemoryUsage of job (MB)
	397076  -  ResidentSetSize of job (KB)
...
006 (675055.000.000) 09/16 08:37:15 Image size of job updated: 422464
	413  -  MemoryUsage of job (MB)
	422132  -  ResidentSetSize of job (KB)
...
006 (675055.000.000) 09/16 08:42:15 Image size of job updated: 447108
	437  -  MemoryUsage of job (MB)
	446776  -  ResidentSetSize of job (KB)
...
006 (675055.000.000) 09/16 08:47:16 Image size of job updated: 471412
	461  -  MemoryUsage of job (MB)
	471080  -  ResidentSetSize of job (KB)
...
006 (675055.000.000) 09/16 08:52:17 Image size of job updated: 496480
	485  -  MemoryUsage of job (MB)
	496148  -  ResidentSetSize of job (KB)
...
006 (675055.000.000) 09/16 08:57:17 Image size of job updated: 521132
	509  -  MemoryUsage of job (MB)
	520800  -  ResidentSetSize of job (KB)
...
006 (675055.000.000) 09/16 09:02:17 Image size of job updated: 545352
	533  -  MemoryUsage of job (MB)
	545020  -  ResidentSetSize of job (KB)
...
006 (675055.000.000) 09/16 09:07:18 Image size of job updated: 570500
	557  -  MemoryUsage of job (MB)
	570168  -  ResidentSetSize of job (KB)
...
006 (675055.000.000) 09/16 09:12:19 Image size of job updated: 595144
	581  -  MemoryUsage of job (MB)
	594812  -  ResidentSetSize of job (KB)
...
006 (675055.000.000) 09/16 09:17:19 Image size of job updated: 619784
	605  -  MemoryUsage of job (MB)
	619452  -  ResidentSetSize of job (KB)
...
006 (675055.000.000) 09/16 09:22:20 Image size of job updated: 644500
	630  -  MemoryUsage of job (MB)
	644168  -  ResidentSetSize of job (KB)
...
006 (675055.000.000) 09/16 09:27:21 Image size of job updated: 669144
	654  -  MemoryUsage of job (MB)
	668812  -  ResidentSetSize of job (KB)
...
006 (675055.000.000) 09/16 09:32:21 Image size of job updated: 693776
	678  -  MemoryUsage of job (MB)
	693444  -  ResidentSetSize of job (KB)
...
006 (675055.000.000) 09/16 09:37:21 Image size of job updated: 718412
	702  -  MemoryUsage of job (MB)
	718080  -  ResidentSetSize of job (KB)
...
006 (675055.000.000) 09/16 09:42:22 Image size of job updated: 742808
	726  -  MemoryUsage of job (MB)
	742476  -  ResidentSetSize of job (KB)
...
006 (675055.000.000) 09/16 09:47:23 Image size of job updated: 767768
	750  -  MemoryUsage of job (MB)
	767436  -  ResidentSetSize of job (KB)
...
006 (675055.000.000) 09/16 09:52:23 Image size of job updated: 792072
	774  -  MemoryUsage of job (MB)
	791740  -  ResidentSetSize of job (KB)
...
006 (675055.000.000) 09/16 09:57:24 Image size of job updated: 816792
	798  -  MemoryUsage of job (MB)
	816460  -  ResidentSetSize of job (KB)
...
006 (675055.000.000) 09/16 10:02:25 Image size of job updated: 841432
	822  -  MemoryUsage of job (MB)
	841100  -  ResidentSetSize of job (KB)
...
006 (675055.000.000) 09/16 10:07:25 Image size of job updated: 866404
	846  -  MemoryUsage of job (MB)
	866072  -  ResidentSetSize of job (KB)
...
006 (675055.000.000) 09/16 10:12:25 Image size of job updated: 890860
	870  -  MemoryUsage of job (MB)
	890528  -  ResidentSetSize of job (KB)
...
006 (675055.000.000) 09/16 10:17:26 Image size of job updated: 915316
	894  -  MemoryUsage of job (MB)
	914984  -  ResidentSetSize of job (KB)
...
006 (675055.000.000) 09/16 10:22:27 Image size of job updated: 939692
	918  -  MemoryUsage of job (MB)
	939360  -  ResidentSetSize of job (KB)
...
006 (675055.000.000) 09/16 10:27:27 Image size of job updated: 964084
	942  -  MemoryUsage of job (MB)
	963752  -  ResidentSetSize of job (KB)
...
006 (675055.000.000) 09/16 10:32:28 Image size of job updated: 988132
	965  -  MemoryUsage of job (MB)
	987800  -  ResidentSetSize of job (KB)
...
006 (675055.000.000) 09/16 10:37:29 Image size of job updated: 1012936
	989  -  MemoryUsage of job (MB)
	1012604  -  ResidentSetSize of job (KB)
...
006 (675055.000.000) 09/16 10:42:29 Image size of job updated: 1037300
	1013  -  MemoryUsage of job (MB)
	1036968  -  ResidentSetSize of job (KB)
...
006 (675055.000.000) 09/16 10:47:29 Image size of job updated: 1061664
	1037  -  MemoryUsage of job (MB)
	1061332  -  ResidentSetSize of job (KB)
...
006 (675055.000.000) 09/16 10:52:31 Image size of job updated: 1086112
	1061  -  MemoryUsage of job (MB)
	1085780  -  ResidentSetSize of job (KB)
...
006 (675055.000.000) 09/16 10:57:31 Image size of job updated: 1110476
	1085  -  MemoryUsage of job (MB)
	1110144  -  ResidentSetSize of job (KB)
...
006 (675055.000.000) 09/16 11:02:31 Image size of job updated: 1134508
	1108  -  MemoryUsage of job (MB)
	1134176  -  ResidentSetSize of job (KB)
...
006 (675055.000.000) 09/16 11:07:32 Image size of job updated: 1158952
	1132  -  MemoryUsage of job (MB)
	1158620  -  ResidentSetSize of job (KB)
...
006 (675055.000.000) 09/16 11:12:33 Image size of job updated: 1183656
	1156  -  MemoryUsage of job (MB)
	1183324  -  ResidentSetSize of job (KB)
...
006 (675055.000.000) 09/16 11:17:33 Image size of job updated: 1208020
	1180  -  MemoryUsage of job (MB)
	1207688  -  ResidentSetSize of job (KB)
...
006 (675055.000.000) 09/16 11:22:33 Image size of job updated: 1232052
	1203  -  MemoryUsage of job (MB)
	1231720  -  ResidentSetSize of job (KB)
...
006 (675055.000.000) 09/16 11:27:35 Image size of job updated: 1256836
	1228  -  MemoryUsage of job (MB)
	1256504  -  ResidentSetSize of job (KB)
...
006 (675055.000.000) 09/16 11:32:35 Image size of job updated: 1281208
	1251  -  MemoryUsage of job (MB)
	1280876  -  ResidentSetSize of job (KB)
...
006 (675055.000.000) 09/16 11:37:35 Image size of job updated: 1305344
	1275  -  MemoryUsage of job (MB)
	1305012  -  ResidentSetSize of job (KB)
...
006 (675055.000.000) 09/16 11:42:36 Image size of job updated: 1329448
	1298  -  MemoryUsage of job (MB)
	1329116  -  ResidentSetSize of job (KB)
...
006 (675055.000.000) 09/16 11:47:37 Image size of job updated: 1354324
	1323  -  MemoryUsage of job (MB)
	1353992  -  ResidentSetSize of job (KB)
...
006 (675055.000.000) 09/16 11:52:37 Image size of job updated: 1378784
	1347  -  MemoryUsage of job (MB)
	1378452  -  ResidentSetSize of job (KB)
...
006 (675055.000.000) 09/16 11:57:37 Image size of job updated: 1402992
	1370  -  MemoryUsage of job (MB)
	1402660  -  ResidentSetSize of job (KB)
...
006 (675055.000.000) 09/16 12:02:39 Image size of job updated: 1427764
	1394  -  MemoryUsage of job (MB)
	1427432  -  ResidentSetSize of job (KB)
...
006 (675055.000.000) 09/16 12:07:39 Image size of job updated: 1452276
	1418  -  MemoryUsage of job (MB)
	1451944  -  ResidentSetSize of job (KB)
...
006 (675055.000.000) 09/16 12:12:39 Image size of job updated: 1476308
	1442  -  MemoryUsage of job (MB)
	1475976  -  ResidentSetSize of job (KB)
...
006 (675055.000.000) 09/16 12:17:40 Image size of job updated: 1501276
	1466  -  MemoryUsage of job (MB)
	1500944  -  ResidentSetSize of job (KB)
...
006 (675055.000.000) 09/16 12:22:41 Image size of job updated: 1525736
	1490  -  MemoryUsage of job (MB)
	1525404  -  ResidentSetSize of job (KB)
...
006 (675055.000.000) 09/16 12:27:41 Image size of job updated: 1550192
	1514  -  MemoryUsage of job (MB)
	1549860  -  ResidentSetSize of job (KB)
...
006 (675055.000.000) 09/16 12:32:41 Image size of job updated: 1574232
	1538  -  MemoryUsage of job (MB)
	1573900  -  ResidentSetSize of job (KB)
...
006 (675055.000.000) 09/16 12:37:42 Image size of job updated: 1599196
	1562  -  MemoryUsage of job (MB)
	1598864  -  ResidentSetSize of job (KB)
...
006 (675055.000.000) 09/16 12:42:43 Image size of job updated: 1623564
	1586  -  MemoryUsage of job (MB)
	1623232  -  ResidentSetSize of job (KB)
...
006 (675055.000.000) 09/16 12:47:43 Image size of job updated: 1647904
	1609  -  MemoryUsage of job (MB)
	1647572  -  ResidentSetSize of job (KB)
...
006 (675055.000.000) 09/16 12:52:44 Image size of job updated: 1672460
	1633  -  MemoryUsage of job (MB)
	1672128  -  ResidentSetSize of job (KB)
...
006 (675055.000.000) 09/16 12:57:45 Image size of job updated: 1696836
	1657  -  MemoryUsage of job (MB)
	1696504  -  ResidentSetSize of job (KB)
...
006 (675055.000.000) 09/16 13:02:45 Image size of job updated: 1721208
	1681  -  MemoryUsage of job (MB)
	1720876  -  ResidentSetSize of job (KB)
...
006 (675055.000.000) 09/16 13:07:45 Image size of job updated: 1745592
	1705  -  MemoryUsage of job (MB)
	1745260  -  ResidentSetSize of job (KB)
...
006 (675055.000.000) 09/16 13:12:47 Image size of job updated: 1770048
	1729  -  MemoryUsage of job (MB)
	1769716  -  ResidentSetSize of job (KB)
...
006 (675055.000.000) 09/16 13:17:47 Image size of job updated: 1794416
	1753  -  MemoryUsage of job (MB)
	1794084  -  ResidentSetSize of job (KB)
...
006 (675055.000.000) 09/16 13:22:47 Image size of job updated: 1818780
	1776  -  MemoryUsage of job (MB)
	1818448  -  ResidentSetSize of job (KB)
...
006 (675055.000.000) 09/16 13:27:48 Image size of job updated: 1843220
	1800  -  MemoryUsage of job (MB)
	1842888  -  ResidentSetSize of job (KB)
...
006 (675055.000.000) 09/16 13:32:49 Image size of job updated: 1867264
	1824  -  MemoryUsage of job (MB)
	1866932  -  ResidentSetSize of job (KB)
...
006 (675055.000.000) 09/16 13:37:49 Image size of job updated: 1891980
	1848  -  MemoryUsage of job (MB)
	1891648  -  ResidentSetSize of job (KB)
...
006 (675055.000.000) 09/16 13:42:49 Image size of job updated: 1916356
	1872  -  MemoryUsage of job (MB)
	1916024  -  ResidentSetSize of job (KB)
...
006 (675055.000.000) 09/16 13:47:50 Image size of job updated: 1940736
	1895  -  MemoryUsage of job (MB)
	1940404  -  ResidentSetSize of job (KB)
...
006 (675055.000.000) 09/16 13:52:50 Image size of job updated: 1965108
	1919  -  MemoryUsage of job (MB)
	1964776  -  ResidentSetSize of job (KB)
...
006 (675055.000.000) 09/16 13:57:50 Image size of job updated: 1989480
	1943  -  MemoryUsage of job (MB)
	1989148  -  ResidentSetSize of job (KB)
...
006 (675055.000.000) 09/16 14:02:51 Image size of job updated: 2013944
	1967  -  MemoryUsage of job (MB)
	2013612  -  ResidentSetSize of job (KB)
...
006 (675055.000.000) 09/16 14:07:52 Image size of job updated: 2038316
	1991  -  MemoryUsage of job (MB)
	2037984  -  ResidentSetSize of job (KB)
...
006 (675055.000.000) 09/16 14:12:52 Image size of job updated: 2062696
	2015  -  MemoryUsage of job (MB)
	2062364  -  ResidentSetSize of job (KB)
...
006 (675055.000.000) 09/16 14:17:53 Image size of job updated: 2087152
	2038  -  MemoryUsage of job (MB)
	2086820  -  ResidentSetSize of job (KB)
...
006 (675055.000.000) 09/16 14:22:54 Image size of job updated: 2111532
	2062  -  MemoryUsage of job (MB)
	2111200  -  ResidentSetSize of job (KB)
...
006 (675055.000.000) 09/16 14:27:54 Image size of job updated: 2135912
	2086  -  MemoryUsage of job (MB)
	2135580  -  ResidentSetSize of job (KB)
...
006 (675055.000.000) 09/16 14:32:54 Image size of job updated: 2160304
	2110  -  MemoryUsage of job (MB)
	2159972  -  ResidentSetSize of job (KB)
...
006 (675055.000.000) 09/16 14:37:55 Image size of job updated: 2184428
	2133  -  MemoryUsage of job (MB)
	2184096  -  ResidentSetSize of job (KB)
...
006 (675055.000.000) 09/16 14:42:56 Image size of job updated: 2208804
	2157  -  MemoryUsage of job (MB)
	2208472  -  ResidentSetSize of job (KB)
...
006 (675055.000.000) 09/16 14:47:56 Image size of job updated: 2233508
	2181  -  MemoryUsage of job (MB)
	2233176  -  ResidentSetSize of job (KB)
...
006 (675055.000.000) 09/16 14:52:57 Image size of job updated: 2257972
	2205  -  MemoryUsage of job (MB)
	2257640  -  ResidentSetSize of job (KB)
...
006 (675055.000.000) 09/16 14:57:58 Image size of job updated: 2282344
	2229  -  MemoryUsage of job (MB)
	2282012  -  ResidentSetSize of job (KB)
...
006 (675055.000.000) 09/16 15:02:58 Image size of job updated: 2306724
	2253  -  MemoryUsage of job (MB)
	2306392  -  ResidentSetSize of job (KB)
...
006 (675055.000.000) 09/16 15:07:58 Image size of job updated: 2331108
	2277  -  MemoryUsage of job (MB)
	2330776  -  ResidentSetSize of job (KB)
...
006 (675055.000.000) 09/16 15:12:59 Image size of job updated: 2355556
	2301  -  MemoryUsage of job (MB)
	2355224  -  ResidentSetSize of job (KB)
...
006 (675055.000.000) 09/16 15:18:00 Image size of job updated: 2379936
	2324  -  MemoryUsage of job (MB)
	2379604  -  ResidentSetSize of job (KB)
...
006 (675055.000.000) 09/16 15:23:00 Image size of job updated: 2404312
	2348  -  MemoryUsage of job (MB)
	2403980  -  ResidentSetSize of job (KB)
...
006 (675055.000.000) 09/16 15:28:01 Image size of job updated: 2428772
	2372  -  MemoryUsage of job (MB)
	2428440  -  ResidentSetSize of job (KB)
...
006 (675055.000.000) 09/16 15:33:02 Image size of job updated: 2452812
	2395  -  MemoryUsage of job (MB)
	2452480  -  ResidentSetSize of job (KB)
...
006 (675055.000.000) 09/16 15:38:02 Image size of job updated: 2477512
	2420  -  MemoryUsage of job (MB)
	2477180  -  ResidentSetSize of job (KB)
...
006 (675055.000.000) 09/16 15:43:02 Image size of job updated: 2501892
	2443  -  MemoryUsage of job (MB)
	2501560  -  ResidentSetSize of job (KB)
...
006 (675055.000.000) 09/16 15:48:03 Image size of job updated: 2526340
	2467  -  MemoryUsage of job (MB)
	2526008  -  ResidentSetSize of job (KB)
...
006 (675055.000.000) 09/16 15:53:04 Image size of job updated: 2550708
	2491  -  MemoryUsage of job (MB)
	2550376  -  ResidentSetSize of job (KB)
...
006 (675055.000.000) 09/16 15:58:04 Image size of job updated: 2575092
	2515  -  MemoryUsage of job (MB)
	2574760  -  ResidentSetSize of job (KB)
...
006 (675055.000.000) 09/16 16:03:05 Image size of job updated: 2599548
	2539  -  MemoryUsage of job (MB)
	2599216  -  ResidentSetSize of job (KB)
...
006 (675055.000.000) 09/16 16:08:06 Image size of job updated: 2623924
	2563  -  MemoryUsage of job (MB)
	2623592  -  ResidentSetSize of job (KB)
...
006 (675055.000.000) 09/16 16:13:06 Image size of job updated: 2648296
	2586  -  MemoryUsage of job (MB)
	2647964  -  ResidentSetSize of job (KB)
...
006 (675055.000.000) 09/16 16:18:06 Image size of job updated: 2672340
	2610  -  MemoryUsage of job (MB)
	2672008  -  ResidentSetSize of job (KB)
...
006 (675055.000.000) 09/16 16:23:07 Image size of job updated: 2697120
	2634  -  MemoryUsage of job (MB)
	2696788  -  ResidentSetSize of job (KB)
...
006 (675055.000.000) 09/16 16:28:08 Image size of job updated: 2721492
	2658  -  MemoryUsage of job (MB)
	2721160  -  ResidentSetSize of job (KB)
...
006 (675055.000.000) 09/16 16:33:08 Image size of job updated: 2745864
	2682  -  MemoryUsage of job (MB)
	2745532  -  ResidentSetSize of job (KB)
...
006 (675055.000.000) 09/16 16:38:09 Image size of job updated: 2770312
	2706  -  MemoryUsage of job (MB)
	2769980  -  ResidentSetSize of job (KB)
...
006 (675055.000.000) 09/16 16:43:10 Image size of job updated: 2794684
	2729  -  MemoryUsage of job (MB)
	2794352  -  ResidentSetSize of job (KB)
...
006 (675055.000.000) 09/16 16:48:10 Image size of job updated: 2819048
	2753  -  MemoryUsage of job (MB)
	2818716  -  ResidentSetSize of job (KB)
...
006 (675055.000.000) 09/16 16:53:10 Image size of job updated: 2843372
	2777  -  MemoryUsage of job (MB)
	2843040  -  ResidentSetSize of job (KB)
...
006 (675055.000.000) 09/16 16:58:11 Image size of job updated: 2867816
	2801  -  MemoryUsage of job (MB)
	2867484  -  ResidentSetSize of job (KB)
...
006 (675055.000.000) 09/16 17:03:12 Image size of job updated: 2892188
	2825  -  MemoryUsage of job (MB)
	2891856  -  ResidentSetSize of job (KB)
...
006 (675055.000.000) 09/16 17:08:12 Image size of job updated: 2916556
	2848  -  MemoryUsage of job (MB)
	2916224  -  ResidentSetSize of job (KB)
...
006 (675055.000.000) 09/16 17:13:13 Image size of job updated: 2941004
	2872  -  MemoryUsage of job (MB)
	2940672  -  ResidentSetSize of job (KB)
...
006 (675055.000.000) 09/16 17:18:14 Image size of job updated: 2965372
	2896  -  MemoryUsage of job (MB)
	2965040  -  ResidentSetSize of job (KB)
...
006 (675055.000.000) 09/16 17:23:14 Image size of job updated: 2989736
	2920  -  MemoryUsage of job (MB)
	2989404  -  ResidentSetSize of job (KB)
...
006 (675055.000.000) 09/16 17:28:14 Image size of job updated: 3013764
	2943  -  MemoryUsage of job (MB)
	3013432  -  ResidentSetSize of job (KB)
...
006 (675055.000.000) 09/16 17:33:15 Image size of job updated: 3038552
	2968  -  MemoryUsage of job (MB)
	3038220  -  ResidentSetSize of job (KB)
...
006 (675055.000.000) 09/16 17:38:15 Image size of job updated: 3062992
	2991  -  MemoryUsage of job (MB)
	3062660  -  ResidentSetSize of job (KB)
...
006 (675055.000.000) 09/16 17:43:15 Image size of job updated: 3087408
	3015  -  MemoryUsage of job (MB)
	3087076  -  ResidentSetSize of job (KB)
...
006 (675055.000.000) 09/16 17:48:16 Image size of job updated: 3111952
	3039  -  MemoryUsage of job (MB)
	3111620  -  ResidentSetSize of job (KB)
...
006 (675055.000.000) 09/16 17:53:17 Image size of job updated: 3135208
	3062  -  MemoryUsage of job (MB)
	3134876  -  ResidentSetSize of job (KB)
...
006 (675055.000.000) 09/16 17:58:17 Image size of job updated: 3158928
	3085  -  MemoryUsage of job (MB)
	3158596  -  ResidentSetSize of job (KB)
...
006 (675055.000.000) 09/16 18:03:17 Image size of job updated: 3183072
	3109  -  MemoryUsage of job (MB)
	3182740  -  ResidentSetSize of job (KB)
...
006 (675055.000.000) 09/16 18:08:18 Image size of job updated: 3206796
	3132  -  MemoryUsage of job (MB)
	3206464  -  ResidentSetSize of job (KB)
...
006 (675055.000.000) 09/16 18:13:18 Image size of job updated: 3230188
	3155  -  MemoryUsage of job (MB)
	3229856  -  ResidentSetSize of job (KB)
...
006 (675055.000.000) 09/16 18:15:07 Image size of job updated: 3239012
	3155  -  MemoryUsage of job (MB)
	3230192  -  ResidentSetSize of job (KB)
...
005 (675055.000.000) 09/16 18:15:07 Job terminated.
	(1) Normal termination (return value 0)
		Usr 0 17:14:31, Sys 0 04:51:41  -  Run Remote Usage
		Usr 0 00:00:00, Sys 0 00:00:00  -  Run Local Usage
		Usr 0 17:14:31, Sys 0 04:51:41  -  Total Remote Usage
		Usr 0 00:00:00, Sys 0 00:00:00  -  Total Local Usage
	0  -  Run Bytes Sent By Job
	0  -  Run Bytes Received By Job
	0  -  Total Bytes Sent By Job
	0  -  Total Bytes Received By Job
	Partitionable Resources :    Usage  Request Allocated 
	   Cpus                 :     2.00        2         2 
	   Disk (KB)            :   150         150     18045 
	   Memory (MB)          :  3155           1       128 
...
000 (267.000.000) 10/21 16:26:41 Job submitted from host: <140.160.143.131:9618?addrs=140.160.143.131-9618&noUDP&sock=2776_aefe_4>
...
009 (267.000.000) 10/22 13:21:45 Job was aborted by the user.
	via condor_rm (by user scoggim)
...
000 (309.023.000) 10/22 13:32:35 Job submitted from host: <140.160.143.131:9618?addrs=140.160.143.131-9618&noUDP&sock=2776_aefe_4>
...
001 (309.023.000) 10/24 01:39:58 Job executing on host: <140.160.143.142:9618?addrs=140.160.143.142-9618&noUDP&sock=1418_3562_3>
...
006 (309.023.000) 10/24 01:40:07 Image size of job updated: 2276
	3  -  MemoryUsage of job (MB)
	2276  -  ResidentSetSize of job (KB)
...
006 (309.023.000) 10/24 02:00:09 Image size of job updated: 2292
	3  -  MemoryUsage of job (MB)
	2292  -  ResidentSetSize of job (KB)
...
006 (309.023.000) 10/24 02:10:11 Image size of job updated: 2304
	3  -  MemoryUsage of job (MB)
	2304  -  ResidentSetSize of job (KB)
...
006 (309.023.000) 10/24 02:35:13 Image size of job updated: 2316
	3  -  MemoryUsage of job (MB)
	2316  -  ResidentSetSize of job (KB)
...
006 (309.023.000) 10/24 03:15:18 Image size of job updated: 2344
	3  -  MemoryUsage of job (MB)
	2344  -  ResidentSetSize of job (KB)
...
006 (309.023.000) 10/24 03:45:20 Image size of job updated: 2344
	3  -  MemoryUsage of job (MB)
	2352  -  ResidentSetSize of job (KB)
...
006 (309.023.000) 10/24 04:10:23 Image size of job updated: 2360
	3  -  MemoryUsage of job (MB)
	2360  -  ResidentSetSize of job (KB)
...
006 (309.023.000) 10/24 04:25:25 Image size of job updated: 2380
	3  -  MemoryUsage of job (MB)
	2424  -  ResidentSetSize of job (KB)
...
005 (309.023.000) 10/24 04:46:53 Job terminated.
	(1) Normal termination (return value 0)
		Usr 0 05:08:28, Sys 0 01:05:20  -  Run Remote Usage
		Usr 0 00:00:00, Sys 0 00:00:00  -  Run Local Usage
		Usr 0 05:08:28, Sys 0 01:05:20  -  Total Remote Usage
		Usr 0 00:00:00, Sys 0 00:00:00  -  Total Local Usage
	0  -  Run Bytes Sent By Job
	0  -  Run Bytes Received By Job
	0  -  Total Bytes Sent By Job
	0  -  Total Bytes Received By Job
	Partitionable Resources :    Usage  Request Allocated 
	   Cpus                 :     2.00        2         2 
	   Disk (KB)            :   150         150    888011 
	   Memory (MB)          :     3       20480     20480 
...
000 (376.023.000) 10/24 18:01:12 Job submitted from host: <140.160.143.131:9618?addrs=140.160.143.131-9618&noUDP&sock=2776_aefe_4>
...
009 (376.023.000) 10/24 18:01:25 Job was aborted by the user.
	via condor_rm (by user scoggim)
...
000 (377.023.000) 10/24 18:02:23 Job submitted from host: <140.160.143.131:9618?addrs=140.160.143.131-9618&noUDP&sock=2776_aefe_4>
...
009 (377.023.000) 10/24 22:08:59 Job was aborted by the user.
	via condor_rm (by user scoggim)
...
000 (378.023.000) 10/24 22:09:10 Job submitted from host: <140.160.143.131:9618?addrs=140.160.143.131-9618&noUDP&sock=2776_aefe_4>
...
009 (378.023.000) 10/25 11:03:40 Job was aborted by the user.
	via condor_rm (by user scoggim)
...
000 (392.023.000) 10/25 11:03:48 Job submitted from host: <140.160.143.131:9618?addrs=140.160.143.131-9618&noUDP&sock=2776_aefe_4>
...
009 (392.023.000) 10/25 14:27:29 Job was aborted by the user.
	via condor_rm (by user scoggim)
...
000 (396.023.000) 10/25 14:27:34 Job submitted from host: <140.160.143.131:9618?addrs=140.160.143.131-9618&noUDP&sock=2776_aefe_4>
...
001 (396.023.000) 10/25 14:51:37 Job executing on host: <140.160.143.153:9618?addrs=140.160.143.153-9618&noUDP&sock=2977_8d88_3>
...
006 (396.023.000) 10/25 14:51:45 Image size of job updated: 3228
	3  -  MemoryUsage of job (MB)
	2288  -  ResidentSetSize of job (KB)
...
006 (396.023.000) 10/25 15:11:46 Image size of job updated: 3232
	3  -  MemoryUsage of job (MB)
	2288  -  ResidentSetSize of job (KB)
...
005 (396.023.000) 10/25 18:27:39 Job terminated.
	(1) Normal termination (return value 0)
		Usr 0 05:55:17, Sys 0 01:16:42  -  Run Remote Usage
		Usr 0 00:00:00, Sys 0 00:00:00  -  Run Local Usage
		Usr 0 05:55:17, Sys 0 01:16:42  -  Total Remote Usage
		Usr 0 00:00:00, Sys 0 00:00:00  -  Total Local Usage
	0  -  Run Bytes Sent By Job
	0  -  Run Bytes Received By Job
	0  -  Total Bytes Sent By Job
	0  -  Total Bytes Received By Job
	Partitionable Resources :    Usage  Request Allocated 
	   Cpus                 :     2.00        2         2 
	   Disk (KB)            :   150         150    876534 
	   Gpus                 :                           0 
	   Memory (MB)          :     3       20480     20480 
...
000 (418.023.000) 10/26 12:22:09 Job submitted from host: <140.160.143.131:9618?addrs=140.160.143.131-9618&noUDP&sock=2776_aefe_4>
...
001 (418.023.000) 10/26 12:22:11 Job executing on host: <140.160.143.143:9618?addrs=140.160.143.143-9618&noUDP&sock=1347_8228_3>
...
006 (418.023.000) 10/26 12:22:19 Image size of job updated: 2244
	3  -  MemoryUsage of job (MB)
	2244  -  ResidentSetSize of job (KB)
...
006 (418.023.000) 10/26 12:27:19 Image size of job updated: 2316
	3  -  MemoryUsage of job (MB)
	2316  -  ResidentSetSize of job (KB)
...
006 (418.023.000) 10/26 12:32:20 Image size of job updated: 2324
	3  -  MemoryUsage of job (MB)
	2324  -  ResidentSetSize of job (KB)
...
006 (418.023.000) 10/26 15:31:40 Image size of job updated: 145020
	3  -  MemoryUsage of job (MB)
	2324  -  ResidentSetSize of job (KB)
...
005 (418.023.000) 10/26 15:31:40 Job terminated.
	(1) Normal termination (return value 0)
		Usr 0 05:11:15, Sys 0 01:07:41  -  Run Remote Usage
		Usr 0 00:00:00, Sys 0 00:00:00  -  Run Local Usage
		Usr 0 05:11:15, Sys 0 01:07:41  -  Total Remote Usage
		Usr 0 00:00:00, Sys 0 00:00:00  -  Total Local Usage
	0  -  Run Bytes Sent By Job
	0  -  Run Bytes Received By Job
	0  -  Total Bytes Sent By Job
	0  -  Total Bytes Received By Job
	Partitionable Resources :    Usage  Request Allocated 
	   Cpus                 :     2.00        2         2 
	   Disk (KB)            :   150         150    888012 
	   Memory (MB)          :     3       20480     20480 
...
000 (419.023.000) 10/26 20:10:13 Job submitted from host: <140.160.143.131:9618?addrs=140.160.143.131-9618&noUDP&sock=2776_aefe_4>
...
001 (419.023.000) 10/26 20:10:14 Job executing on host: <140.160.143.143:9618?addrs=140.160.143.143-9618&noUDP&sock=1347_8228_3>
...
006 (419.023.000) 10/26 20:10:23 Image size of job updated: 2260
	3  -  MemoryUsage of job (MB)
	2260  -  ResidentSetSize of job (KB)
...
006 (419.023.000) 10/26 20:15:24 Image size of job updated: 2272
	3  -  MemoryUsage of job (MB)
	2272  -  ResidentSetSize of job (KB)
...
006 (419.023.000) 10/26 20:25:25 Image size of job updated: 2280
	3  -  MemoryUsage of job (MB)
	2280  -  ResidentSetSize of job (KB)
...
006 (419.023.000) 10/26 20:45:26 Image size of job updated: 2300
	3  -  MemoryUsage of job (MB)
	2300  -  ResidentSetSize of job (KB)
...
005 (419.023.000) 10/26 23:14:18 Job terminated.
	(1) Normal termination (return value 0)
		Usr 0 05:03:11, Sys 0 01:04:56  -  Run Remote Usage
		Usr 0 00:00:00, Sys 0 00:00:00  -  Run Local Usage
		Usr 0 05:03:11, Sys 0 01:04:56  -  Total Remote Usage
		Usr 0 00:00:00, Sys 0 00:00:00  -  Total Local Usage
	0  -  Run Bytes Sent By Job
	0  -  Run Bytes Received By Job
	0  -  Total Bytes Sent By Job
	0  -  Total Bytes Received By Job
	Partitionable Resources :    Usage  Request Allocated 
	   Cpus                 :     2.00        2         2 
	   Disk (KB)            :   150         150    888012 
	   Memory (MB)          :     3       20480     20480 
...
000 (420.023.000) 10/27 11:17:25 Job submitted from host: <140.160.143.131:9618?addrs=140.160.143.131-9618&noUDP&sock=2776_aefe_4>
...
001 (420.023.000) 10/27 11:17:45 Job executing on host: <140.160.143.143:9618?addrs=140.160.143.143-9618&noUDP&sock=1347_8228_3>
...
006 (420.023.000) 10/27 11:17:53 Image size of job updated: 2244
	3  -  MemoryUsage of job (MB)
	2244  -  ResidentSetSize of job (KB)
...
006 (420.023.000) 10/27 11:27:54 Image size of job updated: 2244
	3  -  MemoryUsage of job (MB)
	2252  -  ResidentSetSize of job (KB)
...
006 (420.023.000) 10/27 11:32:54 Image size of job updated: 2252
	3  -  MemoryUsage of job (MB)
	2252  -  ResidentSetSize of job (KB)
...
006 (420.023.000) 10/27 11:52:56 Image size of job updated: 2252
	3  -  MemoryUsage of job (MB)
	2284  -  ResidentSetSize of job (KB)
...
006 (420.023.000) 10/27 11:57:56 Image size of job updated: 2284
	3  -  MemoryUsage of job (MB)
	2284  -  ResidentSetSize of job (KB)
...
006 (420.023.000) 10/27 13:38:05 Image size of job updated: 2292
	3  -  MemoryUsage of job (MB)
	2292  -  ResidentSetSize of job (KB)
...
006 (420.023.000) 10/27 14:13:08 Image size of job updated: 2296
	3  -  MemoryUsage of job (MB)
	2296  -  ResidentSetSize of job (KB)
...
006 (420.023.000) 10/27 14:33:10 Image size of job updated: 2312
	3  -  MemoryUsage of job (MB)
	2312  -  ResidentSetSize of job (KB)
...
005 (420.023.000) 10/27 15:54:42 Job terminated.
	(1) Normal termination (return value 0)
		Usr 0 07:42:07, Sys 0 01:31:45  -  Run Remote Usage
		Usr 0 00:00:00, Sys 0 00:00:00  -  Run Local Usage
		Usr 0 07:42:07, Sys 0 01:31:45  -  Total Remote Usage
		Usr 0 00:00:00, Sys 0 00:00:00  -  Total Local Usage
	0  -  Run Bytes Sent By Job
	0  -  Run Bytes Received By Job
	0  -  Total Bytes Sent By Job
	0  -  Total Bytes Received By Job
	Partitionable Resources :    Usage  Request Allocated 
	   Cpus                 :     2.00        2         2 
	   Disk (KB)            :   150         150    888012 
	   Memory (MB)          :     3       20480     20480 
...
