000 (2059.144.000) 03/05 16:54:49 Job submitted from host: <140.160.143.131:9618?addrs=140.160.143.131-9618&noUDP&sock=1229063_9141_4>
...
009 (2059.144.000) 03/05 19:47:02 Job was aborted by the user.
	via condor_rm (by user scoggim)
...
000 (2115.004.000) 03/05 20:16:31 Job submitted from host: <140.160.143.131:9618?addrs=140.160.143.131-9618&noUDP&sock=1229063_9141_4>
...
009 (2115.004.000) 03/15 01:14:48 Job was aborted by the user.
	via condor_rm (by user scoggim)
...
000 (2131.144.000) 03/15 01:18:30 Job submitted from host: <140.160.143.131:9618?addrs=140.160.143.131-9618&noUDP&sock=1229063_9141_4>
...
001 (2131.144.000) 03/19 12:28:33 Job executing on host: <140.160.143.147:9618?addrs=140.160.143.147-9618&noUDP&sock=29188_1e64_3>
...
006 (2131.144.000) 03/19 12:28:41 Image size of job updated: 2484
	3  -  MemoryUsage of job (MB)
	2484  -  ResidentSetSize of job (KB)
...
006 (2131.144.000) 03/19 12:58:43 Image size of job updated: 2596
	3  -  MemoryUsage of job (MB)
	2596  -  ResidentSetSize of job (KB)
...
006 (2131.144.000) 03/19 17:51:14 Image size of job updated: 214728
	3  -  MemoryUsage of job (MB)
	2596  -  ResidentSetSize of job (KB)
...
005 (2131.144.000) 03/19 17:51:14 Job terminated.
	(1) Normal termination (return value 0)
		Usr 0 14:47:36, Sys 0 06:41:31  -  Run Remote Usage
		Usr 0 00:00:00, Sys 0 00:00:00  -  Run Local Usage
		Usr 0 14:47:36, Sys 0 06:41:31  -  Total Remote Usage
		Usr 0 00:00:00, Sys 0 00:00:00  -  Total Local Usage
	0  -  Run Bytes Sent By Job
	0  -  Run Bytes Received By Job
	0  -  Total Bytes Sent By Job
	0  -  Total Bytes Received By Job
	Partitionable Resources :    Usage  Request Allocated 
	   Cpus                 :     4.00        4         4 
	   Disk (KB)            :   175         175    197290 
	   Memory (MB)          :     3           1       128 
...
