000 (2061.020.000) 03/05 20:07:44 Job submitted from host: <140.160.143.131:9618?addrs=140.160.143.131-9618&noUDP&sock=1229063_9141_4>
...
009 (2061.020.000) 03/05 20:07:53 Job was aborted by the user.
	via condor_rm (by user scoggim)
...
000 (2076.006.000) 03/05 20:16:28 Job submitted from host: <140.160.143.131:9618?addrs=140.160.143.131-9618&noUDP&sock=1229063_9141_4>
...
001 (2076.006.000) 03/09 14:58:46 Job executing on host: <140.160.143.147:9618?addrs=140.160.143.147-9618&noUDP&sock=28833_9e45_3>
...
006 (2076.006.000) 03/09 14:58:55 Image size of job updated: 968
	1  -  MemoryUsage of job (MB)
	968  -  ResidentSetSize of job (KB)
...
006 (2076.006.000) 03/09 15:08:55 Image size of job updated: 972
	1  -  MemoryUsage of job (MB)
	972  -  ResidentSetSize of job (KB)
...
006 (2076.006.000) 03/09 15:36:17 Image size of job updated: 213148
	1  -  MemoryUsage of job (MB)
	972  -  ResidentSetSize of job (KB)
...
005 (2076.006.000) 03/09 15:36:17 Job terminated.
	(1) Normal termination (return value 0)
		Usr 0 01:35:40, Sys 0 00:54:09  -  Run Remote Usage
		Usr 0 00:00:00, Sys 0 00:00:00  -  Run Local Usage
		Usr 0 01:35:40, Sys 0 00:54:09  -  Total Remote Usage
		Usr 0 00:00:00, Sys 0 00:00:00  -  Total Local Usage
	0  -  Run Bytes Sent By Job
	0  -  Run Bytes Received By Job
	0  -  Total Bytes Sent By Job
	0  -  Total Bytes Received By Job
	Partitionable Resources :    Usage  Request Allocated 
	   Cpus                 :     4.00        4         4 
	   Disk (KB)            :   175         175    197501 
	   Memory (MB)          :     1           1       128 
...
000 (2134.069.000) 03/25 11:02:22 Job submitted from host: <140.160.143.131:9618?addrs=140.160.143.131-9618&noUDP&sock=3219958_f11d_13>
...
009 (2134.069.000) 03/25 11:05:05 Job was aborted by the user.
	via condor_rm (by user scoggim)
...
000 (2135.069.000) 03/25 11:05:14 Job submitted from host: <140.160.143.131:9618?addrs=140.160.143.131-9618&noUDP&sock=3219958_f11d_13>
...
001 (2135.069.000) 03/26 10:50:30 Job executing on host: <140.160.143.166:9618?addrs=140.160.143.166-9618&noUDP&sock=14230_2cc4_3>
...
006 (2135.069.000) 03/26 10:50:38 Image size of job updated: 4436
	5  -  MemoryUsage of job (MB)
	4436  -  ResidentSetSize of job (KB)
...
006 (2135.069.000) 03/26 11:30:41 Image size of job updated: 4660
	5  -  MemoryUsage of job (MB)
	4660  -  ResidentSetSize of job (KB)
...
006 (2135.069.000) 03/26 22:00:47 Image size of job updated: 216752
	5  -  MemoryUsage of job (MB)
	4660  -  ResidentSetSize of job (KB)
...
005 (2135.069.000) 03/26 22:00:47 Job terminated.
	(1) Normal termination (return value 0)
		Usr 1 05:47:19, Sys 0 14:53:45  -  Run Remote Usage
		Usr 0 00:00:00, Sys 0 00:00:00  -  Run Local Usage
		Usr 1 05:47:19, Sys 0 14:53:45  -  Total Remote Usage
		Usr 0 00:00:00, Sys 0 00:00:00  -  Total Local Usage
	0  -  Run Bytes Sent By Job
	0  -  Run Bytes Received By Job
	0  -  Total Bytes Sent By Job
	0  -  Total Bytes Received By Job
	Partitionable Resources :    Usage  Request Allocated 
	   Cpus                 :     4.00        4         4 
	   Disk (KB)            :   175         175    844602 
	   Memory (MB)          :     5           1       128 
...
