000 (674378.000.000) 09/14 14:18:49 Job submitted from host: <140.160.143.130:9618?addrs=140.160.143.130-9618&noUDP&sock=5591_da80_4>
...
009 (674378.000.000) 09/14 14:20:43 Job was aborted by the user.
	via condor_rm (by user scoggim)
...
000 (674522.000.000) 09/14 14:25:57 Job submitted from host: <140.160.143.130:9618?addrs=140.160.143.130-9618&noUDP&sock=5591_da80_4>
...
000 (674666.000.000) 09/14 14:26:39 Job submitted from host: <140.160.143.130:9618?addrs=140.160.143.130-9618&noUDP&sock=5591_da80_4>
...
000 (674810.000.000) 09/14 14:27:37 Job submitted from host: <140.160.143.130:9618?addrs=140.160.143.130-9618&noUDP&sock=5591_da80_4>
...
009 (674522.000.000) 09/14 14:46:32 Job was aborted by the user.
	via condor_rm (by user scoggim)
...
009 (674666.000.000) 09/14 14:46:33 Job was aborted by the user.
	via condor_rm (by user scoggim)
...
009 (674810.000.000) 09/14 14:46:33 Job was aborted by the user.
	via condor_rm (by user scoggim)
...
000 (674990.000.000) 09/14 22:20:24 Job submitted from host: <140.160.143.130:9618?addrs=140.160.143.130-9618&noUDP&sock=5591_da80_4>
...
001 (674990.000.000) 09/15 08:42:21 Job executing on host: <140.160.143.157:9618?addrs=140.160.143.157-9618&noUDP&sock=4484_2bf8_3>
...
006 (674990.000.000) 09/15 08:42:29 Image size of job updated: 4224
	3  -  MemoryUsage of job (MB)
	2792  -  ResidentSetSize of job (KB)
...
006 (674990.000.000) 09/15 08:47:29 Image size of job updated: 77408
	75  -  MemoryUsage of job (MB)
	75976  -  ResidentSetSize of job (KB)
...
006 (674990.000.000) 09/15 08:52:30 Image size of job updated: 141064
	137  -  MemoryUsage of job (MB)
	139632  -  ResidentSetSize of job (KB)
...
006 (674990.000.000) 09/15 08:57:30 Image size of job updated: 203916
	198  -  MemoryUsage of job (MB)
	202484  -  ResidentSetSize of job (KB)
...
006 (674990.000.000) 09/15 09:02:30 Image size of job updated: 269040
	262  -  MemoryUsage of job (MB)
	267608  -  ResidentSetSize of job (KB)
...
006 (674990.000.000) 09/15 09:07:31 Image size of job updated: 332856
	324  -  MemoryUsage of job (MB)
	331424  -  ResidentSetSize of job (KB)
...
006 (674990.000.000) 09/15 09:12:32 Image size of job updated: 347340
	338  -  MemoryUsage of job (MB)
	345908  -  ResidentSetSize of job (KB)
...
006 (674990.000.000) 09/15 10:58:38 Image size of job updated: 1604300
	338  -  MemoryUsage of job (MB)
	345908  -  ResidentSetSize of job (KB)
...
005 (674990.000.000) 09/15 10:58:38 Job terminated.
	(1) Normal termination (return value 0)
		Usr 0 00:32:44, Sys 0 00:14:00  -  Run Remote Usage
		Usr 0 00:00:00, Sys 0 00:00:00  -  Run Local Usage
		Usr 0 00:32:44, Sys 0 00:14:00  -  Total Remote Usage
		Usr 0 00:00:00, Sys 0 00:00:00  -  Total Local Usage
	0  -  Run Bytes Sent By Job
	0  -  Run Bytes Received By Job
	0  -  Total Bytes Sent By Job
	0  -  Total Bytes Received By Job
	Partitionable Resources :    Usage  Request Allocated 
	   Cpus                 :     1.97        2         2 
	   Disk (KB)            :   150         150     17610 
	   Memory (MB)          :   338           1       128 
...
