000 (2267.828.000) 04/28 23:44:32 Job submitted from host: <140.160.143.131:9618?addrs=140.160.143.131-9618&noUDP&sock=3131910_565e_30>
...
000 (2268.828.000) 04/28 23:46:21 Job submitted from host: <140.160.143.131:9618?addrs=140.160.143.131-9618&noUDP&sock=3131910_565e_30>
...
001 (2267.828.000) 05/03 19:20:34 Job executing on host: <140.160.143.142:9618?addrs=140.160.143.142-9618&noUDP&sock=8883_93de_3>
...
006 (2267.828.000) 05/03 19:20:43 Image size of job updated: 2664
	3  -  MemoryUsage of job (MB)
	2664  -  ResidentSetSize of job (KB)
...
005 (2267.828.000) 05/05 03:51:24 Job terminated.
	(1) Normal termination (return value 0)
		Usr 3 02:31:51, Sys 2 07:23:36  -  Run Remote Usage
		Usr 0 00:00:00, Sys 0 00:00:00  -  Run Local Usage
		Usr 3 02:31:51, Sys 2 07:23:36  -  Total Remote Usage
		Usr 0 00:00:00, Sys 0 00:00:00  -  Total Local Usage
	0  -  Run Bytes Sent By Job
	0  -  Run Bytes Received By Job
	0  -  Total Bytes Sent By Job
	0  -  Total Bytes Received By Job
	Partitionable Resources :    Usage  Request Allocated 
	   Cpus                 :     4.00        4         4 
	   Disk (KB)            :   175         175    881178 
	   Memory (MB)          :     3           1       128 
...
009 (2268.828.000) 05/11 09:58:42 Job was aborted by the user.
	via condor_rm (by user scoggim)
...
000 (2400.152.000) 05/11 12:37:09 Job submitted from host: <140.160.143.131:9618?addrs=140.160.143.131-9618&noUDP&sock=3131910_565e_30>
...
001 (2400.152.000) 05/11 17:32:53 Job executing on host: <140.160.143.142:9618?addrs=140.160.143.142-9618&noUDP&sock=8883_93de_3>
...
006 (2400.152.000) 05/11 17:33:01 Image size of job updated: 2048
	2  -  MemoryUsage of job (MB)
	2048  -  ResidentSetSize of job (KB)
...
006 (2400.152.000) 05/11 17:58:02 Image size of job updated: 2052
	3  -  MemoryUsage of job (MB)
	2052  -  ResidentSetSize of job (KB)
...
005 (2400.152.000) 05/15 05:18:10 Job terminated.
	(1) Normal termination (return value 0)
		Usr 3 11:39:33, Sys 0 00:00:06  -  Run Remote Usage
		Usr 0 00:00:00, Sys 0 00:00:00  -  Run Local Usage
		Usr 3 11:39:33, Sys 0 00:00:06  -  Total Remote Usage
		Usr 0 00:00:00, Sys 0 00:00:00  -  Total Local Usage
	0  -  Run Bytes Sent By Job
	0  -  Run Bytes Received By Job
	0  -  Total Bytes Sent By Job
	0  -  Total Bytes Received By Job
	Partitionable Resources :    Usage  Request Allocated 
	   Cpus                 :     1.00        1         1 
	   Disk (KB)            :   175         175    881178 
	   Memory (MB)          :     3           1       128 
...
000 (2511.828.000) 05/27 15:03:34 Job submitted from host: <140.160.143.131:9618?addrs=140.160.143.131-9618&noUDP&sock=3131910_565e_30>
...
001 (2511.828.000) 05/28 08:24:26 Job executing on host: <140.160.143.161:9618?addrs=140.160.143.161-9618&noUDP&sock=14147_3e68_3>
...
006 (2511.828.000) 05/28 08:24:35 Image size of job updated: 36616
	36  -  MemoryUsage of job (MB)
	36616  -  ResidentSetSize of job (KB)
...
006 (2511.828.000) 05/28 09:29:40 Image size of job updated: 41516
	41  -  MemoryUsage of job (MB)
	41516  -  ResidentSetSize of job (KB)
...
006 (2511.828.000) 05/31 13:14:20 Image size of job updated: 145796
	41  -  MemoryUsage of job (MB)
	41516  -  ResidentSetSize of job (KB)
...
004 (2511.828.000) 05/31 13:14:20 Job was evicted.
	(0) Job was not checkpointed.
		Usr 3 04:49:50, Sys 0 00:00:02  -  Run Remote Usage
		Usr 0 00:00:00, Sys 0 00:00:00  -  Run Local Usage
	0  -  Run Bytes Sent By Job
	0  -  Run Bytes Received By Job
	Partitionable Resources :    Usage  Request Allocated 
	   Cpus                 :     1.00        1         1 
	   Disk (KB)            :   175         175    844246 
	   Memory (MB)          :    41           1       128 
...
009 (2511.828.000) 05/31 13:14:20 Job was aborted by the user.
	via condor_rm (by user scoggim)
...
000 (2516.152.000) 06/02 11:26:46 Job submitted from host: <140.160.143.131:9618?addrs=140.160.143.131-9618&noUDP&sock=3131910_565e_30>
...
001 (2516.152.000) 06/02 16:00:15 Job executing on host: <140.160.143.145:9618?addrs=140.160.143.145-9618&noUDP&sock=29321_587d_3>
...
006 (2516.152.000) 06/02 16:00:23 Image size of job updated: 62180
	61  -  MemoryUsage of job (MB)
	62180  -  ResidentSetSize of job (KB)
...
006 (2516.152.000) 06/03 01:05:55 Image size of job updated: 145796
	61  -  MemoryUsage of job (MB)
	62180  -  ResidentSetSize of job (KB)
...
004 (2516.152.000) 06/03 01:05:55 Job was evicted.
	(0) Job was not checkpointed.
		Usr 0 09:04:52, Sys 0 00:00:01  -  Run Remote Usage
		Usr 0 00:00:00, Sys 0 00:00:00  -  Run Local Usage
	0  -  Run Bytes Sent By Job
	0  -  Run Bytes Received By Job
	Partitionable Resources :    Usage  Request Allocated 
	   Cpus                 :     1.00        1         1 
	   Disk (KB)            :   175         175    881005 
	   Memory (MB)          :    61           1       128 
...
009 (2516.152.000) 06/03 01:05:55 Job was aborted by the user.
	via condor_rm (by user scoggim)
...
000 (2523.152.000) 06/03 01:09:45 Job submitted from host: <140.160.143.131:9618?addrs=140.160.143.131-9618&noUDP&sock=3131910_565e_30>
...
009 (2523.152.000) 06/03 01:12:02 Job was aborted by the user.
	via condor_rm (by user scoggim)
...
000 (2524.152.000) 06/03 01:12:07 Job submitted from host: <140.160.143.131:9618?addrs=140.160.143.131-9618&noUDP&sock=3131910_565e_30>
...
009 (2524.152.000) 06/03 11:11:23 Job was aborted by the user.
	via condor_rm (by user scoggim)
...
000 (2525.152.000) 06/03 11:11:41 Job submitted from host: <140.160.143.131:9618?addrs=140.160.143.131-9618&noUDP&sock=3131910_565e_30>
...
001 (2525.152.000) 06/05 15:55:34 Job executing on host: <140.160.143.144:9618?addrs=140.160.143.144-9618&noUDP&sock=16727_e8c0_3>
...
006 (2525.152.000) 06/05 15:55:42 Image size of job updated: 62096
	61  -  MemoryUsage of job (MB)
	62096  -  ResidentSetSize of job (KB)
...
006 (2525.152.000) 06/08 03:28:58 Image size of job updated: 145788
	61  -  MemoryUsage of job (MB)
	62096  -  ResidentSetSize of job (KB)
...
005 (2525.152.000) 06/08 03:28:58 Job terminated.
	(1) Normal termination (return value 0)
		Usr 2 11:25:53, Sys 0 00:00:05  -  Run Remote Usage
		Usr 0 00:00:00, Sys 0 00:00:00  -  Run Local Usage
		Usr 2 11:25:53, Sys 0 00:00:05  -  Total Remote Usage
		Usr 0 00:00:00, Sys 0 00:00:00  -  Total Local Usage
	0  -  Run Bytes Sent By Job
	0  -  Run Bytes Received By Job
	0  -  Total Bytes Sent By Job
	0  -  Total Bytes Received By Job
	Partitionable Resources :    Usage  Request Allocated 
	   Cpus                 :     1.00        1         1 
	   Disk (KB)            :   175         175    881004 
	   Memory (MB)          :    61           1       128 
...
