000 (2059.136.000) 03/05 16:54:49 Job submitted from host: <140.160.143.131:9618?addrs=140.160.143.131-9618&noUDP&sock=1229063_9141_4>
...
009 (2059.136.000) 03/05 19:47:01 Job was aborted by the user.
	via condor_rm (by user scoggim)
...
000 (2114.003.000) 03/05 20:16:31 Job submitted from host: <140.160.143.131:9618?addrs=140.160.143.131-9618&noUDP&sock=1229063_9141_4>
...
009 (2114.003.000) 03/15 01:14:48 Job was aborted by the user.
	via condor_rm (by user scoggim)
...
000 (2131.136.000) 03/15 01:18:30 Job submitted from host: <140.160.143.131:9618?addrs=140.160.143.131-9618&noUDP&sock=1229063_9141_4>
...
001 (2131.136.000) 03/19 10:40:32 Job executing on host: <140.160.143.144:9618?addrs=140.160.143.144-9618&noUDP&sock=31192_b22f_3>
...
006 (2131.136.000) 03/19 10:40:40 Image size of job updated: 6332
	3  -  MemoryUsage of job (MB)
	2496  -  ResidentSetSize of job (KB)
...
006 (2131.136.000) 03/19 10:45:40 Image size of job updated: 6360
	3  -  MemoryUsage of job (MB)
	2496  -  ResidentSetSize of job (KB)
...
006 (2131.136.000) 03/19 11:10:44 Image size of job updated: 6476
	3  -  MemoryUsage of job (MB)
	2608  -  ResidentSetSize of job (KB)
...
005 (2131.136.000) 03/19 17:00:21 Job terminated.
	(1) Normal termination (return value 0)
		Usr 0 17:28:34, Sys 0 07:46:07  -  Run Remote Usage
		Usr 0 00:00:00, Sys 0 00:00:00  -  Run Local Usage
		Usr 0 17:28:34, Sys 0 07:46:07  -  Total Remote Usage
		Usr 0 00:00:00, Sys 0 00:00:00  -  Total Local Usage
	0  -  Run Bytes Sent By Job
	0  -  Run Bytes Received By Job
	0  -  Total Bytes Sent By Job
	0  -  Total Bytes Received By Job
	Partitionable Resources :    Usage  Request Allocated 
	   Cpus                 :     4.00        4         4 
	   Disk (KB)            :   175         175    881579 
	   Memory (MB)          :     3           1       128 
...
