000 (674388.000.000) 09/14 14:18:49 Job submitted from host: <140.160.143.130:9618?addrs=140.160.143.130-9618&noUDP&sock=5591_da80_4>
...
009 (674388.000.000) 09/14 14:20:43 Job was aborted by the user.
	via condor_rm (by user scoggim)
...
000 (674532.000.000) 09/14 14:25:57 Job submitted from host: <140.160.143.130:9618?addrs=140.160.143.130-9618&noUDP&sock=5591_da80_4>
...
000 (674676.000.000) 09/14 14:26:39 Job submitted from host: <140.160.143.130:9618?addrs=140.160.143.130-9618&noUDP&sock=5591_da80_4>
...
000 (674820.000.000) 09/14 14:27:38 Job submitted from host: <140.160.143.130:9618?addrs=140.160.143.130-9618&noUDP&sock=5591_da80_4>
...
009 (674820.000.000) 09/14 14:46:33 Job was aborted by the user.
	via condor_rm (by user scoggim)
...
009 (674532.000.000) 09/14 14:46:33 Job was aborted by the user.
	via condor_rm (by user scoggim)
...
009 (674676.000.000) 09/14 14:46:33 Job was aborted by the user.
	via condor_rm (by user scoggim)
...
000 (675000.000.000) 09/14 22:20:24 Job submitted from host: <140.160.143.130:9618?addrs=140.160.143.130-9618&noUDP&sock=5591_da80_4>
...
001 (675000.000.000) 09/15 10:39:43 Job executing on host: <140.160.143.156:9618?addrs=140.160.143.156-9618&noUDP&sock=4471_a06d_3>
...
006 (675000.000.000) 09/15 10:39:52 Image size of job updated: 2900
	3  -  MemoryUsage of job (MB)
	2900  -  ResidentSetSize of job (KB)
...
006 (675000.000.000) 09/15 10:44:53 Image size of job updated: 65556
	65  -  MemoryUsage of job (MB)
	65556  -  ResidentSetSize of job (KB)
...
006 (675000.000.000) 09/15 10:49:53 Image size of job updated: 127864
	125  -  MemoryUsage of job (MB)
	127864  -  ResidentSetSize of job (KB)
...
006 (675000.000.000) 09/15 10:54:53 Image size of job updated: 187576
	184  -  MemoryUsage of job (MB)
	187576  -  ResidentSetSize of job (KB)
...
006 (675000.000.000) 09/15 10:59:54 Image size of job updated: 249284
	244  -  MemoryUsage of job (MB)
	249284  -  ResidentSetSize of job (KB)
...
006 (675000.000.000) 09/15 11:04:54 Image size of job updated: 310352
	304  -  MemoryUsage of job (MB)
	310352  -  ResidentSetSize of job (KB)
...
006 (675000.000.000) 09/15 11:09:54 Image size of job updated: 355780
	348  -  MemoryUsage of job (MB)
	355780  -  ResidentSetSize of job (KB)
...
006 (675000.000.000) 09/15 17:30:32 Image size of job updated: 6047960
	348  -  MemoryUsage of job (MB)
	355780  -  ResidentSetSize of job (KB)
...
006 (675000.000.000) 09/15 17:35:32 Image size of job updated: 6120256
	348  -  MemoryUsage of job (MB)
	355780  -  ResidentSetSize of job (KB)
...
006 (675000.000.000) 09/15 17:40:33 Image size of job updated: 6192916
	348  -  MemoryUsage of job (MB)
	355780  -  ResidentSetSize of job (KB)
...
006 (675000.000.000) 09/15 17:45:33 Image size of job updated: 6266108
	348  -  MemoryUsage of job (MB)
	355780  -  ResidentSetSize of job (KB)
...
006 (675000.000.000) 09/15 17:50:33 Image size of job updated: 6338404
	348  -  MemoryUsage of job (MB)
	355780  -  ResidentSetSize of job (KB)
...
006 (675000.000.000) 09/15 17:55:35 Image size of job updated: 6410504
	348  -  MemoryUsage of job (MB)
	355780  -  ResidentSetSize of job (KB)
...
006 (675000.000.000) 09/15 18:00:35 Image size of job updated: 6484844
	348  -  MemoryUsage of job (MB)
	355780  -  ResidentSetSize of job (KB)
...
006 (675000.000.000) 09/15 18:05:35 Image size of job updated: 6557308
	348  -  MemoryUsage of job (MB)
	355780  -  ResidentSetSize of job (KB)
...
006 (675000.000.000) 09/15 18:10:36 Image size of job updated: 6627672
	348  -  MemoryUsage of job (MB)
	355780  -  ResidentSetSize of job (KB)
...
006 (675000.000.000) 09/15 18:15:36 Image size of job updated: 6701144
	348  -  MemoryUsage of job (MB)
	355780  -  ResidentSetSize of job (KB)
...
006 (675000.000.000) 09/15 18:20:36 Image size of job updated: 6774140
	348  -  MemoryUsage of job (MB)
	355780  -  ResidentSetSize of job (KB)
...
006 (675000.000.000) 09/15 18:25:37 Image size of job updated: 6847108
	348  -  MemoryUsage of job (MB)
	355780  -  ResidentSetSize of job (KB)
...
006 (675000.000.000) 09/15 18:30:37 Image size of job updated: 6918900
	348  -  MemoryUsage of job (MB)
	355780  -  ResidentSetSize of job (KB)
...
006 (675000.000.000) 09/15 18:35:37 Image size of job updated: 6991000
	348  -  MemoryUsage of job (MB)
	355780  -  ResidentSetSize of job (KB)
...
006 (675000.000.000) 09/15 18:40:38 Image size of job updated: 7062372
	348  -  MemoryUsage of job (MB)
	355780  -  ResidentSetSize of job (KB)
...
006 (675000.000.000) 09/15 18:45:38 Image size of job updated: 7133912
	348  -  MemoryUsage of job (MB)
	355780  -  ResidentSetSize of job (KB)
...
006 (675000.000.000) 09/15 18:50:40 Image size of job updated: 7206376
	348  -  MemoryUsage of job (MB)
	355780  -  ResidentSetSize of job (KB)
...
006 (675000.000.000) 09/15 18:55:40 Image size of job updated: 7278868
	348  -  MemoryUsage of job (MB)
	355780  -  ResidentSetSize of job (KB)
...
006 (675000.000.000) 09/15 19:00:40 Image size of job updated: 7351024
	348  -  MemoryUsage of job (MB)
	355780  -  ResidentSetSize of job (KB)
...
006 (675000.000.000) 09/15 19:05:41 Image size of job updated: 7424524
	348  -  MemoryUsage of job (MB)
	355780  -  ResidentSetSize of job (KB)
...
006 (675000.000.000) 09/15 19:10:41 Image size of job updated: 7496960
	348  -  MemoryUsage of job (MB)
	355780  -  ResidentSetSize of job (KB)
...
006 (675000.000.000) 09/15 19:15:41 Image size of job updated: 7570264
	348  -  MemoryUsage of job (MB)
	355780  -  ResidentSetSize of job (KB)
...
006 (675000.000.000) 09/15 19:20:42 Image size of job updated: 7641832
	348  -  MemoryUsage of job (MB)
	355780  -  ResidentSetSize of job (KB)
...
006 (675000.000.000) 09/15 19:25:43 Image size of job updated: 7713288
	348  -  MemoryUsage of job (MB)
	355780  -  ResidentSetSize of job (KB)
...
006 (675000.000.000) 09/15 19:30:43 Image size of job updated: 7784912
	348  -  MemoryUsage of job (MB)
	355780  -  ResidentSetSize of job (KB)
...
006 (675000.000.000) 09/15 19:35:44 Image size of job updated: 7856928
	348  -  MemoryUsage of job (MB)
	355780  -  ResidentSetSize of job (KB)
...
006 (675000.000.000) 09/15 19:40:45 Image size of job updated: 7928664
	348  -  MemoryUsage of job (MB)
	355780  -  ResidentSetSize of job (KB)
...
006 (675000.000.000) 09/15 19:45:45 Image size of job updated: 8000288
	348  -  MemoryUsage of job (MB)
	355780  -  ResidentSetSize of job (KB)
...
006 (675000.000.000) 09/15 19:50:45 Image size of job updated: 8073284
	348  -  MemoryUsage of job (MB)
	355780  -  ResidentSetSize of job (KB)
...
006 (675000.000.000) 09/15 19:55:46 Image size of job updated: 8145972
	348  -  MemoryUsage of job (MB)
	355780  -  ResidentSetSize of job (KB)
...
006 (675000.000.000) 09/15 20:00:47 Image size of job updated: 8219248
	348  -  MemoryUsage of job (MB)
	355780  -  ResidentSetSize of job (KB)
...
006 (675000.000.000) 09/15 20:05:47 Image size of job updated: 8292048
	348  -  MemoryUsage of job (MB)
	355780  -  ResidentSetSize of job (KB)
...
006 (675000.000.000) 09/15 20:10:48 Image size of job updated: 8363896
	348  -  MemoryUsage of job (MB)
	355780  -  ResidentSetSize of job (KB)
...
006 (675000.000.000) 09/15 20:15:49 Image size of job updated: 8437368
	348  -  MemoryUsage of job (MB)
	355780  -  ResidentSetSize of job (KB)
...
006 (675000.000.000) 09/15 20:20:49 Image size of job updated: 8506696
	348  -  MemoryUsage of job (MB)
	355780  -  ResidentSetSize of job (KB)
...
006 (675000.000.000) 09/15 20:25:49 Image size of job updated: 8578432
	348  -  MemoryUsage of job (MB)
	355780  -  ResidentSetSize of job (KB)
...
006 (675000.000.000) 09/15 20:30:50 Image size of job updated: 8650392
	348  -  MemoryUsage of job (MB)
	355780  -  ResidentSetSize of job (KB)
...
006 (675000.000.000) 09/15 20:35:50 Image size of job updated: 8722772
	348  -  MemoryUsage of job (MB)
	355780  -  ResidentSetSize of job (KB)
...
006 (675000.000.000) 09/15 20:40:50 Image size of job updated: 8794760
	348  -  MemoryUsage of job (MB)
	355780  -  ResidentSetSize of job (KB)
...
006 (675000.000.000) 09/15 20:45:51 Image size of job updated: 8866776
	348  -  MemoryUsage of job (MB)
	355780  -  ResidentSetSize of job (KB)
...
006 (675000.000.000) 09/15 20:50:51 Image size of job updated: 8939268
	348  -  MemoryUsage of job (MB)
	355780  -  ResidentSetSize of job (KB)
...
006 (675000.000.000) 09/15 20:55:51 Image size of job updated: 9012488
	348  -  MemoryUsage of job (MB)
	355780  -  ResidentSetSize of job (KB)
...
006 (675000.000.000) 09/15 21:00:52 Image size of job updated: 9084840
	348  -  MemoryUsage of job (MB)
	355780  -  ResidentSetSize of job (KB)
...
006 (675000.000.000) 09/15 21:05:53 Image size of job updated: 9157780
	348  -  MemoryUsage of job (MB)
	355780  -  ResidentSetSize of job (KB)
...
006 (675000.000.000) 09/15 21:10:53 Image size of job updated: 9230244
	348  -  MemoryUsage of job (MB)
	355780  -  ResidentSetSize of job (KB)
...
006 (675000.000.000) 09/15 21:15:54 Image size of job updated: 9302484
	348  -  MemoryUsage of job (MB)
	355780  -  ResidentSetSize of job (KB)
...
006 (675000.000.000) 09/15 21:20:55 Image size of job updated: 9375816
	348  -  MemoryUsage of job (MB)
	355780  -  ResidentSetSize of job (KB)
...
006 (675000.000.000) 09/15 21:25:55 Image size of job updated: 9450016
	348  -  MemoryUsage of job (MB)
	355780  -  ResidentSetSize of job (KB)
...
006 (675000.000.000) 09/15 21:30:55 Image size of job updated: 9523684
	348  -  MemoryUsage of job (MB)
	355780  -  ResidentSetSize of job (KB)
...
006 (675000.000.000) 09/15 21:35:56 Image size of job updated: 9598920
	348  -  MemoryUsage of job (MB)
	355780  -  ResidentSetSize of job (KB)
...
006 (675000.000.000) 09/15 21:40:56 Image size of job updated: 9669004
	348  -  MemoryUsage of job (MB)
	355780  -  ResidentSetSize of job (KB)
...
006 (675000.000.000) 09/15 21:45:56 Image size of job updated: 9746172
	348  -  MemoryUsage of job (MB)
	355780  -  ResidentSetSize of job (KB)
...
006 (675000.000.000) 09/15 21:50:57 Image size of job updated: 9814268
	348  -  MemoryUsage of job (MB)
	355780  -  ResidentSetSize of job (KB)
...
006 (675000.000.000) 09/15 21:55:57 Image size of job updated: 9884016
	348  -  MemoryUsage of job (MB)
	355780  -  ResidentSetSize of job (KB)
...
006 (675000.000.000) 09/15 22:00:57 Image size of job updated: 9956788
	348  -  MemoryUsage of job (MB)
	355780  -  ResidentSetSize of job (KB)
...
006 (675000.000.000) 09/15 22:05:58 Image size of job updated: 10028944
	348  -  MemoryUsage of job (MB)
	355780  -  ResidentSetSize of job (KB)
...
006 (675000.000.000) 09/15 22:10:58 Image size of job updated: 10100008
	348  -  MemoryUsage of job (MB)
	355780  -  ResidentSetSize of job (KB)
...
006 (675000.000.000) 09/15 22:15:58 Image size of job updated: 10171464
	348  -  MemoryUsage of job (MB)
	355780  -  ResidentSetSize of job (KB)
...
006 (675000.000.000) 09/15 22:20:59 Image size of job updated: 10243648
	348  -  MemoryUsage of job (MB)
	355780  -  ResidentSetSize of job (KB)
...
006 (675000.000.000) 09/15 22:26:00 Image size of job updated: 10314908
	348  -  MemoryUsage of job (MB)
	355780  -  ResidentSetSize of job (KB)
...
006 (675000.000.000) 09/15 22:31:00 Image size of job updated: 10386868
	348  -  MemoryUsage of job (MB)
	355780  -  ResidentSetSize of job (KB)
...
006 (675000.000.000) 09/15 22:36:01 Image size of job updated: 10457148
	348  -  MemoryUsage of job (MB)
	355780  -  ResidentSetSize of job (KB)
...
006 (675000.000.000) 09/15 22:41:02 Image size of job updated: 10526840
	348  -  MemoryUsage of job (MB)
	355780  -  ResidentSetSize of job (KB)
...
006 (675000.000.000) 09/15 22:46:02 Image size of job updated: 10598100
	348  -  MemoryUsage of job (MB)
	355780  -  ResidentSetSize of job (KB)
...
006 (675000.000.000) 09/15 22:51:02 Image size of job updated: 10666280
	348  -  MemoryUsage of job (MB)
	355780  -  ResidentSetSize of job (KB)
...
006 (675000.000.000) 09/15 22:56:03 Image size of job updated: 10734236
	348  -  MemoryUsage of job (MB)
	355780  -  ResidentSetSize of job (KB)
...
006 (675000.000.000) 09/15 23:01:03 Image size of job updated: 10804068
	348  -  MemoryUsage of job (MB)
	355780  -  ResidentSetSize of job (KB)
...
006 (675000.000.000) 09/15 23:06:03 Image size of job updated: 10875356
	348  -  MemoryUsage of job (MB)
	355780  -  ResidentSetSize of job (KB)
...
006 (675000.000.000) 09/15 23:11:04 Image size of job updated: 10946252
	348  -  MemoryUsage of job (MB)
	355780  -  ResidentSetSize of job (KB)
...
006 (675000.000.000) 09/15 23:16:05 Image size of job updated: 11017764
	348  -  MemoryUsage of job (MB)
	355780  -  ResidentSetSize of job (KB)
...
006 (675000.000.000) 09/15 23:21:05 Image size of job updated: 11088492
	348  -  MemoryUsage of job (MB)
	355780  -  ResidentSetSize of job (KB)
...
006 (675000.000.000) 09/15 23:26:06 Image size of job updated: 11160284
	348  -  MemoryUsage of job (MB)
	355780  -  ResidentSetSize of job (KB)
...
006 (675000.000.000) 09/15 23:31:07 Image size of job updated: 11231292
	348  -  MemoryUsage of job (MB)
	355780  -  ResidentSetSize of job (KB)
...
006 (675000.000.000) 09/15 23:36:07 Image size of job updated: 11303560
	348  -  MemoryUsage of job (MB)
	355780  -  ResidentSetSize of job (KB)
...
006 (675000.000.000) 09/15 23:41:07 Image size of job updated: 11375828
	348  -  MemoryUsage of job (MB)
	355780  -  ResidentSetSize of job (KB)
...
006 (675000.000.000) 09/15 23:46:08 Image size of job updated: 11449132
	348  -  MemoryUsage of job (MB)
	355780  -  ResidentSetSize of job (KB)
...
006 (675000.000.000) 09/15 23:51:08 Image size of job updated: 11523248
	348  -  MemoryUsage of job (MB)
	355780  -  ResidentSetSize of job (KB)
...
006 (675000.000.000) 09/15 23:56:08 Image size of job updated: 11595320
	348  -  MemoryUsage of job (MB)
	355780  -  ResidentSetSize of job (KB)
...
006 (675000.000.000) 09/16 00:01:09 Image size of job updated: 11665656
	348  -  MemoryUsage of job (MB)
	355780  -  ResidentSetSize of job (KB)
...
006 (675000.000.000) 09/16 00:06:10 Image size of job updated: 11736468
	348  -  MemoryUsage of job (MB)
	355780  -  ResidentSetSize of job (KB)
...
006 (675000.000.000) 09/16 00:11:10 Image size of job updated: 11808708
	348  -  MemoryUsage of job (MB)
	355780  -  ResidentSetSize of job (KB)
...
006 (675000.000.000) 09/16 00:16:10 Image size of job updated: 11882572
	348  -  MemoryUsage of job (MB)
	355780  -  ResidentSetSize of job (KB)
...
006 (675000.000.000) 09/16 00:21:11 Image size of job updated: 11954000
	348  -  MemoryUsage of job (MB)
	355780  -  ResidentSetSize of job (KB)
...
006 (675000.000.000) 09/16 00:26:11 Image size of job updated: 12025652
	348  -  MemoryUsage of job (MB)
	355780  -  ResidentSetSize of job (KB)
...
006 (675000.000.000) 09/16 00:31:11 Image size of job updated: 12096128
	348  -  MemoryUsage of job (MB)
	355780  -  ResidentSetSize of job (KB)
...
006 (675000.000.000) 09/16 00:36:12 Image size of job updated: 12164868
	348  -  MemoryUsage of job (MB)
	355780  -  ResidentSetSize of job (KB)
...
006 (675000.000.000) 09/16 00:41:13 Image size of job updated: 12234504
	348  -  MemoryUsage of job (MB)
	355780  -  ResidentSetSize of job (KB)
...
006 (675000.000.000) 09/16 00:46:13 Image size of job updated: 12306184
	348  -  MemoryUsage of job (MB)
	355780  -  ResidentSetSize of job (KB)
...
006 (675000.000.000) 09/16 00:51:14 Image size of job updated: 12375288
	348  -  MemoryUsage of job (MB)
	355780  -  ResidentSetSize of job (KB)
...
006 (675000.000.000) 09/16 00:56:15 Image size of job updated: 12446268
	348  -  MemoryUsage of job (MB)
	355780  -  ResidentSetSize of job (KB)
...
006 (675000.000.000) 09/16 01:01:15 Image size of job updated: 12518228
	348  -  MemoryUsage of job (MB)
	355780  -  ResidentSetSize of job (KB)
...
006 (675000.000.000) 09/16 01:06:15 Image size of job updated: 12588228
	348  -  MemoryUsage of job (MB)
	355780  -  ResidentSetSize of job (KB)
...
006 (675000.000.000) 09/16 01:11:17 Image size of job updated: 12661112
	348  -  MemoryUsage of job (MB)
	355780  -  ResidentSetSize of job (KB)
...
006 (675000.000.000) 09/16 01:16:17 Image size of job updated: 12731252
	348  -  MemoryUsage of job (MB)
	355780  -  ResidentSetSize of job (KB)
...
006 (675000.000.000) 09/16 01:21:18 Image size of job updated: 12795064
	348  -  MemoryUsage of job (MB)
	355780  -  ResidentSetSize of job (KB)
...
006 (675000.000.000) 09/16 01:26:18 Image size of job updated: 12864420
	348  -  MemoryUsage of job (MB)
	355780  -  ResidentSetSize of job (KB)
...
006 (675000.000.000) 09/16 01:31:18 Image size of job updated: 12934476
	348  -  MemoryUsage of job (MB)
	355780  -  ResidentSetSize of job (KB)
...
006 (675000.000.000) 09/16 01:36:19 Image size of job updated: 13006184
	348  -  MemoryUsage of job (MB)
	355780  -  ResidentSetSize of job (KB)
...
006 (675000.000.000) 09/16 01:41:20 Image size of job updated: 13078788
	348  -  MemoryUsage of job (MB)
	355780  -  ResidentSetSize of job (KB)
...
006 (675000.000.000) 09/16 01:46:20 Image size of job updated: 13147808
	348  -  MemoryUsage of job (MB)
	355780  -  ResidentSetSize of job (KB)
...
006 (675000.000.000) 09/16 01:51:21 Image size of job updated: 13220440
	348  -  MemoryUsage of job (MB)
	355780  -  ResidentSetSize of job (KB)
...
006 (675000.000.000) 09/16 01:56:22 Image size of job updated: 13292736
	348  -  MemoryUsage of job (MB)
	355780  -  ResidentSetSize of job (KB)
...
006 (675000.000.000) 09/16 02:01:22 Image size of job updated: 13365116
	348  -  MemoryUsage of job (MB)
	355780  -  ResidentSetSize of job (KB)
...
006 (675000.000.000) 09/16 02:06:22 Image size of job updated: 13436740
	348  -  MemoryUsage of job (MB)
	355780  -  ResidentSetSize of job (KB)
...
006 (675000.000.000) 09/16 02:11:23 Image size of job updated: 13506936
	348  -  MemoryUsage of job (MB)
	355780  -  ResidentSetSize of job (KB)
...
006 (675000.000.000) 09/16 02:16:24 Image size of job updated: 13578308
	348  -  MemoryUsage of job (MB)
	355780  -  ResidentSetSize of job (KB)
...
006 (675000.000.000) 09/16 02:21:24 Image size of job updated: 13647216
	348  -  MemoryUsage of job (MB)
	355780  -  ResidentSetSize of job (KB)
...
006 (675000.000.000) 09/16 02:26:25 Image size of job updated: 13720184
	348  -  MemoryUsage of job (MB)
	355780  -  ResidentSetSize of job (KB)
...
006 (675000.000.000) 09/16 02:31:26 Image size of job updated: 13791164
	348  -  MemoryUsage of job (MB)
	355780  -  ResidentSetSize of job (KB)
...
006 (675000.000.000) 09/16 02:36:26 Image size of job updated: 13858476
	348  -  MemoryUsage of job (MB)
	355780  -  ResidentSetSize of job (KB)
...
006 (675000.000.000) 09/16 02:41:26 Image size of job updated: 13926320
	348  -  MemoryUsage of job (MB)
	355780  -  ResidentSetSize of job (KB)
...
006 (675000.000.000) 09/16 02:46:27 Image size of job updated: 13995228
	348  -  MemoryUsage of job (MB)
	355780  -  ResidentSetSize of job (KB)
...
006 (675000.000.000) 09/16 02:51:27 Image size of job updated: 14067048
	348  -  MemoryUsage of job (MB)
	355780  -  ResidentSetSize of job (KB)
...
006 (675000.000.000) 09/16 02:56:28 Image size of job updated: 14139176
	348  -  MemoryUsage of job (MB)
	355780  -  ResidentSetSize of job (KB)
...
006 (675000.000.000) 09/16 03:01:29 Image size of job updated: 14209680
	348  -  MemoryUsage of job (MB)
	355780  -  ResidentSetSize of job (KB)
...
006 (675000.000.000) 09/16 03:06:29 Image size of job updated: 14279932
	348  -  MemoryUsage of job (MB)
	355780  -  ResidentSetSize of job (KB)
...
006 (675000.000.000) 09/16 03:11:29 Image size of job updated: 14347776
	348  -  MemoryUsage of job (MB)
	355780  -  ResidentSetSize of job (KB)
...
006 (675000.000.000) 09/16 03:16:30 Image size of job updated: 14415648
	348  -  MemoryUsage of job (MB)
	355780  -  ResidentSetSize of job (KB)
...
006 (675000.000.000) 09/16 03:21:31 Image size of job updated: 14486488
	348  -  MemoryUsage of job (MB)
	355780  -  ResidentSetSize of job (KB)
...
006 (675000.000.000) 09/16 03:26:31 Image size of job updated: 14556012
	348  -  MemoryUsage of job (MB)
	355780  -  ResidentSetSize of job (KB)
...
006 (675000.000.000) 09/16 03:31:32 Image size of job updated: 14623800
	348  -  MemoryUsage of job (MB)
	355780  -  ResidentSetSize of job (KB)
...
006 (675000.000.000) 09/16 03:36:33 Image size of job updated: 14694976
	348  -  MemoryUsage of job (MB)
	355780  -  ResidentSetSize of job (KB)
...
006 (675000.000.000) 09/16 03:41:33 Image size of job updated: 14767440
	348  -  MemoryUsage of job (MB)
	355780  -  ResidentSetSize of job (KB)
...
006 (675000.000.000) 09/16 03:46:33 Image size of job updated: 14839232
	348  -  MemoryUsage of job (MB)
	355780  -  ResidentSetSize of job (KB)
...
006 (675000.000.000) 09/16 03:51:34 Image size of job updated: 14911304
	348  -  MemoryUsage of job (MB)
	355780  -  ResidentSetSize of job (KB)
...
006 (675000.000.000) 09/16 03:56:34 Image size of job updated: 14984020
	348  -  MemoryUsage of job (MB)
	355780  -  ResidentSetSize of job (KB)
...
006 (675000.000.000) 09/16 04:01:34 Image size of job updated: 15055280
	348  -  MemoryUsage of job (MB)
	355780  -  ResidentSetSize of job (KB)
...
006 (675000.000.000) 09/16 04:06:35 Image size of job updated: 15125308
	348  -  MemoryUsage of job (MB)
	355780  -  ResidentSetSize of job (KB)
...
006 (675000.000.000) 09/16 04:11:36 Image size of job updated: 15195252
	348  -  MemoryUsage of job (MB)
	355780  -  ResidentSetSize of job (KB)
...
006 (675000.000.000) 09/16 04:16:36 Image size of job updated: 15263628
	348  -  MemoryUsage of job (MB)
	355780  -  ResidentSetSize of job (KB)
...
006 (675000.000.000) 09/16 04:21:37 Image size of job updated: 15332004
	348  -  MemoryUsage of job (MB)
	355780  -  ResidentSetSize of job (KB)
...
006 (675000.000.000) 09/16 04:26:38 Image size of job updated: 15402900
	348  -  MemoryUsage of job (MB)
	355780  -  ResidentSetSize of job (KB)
...
006 (675000.000.000) 09/16 04:31:38 Image size of job updated: 15473488
	348  -  MemoryUsage of job (MB)
	355780  -  ResidentSetSize of job (KB)
...
006 (675000.000.000) 09/16 04:36:38 Image size of job updated: 15539260
	348  -  MemoryUsage of job (MB)
	355780  -  ResidentSetSize of job (KB)
...
006 (675000.000.000) 09/16 04:41:39 Image size of job updated: 15612760
	348  -  MemoryUsage of job (MB)
	355780  -  ResidentSetSize of job (KB)
...
006 (675000.000.000) 09/16 04:46:40 Image size of job updated: 15683684
	348  -  MemoryUsage of job (MB)
	355780  -  ResidentSetSize of job (KB)
...
006 (675000.000.000) 09/16 04:51:40 Image size of job updated: 15756400
	348  -  MemoryUsage of job (MB)
	355780  -  ResidentSetSize of job (KB)
...
006 (675000.000.000) 09/16 04:56:41 Image size of job updated: 15827884
	348  -  MemoryUsage of job (MB)
	355780  -  ResidentSetSize of job (KB)
...
006 (675000.000.000) 09/16 05:01:42 Image size of job updated: 15898024
	348  -  MemoryUsage of job (MB)
	355780  -  ResidentSetSize of job (KB)
...
006 (675000.000.000) 09/16 05:06:42 Image size of job updated: 15967996
	348  -  MemoryUsage of job (MB)
	355780  -  ResidentSetSize of job (KB)
...
006 (675000.000.000) 09/16 05:11:42 Image size of job updated: 16038948
	348  -  MemoryUsage of job (MB)
	355780  -  ResidentSetSize of job (KB)
...
006 (675000.000.000) 09/16 05:16:43 Image size of job updated: 16110460
	348  -  MemoryUsage of job (MB)
	355780  -  ResidentSetSize of job (KB)
...
006 (675000.000.000) 09/16 05:21:44 Image size of job updated: 16181160
	348  -  MemoryUsage of job (MB)
	355780  -  ResidentSetSize of job (KB)
...
006 (675000.000.000) 09/16 05:26:44 Image size of job updated: 16249088
	348  -  MemoryUsage of job (MB)
	355780  -  ResidentSetSize of job (KB)
...
006 (675000.000.000) 09/16 05:31:45 Image size of job updated: 16322336
	348  -  MemoryUsage of job (MB)
	355780  -  ResidentSetSize of job (KB)
...
006 (675000.000.000) 09/16 05:36:46 Image size of job updated: 16391916
	348  -  MemoryUsage of job (MB)
	355780  -  ResidentSetSize of job (KB)
...
006 (675000.000.000) 09/16 05:41:46 Image size of job updated: 16462644
	348  -  MemoryUsage of job (MB)
	355780  -  ResidentSetSize of job (KB)
...
006 (675000.000.000) 09/16 05:46:46 Image size of job updated: 16533932
	348  -  MemoryUsage of job (MB)
	355780  -  ResidentSetSize of job (KB)
...
006 (675000.000.000) 09/16 05:51:47 Image size of job updated: 16603988
	348  -  MemoryUsage of job (MB)
	355780  -  ResidentSetSize of job (KB)
...
006 (675000.000.000) 09/16 05:56:48 Image size of job updated: 16671188
	348  -  MemoryUsage of job (MB)
	355780  -  ResidentSetSize of job (KB)
...
006 (675000.000.000) 09/16 06:01:48 Image size of job updated: 16741972
	348  -  MemoryUsage of job (MB)
	355780  -  ResidentSetSize of job (KB)
...
006 (675000.000.000) 09/16 06:06:49 Image size of job updated: 16816648
	348  -  MemoryUsage of job (MB)
	355780  -  ResidentSetSize of job (KB)
...
006 (675000.000.000) 09/16 06:11:50 Image size of job updated: 16887236
	348  -  MemoryUsage of job (MB)
	355780  -  ResidentSetSize of job (KB)
...
006 (675000.000.000) 09/16 06:16:50 Image size of job updated: 16956396
	348  -  MemoryUsage of job (MB)
	355780  -  ResidentSetSize of job (KB)
...
006 (675000.000.000) 09/16 06:21:50 Image size of job updated: 17023204
	348  -  MemoryUsage of job (MB)
	355780  -  ResidentSetSize of job (KB)
...
006 (675000.000.000) 09/16 06:26:51 Image size of job updated: 17092756
	348  -  MemoryUsage of job (MB)
	355780  -  ResidentSetSize of job (KB)
...
006 (675000.000.000) 09/16 06:31:51 Image size of job updated: 17162140
	348  -  MemoryUsage of job (MB)
	355780  -  ResidentSetSize of job (KB)
...
006 (675000.000.000) 09/16 06:36:51 Image size of job updated: 17232300
	348  -  MemoryUsage of job (MB)
	355780  -  ResidentSetSize of job (KB)
...
006 (675000.000.000) 09/16 06:41:52 Image size of job updated: 17303288
	348  -  MemoryUsage of job (MB)
	355780  -  ResidentSetSize of job (KB)
...
006 (675000.000.000) 09/16 06:46:52 Image size of job updated: 17371804
	348  -  MemoryUsage of job (MB)
	355780  -  ResidentSetSize of job (KB)
...
006 (675000.000.000) 09/16 06:51:52 Image size of job updated: 17438108
	348  -  MemoryUsage of job (MB)
	355780  -  ResidentSetSize of job (KB)
...
006 (675000.000.000) 09/16 06:56:53 Image size of job updated: 17502648
	348  -  MemoryUsage of job (MB)
	355780  -  ResidentSetSize of job (KB)
...
006 (675000.000.000) 09/16 07:01:53 Image size of job updated: 17570324
	348  -  MemoryUsage of job (MB)
	355780  -  ResidentSetSize of job (KB)
...
006 (675000.000.000) 09/16 07:06:53 Image size of job updated: 17639848
	348  -  MemoryUsage of job (MB)
	355780  -  ResidentSetSize of job (KB)
...
006 (675000.000.000) 09/16 07:11:54 Image size of job updated: 17710772
	348  -  MemoryUsage of job (MB)
	355780  -  ResidentSetSize of job (KB)
...
006 (675000.000.000) 09/16 07:16:55 Image size of job updated: 17781752
	348  -  MemoryUsage of job (MB)
	355780  -  ResidentSetSize of job (KB)
...
006 (675000.000.000) 09/16 07:21:55 Image size of job updated: 17852172
	348  -  MemoryUsage of job (MB)
	355780  -  ResidentSetSize of job (KB)
...
006 (675000.000.000) 09/16 07:26:55 Image size of job updated: 17922704
	348  -  MemoryUsage of job (MB)
	355780  -  ResidentSetSize of job (KB)
...
006 (675000.000.000) 09/16 07:31:56 Image size of job updated: 17992760
	348  -  MemoryUsage of job (MB)
	355780  -  ResidentSetSize of job (KB)
...
006 (675000.000.000) 09/16 07:36:56 Image size of job updated: 18062676
	348  -  MemoryUsage of job (MB)
	355780  -  ResidentSetSize of job (KB)
...
006 (675000.000.000) 09/16 07:41:56 Image size of job updated: 18132760
	348  -  MemoryUsage of job (MB)
	355780  -  ResidentSetSize of job (KB)
...
006 (675000.000.000) 09/16 07:46:57 Image size of job updated: 18203852
	348  -  MemoryUsage of job (MB)
	355780  -  ResidentSetSize of job (KB)
...
006 (675000.000.000) 09/16 07:51:58 Image size of job updated: 18274244
	348  -  MemoryUsage of job (MB)
	355780  -  ResidentSetSize of job (KB)
...
006 (675000.000.000) 09/16 07:56:58 Image size of job updated: 18345728
	348  -  MemoryUsage of job (MB)
	355780  -  ResidentSetSize of job (KB)
...
006 (675000.000.000) 09/16 08:01:58 Image size of job updated: 18416316
	348  -  MemoryUsage of job (MB)
	355780  -  ResidentSetSize of job (KB)
...
006 (675000.000.000) 09/16 08:06:59 Image size of job updated: 18486848
	348  -  MemoryUsage of job (MB)
	355780  -  ResidentSetSize of job (KB)
...
006 (675000.000.000) 09/16 08:11:59 Image size of job updated: 18558332
	348  -  MemoryUsage of job (MB)
	355780  -  ResidentSetSize of job (KB)
...
006 (675000.000.000) 09/16 08:16:59 Image size of job updated: 18629256
	348  -  MemoryUsage of job (MB)
	355780  -  ResidentSetSize of job (KB)
...
006 (675000.000.000) 09/16 08:22:00 Image size of job updated: 18701188
	348  -  MemoryUsage of job (MB)
	355780  -  ResidentSetSize of job (KB)
...
006 (675000.000.000) 09/16 08:27:01 Image size of job updated: 18772448
	348  -  MemoryUsage of job (MB)
	355780  -  ResidentSetSize of job (KB)
...
006 (675000.000.000) 09/16 08:32:01 Image size of job updated: 18843792
	348  -  MemoryUsage of job (MB)
	355780  -  ResidentSetSize of job (KB)
...
006 (675000.000.000) 09/16 08:37:01 Image size of job updated: 18914044
	348  -  MemoryUsage of job (MB)
	355780  -  ResidentSetSize of job (KB)
...
006 (675000.000.000) 09/16 08:42:03 Image size of job updated: 18984044
	348  -  MemoryUsage of job (MB)
	355780  -  ResidentSetSize of job (KB)
...
006 (675000.000.000) 09/16 08:47:03 Image size of job updated: 19055052
	348  -  MemoryUsage of job (MB)
	355780  -  ResidentSetSize of job (KB)
...
006 (675000.000.000) 09/16 08:52:03 Image size of job updated: 19125220
	348  -  MemoryUsage of job (MB)
	355780  -  ResidentSetSize of job (KB)
...
006 (675000.000.000) 09/16 08:57:04 Image size of job updated: 19197460
	348  -  MemoryUsage of job (MB)
	355780  -  ResidentSetSize of job (KB)
...
006 (675000.000.000) 09/16 09:02:05 Image size of job updated: 19268832
	348  -  MemoryUsage of job (MB)
	355780  -  ResidentSetSize of job (KB)
...
006 (675000.000.000) 09/16 09:07:05 Image size of job updated: 19339868
	348  -  MemoryUsage of job (MB)
	355780  -  ResidentSetSize of job (KB)
...
006 (675000.000.000) 09/16 09:12:05 Image size of job updated: 19411408
	348  -  MemoryUsage of job (MB)
	355780  -  ResidentSetSize of job (KB)
...
006 (675000.000.000) 09/16 09:17:06 Image size of job updated: 19482444
	348  -  MemoryUsage of job (MB)
	355780  -  ResidentSetSize of job (KB)
...
006 (675000.000.000) 09/16 09:22:06 Image size of job updated: 19553424
	348  -  MemoryUsage of job (MB)
	355780  -  ResidentSetSize of job (KB)
...
006 (675000.000.000) 09/16 09:27:06 Image size of job updated: 19625496
	348  -  MemoryUsage of job (MB)
	355780  -  ResidentSetSize of job (KB)
...
006 (675000.000.000) 09/16 09:32:07 Image size of job updated: 19695048
	348  -  MemoryUsage of job (MB)
	355780  -  ResidentSetSize of job (KB)
...
006 (675000.000.000) 09/16 09:37:08 Image size of job updated: 19765972
	348  -  MemoryUsage of job (MB)
	355780  -  ResidentSetSize of job (KB)
...
006 (675000.000.000) 09/16 09:42:08 Image size of job updated: 19835832
	348  -  MemoryUsage of job (MB)
	355780  -  ResidentSetSize of job (KB)
...
006 (675000.000.000) 09/16 09:47:10 Image size of job updated: 19907876
	348  -  MemoryUsage of job (MB)
	355780  -  ResidentSetSize of job (KB)
...
006 (675000.000.000) 09/16 09:52:10 Image size of job updated: 19980200
	348  -  MemoryUsage of job (MB)
	355780  -  ResidentSetSize of job (KB)
...
006 (675000.000.000) 09/16 09:57:11 Image size of job updated: 20049304
	348  -  MemoryUsage of job (MB)
	355780  -  ResidentSetSize of job (KB)
...
006 (675000.000.000) 09/16 10:02:11 Image size of job updated: 20118884
	348  -  MemoryUsage of job (MB)
	355780  -  ResidentSetSize of job (KB)
...
006 (675000.000.000) 09/16 10:07:11 Image size of job updated: 20190116
	348  -  MemoryUsage of job (MB)
	355780  -  ResidentSetSize of job (KB)
...
006 (675000.000.000) 09/16 10:12:12 Image size of job updated: 20258856
	348  -  MemoryUsage of job (MB)
	355780  -  ResidentSetSize of job (KB)
...
006 (675000.000.000) 09/16 10:17:13 Image size of job updated: 20326364
	348  -  MemoryUsage of job (MB)
	355780  -  ResidentSetSize of job (KB)
...
006 (675000.000.000) 09/16 10:22:13 Image size of job updated: 20396980
	348  -  MemoryUsage of job (MB)
	355780  -  ResidentSetSize of job (KB)
...
006 (675000.000.000) 09/16 10:23:22 Image size of job updated: 20413920
	348  -  MemoryUsage of job (MB)
	355780  -  ResidentSetSize of job (KB)
...
005 (675000.000.000) 09/16 10:23:22 Job terminated.
	(0) Abnormal termination (signal 9)
	(0) No core file
		Usr 0 00:35:46, Sys 0 00:15:43  -  Run Remote Usage
		Usr 0 00:00:00, Sys 0 00:00:00  -  Run Local Usage
		Usr 0 00:35:46, Sys 0 00:15:43  -  Total Remote Usage
		Usr 0 00:00:00, Sys 0 00:00:00  -  Total Local Usage
	0  -  Run Bytes Sent By Job
	0  -  Run Bytes Received By Job
	0  -  Total Bytes Sent By Job
	0  -  Total Bytes Received By Job
	Partitionable Resources :    Usage  Request Allocated 
	   Cpus                 :     1.92        2         2 
	   Disk (KB)            :   150         150     17664 
	   Memory (MB)          :   348           1       128 
...
000 (218.000.000) 10/21 16:26:38 Job submitted from host: <140.160.143.131:9618?addrs=140.160.143.131-9618&noUDP&sock=2776_aefe_4>
...
001 (218.000.000) 10/21 23:35:13 Job executing on host: <140.160.143.145:9618?addrs=140.160.143.145-9618&noUDP&sock=1466_21ee_3>
...
006 (218.000.000) 10/21 23:35:22 Image size of job updated: 908
	1  -  MemoryUsage of job (MB)
	908  -  ResidentSetSize of job (KB)
...
006 (218.000.000) 10/22 00:10:25 Image size of job updated: 912
	1  -  MemoryUsage of job (MB)
	912  -  ResidentSetSize of job (KB)
...
005 (218.000.000) 10/22 05:15:03 Job terminated.
	(1) Normal termination (return value 0)
		Usr 0 09:09:30, Sys 0 02:10:08  -  Run Remote Usage
		Usr 0 00:00:00, Sys 0 00:00:00  -  Run Local Usage
		Usr 0 09:09:30, Sys 0 02:10:08  -  Total Remote Usage
		Usr 0 00:00:00, Sys 0 00:00:00  -  Total Local Usage
	0  -  Run Bytes Sent By Job
	0  -  Run Bytes Received By Job
	0  -  Total Bytes Sent By Job
	0  -  Total Bytes Received By Job
	Partitionable Resources :    Usage  Request Allocated 
	   Cpus                 :     2.00        2         2 
	   Disk (KB)            :   150         150    888078 
	   Memory (MB)          :     1       20480     20480 
...
