000 (2133.118.000) 03/25 10:58:12 Job submitted from host: <140.160.143.131:9618?addrs=140.160.143.131-9618&noUDP&sock=3219958_f11d_13>
...
001 (2133.118.000) 03/25 16:28:18 Job executing on host: <140.160.143.142:9618?addrs=140.160.143.142-9618&noUDP&sock=8883_93de_3>
...
006 (2133.118.000) 03/25 16:28:27 Image size of job updated: 984
	1  -  MemoryUsage of job (MB)
	984  -  ResidentSetSize of job (KB)
...
006 (2133.118.000) 03/25 16:33:28 Image size of job updated: 1040
	1  -  MemoryUsage of job (MB)
	992  -  ResidentSetSize of job (KB)
...
006 (2133.118.000) 03/25 16:38:28 Image size of job updated: 1052
	1  -  MemoryUsage of job (MB)
	992  -  ResidentSetSize of job (KB)
...
006 (2133.118.000) 03/25 17:02:48 Image size of job updated: 213148
	1  -  MemoryUsage of job (MB)
	992  -  ResidentSetSize of job (KB)
...
005 (2133.118.000) 03/25 17:02:48 Job terminated.
	(1) Normal termination (return value 0)
		Usr 0 01:28:16, Sys 0 00:49:38  -  Run Remote Usage
		Usr 0 00:00:00, Sys 0 00:00:00  -  Run Local Usage
		Usr 0 01:28:16, Sys 0 00:49:38  -  Total Remote Usage
		Usr 0 00:00:00, Sys 0 00:00:00  -  Total Local Usage
	0  -  Run Bytes Sent By Job
	0  -  Run Bytes Received By Job
	0  -  Total Bytes Sent By Job
	0  -  Total Bytes Received By Job
	Partitionable Resources :    Usage  Request Allocated 
	   Cpus                 :     4.00        4         4 
	   Disk (KB)            :   175         175    881178 
	   Memory (MB)          :     1           1       128 
...
