000 (2267.2023.000) 04/28 23:44:47 Job submitted from host: <140.160.143.131:9618?addrs=140.160.143.131-9618&noUDP&sock=3131910_565e_30>
...
009 (2267.2023.000) 05/11 12:17:55 Job was aborted by the user.
	via condor_rm (by user scoggim)
...
000 (2400.1347.000) 05/11 12:37:10 Job submitted from host: <140.160.143.131:9618?addrs=140.160.143.131-9618&noUDP&sock=3131910_565e_30>
...
001 (2400.1347.000) 05/14 01:45:27 Job executing on host: <140.160.143.153:9618?addrs=140.160.143.153-9618&noUDP&sock=3174_adb0_3>
...
006 (2400.1347.000) 05/14 01:45:35 Image size of job updated: 4064
	4  -  MemoryUsage of job (MB)
	4064  -  ResidentSetSize of job (KB)
...
006 (2400.1347.000) 05/16 11:56:39 Image size of job updated: 4136
	4  -  MemoryUsage of job (MB)
	4064  -  ResidentSetSize of job (KB)
...
006 (2400.1347.000) 05/16 14:16:53 Image size of job updated: 4164
	4  -  MemoryUsage of job (MB)
	4064  -  ResidentSetSize of job (KB)
...
006 (2400.1347.000) 05/16 15:21:59 Image size of job updated: 4180
	4  -  MemoryUsage of job (MB)
	4064  -  ResidentSetSize of job (KB)
...
004 (2400.1347.000) 05/19 07:17:38 Job was evicted.
	(0) Job was not checkpointed.
		Usr 5 05:29:38, Sys 0 00:00:34  -  Run Remote Usage
		Usr 0 00:00:00, Sys 0 00:00:00  -  Run Local Usage
	0  -  Run Bytes Sent By Job
	0  -  Run Bytes Received By Job
	Partitionable Resources :    Usage  Request Allocated 
	   Cpus                 :     1.00        1         1 
	   Disk (KB)            :   175         175    870398 
	   Gpus                 :                           0 
	   Memory (MB)          :     4           1       128 
...
009 (2400.1347.000) 05/19 07:17:41 Job was aborted by the user.
	via condor_rm (by user scoggim)
...
