000 (2736.014.000) 07/06 08:20:49 Job submitted from host: <140.160.143.131:9618?addrs=140.160.143.131-9618&noUDP&sock=3131910_565e_30>
...
001 (2736.014.000) 07/06 08:20:50 Job executing on host: <140.160.143.143:9618?addrs=140.160.143.143-9618&noUDP&sock=21098_0d36_3>
...
006 (2736.014.000) 07/06 08:20:59 Image size of job updated: 816
	1  -  MemoryUsage of job (MB)
	816  -  ResidentSetSize of job (KB)
...
005 (2736.014.000) 07/06 08:22:48 Job terminated.
	(1) Normal termination (return value 0)
		Usr 0 00:01:57, Sys 0 00:00:00  -  Run Remote Usage
		Usr 0 00:00:00, Sys 0 00:00:00  -  Run Local Usage
		Usr 0 00:01:57, Sys 0 00:00:00  -  Total Remote Usage
		Usr 0 00:00:00, Sys 0 00:00:00  -  Total Local Usage
	0  -  Run Bytes Sent By Job
	0  -  Run Bytes Received By Job
	0  -  Total Bytes Sent By Job
	0  -  Total Bytes Received By Job
	Partitionable Resources :    Usage  Request Allocated 
	   Cpus                 :     1.00        1         1 
	   Disk (KB)            :   175         175    881209 
	   Memory (MB)          :     1           1       128 
...
