000 (674407.000.000) 09/14 14:18:50 Job submitted from host: <140.160.143.130:9618?addrs=140.160.143.130-9618&noUDP&sock=5591_da80_4>
...
009 (674407.000.000) 09/14 14:20:43 Job was aborted by the user.
	via condor_rm (by user scoggim)
...
000 (674551.000.000) 09/14 14:25:58 Job submitted from host: <140.160.143.130:9618?addrs=140.160.143.130-9618&noUDP&sock=5591_da80_4>
...
000 (674695.000.000) 09/14 14:26:40 Job submitted from host: <140.160.143.130:9618?addrs=140.160.143.130-9618&noUDP&sock=5591_da80_4>
...
000 (674839.000.000) 09/14 14:27:38 Job submitted from host: <140.160.143.130:9618?addrs=140.160.143.130-9618&noUDP&sock=5591_da80_4>
...
009 (674695.000.000) 09/14 14:46:33 Job was aborted by the user.
	via condor_rm (by user scoggim)
...
009 (674839.000.000) 09/14 14:46:33 Job was aborted by the user.
	via condor_rm (by user scoggim)
...
009 (674551.000.000) 09/14 14:46:33 Job was aborted by the user.
	via condor_rm (by user scoggim)
...
000 (675019.000.000) 09/14 22:20:25 Job submitted from host: <140.160.143.130:9618?addrs=140.160.143.130-9618&noUDP&sock=5591_da80_4>
...
001 (675019.000.000) 09/15 21:03:48 Job executing on host: <140.160.143.156:9618?addrs=140.160.143.156-9618&noUDP&sock=4471_a06d_3>
...
006 (675019.000.000) 09/15 21:03:56 Image size of job updated: 4124
	3  -  MemoryUsage of job (MB)
	2612  -  ResidentSetSize of job (KB)
...
006 (675019.000.000) 09/15 21:08:56 Image size of job updated: 73172
	70  -  MemoryUsage of job (MB)
	71652  -  ResidentSetSize of job (KB)
...
006 (675019.000.000) 09/15 22:34:05 Image size of job updated: 1450636
	70  -  MemoryUsage of job (MB)
	71652  -  ResidentSetSize of job (KB)
...
006 (675019.000.000) 09/15 22:39:05 Image size of job updated: 1521448
	70  -  MemoryUsage of job (MB)
	71652  -  ResidentSetSize of job (KB)
...
006 (675019.000.000) 09/15 22:42:06 Image size of job updated: 1563980
	70  -  MemoryUsage of job (MB)
	71652  -  ResidentSetSize of job (KB)
...
005 (675019.000.000) 09/15 22:42:06 Job terminated.
	(1) Normal termination (return value 0)
		Usr 0 00:06:51, Sys 0 00:02:42  -  Run Remote Usage
		Usr 0 00:00:00, Sys 0 00:00:00  -  Run Local Usage
		Usr 0 00:06:51, Sys 0 00:02:42  -  Total Remote Usage
		Usr 0 00:00:00, Sys 0 00:00:00  -  Total Local Usage
	0  -  Run Bytes Sent By Job
	0  -  Run Bytes Received By Job
	0  -  Total Bytes Sent By Job
	0  -  Total Bytes Received By Job
	Partitionable Resources :    Usage  Request Allocated 
	   Cpus                 :     1.94        2         2 
	   Disk (KB)            :   150         150     17664 
	   Memory (MB)          :    70           1       128 
...
000 (235.000.000) 10/21 16:26:39 Job submitted from host: <140.160.143.131:9618?addrs=140.160.143.131-9618&noUDP&sock=2776_aefe_4>
...
001 (235.000.000) 10/22 05:48:17 Job executing on host: <140.160.143.144:9618?addrs=140.160.143.144-9618&noUDP&sock=1354_4f52_3>
...
006 (235.000.000) 10/22 05:48:25 Image size of job updated: 904
	1  -  MemoryUsage of job (MB)
	904  -  ResidentSetSize of job (KB)
...
005 (235.000.000) 10/22 06:14:49 Job terminated.
	(1) Normal termination (return value 0)
		Usr 0 00:43:04, Sys 0 00:09:59  -  Run Remote Usage
		Usr 0 00:00:00, Sys 0 00:00:00  -  Run Local Usage
		Usr 0 00:43:04, Sys 0 00:09:59  -  Total Remote Usage
		Usr 0 00:00:00, Sys 0 00:00:00  -  Total Local Usage
	0  -  Run Bytes Sent By Job
	0  -  Run Bytes Received By Job
	0  -  Total Bytes Sent By Job
	0  -  Total Bytes Received By Job
	Partitionable Resources :    Usage  Request Allocated 
	   Cpus                 :     2.00        2         2 
	   Disk (KB)            :   150         150    888004 
	   Memory (MB)          :     1       20480     20480 
...
