000 (2734.008.000) 07/06 08:10:00 Job submitted from host: <140.160.143.131:9618?addrs=140.160.143.131-9618&noUDP&sock=3131910_565e_30>
...
001 (2734.008.000) 07/06 08:10:05 Job executing on host: <140.160.143.145:9618?addrs=140.160.143.145-9618&noUDP&sock=29321_587d_3>
...
006 (2734.008.000) 07/06 08:10:13 Image size of job updated: 1048
	1  -  MemoryUsage of job (MB)
	936  -  ResidentSetSize of job (KB)
...
006 (2734.008.000) 07/06 08:15:13 Image size of job updated: 1052
	1  -  MemoryUsage of job (MB)
	940  -  ResidentSetSize of job (KB)
...
006 (2734.008.000) 07/06 08:19:33 Image size of job updated: 178412
	1  -  MemoryUsage of job (MB)
	940  -  ResidentSetSize of job (KB)
...
004 (2734.008.000) 07/06 08:19:33 Job was evicted.
	(0) Job was not checkpointed.
		Usr 0 00:16:58, Sys 0 00:11:21  -  Run Remote Usage
		Usr 0 00:00:00, Sys 0 00:00:00  -  Run Local Usage
	0  -  Run Bytes Sent By Job
	0  -  Run Bytes Received By Job
	Partitionable Resources :    Usage  Request Allocated 
	   Cpus                 :     3.00        3         3 
	   Disk (KB)            :   175         175    881005 
	   Memory (MB)          :     1           1       128 
...
009 (2734.008.000) 07/06 08:19:33 Job was aborted by the user.
	via condor_rm (by user scoggim)
...
