000 (2161.052.000) 04/19 11:39:21 Job submitted from host: <140.160.143.131:9618?addrs=140.160.143.131-9618&noUDP&sock=3131910_565e_30>
...
001 (2161.052.000) 04/21 08:38:11 Job executing on host: <140.160.143.161:9618?addrs=140.160.143.161-9618&noUDP&sock=55511_81dc_3>
...
006 (2161.052.000) 04/21 08:38:20 Image size of job updated: 4896
	5  -  MemoryUsage of job (MB)
	4788  -  ResidentSetSize of job (KB)
...
006 (2161.052.000) 04/21 10:08:30 Image size of job updated: 5144
	5  -  MemoryUsage of job (MB)
	5036  -  ResidentSetSize of job (KB)
...
005 (2161.052.000) 04/22 04:23:35 Job terminated.
	(1) Normal termination (return value 0)
		Usr 2 03:28:16, Sys 1 03:31:15  -  Run Remote Usage
		Usr 0 00:00:00, Sys 0 00:00:00  -  Run Local Usage
		Usr 2 03:28:16, Sys 1 03:31:15  -  Total Remote Usage
		Usr 0 00:00:00, Sys 0 00:00:00  -  Total Local Usage
	0  -  Run Bytes Sent By Job
	0  -  Run Bytes Received By Job
	0  -  Total Bytes Sent By Job
	0  -  Total Bytes Received By Job
	Partitionable Resources :    Usage  Request Allocated 
	   Cpus                 :     4.00        4         4 
	   Disk (KB)            :   175         175    844753 
	   Memory (MB)          :     5           1       128 
...
000 (2267.1573.000) 04/28 23:44:35 Job submitted from host: <140.160.143.131:9618?addrs=140.160.143.131-9618&noUDP&sock=3131910_565e_30>
...
009 (2267.1573.000) 05/11 12:17:53 Job was aborted by the user.
	via condor_rm (by user scoggim)
...
000 (2400.897.000) 05/11 12:37:10 Job submitted from host: <140.160.143.131:9618?addrs=140.160.143.131-9618&noUDP&sock=3131910_565e_30>
...
001 (2400.897.000) 05/12 19:46:02 Job executing on host: <140.160.143.161:9618?addrs=140.160.143.161-9618&noUDP&sock=55511_81dc_3>
...
006 (2400.897.000) 05/12 19:46:10 Image size of job updated: 4028
	4  -  MemoryUsage of job (MB)
	4028  -  ResidentSetSize of job (KB)
...
005 (2400.897.000) 05/13 02:49:09 Job terminated.
	(1) Normal termination (return value 0)
		Usr 0 07:03:06, Sys 0 00:00:00  -  Run Remote Usage
		Usr 0 00:00:00, Sys 0 00:00:00  -  Run Local Usage
		Usr 0 07:03:06, Sys 0 00:00:00  -  Total Remote Usage
		Usr 0 00:00:00, Sys 0 00:00:00  -  Total Local Usage
	0  -  Run Bytes Sent By Job
	0  -  Run Bytes Received By Job
	0  -  Total Bytes Sent By Job
	0  -  Total Bytes Received By Job
	Partitionable Resources :    Usage  Request Allocated 
	   Cpus                 :     1.00        1         1 
	   Disk (KB)            :   175         175    844753 
	   Memory (MB)          :     4           1       128 
...
