000 (2267.846.000) 04/28 23:44:32 Job submitted from host: <140.160.143.131:9618?addrs=140.160.143.131-9618&noUDP&sock=3131910_565e_30>
...
000 (2268.846.000) 04/28 23:46:21 Job submitted from host: <140.160.143.131:9618?addrs=140.160.143.131-9618&noUDP&sock=3131910_565e_30>
...
001 (2267.846.000) 05/04 09:50:27 Job executing on host: <140.160.143.160:9618?addrs=140.160.143.160-9618&noUDP&sock=11177_1220_3>
...
006 (2267.846.000) 05/04 09:50:36 Image size of job updated: 2700
	3  -  MemoryUsage of job (MB)
	2700  -  ResidentSetSize of job (KB)
...
006 (2267.846.000) 05/04 09:55:37 Image size of job updated: 2704
	3  -  MemoryUsage of job (MB)
	2704  -  ResidentSetSize of job (KB)
...
006 (2267.846.000) 05/05 03:39:38 Image size of job updated: 215316
	3  -  MemoryUsage of job (MB)
	2704  -  ResidentSetSize of job (KB)
...
005 (2267.846.000) 05/05 03:39:38 Job terminated.
	(1) Normal termination (return value 0)
		Usr 1 18:18:03, Sys 1 04:57:18  -  Run Remote Usage
		Usr 0 00:00:00, Sys 0 00:00:00  -  Run Local Usage
		Usr 1 18:18:03, Sys 1 04:57:18  -  Total Remote Usage
		Usr 0 00:00:00, Sys 0 00:00:00  -  Total Local Usage
	0  -  Run Bytes Sent By Job
	0  -  Run Bytes Received By Job
	0  -  Total Bytes Sent By Job
	0  -  Total Bytes Received By Job
	Partitionable Resources :    Usage  Request Allocated 
	   Cpus                 :     4.00        4         4 
	   Disk (KB)            :   175         175    845054 
	   Memory (MB)          :     3           1       128 
...
009 (2268.846.000) 05/11 09:58:42 Job was aborted by the user.
	via condor_rm (by user scoggim)
...
000 (2400.170.000) 05/11 12:37:09 Job submitted from host: <140.160.143.131:9618?addrs=140.160.143.131-9618&noUDP&sock=3131910_565e_30>
...
001 (2400.170.000) 05/11 18:20:54 Job executing on host: <140.160.143.146:9618?addrs=140.160.143.146-9618&noUDP&sock=23249_756d_3>
...
006 (2400.170.000) 05/11 18:21:02 Image size of job updated: 2044
	2  -  MemoryUsage of job (MB)
	2044  -  ResidentSetSize of job (KB)
...
006 (2400.170.000) 05/11 18:46:04 Image size of job updated: 2048
	2  -  MemoryUsage of job (MB)
	2048  -  ResidentSetSize of job (KB)
...
005 (2400.170.000) 05/13 09:53:13 Job terminated.
	(1) Normal termination (return value 0)
		Usr 1 15:29:03, Sys 0 00:00:04  -  Run Remote Usage
		Usr 0 00:00:00, Sys 0 00:00:00  -  Run Local Usage
		Usr 1 15:29:03, Sys 0 00:00:04  -  Total Remote Usage
		Usr 0 00:00:00, Sys 0 00:00:00  -  Total Local Usage
	0  -  Run Bytes Sent By Job
	0  -  Run Bytes Received By Job
	0  -  Total Bytes Sent By Job
	0  -  Total Bytes Received By Job
	Partitionable Resources :    Usage  Request Allocated 
	   Cpus                 :     1.00        1         1 
	   Disk (KB)            :   175         175    881144 
	   Memory (MB)          :     2           1       128 
...
000 (2511.846.000) 05/27 15:03:37 Job submitted from host: <140.160.143.131:9618?addrs=140.160.143.131-9618&noUDP&sock=3131910_565e_30>
...
001 (2511.846.000) 05/28 08:24:25 Job executing on host: <140.160.143.162:9618?addrs=140.160.143.162-9618&noUDP&sock=38396_0a74_3>
...
006 (2511.846.000) 05/28 08:24:34 Image size of job updated: 36620
	36  -  MemoryUsage of job (MB)
	36620  -  ResidentSetSize of job (KB)
...
006 (2511.846.000) 05/28 09:24:39 Image size of job updated: 51192
	50  -  MemoryUsage of job (MB)
	51192  -  ResidentSetSize of job (KB)
...
006 (2511.846.000) 05/31 13:14:21 Image size of job updated: 145796
	50  -  MemoryUsage of job (MB)
	51192  -  ResidentSetSize of job (KB)
...
004 (2511.846.000) 05/31 13:14:21 Job was evicted.
	(0) Job was not checkpointed.
		Usr 3 04:49:52, Sys 0 00:00:02  -  Run Remote Usage
		Usr 0 00:00:00, Sys 0 00:00:00  -  Run Local Usage
	0  -  Run Bytes Sent By Job
	0  -  Run Bytes Received By Job
	Partitionable Resources :    Usage  Request Allocated 
	   Cpus                 :     1.00        1         1 
	   Disk (KB)            :   175         175    844690 
	   Memory (MB)          :    50           1       128 
...
009 (2511.846.000) 05/31 13:14:21 Job was aborted by the user.
	via condor_rm (by user scoggim)
...
000 (2516.170.000) 06/02 11:26:47 Job submitted from host: <140.160.143.131:9618?addrs=140.160.143.131-9618&noUDP&sock=3131910_565e_30>
...
009 (2516.170.000) 06/03 01:05:36 Job was aborted by the user.
	via condor_rm (by user scoggim)
...
000 (2523.170.000) 06/03 01:09:45 Job submitted from host: <140.160.143.131:9618?addrs=140.160.143.131-9618&noUDP&sock=3131910_565e_30>
...
009 (2523.170.000) 06/03 01:12:02 Job was aborted by the user.
	via condor_rm (by user scoggim)
...
000 (2524.170.000) 06/03 01:12:07 Job submitted from host: <140.160.143.131:9618?addrs=140.160.143.131-9618&noUDP&sock=3131910_565e_30>
...
009 (2524.170.000) 06/03 11:11:23 Job was aborted by the user.
	via condor_rm (by user scoggim)
...
000 (2525.170.000) 06/03 11:11:41 Job submitted from host: <140.160.143.131:9618?addrs=140.160.143.131-9618&noUDP&sock=3131910_565e_30>
...
001 (2525.170.000) 06/06 15:10:38 Job executing on host: <140.160.143.145:9618?addrs=140.160.143.145-9618&noUDP&sock=29321_587d_3>
...
006 (2525.170.000) 06/06 15:10:46 Image size of job updated: 62164
	61  -  MemoryUsage of job (MB)
	62164  -  ResidentSetSize of job (KB)
...
005 (2525.170.000) 06/08 23:24:56 Job terminated.
	(1) Normal termination (return value 0)
		Usr 2 08:08:20, Sys 0 00:00:08  -  Run Remote Usage
		Usr 0 00:00:00, Sys 0 00:00:00  -  Run Local Usage
		Usr 2 08:08:20, Sys 0 00:00:08  -  Total Remote Usage
		Usr 0 00:00:00, Sys 0 00:00:00  -  Total Local Usage
	0  -  Run Bytes Sent By Job
	0  -  Run Bytes Received By Job
	0  -  Total Bytes Sent By Job
	0  -  Total Bytes Received By Job
	Partitionable Resources :    Usage  Request Allocated 
	   Cpus                 :     1.00        1         1 
	   Disk (KB)            :   175         175    881005 
	   Memory (MB)          :    61           1       128 
...
