000 (2265.058.000) 04/28 23:41:53 Job submitted from host: <140.160.143.131:9618?addrs=140.160.143.131-9618&noUDP&sock=3131910_565e_30>
...
009 (2265.058.000) 04/28 23:42:33 Job was aborted by the user.
	via condor_rm (by user scoggim)
...
000 (2266.227.000) 04/28 23:43:27 Job submitted from host: <140.160.143.131:9618?addrs=140.160.143.131-9618&noUDP&sock=3131910_565e_30>
...
000 (2267.227.000) 04/28 23:44:31 Job submitted from host: <140.160.143.131:9618?addrs=140.160.143.131-9618&noUDP&sock=3131910_565e_30>
...
001 (2266.227.000) 04/28 23:44:53 Job executing on host: <140.160.143.143:9618?addrs=140.160.143.143-9618&noUDP&sock=6169_ffd6_3>
...
006 (2266.227.000) 04/28 23:45:01 Image size of job updated: 500
	1  -  MemoryUsage of job (MB)
	500  -  ResidentSetSize of job (KB)
...
006 (2266.227.000) 04/28 23:45:48 Image size of job updated: 106548
	1  -  MemoryUsage of job (MB)
	500  -  ResidentSetSize of job (KB)
...
005 (2266.227.000) 04/28 23:45:48 Job terminated.
	(1) Normal termination (return value 0)
		Usr 0 00:00:54, Sys 0 00:00:00  -  Run Remote Usage
		Usr 0 00:00:00, Sys 0 00:00:00  -  Run Local Usage
		Usr 0 00:00:54, Sys 0 00:00:00  -  Total Remote Usage
		Usr 0 00:00:00, Sys 0 00:00:00  -  Total Local Usage
	0  -  Run Bytes Sent By Job
	0  -  Run Bytes Received By Job
	0  -  Total Bytes Sent By Job
	0  -  Total Bytes Received By Job
	Partitionable Resources :    Usage  Request Allocated 
	   Cpus                 :     1.00        1         1 
	   Disk (KB)            :   175         175    881220 
	   Memory (MB)          :     1           1       128 
...
000 (2268.227.000) 04/28 23:46:20 Job submitted from host: <140.160.143.131:9618?addrs=140.160.143.131-9618&noUDP&sock=3131910_565e_30>
...
001 (2267.227.000) 04/29 23:30:28 Job executing on host: <140.160.143.142:9618?addrs=140.160.143.142-9618&noUDP&sock=8883_93de_3>
...
006 (2267.227.000) 04/29 23:30:37 Image size of job updated: 1784
	2  -  MemoryUsage of job (MB)
	1032  -  ResidentSetSize of job (KB)
...
006 (2267.227.000) 04/29 23:35:39 Image size of job updated: 1788
	2  -  MemoryUsage of job (MB)
	1036  -  ResidentSetSize of job (KB)
...
005 (2267.227.000) 04/30 01:06:11 Job terminated.
	(1) Normal termination (return value 0)
		Usr 0 03:33:25, Sys 0 02:49:15  -  Run Remote Usage
		Usr 0 00:00:00, Sys 0 00:00:00  -  Run Local Usage
		Usr 0 03:33:25, Sys 0 02:49:15  -  Total Remote Usage
		Usr 0 00:00:00, Sys 0 00:00:00  -  Total Local Usage
	0  -  Run Bytes Sent By Job
	0  -  Run Bytes Received By Job
	0  -  Total Bytes Sent By Job
	0  -  Total Bytes Received By Job
	Partitionable Resources :    Usage  Request Allocated 
	   Cpus                 :     3.98        4         4 
	   Disk (KB)            :   175         175    881178 
	   Memory (MB)          :     2           1       128 
...
009 (2268.227.000) 05/11 09:58:32 Job was aborted by the user.
	via condor_rm (by user scoggim)
...
000 (2511.227.000) 05/27 15:03:17 Job submitted from host: <140.160.143.131:9618?addrs=140.160.143.131-9618&noUDP&sock=3131910_565e_30>
...
001 (2511.227.000) 05/27 16:42:07 Job executing on host: <140.160.143.163:9618?addrs=140.160.143.163-9618&noUDP&sock=48630_b6ae_3>
...
006 (2511.227.000) 05/27 16:42:16 Image size of job updated: 3692
	4  -  MemoryUsage of job (MB)
	3692  -  ResidentSetSize of job (KB)
...
006 (2511.227.000) 05/27 16:47:17 Image size of job updated: 3916
	4  -  MemoryUsage of job (MB)
	3916  -  ResidentSetSize of job (KB)
...
005 (2511.227.000) 05/27 18:34:54 Job terminated.
	(1) Normal termination (return value 0)
		Usr 0 01:52:46, Sys 0 00:00:00  -  Run Remote Usage
		Usr 0 00:00:00, Sys 0 00:00:00  -  Run Local Usage
		Usr 0 01:52:46, Sys 0 00:00:00  -  Total Remote Usage
		Usr 0 00:00:00, Sys 0 00:00:00  -  Total Local Usage
	0  -  Run Bytes Sent By Job
	0  -  Run Bytes Received By Job
	0  -  Total Bytes Sent By Job
	0  -  Total Bytes Received By Job
	Partitionable Resources :    Usage  Request Allocated 
	   Cpus                 :     1.00        1         1 
	   Disk (KB)            :   175         175    844694 
	   Memory (MB)          :     4           1       128 
...
000 (2513.227.000) 05/31 13:37:07 Job submitted from host: <140.160.143.131:9618?addrs=140.160.143.131-9618&noUDP&sock=3131910_565e_30>
...
009 (2513.227.000) 05/31 15:23:46 Job was aborted by the user.
	via condor_rm (by user scoggim)
...
000 (2514.227.000) 05/31 15:29:20 Job submitted from host: <140.160.143.131:9618?addrs=140.160.143.131-9618&noUDP&sock=3131910_565e_30>
...
009 (2514.227.000) 06/01 11:47:15 Job was aborted by the user.
	via condor_rm (by user scoggim)
...
000 (2515.227.000) 06/01 11:47:43 Job submitted from host: <140.160.143.131:9618?addrs=140.160.143.131-9618&noUDP&sock=3131910_565e_30>
...
001 (2515.227.000) 06/01 16:39:15 Job executing on host: <140.160.143.153:9618?addrs=140.160.143.153-9618&noUDP&sock=3174_adb0_3>
...
006 (2515.227.000) 06/01 16:39:24 Image size of job updated: 3680
	4  -  MemoryUsage of job (MB)
	3680  -  ResidentSetSize of job (KB)
...
006 (2515.227.000) 06/01 16:44:24 Image size of job updated: 3904
	4  -  MemoryUsage of job (MB)
	3904  -  ResidentSetSize of job (KB)
...
006 (2515.227.000) 06/01 16:49:24 Image size of job updated: 3908
	4  -  MemoryUsage of job (MB)
	3908  -  ResidentSetSize of job (KB)
...
005 (2515.227.000) 06/01 22:01:43 Job terminated.
	(1) Normal termination (return value 0)
		Usr 0 05:22:02, Sys 0 00:00:00  -  Run Remote Usage
		Usr 0 00:00:00, Sys 0 00:00:00  -  Run Local Usage
		Usr 0 05:22:02, Sys 0 00:00:00  -  Total Remote Usage
		Usr 0 00:00:00, Sys 0 00:00:00  -  Total Local Usage
	0  -  Run Bytes Sent By Job
	0  -  Run Bytes Received By Job
	0  -  Total Bytes Sent By Job
	0  -  Total Bytes Received By Job
	Partitionable Resources :    Usage  Request Allocated 
	   Cpus                 :     1.00        1         1 
	   Disk (KB)            :   175         175    870398 
	   Gpus                 :                           0 
	   Memory (MB)          :     4           1       128 
...
