000 (674426.000.000) 09/14 14:18:50 Job submitted from host: <140.160.143.130:9618?addrs=140.160.143.130-9618&noUDP&sock=5591_da80_4>
...
009 (674426.000.000) 09/14 14:20:43 Job was aborted by the user.
	via condor_rm (by user scoggim)
...
000 (674570.000.000) 09/14 14:25:59 Job submitted from host: <140.160.143.130:9618?addrs=140.160.143.130-9618&noUDP&sock=5591_da80_4>
...
000 (674714.000.000) 09/14 14:26:41 Job submitted from host: <140.160.143.130:9618?addrs=140.160.143.130-9618&noUDP&sock=5591_da80_4>
...
000 (674858.000.000) 09/14 14:27:39 Job submitted from host: <140.160.143.130:9618?addrs=140.160.143.130-9618&noUDP&sock=5591_da80_4>
...
009 (674858.000.000) 09/14 14:46:33 Job was aborted by the user.
	via condor_rm (by user scoggim)
...
009 (674570.000.000) 09/14 14:46:33 Job was aborted by the user.
	via condor_rm (by user scoggim)
...
009 (674714.000.000) 09/14 14:46:34 Job was aborted by the user.
	via condor_rm (by user scoggim)
...
000 (675038.000.000) 09/14 22:20:26 Job submitted from host: <140.160.143.130:9618?addrs=140.160.143.130-9618&noUDP&sock=5591_da80_4>
...
001 (675038.000.000) 09/16 02:11:52 Job executing on host: <140.160.143.149:9618?addrs=140.160.143.149-9618&noUDP&sock=8214_036a_3>
...
006 (675038.000.000) 09/16 02:12:00 Image size of job updated: 2772
	3  -  MemoryUsage of job (MB)
	2772  -  ResidentSetSize of job (KB)
...
006 (675038.000.000) 09/16 02:17:01 Image size of job updated: 18212
	18  -  MemoryUsage of job (MB)
	18212  -  ResidentSetSize of job (KB)
...
006 (675038.000.000) 09/16 02:22:02 Image size of job updated: 31868
	32  -  MemoryUsage of job (MB)
	31868  -  ResidentSetSize of job (KB)
...
006 (675038.000.000) 09/16 02:27:02 Image size of job updated: 50680
	50  -  MemoryUsage of job (MB)
	50680  -  ResidentSetSize of job (KB)
...
006 (675038.000.000) 09/16 02:32:02 Image size of job updated: 69556
	68  -  MemoryUsage of job (MB)
	69556  -  ResidentSetSize of job (KB)
...
006 (675038.000.000) 09/16 02:37:03 Image size of job updated: 75280
	74  -  MemoryUsage of job (MB)
	75280  -  ResidentSetSize of job (KB)
...
005 (675038.000.000) 09/18 09:37:08 Job terminated.
	(1) Normal termination (return value 0)
		Usr 0 00:22:35, Sys 0 00:10:54  -  Run Remote Usage
		Usr 0 00:00:00, Sys 0 00:00:00  -  Run Local Usage
		Usr 0 00:22:35, Sys 0 00:10:54  -  Total Remote Usage
		Usr 0 00:00:00, Sys 0 00:00:00  -  Total Local Usage
	0  -  Run Bytes Sent By Job
	0  -  Run Bytes Received By Job
	0  -  Total Bytes Sent By Job
	0  -  Total Bytes Received By Job
	Partitionable Resources :    Usage  Request Allocated 
	   Cpus                 :     2.00        2         2 
	   Disk (KB)            :   150         150     18162 
	   Gpus                 :                           0 
	   Memory (MB)          :    74           1       128 
...
000 (252.000.000) 10/21 16:26:41 Job submitted from host: <140.160.143.131:9618?addrs=140.160.143.131-9618&noUDP&sock=2776_aefe_4>
...
001 (252.000.000) 10/22 11:37:26 Job executing on host: <140.160.143.145:9618?addrs=140.160.143.145-9618&noUDP&sock=1466_21ee_3>
...
006 (252.000.000) 10/22 11:37:34 Image size of job updated: 2236
	3  -  MemoryUsage of job (MB)
	2236  -  ResidentSetSize of job (KB)
...
006 (252.000.000) 10/22 11:42:34 Image size of job updated: 2240
	3  -  MemoryUsage of job (MB)
	2240  -  ResidentSetSize of job (KB)
...
006 (252.000.000) 10/22 11:57:36 Image size of job updated: 2348
	3  -  MemoryUsage of job (MB)
	2348  -  ResidentSetSize of job (KB)
...
004 (252.000.000) 10/22 13:21:45 Job was evicted.
	(0) Job was not checkpointed.
		Usr 0 02:59:09, Sys 0 00:29:28  -  Run Remote Usage
		Usr 0 00:00:00, Sys 0 00:00:00  -  Run Local Usage
	0  -  Run Bytes Sent By Job
	0  -  Run Bytes Received By Job
	Partitionable Resources :    Usage  Request Allocated 
	   Cpus                 :     2.00        2         2 
	   Disk (KB)            :   150         150    888078 
	   Memory (MB)          :     3       20480     20480 
...
009 (252.000.000) 10/22 13:21:45 Job was aborted by the user.
	via condor_rm (by user scoggim)
...
000 (309.008.000) 10/22 13:32:35 Job submitted from host: <140.160.143.131:9618?addrs=140.160.143.131-9618&noUDP&sock=2776_aefe_4>
...
001 (309.008.000) 10/22 13:32:47 Job executing on host: <140.160.143.141:9618?addrs=140.160.143.141-9618&noUDP&sock=1474_9eb0_3>
...
006 (309.008.000) 10/22 13:32:56 Image size of job updated: 2228
	3  -  MemoryUsage of job (MB)
	2228  -  ResidentSetSize of job (KB)
...
006 (309.008.000) 10/22 13:52:59 Image size of job updated: 2336
	3  -  MemoryUsage of job (MB)
	2336  -  ResidentSetSize of job (KB)
...
006 (309.008.000) 10/22 14:13:00 Image size of job updated: 2340
	3  -  MemoryUsage of job (MB)
	2340  -  ResidentSetSize of job (KB)
...
005 (309.008.000) 10/24 00:20:00 Job terminated.
	(1) Normal termination (return value 0)
		Usr 2 11:59:14, Sys 0 09:35:10  -  Run Remote Usage
		Usr 0 00:00:00, Sys 0 00:00:00  -  Run Local Usage
		Usr 2 11:59:14, Sys 0 09:35:10  -  Total Remote Usage
		Usr 0 00:00:00, Sys 0 00:00:00  -  Total Local Usage
	0  -  Run Bytes Sent By Job
	0  -  Run Bytes Received By Job
	0  -  Total Bytes Sent By Job
	0  -  Total Bytes Received By Job
	Partitionable Resources :    Usage  Request Allocated 
	   Cpus                 :     2.00        2         2 
	   Disk (KB)            :   150         150    888012 
	   Memory (MB)          :     3       20480     20480 
...
000 (376.008.000) 10/24 18:01:12 Job submitted from host: <140.160.143.131:9618?addrs=140.160.143.131-9618&noUDP&sock=2776_aefe_4>
...
001 (376.008.000) 10/24 18:01:13 Job executing on host: <140.160.143.144:9618?addrs=140.160.143.144-9618&noUDP&sock=1354_4f52_3>
...
006 (376.008.000) 10/24 18:01:21 Image size of job updated: 2216
	3  -  MemoryUsage of job (MB)
	2216  -  ResidentSetSize of job (KB)
...
004 (376.008.000) 10/24 18:01:26 Job was evicted.
	(0) Job was not checkpointed.
		Usr 0 00:00:21, Sys 0 00:00:04  -  Run Remote Usage
		Usr 0 00:00:00, Sys 0 00:00:00  -  Run Local Usage
	0  -  Run Bytes Sent By Job
	0  -  Run Bytes Received By Job
	Partitionable Resources :    Usage  Request Allocated 
	   Cpus                 :     1.96        2         2 
	   Disk (KB)            :   150         150    888004 
	   Memory (MB)          :     3       20480     20480 
...
009 (376.008.000) 10/24 18:01:26 Job was aborted by the user.
	via condor_rm (by user scoggim)
...
000 (377.008.000) 10/24 18:02:23 Job submitted from host: <140.160.143.131:9618?addrs=140.160.143.131-9618&noUDP&sock=2776_aefe_4>
...
001 (377.008.000) 10/24 18:02:33 Job executing on host: <140.160.143.144:9618?addrs=140.160.143.144-9618&noUDP&sock=1354_4f52_3>
...
006 (377.008.000) 10/24 18:02:42 Image size of job updated: 2220
	3  -  MemoryUsage of job (MB)
	2220  -  ResidentSetSize of job (KB)
...
006 (377.008.000) 10/24 18:27:45 Image size of job updated: 2328
	3  -  MemoryUsage of job (MB)
	2328  -  ResidentSetSize of job (KB)
...
004 (377.008.000) 10/24 22:08:59 Job was evicted.
	(0) Job was not checkpointed.
		Usr 0 06:52:15, Sys 0 01:20:30  -  Run Remote Usage
		Usr 0 00:00:00, Sys 0 00:00:00  -  Run Local Usage
	0  -  Run Bytes Sent By Job
	0  -  Run Bytes Received By Job
	Partitionable Resources :    Usage  Request Allocated 
	   Cpus                 :     2.00        2         2 
	   Disk (KB)            :   150         150    888004 
	   Memory (MB)          :     3       20480     20480 
...
009 (377.008.000) 10/24 22:09:00 Job was aborted by the user.
	via condor_rm (by user scoggim)
...
000 (378.008.000) 10/24 22:09:10 Job submitted from host: <140.160.143.131:9618?addrs=140.160.143.131-9618&noUDP&sock=2776_aefe_4>
...
001 (378.008.000) 10/24 22:09:11 Job executing on host: <140.160.143.144:9618?addrs=140.160.143.144-9618&noUDP&sock=1354_4f52_3>
...
006 (378.008.000) 10/24 22:09:20 Image size of job updated: 2228
	3  -  MemoryUsage of job (MB)
	2228  -  ResidentSetSize of job (KB)
...
006 (378.008.000) 10/24 22:34:23 Image size of job updated: 2336
	3  -  MemoryUsage of job (MB)
	2336  -  ResidentSetSize of job (KB)
...
006 (378.008.000) 10/25 02:44:50 Image size of job updated: 2340
	3  -  MemoryUsage of job (MB)
	2340  -  ResidentSetSize of job (KB)
...
004 (378.008.000) 10/25 11:03:40 Job was evicted.
	(0) Job was not checkpointed.
		Usr 0 21:34:08, Sys 0 04:14:33  -  Run Remote Usage
		Usr 0 00:00:00, Sys 0 00:00:00  -  Run Local Usage
	0  -  Run Bytes Sent By Job
	0  -  Run Bytes Received By Job
	Partitionable Resources :    Usage  Request Allocated 
	   Cpus                 :     2.00        2         2 
	   Disk (KB)            :   150         150    888004 
	   Memory (MB)          :     3       20480     20480 
...
009 (378.008.000) 10/25 11:03:40 Job was aborted by the user.
	via condor_rm (by user scoggim)
...
000 (392.008.000) 10/25 11:03:48 Job submitted from host: <140.160.143.131:9618?addrs=140.160.143.131-9618&noUDP&sock=2776_aefe_4>
...
001 (392.008.000) 10/25 11:04:08 Job executing on host: <140.160.143.144:9618?addrs=140.160.143.144-9618&noUDP&sock=1354_4f52_3>
...
006 (392.008.000) 10/25 11:04:16 Image size of job updated: 2220
	3  -  MemoryUsage of job (MB)
	2220  -  ResidentSetSize of job (KB)
...
006 (392.008.000) 10/25 11:29:19 Image size of job updated: 2328
	3  -  MemoryUsage of job (MB)
	2328  -  ResidentSetSize of job (KB)
...
004 (392.008.000) 10/25 14:27:29 Job was evicted.
	(0) Job was not checkpointed.
		Usr 0 05:40:10, Sys 0 01:06:28  -  Run Remote Usage
		Usr 0 00:00:00, Sys 0 00:00:00  -  Run Local Usage
	0  -  Run Bytes Sent By Job
	0  -  Run Bytes Received By Job
	Partitionable Resources :    Usage  Request Allocated 
	   Cpus                 :     2.00        2         2 
	   Disk (KB)            :   150         150    888004 
	   Memory (MB)          :     3       20480     20480 
...
009 (392.008.000) 10/25 14:27:30 Job was aborted by the user.
	via condor_rm (by user scoggim)
...
000 (396.008.000) 10/25 14:27:34 Job submitted from host: <140.160.143.131:9618?addrs=140.160.143.131-9618&noUDP&sock=2776_aefe_4>
...
001 (396.008.000) 10/25 14:27:37 Job executing on host: <140.160.143.144:9618?addrs=140.160.143.144-9618&noUDP&sock=1354_4f52_3>
...
006 (396.008.000) 10/25 14:27:46 Image size of job updated: 2224
	3  -  MemoryUsage of job (MB)
	2224  -  ResidentSetSize of job (KB)
...
006 (396.008.000) 10/25 14:47:48 Image size of job updated: 2332
	3  -  MemoryUsage of job (MB)
	2332  -  ResidentSetSize of job (KB)
...
006 (396.008.000) 10/25 18:03:08 Image size of job updated: 2336
	3  -  MemoryUsage of job (MB)
	2336  -  ResidentSetSize of job (KB)
...
004 (396.008.000) 10/26 12:20:55 Job was evicted.
	(0) Job was not checkpointed.
		Usr 1 13:30:06, Sys 0 06:16:27  -  Run Remote Usage
		Usr 0 00:00:00, Sys 0 00:00:00  -  Run Local Usage
	0  -  Run Bytes Sent By Job
	0  -  Run Bytes Received By Job
	Partitionable Resources :    Usage  Request Allocated 
	   Cpus                 :     2.00        2         2 
	   Disk (KB)            :   150         150    888004 
	   Memory (MB)          :     3       20480     20480 
...
009 (396.008.000) 10/26 12:20:55 Job was aborted by the user.
	via condor_rm (by user scoggim)
...
000 (418.008.000) 10/26 12:22:09 Job submitted from host: <140.160.143.131:9618?addrs=140.160.143.131-9618&noUDP&sock=2776_aefe_4>
...
001 (418.008.000) 10/26 12:22:10 Job executing on host: <140.160.143.147:9618?addrs=140.160.143.147-9618&noUDP&sock=1438_ed47_3>
...
006 (418.008.000) 10/26 12:22:19 Image size of job updated: 2232
	3  -  MemoryUsage of job (MB)
	2232  -  ResidentSetSize of job (KB)
...
006 (418.008.000) 10/26 12:42:21 Image size of job updated: 2340
	3  -  MemoryUsage of job (MB)
	2340  -  ResidentSetSize of job (KB)
...
006 (418.008.000) 10/26 15:57:41 Image size of job updated: 2344
	3  -  MemoryUsage of job (MB)
	2344  -  ResidentSetSize of job (KB)
...
004 (418.008.000) 10/26 20:10:06 Job was evicted.
	(0) Job was not checkpointed.
		Usr 0 13:21:29, Sys 0 02:14:21  -  Run Remote Usage
		Usr 0 00:00:00, Sys 0 00:00:00  -  Run Local Usage
	0  -  Run Bytes Sent By Job
	0  -  Run Bytes Received By Job
	Partitionable Resources :    Usage  Request Allocated 
	   Cpus                 :     2.00        2         2 
	   Disk (KB)            :   150         150    204210 
	   Memory (MB)          :     3       20480     20480 
...
009 (418.008.000) 10/26 20:10:07 Job was aborted by the user.
	via condor_rm (by user scoggim)
...
000 (419.008.000) 10/26 20:10:13 Job submitted from host: <140.160.143.131:9618?addrs=140.160.143.131-9618&noUDP&sock=2776_aefe_4>
...
001 (419.008.000) 10/26 20:10:13 Job executing on host: <140.160.143.147:9618?addrs=140.160.143.147-9618&noUDP&sock=1438_ed47_3>
...
006 (419.008.000) 10/26 20:10:22 Image size of job updated: 2236
	3  -  MemoryUsage of job (MB)
	2236  -  ResidentSetSize of job (KB)
...
006 (419.008.000) 10/26 20:15:23 Image size of job updated: 2240
	3  -  MemoryUsage of job (MB)
	2240  -  ResidentSetSize of job (KB)
...
006 (419.008.000) 10/26 20:30:24 Image size of job updated: 2348
	3  -  MemoryUsage of job (MB)
	2348  -  ResidentSetSize of job (KB)
...
004 (419.008.000) 10/27 11:05:18 Job was evicted.
	(0) Job was not checkpointed.
		Usr 1 01:32:58, Sys 0 04:17:11  -  Run Remote Usage
		Usr 0 00:00:00, Sys 0 00:00:00  -  Run Local Usage
	0  -  Run Bytes Sent By Job
	0  -  Run Bytes Received By Job
	Partitionable Resources :    Usage  Request Allocated 
	   Cpus                 :     2.00        2         2 
	   Disk (KB)            :   150         150    204210 
	   Memory (MB)          :     3       20480     20480 
...
009 (419.008.000) 10/27 11:05:19 Job was aborted by the user.
	via condor_rm (by user scoggim)
...
000 (420.008.000) 10/27 11:17:25 Job submitted from host: <140.160.143.131:9618?addrs=140.160.143.131-9618&noUDP&sock=2776_aefe_4>
...
001 (420.008.000) 10/27 11:17:44 Job executing on host: <140.160.143.153:9618?addrs=140.160.143.153-9618&noUDP&sock=2977_8d88_3>
...
006 (420.008.000) 10/27 11:17:53 Image size of job updated: 2228
	3  -  MemoryUsage of job (MB)
	2228  -  ResidentSetSize of job (KB)
...
006 (420.008.000) 10/27 12:02:58 Image size of job updated: 2336
	3  -  MemoryUsage of job (MB)
	2336  -  ResidentSetSize of job (KB)
...
005 (420.008.000) 11/01 01:08:36 Job terminated.
	(1) Normal termination (return value 0)
		Usr 7 16:39:37, Sys 1 11:00:47  -  Run Remote Usage
		Usr 0 00:00:00, Sys 0 00:00:00  -  Run Local Usage
		Usr 7 16:39:37, Sys 1 11:00:47  -  Total Remote Usage
		Usr 0 00:00:00, Sys 0 00:00:00  -  Total Local Usage
	0  -  Run Bytes Sent By Job
	0  -  Run Bytes Received By Job
	0  -  Total Bytes Sent By Job
	0  -  Total Bytes Received By Job
	Partitionable Resources :    Usage  Request Allocated 
	   Cpus                 :     2.00        2         2 
	   Disk (KB)            :   150         150    876534 
	   Gpus                 :                           0 
	   Memory (MB)          :     3       20480     20480 
...
