000 (2267.683.000) 04/28 23:44:32 Job submitted from host: <140.160.143.131:9618?addrs=140.160.143.131-9618&noUDP&sock=3131910_565e_30>
...
000 (2268.683.000) 04/28 23:46:20 Job submitted from host: <140.160.143.131:9618?addrs=140.160.143.131-9618&noUDP&sock=3131910_565e_30>
...
001 (2267.683.000) 05/01 12:15:24 Job executing on host: <140.160.143.166:9618?addrs=140.160.143.166-9618&noUDP&sock=14230_2cc4_3>
...
006 (2267.683.000) 05/01 12:15:32 Image size of job updated: 2724
	3  -  MemoryUsage of job (MB)
	2724  -  ResidentSetSize of job (KB)
...
005 (2267.683.000) 05/02 11:14:01 Job terminated.
	(1) Normal termination (return value 0)
		Usr 2 06:26:57, Sys 1 13:26:30  -  Run Remote Usage
		Usr 0 00:00:00, Sys 0 00:00:00  -  Run Local Usage
		Usr 2 06:26:57, Sys 1 13:26:30  -  Total Remote Usage
		Usr 0 00:00:00, Sys 0 00:00:00  -  Total Local Usage
	0  -  Run Bytes Sent By Job
	0  -  Run Bytes Received By Job
	0  -  Total Bytes Sent By Job
	0  -  Total Bytes Received By Job
	Partitionable Resources :    Usage  Request Allocated 
	   Cpus                 :     4.00        4         4 
	   Disk (KB)            :   175         175    844602 
	   Memory (MB)          :     3           1       128 
...
009 (2268.683.000) 05/11 09:58:39 Job was aborted by the user.
	via condor_rm (by user scoggim)
...
000 (2400.007.000) 05/11 12:37:08 Job submitted from host: <140.160.143.131:9618?addrs=140.160.143.131-9618&noUDP&sock=3131910_565e_30>
...
001 (2400.007.000) 05/11 12:37:11 Job executing on host: <140.160.143.145:9618?addrs=140.160.143.145-9618&noUDP&sock=16120_8ec3_3>
...
006 (2400.007.000) 05/11 12:37:20 Image size of job updated: 2156
	2  -  MemoryUsage of job (MB)
	2048  -  ResidentSetSize of job (KB)
...
005 (2400.007.000) 05/11 22:45:01 Job terminated.
	(1) Normal termination (return value 0)
		Usr 0 10:07:18, Sys 0 00:00:00  -  Run Remote Usage
		Usr 0 00:00:00, Sys 0 00:00:00  -  Run Local Usage
		Usr 0 10:07:18, Sys 0 00:00:00  -  Total Remote Usage
		Usr 0 00:00:00, Sys 0 00:00:00  -  Total Local Usage
	0  -  Run Bytes Sent By Job
	0  -  Run Bytes Received By Job
	0  -  Total Bytes Sent By Job
	0  -  Total Bytes Received By Job
	Partitionable Resources :    Usage  Request Allocated 
	   Cpus                 :     1.00        1         1 
	   Disk (KB)            :   175         175    881546 
	   Memory (MB)          :     2           1       128 
...
000 (2511.683.000) 05/27 15:03:19 Job submitted from host: <140.160.143.131:9618?addrs=140.160.143.131-9618&noUDP&sock=3131910_565e_30>
...
001 (2511.683.000) 05/27 21:20:59 Job executing on host: <140.160.143.146:9618?addrs=140.160.143.146-9618&noUDP&sock=4054_4908_3>
...
006 (2511.683.000) 05/27 21:21:08 Image size of job updated: 62172
	61  -  MemoryUsage of job (MB)
	62172  -  ResidentSetSize of job (KB)
...
006 (2511.683.000) 05/28 09:17:24 Image size of job updated: 67064
	66  -  MemoryUsage of job (MB)
	67064  -  ResidentSetSize of job (KB)
...
006 (2511.683.000) 05/31 13:14:14 Image size of job updated: 145796
	66  -  MemoryUsage of job (MB)
	67064  -  ResidentSetSize of job (KB)
...
004 (2511.683.000) 05/31 13:14:14 Job was evicted.
	(0) Job was not checkpointed.
		Usr 3 15:43:24, Sys 0 00:00:16  -  Run Remote Usage
		Usr 0 00:00:00, Sys 0 00:00:00  -  Run Local Usage
	0  -  Run Bytes Sent By Job
	0  -  Run Bytes Received By Job
	Partitionable Resources :    Usage  Request Allocated 
	   Cpus                 :     1.00        1         1 
	   Disk (KB)            :   175         175    881117 
	   Memory (MB)          :    66           1       128 
...
009 (2511.683.000) 05/31 13:14:15 Job was aborted by the user.
	via condor_rm (by user scoggim)
...
000 (2516.007.000) 06/02 11:26:44 Job submitted from host: <140.160.143.131:9618?addrs=140.160.143.131-9618&noUDP&sock=3131910_565e_30>
...
001 (2516.007.000) 06/02 11:26:56 Job executing on host: <140.160.143.147:9618?addrs=140.160.143.147-9618&noUDP&sock=26984_5ba8_3>
...
006 (2516.007.000) 06/02 11:27:05 Image size of job updated: 62180
	61  -  MemoryUsage of job (MB)
	62180  -  ResidentSetSize of job (KB)
...
004 (2516.007.000) 06/03 01:05:32 Job was evicted.
	(0) Job was not checkpointed.
		Usr 0 13:37:09, Sys 0 00:00:01  -  Run Remote Usage
		Usr 0 00:00:00, Sys 0 00:00:00  -  Run Local Usage
	0  -  Run Bytes Sent By Job
	0  -  Run Bytes Received By Job
	Partitionable Resources :    Usage  Request Allocated 
	   Cpus                 :     1.00        1         1 
	   Disk (KB)            :   175         175    196727 
	   Memory (MB)          :    61           1       128 
...
009 (2516.007.000) 06/03 01:05:34 Job was aborted by the user.
	via condor_rm (by user scoggim)
...
000 (2523.007.000) 06/03 01:09:40 Job submitted from host: <140.160.143.131:9618?addrs=140.160.143.131-9618&noUDP&sock=3131910_565e_30>
...
001 (2523.007.000) 06/03 01:10:39 Job executing on host: <140.160.143.140:9618?addrs=140.160.143.140-9618&noUDP&sock=16192_f195_3>
...
006 (2523.007.000) 06/03 01:10:47 Image size of job updated: 42064
	42  -  MemoryUsage of job (MB)
	42064  -  ResidentSetSize of job (KB)
...
006 (2523.007.000) 06/03 01:12:01 Image size of job updated: 248928
	42  -  MemoryUsage of job (MB)
	42064  -  ResidentSetSize of job (KB)
...
004 (2523.007.000) 06/03 01:12:01 Job was evicted.
	(0) Job was not checkpointed.
		Usr 0 00:02:24, Sys 0 00:01:01  -  Run Remote Usage
		Usr 0 00:00:00, Sys 0 00:00:00  -  Run Local Usage
	0  -  Run Bytes Sent By Job
	0  -  Run Bytes Received By Job
	Partitionable Resources :    Usage  Request Allocated 
	   Cpus                 :     2.46        4         4 
	   Disk (KB)            :   175         175    881228 
	   Memory (MB)          :    42           1       128 
...
009 (2523.007.000) 06/03 01:12:02 Job was aborted by the user.
	via condor_rm (by user scoggim)
...
000 (2524.007.000) 06/03 01:12:07 Job submitted from host: <140.160.143.131:9618?addrs=140.160.143.131-9618&noUDP&sock=3131910_565e_30>
...
001 (2524.007.000) 06/03 01:12:09 Job executing on host: <140.160.143.147:9618?addrs=140.160.143.147-9618&noUDP&sock=26984_5ba8_3>
...
006 (2524.007.000) 06/03 01:12:18 Image size of job updated: 42136
	42  -  MemoryUsage of job (MB)
	42136  -  ResidentSetSize of job (KB)
...
006 (2524.007.000) 06/03 01:57:22 Image size of job updated: 46996
	46  -  MemoryUsage of job (MB)
	46996  -  ResidentSetSize of job (KB)
...
006 (2524.007.000) 06/03 10:38:17 Image size of job updated: 47028
	46  -  MemoryUsage of job (MB)
	47028  -  ResidentSetSize of job (KB)
...
004 (2524.007.000) 06/03 11:11:22 Job was evicted.
	(0) Job was not checkpointed.
		Usr 0 16:34:01, Sys 0 07:16:59  -  Run Remote Usage
		Usr 0 00:00:00, Sys 0 00:00:00  -  Run Local Usage
	0  -  Run Bytes Sent By Job
	0  -  Run Bytes Received By Job
	Partitionable Resources :    Usage  Request Allocated 
	   Cpus                 :     2.35        4         4 
	   Disk (KB)            :   175         175    196727 
	   Memory (MB)          :    46           1       128 
...
009 (2524.007.000) 06/03 11:11:22 Job was aborted by the user.
	via condor_rm (by user scoggim)
...
000 (2525.007.000) 06/03 11:11:41 Job submitted from host: <140.160.143.131:9618?addrs=140.160.143.131-9618&noUDP&sock=3131910_565e_30>
...
001 (2525.007.000) 06/03 11:12:03 Job executing on host: <140.160.143.144:9618?addrs=140.160.143.144-9618&noUDP&sock=16727_e8c0_3>
...
006 (2525.007.000) 06/03 11:12:11 Image size of job updated: 62164
	61  -  MemoryUsage of job (MB)
	62164  -  ResidentSetSize of job (KB)
...
006 (2525.007.000) 06/04 16:20:11 Image size of job updated: 67060
	66  -  MemoryUsage of job (MB)
	67060  -  ResidentSetSize of job (KB)
...
005 (2525.007.000) 06/10 09:42:07 Job terminated.
	(1) Normal termination (return value 0)
		Usr 6 22:10:07, Sys 0 00:00:18  -  Run Remote Usage
		Usr 0 00:00:00, Sys 0 00:00:00  -  Run Local Usage
		Usr 6 22:10:07, Sys 0 00:00:18  -  Total Remote Usage
		Usr 0 00:00:00, Sys 0 00:00:00  -  Total Local Usage
	0  -  Run Bytes Sent By Job
	0  -  Run Bytes Received By Job
	0  -  Total Bytes Sent By Job
	0  -  Total Bytes Received By Job
	Partitionable Resources :    Usage  Request Allocated 
	   Cpus                 :     1.00        1         1 
	   Disk (KB)            :   175         175    881004 
	   Memory (MB)          :    66           1       128 
...
