000 (2059.261.000) 03/05 16:54:49 Job submitted from host: <140.160.143.131:9618?addrs=140.160.143.131-9618&noUDP&sock=1229063_9141_4>
...
009 (2059.261.000) 03/05 19:47:02 Job was aborted by the user.
	via condor_rm (by user scoggim)
...
000 (2131.261.000) 03/15 01:18:30 Job submitted from host: <140.160.143.131:9618?addrs=140.160.143.131-9618&noUDP&sock=1229063_9141_4>
...
001 (2131.261.000) 03/20 14:02:19 Job executing on host: <140.160.143.164:9618?addrs=140.160.143.164-9618&noUDP&sock=59457_2292_3>
...
006 (2131.261.000) 03/20 14:02:28 Image size of job updated: 4772
	5  -  MemoryUsage of job (MB)
	4772  -  ResidentSetSize of job (KB)
...
006 (2131.261.000) 03/20 14:22:30 Image size of job updated: 4776
	5  -  MemoryUsage of job (MB)
	4776  -  ResidentSetSize of job (KB)
...
006 (2131.261.000) 03/20 14:47:33 Image size of job updated: 5024
	5  -  MemoryUsage of job (MB)
	5024  -  ResidentSetSize of job (KB)
...
006 (2131.261.000) 03/21 05:10:28 Image size of job updated: 217036
	5  -  MemoryUsage of job (MB)
	5024  -  ResidentSetSize of job (KB)
...
005 (2131.261.000) 03/21 05:10:28 Job terminated.
	(1) Normal termination (return value 0)
		Usr 1 15:51:10, Sys 0 20:40:14  -  Run Remote Usage
		Usr 0 00:00:00, Sys 0 00:00:00  -  Run Local Usage
		Usr 1 15:51:10, Sys 0 20:40:14  -  Total Remote Usage
		Usr 0 00:00:00, Sys 0 00:00:00  -  Total Local Usage
	0  -  Run Bytes Sent By Job
	0  -  Run Bytes Received By Job
	0  -  Total Bytes Sent By Job
	0  -  Total Bytes Received By Job
	Partitionable Resources :    Usage  Request Allocated 
	   Cpus                 :     4.00        4         4 
	   Disk (KB)            :   175         175    844642 
	   Memory (MB)          :     5           1       128 
...
