000 (674390.000.000) 09/14 14:18:49 Job submitted from host: <140.160.143.130:9618?addrs=140.160.143.130-9618&noUDP&sock=5591_da80_4>
...
009 (674390.000.000) 09/14 14:20:44 Job was aborted by the user.
	via condor_rm (by user scoggim)
...
000 (674534.000.000) 09/14 14:25:58 Job submitted from host: <140.160.143.130:9618?addrs=140.160.143.130-9618&noUDP&sock=5591_da80_4>
...
000 (674678.000.000) 09/14 14:26:39 Job submitted from host: <140.160.143.130:9618?addrs=140.160.143.130-9618&noUDP&sock=5591_da80_4>
...
000 (674822.000.000) 09/14 14:27:38 Job submitted from host: <140.160.143.130:9618?addrs=140.160.143.130-9618&noUDP&sock=5591_da80_4>
...
009 (674822.000.000) 09/14 14:46:33 Job was aborted by the user.
	via condor_rm (by user scoggim)
...
009 (674534.000.000) 09/14 14:46:33 Job was aborted by the user.
	via condor_rm (by user scoggim)
...
009 (674678.000.000) 09/14 14:46:33 Job was aborted by the user.
	via condor_rm (by user scoggim)
...
000 (675002.000.000) 09/14 22:20:24 Job submitted from host: <140.160.143.130:9618?addrs=140.160.143.130-9618&noUDP&sock=5591_da80_4>
...
001 (675002.000.000) 09/15 10:39:43 Job executing on host: <140.160.143.156:9618?addrs=140.160.143.156-9618&noUDP&sock=4471_a06d_3>
...
006 (675002.000.000) 09/15 10:39:52 Image size of job updated: 2876
	3  -  MemoryUsage of job (MB)
	2876  -  ResidentSetSize of job (KB)
...
006 (675002.000.000) 09/15 10:44:53 Image size of job updated: 68792
	68  -  MemoryUsage of job (MB)
	68792  -  ResidentSetSize of job (KB)
...
006 (675002.000.000) 09/15 10:49:53 Image size of job updated: 136104
	133  -  MemoryUsage of job (MB)
	136104  -  ResidentSetSize of job (KB)
...
006 (675002.000.000) 09/15 10:54:54 Image size of job updated: 203812
	200  -  MemoryUsage of job (MB)
	203812  -  ResidentSetSize of job (KB)
...
006 (675002.000.000) 09/15 10:59:55 Image size of job updated: 265388
	260  -  MemoryUsage of job (MB)
	265388  -  ResidentSetSize of job (KB)
...
006 (675002.000.000) 09/15 11:04:55 Image size of job updated: 323280
	316  -  MemoryUsage of job (MB)
	323280  -  ResidentSetSize of job (KB)
...
006 (675002.000.000) 09/15 11:09:55 Image size of job updated: 364668
	357  -  MemoryUsage of job (MB)
	364668  -  ResidentSetSize of job (KB)
...
006 (675002.000.000) 09/15 17:35:36 Image size of job updated: 5982636
	357  -  MemoryUsage of job (MB)
	364668  -  ResidentSetSize of job (KB)
...
006 (675002.000.000) 09/15 17:40:37 Image size of job updated: 6054596
	357  -  MemoryUsage of job (MB)
	364668  -  ResidentSetSize of job (KB)
...
006 (675002.000.000) 09/15 17:45:38 Image size of job updated: 6127648
	357  -  MemoryUsage of job (MB)
	364668  -  ResidentSetSize of job (KB)
...
006 (675002.000.000) 09/15 17:50:38 Image size of job updated: 6201008
	357  -  MemoryUsage of job (MB)
	364668  -  ResidentSetSize of job (KB)
...
006 (675002.000.000) 09/15 17:55:39 Image size of job updated: 6273360
	357  -  MemoryUsage of job (MB)
	364668  -  ResidentSetSize of job (KB)
...
006 (675002.000.000) 09/15 18:00:40 Image size of job updated: 6347252
	357  -  MemoryUsage of job (MB)
	364668  -  ResidentSetSize of job (KB)
...
006 (675002.000.000) 09/15 18:05:40 Image size of job updated: 6419408
	357  -  MemoryUsage of job (MB)
	364668  -  ResidentSetSize of job (KB)
...
006 (675002.000.000) 09/15 18:10:41 Image size of job updated: 6492040
	357  -  MemoryUsage of job (MB)
	364668  -  ResidentSetSize of job (KB)
...
006 (675002.000.000) 09/15 18:15:41 Image size of job updated: 6565064
	357  -  MemoryUsage of job (MB)
	364668  -  ResidentSetSize of job (KB)
...
006 (675002.000.000) 09/15 18:20:42 Image size of job updated: 6638480
	357  -  MemoryUsage of job (MB)
	364668  -  ResidentSetSize of job (KB)
...
006 (675002.000.000) 09/15 18:25:43 Image size of job updated: 6711392
	357  -  MemoryUsage of job (MB)
	364668  -  ResidentSetSize of job (KB)
...
006 (675002.000.000) 09/15 18:30:43 Image size of job updated: 6783688
	357  -  MemoryUsage of job (MB)
	364668  -  ResidentSetSize of job (KB)
...
006 (675002.000.000) 09/15 18:35:43 Image size of job updated: 6856796
	357  -  MemoryUsage of job (MB)
	364668  -  ResidentSetSize of job (KB)
...
006 (675002.000.000) 09/15 18:40:45 Image size of job updated: 6927972
	357  -  MemoryUsage of job (MB)
	364668  -  ResidentSetSize of job (KB)
...
006 (675002.000.000) 09/15 18:45:45 Image size of job updated: 7000296
	357  -  MemoryUsage of job (MB)
	364668  -  ResidentSetSize of job (KB)
...
006 (675002.000.000) 09/15 18:50:45 Image size of job updated: 7072480
	357  -  MemoryUsage of job (MB)
	364668  -  ResidentSetSize of job (KB)
...
006 (675002.000.000) 09/15 18:55:47 Image size of job updated: 7145028
	357  -  MemoryUsage of job (MB)
	364668  -  ResidentSetSize of job (KB)
...
006 (675002.000.000) 09/15 19:00:47 Image size of job updated: 7217576
	357  -  MemoryUsage of job (MB)
	364668  -  ResidentSetSize of job (KB)
...
006 (675002.000.000) 09/15 19:05:47 Image size of job updated: 7286148
	357  -  MemoryUsage of job (MB)
	364668  -  ResidentSetSize of job (KB)
...
006 (675002.000.000) 09/15 19:10:48 Image size of job updated: 7360908
	357  -  MemoryUsage of job (MB)
	364668  -  ResidentSetSize of job (KB)
...
006 (675002.000.000) 09/15 19:15:49 Image size of job updated: 7431132
	357  -  MemoryUsage of job (MB)
	364668  -  ResidentSetSize of job (KB)
...
006 (675002.000.000) 09/15 19:20:49 Image size of job updated: 7504016
	357  -  MemoryUsage of job (MB)
	364668  -  ResidentSetSize of job (KB)
...
006 (675002.000.000) 09/15 19:25:50 Image size of job updated: 7577180
	357  -  MemoryUsage of job (MB)
	364668  -  ResidentSetSize of job (KB)
...
006 (675002.000.000) 09/15 19:30:51 Image size of job updated: 7650288
	357  -  MemoryUsage of job (MB)
	364668  -  ResidentSetSize of job (KB)
...
006 (675002.000.000) 09/15 19:35:51 Image size of job updated: 7722556
	357  -  MemoryUsage of job (MB)
	364668  -  ResidentSetSize of job (KB)
...
006 (675002.000.000) 09/15 19:40:51 Image size of job updated: 7795048
	357  -  MemoryUsage of job (MB)
	364668  -  ResidentSetSize of job (KB)
...
006 (675002.000.000) 09/15 19:45:52 Image size of job updated: 7867960
	357  -  MemoryUsage of job (MB)
	364668  -  ResidentSetSize of job (KB)
...
006 (675002.000.000) 09/15 19:50:53 Image size of job updated: 7940116
	357  -  MemoryUsage of job (MB)
	364668  -  ResidentSetSize of job (KB)
...
006 (675002.000.000) 09/15 19:55:53 Image size of job updated: 8012944
	357  -  MemoryUsage of job (MB)
	364668  -  ResidentSetSize of job (KB)
...
006 (675002.000.000) 09/15 20:00:53 Image size of job updated: 8086304
	357  -  MemoryUsage of job (MB)
	364668  -  ResidentSetSize of job (KB)
...
006 (675002.000.000) 09/15 20:05:55 Image size of job updated: 8158936
	357  -  MemoryUsage of job (MB)
	364668  -  ResidentSetSize of job (KB)
...
006 (675002.000.000) 09/15 20:10:55 Image size of job updated: 8231372
	357  -  MemoryUsage of job (MB)
	364668  -  ResidentSetSize of job (KB)
...
006 (675002.000.000) 09/15 20:15:55 Image size of job updated: 8304536
	357  -  MemoryUsage of job (MB)
	364668  -  ResidentSetSize of job (KB)
...
006 (675002.000.000) 09/15 20:20:56 Image size of job updated: 8378008
	357  -  MemoryUsage of job (MB)
	364668  -  ResidentSetSize of job (KB)
...
006 (675002.000.000) 09/15 20:25:57 Image size of job updated: 8450584
	357  -  MemoryUsage of job (MB)
	364668  -  ResidentSetSize of job (KB)
...
006 (675002.000.000) 09/15 20:30:57 Image size of job updated: 8522516
	357  -  MemoryUsage of job (MB)
	364668  -  ResidentSetSize of job (KB)
...
006 (675002.000.000) 09/15 20:35:57 Image size of job updated: 8595224
	357  -  MemoryUsage of job (MB)
	364668  -  ResidentSetSize of job (KB)
...
006 (675002.000.000) 09/15 20:40:58 Image size of job updated: 8666828
	357  -  MemoryUsage of job (MB)
	364668  -  ResidentSetSize of job (KB)
...
006 (675002.000.000) 09/15 20:45:58 Image size of job updated: 8738956
	357  -  MemoryUsage of job (MB)
	364668  -  ResidentSetSize of job (KB)
...
006 (675002.000.000) 09/15 20:50:58 Image size of job updated: 8811616
	357  -  MemoryUsage of job (MB)
	364668  -  ResidentSetSize of job (KB)
...
006 (675002.000.000) 09/15 20:55:59 Image size of job updated: 8883548
	357  -  MemoryUsage of job (MB)
	364668  -  ResidentSetSize of job (KB)
...
006 (675002.000.000) 09/15 21:01:00 Image size of job updated: 8957412
	357  -  MemoryUsage of job (MB)
	364668  -  ResidentSetSize of job (KB)
...
006 (675002.000.000) 09/15 21:06:00 Image size of job updated: 9021812
	357  -  MemoryUsage of job (MB)
	364668  -  ResidentSetSize of job (KB)
...
006 (675002.000.000) 09/15 21:11:01 Image size of job updated: 9090104
	357  -  MemoryUsage of job (MB)
	364668  -  ResidentSetSize of job (KB)
...
006 (675002.000.000) 09/15 21:16:02 Image size of job updated: 9158088
	357  -  MemoryUsage of job (MB)
	364668  -  ResidentSetSize of job (KB)
...
006 (675002.000.000) 09/15 21:21:02 Image size of job updated: 9224168
	357  -  MemoryUsage of job (MB)
	364668  -  ResidentSetSize of job (KB)
...
006 (675002.000.000) 09/15 21:26:02 Image size of job updated: 9290220
	357  -  MemoryUsage of job (MB)
	364668  -  ResidentSetSize of job (KB)
...
006 (675002.000.000) 09/15 21:31:03 Image size of job updated: 9357336
	357  -  MemoryUsage of job (MB)
	364668  -  ResidentSetSize of job (KB)
...
006 (675002.000.000) 09/15 21:36:03 Image size of job updated: 9423192
	357  -  MemoryUsage of job (MB)
	364668  -  ResidentSetSize of job (KB)
...
006 (675002.000.000) 09/15 21:41:03 Image size of job updated: 9491820
	357  -  MemoryUsage of job (MB)
	364668  -  ResidentSetSize of job (KB)
...
006 (675002.000.000) 09/15 21:46:04 Image size of job updated: 9560160
	357  -  MemoryUsage of job (MB)
	364668  -  ResidentSetSize of job (KB)
...
006 (675002.000.000) 09/15 21:51:05 Image size of job updated: 9630504
	357  -  MemoryUsage of job (MB)
	364668  -  ResidentSetSize of job (KB)
...
006 (675002.000.000) 09/15 21:56:05 Image size of job updated: 9704032
	357  -  MemoryUsage of job (MB)
	364668  -  ResidentSetSize of job (KB)
...
006 (675002.000.000) 09/15 22:01:05 Image size of job updated: 9774480
	357  -  MemoryUsage of job (MB)
	364668  -  ResidentSetSize of job (KB)
...
006 (675002.000.000) 09/15 22:06:06 Image size of job updated: 9845432
	357  -  MemoryUsage of job (MB)
	364668  -  ResidentSetSize of job (KB)
...
006 (675002.000.000) 09/15 22:11:07 Image size of job updated: 9915376
	357  -  MemoryUsage of job (MB)
	364668  -  ResidentSetSize of job (KB)
...
006 (675002.000.000) 09/15 22:16:07 Image size of job updated: 9986888
	357  -  MemoryUsage of job (MB)
	364668  -  ResidentSetSize of job (KB)
...
006 (675002.000.000) 09/15 22:21:08 Image size of job updated: 10058848
	357  -  MemoryUsage of job (MB)
	364668  -  ResidentSetSize of job (KB)
...
006 (675002.000.000) 09/15 22:26:09 Image size of job updated: 10130080
	357  -  MemoryUsage of job (MB)
	364668  -  ResidentSetSize of job (KB)
...
006 (675002.000.000) 09/15 22:31:09 Image size of job updated: 10202908
	357  -  MemoryUsage of job (MB)
	364668  -  ResidentSetSize of job (KB)
...
006 (675002.000.000) 09/15 22:36:09 Image size of job updated: 10274168
	357  -  MemoryUsage of job (MB)
	364668  -  ResidentSetSize of job (KB)
...
006 (675002.000.000) 09/15 22:41:10 Image size of job updated: 10344868
	357  -  MemoryUsage of job (MB)
	364668  -  ResidentSetSize of job (KB)
...
006 (675002.000.000) 09/15 22:46:10 Image size of job updated: 10416744
	357  -  MemoryUsage of job (MB)
	364668  -  ResidentSetSize of job (KB)
...
006 (675002.000.000) 09/15 22:51:10 Image size of job updated: 10489572
	357  -  MemoryUsage of job (MB)
	364668  -  ResidentSetSize of job (KB)
...
006 (675002.000.000) 09/15 22:56:11 Image size of job updated: 10562064
	357  -  MemoryUsage of job (MB)
	364668  -  ResidentSetSize of job (KB)
...
006 (675002.000.000) 09/15 23:01:12 Image size of job updated: 10632736
	357  -  MemoryUsage of job (MB)
	364668  -  ResidentSetSize of job (KB)
...
006 (675002.000.000) 09/15 23:06:12 Image size of job updated: 10705592
	357  -  MemoryUsage of job (MB)
	364668  -  ResidentSetSize of job (KB)
...
006 (675002.000.000) 09/15 23:11:13 Image size of job updated: 10776656
	357  -  MemoryUsage of job (MB)
	364668  -  ResidentSetSize of job (KB)
...
006 (675002.000.000) 09/15 23:16:14 Image size of job updated: 10847384
	357  -  MemoryUsage of job (MB)
	364668  -  ResidentSetSize of job (KB)
...
006 (675002.000.000) 09/15 23:21:14 Image size of job updated: 10914752
	357  -  MemoryUsage of job (MB)
	364668  -  ResidentSetSize of job (KB)
...
006 (675002.000.000) 09/15 23:26:15 Image size of job updated: 10985956
	357  -  MemoryUsage of job (MB)
	364668  -  ResidentSetSize of job (KB)
...
006 (675002.000.000) 09/15 23:31:16 Image size of job updated: 11058168
	357  -  MemoryUsage of job (MB)
	364668  -  ResidentSetSize of job (KB)
...
006 (675002.000.000) 09/15 23:36:16 Image size of job updated: 11128840
	357  -  MemoryUsage of job (MB)
	364668  -  ResidentSetSize of job (KB)
...
006 (675002.000.000) 09/15 23:41:17 Image size of job updated: 11200632
	357  -  MemoryUsage of job (MB)
	364668  -  ResidentSetSize of job (KB)
...
006 (675002.000.000) 09/15 23:46:18 Image size of job updated: 11269372
	357  -  MemoryUsage of job (MB)
	364668  -  ResidentSetSize of job (KB)
...
006 (675002.000.000) 09/15 23:51:18 Image size of job updated: 11336936
	357  -  MemoryUsage of job (MB)
	364668  -  ResidentSetSize of job (KB)
...
006 (675002.000.000) 09/15 23:56:18 Image size of job updated: 11407300
	357  -  MemoryUsage of job (MB)
	364668  -  ResidentSetSize of job (KB)
...
006 (675002.000.000) 09/16 00:01:19 Image size of job updated: 11477328
	357  -  MemoryUsage of job (MB)
	364668  -  ResidentSetSize of job (KB)
...
006 (675002.000.000) 09/16 00:06:20 Image size of job updated: 11546124
	357  -  MemoryUsage of job (MB)
	364668  -  ResidentSetSize of job (KB)
...
006 (675002.000.000) 09/16 00:11:20 Image size of job updated: 11617020
	357  -  MemoryUsage of job (MB)
	364668  -  ResidentSetSize of job (KB)
...
006 (675002.000.000) 09/16 00:16:21 Image size of job updated: 11689532
	357  -  MemoryUsage of job (MB)
	364668  -  ResidentSetSize of job (KB)
...
006 (675002.000.000) 09/16 00:21:22 Image size of job updated: 11762508
	357  -  MemoryUsage of job (MB)
	364668  -  ResidentSetSize of job (KB)
...
006 (675002.000.000) 09/16 00:26:22 Image size of job updated: 11832788
	357  -  MemoryUsage of job (MB)
	364668  -  ResidentSetSize of job (KB)
...
006 (675002.000.000) 09/16 00:31:22 Image size of job updated: 11905168
	357  -  MemoryUsage of job (MB)
	364668  -  ResidentSetSize of job (KB)
...
006 (675002.000.000) 09/16 00:36:23 Image size of job updated: 11976092
	357  -  MemoryUsage of job (MB)
	364668  -  ResidentSetSize of job (KB)
...
006 (675002.000.000) 09/16 00:41:24 Image size of job updated: 12047156
	357  -  MemoryUsage of job (MB)
	364668  -  ResidentSetSize of job (KB)
...
006 (675002.000.000) 09/16 00:46:24 Image size of job updated: 12117548
	357  -  MemoryUsage of job (MB)
	364668  -  ResidentSetSize of job (KB)
...
006 (675002.000.000) 09/16 00:51:25 Image size of job updated: 12192952
	357  -  MemoryUsage of job (MB)
	364668  -  ResidentSetSize of job (KB)
...
006 (675002.000.000) 09/16 00:56:26 Image size of job updated: 12259480
	357  -  MemoryUsage of job (MB)
	364668  -  ResidentSetSize of job (KB)
...
006 (675002.000.000) 09/16 01:01:26 Image size of job updated: 12332392
	357  -  MemoryUsage of job (MB)
	364668  -  ResidentSetSize of job (KB)
...
006 (675002.000.000) 09/16 01:06:26 Image size of job updated: 12404492
	357  -  MemoryUsage of job (MB)
	364668  -  ResidentSetSize of job (KB)
...
006 (675002.000.000) 09/16 01:11:27 Image size of job updated: 12475556
	357  -  MemoryUsage of job (MB)
	364668  -  ResidentSetSize of job (KB)
...
006 (675002.000.000) 09/16 01:16:27 Image size of job updated: 12545276
	357  -  MemoryUsage of job (MB)
	364668  -  ResidentSetSize of job (KB)
...
006 (675002.000.000) 09/16 01:21:27 Image size of job updated: 12618132
	357  -  MemoryUsage of job (MB)
	364668  -  ResidentSetSize of job (KB)
...
006 (675002.000.000) 09/16 01:26:28 Image size of job updated: 12692696
	357  -  MemoryUsage of job (MB)
	364668  -  ResidentSetSize of job (KB)
...
006 (675002.000.000) 09/16 01:31:29 Image size of job updated: 12763676
	357  -  MemoryUsage of job (MB)
	364668  -  ResidentSetSize of job (KB)
...
006 (675002.000.000) 09/16 01:36:29 Image size of job updated: 12834180
	357  -  MemoryUsage of job (MB)
	364668  -  ResidentSetSize of job (KB)
...
006 (675002.000.000) 09/16 01:41:30 Image size of job updated: 12905412
	357  -  MemoryUsage of job (MB)
	364668  -  ResidentSetSize of job (KB)
...
006 (675002.000.000) 09/16 01:46:31 Image size of job updated: 12977092
	357  -  MemoryUsage of job (MB)
	364668  -  ResidentSetSize of job (KB)
...
006 (675002.000.000) 09/16 01:51:31 Image size of job updated: 13048044
	357  -  MemoryUsage of job (MB)
	364668  -  ResidentSetSize of job (KB)
...
006 (675002.000.000) 09/16 01:56:31 Image size of job updated: 13118632
	357  -  MemoryUsage of job (MB)
	364668  -  ResidentSetSize of job (KB)
...
006 (675002.000.000) 09/16 02:01:32 Image size of job updated: 13190984
	357  -  MemoryUsage of job (MB)
	364668  -  ResidentSetSize of job (KB)
...
006 (675002.000.000) 09/16 02:06:33 Image size of job updated: 13263952
	357  -  MemoryUsage of job (MB)
	364668  -  ResidentSetSize of job (KB)
...
006 (675002.000.000) 09/16 02:11:33 Image size of job updated: 13334036
	357  -  MemoryUsage of job (MB)
	364668  -  ResidentSetSize of job (KB)
...
006 (675002.000.000) 09/16 02:16:34 Image size of job updated: 13404764
	357  -  MemoryUsage of job (MB)
	364668  -  ResidentSetSize of job (KB)
...
006 (675002.000.000) 09/16 02:21:35 Image size of job updated: 13474036
	357  -  MemoryUsage of job (MB)
	364668  -  ResidentSetSize of job (KB)
...
006 (675002.000.000) 09/16 02:26:35 Image size of job updated: 13543224
	357  -  MemoryUsage of job (MB)
	364668  -  ResidentSetSize of job (KB)
...
006 (675002.000.000) 09/16 02:31:35 Image size of job updated: 13614344
	357  -  MemoryUsage of job (MB)
	364668  -  ResidentSetSize of job (KB)
...
006 (675002.000.000) 09/16 02:36:36 Image size of job updated: 13686780
	357  -  MemoryUsage of job (MB)
	364668  -  ResidentSetSize of job (KB)
...
006 (675002.000.000) 09/16 02:41:37 Image size of job updated: 13758712
	357  -  MemoryUsage of job (MB)
	364668  -  ResidentSetSize of job (KB)
...
006 (675002.000.000) 09/16 02:46:37 Image size of job updated: 13830448
	357  -  MemoryUsage of job (MB)
	364668  -  ResidentSetSize of job (KB)
...
006 (675002.000.000) 09/16 02:51:38 Image size of job updated: 13900644
	357  -  MemoryUsage of job (MB)
	364668  -  ResidentSetSize of job (KB)
...
006 (675002.000.000) 09/16 02:56:39 Image size of job updated: 13970952
	357  -  MemoryUsage of job (MB)
	364668  -  ResidentSetSize of job (KB)
...
006 (675002.000.000) 09/16 03:01:39 Image size of job updated: 14043584
	357  -  MemoryUsage of job (MB)
	364668  -  ResidentSetSize of job (KB)
...
006 (675002.000.000) 09/16 03:06:40 Image size of job updated: 14116020
	357  -  MemoryUsage of job (MB)
	364668  -  ResidentSetSize of job (KB)
...
006 (675002.000.000) 09/16 03:11:41 Image size of job updated: 14187336
	357  -  MemoryUsage of job (MB)
	364668  -  ResidentSetSize of job (KB)
...
006 (675002.000.000) 09/16 03:16:41 Image size of job updated: 14258288
	357  -  MemoryUsage of job (MB)
	364668  -  ResidentSetSize of job (KB)
...
006 (675002.000.000) 09/16 03:21:41 Image size of job updated: 14328876
	357  -  MemoryUsage of job (MB)
	364668  -  ResidentSetSize of job (KB)
...
006 (675002.000.000) 09/16 03:26:42 Image size of job updated: 14402516
	357  -  MemoryUsage of job (MB)
	364668  -  ResidentSetSize of job (KB)
...
006 (675002.000.000) 09/16 03:31:43 Image size of job updated: 14476016
	357  -  MemoryUsage of job (MB)
	364668  -  ResidentSetSize of job (KB)
...
006 (675002.000.000) 09/16 03:36:43 Image size of job updated: 14545988
	357  -  MemoryUsage of job (MB)
	364668  -  ResidentSetSize of job (KB)
...
006 (675002.000.000) 09/16 03:41:44 Image size of job updated: 14613692
	357  -  MemoryUsage of job (MB)
	364668  -  ResidentSetSize of job (KB)
...
006 (675002.000.000) 09/16 03:46:45 Image size of job updated: 14682516
	357  -  MemoryUsage of job (MB)
	364668  -  ResidentSetSize of job (KB)
...
006 (675002.000.000) 09/16 03:51:45 Image size of job updated: 14749352
	357  -  MemoryUsage of job (MB)
	364668  -  ResidentSetSize of job (KB)
...
006 (675002.000.000) 09/16 03:56:46 Image size of job updated: 14816636
	357  -  MemoryUsage of job (MB)
	364668  -  ResidentSetSize of job (KB)
...
006 (675002.000.000) 09/16 04:01:47 Image size of job updated: 14882744
	357  -  MemoryUsage of job (MB)
	364668  -  ResidentSetSize of job (KB)
...
006 (675002.000.000) 09/16 04:06:47 Image size of job updated: 14948740
	357  -  MemoryUsage of job (MB)
	364668  -  ResidentSetSize of job (KB)
...
006 (675002.000.000) 09/16 04:11:47 Image size of job updated: 15020756
	357  -  MemoryUsage of job (MB)
	364668  -  ResidentSetSize of job (KB)
...
006 (675002.000.000) 09/16 04:16:48 Image size of job updated: 15093696
	357  -  MemoryUsage of job (MB)
	364668  -  ResidentSetSize of job (KB)
...
006 (675002.000.000) 09/16 04:21:49 Image size of job updated: 15165320
	357  -  MemoryUsage of job (MB)
	364668  -  ResidentSetSize of job (KB)
...
006 (675002.000.000) 09/16 04:26:49 Image size of job updated: 15235628
	357  -  MemoryUsage of job (MB)
	364668  -  ResidentSetSize of job (KB)
...
006 (675002.000.000) 09/16 04:31:50 Image size of job updated: 15305936
	357  -  MemoryUsage of job (MB)
	364668  -  ResidentSetSize of job (KB)
...
006 (675002.000.000) 09/16 04:36:51 Image size of job updated: 15378512
	357  -  MemoryUsage of job (MB)
	364668  -  ResidentSetSize of job (KB)
...
006 (675002.000.000) 09/16 04:41:51 Image size of job updated: 15451004
	357  -  MemoryUsage of job (MB)
	364668  -  ResidentSetSize of job (KB)
...
006 (675002.000.000) 09/16 04:46:51 Image size of job updated: 15521312
	357  -  MemoryUsage of job (MB)
	364668  -  ResidentSetSize of job (KB)
...
006 (675002.000.000) 09/16 04:51:52 Image size of job updated: 15593272
	357  -  MemoryUsage of job (MB)
	364668  -  ResidentSetSize of job (KB)
...
006 (675002.000.000) 09/16 04:56:52 Image size of job updated: 15664616
	357  -  MemoryUsage of job (MB)
	364668  -  ResidentSetSize of job (KB)
...
006 (675002.000.000) 09/16 05:01:52 Image size of job updated: 15734244
	357  -  MemoryUsage of job (MB)
	364668  -  ResidentSetSize of job (KB)
...
006 (675002.000.000) 09/16 05:06:53 Image size of job updated: 15807108
	357  -  MemoryUsage of job (MB)
	364668  -  ResidentSetSize of job (KB)
...
006 (675002.000.000) 09/16 05:11:54 Image size of job updated: 15877612
	357  -  MemoryUsage of job (MB)
	364668  -  ResidentSetSize of job (KB)
...
006 (675002.000.000) 09/16 05:16:54 Image size of job updated: 15945736
	357  -  MemoryUsage of job (MB)
	364668  -  ResidentSetSize of job (KB)
...
006 (675002.000.000) 09/16 05:21:54 Image size of job updated: 16013468
	357  -  MemoryUsage of job (MB)
	364668  -  ResidentSetSize of job (KB)
...
006 (675002.000.000) 09/16 05:26:55 Image size of job updated: 16084196
	357  -  MemoryUsage of job (MB)
	364668  -  ResidentSetSize of job (KB)
...
006 (675002.000.000) 09/16 05:31:55 Image size of job updated: 16154280
	357  -  MemoryUsage of job (MB)
	364668  -  ResidentSetSize of job (KB)
...
006 (675002.000.000) 09/16 05:36:55 Image size of job updated: 16224196
	357  -  MemoryUsage of job (MB)
	364668  -  ResidentSetSize of job (KB)
...
006 (675002.000.000) 09/16 05:41:56 Image size of job updated: 16293972
	357  -  MemoryUsage of job (MB)
	364668  -  ResidentSetSize of job (KB)
...
006 (675002.000.000) 09/16 05:46:56 Image size of job updated: 16362880
	357  -  MemoryUsage of job (MB)
	364668  -  ResidentSetSize of job (KB)
...
006 (675002.000.000) 09/16 05:51:57 Image size of job updated: 16433160
	357  -  MemoryUsage of job (MB)
	364668  -  ResidentSetSize of job (KB)
...
006 (675002.000.000) 09/16 05:56:57 Image size of job updated: 16503132
	357  -  MemoryUsage of job (MB)
	364668  -  ResidentSetSize of job (KB)
...
006 (675002.000.000) 09/16 06:01:57 Image size of job updated: 16574252
	357  -  MemoryUsage of job (MB)
	364668  -  ResidentSetSize of job (KB)
...
006 (675002.000.000) 09/16 06:06:58 Image size of job updated: 16645596
	357  -  MemoryUsage of job (MB)
	364668  -  ResidentSetSize of job (KB)
...
006 (675002.000.000) 09/16 06:11:59 Image size of job updated: 16717668
	357  -  MemoryUsage of job (MB)
	364668  -  ResidentSetSize of job (KB)
...
006 (675002.000.000) 09/16 06:16:59 Image size of job updated: 16790384
	357  -  MemoryUsage of job (MB)
	364668  -  ResidentSetSize of job (KB)
...
006 (675002.000.000) 09/16 06:21:59 Image size of job updated: 16860440
	357  -  MemoryUsage of job (MB)
	364668  -  ResidentSetSize of job (KB)
...
006 (675002.000.000) 09/16 06:27:00 Image size of job updated: 16932008
	357  -  MemoryUsage of job (MB)
	364668  -  ResidentSetSize of job (KB)
...
006 (675002.000.000) 09/16 06:32:00 Image size of job updated: 17003408
	357  -  MemoryUsage of job (MB)
	364668  -  ResidentSetSize of job (KB)
...
006 (675002.000.000) 09/16 06:37:00 Image size of job updated: 17075564
	357  -  MemoryUsage of job (MB)
	364668  -  ResidentSetSize of job (KB)
...
006 (675002.000.000) 09/16 06:42:01 Image size of job updated: 17148280
	357  -  MemoryUsage of job (MB)
	364668  -  ResidentSetSize of job (KB)
...
006 (675002.000.000) 09/16 06:47:02 Image size of job updated: 17221080
	357  -  MemoryUsage of job (MB)
	364668  -  ResidentSetSize of job (KB)
...
006 (675002.000.000) 09/16 06:52:02 Image size of job updated: 17294916
	357  -  MemoryUsage of job (MB)
	364668  -  ResidentSetSize of job (KB)
...
006 (675002.000.000) 09/16 06:57:03 Image size of job updated: 17367296
	357  -  MemoryUsage of job (MB)
	364668  -  ResidentSetSize of job (KB)
...
006 (675002.000.000) 09/16 07:02:03 Image size of job updated: 17441440
	357  -  MemoryUsage of job (MB)
	364668  -  ResidentSetSize of job (KB)
...
006 (675002.000.000) 09/16 07:07:04 Image size of job updated: 17512084
	357  -  MemoryUsage of job (MB)
	364668  -  ResidentSetSize of job (KB)
...
006 (675002.000.000) 09/16 07:12:05 Image size of job updated: 17581608
	357  -  MemoryUsage of job (MB)
	364668  -  ResidentSetSize of job (KB)
...
006 (675002.000.000) 09/16 07:17:05 Image size of job updated: 17654016
	357  -  MemoryUsage of job (MB)
	364668  -  ResidentSetSize of job (KB)
...
006 (675002.000.000) 09/16 07:22:05 Image size of job updated: 17725220
	357  -  MemoryUsage of job (MB)
	364668  -  ResidentSetSize of job (KB)
...
006 (675002.000.000) 09/16 07:27:06 Image size of job updated: 17795136
	357  -  MemoryUsage of job (MB)
	364668  -  ResidentSetSize of job (KB)
...
006 (675002.000.000) 09/16 07:32:06 Image size of job updated: 17865724
	357  -  MemoryUsage of job (MB)
	364668  -  ResidentSetSize of job (KB)
...
006 (675002.000.000) 09/16 07:37:06 Image size of job updated: 17934240
	357  -  MemoryUsage of job (MB)
	364668  -  ResidentSetSize of job (KB)
...
006 (675002.000.000) 09/16 07:42:07 Image size of job updated: 18003456
	357  -  MemoryUsage of job (MB)
	364668  -  ResidentSetSize of job (KB)
...
006 (675002.000.000) 09/16 07:47:08 Image size of job updated: 18074632
	357  -  MemoryUsage of job (MB)
	364668  -  ResidentSetSize of job (KB)
...
006 (675002.000.000) 09/16 07:52:08 Image size of job updated: 18143764
	357  -  MemoryUsage of job (MB)
	364668  -  ResidentSetSize of job (KB)
...
006 (675002.000.000) 09/16 07:57:09 Image size of job updated: 18215500
	357  -  MemoryUsage of job (MB)
	364668  -  ResidentSetSize of job (KB)
...
006 (675002.000.000) 09/16 08:02:10 Image size of job updated: 18285360
	357  -  MemoryUsage of job (MB)
	364668  -  ResidentSetSize of job (KB)
...
006 (675002.000.000) 09/16 08:07:10 Image size of job updated: 18356984
	357  -  MemoryUsage of job (MB)
	364668  -  ResidentSetSize of job (KB)
...
006 (675002.000.000) 09/16 08:12:10 Image size of job updated: 18424296
	357  -  MemoryUsage of job (MB)
	364668  -  ResidentSetSize of job (KB)
...
006 (675002.000.000) 09/16 08:17:11 Image size of job updated: 18496648
	357  -  MemoryUsage of job (MB)
	364668  -  ResidentSetSize of job (KB)
...
006 (675002.000.000) 09/16 08:22:12 Image size of job updated: 18563988
	357  -  MemoryUsage of job (MB)
	364668  -  ResidentSetSize of job (KB)
...
006 (675002.000.000) 09/16 08:27:12 Image size of job updated: 18632504
	357  -  MemoryUsage of job (MB)
	364668  -  ResidentSetSize of job (KB)
...
006 (675002.000.000) 09/16 08:32:13 Image size of job updated: 18701580
	357  -  MemoryUsage of job (MB)
	364668  -  ResidentSetSize of job (KB)
...
006 (675002.000.000) 09/16 08:37:14 Image size of job updated: 18771328
	357  -  MemoryUsage of job (MB)
	364668  -  ResidentSetSize of job (KB)
...
006 (675002.000.000) 09/16 08:42:14 Image size of job updated: 18838136
	357  -  MemoryUsage of job (MB)
	364668  -  ResidentSetSize of job (KB)
...
006 (675002.000.000) 09/16 08:47:14 Image size of job updated: 18906568
	357  -  MemoryUsage of job (MB)
	364668  -  ResidentSetSize of job (KB)
...
006 (675002.000.000) 09/16 08:52:15 Image size of job updated: 18976988
	357  -  MemoryUsage of job (MB)
	364668  -  ResidentSetSize of job (KB)
...
006 (675002.000.000) 09/16 08:57:16 Image size of job updated: 19046400
	357  -  MemoryUsage of job (MB)
	364668  -  ResidentSetSize of job (KB)
...
006 (675002.000.000) 09/16 09:02:16 Image size of job updated: 19114048
	357  -  MemoryUsage of job (MB)
	364668  -  ResidentSetSize of job (KB)
...
006 (675002.000.000) 09/16 09:07:17 Image size of job updated: 19181724
	357  -  MemoryUsage of job (MB)
	364668  -  ResidentSetSize of job (KB)
...
006 (675002.000.000) 09/16 09:12:18 Image size of job updated: 19252368
	357  -  MemoryUsage of job (MB)
	364668  -  ResidentSetSize of job (KB)
...
006 (675002.000.000) 09/16 09:17:18 Image size of job updated: 19321948
	357  -  MemoryUsage of job (MB)
	364668  -  ResidentSetSize of job (KB)
...
006 (675002.000.000) 09/16 09:22:18 Image size of job updated: 19391556
	357  -  MemoryUsage of job (MB)
	364668  -  ResidentSetSize of job (KB)
...
006 (675002.000.000) 09/16 09:27:20 Image size of job updated: 19459456
	357  -  MemoryUsage of job (MB)
	364668  -  ResidentSetSize of job (KB)
...
006 (675002.000.000) 09/16 09:32:20 Image size of job updated: 19532032
	357  -  MemoryUsage of job (MB)
	364668  -  ResidentSetSize of job (KB)
...
006 (675002.000.000) 09/16 09:37:20 Image size of job updated: 19597468
	357  -  MemoryUsage of job (MB)
	364668  -  ResidentSetSize of job (KB)
...
006 (675002.000.000) 09/16 09:42:21 Image size of job updated: 19671556
	357  -  MemoryUsage of job (MB)
	364668  -  ResidentSetSize of job (KB)
...
006 (675002.000.000) 09/16 09:47:22 Image size of job updated: 19736740
	357  -  MemoryUsage of job (MB)
	364668  -  ResidentSetSize of job (KB)
...
006 (675002.000.000) 09/16 09:52:22 Image size of job updated: 19808644
	357  -  MemoryUsage of job (MB)
	364668  -  ResidentSetSize of job (KB)
...
006 (675002.000.000) 09/16 09:57:22 Image size of job updated: 19880828
	357  -  MemoryUsage of job (MB)
	364668  -  ResidentSetSize of job (KB)
...
006 (675002.000.000) 09/16 10:02:23 Image size of job updated: 19945872
	357  -  MemoryUsage of job (MB)
	364668  -  ResidentSetSize of job (KB)
...
006 (675002.000.000) 09/16 10:07:23 Image size of job updated: 20016348
	357  -  MemoryUsage of job (MB)
	364668  -  ResidentSetSize of job (KB)
...
006 (675002.000.000) 09/16 10:12:23 Image size of job updated: 20082540
	357  -  MemoryUsage of job (MB)
	364668  -  ResidentSetSize of job (KB)
...
006 (675002.000.000) 09/16 10:17:24 Image size of job updated: 20152092
	357  -  MemoryUsage of job (MB)
	364668  -  ResidentSetSize of job (KB)
...
006 (675002.000.000) 09/16 10:22:24 Image size of job updated: 20223716
	357  -  MemoryUsage of job (MB)
	364668  -  ResidentSetSize of job (KB)
...
006 (675002.000.000) 09/16 10:27:24 Image size of job updated: 20293996
	357  -  MemoryUsage of job (MB)
	364668  -  ResidentSetSize of job (KB)
...
006 (675002.000.000) 09/16 10:32:25 Image size of job updated: 20366628
	357  -  MemoryUsage of job (MB)
	364668  -  ResidentSetSize of job (KB)
...
006 (675002.000.000) 09/16 10:37:25 Image size of job updated: 20438644
	357  -  MemoryUsage of job (MB)
	364668  -  ResidentSetSize of job (KB)
...
006 (675002.000.000) 09/16 10:42:25 Image size of job updated: 20504556
	357  -  MemoryUsage of job (MB)
	364668  -  ResidentSetSize of job (KB)
...
006 (675002.000.000) 09/16 10:47:26 Image size of job updated: 20571616
	357  -  MemoryUsage of job (MB)
	364668  -  ResidentSetSize of job (KB)
...
006 (675002.000.000) 09/16 10:52:27 Image size of job updated: 20636800
	357  -  MemoryUsage of job (MB)
	364668  -  ResidentSetSize of job (KB)
...
006 (675002.000.000) 09/16 10:57:27 Image size of job updated: 20708060
	357  -  MemoryUsage of job (MB)
	364668  -  ResidentSetSize of job (KB)
...
006 (675002.000.000) 09/16 11:02:27 Image size of job updated: 20776128
	357  -  MemoryUsage of job (MB)
	364668  -  ResidentSetSize of job (KB)
...
006 (675002.000.000) 09/16 11:07:28 Image size of job updated: 20843412
	357  -  MemoryUsage of job (MB)
	364668  -  ResidentSetSize of job (KB)
...
006 (675002.000.000) 09/16 11:12:28 Image size of job updated: 20912208
	357  -  MemoryUsage of job (MB)
	364668  -  ResidentSetSize of job (KB)
...
006 (675002.000.000) 09/16 11:17:28 Image size of job updated: 20983664
	357  -  MemoryUsage of job (MB)
	364668  -  ResidentSetSize of job (KB)
...
006 (675002.000.000) 09/16 11:22:29 Image size of job updated: 21053524
	357  -  MemoryUsage of job (MB)
	364668  -  ResidentSetSize of job (KB)
...
006 (675002.000.000) 09/16 11:27:30 Image size of job updated: 21121452
	357  -  MemoryUsage of job (MB)
	364668  -  ResidentSetSize of job (KB)
...
006 (675002.000.000) 09/16 11:32:30 Image size of job updated: 21188708
	357  -  MemoryUsage of job (MB)
	364668  -  ResidentSetSize of job (KB)
...
006 (675002.000.000) 09/16 11:37:30 Image size of job updated: 21258484
	357  -  MemoryUsage of job (MB)
	364668  -  ResidentSetSize of job (KB)
...
006 (675002.000.000) 09/16 11:42:31 Image size of job updated: 21331116
	357  -  MemoryUsage of job (MB)
	364668  -  ResidentSetSize of job (KB)
...
006 (675002.000.000) 09/16 11:47:31 Image size of job updated: 21401536
	357  -  MemoryUsage of job (MB)
	364668  -  ResidentSetSize of job (KB)
...
006 (675002.000.000) 09/16 11:52:31 Image size of job updated: 21469772
	357  -  MemoryUsage of job (MB)
	364668  -  ResidentSetSize of job (KB)
...
006 (675002.000.000) 09/16 11:57:32 Image size of job updated: 21544084
	357  -  MemoryUsage of job (MB)
	364668  -  ResidentSetSize of job (KB)
...
006 (675002.000.000) 09/16 12:02:33 Image size of job updated: 21616688
	357  -  MemoryUsage of job (MB)
	364668  -  ResidentSetSize of job (KB)
...
006 (675002.000.000) 09/16 12:05:03 Image size of job updated: 21649056
	357  -  MemoryUsage of job (MB)
	364668  -  ResidentSetSize of job (KB)
...
005 (675002.000.000) 09/16 12:05:03 Job terminated.
	(1) Normal termination (return value 0)
		Usr 0 00:35:54, Sys 0 00:15:40  -  Run Remote Usage
		Usr 0 00:00:00, Sys 0 00:00:00  -  Run Local Usage
		Usr 0 00:35:54, Sys 0 00:15:40  -  Total Remote Usage
		Usr 0 00:00:00, Sys 0 00:00:00  -  Total Local Usage
	0  -  Run Bytes Sent By Job
	0  -  Run Bytes Received By Job
	0  -  Total Bytes Sent By Job
	0  -  Total Bytes Received By Job
	Partitionable Resources :    Usage  Request Allocated 
	   Cpus                 :     1.95        2         2 
	   Disk (KB)            :   150         150     17664 
	   Memory (MB)          :   357           1       128 
...
000 (220.000.000) 10/21 16:26:38 Job submitted from host: <140.160.143.131:9618?addrs=140.160.143.131-9618&noUDP&sock=2776_aefe_4>
...
001 (220.000.000) 10/22 02:28:15 Job executing on host: <140.160.143.142:9618?addrs=140.160.143.142-9618&noUDP&sock=1418_3562_3>
...
006 (220.000.000) 10/22 02:28:24 Image size of job updated: 916
	1  -  MemoryUsage of job (MB)
	916  -  ResidentSetSize of job (KB)
...
006 (220.000.000) 10/22 02:33:25 Image size of job updated: 920
	1  -  MemoryUsage of job (MB)
	920  -  ResidentSetSize of job (KB)
...
006 (220.000.000) 10/22 02:58:28 Image size of job updated: 924
	1  -  MemoryUsage of job (MB)
	924  -  ResidentSetSize of job (KB)
...
005 (220.000.000) 10/22 09:34:55 Job terminated.
	(1) Normal termination (return value 0)
		Usr 0 11:33:07, Sys 0 02:40:11  -  Run Remote Usage
		Usr 0 00:00:00, Sys 0 00:00:00  -  Run Local Usage
		Usr 0 11:33:07, Sys 0 02:40:11  -  Total Remote Usage
		Usr 0 00:00:00, Sys 0 00:00:00  -  Total Local Usage
	0  -  Run Bytes Sent By Job
	0  -  Run Bytes Received By Job
	0  -  Total Bytes Sent By Job
	0  -  Total Bytes Received By Job
	Partitionable Resources :    Usage  Request Allocated 
	   Cpus                 :     2.00        2         2 
	   Disk (KB)            :   150         150    888011 
	   Memory (MB)          :     1       20480     20480 
...
