000 (2161.238.000) 04/19 11:39:22 Job submitted from host: <140.160.143.131:9618?addrs=140.160.143.131-9618&noUDP&sock=3131910_565e_30>
...
001 (2161.238.000) 04/22 11:33:02 Job executing on host: <140.160.143.166:9618?addrs=140.160.143.166-9618&noUDP&sock=14230_2cc4_3>
...
006 (2161.238.000) 04/22 11:33:11 Image size of job updated: 4792
	5  -  MemoryUsage of job (MB)
	4792  -  ResidentSetSize of job (KB)
...
006 (2161.238.000) 04/22 12:48:18 Image size of job updated: 5040
	5  -  MemoryUsage of job (MB)
	5040  -  ResidentSetSize of job (KB)
...
005 (2161.238.000) 04/23 02:10:07 Job terminated.
	(1) Normal termination (return value 0)
		Usr 1 14:31:44, Sys 0 19:56:25  -  Run Remote Usage
		Usr 0 00:00:00, Sys 0 00:00:00  -  Run Local Usage
		Usr 1 14:31:44, Sys 0 19:56:25  -  Total Remote Usage
		Usr 0 00:00:00, Sys 0 00:00:00  -  Total Local Usage
	0  -  Run Bytes Sent By Job
	0  -  Run Bytes Received By Job
	0  -  Total Bytes Sent By Job
	0  -  Total Bytes Received By Job
	Partitionable Resources :    Usage  Request Allocated 
	   Cpus                 :     4.00        4         4 
	   Disk (KB)            :   175         175    844602 
	   Memory (MB)          :     5           1       128 
...
000 (2267.1759.000) 04/28 23:44:42 Job submitted from host: <140.160.143.131:9618?addrs=140.160.143.131-9618&noUDP&sock=3131910_565e_30>
...
009 (2267.1759.000) 05/11 12:17:54 Job was aborted by the user.
	via condor_rm (by user scoggim)
...
000 (2400.1083.000) 05/11 12:37:10 Job submitted from host: <140.160.143.131:9618?addrs=140.160.143.131-9618&noUDP&sock=3131910_565e_30>
...
001 (2400.1083.000) 05/12 22:55:09 Job executing on host: <140.160.143.147:9618?addrs=140.160.143.147-9618&noUDP&sock=29188_1e64_3>
...
006 (2400.1083.000) 05/12 22:55:17 Image size of job updated: 4012
	4  -  MemoryUsage of job (MB)
	4012  -  ResidentSetSize of job (KB)
...
006 (2400.1083.000) 05/12 23:00:17 Image size of job updated: 4016
	4  -  MemoryUsage of job (MB)
	4016  -  ResidentSetSize of job (KB)
...
005 (2400.1083.000) 05/13 19:47:45 Job terminated.
	(1) Normal termination (return value 0)
		Usr 0 20:50:11, Sys 0 00:00:02  -  Run Remote Usage
		Usr 0 00:00:00, Sys 0 00:00:00  -  Run Local Usage
		Usr 0 20:50:11, Sys 0 00:00:02  -  Total Remote Usage
		Usr 0 00:00:00, Sys 0 00:00:00  -  Total Local Usage
	0  -  Run Bytes Sent By Job
	0  -  Run Bytes Received By Job
	0  -  Total Bytes Sent By Job
	0  -  Total Bytes Received By Job
	Partitionable Resources :    Usage  Request Allocated 
	   Cpus                 :     1.00        1         1 
	   Disk (KB)            :   175         175    197290 
	   Memory (MB)          :     4           1       128 
...
