000 (674471.000.000) 09/14 14:18:52 Job submitted from host: <140.160.143.130:9618?addrs=140.160.143.130-9618&noUDP&sock=5591_da80_4>
...
009 (674471.000.000) 09/14 14:20:43 Job was aborted by the user.
	via condor_rm (by user scoggim)
...
000 (674615.000.000) 09/14 14:26:01 Job submitted from host: <140.160.143.130:9618?addrs=140.160.143.130-9618&noUDP&sock=5591_da80_4>
...
000 (674759.000.000) 09/14 14:26:43 Job submitted from host: <140.160.143.130:9618?addrs=140.160.143.130-9618&noUDP&sock=5591_da80_4>
...
000 (674903.000.000) 09/14 14:27:41 Job submitted from host: <140.160.143.130:9618?addrs=140.160.143.130-9618&noUDP&sock=5591_da80_4>
...
009 (674759.000.000) 09/14 14:46:33 Job was aborted by the user.
	via condor_rm (by user scoggim)
...
009 (674903.000.000) 09/14 14:46:33 Job was aborted by the user.
	via condor_rm (by user scoggim)
...
009 (674615.000.000) 09/14 14:46:33 Job was aborted by the user.
	via condor_rm (by user scoggim)
...
000 (675083.000.000) 09/14 22:20:27 Job submitted from host: <140.160.143.130:9618?addrs=140.160.143.130-9618&noUDP&sock=5591_da80_4>
...
001 (675083.000.000) 09/19 06:22:27 Job executing on host: <140.160.143.154:9618?addrs=140.160.143.154-9618&noUDP&sock=4512_bfcf_3>
...
006 (675083.000.000) 09/19 06:22:36 Image size of job updated: 4660
	5  -  MemoryUsage of job (MB)
	4660  -  ResidentSetSize of job (KB)
...
006 (675083.000.000) 09/19 06:27:36 Image size of job updated: 15396
	16  -  MemoryUsage of job (MB)
	15396  -  ResidentSetSize of job (KB)
...
006 (675083.000.000) 09/19 06:32:36 Image size of job updated: 25716
	26  -  MemoryUsage of job (MB)
	25716  -  ResidentSetSize of job (KB)
...
013 (675083.000.000) 09/23 09:38:46 Job was released.
	via condor_release (by user condor)
...
001 (675083.000.000) 09/23 09:47:47 Job executing on host: <140.160.143.153:9618?addrs=140.160.143.153-9618&noUDP&sock=4484_8b29_3>
...
006 (675083.000.000) 09/23 09:57:56 Image size of job updated: 30372
	30  -  MemoryUsage of job (MB)
	30372  -  ResidentSetSize of job (KB)
...
006 (675083.000.000) 09/23 10:02:57 Image size of job updated: 43008
	42  -  MemoryUsage of job (MB)
	43008  -  ResidentSetSize of job (KB)
...
006 (675083.000.000) 09/23 10:07:57 Image size of job updated: 55704
	55  -  MemoryUsage of job (MB)
	55704  -  ResidentSetSize of job (KB)
...
006 (675083.000.000) 09/23 10:12:57 Image size of job updated: 67232
	66  -  MemoryUsage of job (MB)
	67232  -  ResidentSetSize of job (KB)
...
006 (675083.000.000) 09/23 10:17:58 Image size of job updated: 81308
	80  -  MemoryUsage of job (MB)
	81308  -  ResidentSetSize of job (KB)
...
006 (675083.000.000) 09/23 10:22:59 Image size of job updated: 94208
	92  -  MemoryUsage of job (MB)
	94208  -  ResidentSetSize of job (KB)
...
006 (675083.000.000) 09/23 10:27:59 Image size of job updated: 106876
	105  -  MemoryUsage of job (MB)
	106876  -  ResidentSetSize of job (KB)
...
006 (675083.000.000) 09/23 10:33:00 Image size of job updated: 118804
	117  -  MemoryUsage of job (MB)
	118804  -  ResidentSetSize of job (KB)
...
006 (675083.000.000) 09/23 10:38:01 Image size of job updated: 132260
	130  -  MemoryUsage of job (MB)
	132260  -  ResidentSetSize of job (KB)
...
006 (675083.000.000) 09/23 10:43:01 Image size of job updated: 144948
	142  -  MemoryUsage of job (MB)
	144948  -  ResidentSetSize of job (KB)
...
006 (675083.000.000) 09/23 10:48:01 Image size of job updated: 157520
	154  -  MemoryUsage of job (MB)
	157520  -  ResidentSetSize of job (KB)
...
006 (675083.000.000) 09/23 10:53:02 Image size of job updated: 170316
	167  -  MemoryUsage of job (MB)
	170316  -  ResidentSetSize of job (KB)
...
006 (675083.000.000) 09/23 10:58:02 Image size of job updated: 183036
	179  -  MemoryUsage of job (MB)
	183036  -  ResidentSetSize of job (KB)
...
006 (675083.000.000) 09/23 11:03:02 Image size of job updated: 194868
	191  -  MemoryUsage of job (MB)
	194868  -  ResidentSetSize of job (KB)
...
006 (675083.000.000) 09/23 11:08:03 Image size of job updated: 208176
	204  -  MemoryUsage of job (MB)
	208176  -  ResidentSetSize of job (KB)
...
006 (675083.000.000) 09/23 11:13:04 Image size of job updated: 220972
	216  -  MemoryUsage of job (MB)
	220972  -  ResidentSetSize of job (KB)
...
006 (675083.000.000) 09/23 11:18:04 Image size of job updated: 233500
	229  -  MemoryUsage of job (MB)
	233500  -  ResidentSetSize of job (KB)
...
006 (675083.000.000) 09/23 11:23:04 Image size of job updated: 246336
	241  -  MemoryUsage of job (MB)
	246336  -  ResidentSetSize of job (KB)
...
006 (675083.000.000) 09/23 11:28:05 Image size of job updated: 259108
	254  -  MemoryUsage of job (MB)
	259108  -  ResidentSetSize of job (KB)
...
006 (675083.000.000) 09/23 11:33:05 Image size of job updated: 271928
	266  -  MemoryUsage of job (MB)
	271928  -  ResidentSetSize of job (KB)
...
006 (675083.000.000) 09/23 11:38:05 Image size of job updated: 284732
	279  -  MemoryUsage of job (MB)
	284732  -  ResidentSetSize of job (KB)
...
006 (675083.000.000) 09/23 11:43:06 Image size of job updated: 297664
	291  -  MemoryUsage of job (MB)
	297664  -  ResidentSetSize of job (KB)
...
006 (675083.000.000) 09/23 11:48:07 Image size of job updated: 310460
	304  -  MemoryUsage of job (MB)
	310460  -  ResidentSetSize of job (KB)
...
006 (675083.000.000) 09/23 11:53:07 Image size of job updated: 323112
	316  -  MemoryUsage of job (MB)
	323112  -  ResidentSetSize of job (KB)
...
006 (675083.000.000) 09/23 11:58:07 Image size of job updated: 335876
	329  -  MemoryUsage of job (MB)
	335876  -  ResidentSetSize of job (KB)
...
006 (675083.000.000) 09/23 12:03:08 Image size of job updated: 347388
	340  -  MemoryUsage of job (MB)
	347388  -  ResidentSetSize of job (KB)
...
006 (675083.000.000) 09/23 12:08:08 Image size of job updated: 361428
	353  -  MemoryUsage of job (MB)
	361428  -  ResidentSetSize of job (KB)
...
006 (675083.000.000) 09/23 12:13:08 Image size of job updated: 373296
	365  -  MemoryUsage of job (MB)
	373296  -  ResidentSetSize of job (KB)
...
006 (675083.000.000) 09/23 12:18:09 Image size of job updated: 386088
	378  -  MemoryUsage of job (MB)
	386088  -  ResidentSetSize of job (KB)
...
006 (675083.000.000) 09/23 12:23:10 Image size of job updated: 399440
	391  -  MemoryUsage of job (MB)
	399440  -  ResidentSetSize of job (KB)
...
006 (675083.000.000) 09/23 12:28:10 Image size of job updated: 412084
	403  -  MemoryUsage of job (MB)
	412084  -  ResidentSetSize of job (KB)
...
006 (675083.000.000) 09/23 12:33:10 Image size of job updated: 424736
	415  -  MemoryUsage of job (MB)
	424736  -  ResidentSetSize of job (KB)
...
006 (675083.000.000) 09/23 12:38:11 Image size of job updated: 437356
	428  -  MemoryUsage of job (MB)
	437356  -  ResidentSetSize of job (KB)
...
006 (675083.000.000) 09/23 12:43:11 Image size of job updated: 450240
	440  -  MemoryUsage of job (MB)
	450240  -  ResidentSetSize of job (KB)
...
006 (675083.000.000) 09/23 12:48:11 Image size of job updated: 462376
	452  -  MemoryUsage of job (MB)
	462376  -  ResidentSetSize of job (KB)
...
006 (675083.000.000) 09/23 12:53:12 Image size of job updated: 476004
	465  -  MemoryUsage of job (MB)
	476004  -  ResidentSetSize of job (KB)
...
006 (675083.000.000) 09/23 12:58:13 Image size of job updated: 488744
	478  -  MemoryUsage of job (MB)
	488744  -  ResidentSetSize of job (KB)
...
006 (675083.000.000) 09/23 13:03:13 Image size of job updated: 500864
	490  -  MemoryUsage of job (MB)
	500864  -  ResidentSetSize of job (KB)
...
006 (675083.000.000) 09/23 13:08:13 Image size of job updated: 514328
	503  -  MemoryUsage of job (MB)
	514328  -  ResidentSetSize of job (KB)
...
006 (675083.000.000) 09/23 13:13:14 Image size of job updated: 527368
	516  -  MemoryUsage of job (MB)
	527368  -  ResidentSetSize of job (KB)
...
006 (675083.000.000) 09/23 13:18:15 Image size of job updated: 538864
	527  -  MemoryUsage of job (MB)
	538864  -  ResidentSetSize of job (KB)
...
006 (675083.000.000) 09/23 13:23:15 Image size of job updated: 552832
	540  -  MemoryUsage of job (MB)
	552832  -  ResidentSetSize of job (KB)
...
006 (675083.000.000) 09/23 13:28:16 Image size of job updated: 565544
	553  -  MemoryUsage of job (MB)
	565544  -  ResidentSetSize of job (KB)
...
006 (675083.000.000) 09/23 13:33:17 Image size of job updated: 578480
	565  -  MemoryUsage of job (MB)
	578480  -  ResidentSetSize of job (KB)
...
006 (675083.000.000) 09/23 13:38:17 Image size of job updated: 591112
	578  -  MemoryUsage of job (MB)
	591112  -  ResidentSetSize of job (KB)
...
006 (675083.000.000) 09/23 13:43:17 Image size of job updated: 603876
	590  -  MemoryUsage of job (MB)
	603876  -  ResidentSetSize of job (KB)
...
006 (675083.000.000) 09/23 13:48:18 Image size of job updated: 616668
	603  -  MemoryUsage of job (MB)
	616668  -  ResidentSetSize of job (KB)
...
006 (675083.000.000) 09/23 13:53:19 Image size of job updated: 629376
	615  -  MemoryUsage of job (MB)
	629376  -  ResidentSetSize of job (KB)
...
006 (675083.000.000) 09/23 13:58:19 Image size of job updated: 642228
	628  -  MemoryUsage of job (MB)
	642228  -  ResidentSetSize of job (KB)
...
006 (675083.000.000) 09/23 14:03:20 Image size of job updated: 655036
	640  -  MemoryUsage of job (MB)
	655036  -  ResidentSetSize of job (KB)
...
006 (675083.000.000) 09/23 14:08:21 Image size of job updated: 666488
	651  -  MemoryUsage of job (MB)
	666488  -  ResidentSetSize of job (KB)
...
006 (675083.000.000) 09/23 14:13:21 Image size of job updated: 680472
	665  -  MemoryUsage of job (MB)
	680472  -  ResidentSetSize of job (KB)
...
006 (675083.000.000) 09/23 14:18:21 Image size of job updated: 693272
	678  -  MemoryUsage of job (MB)
	693272  -  ResidentSetSize of job (KB)
...
006 (675083.000.000) 09/23 14:23:22 Image size of job updated: 706292
	690  -  MemoryUsage of job (MB)
	706292  -  ResidentSetSize of job (KB)
...
006 (675083.000.000) 09/23 14:28:23 Image size of job updated: 718920
	703  -  MemoryUsage of job (MB)
	718920  -  ResidentSetSize of job (KB)
...
006 (675083.000.000) 09/23 14:33:23 Image size of job updated: 731592
	715  -  MemoryUsage of job (MB)
	731592  -  ResidentSetSize of job (KB)
...
006 (675083.000.000) 09/23 14:38:24 Image size of job updated: 744484
	728  -  MemoryUsage of job (MB)
	744484  -  ResidentSetSize of job (KB)
...
006 (675083.000.000) 09/23 14:43:25 Image size of job updated: 755996
	739  -  MemoryUsage of job (MB)
	755996  -  ResidentSetSize of job (KB)
...
006 (675083.000.000) 09/23 14:48:25 Image size of job updated: 769944
	752  -  MemoryUsage of job (MB)
	769944  -  ResidentSetSize of job (KB)
...
006 (675083.000.000) 09/23 14:53:25 Image size of job updated: 781620
	764  -  MemoryUsage of job (MB)
	781620  -  ResidentSetSize of job (KB)
...
006 (675083.000.000) 09/23 14:58:27 Image size of job updated: 794496
	776  -  MemoryUsage of job (MB)
	794496  -  ResidentSetSize of job (KB)
...
006 (675083.000.000) 09/23 15:03:27 Image size of job updated: 808524
	790  -  MemoryUsage of job (MB)
	808524  -  ResidentSetSize of job (KB)
...
006 (675083.000.000) 09/23 15:08:27 Image size of job updated: 821372
	803  -  MemoryUsage of job (MB)
	821372  -  ResidentSetSize of job (KB)
...
006 (675083.000.000) 09/23 15:13:28 Image size of job updated: 834236
	815  -  MemoryUsage of job (MB)
	834236  -  ResidentSetSize of job (KB)
...
006 (675083.000.000) 09/23 15:18:29 Image size of job updated: 846852
	828  -  MemoryUsage of job (MB)
	846852  -  ResidentSetSize of job (KB)
...
006 (675083.000.000) 09/23 15:23:29 Image size of job updated: 859488
	840  -  MemoryUsage of job (MB)
	859488  -  ResidentSetSize of job (KB)
...
006 (675083.000.000) 09/23 15:28:29 Image size of job updated: 872444
	852  -  MemoryUsage of job (MB)
	872444  -  ResidentSetSize of job (KB)
...
006 (675083.000.000) 09/23 15:33:30 Image size of job updated: 885368
	865  -  MemoryUsage of job (MB)
	885368  -  ResidentSetSize of job (KB)
...
006 (675083.000.000) 09/23 15:38:31 Image size of job updated: 898096
	878  -  MemoryUsage of job (MB)
	898096  -  ResidentSetSize of job (KB)
...
006 (675083.000.000) 09/23 15:43:31 Image size of job updated: 910924
	890  -  MemoryUsage of job (MB)
	910924  -  ResidentSetSize of job (KB)
...
006 (675083.000.000) 09/23 15:48:32 Image size of job updated: 923984
	903  -  MemoryUsage of job (MB)
	923984  -  ResidentSetSize of job (KB)
...
006 (675083.000.000) 09/23 15:53:33 Image size of job updated: 936600
	915  -  MemoryUsage of job (MB)
	936600  -  ResidentSetSize of job (KB)
...
006 (675083.000.000) 09/23 15:58:33 Image size of job updated: 949324
	928  -  MemoryUsage of job (MB)
	949324  -  ResidentSetSize of job (KB)
...
006 (675083.000.000) 09/23 16:03:33 Image size of job updated: 961992
	940  -  MemoryUsage of job (MB)
	961992  -  ResidentSetSize of job (KB)
...
006 (675083.000.000) 09/23 16:08:34 Image size of job updated: 973664
	951  -  MemoryUsage of job (MB)
	973664  -  ResidentSetSize of job (KB)
...
006 (675083.000.000) 09/23 16:13:35 Image size of job updated: 987268
	965  -  MemoryUsage of job (MB)
	987268  -  ResidentSetSize of job (KB)
...
006 (675083.000.000) 09/23 16:18:35 Image size of job updated: 999948
	977  -  MemoryUsage of job (MB)
	999948  -  ResidentSetSize of job (KB)
...
006 (675083.000.000) 09/23 16:23:36 Image size of job updated: 1012832
	990  -  MemoryUsage of job (MB)
	1012832  -  ResidentSetSize of job (KB)
...
006 (675083.000.000) 09/23 16:28:37 Image size of job updated: 1025624
	1002  -  MemoryUsage of job (MB)
	1025624  -  ResidentSetSize of job (KB)
...
006 (675083.000.000) 09/23 16:33:37 Image size of job updated: 1038308
	1014  -  MemoryUsage of job (MB)
	1038308  -  ResidentSetSize of job (KB)
...
006 (675083.000.000) 09/23 16:38:37 Image size of job updated: 1051108
	1027  -  MemoryUsage of job (MB)
	1051108  -  ResidentSetSize of job (KB)
...
006 (675083.000.000) 09/23 16:43:38 Image size of job updated: 1064032
	1040  -  MemoryUsage of job (MB)
	1064032  -  ResidentSetSize of job (KB)
...
006 (675083.000.000) 09/23 16:48:39 Image size of job updated: 1076764
	1052  -  MemoryUsage of job (MB)
	1076764  -  ResidentSetSize of job (KB)
...
006 (675083.000.000) 09/23 16:53:39 Image size of job updated: 1089500
	1064  -  MemoryUsage of job (MB)
	1089500  -  ResidentSetSize of job (KB)
...
006 (675083.000.000) 09/23 16:58:40 Image size of job updated: 1102260
	1077  -  MemoryUsage of job (MB)
	1102260  -  ResidentSetSize of job (KB)
...
006 (675083.000.000) 09/23 17:03:41 Image size of job updated: 1115212
	1090  -  MemoryUsage of job (MB)
	1115212  -  ResidentSetSize of job (KB)
...
006 (675083.000.000) 09/23 17:08:41 Image size of job updated: 1127860
	1102  -  MemoryUsage of job (MB)
	1127860  -  ResidentSetSize of job (KB)
...
006 (675083.000.000) 09/23 17:13:41 Image size of job updated: 1140564
	1114  -  MemoryUsage of job (MB)
	1140564  -  ResidentSetSize of job (KB)
...
006 (675083.000.000) 09/23 17:18:42 Image size of job updated: 1153424
	1127  -  MemoryUsage of job (MB)
	1153424  -  ResidentSetSize of job (KB)
...
006 (675083.000.000) 09/23 17:23:43 Image size of job updated: 1166100
	1139  -  MemoryUsage of job (MB)
	1166100  -  ResidentSetSize of job (KB)
...
006 (675083.000.000) 09/23 17:28:43 Image size of job updated: 1178912
	1152  -  MemoryUsage of job (MB)
	1178912  -  ResidentSetSize of job (KB)
...
006 (675083.000.000) 09/23 17:33:44 Image size of job updated: 1191616
	1164  -  MemoryUsage of job (MB)
	1191616  -  ResidentSetSize of job (KB)
...
006 (675083.000.000) 09/23 17:38:45 Image size of job updated: 1204488
	1177  -  MemoryUsage of job (MB)
	1204488  -  ResidentSetSize of job (KB)
...
006 (675083.000.000) 09/23 17:43:45 Image size of job updated: 1217336
	1189  -  MemoryUsage of job (MB)
	1217336  -  ResidentSetSize of job (KB)
...
006 (675083.000.000) 09/23 17:48:45 Image size of job updated: 1230212
	1202  -  MemoryUsage of job (MB)
	1230212  -  ResidentSetSize of job (KB)
...
006 (675083.000.000) 09/23 17:53:46 Image size of job updated: 1242844
	1214  -  MemoryUsage of job (MB)
	1242844  -  ResidentSetSize of job (KB)
...
006 (675083.000.000) 09/23 17:58:47 Image size of job updated: 1255572
	1227  -  MemoryUsage of job (MB)
	1255572  -  ResidentSetSize of job (KB)
...
006 (675083.000.000) 09/23 18:03:47 Image size of job updated: 1268488
	1239  -  MemoryUsage of job (MB)
	1268488  -  ResidentSetSize of job (KB)
...
006 (675083.000.000) 09/23 18:08:48 Image size of job updated: 1281244
	1252  -  MemoryUsage of job (MB)
	1281244  -  ResidentSetSize of job (KB)
...
006 (675083.000.000) 09/23 18:13:49 Image size of job updated: 1294160
	1264  -  MemoryUsage of job (MB)
	1294160  -  ResidentSetSize of job (KB)
...
006 (675083.000.000) 09/23 18:18:49 Image size of job updated: 1306812
	1277  -  MemoryUsage of job (MB)
	1306812  -  ResidentSetSize of job (KB)
...
006 (675083.000.000) 09/23 18:23:49 Image size of job updated: 1318280
	1288  -  MemoryUsage of job (MB)
	1318280  -  ResidentSetSize of job (KB)
...
006 (675083.000.000) 09/23 18:28:51 Image size of job updated: 1332092
	1301  -  MemoryUsage of job (MB)
	1332092  -  ResidentSetSize of job (KB)
...
006 (675083.000.000) 09/23 18:33:51 Image size of job updated: 1344724
	1314  -  MemoryUsage of job (MB)
	1344724  -  ResidentSetSize of job (KB)
...
006 (675083.000.000) 09/23 18:38:51 Image size of job updated: 1356512
	1325  -  MemoryUsage of job (MB)
	1356512  -  ResidentSetSize of job (KB)
...
006 (675083.000.000) 09/23 18:43:52 Image size of job updated: 1370228
	1339  -  MemoryUsage of job (MB)
	1370228  -  ResidentSetSize of job (KB)
...
006 (675083.000.000) 09/23 18:48:53 Image size of job updated: 1382888
	1351  -  MemoryUsage of job (MB)
	1382888  -  ResidentSetSize of job (KB)
...
006 (675083.000.000) 09/23 18:53:53 Image size of job updated: 1395808
	1364  -  MemoryUsage of job (MB)
	1395808  -  ResidentSetSize of job (KB)
...
006 (675083.000.000) 09/23 18:58:53 Image size of job updated: 1407428
	1375  -  MemoryUsage of job (MB)
	1407428  -  ResidentSetSize of job (KB)
...
006 (675083.000.000) 09/23 19:03:54 Image size of job updated: 1421440
	1389  -  MemoryUsage of job (MB)
	1421440  -  ResidentSetSize of job (KB)
...
006 (675083.000.000) 09/23 19:08:54 Image size of job updated: 1434160
	1401  -  MemoryUsage of job (MB)
	1434160  -  ResidentSetSize of job (KB)
...
006 (675083.000.000) 09/23 19:13:54 Image size of job updated: 1446948
	1414  -  MemoryUsage of job (MB)
	1446948  -  ResidentSetSize of job (KB)
...
006 (675083.000.000) 09/23 19:18:55 Image size of job updated: 1459780
	1426  -  MemoryUsage of job (MB)
	1459780  -  ResidentSetSize of job (KB)
...
006 (675083.000.000) 09/23 19:23:56 Image size of job updated: 1472584
	1439  -  MemoryUsage of job (MB)
	1472584  -  ResidentSetSize of job (KB)
...
006 (675083.000.000) 09/23 19:28:56 Image size of job updated: 1485324
	1451  -  MemoryUsage of job (MB)
	1485324  -  ResidentSetSize of job (KB)
...
006 (675083.000.000) 09/23 19:33:56 Image size of job updated: 1497956
	1463  -  MemoryUsage of job (MB)
	1497956  -  ResidentSetSize of job (KB)
...
006 (675083.000.000) 09/23 19:38:57 Image size of job updated: 1510596
	1476  -  MemoryUsage of job (MB)
	1510596  -  ResidentSetSize of job (KB)
...
006 (675083.000.000) 09/23 19:43:57 Image size of job updated: 1523348
	1488  -  MemoryUsage of job (MB)
	1523348  -  ResidentSetSize of job (KB)
...
006 (675083.000.000) 09/23 19:48:57 Image size of job updated: 1535920
	1500  -  MemoryUsage of job (MB)
	1535920  -  ResidentSetSize of job (KB)
...
006 (675083.000.000) 09/23 19:53:58 Image size of job updated: 1548768
	1513  -  MemoryUsage of job (MB)
	1548768  -  ResidentSetSize of job (KB)
...
006 (675083.000.000) 09/23 19:58:59 Image size of job updated: 1561288
	1525  -  MemoryUsage of job (MB)
	1561288  -  ResidentSetSize of job (KB)
...
006 (675083.000.000) 09/23 20:03:59 Image size of job updated: 1573884
	1537  -  MemoryUsage of job (MB)
	1573884  -  ResidentSetSize of job (KB)
...
006 (675083.000.000) 09/23 20:09:00 Image size of job updated: 1585504
	1549  -  MemoryUsage of job (MB)
	1585504  -  ResidentSetSize of job (KB)
...
006 (675083.000.000) 09/23 20:14:01 Image size of job updated: 1599396
	1562  -  MemoryUsage of job (MB)
	1599396  -  ResidentSetSize of job (KB)
...
006 (675083.000.000) 09/23 20:19:01 Image size of job updated: 1611824
	1575  -  MemoryUsage of job (MB)
	1611824  -  ResidentSetSize of job (KB)
...
006 (675083.000.000) 09/23 20:24:01 Image size of job updated: 1624420
	1587  -  MemoryUsage of job (MB)
	1624420  -  ResidentSetSize of job (KB)
...
006 (675083.000.000) 09/23 20:29:02 Image size of job updated: 1637052
	1599  -  MemoryUsage of job (MB)
	1637052  -  ResidentSetSize of job (KB)
...
006 (675083.000.000) 09/23 20:34:03 Image size of job updated: 1649812
	1612  -  MemoryUsage of job (MB)
	1649812  -  ResidentSetSize of job (KB)
...
006 (675083.000.000) 09/23 20:39:03 Image size of job updated: 1662392
	1624  -  MemoryUsage of job (MB)
	1662392  -  ResidentSetSize of job (KB)
...
006 (675083.000.000) 09/23 20:44:04 Image size of job updated: 1675068
	1636  -  MemoryUsage of job (MB)
	1675068  -  ResidentSetSize of job (KB)
...
006 (675083.000.000) 09/23 20:49:05 Image size of job updated: 1686716
	1648  -  MemoryUsage of job (MB)
	1686716  -  ResidentSetSize of job (KB)
...
006 (675083.000.000) 09/23 20:54:05 Image size of job updated: 1700336
	1661  -  MemoryUsage of job (MB)
	1700336  -  ResidentSetSize of job (KB)
...
006 (675083.000.000) 09/23 20:59:05 Image size of job updated: 1712880
	1673  -  MemoryUsage of job (MB)
	1712880  -  ResidentSetSize of job (KB)
...
006 (675083.000.000) 09/23 21:04:06 Image size of job updated: 1725760
	1686  -  MemoryUsage of job (MB)
	1725760  -  ResidentSetSize of job (KB)
...
006 (675083.000.000) 09/23 21:09:07 Image size of job updated: 1738372
	1698  -  MemoryUsage of job (MB)
	1738372  -  ResidentSetSize of job (KB)
...
006 (675083.000.000) 09/23 21:14:07 Image size of job updated: 1751032
	1710  -  MemoryUsage of job (MB)
	1751032  -  ResidentSetSize of job (KB)
...
006 (675083.000.000) 09/23 21:19:08 Image size of job updated: 1763812
	1723  -  MemoryUsage of job (MB)
	1763812  -  ResidentSetSize of job (KB)
...
006 (675083.000.000) 09/23 21:24:09 Image size of job updated: 1776528
	1735  -  MemoryUsage of job (MB)
	1776528  -  ResidentSetSize of job (KB)
...
006 (675083.000.000) 09/23 21:29:09 Image size of job updated: 1789144
	1748  -  MemoryUsage of job (MB)
	1789144  -  ResidentSetSize of job (KB)
...
006 (675083.000.000) 09/23 21:34:09 Image size of job updated: 1801784
	1760  -  MemoryUsage of job (MB)
	1801784  -  ResidentSetSize of job (KB)
...
006 (675083.000.000) 09/23 21:39:10 Image size of job updated: 1814688
	1773  -  MemoryUsage of job (MB)
	1814688  -  ResidentSetSize of job (KB)
...
006 (675083.000.000) 09/23 21:44:11 Image size of job updated: 1826304
	1784  -  MemoryUsage of job (MB)
	1826304  -  ResidentSetSize of job (KB)
...
006 (675083.000.000) 09/23 21:49:11 Image size of job updated: 1840136
	1798  -  MemoryUsage of job (MB)
	1840136  -  ResidentSetSize of job (KB)
...
006 (675083.000.000) 09/23 21:54:12 Image size of job updated: 1851676
	1809  -  MemoryUsage of job (MB)
	1851676  -  ResidentSetSize of job (KB)
...
006 (675083.000.000) 09/23 21:59:13 Image size of job updated: 1864564
	1821  -  MemoryUsage of job (MB)
	1864564  -  ResidentSetSize of job (KB)
...
006 (675083.000.000) 09/23 22:04:13 Image size of job updated: 1878120
	1835  -  MemoryUsage of job (MB)
	1878120  -  ResidentSetSize of job (KB)
...
006 (675083.000.000) 09/23 22:09:13 Image size of job updated: 1890852
	1847  -  MemoryUsage of job (MB)
	1890852  -  ResidentSetSize of job (KB)
...
006 (675083.000.000) 09/23 22:14:14 Image size of job updated: 1903656
	1860  -  MemoryUsage of job (MB)
	1903656  -  ResidentSetSize of job (KB)
...
006 (675083.000.000) 09/23 22:19:15 Image size of job updated: 1916392
	1872  -  MemoryUsage of job (MB)
	1916392  -  ResidentSetSize of job (KB)
...
006 (675083.000.000) 09/23 22:24:15 Image size of job updated: 1929128
	1884  -  MemoryUsage of job (MB)
	1929128  -  ResidentSetSize of job (KB)
...
006 (675083.000.000) 09/23 22:29:16 Image size of job updated: 1941792
	1897  -  MemoryUsage of job (MB)
	1941792  -  ResidentSetSize of job (KB)
...
006 (675083.000.000) 09/23 22:34:17 Image size of job updated: 1954520
	1909  -  MemoryUsage of job (MB)
	1954520  -  ResidentSetSize of job (KB)
...
006 (675083.000.000) 09/23 22:39:17 Image size of job updated: 1967432
	1922  -  MemoryUsage of job (MB)
	1967432  -  ResidentSetSize of job (KB)
...
006 (675083.000.000) 09/23 22:44:17 Image size of job updated: 1979512
	1934  -  MemoryUsage of job (MB)
	1979512  -  ResidentSetSize of job (KB)
...
006 (675083.000.000) 09/23 22:49:19 Image size of job updated: 1991560
	1945  -  MemoryUsage of job (MB)
	1991560  -  ResidentSetSize of job (KB)
...
006 (675083.000.000) 09/23 22:54:19 Image size of job updated: 2003508
	1957  -  MemoryUsage of job (MB)
	2003508  -  ResidentSetSize of job (KB)
...
006 (675083.000.000) 09/23 22:59:19 Image size of job updated: 2015380
	1969  -  MemoryUsage of job (MB)
	2015380  -  ResidentSetSize of job (KB)
...
006 (675083.000.000) 09/23 23:04:20 Image size of job updated: 2027128
	1980  -  MemoryUsage of job (MB)
	2027128  -  ResidentSetSize of job (KB)
...
006 (675083.000.000) 09/23 23:09:21 Image size of job updated: 2038956
	1992  -  MemoryUsage of job (MB)
	2038956  -  ResidentSetSize of job (KB)
...
006 (675083.000.000) 09/23 23:14:21 Image size of job updated: 2049760
	2002  -  MemoryUsage of job (MB)
	2049760  -  ResidentSetSize of job (KB)
...
006 (675083.000.000) 09/23 23:19:23 Image size of job updated: 2062764
	2015  -  MemoryUsage of job (MB)
	2062764  -  ResidentSetSize of job (KB)
...
006 (675083.000.000) 09/23 23:24:23 Image size of job updated: 2074628
	2027  -  MemoryUsage of job (MB)
	2074628  -  ResidentSetSize of job (KB)
...
006 (675083.000.000) 09/23 23:29:23 Image size of job updated: 2086588
	2038  -  MemoryUsage of job (MB)
	2086588  -  ResidentSetSize of job (KB)
...
006 (675083.000.000) 09/23 23:34:24 Image size of job updated: 2097624
	2049  -  MemoryUsage of job (MB)
	2097624  -  ResidentSetSize of job (KB)
...
006 (675083.000.000) 09/23 23:39:25 Image size of job updated: 2109992
	2061  -  MemoryUsage of job (MB)
	2109992  -  ResidentSetSize of job (KB)
...
006 (675083.000.000) 09/23 23:44:25 Image size of job updated: 2121660
	2072  -  MemoryUsage of job (MB)
	2121660  -  ResidentSetSize of job (KB)
...
006 (675083.000.000) 09/23 23:49:25 Image size of job updated: 2133412
	2084  -  MemoryUsage of job (MB)
	2133412  -  ResidentSetSize of job (KB)
...
006 (675083.000.000) 09/23 23:54:26 Image size of job updated: 2145292
	2096  -  MemoryUsage of job (MB)
	2145292  -  ResidentSetSize of job (KB)
...
006 (675083.000.000) 09/23 23:59:26 Image size of job updated: 2157100
	2107  -  MemoryUsage of job (MB)
	2157100  -  ResidentSetSize of job (KB)
...
006 (675083.000.000) 09/24 00:04:26 Image size of job updated: 2169060
	2119  -  MemoryUsage of job (MB)
	2169060  -  ResidentSetSize of job (KB)
...
006 (675083.000.000) 09/24 00:09:27 Image size of job updated: 2180932
	2130  -  MemoryUsage of job (MB)
	2180932  -  ResidentSetSize of job (KB)
...
006 (675083.000.000) 09/24 00:14:28 Image size of job updated: 2192648
	2142  -  MemoryUsage of job (MB)
	2192648  -  ResidentSetSize of job (KB)
...
006 (675083.000.000) 09/24 00:19:28 Image size of job updated: 2203252
	2152  -  MemoryUsage of job (MB)
	2203252  -  ResidentSetSize of job (KB)
...
006 (675083.000.000) 09/24 00:24:28 Image size of job updated: 2216212
	2165  -  MemoryUsage of job (MB)
	2216212  -  ResidentSetSize of job (KB)
...
006 (675083.000.000) 09/24 00:29:29 Image size of job updated: 2228044
	2176  -  MemoryUsage of job (MB)
	2228044  -  ResidentSetSize of job (KB)
...
006 (675083.000.000) 09/24 00:34:29 Image size of job updated: 2239924
	2188  -  MemoryUsage of job (MB)
	2239924  -  ResidentSetSize of job (KB)
...
006 (675083.000.000) 09/24 00:39:30 Image size of job updated: 2251996
	2200  -  MemoryUsage of job (MB)
	2251996  -  ResidentSetSize of job (KB)
...
006 (675083.000.000) 09/24 00:44:30 Image size of job updated: 2264076
	2212  -  MemoryUsage of job (MB)
	2264076  -  ResidentSetSize of job (KB)
...
006 (675083.000.000) 09/24 00:49:30 Image size of job updated: 2275892
	2223  -  MemoryUsage of job (MB)
	2275892  -  ResidentSetSize of job (KB)
...
006 (675083.000.000) 09/24 00:54:31 Image size of job updated: 2287764
	2235  -  MemoryUsage of job (MB)
	2287764  -  ResidentSetSize of job (KB)
...
006 (675083.000.000) 09/24 00:59:32 Image size of job updated: 2299624
	2246  -  MemoryUsage of job (MB)
	2299624  -  ResidentSetSize of job (KB)
...
006 (675083.000.000) 09/24 01:04:32 Image size of job updated: 2311508
	2258  -  MemoryUsage of job (MB)
	2311508  -  ResidentSetSize of job (KB)
...
006 (675083.000.000) 09/24 01:09:32 Image size of job updated: 2323480
	2270  -  MemoryUsage of job (MB)
	2323480  -  ResidentSetSize of job (KB)
...
006 (675083.000.000) 09/24 01:14:33 Image size of job updated: 2335312
	2281  -  MemoryUsage of job (MB)
	2335312  -  ResidentSetSize of job (KB)
...
006 (675083.000.000) 09/24 01:19:33 Image size of job updated: 2347148
	2293  -  MemoryUsage of job (MB)
	2347148  -  ResidentSetSize of job (KB)
...
006 (675083.000.000) 09/24 01:24:33 Image size of job updated: 2359052
	2304  -  MemoryUsage of job (MB)
	2359052  -  ResidentSetSize of job (KB)
...
006 (675083.000.000) 09/24 01:29:34 Image size of job updated: 2370964
	2316  -  MemoryUsage of job (MB)
	2370964  -  ResidentSetSize of job (KB)
...
006 (675083.000.000) 09/24 01:34:35 Image size of job updated: 2382780
	2327  -  MemoryUsage of job (MB)
	2382780  -  ResidentSetSize of job (KB)
...
006 (675083.000.000) 09/24 01:39:35 Image size of job updated: 2393904
	2338  -  MemoryUsage of job (MB)
	2393904  -  ResidentSetSize of job (KB)
...
006 (675083.000.000) 09/24 01:44:35 Image size of job updated: 2407340
	2351  -  MemoryUsage of job (MB)
	2407340  -  ResidentSetSize of job (KB)
...
006 (675083.000.000) 09/24 01:49:37 Image size of job updated: 2420028
	2364  -  MemoryUsage of job (MB)
	2420028  -  ResidentSetSize of job (KB)
...
006 (675083.000.000) 09/24 01:54:37 Image size of job updated: 2432936
	2376  -  MemoryUsage of job (MB)
	2432936  -  ResidentSetSize of job (KB)
...
006 (675083.000.000) 09/24 01:59:37 Image size of job updated: 2445924
	2389  -  MemoryUsage of job (MB)
	2445924  -  ResidentSetSize of job (KB)
...
006 (675083.000.000) 09/24 02:04:38 Image size of job updated: 2458720
	2402  -  MemoryUsage of job (MB)
	2458720  -  ResidentSetSize of job (KB)
...
006 (675083.000.000) 09/24 02:09:39 Image size of job updated: 2470744
	2413  -  MemoryUsage of job (MB)
	2470744  -  ResidentSetSize of job (KB)
...
006 (675083.000.000) 09/24 02:14:39 Image size of job updated: 2484252
	2427  -  MemoryUsage of job (MB)
	2484252  -  ResidentSetSize of job (KB)
...
006 (675083.000.000) 09/24 02:19:39 Image size of job updated: 2496328
	2438  -  MemoryUsage of job (MB)
	2496328  -  ResidentSetSize of job (KB)
...
006 (675083.000.000) 09/24 02:24:40 Image size of job updated: 2509684
	2451  -  MemoryUsage of job (MB)
	2509684  -  ResidentSetSize of job (KB)
...
006 (675083.000.000) 09/24 02:29:40 Image size of job updated: 2522348
	2464  -  MemoryUsage of job (MB)
	2522348  -  ResidentSetSize of job (KB)
...
006 (675083.000.000) 09/24 02:34:40 Image size of job updated: 2535284
	2476  -  MemoryUsage of job (MB)
	2535284  -  ResidentSetSize of job (KB)
...
006 (675083.000.000) 09/24 02:39:41 Image size of job updated: 2548092
	2489  -  MemoryUsage of job (MB)
	2548092  -  ResidentSetSize of job (KB)
...
006 (675083.000.000) 09/24 02:44:42 Image size of job updated: 2560608
	2501  -  MemoryUsage of job (MB)
	2560608  -  ResidentSetSize of job (KB)
...
006 (675083.000.000) 09/24 02:49:42 Image size of job updated: 2572376
	2513  -  MemoryUsage of job (MB)
	2572376  -  ResidentSetSize of job (KB)
...
006 (675083.000.000) 09/24 02:54:42 Image size of job updated: 2586064
	2526  -  MemoryUsage of job (MB)
	2586064  -  ResidentSetSize of job (KB)
...
006 (675083.000.000) 09/24 02:59:43 Image size of job updated: 2598924
	2539  -  MemoryUsage of job (MB)
	2598924  -  ResidentSetSize of job (KB)
...
006 (675083.000.000) 09/24 03:04:43 Image size of job updated: 2611824
	2551  -  MemoryUsage of job (MB)
	2611824  -  ResidentSetSize of job (KB)
...
006 (675083.000.000) 09/24 03:09:43 Image size of job updated: 2624424
	2563  -  MemoryUsage of job (MB)
	2624424  -  ResidentSetSize of job (KB)
...
006 (675083.000.000) 09/24 03:14:44 Image size of job updated: 2637288
	2576  -  MemoryUsage of job (MB)
	2637288  -  ResidentSetSize of job (KB)
...
006 (675083.000.000) 09/24 03:19:45 Image size of job updated: 2650036
	2588  -  MemoryUsage of job (MB)
	2650036  -  ResidentSetSize of job (KB)
...
006 (675083.000.000) 09/24 03:24:45 Image size of job updated: 2662908
	2601  -  MemoryUsage of job (MB)
	2662908  -  ResidentSetSize of job (KB)
...
006 (675083.000.000) 09/24 03:29:46 Image size of job updated: 2675692
	2613  -  MemoryUsage of job (MB)
	2675692  -  ResidentSetSize of job (KB)
...
006 (675083.000.000) 09/24 03:34:47 Image size of job updated: 2688436
	2626  -  MemoryUsage of job (MB)
	2688436  -  ResidentSetSize of job (KB)
...
006 (675083.000.000) 09/24 03:39:47 Image size of job updated: 2699992
	2637  -  MemoryUsage of job (MB)
	2699992  -  ResidentSetSize of job (KB)
...
006 (675083.000.000) 09/24 03:44:47 Image size of job updated: 2713964
	2651  -  MemoryUsage of job (MB)
	2713964  -  ResidentSetSize of job (KB)
...
006 (675083.000.000) 09/24 03:49:48 Image size of job updated: 2726852
	2663  -  MemoryUsage of job (MB)
	2726852  -  ResidentSetSize of job (KB)
...
006 (675083.000.000) 09/24 03:54:49 Image size of job updated: 2739656
	2676  -  MemoryUsage of job (MB)
	2739656  -  ResidentSetSize of job (KB)
...
006 (675083.000.000) 09/24 03:59:50 Image size of job updated: 2752396
	2688  -  MemoryUsage of job (MB)
	2752396  -  ResidentSetSize of job (KB)
...
006 (675083.000.000) 09/24 04:04:50 Image size of job updated: 2765112
	2701  -  MemoryUsage of job (MB)
	2765112  -  ResidentSetSize of job (KB)
...
006 (675083.000.000) 09/24 04:09:50 Image size of job updated: 2777980
	2713  -  MemoryUsage of job (MB)
	2777980  -  ResidentSetSize of job (KB)
...
006 (675083.000.000) 09/24 04:14:51 Image size of job updated: 2789972
	2725  -  MemoryUsage of job (MB)
	2789972  -  ResidentSetSize of job (KB)
...
006 (675083.000.000) 09/24 04:19:51 Image size of job updated: 2803472
	2738  -  MemoryUsage of job (MB)
	2803472  -  ResidentSetSize of job (KB)
...
006 (675083.000.000) 09/24 04:24:52 Image size of job updated: 2816292
	2751  -  MemoryUsage of job (MB)
	2816292  -  ResidentSetSize of job (KB)
...
006 (675083.000.000) 09/24 04:29:53 Image size of job updated: 2828024
	2762  -  MemoryUsage of job (MB)
	2828024  -  ResidentSetSize of job (KB)
...
006 (675083.000.000) 09/24 04:34:53 Image size of job updated: 2842012
	2776  -  MemoryUsage of job (MB)
	2842012  -  ResidentSetSize of job (KB)
...
006 (675083.000.000) 09/24 04:39:54 Image size of job updated: 2854964
	2789  -  MemoryUsage of job (MB)
	2854964  -  ResidentSetSize of job (KB)
...
006 (675083.000.000) 09/24 04:44:55 Image size of job updated: 2867608
	2801  -  MemoryUsage of job (MB)
	2867608  -  ResidentSetSize of job (KB)
...
006 (675083.000.000) 09/24 04:49:55 Image size of job updated: 2880232
	2813  -  MemoryUsage of job (MB)
	2880232  -  ResidentSetSize of job (KB)
...
006 (675083.000.000) 09/24 04:54:55 Image size of job updated: 2892952
	2826  -  MemoryUsage of job (MB)
	2892952  -  ResidentSetSize of job (KB)
...
006 (675083.000.000) 09/24 04:59:56 Image size of job updated: 2905868
	2838  -  MemoryUsage of job (MB)
	2905868  -  ResidentSetSize of job (KB)
...
006 (675083.000.000) 09/24 05:04:57 Image size of job updated: 2917508
	2850  -  MemoryUsage of job (MB)
	2917508  -  ResidentSetSize of job (KB)
...
006 (675083.000.000) 09/24 05:09:57 Image size of job updated: 2931248
	2863  -  MemoryUsage of job (MB)
	2931248  -  ResidentSetSize of job (KB)
...
006 (675083.000.000) 09/24 05:14:58 Image size of job updated: 2944000
	2875  -  MemoryUsage of job (MB)
	2944000  -  ResidentSetSize of job (KB)
...
006 (675083.000.000) 09/24 05:19:59 Image size of job updated: 2956920
	2888  -  MemoryUsage of job (MB)
	2956920  -  ResidentSetSize of job (KB)
...
006 (675083.000.000) 09/24 05:24:59 Image size of job updated: 2969776
	2901  -  MemoryUsage of job (MB)
	2969776  -  ResidentSetSize of job (KB)
...
006 (675083.000.000) 09/24 05:29:59 Image size of job updated: 2982556
	2913  -  MemoryUsage of job (MB)
	2982556  -  ResidentSetSize of job (KB)
...
006 (675083.000.000) 09/24 05:35:00 Image size of job updated: 2994316
	2925  -  MemoryUsage of job (MB)
	2994316  -  ResidentSetSize of job (KB)
...
006 (675083.000.000) 09/24 05:40:01 Image size of job updated: 3008164
	2938  -  MemoryUsage of job (MB)
	3008164  -  ResidentSetSize of job (KB)
...
006 (675083.000.000) 09/24 05:45:01 Image size of job updated: 3021144
	2951  -  MemoryUsage of job (MB)
	3021144  -  ResidentSetSize of job (KB)
...
006 (675083.000.000) 09/24 05:50:02 Image size of job updated: 3033136
	2963  -  MemoryUsage of job (MB)
	3033136  -  ResidentSetSize of job (KB)
...
006 (675083.000.000) 09/24 05:55:03 Image size of job updated: 3046772
	2976  -  MemoryUsage of job (MB)
	3046772  -  ResidentSetSize of job (KB)
...
006 (675083.000.000) 09/24 06:00:03 Image size of job updated: 3059608
	2988  -  MemoryUsage of job (MB)
	3059608  -  ResidentSetSize of job (KB)
...
006 (675083.000.000) 09/24 06:05:03 Image size of job updated: 3072548
	3001  -  MemoryUsage of job (MB)
	3072548  -  ResidentSetSize of job (KB)
...
006 (675083.000.000) 09/24 06:10:04 Image size of job updated: 3085608
	3014  -  MemoryUsage of job (MB)
	3085608  -  ResidentSetSize of job (KB)
...
006 (675083.000.000) 09/24 06:15:05 Image size of job updated: 3098280
	3026  -  MemoryUsage of job (MB)
	3098280  -  ResidentSetSize of job (KB)
...
006 (675083.000.000) 09/24 06:20:05 Image size of job updated: 3111148
	3039  -  MemoryUsage of job (MB)
	3111148  -  ResidentSetSize of job (KB)
...
006 (675083.000.000) 09/24 06:25:06 Image size of job updated: 3123848
	3051  -  MemoryUsage of job (MB)
	3123848  -  ResidentSetSize of job (KB)
...
006 (675083.000.000) 09/24 06:30:07 Image size of job updated: 3136456
	3063  -  MemoryUsage of job (MB)
	3136456  -  ResidentSetSize of job (KB)
...
006 (675083.000.000) 09/24 06:35:07 Image size of job updated: 3148020
	3075  -  MemoryUsage of job (MB)
	3148020  -  ResidentSetSize of job (KB)
...
006 (675083.000.000) 09/24 06:40:07 Image size of job updated: 3161948
	3088  -  MemoryUsage of job (MB)
	3161948  -  ResidentSetSize of job (KB)
...
006 (675083.000.000) 09/24 06:45:08 Image size of job updated: 3174820
	3101  -  MemoryUsage of job (MB)
	3174820  -  ResidentSetSize of job (KB)
...
006 (675083.000.000) 09/24 06:50:09 Image size of job updated: 3187516
	3113  -  MemoryUsage of job (MB)
	3187516  -  ResidentSetSize of job (KB)
...
006 (675083.000.000) 09/24 06:55:09 Image size of job updated: 3200264
	3126  -  MemoryUsage of job (MB)
	3200264  -  ResidentSetSize of job (KB)
...
006 (675083.000.000) 09/24 07:00:10 Image size of job updated: 3213028
	3138  -  MemoryUsage of job (MB)
	3213028  -  ResidentSetSize of job (KB)
...
006 (675083.000.000) 09/24 07:05:11 Image size of job updated: 3225920
	3151  -  MemoryUsage of job (MB)
	3225920  -  ResidentSetSize of job (KB)
...
006 (675083.000.000) 09/24 07:10:11 Image size of job updated: 3238648
	3163  -  MemoryUsage of job (MB)
	3238648  -  ResidentSetSize of job (KB)
...
006 (675083.000.000) 09/24 07:15:11 Image size of job updated: 3251472
	3176  -  MemoryUsage of job (MB)
	3251472  -  ResidentSetSize of job (KB)
...
006 (675083.000.000) 09/24 07:20:12 Image size of job updated: 3264408
	3188  -  MemoryUsage of job (MB)
	3264408  -  ResidentSetSize of job (KB)
...
006 (675083.000.000) 09/24 07:25:13 Image size of job updated: 3277252
	3201  -  MemoryUsage of job (MB)
	3277252  -  ResidentSetSize of job (KB)
...
006 (675083.000.000) 09/24 07:30:13 Image size of job updated: 3289864
	3213  -  MemoryUsage of job (MB)
	3289864  -  ResidentSetSize of job (KB)
...
006 (675083.000.000) 09/24 07:35:14 Image size of job updated: 3302812
	3226  -  MemoryUsage of job (MB)
	3302812  -  ResidentSetSize of job (KB)
...
006 (675083.000.000) 09/24 07:40:15 Image size of job updated: 3315728
	3239  -  MemoryUsage of job (MB)
	3315728  -  ResidentSetSize of job (KB)
...
006 (675083.000.000) 09/24 07:45:15 Image size of job updated: 3328736
	3251  -  MemoryUsage of job (MB)
	3328736  -  ResidentSetSize of job (KB)
...
006 (675083.000.000) 09/24 07:50:15 Image size of job updated: 3340392
	3263  -  MemoryUsage of job (MB)
	3340392  -  ResidentSetSize of job (KB)
...
006 (675083.000.000) 09/24 07:55:16 Image size of job updated: 3354460
	3276  -  MemoryUsage of job (MB)
	3354460  -  ResidentSetSize of job (KB)
...
006 (675083.000.000) 09/24 08:00:17 Image size of job updated: 3367308
	3289  -  MemoryUsage of job (MB)
	3367308  -  ResidentSetSize of job (KB)
...
006 (675083.000.000) 09/24 08:05:17 Image size of job updated: 3380088
	3301  -  MemoryUsage of job (MB)
	3380088  -  ResidentSetSize of job (KB)
...
006 (675083.000.000) 09/24 08:10:18 Image size of job updated: 3392888
	3314  -  MemoryUsage of job (MB)
	3392888  -  ResidentSetSize of job (KB)
...
006 (675083.000.000) 09/24 08:15:19 Image size of job updated: 3405588
	3326  -  MemoryUsage of job (MB)
	3405588  -  ResidentSetSize of job (KB)
...
006 (675083.000.000) 09/24 08:20:19 Image size of job updated: 3418292
	3339  -  MemoryUsage of job (MB)
	3418292  -  ResidentSetSize of job (KB)
...
006 (675083.000.000) 09/24 08:25:19 Image size of job updated: 3430232
	3350  -  MemoryUsage of job (MB)
	3430232  -  ResidentSetSize of job (KB)
...
006 (675083.000.000) 09/24 08:30:20 Image size of job updated: 3443880
	3364  -  MemoryUsage of job (MB)
	3443880  -  ResidentSetSize of job (KB)
...
006 (675083.000.000) 09/24 08:35:21 Image size of job updated: 3456680
	3376  -  MemoryUsage of job (MB)
	3456680  -  ResidentSetSize of job (KB)
...
006 (675083.000.000) 09/24 08:40:21 Image size of job updated: 3469428
	3389  -  MemoryUsage of job (MB)
	3469428  -  ResidentSetSize of job (KB)
...
006 (675083.000.000) 09/24 08:45:22 Image size of job updated: 3482352
	3401  -  MemoryUsage of job (MB)
	3482352  -  ResidentSetSize of job (KB)
...
006 (675083.000.000) 09/24 08:50:23 Image size of job updated: 3495228
	3414  -  MemoryUsage of job (MB)
	3495228  -  ResidentSetSize of job (KB)
...
006 (675083.000.000) 09/24 08:55:23 Image size of job updated: 3508012
	3426  -  MemoryUsage of job (MB)
	3508012  -  ResidentSetSize of job (KB)
...
006 (675083.000.000) 09/24 09:00:23 Image size of job updated: 3520756
	3439  -  MemoryUsage of job (MB)
	3520756  -  ResidentSetSize of job (KB)
...
006 (675083.000.000) 09/24 09:05:24 Image size of job updated: 3533664
	3451  -  MemoryUsage of job (MB)
	3533664  -  ResidentSetSize of job (KB)
...
006 (675083.000.000) 09/24 09:10:25 Image size of job updated: 3545284
	3463  -  MemoryUsage of job (MB)
	3545284  -  ResidentSetSize of job (KB)
...
006 (675083.000.000) 09/24 09:15:25 Image size of job updated: 3559284
	3476  -  MemoryUsage of job (MB)
	3559284  -  ResidentSetSize of job (KB)
...
006 (675083.000.000) 09/24 09:20:26 Image size of job updated: 3571372
	3488  -  MemoryUsage of job (MB)
	3571372  -  ResidentSetSize of job (KB)
...
006 (675083.000.000) 09/24 09:25:27 Image size of job updated: 3583848
	3500  -  MemoryUsage of job (MB)
	3583848  -  ResidentSetSize of job (KB)
...
006 (675083.000.000) 09/24 09:30:27 Image size of job updated: 3597012
	3513  -  MemoryUsage of job (MB)
	3597012  -  ResidentSetSize of job (KB)
...
006 (675083.000.000) 09/24 09:35:27 Image size of job updated: 3610496
	3526  -  MemoryUsage of job (MB)
	3610496  -  ResidentSetSize of job (KB)
...
006 (675083.000.000) 09/24 09:40:28 Image size of job updated: 3623272
	3539  -  MemoryUsage of job (MB)
	3623272  -  ResidentSetSize of job (KB)
...
006 (675083.000.000) 09/24 09:45:29 Image size of job updated: 3636116
	3551  -  MemoryUsage of job (MB)
	3636116  -  ResidentSetSize of job (KB)
...
006 (675083.000.000) 09/24 09:50:30 Image size of job updated: 3648912
	3564  -  MemoryUsage of job (MB)
	3648912  -  ResidentSetSize of job (KB)
...
006 (675083.000.000) 09/24 09:55:30 Image size of job updated: 3661564
	3576  -  MemoryUsage of job (MB)
	3661564  -  ResidentSetSize of job (KB)
...
006 (675083.000.000) 09/24 10:00:31 Image size of job updated: 3674248
	3589  -  MemoryUsage of job (MB)
	3674248  -  ResidentSetSize of job (KB)
...
006 (675083.000.000) 09/24 10:05:32 Image size of job updated: 3687124
	3601  -  MemoryUsage of job (MB)
	3687124  -  ResidentSetSize of job (KB)
...
006 (675083.000.000) 09/24 10:10:32 Image size of job updated: 3699336
	3613  -  MemoryUsage of job (MB)
	3699336  -  ResidentSetSize of job (KB)
...
006 (675083.000.000) 09/24 10:15:32 Image size of job updated: 3712672
	3626  -  MemoryUsage of job (MB)
	3712672  -  ResidentSetSize of job (KB)
...
006 (675083.000.000) 09/24 10:20:33 Image size of job updated: 3725584
	3639  -  MemoryUsage of job (MB)
	3725584  -  ResidentSetSize of job (KB)
...
006 (675083.000.000) 09/24 10:25:34 Image size of job updated: 3738464
	3651  -  MemoryUsage of job (MB)
	3738464  -  ResidentSetSize of job (KB)
...
006 (675083.000.000) 09/24 10:30:34 Image size of job updated: 3751176
	3664  -  MemoryUsage of job (MB)
	3751176  -  ResidentSetSize of job (KB)
...
006 (675083.000.000) 09/24 10:35:35 Image size of job updated: 3763896
	3676  -  MemoryUsage of job (MB)
	3763896  -  ResidentSetSize of job (KB)
...
006 (675083.000.000) 09/24 10:40:36 Image size of job updated: 3776556
	3689  -  MemoryUsage of job (MB)
	3776556  -  ResidentSetSize of job (KB)
...
006 (675083.000.000) 09/24 10:45:36 Image size of job updated: 3789248
	3701  -  MemoryUsage of job (MB)
	3789248  -  ResidentSetSize of job (KB)
...
006 (675083.000.000) 09/24 10:50:36 Image size of job updated: 3801988
	3713  -  MemoryUsage of job (MB)
	3801988  -  ResidentSetSize of job (KB)
...
006 (675083.000.000) 09/24 10:55:37 Image size of job updated: 3814900
	3726  -  MemoryUsage of job (MB)
	3814900  -  ResidentSetSize of job (KB)
...
006 (675083.000.000) 09/24 11:00:38 Image size of job updated: 3827720
	3739  -  MemoryUsage of job (MB)
	3827720  -  ResidentSetSize of job (KB)
...
006 (675083.000.000) 09/24 11:05:38 Image size of job updated: 3840348
	3751  -  MemoryUsage of job (MB)
	3840348  -  ResidentSetSize of job (KB)
...
006 (675083.000.000) 09/24 11:06:54 Image size of job updated: 3843480
	3751  -  MemoryUsage of job (MB)
	3840348  -  ResidentSetSize of job (KB)
...
004 (675083.000.000) 09/24 11:06:54 Job was evicted.
	(0) Job was not checkpointed.
		Usr 1 16:58:24, Sys 0 09:34:47  -  Run Remote Usage
		Usr 0 00:00:00, Sys 0 00:00:00  -  Run Local Usage
	0  -  Run Bytes Sent By Job
	0  -  Run Bytes Received By Job
	Partitionable Resources :    Usage  Request Allocated 
	   Cpus                 :     1.99        2         2 
	   Disk (KB)            :   150         150     17609 
	   Memory (MB)          :  3751          27       128 
...
012 (675083.000.000) 09/24 11:06:55 Job was held.
	via condor_hold (by user condor)
	Code 1 Subcode 0
...
000 (292.000.000) 10/21 16:26:43 Job submitted from host: <140.160.143.131:9618?addrs=140.160.143.131-9618&noUDP&sock=2776_aefe_4>
...
009 (292.000.000) 10/22 13:21:45 Job was aborted by the user.
	via condor_rm (by user scoggim)
...
000 (309.048.000) 10/22 13:32:35 Job submitted from host: <140.160.143.131:9618?addrs=140.160.143.131-9618&noUDP&sock=2776_aefe_4>
...
009 (309.048.000) 10/24 17:59:26 Job was aborted by the user.
	via condor_rm (by user scoggim)
...
000 (376.048.000) 10/24 18:01:12 Job submitted from host: <140.160.143.131:9618?addrs=140.160.143.131-9618&noUDP&sock=2776_aefe_4>
...
009 (376.048.000) 10/24 18:01:26 Job was aborted by the user.
	via condor_rm (by user scoggim)
...
000 (377.048.000) 10/24 18:02:23 Job submitted from host: <140.160.143.131:9618?addrs=140.160.143.131-9618&noUDP&sock=2776_aefe_4>
...
009 (377.048.000) 10/24 22:09:00 Job was aborted by the user.
	via condor_rm (by user scoggim)
...
000 (378.048.000) 10/24 22:09:10 Job submitted from host: <140.160.143.131:9618?addrs=140.160.143.131-9618&noUDP&sock=2776_aefe_4>
...
009 (378.048.000) 10/25 11:03:40 Job was aborted by the user.
	via condor_rm (by user scoggim)
...
000 (392.048.000) 10/25 11:03:48 Job submitted from host: <140.160.143.131:9618?addrs=140.160.143.131-9618&noUDP&sock=2776_aefe_4>
...
009 (392.048.000) 10/25 14:27:30 Job was aborted by the user.
	via condor_rm (by user scoggim)
...
000 (396.048.000) 10/25 14:27:34 Job submitted from host: <140.160.143.131:9618?addrs=140.160.143.131-9618&noUDP&sock=2776_aefe_4>
...
009 (396.048.000) 10/26 12:20:55 Job was aborted by the user.
	via condor_rm (by user scoggim)
...
000 (418.048.000) 10/26 12:22:09 Job submitted from host: <140.160.143.131:9618?addrs=140.160.143.131-9618&noUDP&sock=2776_aefe_4>
...
009 (418.048.000) 10/26 20:10:06 Job was aborted by the user.
	via condor_rm (by user scoggim)
...
000 (419.048.000) 10/26 20:10:13 Job submitted from host: <140.160.143.131:9618?addrs=140.160.143.131-9618&noUDP&sock=2776_aefe_4>
...
009 (419.048.000) 10/27 11:05:18 Job was aborted by the user.
	via condor_rm (by user scoggim)
...
000 (420.048.000) 10/27 11:17:25 Job submitted from host: <140.160.143.131:9618?addrs=140.160.143.131-9618&noUDP&sock=2776_aefe_4>
...
001 (420.048.000) 10/31 21:25:08 Job executing on host: <140.160.143.152:9618?addrs=140.160.143.152-9618&noUDP&sock=3041_7397_3>
...
006 (420.048.000) 10/31 21:25:17 Image size of job updated: 4192
	5  -  MemoryUsage of job (MB)
	4192  -  ResidentSetSize of job (KB)
...
006 (420.048.000) 10/31 23:40:32 Image size of job updated: 4440
	5  -  MemoryUsage of job (MB)
	4440  -  ResidentSetSize of job (KB)
...
006 (420.048.000) 11/01 14:32:08 Image size of job updated: 4620
	5  -  MemoryUsage of job (MB)
	4440  -  ResidentSetSize of job (KB)
...
006 (420.048.000) 11/01 15:32:14 Image size of job updated: 4904
	5  -  MemoryUsage of job (MB)
	4440  -  ResidentSetSize of job (KB)
...
006 (420.048.000) 11/01 16:12:19 Image size of job updated: 4920
	5  -  MemoryUsage of job (MB)
	4440  -  ResidentSetSize of job (KB)
...
006 (420.048.000) 11/01 16:17:19 Image size of job updated: 4984
	5  -  MemoryUsage of job (MB)
	4440  -  ResidentSetSize of job (KB)
...
006 (420.048.000) 11/01 17:17:24 Image size of job updated: 4988
	5  -  MemoryUsage of job (MB)
	4440  -  ResidentSetSize of job (KB)
...
006 (420.048.000) 11/01 18:07:30 Image size of job updated: 5004
	5  -  MemoryUsage of job (MB)
	4440  -  ResidentSetSize of job (KB)
...
006 (420.048.000) 11/02 22:40:21 Image size of job updated: 5008
	5  -  MemoryUsage of job (MB)
	4444  -  ResidentSetSize of job (KB)
...
006 (420.048.000) 11/07 12:41:59 Image size of job updated: 5048
	5  -  MemoryUsage of job (MB)
	4444  -  ResidentSetSize of job (KB)
...
006 (420.048.000) 11/07 13:02:02 Image size of job updated: 5052
	5  -  MemoryUsage of job (MB)
	4444  -  ResidentSetSize of job (KB)
...
