000 (674486.000.000) 09/14 14:18:52 Job submitted from host: <140.160.143.130:9618?addrs=140.160.143.130-9618&noUDP&sock=5591_da80_4>
...
009 (674486.000.000) 09/14 14:20:43 Job was aborted by the user.
	via condor_rm (by user scoggim)
...
000 (674630.000.000) 09/14 14:26:02 Job submitted from host: <140.160.143.130:9618?addrs=140.160.143.130-9618&noUDP&sock=5591_da80_4>
...
000 (674774.000.000) 09/14 14:26:43 Job submitted from host: <140.160.143.130:9618?addrs=140.160.143.130-9618&noUDP&sock=5591_da80_4>
...
000 (674918.000.000) 09/14 14:27:41 Job submitted from host: <140.160.143.130:9618?addrs=140.160.143.130-9618&noUDP&sock=5591_da80_4>
...
009 (674918.000.000) 09/14 14:46:33 Job was aborted by the user.
	via condor_rm (by user scoggim)
...
009 (674630.000.000) 09/14 14:46:33 Job was aborted by the user.
	via condor_rm (by user scoggim)
...
009 (674774.000.000) 09/14 14:46:33 Job was aborted by the user.
	via condor_rm (by user scoggim)
...
000 (675098.000.000) 09/14 22:20:28 Job submitted from host: <140.160.143.130:9618?addrs=140.160.143.130-9618&noUDP&sock=5591_da80_4>
...
001 (675098.000.000) 09/21 01:36:21 Job executing on host: <140.160.143.150:9618?addrs=140.160.143.150-9618&noUDP&sock=4797_3c4d_3>
...
006 (675098.000.000) 09/21 01:36:30 Image size of job updated: 4780
	5  -  MemoryUsage of job (MB)
	4780  -  ResidentSetSize of job (KB)
...
006 (675098.000.000) 09/21 01:41:30 Image size of job updated: 16032
	16  -  MemoryUsage of job (MB)
	16032  -  ResidentSetSize of job (KB)
...
006 (675098.000.000) 09/21 01:46:31 Image size of job updated: 28844
	29  -  MemoryUsage of job (MB)
	28844  -  ResidentSetSize of job (KB)
...
006 (675098.000.000) 09/21 01:51:32 Image size of job updated: 42452
	42  -  MemoryUsage of job (MB)
	42452  -  ResidentSetSize of job (KB)
...
006 (675098.000.000) 09/21 01:56:32 Image size of job updated: 54548
	54  -  MemoryUsage of job (MB)
	54548  -  ResidentSetSize of job (KB)
...
006 (675098.000.000) 09/21 02:01:32 Image size of job updated: 65796
	65  -  MemoryUsage of job (MB)
	65796  -  ResidentSetSize of job (KB)
...
006 (675098.000.000) 09/21 02:06:33 Image size of job updated: 77852
	77  -  MemoryUsage of job (MB)
	77852  -  ResidentSetSize of job (KB)
...
006 (675098.000.000) 09/21 02:11:33 Image size of job updated: 89432
	88  -  MemoryUsage of job (MB)
	89432  -  ResidentSetSize of job (KB)
...
006 (675098.000.000) 09/21 02:16:33 Image size of job updated: 101208
	99  -  MemoryUsage of job (MB)
	101208  -  ResidentSetSize of job (KB)
...
006 (675098.000.000) 09/21 02:21:34 Image size of job updated: 112980
	111  -  MemoryUsage of job (MB)
	112980  -  ResidentSetSize of job (KB)
...
006 (675098.000.000) 09/21 02:26:35 Image size of job updated: 124324
	122  -  MemoryUsage of job (MB)
	124324  -  ResidentSetSize of job (KB)
...
006 (675098.000.000) 09/21 02:31:35 Image size of job updated: 136204
	134  -  MemoryUsage of job (MB)
	136204  -  ResidentSetSize of job (KB)
...
006 (675098.000.000) 09/21 02:36:35 Image size of job updated: 148356
	145  -  MemoryUsage of job (MB)
	148356  -  ResidentSetSize of job (KB)
...
006 (675098.000.000) 09/21 02:41:36 Image size of job updated: 160332
	157  -  MemoryUsage of job (MB)
	160332  -  ResidentSetSize of job (KB)
...
006 (675098.000.000) 09/21 02:46:36 Image size of job updated: 172336
	169  -  MemoryUsage of job (MB)
	172336  -  ResidentSetSize of job (KB)
...
006 (675098.000.000) 09/21 02:51:36 Image size of job updated: 183816
	180  -  MemoryUsage of job (MB)
	183816  -  ResidentSetSize of job (KB)
...
006 (675098.000.000) 09/21 02:56:37 Image size of job updated: 195896
	192  -  MemoryUsage of job (MB)
	195896  -  ResidentSetSize of job (KB)
...
006 (675098.000.000) 09/21 03:01:38 Image size of job updated: 207476
	203  -  MemoryUsage of job (MB)
	207476  -  ResidentSetSize of job (KB)
...
006 (675098.000.000) 09/21 03:06:38 Image size of job updated: 219056
	214  -  MemoryUsage of job (MB)
	219056  -  ResidentSetSize of job (KB)
...
006 (675098.000.000) 09/21 03:11:38 Image size of job updated: 230572
	226  -  MemoryUsage of job (MB)
	230572  -  ResidentSetSize of job (KB)
...
006 (675098.000.000) 09/21 03:16:39 Image size of job updated: 242668
	237  -  MemoryUsage of job (MB)
	242668  -  ResidentSetSize of job (KB)
...
006 (675098.000.000) 09/21 03:21:39 Image size of job updated: 256660
	251  -  MemoryUsage of job (MB)
	256660  -  ResidentSetSize of job (KB)
...
006 (675098.000.000) 09/21 03:26:39 Image size of job updated: 268968
	263  -  MemoryUsage of job (MB)
	268968  -  ResidentSetSize of job (KB)
...
006 (675098.000.000) 09/21 03:31:40 Image size of job updated: 280872
	275  -  MemoryUsage of job (MB)
	280872  -  ResidentSetSize of job (KB)
...
006 (675098.000.000) 09/21 03:36:41 Image size of job updated: 292988
	287  -  MemoryUsage of job (MB)
	292988  -  ResidentSetSize of job (KB)
...
006 (675098.000.000) 09/21 03:41:41 Image size of job updated: 305036
	298  -  MemoryUsage of job (MB)
	305036  -  ResidentSetSize of job (KB)
...
006 (675098.000.000) 09/21 03:46:41 Image size of job updated: 316932
	310  -  MemoryUsage of job (MB)
	316932  -  ResidentSetSize of job (KB)
...
006 (675098.000.000) 09/21 03:51:42 Image size of job updated: 327944
	321  -  MemoryUsage of job (MB)
	327944  -  ResidentSetSize of job (KB)
...
006 (675098.000.000) 09/21 03:56:42 Image size of job updated: 339524
	332  -  MemoryUsage of job (MB)
	339524  -  ResidentSetSize of job (KB)
...
006 (675098.000.000) 09/21 04:01:42 Image size of job updated: 349532
	342  -  MemoryUsage of job (MB)
	349532  -  ResidentSetSize of job (KB)
...
006 (675098.000.000) 09/21 04:06:43 Image size of job updated: 362612
	355  -  MemoryUsage of job (MB)
	362612  -  ResidentSetSize of job (KB)
...
006 (675098.000.000) 09/21 04:11:44 Image size of job updated: 374568
	366  -  MemoryUsage of job (MB)
	374568  -  ResidentSetSize of job (KB)
...
006 (675098.000.000) 09/21 04:16:44 Image size of job updated: 385664
	377  -  MemoryUsage of job (MB)
	385664  -  ResidentSetSize of job (KB)
...
006 (675098.000.000) 09/21 04:21:44 Image size of job updated: 397088
	388  -  MemoryUsage of job (MB)
	397088  -  ResidentSetSize of job (KB)
...
006 (675098.000.000) 09/21 04:26:45 Image size of job updated: 408836
	400  -  MemoryUsage of job (MB)
	408836  -  ResidentSetSize of job (KB)
...
006 (675098.000.000) 09/21 04:31:45 Image size of job updated: 419468
	410  -  MemoryUsage of job (MB)
	419468  -  ResidentSetSize of job (KB)
...
006 (675098.000.000) 09/21 04:36:45 Image size of job updated: 432456
	423  -  MemoryUsage of job (MB)
	432456  -  ResidentSetSize of job (KB)
...
006 (675098.000.000) 09/21 04:41:46 Image size of job updated: 443700
	434  -  MemoryUsage of job (MB)
	443700  -  ResidentSetSize of job (KB)
...
006 (675098.000.000) 09/21 04:46:47 Image size of job updated: 455172
	445  -  MemoryUsage of job (MB)
	455172  -  ResidentSetSize of job (KB)
...
006 (675098.000.000) 09/21 04:51:47 Image size of job updated: 466004
	456  -  MemoryUsage of job (MB)
	466004  -  ResidentSetSize of job (KB)
...
006 (675098.000.000) 09/21 04:56:48 Image size of job updated: 478564
	468  -  MemoryUsage of job (MB)
	478564  -  ResidentSetSize of job (KB)
...
006 (675098.000.000) 09/21 05:01:49 Image size of job updated: 490540
	480  -  MemoryUsage of job (MB)
	490540  -  ResidentSetSize of job (KB)
...
006 (675098.000.000) 09/21 05:06:49 Image size of job updated: 502884
	492  -  MemoryUsage of job (MB)
	502884  -  ResidentSetSize of job (KB)
...
006 (675098.000.000) 09/21 05:11:49 Image size of job updated: 514880
	503  -  MemoryUsage of job (MB)
	514880  -  ResidentSetSize of job (KB)
...
006 (675098.000.000) 09/21 05:16:50 Image size of job updated: 526008
	514  -  MemoryUsage of job (MB)
	526008  -  ResidentSetSize of job (KB)
...
006 (675098.000.000) 09/21 05:21:51 Image size of job updated: 537460
	525  -  MemoryUsage of job (MB)
	537460  -  ResidentSetSize of job (KB)
...
006 (675098.000.000) 09/21 05:26:51 Image size of job updated: 548896
	537  -  MemoryUsage of job (MB)
	548896  -  ResidentSetSize of job (KB)
...
006 (675098.000.000) 09/21 05:31:52 Image size of job updated: 560248
	548  -  MemoryUsage of job (MB)
	560248  -  ResidentSetSize of job (KB)
...
006 (675098.000.000) 09/21 05:36:53 Image size of job updated: 571880
	559  -  MemoryUsage of job (MB)
	571880  -  ResidentSetSize of job (KB)
...
006 (675098.000.000) 09/21 05:41:53 Image size of job updated: 584200
	571  -  MemoryUsage of job (MB)
	584200  -  ResidentSetSize of job (KB)
...
006 (675098.000.000) 09/21 05:46:53 Image size of job updated: 594316
	581  -  MemoryUsage of job (MB)
	594316  -  ResidentSetSize of job (KB)
...
006 (675098.000.000) 09/21 05:51:54 Image size of job updated: 606816
	593  -  MemoryUsage of job (MB)
	606816  -  ResidentSetSize of job (KB)
...
006 (675098.000.000) 09/21 05:56:55 Image size of job updated: 616664
	603  -  MemoryUsage of job (MB)
	616664  -  ResidentSetSize of job (KB)
...
006 (675098.000.000) 09/21 06:01:55 Image size of job updated: 629288
	615  -  MemoryUsage of job (MB)
	629288  -  ResidentSetSize of job (KB)
...
006 (675098.000.000) 09/21 06:06:55 Image size of job updated: 642072
	628  -  MemoryUsage of job (MB)
	642072  -  ResidentSetSize of job (KB)
...
006 (675098.000.000) 09/21 06:11:56 Image size of job updated: 654224
	639  -  MemoryUsage of job (MB)
	654224  -  ResidentSetSize of job (KB)
...
006 (675098.000.000) 09/21 06:16:56 Image size of job updated: 666832
	652  -  MemoryUsage of job (MB)
	666832  -  ResidentSetSize of job (KB)
...
006 (675098.000.000) 09/21 06:21:56 Image size of job updated: 678804
	663  -  MemoryUsage of job (MB)
	678804  -  ResidentSetSize of job (KB)
...
006 (675098.000.000) 09/21 06:26:57 Image size of job updated: 690264
	675  -  MemoryUsage of job (MB)
	690264  -  ResidentSetSize of job (KB)
...
006 (675098.000.000) 09/21 06:31:58 Image size of job updated: 701504
	686  -  MemoryUsage of job (MB)
	701504  -  ResidentSetSize of job (KB)
...
006 (675098.000.000) 09/21 06:36:58 Image size of job updated: 711836
	696  -  MemoryUsage of job (MB)
	711836  -  ResidentSetSize of job (KB)
...
006 (675098.000.000) 09/21 06:41:59 Image size of job updated: 725256
	709  -  MemoryUsage of job (MB)
	725256  -  ResidentSetSize of job (KB)
...
006 (675098.000.000) 09/21 06:47:00 Image size of job updated: 737976
	721  -  MemoryUsage of job (MB)
	737976  -  ResidentSetSize of job (KB)
...
006 (675098.000.000) 09/21 06:52:00 Image size of job updated: 748476
	731  -  MemoryUsage of job (MB)
	748476  -  ResidentSetSize of job (KB)
...
006 (675098.000.000) 09/21 06:57:00 Image size of job updated: 761248
	744  -  MemoryUsage of job (MB)
	761248  -  ResidentSetSize of job (KB)
...
006 (675098.000.000) 09/21 07:02:01 Image size of job updated: 772688
	755  -  MemoryUsage of job (MB)
	772688  -  ResidentSetSize of job (KB)
...
006 (675098.000.000) 09/21 07:07:02 Image size of job updated: 785208
	767  -  MemoryUsage of job (MB)
	785208  -  ResidentSetSize of job (KB)
...
006 (675098.000.000) 09/21 07:12:02 Image size of job updated: 797548
	779  -  MemoryUsage of job (MB)
	797548  -  ResidentSetSize of job (KB)
...
006 (675098.000.000) 09/21 07:17:03 Image size of job updated: 810472
	792  -  MemoryUsage of job (MB)
	810472  -  ResidentSetSize of job (KB)
...
006 (675098.000.000) 09/21 07:22:04 Image size of job updated: 821196
	802  -  MemoryUsage of job (MB)
	821196  -  ResidentSetSize of job (KB)
...
006 (675098.000.000) 09/21 07:27:04 Image size of job updated: 834124
	815  -  MemoryUsage of job (MB)
	834124  -  ResidentSetSize of job (KB)
...
006 (675098.000.000) 09/21 07:32:04 Image size of job updated: 845240
	826  -  MemoryUsage of job (MB)
	845240  -  ResidentSetSize of job (KB)
...
006 (675098.000.000) 09/21 07:37:05 Image size of job updated: 857104
	838  -  MemoryUsage of job (MB)
	857104  -  ResidentSetSize of job (KB)
...
006 (675098.000.000) 09/21 07:42:06 Image size of job updated: 868844
	849  -  MemoryUsage of job (MB)
	868844  -  ResidentSetSize of job (KB)
...
006 (675098.000.000) 09/21 07:47:06 Image size of job updated: 880144
	860  -  MemoryUsage of job (MB)
	880144  -  ResidentSetSize of job (KB)
...
006 (675098.000.000) 09/21 07:52:07 Image size of job updated: 891940
	872  -  MemoryUsage of job (MB)
	891940  -  ResidentSetSize of job (KB)
...
006 (675098.000.000) 09/21 07:57:08 Image size of job updated: 903216
	883  -  MemoryUsage of job (MB)
	903216  -  ResidentSetSize of job (KB)
...
006 (675098.000.000) 09/21 08:02:08 Image size of job updated: 914524
	894  -  MemoryUsage of job (MB)
	914524  -  ResidentSetSize of job (KB)
...
006 (675098.000.000) 09/21 08:07:08 Image size of job updated: 926100
	905  -  MemoryUsage of job (MB)
	926100  -  ResidentSetSize of job (KB)
...
006 (675098.000.000) 09/21 08:12:09 Image size of job updated: 938560
	917  -  MemoryUsage of job (MB)
	938560  -  ResidentSetSize of job (KB)
...
006 (675098.000.000) 09/21 08:17:10 Image size of job updated: 950536
	929  -  MemoryUsage of job (MB)
	950536  -  ResidentSetSize of job (KB)
...
006 (675098.000.000) 09/21 08:22:10 Image size of job updated: 961844
	940  -  MemoryUsage of job (MB)
	961844  -  ResidentSetSize of job (KB)
...
006 (675098.000.000) 09/21 08:27:11 Image size of job updated: 973284
	951  -  MemoryUsage of job (MB)
	973284  -  ResidentSetSize of job (KB)
...
006 (675098.000.000) 09/21 08:32:12 Image size of job updated: 984552
	962  -  MemoryUsage of job (MB)
	984552  -  ResidentSetSize of job (KB)
...
006 (675098.000.000) 09/21 08:37:12 Image size of job updated: 996700
	974  -  MemoryUsage of job (MB)
	996700  -  ResidentSetSize of job (KB)
...
006 (675098.000.000) 09/21 08:42:12 Image size of job updated: 1009400
	986  -  MemoryUsage of job (MB)
	1009400  -  ResidentSetSize of job (KB)
...
006 (675098.000.000) 09/21 08:47:13 Image size of job updated: 1021664
	998  -  MemoryUsage of job (MB)
	1021664  -  ResidentSetSize of job (KB)
...
006 (675098.000.000) 09/21 08:52:14 Image size of job updated: 1033456
	1010  -  MemoryUsage of job (MB)
	1033456  -  ResidentSetSize of job (KB)
...
006 (675098.000.000) 09/21 08:57:14 Image size of job updated: 1045228
	1021  -  MemoryUsage of job (MB)
	1045228  -  ResidentSetSize of job (KB)
...
006 (675098.000.000) 09/21 09:02:15 Image size of job updated: 1057776
	1033  -  MemoryUsage of job (MB)
	1057776  -  ResidentSetSize of job (KB)
...
006 (675098.000.000) 09/21 09:07:16 Image size of job updated: 1069808
	1045  -  MemoryUsage of job (MB)
	1069808  -  ResidentSetSize of job (KB)
...
006 (675098.000.000) 09/21 09:12:16 Image size of job updated: 1081068
	1056  -  MemoryUsage of job (MB)
	1081068  -  ResidentSetSize of job (KB)
...
006 (675098.000.000) 09/21 09:17:16 Image size of job updated: 1092152
	1067  -  MemoryUsage of job (MB)
	1092152  -  ResidentSetSize of job (KB)
...
006 (675098.000.000) 09/21 09:22:17 Image size of job updated: 1103616
	1078  -  MemoryUsage of job (MB)
	1103616  -  ResidentSetSize of job (KB)
...
006 (675098.000.000) 09/21 09:27:18 Image size of job updated: 1115268
	1090  -  MemoryUsage of job (MB)
	1115268  -  ResidentSetSize of job (KB)
...
006 (675098.000.000) 09/21 09:32:18 Image size of job updated: 1125844
	1100  -  MemoryUsage of job (MB)
	1125844  -  ResidentSetSize of job (KB)
...
013 (675098.000.000) 09/23 09:38:46 Job was released.
	via condor_release (by user condor)
...
012 (675098.000.000) 09/24 11:06:53 Job was held.
	via condor_hold (by user condor)
	Code 1 Subcode 0
...
000 (306.000.000) 10/21 16:26:44 Job submitted from host: <140.160.143.131:9618?addrs=140.160.143.131-9618&noUDP&sock=2776_aefe_4>
...
009 (306.000.000) 10/22 13:21:45 Job was aborted by the user.
	via condor_rm (by user scoggim)
...
000 (309.062.000) 10/22 13:32:35 Job submitted from host: <140.160.143.131:9618?addrs=140.160.143.131-9618&noUDP&sock=2776_aefe_4>
...
009 (309.062.000) 10/24 17:59:26 Job was aborted by the user.
	via condor_rm (by user scoggim)
...
000 (376.062.000) 10/24 18:01:12 Job submitted from host: <140.160.143.131:9618?addrs=140.160.143.131-9618&noUDP&sock=2776_aefe_4>
...
009 (376.062.000) 10/24 18:01:26 Job was aborted by the user.
	via condor_rm (by user scoggim)
...
000 (377.062.000) 10/24 18:02:23 Job submitted from host: <140.160.143.131:9618?addrs=140.160.143.131-9618&noUDP&sock=2776_aefe_4>
...
009 (377.062.000) 10/24 22:09:00 Job was aborted by the user.
	via condor_rm (by user scoggim)
...
000 (378.062.000) 10/24 22:09:10 Job submitted from host: <140.160.143.131:9618?addrs=140.160.143.131-9618&noUDP&sock=2776_aefe_4>
...
009 (378.062.000) 10/25 11:03:40 Job was aborted by the user.
	via condor_rm (by user scoggim)
...
000 (392.062.000) 10/25 11:03:48 Job submitted from host: <140.160.143.131:9618?addrs=140.160.143.131-9618&noUDP&sock=2776_aefe_4>
...
009 (392.062.000) 10/25 14:27:30 Job was aborted by the user.
	via condor_rm (by user scoggim)
...
000 (396.062.000) 10/25 14:27:34 Job submitted from host: <140.160.143.131:9618?addrs=140.160.143.131-9618&noUDP&sock=2776_aefe_4>
...
009 (396.062.000) 10/26 12:20:55 Job was aborted by the user.
	via condor_rm (by user scoggim)
...
000 (418.062.000) 10/26 12:22:10 Job submitted from host: <140.160.143.131:9618?addrs=140.160.143.131-9618&noUDP&sock=2776_aefe_4>
...
009 (418.062.000) 10/26 20:10:07 Job was aborted by the user.
	via condor_rm (by user scoggim)
...
000 (419.062.000) 10/26 20:10:13 Job submitted from host: <140.160.143.131:9618?addrs=140.160.143.131-9618&noUDP&sock=2776_aefe_4>
...
009 (419.062.000) 10/27 11:05:19 Job was aborted by the user.
	via condor_rm (by user scoggim)
...
000 (420.062.000) 10/27 11:17:25 Job submitted from host: <140.160.143.131:9618?addrs=140.160.143.131-9618&noUDP&sock=2776_aefe_4>
...
001 (420.062.000) 11/04 09:52:35 Job executing on host: <140.160.143.146:9618?addrs=140.160.143.146-9618&noUDP&sock=1447_19a1_3>
...
006 (420.062.000) 11/04 09:52:44 Image size of job updated: 4644
	5  -  MemoryUsage of job (MB)
	4180  -  ResidentSetSize of job (KB)
...
006 (420.062.000) 11/04 11:02:51 Image size of job updated: 4896
	5  -  MemoryUsage of job (MB)
	4432  -  ResidentSetSize of job (KB)
...
005 (420.062.000) 11/04 21:09:34 Job terminated.
	(1) Normal termination (return value 0)
		Usr 0 19:57:45, Sys 0 02:36:11  -  Run Remote Usage
		Usr 0 00:00:00, Sys 0 00:00:00  -  Run Local Usage
		Usr 0 19:57:45, Sys 0 02:36:11  -  Total Remote Usage
		Usr 0 00:00:00, Sys 0 00:00:00  -  Total Local Usage
	0  -  Run Bytes Sent By Job
	0  -  Run Bytes Received By Job
	0  -  Total Bytes Sent By Job
	0  -  Total Bytes Received By Job
	Partitionable Resources :    Usage  Request Allocated 
	   Cpus                 :     2.00        2         2 
	   Disk (KB)            :   150         150    887510 
	   Memory (MB)          :     5       20480     20480 
...
