000 (2267.711.000) 04/28 23:44:32 Job submitted from host: <140.160.143.131:9618?addrs=140.160.143.131-9618&noUDP&sock=3131910_565e_30>
...
000 (2268.711.000) 04/28 23:46:20 Job submitted from host: <140.160.143.131:9618?addrs=140.160.143.131-9618&noUDP&sock=3131910_565e_30>
...
001 (2267.711.000) 05/01 12:15:25 Job executing on host: <140.160.143.161:9618?addrs=140.160.143.161-9618&noUDP&sock=55511_81dc_3>
...
006 (2267.711.000) 05/01 12:15:34 Image size of job updated: 2716
	3  -  MemoryUsage of job (MB)
	2716  -  ResidentSetSize of job (KB)
...
005 (2267.711.000) 05/02 08:55:43 Job terminated.
	(1) Normal termination (return value 0)
		Usr 2 00:45:27, Sys 1 09:54:33  -  Run Remote Usage
		Usr 0 00:00:00, Sys 0 00:00:00  -  Run Local Usage
		Usr 2 00:45:27, Sys 1 09:54:33  -  Total Remote Usage
		Usr 0 00:00:00, Sys 0 00:00:00  -  Total Local Usage
	0  -  Run Bytes Sent By Job
	0  -  Run Bytes Received By Job
	0  -  Total Bytes Sent By Job
	0  -  Total Bytes Received By Job
	Partitionable Resources :    Usage  Request Allocated 
	   Cpus                 :     4.00        4         4 
	   Disk (KB)            :   175         175    844753 
	   Memory (MB)          :     3           1       128 
...
009 (2268.711.000) 05/11 09:58:40 Job was aborted by the user.
	via condor_rm (by user scoggim)
...
000 (2400.035.000) 05/11 12:37:09 Job submitted from host: <140.160.143.131:9618?addrs=140.160.143.131-9618&noUDP&sock=3131910_565e_30>
...
001 (2400.035.000) 05/11 12:37:12 Job executing on host: <140.160.143.143:9618?addrs=140.160.143.143-9618&noUDP&sock=6169_ffd6_3>
...
006 (2400.035.000) 05/11 12:37:20 Image size of job updated: 2052
	3  -  MemoryUsage of job (MB)
	2052  -  ResidentSetSize of job (KB)
...
006 (2400.035.000) 05/11 13:02:22 Image size of job updated: 2056
	3  -  MemoryUsage of job (MB)
	2056  -  ResidentSetSize of job (KB)
...
005 (2400.035.000) 05/11 19:59:46 Job terminated.
	(1) Normal termination (return value 0)
		Usr 0 07:22:10, Sys 0 00:00:00  -  Run Remote Usage
		Usr 0 00:00:00, Sys 0 00:00:00  -  Run Local Usage
		Usr 0 07:22:10, Sys 0 00:00:00  -  Total Remote Usage
		Usr 0 00:00:00, Sys 0 00:00:00  -  Total Local Usage
	0  -  Run Bytes Sent By Job
	0  -  Run Bytes Received By Job
	0  -  Total Bytes Sent By Job
	0  -  Total Bytes Received By Job
	Partitionable Resources :    Usage  Request Allocated 
	   Cpus                 :     1.00        1         1 
	   Disk (KB)            :   175         175    881220 
	   Memory (MB)          :     3           1       128 
...
000 (2511.711.000) 05/27 15:03:21 Job submitted from host: <140.160.143.131:9618?addrs=140.160.143.131-9618&noUDP&sock=3131910_565e_30>
...
001 (2511.711.000) 05/27 22:00:23 Job executing on host: <140.160.143.147:9618?addrs=140.160.143.147-9618&noUDP&sock=26984_5ba8_3>
...
006 (2511.711.000) 05/27 22:00:32 Image size of job updated: 62168
	61  -  MemoryUsage of job (MB)
	62168  -  ResidentSetSize of job (KB)
...
006 (2511.711.000) 05/28 15:52:13 Image size of job updated: 67064
	66  -  MemoryUsage of job (MB)
	67064  -  ResidentSetSize of job (KB)
...
006 (2511.711.000) 05/31 13:14:15 Image size of job updated: 145796
	66  -  MemoryUsage of job (MB)
	67064  -  ResidentSetSize of job (KB)
...
004 (2511.711.000) 05/31 13:14:15 Job was evicted.
	(0) Job was not checkpointed.
		Usr 3 15:03:24, Sys 0 00:00:09  -  Run Remote Usage
		Usr 0 00:00:00, Sys 0 00:00:00  -  Run Local Usage
	0  -  Run Bytes Sent By Job
	0  -  Run Bytes Received By Job
	Partitionable Resources :    Usage  Request Allocated 
	   Cpus                 :     1.00        1         1 
	   Disk (KB)            :   175         175    196727 
	   Memory (MB)          :    66           1       128 
...
009 (2511.711.000) 05/31 13:14:16 Job was aborted by the user.
	via condor_rm (by user scoggim)
...
000 (2516.035.000) 06/02 11:26:44 Job submitted from host: <140.160.143.131:9618?addrs=140.160.143.131-9618&noUDP&sock=3131910_565e_30>
...
001 (2516.035.000) 06/02 11:26:58 Job executing on host: <140.160.143.142:9618?addrs=140.160.143.142-9618&noUDP&sock=9468_d6c6_3>
...
006 (2516.035.000) 06/02 11:27:06 Image size of job updated: 62184
	61  -  MemoryUsage of job (MB)
	62184  -  ResidentSetSize of job (KB)
...
004 (2516.035.000) 06/03 01:05:37 Job was evicted.
	(0) Job was not checkpointed.
		Usr 0 13:36:38, Sys 0 00:00:05  -  Run Remote Usage
		Usr 0 00:00:00, Sys 0 00:00:00  -  Run Local Usage
	0  -  Run Bytes Sent By Job
	0  -  Run Bytes Received By Job
	Partitionable Resources :    Usage  Request Allocated 
	   Cpus                 :     1.00        1         1 
	   Disk (KB)            :   175         175    881044 
	   Memory (MB)          :    61           1       128 
...
009 (2516.035.000) 06/03 01:05:37 Job was aborted by the user.
	via condor_rm (by user scoggim)
...
000 (2523.035.000) 06/03 01:09:42 Job submitted from host: <140.160.143.131:9618?addrs=140.160.143.131-9618&noUDP&sock=3131910_565e_30>
...
009 (2523.035.000) 06/03 01:12:01 Job was aborted by the user.
	via condor_rm (by user scoggim)
...
000 (2524.035.000) 06/03 01:12:07 Job submitted from host: <140.160.143.131:9618?addrs=140.160.143.131-9618&noUDP&sock=3131910_565e_30>
...
009 (2524.035.000) 06/03 11:11:22 Job was aborted by the user.
	via condor_rm (by user scoggim)
...
000 (2525.035.000) 06/03 11:11:41 Job submitted from host: <140.160.143.131:9618?addrs=140.160.143.131-9618&noUDP&sock=3131910_565e_30>
...
001 (2525.035.000) 06/03 11:12:04 Job executing on host: <140.160.143.147:9618?addrs=140.160.143.147-9618&noUDP&sock=26984_5ba8_3>
...
006 (2525.035.000) 06/03 11:12:12 Image size of job updated: 62172
	61  -  MemoryUsage of job (MB)
	62172  -  ResidentSetSize of job (KB)
...
006 (2525.035.000) 06/14 13:46:41 Image size of job updated: 145788
	61  -  MemoryUsage of job (MB)
	62172  -  ResidentSetSize of job (KB)
...
005 (2525.035.000) 06/14 13:46:41 Job terminated.
	(1) Normal termination (return value 0)
		Usr 11 02:03:10, Sys 0 00:00:29  -  Run Remote Usage
		Usr 0 00:00:00, Sys 0 00:00:00  -  Run Local Usage
		Usr 11 02:03:10, Sys 0 00:00:29  -  Total Remote Usage
		Usr 0 00:00:00, Sys 0 00:00:00  -  Total Local Usage
	0  -  Run Bytes Sent By Job
	0  -  Run Bytes Received By Job
	0  -  Total Bytes Sent By Job
	0  -  Total Bytes Received By Job
	Partitionable Resources :    Usage  Request Allocated 
	   Cpus                 :     1.00        1         1 
	   Disk (KB)            :   175         175    196727 
	   Memory (MB)          :    61           1       128 
...
