000 (2161.326.000) 04/19 11:39:22 Job submitted from host: <140.160.143.131:9618?addrs=140.160.143.131-9618&noUDP&sock=3131910_565e_30>
...
001 (2161.326.000) 04/23 09:29:11 Job executing on host: <140.160.143.162:9618?addrs=140.160.143.162-9618&noUDP&sock=44370_b53b_3>
...
006 (2161.326.000) 04/23 09:29:19 Image size of job updated: 5848
	5  -  MemoryUsage of job (MB)
	4776  -  ResidentSetSize of job (KB)
...
006 (2161.326.000) 04/23 10:19:24 Image size of job updated: 5860
	5  -  MemoryUsage of job (MB)
	4776  -  ResidentSetSize of job (KB)
...
006 (2161.326.000) 04/23 10:24:24 Image size of job updated: 5868
	5  -  MemoryUsage of job (MB)
	4780  -  ResidentSetSize of job (KB)
...
006 (2161.326.000) 04/23 10:54:28 Image size of job updated: 6116
	5  -  MemoryUsage of job (MB)
	5028  -  ResidentSetSize of job (KB)
...
005 (2161.326.000) 04/25 14:18:04 Job terminated.
	(1) Normal termination (return value 0)
		Usr 6 00:11:44, Sys 2 19:03:20  -  Run Remote Usage
		Usr 0 00:00:00, Sys 0 00:00:00  -  Run Local Usage
		Usr 6 00:11:44, Sys 2 19:03:20  -  Total Remote Usage
		Usr 0 00:00:00, Sys 0 00:00:00  -  Total Local Usage
	0  -  Run Bytes Sent By Job
	0  -  Run Bytes Received By Job
	0  -  Total Bytes Sent By Job
	0  -  Total Bytes Received By Job
	Partitionable Resources :    Usage  Request Allocated 
	   Cpus                 :     4.00        4         4 
	   Disk (KB)            :   175         175    844747 
	   Memory (MB)          :     5           1       128 
...
000 (2267.1847.000) 04/28 23:44:46 Job submitted from host: <140.160.143.131:9618?addrs=140.160.143.131-9618&noUDP&sock=3131910_565e_30>
...
009 (2267.1847.000) 05/11 12:17:54 Job was aborted by the user.
	via condor_rm (by user scoggim)
...
000 (2400.1171.000) 05/11 12:37:10 Job submitted from host: <140.160.143.131:9618?addrs=140.160.143.131-9618&noUDP&sock=3131910_565e_30>
...
001 (2400.1171.000) 05/13 09:01:50 Job executing on host: <140.160.143.167:9618?addrs=140.160.143.167-9618&noUDP&sock=15487_5f50_3>
...
006 (2400.1171.000) 05/13 09:01:59 Image size of job updated: 4028
	4  -  MemoryUsage of job (MB)
	4028  -  ResidentSetSize of job (KB)
...
005 (2400.1171.000) 05/14 12:24:01 Job terminated.
	(1) Normal termination (return value 0)
		Usr 1 03:22:07, Sys 0 00:00:01  -  Run Remote Usage
		Usr 0 00:00:00, Sys 0 00:00:00  -  Run Local Usage
		Usr 1 03:22:07, Sys 0 00:00:01  -  Total Remote Usage
		Usr 0 00:00:00, Sys 0 00:00:00  -  Total Local Usage
	0  -  Run Bytes Sent By Job
	0  -  Run Bytes Received By Job
	0  -  Total Bytes Sent By Job
	0  -  Total Bytes Received By Job
	Partitionable Resources :    Usage  Request Allocated 
	   Cpus                 :     1.00        1         1 
	   Disk (KB)            :   175         175    844734 
	   Memory (MB)          :     4           1       128 
...
