000 (2737.008.000) 07/06 08:22:29 Job submitted from host: <140.160.143.131:9618?addrs=140.160.143.131-9618&noUDP&sock=3131910_565e_30>
...
001 (2737.008.000) 07/06 08:22:30 Job executing on host: <140.160.143.146:9618?addrs=140.160.143.146-9618&noUDP&sock=4054_4908_3>
...
006 (2737.008.000) 07/06 08:22:38 Image size of job updated: 816
	1  -  MemoryUsage of job (MB)
	816  -  ResidentSetSize of job (KB)
...
006 (2737.008.000) 07/06 08:24:00 Image size of job updated: 820
	1  -  MemoryUsage of job (MB)
	816  -  ResidentSetSize of job (KB)
...
005 (2737.008.000) 07/06 08:24:00 Job terminated.
	(1) Normal termination (return value 0)
		Usr 0 00:01:30, Sys 0 00:00:00  -  Run Remote Usage
		Usr 0 00:00:00, Sys 0 00:00:00  -  Run Local Usage
		Usr 0 00:01:30, Sys 0 00:00:00  -  Total Remote Usage
		Usr 0 00:00:00, Sys 0 00:00:00  -  Total Local Usage
	0  -  Run Bytes Sent By Job
	0  -  Run Bytes Received By Job
	0  -  Total Bytes Sent By Job
	0  -  Total Bytes Received By Job
	Partitionable Resources :    Usage  Request Allocated 
	   Cpus                 :        0        1         1 
	   Disk (KB)            :      175      175    881117 
	   Memory (MB)          :        1        1       128 
...
