000 (2059.146.000) 03/05 16:54:49 Job submitted from host: <140.160.143.131:9618?addrs=140.160.143.131-9618&noUDP&sock=1229063_9141_4>
...
009 (2059.146.000) 03/05 19:47:02 Job was aborted by the user.
	via condor_rm (by user scoggim)
...
000 (2115.006.000) 03/05 20:16:31 Job submitted from host: <140.160.143.131:9618?addrs=140.160.143.131-9618&noUDP&sock=1229063_9141_4>
...
009 (2115.006.000) 03/15 01:14:48 Job was aborted by the user.
	via condor_rm (by user scoggim)
...
000 (2131.146.000) 03/15 01:18:30 Job submitted from host: <140.160.143.131:9618?addrs=140.160.143.131-9618&noUDP&sock=1229063_9141_4>
...
001 (2131.146.000) 03/19 13:48:34 Job executing on host: <140.160.143.146:9618?addrs=140.160.143.146-9618&noUDP&sock=23249_756d_3>
...
006 (2131.146.000) 03/19 13:48:42 Image size of job updated: 3728
	3  -  MemoryUsage of job (MB)
	2484  -  ResidentSetSize of job (KB)
...
006 (2131.146.000) 03/19 13:53:42 Image size of job updated: 3952
	3  -  MemoryUsage of job (MB)
	2484  -  ResidentSetSize of job (KB)
...
006 (2131.146.000) 03/19 13:58:43 Image size of job updated: 3956
	3  -  MemoryUsage of job (MB)
	2484  -  ResidentSetSize of job (KB)
...
006 (2131.146.000) 03/19 14:03:44 Image size of job updated: 3988
	3  -  MemoryUsage of job (MB)
	2488  -  ResidentSetSize of job (KB)
...
006 (2131.146.000) 03/19 14:23:46 Image size of job updated: 4100
	3  -  MemoryUsage of job (MB)
	2600  -  ResidentSetSize of job (KB)
...
006 (2131.146.000) 03/19 14:43:48 Image size of job updated: 4132
	3  -  MemoryUsage of job (MB)
	2600  -  ResidentSetSize of job (KB)
...
006 (2131.146.000) 03/19 15:13:52 Image size of job updated: 4136
	3  -  MemoryUsage of job (MB)
	2600  -  ResidentSetSize of job (KB)
...
006 (2131.146.000) 03/19 15:28:53 Image size of job updated: 4200
	3  -  MemoryUsage of job (MB)
	2600  -  ResidentSetSize of job (KB)
...
006 (2131.146.000) 03/19 19:04:15 Image size of job updated: 4632
	3  -  MemoryUsage of job (MB)
	2600  -  ResidentSetSize of job (KB)
...
005 (2131.146.000) 03/19 19:09:25 Job terminated.
	(1) Normal termination (return value 0)
		Usr 0 14:37:44, Sys 0 06:43:51  -  Run Remote Usage
		Usr 0 00:00:00, Sys 0 00:00:00  -  Run Local Usage
		Usr 0 14:37:44, Sys 0 06:43:51  -  Total Remote Usage
		Usr 0 00:00:00, Sys 0 00:00:00  -  Total Local Usage
	0  -  Run Bytes Sent By Job
	0  -  Run Bytes Received By Job
	0  -  Total Bytes Sent By Job
	0  -  Total Bytes Received By Job
	Partitionable Resources :    Usage  Request Allocated 
	   Cpus                 :     4.00        4         4 
	   Disk (KB)            :   175         175    881144 
	   Memory (MB)          :     3           1       128 
...
