000 (2060.028.000) 03/05 20:07:43 Job submitted from host: <140.160.143.131:9618?addrs=140.160.143.131-9618&noUDP&sock=1229063_9141_4>
...
009 (2060.028.000) 03/05 20:07:53 Job was aborted by the user.
	via condor_rm (by user scoggim)
...
000 (2071.000.000) 03/05 20:16:28 Job submitted from host: <140.160.143.131:9618?addrs=140.160.143.131-9618&noUDP&sock=1229063_9141_4>
...
001 (2071.000.000) 03/08 20:00:31 Job executing on host: <140.160.143.147:9618?addrs=140.160.143.147-9618&noUDP&sock=28833_9e45_3>
...
006 (2071.000.000) 03/08 20:00:40 Image size of job updated: 1052
	1  -  MemoryUsage of job (MB)
	984  -  ResidentSetSize of job (KB)
...
006 (2071.000.000) 03/08 20:05:40 Image size of job updated: 2500
	1  -  MemoryUsage of job (MB)
	988  -  ResidentSetSize of job (KB)
...
005 (2071.000.000) 03/08 20:30:43 Job terminated.
	(1) Normal termination (return value 0)
		Usr 0 01:16:35, Sys 0 00:43:53  -  Run Remote Usage
		Usr 0 00:00:00, Sys 0 00:00:00  -  Run Local Usage
		Usr 0 01:16:35, Sys 0 00:43:53  -  Total Remote Usage
		Usr 0 00:00:00, Sys 0 00:00:00  -  Total Local Usage
	0  -  Run Bytes Sent By Job
	0  -  Run Bytes Received By Job
	0  -  Total Bytes Sent By Job
	0  -  Total Bytes Received By Job
	Partitionable Resources :    Usage  Request Allocated 
	   Cpus                 :     4.00        4         4 
	   Disk (KB)            :   175         175    197501 
	   Memory (MB)          :     1           1       128 
...
000 (2134.028.000) 03/25 11:02:21 Job submitted from host: <140.160.143.131:9618?addrs=140.160.143.131-9618&noUDP&sock=3219958_f11d_13>
...
009 (2134.028.000) 03/25 11:05:05 Job was aborted by the user.
	via condor_rm (by user scoggim)
...
000 (2135.028.000) 03/25 11:05:14 Job submitted from host: <140.160.143.131:9618?addrs=140.160.143.131-9618&noUDP&sock=3219958_f11d_13>
...
001 (2135.028.000) 03/26 10:50:28 Job executing on host: <140.160.143.163:9618?addrs=140.160.143.163-9618&noUDP&sock=45405_a1c0_3>
...
006 (2135.028.000) 03/26 10:50:36 Image size of job updated: 4452
	5  -  MemoryUsage of job (MB)
	4452  -  ResidentSetSize of job (KB)
...
006 (2135.028.000) 03/26 11:30:40 Image size of job updated: 4676
	5  -  MemoryUsage of job (MB)
	4676  -  ResidentSetSize of job (KB)
...
006 (2135.028.000) 03/27 01:19:37 Image size of job updated: 216756
	5  -  MemoryUsage of job (MB)
	4676  -  ResidentSetSize of job (KB)
...
005 (2135.028.000) 03/27 01:19:37 Job terminated.
	(1) Normal termination (return value 0)
		Usr 1 13:54:57, Sys 0 20:01:12  -  Run Remote Usage
		Usr 0 00:00:00, Sys 0 00:00:00  -  Run Local Usage
		Usr 1 13:54:57, Sys 0 20:01:12  -  Total Remote Usage
		Usr 0 00:00:00, Sys 0 00:00:00  -  Total Local Usage
	0  -  Run Bytes Sent By Job
	0  -  Run Bytes Received By Job
	0  -  Total Bytes Sent By Job
	0  -  Total Bytes Received By Job
	Partitionable Resources :    Usage  Request Allocated 
	   Cpus                 :     4.00        4         4 
	   Disk (KB)            :   175         175    844750 
	   Memory (MB)          :     5           1       128 
...
