000 (2267.997.000) 04/28 23:44:32 Job submitted from host: <140.160.143.131:9618?addrs=140.160.143.131-9618&noUDP&sock=3131910_565e_30>
...
000 (2268.997.000) 04/28 23:46:21 Job submitted from host: <140.160.143.131:9618?addrs=140.160.143.131-9618&noUDP&sock=3131910_565e_30>
...
001 (2267.997.000) 05/10 12:17:01 Job executing on host: <140.160.143.153:9618?addrs=140.160.143.153-9618&noUDP&sock=3174_adb0_3>
...
006 (2267.997.000) 05/10 12:17:10 Image size of job updated: 2652
	3  -  MemoryUsage of job (MB)
	2652  -  ResidentSetSize of job (KB)
...
006 (2267.997.000) 05/10 12:27:12 Image size of job updated: 2656
	3  -  MemoryUsage of job (MB)
	2656  -  ResidentSetSize of job (KB)
...
009 (2268.997.000) 05/11 09:58:46 Job was aborted by the user.
	via condor_rm (by user scoggim)
...
004 (2267.997.000) 05/11 12:17:49 Job was evicted.
	(0) Job was not checkpointed.
		Usr 2 03:59:24, Sys 1 15:56:56  -  Run Remote Usage
		Usr 0 00:00:00, Sys 0 00:00:00  -  Run Local Usage
	0  -  Run Bytes Sent By Job
	0  -  Run Bytes Received By Job
	Partitionable Resources :    Usage  Request Allocated 
	   Cpus                 :     3.98        4         4 
	   Disk (KB)            :   175         175    870398 
	   Gpus                 :                           0 
	   Memory (MB)          :     3           1       128 
...
009 (2267.997.000) 05/11 12:17:50 Job was aborted by the user.
	via condor_rm (by user scoggim)
...
000 (2400.321.000) 05/11 12:37:09 Job submitted from host: <140.160.143.131:9618?addrs=140.160.143.131-9618&noUDP&sock=3131910_565e_30>
...
001 (2400.321.000) 05/12 10:24:17 Job executing on host: <140.160.143.167:9618?addrs=140.160.143.167-9618&noUDP&sock=15487_5f50_3>
...
006 (2400.321.000) 05/12 10:24:25 Image size of job updated: 2064
	3  -  MemoryUsage of job (MB)
	2064  -  ResidentSetSize of job (KB)
...
005 (2400.321.000) 05/12 14:48:13 Job terminated.
	(1) Normal termination (return value 0)
		Usr 0 04:23:55, Sys 0 00:00:00  -  Run Remote Usage
		Usr 0 00:00:00, Sys 0 00:00:00  -  Run Local Usage
		Usr 0 04:23:55, Sys 0 00:00:00  -  Total Remote Usage
		Usr 0 00:00:00, Sys 0 00:00:00  -  Total Local Usage
	0  -  Run Bytes Sent By Job
	0  -  Run Bytes Received By Job
	0  -  Total Bytes Sent By Job
	0  -  Total Bytes Received By Job
	Partitionable Resources :    Usage  Request Allocated 
	   Cpus                 :     1.00        1         1 
	   Disk (KB)            :   175         175    844734 
	   Memory (MB)          :     3           1       128 
...
000 (2511.997.000) 05/27 15:03:51 Job submitted from host: <140.160.143.131:9618?addrs=140.160.143.131-9618&noUDP&sock=3131910_565e_30>
...
001 (2511.997.000) 05/28 08:24:30 Job executing on host: <140.160.143.160:9618?addrs=140.160.143.160-9618&noUDP&sock=59753_2a9b_3>
...
006 (2511.997.000) 05/28 08:24:39 Image size of job updated: 36624
	36  -  MemoryUsage of job (MB)
	36624  -  ResidentSetSize of job (KB)
...
006 (2511.997.000) 05/28 09:29:45 Image size of job updated: 41524
	41  -  MemoryUsage of job (MB)
	41524  -  ResidentSetSize of job (KB)
...
006 (2511.997.000) 05/28 14:35:18 Image size of job updated: 65896
	65  -  MemoryUsage of job (MB)
	65896  -  ResidentSetSize of job (KB)
...
006 (2511.997.000) 05/31 13:14:24 Image size of job updated: 145796
	65  -  MemoryUsage of job (MB)
	65896  -  ResidentSetSize of job (KB)
...
004 (2511.997.000) 05/31 13:14:24 Job was evicted.
	(0) Job was not checkpointed.
		Usr 3 04:49:34, Sys 0 00:00:09  -  Run Remote Usage
		Usr 0 00:00:00, Sys 0 00:00:00  -  Run Local Usage
	0  -  Run Bytes Sent By Job
	0  -  Run Bytes Received By Job
	Partitionable Resources :    Usage  Request Allocated 
	   Cpus                 :     1.00        1         1 
	   Disk (KB)            :   175         175    844516 
	   Memory (MB)          :    65           1       128 
...
009 (2511.997.000) 05/31 13:14:24 Job was aborted by the user.
	via condor_rm (by user scoggim)
...
000 (2516.321.000) 06/02 11:26:50 Job submitted from host: <140.160.143.131:9618?addrs=140.160.143.131-9618&noUDP&sock=3131910_565e_30>
...
009 (2516.321.000) 06/03 01:05:58 Job was aborted by the user.
	via condor_rm (by user scoggim)
...
000 (2523.321.000) 06/03 01:09:45 Job submitted from host: <140.160.143.131:9618?addrs=140.160.143.131-9618&noUDP&sock=3131910_565e_30>
...
009 (2523.321.000) 06/03 01:12:02 Job was aborted by the user.
	via condor_rm (by user scoggim)
...
000 (2524.321.000) 06/03 01:12:07 Job submitted from host: <140.160.143.131:9618?addrs=140.160.143.131-9618&noUDP&sock=3131910_565e_30>
...
009 (2524.321.000) 06/03 11:11:23 Job was aborted by the user.
	via condor_rm (by user scoggim)
...
000 (2525.321.000) 06/03 11:11:42 Job submitted from host: <140.160.143.131:9618?addrs=140.160.143.131-9618&noUDP&sock=3131910_565e_30>
...
001 (2525.321.000) 06/12 19:32:50 Job executing on host: <140.160.143.142:9618?addrs=140.160.143.142-9618&noUDP&sock=9468_d6c6_3>
...
006 (2525.321.000) 06/12 19:32:58 Image size of job updated: 62168
	61  -  MemoryUsage of job (MB)
	62168  -  ResidentSetSize of job (KB)
...
006 (2525.321.000) 06/19 11:54:35 Image size of job updated: 67064
	66  -  MemoryUsage of job (MB)
	67064  -  ResidentSetSize of job (KB)
...
006 (2525.321.000) 06/19 17:05:05 Image size of job updated: 67092
	66  -  MemoryUsage of job (MB)
	67064  -  ResidentSetSize of job (KB)
...
005 (2525.321.000) 06/21 17:42:44 Job terminated.
	(1) Normal termination (return value 0)
		Usr 8 21:36:53, Sys 0 00:00:42  -  Run Remote Usage
		Usr 0 00:00:00, Sys 0 00:00:00  -  Run Local Usage
		Usr 8 21:36:53, Sys 0 00:00:42  -  Total Remote Usage
		Usr 0 00:00:00, Sys 0 00:00:00  -  Total Local Usage
	0  -  Run Bytes Sent By Job
	0  -  Run Bytes Received By Job
	0  -  Total Bytes Sent By Job
	0  -  Total Bytes Received By Job
	Partitionable Resources :    Usage  Request Allocated 
	   Cpus                 :     1.00        1         1 
	   Disk (KB)            :   175         175    881044 
	   Memory (MB)          :    66           1       128 
...
