000 (2661.021.000) 07/01 07:14:37 Job submitted from host: <140.160.143.131:9618?addrs=140.160.143.131-9618&noUDP&sock=3131910_565e_30>
...
001 (2661.021.000) 07/01 07:14:56 Job executing on host: <140.160.143.143:9618?addrs=140.160.143.143-9618&noUDP&sock=21098_0d36_3>
...
006 (2661.021.000) 07/01 07:15:05 Image size of job updated: 784
	1  -  MemoryUsage of job (MB)
	784  -  ResidentSetSize of job (KB)
...
000 (2662.007.000) 07/01 07:18:03 Job submitted from host: <140.160.143.131:9618?addrs=140.160.143.131-9618&noUDP&sock=3131910_565e_30>
...
001 (2662.007.000) 07/01 07:18:15 Job executing on host: <140.160.143.153:9618?addrs=140.160.143.153-9618&noUDP&sock=3174_adb0_3>
...
006 (2662.007.000) 07/01 07:18:23 Image size of job updated: 2684
	1  -  MemoryUsage of job (MB)
	932  -  ResidentSetSize of job (KB)
...
005 (2661.021.000) 07/01 07:23:23 Job terminated.
	(1) Normal termination (return value 0)
		Usr 0 00:08:25, Sys 0 00:00:00  -  Run Remote Usage
		Usr 0 00:00:00, Sys 0 00:00:00  -  Run Local Usage
		Usr 0 00:08:25, Sys 0 00:00:00  -  Total Remote Usage
		Usr 0 00:00:00, Sys 0 00:00:00  -  Total Local Usage
	0  -  Run Bytes Sent By Job
	0  -  Run Bytes Received By Job
	0  -  Total Bytes Sent By Job
	0  -  Total Bytes Received By Job
	Partitionable Resources :    Usage  Request Allocated 
	   Cpus                 :     1.00        1         1 
	   Disk (KB)            :   175         175    881209 
	   Memory (MB)          :     1           1       128 
...
006 (2662.007.000) 07/01 07:23:23 Image size of job updated: 2688
	1  -  MemoryUsage of job (MB)
	936  -  ResidentSetSize of job (KB)
...
005 (2662.007.000) 07/01 07:32:12 Job terminated.
	(1) Normal termination (return value 0)
		Usr 0 00:25:28, Sys 0 00:16:25  -  Run Remote Usage
		Usr 0 00:00:00, Sys 0 00:00:00  -  Run Local Usage
		Usr 0 00:25:28, Sys 0 00:16:25  -  Total Remote Usage
		Usr 0 00:00:00, Sys 0 00:00:00  -  Total Local Usage
	0  -  Run Bytes Sent By Job
	0  -  Run Bytes Received By Job
	0  -  Total Bytes Sent By Job
	0  -  Total Bytes Received By Job
	Partitionable Resources :    Usage  Request Allocated 
	   Cpus                 :     3.00        3         3 
	   Disk (KB)            :   175         175    870398 
	   Gpus                 :                           0 
	   Memory (MB)          :     1           1       128 
...
