000 (2265.155.000) 04/28 23:41:53 Job submitted from host: <140.160.143.131:9618?addrs=140.160.143.131-9618&noUDP&sock=3131910_565e_30>
...
009 (2265.155.000) 04/28 23:42:33 Job was aborted by the user.
	via condor_rm (by user scoggim)
...
000 (2266.324.000) 04/28 23:43:27 Job submitted from host: <140.160.143.131:9618?addrs=140.160.143.131-9618&noUDP&sock=3131910_565e_30>
...
000 (2267.324.000) 04/28 23:44:31 Job submitted from host: <140.160.143.131:9618?addrs=140.160.143.131-9618&noUDP&sock=3131910_565e_30>
...
000 (2268.324.000) 04/28 23:46:20 Job submitted from host: <140.160.143.131:9618?addrs=140.160.143.131-9618&noUDP&sock=3131910_565e_30>
...
001 (2266.324.000) 04/28 23:46:23 Job executing on host: <140.160.143.146:9618?addrs=140.160.143.146-9618&noUDP&sock=23249_756d_3>
...
006 (2266.324.000) 04/28 23:46:31 Image size of job updated: 504
	1  -  MemoryUsage of job (MB)
	504  -  ResidentSetSize of job (KB)
...
006 (2266.324.000) 04/28 23:47:21 Image size of job updated: 106548
	1  -  MemoryUsage of job (MB)
	504  -  ResidentSetSize of job (KB)
...
005 (2266.324.000) 04/28 23:47:21 Job terminated.
	(1) Normal termination (return value 0)
		Usr 0 00:00:57, Sys 0 00:00:00  -  Run Remote Usage
		Usr 0 00:00:00, Sys 0 00:00:00  -  Run Local Usage
		Usr 0 00:00:57, Sys 0 00:00:00  -  Total Remote Usage
		Usr 0 00:00:00, Sys 0 00:00:00  -  Total Local Usage
	0  -  Run Bytes Sent By Job
	0  -  Run Bytes Received By Job
	0  -  Total Bytes Sent By Job
	0  -  Total Bytes Received By Job
	Partitionable Resources :    Usage  Request Allocated 
	   Cpus                 :     1.00        1         1 
	   Disk (KB)            :   175         175    881144 
	   Memory (MB)          :     1           1       128 
...
001 (2267.324.000) 04/30 09:09:32 Job executing on host: <140.160.143.143:9618?addrs=140.160.143.143-9618&noUDP&sock=6169_ffd6_3>
...
006 (2267.324.000) 04/30 09:09:41 Image size of job updated: 1048
	2  -  MemoryUsage of job (MB)
	1048  -  ResidentSetSize of job (KB)
...
005 (2267.324.000) 04/30 10:59:21 Job terminated.
	(1) Normal termination (return value 0)
		Usr 0 03:53:58, Sys 0 03:25:09  -  Run Remote Usage
		Usr 0 00:00:00, Sys 0 00:00:00  -  Run Local Usage
		Usr 0 03:53:58, Sys 0 03:25:09  -  Total Remote Usage
		Usr 0 00:00:00, Sys 0 00:00:00  -  Total Local Usage
	0  -  Run Bytes Sent By Job
	0  -  Run Bytes Received By Job
	0  -  Total Bytes Sent By Job
	0  -  Total Bytes Received By Job
	Partitionable Resources :    Usage  Request Allocated 
	   Cpus                 :     4.00        4         4 
	   Disk (KB)            :   175         175    881220 
	   Memory (MB)          :     2           1       128 
...
009 (2268.324.000) 05/11 09:58:34 Job was aborted by the user.
	via condor_rm (by user scoggim)
...
000 (2511.324.000) 05/27 15:03:18 Job submitted from host: <140.160.143.131:9618?addrs=140.160.143.131-9618&noUDP&sock=3131910_565e_30>
...
001 (2511.324.000) 05/27 16:42:12 Job executing on host: <140.160.143.167:9618?addrs=140.160.143.167-9618&noUDP&sock=7312_0096_3>
...
006 (2511.324.000) 05/27 16:42:21 Image size of job updated: 3696
	4  -  MemoryUsage of job (MB)
	3696  -  ResidentSetSize of job (KB)
...
006 (2511.324.000) 05/27 16:47:22 Image size of job updated: 3920
	4  -  MemoryUsage of job (MB)
	3920  -  ResidentSetSize of job (KB)
...
005 (2511.324.000) 05/27 18:10:15 Job terminated.
	(1) Normal termination (return value 0)
		Usr 0 01:28:02, Sys 0 00:00:00  -  Run Remote Usage
		Usr 0 00:00:00, Sys 0 00:00:00  -  Run Local Usage
		Usr 0 01:28:02, Sys 0 00:00:00  -  Total Remote Usage
		Usr 0 00:00:00, Sys 0 00:00:00  -  Total Local Usage
	0  -  Run Bytes Sent By Job
	0  -  Run Bytes Received By Job
	0  -  Total Bytes Sent By Job
	0  -  Total Bytes Received By Job
	Partitionable Resources :    Usage  Request Allocated 
	   Cpus                 :     1.00        1         1 
	   Disk (KB)            :   175         175    844567 
	   Memory (MB)          :     4           1       128 
...
000 (2513.324.000) 05/31 13:37:09 Job submitted from host: <140.160.143.131:9618?addrs=140.160.143.131-9618&noUDP&sock=3131910_565e_30>
...
009 (2513.324.000) 05/31 15:23:49 Job was aborted by the user.
	via condor_rm (by user scoggim)
...
000 (2514.324.000) 05/31 15:29:20 Job submitted from host: <140.160.143.131:9618?addrs=140.160.143.131-9618&noUDP&sock=3131910_565e_30>
...
009 (2514.324.000) 06/01 11:47:16 Job was aborted by the user.
	via condor_rm (by user scoggim)
...
000 (2515.324.000) 06/01 11:47:43 Job submitted from host: <140.160.143.131:9618?addrs=140.160.143.131-9618&noUDP&sock=3131910_565e_30>
...
001 (2515.324.000) 06/01 20:05:18 Job executing on host: <140.160.143.146:9618?addrs=140.160.143.146-9618&noUDP&sock=4054_4908_3>
...
006 (2515.324.000) 06/01 20:05:27 Image size of job updated: 3684
	4  -  MemoryUsage of job (MB)
	3684  -  ResidentSetSize of job (KB)
...
006 (2515.324.000) 06/01 20:10:28 Image size of job updated: 3908
	4  -  MemoryUsage of job (MB)
	3908  -  ResidentSetSize of job (KB)
...
006 (2515.324.000) 06/01 20:15:29 Image size of job updated: 3912
	4  -  MemoryUsage of job (MB)
	3912  -  ResidentSetSize of job (KB)
...
005 (2515.324.000) 06/02 00:06:20 Job terminated.
	(1) Normal termination (return value 0)
		Usr 0 04:00:48, Sys 0 00:00:00  -  Run Remote Usage
		Usr 0 00:00:00, Sys 0 00:00:00  -  Run Local Usage
		Usr 0 04:00:48, Sys 0 00:00:00  -  Total Remote Usage
		Usr 0 00:00:00, Sys 0 00:00:00  -  Total Local Usage
	0  -  Run Bytes Sent By Job
	0  -  Run Bytes Received By Job
	0  -  Total Bytes Sent By Job
	0  -  Total Bytes Received By Job
	Partitionable Resources :    Usage  Request Allocated 
	   Cpus                 :     1.00        1         1 
	   Disk (KB)            :   175         175    881117 
	   Memory (MB)          :     4           1       128 
...
