000 (2059.279.000) 03/05 16:54:49 Job submitted from host: <140.160.143.131:9618?addrs=140.160.143.131-9618&noUDP&sock=1229063_9141_4>
...
009 (2059.279.000) 03/05 19:47:03 Job was aborted by the user.
	via condor_rm (by user scoggim)
...
000 (2131.279.000) 03/15 01:18:30 Job submitted from host: <140.160.143.131:9618?addrs=140.160.143.131-9618&noUDP&sock=1229063_9141_4>
...
001 (2131.279.000) 03/20 14:02:20 Job executing on host: <140.160.143.160:9618?addrs=140.160.143.160-9618&noUDP&sock=11177_1220_3>
...
006 (2131.279.000) 03/20 14:02:28 Image size of job updated: 4780
	5  -  MemoryUsage of job (MB)
	4780  -  ResidentSetSize of job (KB)
...
006 (2131.279.000) 03/20 14:12:29 Image size of job updated: 4812
	5  -  MemoryUsage of job (MB)
	4784  -  ResidentSetSize of job (KB)
...
006 (2131.279.000) 03/20 14:17:30 Image size of job updated: 4820
	5  -  MemoryUsage of job (MB)
	4784  -  ResidentSetSize of job (KB)
...
006 (2131.279.000) 03/20 14:22:30 Image size of job updated: 4824
	5  -  MemoryUsage of job (MB)
	4784  -  ResidentSetSize of job (KB)
...
006 (2131.279.000) 03/20 14:37:32 Image size of job updated: 4840
	5  -  MemoryUsage of job (MB)
	4784  -  ResidentSetSize of job (KB)
...
006 (2131.279.000) 03/20 14:47:33 Image size of job updated: 5088
	5  -  MemoryUsage of job (MB)
	5032  -  ResidentSetSize of job (KB)
...
005 (2131.279.000) 03/20 19:23:35 Job terminated.
	(1) Normal termination (return value 0)
		Usr 0 13:53:06, Sys 0 07:31:08  -  Run Remote Usage
		Usr 0 00:00:00, Sys 0 00:00:00  -  Run Local Usage
		Usr 0 13:53:06, Sys 0 07:31:08  -  Total Remote Usage
		Usr 0 00:00:00, Sys 0 00:00:00  -  Total Local Usage
	0  -  Run Bytes Sent By Job
	0  -  Run Bytes Received By Job
	0  -  Total Bytes Sent By Job
	0  -  Total Bytes Received By Job
	Partitionable Resources :    Usage  Request Allocated 
	   Cpus                 :     4.00        4         4 
	   Disk (KB)            :   175         175    845054 
	   Memory (MB)          :     5           1       128 
...
