000 (2059.158.000) 03/05 16:54:49 Job submitted from host: <140.160.143.131:9618?addrs=140.160.143.131-9618&noUDP&sock=1229063_9141_4>
...
009 (2059.158.000) 03/05 19:47:02 Job was aborted by the user.
	via condor_rm (by user scoggim)
...
000 (2117.004.000) 03/05 20:16:32 Job submitted from host: <140.160.143.131:9618?addrs=140.160.143.131-9618&noUDP&sock=1229063_9141_4>
...
009 (2117.004.000) 03/15 01:14:48 Job was aborted by the user.
	via condor_rm (by user scoggim)
...
000 (2131.158.000) 03/15 01:18:30 Job submitted from host: <140.160.143.131:9618?addrs=140.160.143.131-9618&noUDP&sock=1229063_9141_4>
...
001 (2131.158.000) 03/19 17:33:32 Job executing on host: <140.160.143.142:9618?addrs=140.160.143.142-9618&noUDP&sock=8883_93de_3>
...
006 (2131.158.000) 03/19 17:33:40 Image size of job updated: 2480
	3  -  MemoryUsage of job (MB)
	2480  -  ResidentSetSize of job (KB)
...
006 (2131.158.000) 03/19 17:38:40 Image size of job updated: 2484
	3  -  MemoryUsage of job (MB)
	2484  -  ResidentSetSize of job (KB)
...
006 (2131.158.000) 03/19 18:08:43 Image size of job updated: 2596
	3  -  MemoryUsage of job (MB)
	2596  -  ResidentSetSize of job (KB)
...
005 (2131.158.000) 03/19 22:34:41 Job terminated.
	(1) Normal termination (return value 0)
		Usr 0 13:46:53, Sys 0 06:15:20  -  Run Remote Usage
		Usr 0 00:00:00, Sys 0 00:00:00  -  Run Local Usage
		Usr 0 13:46:53, Sys 0 06:15:20  -  Total Remote Usage
		Usr 0 00:00:00, Sys 0 00:00:00  -  Total Local Usage
	0  -  Run Bytes Sent By Job
	0  -  Run Bytes Received By Job
	0  -  Total Bytes Sent By Job
	0  -  Total Bytes Received By Job
	Partitionable Resources :    Usage  Request Allocated 
	   Cpus                 :     4.00        4         4 
	   Disk (KB)            :   175         175    881178 
	   Memory (MB)          :     3           1       128 
...
