000 (674364.000.000) 09/14 14:18:48 Job submitted from host: <140.160.143.130:9618?addrs=140.160.143.130-9618&noUDP&sock=5591_da80_4>
...
009 (674364.000.000) 09/14 14:20:43 Job was aborted by the user.
	via condor_rm (by user scoggim)
...
000 (674508.000.000) 09/14 14:25:56 Job submitted from host: <140.160.143.130:9618?addrs=140.160.143.130-9618&noUDP&sock=5591_da80_4>
...
000 (674652.000.000) 09/14 14:26:38 Job submitted from host: <140.160.143.130:9618?addrs=140.160.143.130-9618&noUDP&sock=5591_da80_4>
...
000 (674796.000.000) 09/14 14:27:37 Job submitted from host: <140.160.143.130:9618?addrs=140.160.143.130-9618&noUDP&sock=5591_da80_4>
...
009 (674652.000.000) 09/14 14:46:32 Job was aborted by the user.
	via condor_rm (by user scoggim)
...
009 (674796.000.000) 09/14 14:46:33 Job was aborted by the user.
	via condor_rm (by user scoggim)
...
009 (674508.000.000) 09/14 14:46:33 Job was aborted by the user.
	via condor_rm (by user scoggim)
...
000 (674976.000.000) 09/14 22:20:24 Job submitted from host: <140.160.143.130:9618?addrs=140.160.143.130-9618&noUDP&sock=5591_da80_4>
...
001 (674976.000.000) 09/15 03:09:49 Job executing on host: <140.160.143.149:9618?addrs=140.160.143.149-9618&noUDP&sock=8214_036a_3>
...
006 (674976.000.000) 09/15 03:09:58 Image size of job updated: 3116
	3  -  MemoryUsage of job (MB)
	3024  -  ResidentSetSize of job (KB)
...
006 (674976.000.000) 09/15 03:14:58 Image size of job updated: 62956
	62  -  MemoryUsage of job (MB)
	62864  -  ResidentSetSize of job (KB)
...
006 (674976.000.000) 09/15 03:19:58 Image size of job updated: 126288
	124  -  MemoryUsage of job (MB)
	126196  -  ResidentSetSize of job (KB)
...
006 (674976.000.000) 09/15 03:24:59 Image size of job updated: 194568
	190  -  MemoryUsage of job (MB)
	194476  -  ResidentSetSize of job (KB)
...
006 (674976.000.000) 09/15 03:30:00 Image size of job updated: 261424
	256  -  MemoryUsage of job (MB)
	261332  -  ResidentSetSize of job (KB)
...
006 (674976.000.000) 09/15 03:35:00 Image size of job updated: 304592
	298  -  MemoryUsage of job (MB)
	304500  -  ResidentSetSize of job (KB)
...
005 (674976.000.000) 09/16 01:23:15 Job terminated.
	(1) Normal termination (return value 0)
		Usr 0 00:27:59, Sys 0 00:12:33  -  Run Remote Usage
		Usr 0 00:00:00, Sys 0 00:00:00  -  Run Local Usage
		Usr 0 00:27:59, Sys 0 00:12:33  -  Total Remote Usage
		Usr 0 00:00:00, Sys 0 00:00:00  -  Total Local Usage
	0  -  Run Bytes Sent By Job
	0  -  Run Bytes Received By Job
	0  -  Total Bytes Sent By Job
	0  -  Total Bytes Received By Job
	Partitionable Resources :    Usage  Request Allocated 
	   Cpus                 :     1.99        2         2 
	   Disk (KB)            :   150         150     18162 
	   Gpus                 :                           0 
	   Memory (MB)          :   298           1       128 
...
