000 (674380.000.000) 09/14 14:18:49 Job submitted from host: <140.160.143.130:9618?addrs=140.160.143.130-9618&noUDP&sock=5591_da80_4>
...
009 (674380.000.000) 09/14 14:20:43 Job was aborted by the user.
	via condor_rm (by user scoggim)
...
000 (674524.000.000) 09/14 14:25:57 Job submitted from host: <140.160.143.130:9618?addrs=140.160.143.130-9618&noUDP&sock=5591_da80_4>
...
000 (674668.000.000) 09/14 14:26:39 Job submitted from host: <140.160.143.130:9618?addrs=140.160.143.130-9618&noUDP&sock=5591_da80_4>
...
000 (674812.000.000) 09/14 14:27:38 Job submitted from host: <140.160.143.130:9618?addrs=140.160.143.130-9618&noUDP&sock=5591_da80_4>
...
009 (674524.000.000) 09/14 14:46:33 Job was aborted by the user.
	via condor_rm (by user scoggim)
...
009 (674668.000.000) 09/14 14:46:33 Job was aborted by the user.
	via condor_rm (by user scoggim)
...
009 (674812.000.000) 09/14 14:46:34 Job was aborted by the user.
	via condor_rm (by user scoggim)
...
000 (674992.000.000) 09/14 22:20:24 Job submitted from host: <140.160.143.130:9618?addrs=140.160.143.130-9618&noUDP&sock=5591_da80_4>
...
001 (674992.000.000) 09/15 08:45:20 Job executing on host: <140.160.143.156:9618?addrs=140.160.143.156-9618&noUDP&sock=4471_a06d_3>
...
006 (674992.000.000) 09/15 08:45:29 Image size of job updated: 2560
	3  -  MemoryUsage of job (MB)
	2560  -  ResidentSetSize of job (KB)
...
006 (674992.000.000) 09/15 08:50:30 Image size of job updated: 71568
	70  -  MemoryUsage of job (MB)
	71568  -  ResidentSetSize of job (KB)
...
006 (674992.000.000) 09/15 08:55:30 Image size of job updated: 141240
	138  -  MemoryUsage of job (MB)
	141240  -  ResidentSetSize of job (KB)
...
006 (674992.000.000) 09/15 09:00:30 Image size of job updated: 205740
	201  -  MemoryUsage of job (MB)
	205740  -  ResidentSetSize of job (KB)
...
006 (674992.000.000) 09/15 09:05:31 Image size of job updated: 271820
	266  -  MemoryUsage of job (MB)
	271820  -  ResidentSetSize of job (KB)
...
006 (674992.000.000) 09/15 09:10:31 Image size of job updated: 310244
	303  -  MemoryUsage of job (MB)
	310244  -  ResidentSetSize of job (KB)
...
005 (674992.000.000) 09/15 10:22:33 Job terminated.
	(1) Normal termination (return value 0)
		Usr 0 00:29:36, Sys 0 00:12:45  -  Run Remote Usage
		Usr 0 00:00:00, Sys 0 00:00:00  -  Run Local Usage
		Usr 0 00:29:36, Sys 0 00:12:45  -  Total Remote Usage
		Usr 0 00:00:00, Sys 0 00:00:00  -  Total Local Usage
	0  -  Run Bytes Sent By Job
	0  -  Run Bytes Received By Job
	0  -  Total Bytes Sent By Job
	0  -  Total Bytes Received By Job
	Partitionable Resources :    Usage  Request Allocated 
	   Cpus                 :     1.99        2         2 
	   Disk (KB)            :   150         150     17664 
	   Memory (MB)          :   303           1       128 
...
