000 (2265.114.000) 04/28 23:41:53 Job submitted from host: <140.160.143.131:9618?addrs=140.160.143.131-9618&noUDP&sock=3131910_565e_30>
...
009 (2265.114.000) 04/28 23:42:34 Job was aborted by the user.
	via condor_rm (by user scoggim)
...
000 (2266.283.000) 04/28 23:43:27 Job submitted from host: <140.160.143.131:9618?addrs=140.160.143.131-9618&noUDP&sock=3131910_565e_30>
...
000 (2267.283.000) 04/28 23:44:31 Job submitted from host: <140.160.143.131:9618?addrs=140.160.143.131-9618&noUDP&sock=3131910_565e_30>
...
001 (2266.283.000) 04/28 23:45:29 Job executing on host: <140.160.143.140:9618?addrs=140.160.143.140-9618&noUDP&sock=13320_fd95_3>
...
006 (2266.283.000) 04/28 23:45:37 Image size of job updated: 612
	1  -  MemoryUsage of job (MB)
	500  -  ResidentSetSize of job (KB)
...
005 (2266.283.000) 04/28 23:46:00 Job terminated.
	(1) Normal termination (return value 0)
		Usr 0 00:00:31, Sys 0 00:00:00  -  Run Remote Usage
		Usr 0 00:00:00, Sys 0 00:00:00  -  Run Local Usage
		Usr 0 00:00:31, Sys 0 00:00:00  -  Total Remote Usage
		Usr 0 00:00:00, Sys 0 00:00:00  -  Total Local Usage
	0  -  Run Bytes Sent By Job
	0  -  Run Bytes Received By Job
	0  -  Total Bytes Sent By Job
	0  -  Total Bytes Received By Job
	Partitionable Resources :    Usage  Request Allocated 
	   Cpus                 :        0        1         1 
	   Disk (KB)            :      175      175    881636 
	   Memory (MB)          :        1        1       128 
...
000 (2268.283.000) 04/28 23:46:20 Job submitted from host: <140.160.143.131:9618?addrs=140.160.143.131-9618&noUDP&sock=3131910_565e_30>
...
001 (2267.283.000) 04/30 04:48:33 Job executing on host: <140.160.143.142:9618?addrs=140.160.143.142-9618&noUDP&sock=8883_93de_3>
...
006 (2267.283.000) 04/30 04:48:42 Image size of job updated: 1752
	2  -  MemoryUsage of job (MB)
	1032  -  ResidentSetSize of job (KB)
...
006 (2267.283.000) 04/30 05:08:44 Image size of job updated: 1760
	2  -  MemoryUsage of job (MB)
	1032  -  ResidentSetSize of job (KB)
...
005 (2267.283.000) 04/30 06:34:37 Job terminated.
	(1) Normal termination (return value 0)
		Usr 0 03:53:10, Sys 0 03:10:54  -  Run Remote Usage
		Usr 0 00:00:00, Sys 0 00:00:00  -  Run Local Usage
		Usr 0 03:53:10, Sys 0 03:10:54  -  Total Remote Usage
		Usr 0 00:00:00, Sys 0 00:00:00  -  Total Local Usage
	0  -  Run Bytes Sent By Job
	0  -  Run Bytes Received By Job
	0  -  Total Bytes Sent By Job
	0  -  Total Bytes Received By Job
	Partitionable Resources :    Usage  Request Allocated 
	   Cpus                 :     3.96        4         4 
	   Disk (KB)            :   175         175    881178 
	   Memory (MB)          :     2           1       128 
...
009 (2268.283.000) 05/11 09:58:33 Job was aborted by the user.
	via condor_rm (by user scoggim)
...
000 (2511.283.000) 05/27 15:03:17 Job submitted from host: <140.160.143.131:9618?addrs=140.160.143.131-9618&noUDP&sock=3131910_565e_30>
...
001 (2511.283.000) 05/27 16:42:10 Job executing on host: <140.160.143.167:9618?addrs=140.160.143.167-9618&noUDP&sock=7312_0096_3>
...
006 (2511.283.000) 05/27 16:42:19 Image size of job updated: 3692
	4  -  MemoryUsage of job (MB)
	3692  -  ResidentSetSize of job (KB)
...
006 (2511.283.000) 05/27 16:47:20 Image size of job updated: 3916
	4  -  MemoryUsage of job (MB)
	3916  -  ResidentSetSize of job (KB)
...
005 (2511.283.000) 05/27 18:09:09 Job terminated.
	(1) Normal termination (return value 0)
		Usr 0 01:26:59, Sys 0 00:00:00  -  Run Remote Usage
		Usr 0 00:00:00, Sys 0 00:00:00  -  Run Local Usage
		Usr 0 01:26:59, Sys 0 00:00:00  -  Total Remote Usage
		Usr 0 00:00:00, Sys 0 00:00:00  -  Total Local Usage
	0  -  Run Bytes Sent By Job
	0  -  Run Bytes Received By Job
	0  -  Total Bytes Sent By Job
	0  -  Total Bytes Received By Job
	Partitionable Resources :    Usage  Request Allocated 
	   Cpus                 :     1.00        1         1 
	   Disk (KB)            :   175         175    844567 
	   Memory (MB)          :     4           1       128 
...
000 (2513.283.000) 05/31 13:37:08 Job submitted from host: <140.160.143.131:9618?addrs=140.160.143.131-9618&noUDP&sock=3131910_565e_30>
...
009 (2513.283.000) 05/31 15:23:48 Job was aborted by the user.
	via condor_rm (by user scoggim)
...
000 (2514.283.000) 05/31 15:29:20 Job submitted from host: <140.160.143.131:9618?addrs=140.160.143.131-9618&noUDP&sock=3131910_565e_30>
...
009 (2514.283.000) 06/01 11:47:15 Job was aborted by the user.
	via condor_rm (by user scoggim)
...
000 (2515.283.000) 06/01 11:47:43 Job submitted from host: <140.160.143.131:9618?addrs=140.160.143.131-9618&noUDP&sock=3131910_565e_30>
...
001 (2515.283.000) 06/01 18:24:56 Job executing on host: <140.160.143.141:9618?addrs=140.160.143.141-9618&noUDP&sock=26750_da7f_3>
...
006 (2515.283.000) 06/01 18:25:05 Image size of job updated: 3680
	4  -  MemoryUsage of job (MB)
	3680  -  ResidentSetSize of job (KB)
...
006 (2515.283.000) 06/01 18:30:06 Image size of job updated: 3904
	4  -  MemoryUsage of job (MB)
	3904  -  ResidentSetSize of job (KB)
...
006 (2515.283.000) 06/01 18:35:06 Image size of job updated: 3908
	4  -  MemoryUsage of job (MB)
	3908  -  ResidentSetSize of job (KB)
...
005 (2515.283.000) 06/01 22:30:58 Job terminated.
	(1) Normal termination (return value 0)
		Usr 0 04:05:40, Sys 0 00:00:02  -  Run Remote Usage
		Usr 0 00:00:00, Sys 0 00:00:00  -  Run Local Usage
		Usr 0 04:05:40, Sys 0 00:00:02  -  Total Remote Usage
		Usr 0 00:00:00, Sys 0 00:00:00  -  Total Local Usage
	0  -  Run Bytes Sent By Job
	0  -  Run Bytes Received By Job
	0  -  Total Bytes Sent By Job
	0  -  Total Bytes Received By Job
	Partitionable Resources :    Usage  Request Allocated 
	   Cpus                 :     1.00        1         1 
	   Disk (KB)            :   175         175    880943 
	   Memory (MB)          :     4           1       128 
...
