000 (2161.181.000) 04/19 11:39:22 Job submitted from host: <140.160.143.131:9618?addrs=140.160.143.131-9618&noUDP&sock=3131910_565e_30>
...
001 (2161.181.000) 04/21 17:43:15 Job executing on host: <140.160.143.145:9618?addrs=140.160.143.145-9618&noUDP&sock=16120_8ec3_3>
...
006 (2161.181.000) 04/21 17:43:23 Image size of job updated: 4756
	5  -  MemoryUsage of job (MB)
	4756  -  ResidentSetSize of job (KB)
...
006 (2161.181.000) 04/21 20:03:36 Image size of job updated: 5008
	5  -  MemoryUsage of job (MB)
	5008  -  ResidentSetSize of job (KB)
...
005 (2161.181.000) 04/22 22:07:49 Job terminated.
	(1) Normal termination (return value 0)
		Usr 3 10:10:28, Sys 1 07:27:15  -  Run Remote Usage
		Usr 0 00:00:00, Sys 0 00:00:00  -  Run Local Usage
		Usr 3 10:10:28, Sys 1 07:27:15  -  Total Remote Usage
		Usr 0 00:00:00, Sys 0 00:00:00  -  Total Local Usage
	0  -  Run Bytes Sent By Job
	0  -  Run Bytes Received By Job
	0  -  Total Bytes Sent By Job
	0  -  Total Bytes Received By Job
	Partitionable Resources :    Usage  Request Allocated 
	   Cpus                 :     4.00        4         4 
	   Disk (KB)            :   175         175    881546 
	   Memory (MB)          :     5           1       128 
...
000 (2267.1702.000) 04/28 23:44:40 Job submitted from host: <140.160.143.131:9618?addrs=140.160.143.131-9618&noUDP&sock=3131910_565e_30>
...
009 (2267.1702.000) 05/11 12:17:54 Job was aborted by the user.
	via condor_rm (by user scoggim)
...
000 (2400.1026.000) 05/11 12:37:10 Job submitted from host: <140.160.143.131:9618?addrs=140.160.143.131-9618&noUDP&sock=3131910_565e_30>
...
001 (2400.1026.000) 05/12 19:46:07 Job executing on host: <140.160.143.161:9618?addrs=140.160.143.161-9618&noUDP&sock=55511_81dc_3>
...
006 (2400.1026.000) 05/12 19:46:15 Image size of job updated: 4032
	4  -  MemoryUsage of job (MB)
	4032  -  ResidentSetSize of job (KB)
...
005 (2400.1026.000) 05/13 02:30:14 Job terminated.
	(1) Normal termination (return value 0)
		Usr 0 06:44:06, Sys 0 00:00:00  -  Run Remote Usage
		Usr 0 00:00:00, Sys 0 00:00:00  -  Run Local Usage
		Usr 0 06:44:06, Sys 0 00:00:00  -  Total Remote Usage
		Usr 0 00:00:00, Sys 0 00:00:00  -  Total Local Usage
	0  -  Run Bytes Sent By Job
	0  -  Run Bytes Received By Job
	0  -  Total Bytes Sent By Job
	0  -  Total Bytes Received By Job
	Partitionable Resources :    Usage  Request Allocated 
	   Cpus                 :     1.00        1         1 
	   Disk (KB)            :   175         175    844753 
	   Memory (MB)          :     4           1       128 
...
