000 (674042.000.000) 09/06 11:59:27 Job submitted from host: <140.160.143.130:9618?addrs=140.160.143.130-9618&noUDP&sock=5480_8b22_11>
...
012 (674042.000.000) 09/06 15:58:03 Job was held.
	via condor_hold (by user condor)
	Code 1 Subcode 0
...
013 (674042.000.000) 09/09 09:30:28 Job was released.
	via condor_release (by user condor)
...
001 (674042.000.000) 09/09 09:52:29 Job executing on host: <140.160.143.149:9618?addrs=140.160.143.149-9618&noUDP&sock=8214_036a_3>
...
006 (674042.000.000) 09/09 09:52:38 Image size of job updated: 14916
	15  -  MemoryUsage of job (MB)
	14916  -  ResidentSetSize of job (KB)
...
006 (674042.000.000) 09/09 09:57:39 Image size of job updated: 512776
	501  -  MemoryUsage of job (MB)
	512776  -  ResidentSetSize of job (KB)
...
006 (674042.000.000) 09/09 10:02:40 Image size of job updated: 909804
	889  -  MemoryUsage of job (MB)
	909804  -  ResidentSetSize of job (KB)
...
005 (674042.000.000) 09/09 12:22:25 Job terminated.
	(1) Normal termination (return value 0)
		Usr 0 00:11:43, Sys 0 00:07:03  -  Run Remote Usage
		Usr 0 00:00:00, Sys 0 00:00:00  -  Run Local Usage
		Usr 0 00:11:43, Sys 0 00:07:03  -  Total Remote Usage
		Usr 0 00:00:00, Sys 0 00:00:00  -  Total Local Usage
	0  -  Run Bytes Sent By Job
	0  -  Run Bytes Received By Job
	0  -  Total Bytes Sent By Job
	0  -  Total Bytes Received By Job
	Partitionable Resources :    Usage  Request Allocated 
	   Cpus                 :     1.98        2         2 
	   Disk (KB)            :   150         150     18162 
	   Gpus                 :                           0 
	   Memory (MB)          :   889           1       128 
...
000 (674185.000.000) 09/10 13:41:39 Job submitted from host: <140.160.143.130:9618?addrs=140.160.143.130-9618&noUDP&sock=5591_da80_4>
...
001 (674185.000.000) 09/10 16:40:24 Job executing on host: <140.160.143.152:9618?addrs=140.160.143.152-9618&noUDP&sock=4519_8cf9_3>
...
006 (674185.000.000) 09/10 16:40:33 Image size of job updated: 23376
	23  -  MemoryUsage of job (MB)
	23376  -  ResidentSetSize of job (KB)
...
006 (674185.000.000) 09/10 16:45:34 Image size of job updated: 779948
	762  -  MemoryUsage of job (MB)
	779948  -  ResidentSetSize of job (KB)
...
006 (674185.000.000) 09/10 16:50:35 Image size of job updated: 1531700
	1496  -  MemoryUsage of job (MB)
	1531700  -  ResidentSetSize of job (KB)
...
006 (674185.000.000) 09/10 16:55:35 Image size of job updated: 2286140
	2233  -  MemoryUsage of job (MB)
	2286140  -  ResidentSetSize of job (KB)
...
006 (674185.000.000) 09/10 17:00:36 Image size of job updated: 3037844
	2967  -  MemoryUsage of job (MB)
	3037844  -  ResidentSetSize of job (KB)
...
006 (674185.000.000) 09/10 17:05:37 Image size of job updated: 3787072
	3699  -  MemoryUsage of job (MB)
	3787072  -  ResidentSetSize of job (KB)
...
006 (674185.000.000) 09/10 17:10:37 Image size of job updated: 4232112
	4133  -  MemoryUsage of job (MB)
	4232112  -  ResidentSetSize of job (KB)
...
006 (674185.000.000) 09/10 17:20:46 Image size of job updated: 6122556
	4133  -  MemoryUsage of job (MB)
	4232112  -  ResidentSetSize of job (KB)
...
004 (674185.000.000) 09/10 17:20:46 Job was evicted.
	(0) Job was not checkpointed.
		Usr 0 00:27:42, Sys 0 00:00:27  -  Run Remote Usage
		Usr 0 00:00:00, Sys 0 00:00:00  -  Run Local Usage
	0  -  Run Bytes Sent By Job
	0  -  Run Bytes Received By Job
	Partitionable Resources :    Usage  Request Allocated 
	   Cpus                 :     1.00        1         1 
	   Disk (KB)            :   150         150     17651 
	   Memory (MB)          :  4133           1       128 
...
012 (674185.000.000) 09/10 17:20:46 Job was held.
	via condor_hold (by user condor)
	Code 1 Subcode 0
...
013 (674185.000.000) 09/11 08:18:19 Job was released.
	via condor_release (by user condor)
...
001 (674185.000.000) 09/11 08:19:07 Job executing on host: <140.160.143.154:9618?addrs=140.160.143.154-9618&noUDP&sock=4512_bfcf_3>
...
006 (674185.000.000) 09/11 11:29:33 Image size of job updated: 24825280
	4151  -  MemoryUsage of job (MB)
	4250000  -  ResidentSetSize of job (KB)
...
006 (674185.000.000) 09/11 11:34:34 Image size of job updated: 25444160
	4151  -  MemoryUsage of job (MB)
	4250000  -  ResidentSetSize of job (KB)
...
006 (674185.000.000) 09/11 11:39:34 Image size of job updated: 26075328
	4151  -  MemoryUsage of job (MB)
	4250000  -  ResidentSetSize of job (KB)
...
006 (674185.000.000) 09/11 11:44:34 Image size of job updated: 26736960
	4151  -  MemoryUsage of job (MB)
	4250000  -  ResidentSetSize of job (KB)
...
006 (674185.000.000) 09/11 11:49:36 Image size of job updated: 27397952
	4151  -  MemoryUsage of job (MB)
	4250000  -  ResidentSetSize of job (KB)
...
006 (674185.000.000) 09/11 11:54:36 Image size of job updated: 28046656
	4151  -  MemoryUsage of job (MB)
	4250000  -  ResidentSetSize of job (KB)
...
006 (674185.000.000) 09/11 11:59:36 Image size of job updated: 28708288
	4151  -  MemoryUsage of job (MB)
	4250000  -  ResidentSetSize of job (KB)
...
006 (674185.000.000) 09/11 12:04:37 Image size of job updated: 29365440
	4151  -  MemoryUsage of job (MB)
	4250000  -  ResidentSetSize of job (KB)
...
006 (674185.000.000) 09/11 12:09:38 Image size of job updated: 30030400
	4151  -  MemoryUsage of job (MB)
	4250000  -  ResidentSetSize of job (KB)
...
006 (674185.000.000) 09/11 12:14:38 Image size of job updated: 30683328
	4151  -  MemoryUsage of job (MB)
	4250000  -  ResidentSetSize of job (KB)
...
006 (674185.000.000) 09/11 12:19:38 Image size of job updated: 31322816
	4151  -  MemoryUsage of job (MB)
	4250000  -  ResidentSetSize of job (KB)
...
006 (674185.000.000) 09/11 12:24:39 Image size of job updated: 31966784
	4151  -  MemoryUsage of job (MB)
	4250000  -  ResidentSetSize of job (KB)
...
006 (674185.000.000) 09/11 12:29:39 Image size of job updated: 32628160
	4151  -  MemoryUsage of job (MB)
	4250000  -  ResidentSetSize of job (KB)
...
006 (674185.000.000) 09/11 12:34:39 Image size of job updated: 33290688
	4151  -  MemoryUsage of job (MB)
	4250000  -  ResidentSetSize of job (KB)
...
006 (674185.000.000) 09/11 12:39:40 Image size of job updated: 33955904
	4151  -  MemoryUsage of job (MB)
	4250000  -  ResidentSetSize of job (KB)
...
006 (674185.000.000) 09/11 12:44:41 Image size of job updated: 34613440
	4151  -  MemoryUsage of job (MB)
	4250000  -  ResidentSetSize of job (KB)
...
006 (674185.000.000) 09/11 12:49:41 Image size of job updated: 35267008
	4151  -  MemoryUsage of job (MB)
	4250000  -  ResidentSetSize of job (KB)
...
006 (674185.000.000) 09/11 12:54:42 Image size of job updated: 35892160
	4151  -  MemoryUsage of job (MB)
	4250000  -  ResidentSetSize of job (KB)
...
006 (674185.000.000) 09/11 12:59:43 Image size of job updated: 36537408
	4151  -  MemoryUsage of job (MB)
	4250000  -  ResidentSetSize of job (KB)
...
006 (674185.000.000) 09/11 13:04:43 Image size of job updated: 37173444
	4151  -  MemoryUsage of job (MB)
	4250000  -  ResidentSetSize of job (KB)
...
006 (674185.000.000) 09/11 13:09:43 Image size of job updated: 37834436
	4151  -  MemoryUsage of job (MB)
	4250000  -  ResidentSetSize of job (KB)
...
006 (674185.000.000) 09/11 13:14:44 Image size of job updated: 38382660
	4151  -  MemoryUsage of job (MB)
	4250000  -  ResidentSetSize of job (KB)
...
006 (674185.000.000) 09/11 13:19:44 Image size of job updated: 38706884
	4151  -  MemoryUsage of job (MB)
	4250000  -  ResidentSetSize of job (KB)
...
006 (674185.000.000) 09/11 13:24:44 Image size of job updated: 39042372
	4151  -  MemoryUsage of job (MB)
	4250000  -  ResidentSetSize of job (KB)
...
006 (674185.000.000) 09/11 13:28:14 Image size of job updated: 39291328
	4151  -  MemoryUsage of job (MB)
	4250000  -  ResidentSetSize of job (KB)
...
005 (674185.000.000) 09/11 13:28:14 Job terminated.
	(0) Abnormal termination (signal 9)
	(0) No core file
		Usr 0 00:04:23, Sys 0 00:00:00  -  Run Remote Usage
		Usr 0 00:00:00, Sys 0 00:00:00  -  Run Local Usage
		Usr 0 00:04:23, Sys 0 00:00:00  -  Total Remote Usage
		Usr 0 00:00:00, Sys 0 00:00:00  -  Total Local Usage
	0  -  Run Bytes Sent By Job
	0  -  Run Bytes Received By Job
	0  -  Total Bytes Sent By Job
	0  -  Total Bytes Received By Job
	Partitionable Resources :    Usage  Request Allocated 
	   Cpus                 :     0.63        1         1 
	   Disk (KB)            :   150         150     17614 
	   Memory (MB)          :  4151        4151      4224 
...
