000 (674053.000.000) 09/06 11:59:27 Job submitted from host: <140.160.143.130:9618?addrs=140.160.143.130-9618&noUDP&sock=5480_8b22_11>
...
012 (674053.000.000) 09/06 15:58:03 Job was held.
	via condor_hold (by user condor)
	Code 1 Subcode 0
...
013 (674053.000.000) 09/09 09:30:29 Job was released.
	via condor_release (by user condor)
...
001 (674053.000.000) 09/09 10:00:29 Job executing on host: <140.160.143.152:9618?addrs=140.160.143.152-9618&noUDP&sock=4519_8cf9_3>
...
006 (674053.000.000) 09/09 10:00:38 Image size of job updated: 14716
	15  -  MemoryUsage of job (MB)
	14496  -  ResidentSetSize of job (KB)
...
006 (674053.000.000) 09/09 10:05:39 Image size of job updated: 523856
	512  -  MemoryUsage of job (MB)
	523636  -  ResidentSetSize of job (KB)
...
006 (674053.000.000) 09/09 10:10:40 Image size of job updated: 1033536
	1010  -  MemoryUsage of job (MB)
	1033316  -  ResidentSetSize of job (KB)
...
006 (674053.000.000) 09/09 10:15:40 Image size of job updated: 1534900
	1499  -  MemoryUsage of job (MB)
	1534680  -  ResidentSetSize of job (KB)
...
006 (674053.000.000) 09/09 10:20:40 Image size of job updated: 2032536
	1985  -  MemoryUsage of job (MB)
	2032316  -  ResidentSetSize of job (KB)
...
006 (674053.000.000) 09/09 10:25:42 Image size of job updated: 2393396
	2338  -  MemoryUsage of job (MB)
	2393176  -  ResidentSetSize of job (KB)
...
006 (674053.000.000) 09/09 11:30:14 Image size of job updated: 10598280
	2338  -  MemoryUsage of job (MB)
	2393176  -  ResidentSetSize of job (KB)
...
005 (674053.000.000) 09/09 11:30:14 Job terminated.
	(1) Normal termination (return value 0)
		Usr 0 00:28:40, Sys 0 00:17:52  -  Run Remote Usage
		Usr 0 00:00:00, Sys 0 00:00:00  -  Run Local Usage
		Usr 0 00:28:40, Sys 0 00:17:52  -  Total Remote Usage
		Usr 0 00:00:00, Sys 0 00:00:00  -  Total Local Usage
	0  -  Run Bytes Sent By Job
	0  -  Run Bytes Received By Job
	0  -  Total Bytes Sent By Job
	0  -  Total Bytes Received By Job
	Partitionable Resources :    Usage  Request Allocated 
	   Cpus                 :     2.00        2         2 
	   Disk (KB)            :   150         150     17651 
	   Memory (MB)          :  2338           1       128 
...
000 (674196.000.000) 09/10 13:41:39 Job submitted from host: <140.160.143.130:9618?addrs=140.160.143.130-9618&noUDP&sock=5591_da80_4>
...
