000 (674058.000.000) 09/06 11:59:27 Job submitted from host: <140.160.143.130:9618?addrs=140.160.143.130-9618&noUDP&sock=5480_8b22_11>
...
012 (674058.000.000) 09/06 15:58:09 Job was held.
	via condor_hold (by user condor)
	Code 1 Subcode 0
...
013 (674058.000.000) 09/09 09:30:29 Job was released.
	via condor_release (by user condor)
...
001 (674058.000.000) 09/09 10:00:29 Job executing on host: <140.160.143.151:9618?addrs=140.160.143.151-9618&noUDP&sock=4465_23ab_3>
...
006 (674058.000.000) 09/09 10:00:38 Image size of job updated: 10472
	11  -  MemoryUsage of job (MB)
	10472  -  ResidentSetSize of job (KB)
...
006 (674058.000.000) 09/09 10:05:39 Image size of job updated: 415496
	406  -  MemoryUsage of job (MB)
	415496  -  ResidentSetSize of job (KB)
...
006 (674058.000.000) 09/09 10:10:39 Image size of job updated: 826496
	808  -  MemoryUsage of job (MB)
	826496  -  ResidentSetSize of job (KB)
...
006 (674058.000.000) 09/09 10:15:39 Image size of job updated: 1247256
	1219  -  MemoryUsage of job (MB)
	1247256  -  ResidentSetSize of job (KB)
...
006 (674058.000.000) 09/09 10:20:40 Image size of job updated: 1667924
	1629  -  MemoryUsage of job (MB)
	1667924  -  ResidentSetSize of job (KB)
...
006 (674058.000.000) 09/09 10:25:40 Image size of job updated: 1725176
	1685  -  MemoryUsage of job (MB)
	1725176  -  ResidentSetSize of job (KB)
...
005 (674058.000.000) 09/09 12:32:35 Job terminated.
	(1) Normal termination (return value 0)
		Usr 0 00:22:19, Sys 0 00:14:41  -  Run Remote Usage
		Usr 0 00:00:00, Sys 0 00:00:00  -  Run Local Usage
		Usr 0 00:22:19, Sys 0 00:14:41  -  Total Remote Usage
		Usr 0 00:00:00, Sys 0 00:00:00  -  Total Local Usage
	0  -  Run Bytes Sent By Job
	0  -  Run Bytes Received By Job
	0  -  Total Bytes Sent By Job
	0  -  Total Bytes Received By Job
	Partitionable Resources :    Usage  Request Allocated 
	   Cpus                 :     1.99        2         2 
	   Disk (KB)            :   150         150     17583 
	   Memory (MB)          :  1685           1       128 
...
000 (674201.000.000) 09/10 13:41:40 Job submitted from host: <140.160.143.130:9618?addrs=140.160.143.130-9618&noUDP&sock=5591_da80_4>
...
012 (674201.000.000) 09/10 17:20:49 Job was held.
	via condor_hold (by user condor)
	Code 1 Subcode 0
...
013 (674201.000.000) 09/11 08:18:13 Job was released.
	via condor_release (by user condor)
...
001 (674201.000.000) 09/11 08:19:08 Job executing on host: <140.160.143.154:9618?addrs=140.160.143.154-9618&noUDP&sock=4512_bfcf_3>
...
006 (674201.000.000) 09/11 08:19:16 Image size of job updated: 17452
	18  -  MemoryUsage of job (MB)
	17452  -  ResidentSetSize of job (KB)
...
006 (674201.000.000) 09/11 08:24:16 Image size of job updated: 475480
	465  -  MemoryUsage of job (MB)
	475480  -  ResidentSetSize of job (KB)
...
006 (674201.000.000) 09/11 11:14:32 Image size of job updated: 24660428
	465  -  MemoryUsage of job (MB)
	475480  -  ResidentSetSize of job (KB)
...
006 (674201.000.000) 09/11 11:19:33 Image size of job updated: 25120448
	465  -  MemoryUsage of job (MB)
	475480  -  ResidentSetSize of job (KB)
...
006 (674201.000.000) 09/11 11:24:34 Image size of job updated: 25587068
	465  -  MemoryUsage of job (MB)
	475480  -  ResidentSetSize of job (KB)
...
006 (674201.000.000) 09/11 11:29:34 Image size of job updated: 26042600
	465  -  MemoryUsage of job (MB)
	475480  -  ResidentSetSize of job (KB)
...
006 (674201.000.000) 09/11 11:33:43 Image size of job updated: 26460380
	465  -  MemoryUsage of job (MB)
	475480  -  ResidentSetSize of job (KB)
...
005 (674201.000.000) 09/11 11:33:43 Job terminated.
	(1) Normal termination (return value 0)
		Usr 0 00:04:23, Sys 0 00:00:00  -  Run Remote Usage
		Usr 0 00:00:00, Sys 0 00:00:00  -  Run Local Usage
		Usr 0 00:04:23, Sys 0 00:00:00  -  Total Remote Usage
		Usr 0 00:00:00, Sys 0 00:00:00  -  Total Local Usage
	0  -  Run Bytes Sent By Job
	0  -  Run Bytes Received By Job
	0  -  Total Bytes Sent By Job
	0  -  Total Bytes Received By Job
	Partitionable Resources :    Usage  Request Allocated 
	   Cpus                 :     0.96        1         1 
	   Disk (KB)            :   150         150     17614 
	   Memory (MB)          :   465           1       128 
...
000 (674284.000.000) 09/12 12:31:33 Job submitted from host: <140.160.143.130:9618?addrs=140.160.143.130-9618&noUDP&sock=5591_da80_4>
...
