000 (674034.000.000) 09/06 11:59:27 Job submitted from host: <140.160.143.130:9618?addrs=140.160.143.130-9618&noUDP&sock=5480_8b22_11>
...
012 (674034.000.000) 09/06 15:58:09 Job was held.
	via condor_hold (by user condor)
	Code 1 Subcode 0
...
013 (674034.000.000) 09/09 09:30:28 Job was released.
	via condor_release (by user condor)
...
001 (674034.000.000) 09/09 09:52:28 Job executing on host: <140.160.143.149:9618?addrs=140.160.143.149-9618&noUDP&sock=8214_036a_3>
...
006 (674034.000.000) 09/09 09:52:37 Image size of job updated: 12528
	12  -  MemoryUsage of job (MB)
	11868  -  ResidentSetSize of job (KB)
...
006 (674034.000.000) 09/09 09:57:37 Image size of job updated: 488016
	476  -  MemoryUsage of job (MB)
	487356  -  ResidentSetSize of job (KB)
...
006 (674034.000.000) 09/09 10:02:37 Image size of job updated: 915604
	894  -  MemoryUsage of job (MB)
	914944  -  ResidentSetSize of job (KB)
...
005 (674034.000.000) 09/09 12:22:25 Job terminated.
	(1) Normal termination (return value 0)
		Usr 0 00:11:42, Sys 0 00:07:05  -  Run Remote Usage
		Usr 0 00:00:00, Sys 0 00:00:00  -  Run Local Usage
		Usr 0 00:11:42, Sys 0 00:07:05  -  Total Remote Usage
		Usr 0 00:00:00, Sys 0 00:00:00  -  Total Local Usage
	0  -  Run Bytes Sent By Job
	0  -  Run Bytes Received By Job
	0  -  Total Bytes Sent By Job
	0  -  Total Bytes Received By Job
	Partitionable Resources :    Usage  Request Allocated 
	   Cpus                 :     1.97        2         2 
	   Disk (KB)            :   150         150     18162 
	   Gpus                 :                           0 
	   Memory (MB)          :   894           1       128 
...
000 (674177.000.000) 09/10 13:41:39 Job submitted from host: <140.160.143.130:9618?addrs=140.160.143.130-9618&noUDP&sock=5591_da80_4>
...
001 (674177.000.000) 09/10 13:41:49 Job executing on host: <140.160.143.157:9618?addrs=140.160.143.157-9618&noUDP&sock=4484_2bf8_3>
...
006 (674177.000.000) 09/10 13:41:58 Image size of job updated: 16472
	17  -  MemoryUsage of job (MB)
	16472  -  ResidentSetSize of job (KB)
...
006 (674177.000.000) 09/10 13:46:59 Image size of job updated: 538180
	526  -  MemoryUsage of job (MB)
	538180  -  ResidentSetSize of job (KB)
...
006 (674177.000.000) 09/10 13:51:59 Image size of job updated: 1069660
	1045  -  MemoryUsage of job (MB)
	1069660  -  ResidentSetSize of job (KB)
...
006 (674177.000.000) 09/10 13:56:59 Image size of job updated: 1587512
	1551  -  MemoryUsage of job (MB)
	1587512  -  ResidentSetSize of job (KB)
...
006 (674177.000.000) 09/10 14:02:00 Image size of job updated: 2161936
	2112  -  MemoryUsage of job (MB)
	2161936  -  ResidentSetSize of job (KB)
...
006 (674177.000.000) 09/10 14:07:01 Image size of job updated: 2697644
	2635  -  MemoryUsage of job (MB)
	2697644  -  ResidentSetSize of job (KB)
...
006 (674177.000.000) 09/10 14:12:01 Image size of job updated: 2963976
	2895  -  MemoryUsage of job (MB)
	2963976  -  ResidentSetSize of job (KB)
...
006 (674177.000.000) 09/10 17:20:46 Image size of job updated: 29629120
	2895  -  MemoryUsage of job (MB)
	2963976  -  ResidentSetSize of job (KB)
...
004 (674177.000.000) 09/10 17:20:46 Job was evicted.
	(0) Job was not checkpointed.
		Usr 0 00:27:15, Sys 0 00:00:22  -  Run Remote Usage
		Usr 0 00:00:00, Sys 0 00:00:00  -  Run Local Usage
	0  -  Run Bytes Sent By Job
	0  -  Run Bytes Received By Job
	Partitionable Resources :    Usage  Request Allocated 
	   Cpus                 :     1.00        1         1 
	   Disk (KB)            :   150         150     17610 
	   Memory (MB)          :  2895           1       128 
...
012 (674177.000.000) 09/10 17:20:46 Job was held.
	via condor_hold (by user condor)
	Code 1 Subcode 0
...
013 (674177.000.000) 09/11 08:18:13 Job was released.
	via condor_release (by user condor)
...
001 (674177.000.000) 09/11 08:18:47 Job executing on host: <140.160.143.149:9618?addrs=140.160.143.149-9618&noUDP&sock=8214_036a_3>
...
006 (674177.000.000) 09/11 14:06:22 Image size of job updated: 30361664
	2930  -  MemoryUsage of job (MB)
	3000000  -  ResidentSetSize of job (KB)
...
006 (674177.000.000) 09/11 14:11:22 Image size of job updated: 31008324
	2930  -  MemoryUsage of job (MB)
	3000000  -  ResidentSetSize of job (KB)
...
006 (674177.000.000) 09/11 14:16:24 Image size of job updated: 31702852
	2930  -  MemoryUsage of job (MB)
	3000000  -  ResidentSetSize of job (KB)
...
006 (674177.000.000) 09/11 14:21:25 Image size of job updated: 32451908
	2930  -  MemoryUsage of job (MB)
	3000000  -  ResidentSetSize of job (KB)
...
006 (674177.000.000) 09/11 14:26:24 Image size of job updated: 33179716
	2930  -  MemoryUsage of job (MB)
	3000000  -  ResidentSetSize of job (KB)
...
006 (674177.000.000) 09/11 14:31:25 Image size of job updated: 33936196
	2930  -  MemoryUsage of job (MB)
	3000000  -  ResidentSetSize of job (KB)
...
006 (674177.000.000) 09/11 14:36:25 Image size of job updated: 34103748
	2930  -  MemoryUsage of job (MB)
	3000000  -  ResidentSetSize of job (KB)
...
006 (674177.000.000) 09/11 14:41:26 Image size of job updated: 34148036
	2930  -  MemoryUsage of job (MB)
	3000000  -  ResidentSetSize of job (KB)
...
006 (674177.000.000) 09/11 14:46:26 Image size of job updated: 34170308
	2930  -  MemoryUsage of job (MB)
	3000000  -  ResidentSetSize of job (KB)
...
006 (674177.000.000) 09/11 14:51:27 Image size of job updated: 34183492
	2930  -  MemoryUsage of job (MB)
	3000000  -  ResidentSetSize of job (KB)
...
006 (674177.000.000) 09/11 14:56:27 Image size of job updated: 34193220
	2930  -  MemoryUsage of job (MB)
	3000000  -  ResidentSetSize of job (KB)
...
006 (674177.000.000) 09/11 15:01:29 Image size of job updated: 34199236
	2930  -  MemoryUsage of job (MB)
	3000000  -  ResidentSetSize of job (KB)
...
006 (674177.000.000) 09/11 15:06:30 Image size of job updated: 34204484
	2930  -  MemoryUsage of job (MB)
	3000000  -  ResidentSetSize of job (KB)
...
006 (674177.000.000) 09/11 15:11:29 Image size of job updated: 34209860
	2930  -  MemoryUsage of job (MB)
	3000000  -  ResidentSetSize of job (KB)
...
006 (674177.000.000) 09/11 15:16:30 Image size of job updated: 34215364
	2930  -  MemoryUsage of job (MB)
	3000000  -  ResidentSetSize of job (KB)
...
006 (674177.000.000) 09/11 15:21:30 Image size of job updated: 34220228
	2930  -  MemoryUsage of job (MB)
	3000000  -  ResidentSetSize of job (KB)
...
006 (674177.000.000) 09/11 15:26:32 Image size of job updated: 34224324
	2930  -  MemoryUsage of job (MB)
	3000000  -  ResidentSetSize of job (KB)
...
006 (674177.000.000) 09/11 15:31:32 Image size of job updated: 34224964
	2930  -  MemoryUsage of job (MB)
	3000000  -  ResidentSetSize of job (KB)
...
006 (674177.000.000) 09/11 15:36:36 Image size of job updated: 34225348
	2930  -  MemoryUsage of job (MB)
	3000000  -  ResidentSetSize of job (KB)
...
006 (674177.000.000) 09/11 15:41:35 Image size of job updated: 34225476
	2930  -  MemoryUsage of job (MB)
	3000000  -  ResidentSetSize of job (KB)
...
006 (674177.000.000) 09/11 15:46:37 Image size of job updated: 34225604
	2930  -  MemoryUsage of job (MB)
	3000000  -  ResidentSetSize of job (KB)
...
006 (674177.000.000) 09/11 15:51:34 Image size of job updated: 34228676
	2930  -  MemoryUsage of job (MB)
	3000000  -  ResidentSetSize of job (KB)
...
006 (674177.000.000) 09/11 15:56:35 Image size of job updated: 34236996
	2930  -  MemoryUsage of job (MB)
	3000000  -  ResidentSetSize of job (KB)
...
006 (674177.000.000) 09/11 16:01:35 Image size of job updated: 34248388
	2930  -  MemoryUsage of job (MB)
	3000000  -  ResidentSetSize of job (KB)
...
006 (674177.000.000) 09/11 16:06:36 Image size of job updated: 34260164
	2930  -  MemoryUsage of job (MB)
	3000000  -  ResidentSetSize of job (KB)
...
006 (674177.000.000) 09/11 16:11:37 Image size of job updated: 34275524
	2930  -  MemoryUsage of job (MB)
	3000000  -  ResidentSetSize of job (KB)
...
006 (674177.000.000) 09/11 16:16:37 Image size of job updated: 34293188
	2930  -  MemoryUsage of job (MB)
	3000000  -  ResidentSetSize of job (KB)
...
006 (674177.000.000) 09/11 16:21:37 Image size of job updated: 34317508
	2930  -  MemoryUsage of job (MB)
	3000000  -  ResidentSetSize of job (KB)
...
006 (674177.000.000) 09/11 16:26:38 Image size of job updated: 34366404
	2930  -  MemoryUsage of job (MB)
	3000000  -  ResidentSetSize of job (KB)
...
006 (674177.000.000) 09/11 16:31:39 Image size of job updated: 34432196
	2930  -  MemoryUsage of job (MB)
	3000000  -  ResidentSetSize of job (KB)
...
006 (674177.000.000) 09/11 16:36:39 Image size of job updated: 34500292
	2930  -  MemoryUsage of job (MB)
	3000000  -  ResidentSetSize of job (KB)
...
006 (674177.000.000) 09/11 16:41:40 Image size of job updated: 34573636
	2930  -  MemoryUsage of job (MB)
	3000000  -  ResidentSetSize of job (KB)
...
006 (674177.000.000) 09/11 16:46:41 Image size of job updated: 34579140
	2930  -  MemoryUsage of job (MB)
	3000000  -  ResidentSetSize of job (KB)
...
006 (674177.000.000) 09/11 16:51:41 Image size of job updated: 34588356
	2930  -  MemoryUsage of job (MB)
	3000000  -  ResidentSetSize of job (KB)
...
006 (674177.000.000) 09/11 16:56:41 Image size of job updated: 34595140
	2930  -  MemoryUsage of job (MB)
	3000000  -  ResidentSetSize of job (KB)
...
006 (674177.000.000) 09/11 17:01:42 Image size of job updated: 34603076
	2930  -  MemoryUsage of job (MB)
	3000000  -  ResidentSetSize of job (KB)
...
006 (674177.000.000) 09/11 17:06:43 Image size of job updated: 34610884
	2930  -  MemoryUsage of job (MB)
	3000000  -  ResidentSetSize of job (KB)
...
006 (674177.000.000) 09/11 17:11:43 Image size of job updated: 34622404
	2930  -  MemoryUsage of job (MB)
	3000000  -  ResidentSetSize of job (KB)
...
006 (674177.000.000) 09/11 17:16:44 Image size of job updated: 34634180
	2930  -  MemoryUsage of job (MB)
	3000000  -  ResidentSetSize of job (KB)
...
006 (674177.000.000) 09/11 17:21:45 Image size of job updated: 35007684
	2930  -  MemoryUsage of job (MB)
	3000000  -  ResidentSetSize of job (KB)
...
006 (674177.000.000) 09/11 17:26:45 Image size of job updated: 35757636
	2930  -  MemoryUsage of job (MB)
	3000000  -  ResidentSetSize of job (KB)
...
006 (674177.000.000) 09/11 17:31:45 Image size of job updated: 36470852
	2930  -  MemoryUsage of job (MB)
	3000000  -  ResidentSetSize of job (KB)
...
006 (674177.000.000) 09/11 17:36:46 Image size of job updated: 37199428
	2930  -  MemoryUsage of job (MB)
	3000000  -  ResidentSetSize of job (KB)
...
006 (674177.000.000) 09/11 17:41:46 Image size of job updated: 37940548
	2930  -  MemoryUsage of job (MB)
	3000000  -  ResidentSetSize of job (KB)
...
006 (674177.000.000) 09/11 17:46:46 Image size of job updated: 38660804
	2930  -  MemoryUsage of job (MB)
	3000000  -  ResidentSetSize of job (KB)
...
006 (674177.000.000) 09/11 17:51:47 Image size of job updated: 39399364
	2930  -  MemoryUsage of job (MB)
	3000000  -  ResidentSetSize of job (KB)
...
006 (674177.000.000) 09/11 17:56:48 Image size of job updated: 40142020
	2930  -  MemoryUsage of job (MB)
	3000000  -  ResidentSetSize of job (KB)
...
006 (674177.000.000) 09/11 18:01:48 Image size of job updated: 40857540
	2930  -  MemoryUsage of job (MB)
	3000000  -  ResidentSetSize of job (KB)
...
006 (674177.000.000) 09/11 18:06:49 Image size of job updated: 41603908
	2930  -  MemoryUsage of job (MB)
	3000000  -  ResidentSetSize of job (KB)
...
006 (674177.000.000) 09/11 18:11:49 Image size of job updated: 42317252
	2930  -  MemoryUsage of job (MB)
	3000000  -  ResidentSetSize of job (KB)
...
006 (674177.000.000) 09/11 18:16:50 Image size of job updated: 43058500
	2930  -  MemoryUsage of job (MB)
	3000000  -  ResidentSetSize of job (KB)
...
006 (674177.000.000) 09/11 18:21:50 Image size of job updated: 43736388
	2930  -  MemoryUsage of job (MB)
	3000000  -  ResidentSetSize of job (KB)
...
006 (674177.000.000) 09/11 18:26:50 Image size of job updated: 44446788
	2930  -  MemoryUsage of job (MB)
	3000000  -  ResidentSetSize of job (KB)
...
006 (674177.000.000) 09/11 18:31:51 Image size of job updated: 45194692
	2930  -  MemoryUsage of job (MB)
	3000000  -  ResidentSetSize of job (KB)
...
006 (674177.000.000) 09/11 18:36:51 Image size of job updated: 45916740
	2930  -  MemoryUsage of job (MB)
	3000000  -  ResidentSetSize of job (KB)
...
006 (674177.000.000) 09/11 18:41:52 Image size of job updated: 46627140
	2930  -  MemoryUsage of job (MB)
	3000000  -  ResidentSetSize of job (KB)
...
006 (674177.000.000) 09/11 18:46:53 Image size of job updated: 47362884
	2930  -  MemoryUsage of job (MB)
	3000000  -  ResidentSetSize of job (KB)
...
006 (674177.000.000) 09/11 18:51:53 Image size of job updated: 48053060
	2930  -  MemoryUsage of job (MB)
	3000000  -  ResidentSetSize of job (KB)
...
006 (674177.000.000) 09/11 18:56:54 Image size of job updated: 48758596
	2930  -  MemoryUsage of job (MB)
	3000000  -  ResidentSetSize of job (KB)
...
006 (674177.000.000) 09/11 19:01:54 Image size of job updated: 49499716
	2930  -  MemoryUsage of job (MB)
	3000000  -  ResidentSetSize of job (KB)
...
006 (674177.000.000) 09/11 19:06:59 Image size of job updated: 50238916
	2930  -  MemoryUsage of job (MB)
	3000000  -  ResidentSetSize of job (KB)
...
006 (674177.000.000) 09/11 19:11:58 Image size of job updated: 50686532
	2930  -  MemoryUsage of job (MB)
	3000000  -  ResidentSetSize of job (KB)
...
006 (674177.000.000) 09/11 19:16:58 Image size of job updated: 50705092
	2930  -  MemoryUsage of job (MB)
	3000000  -  ResidentSetSize of job (KB)
...
006 (674177.000.000) 09/11 19:21:57 Image size of job updated: 50718020
	2930  -  MemoryUsage of job (MB)
	3000000  -  ResidentSetSize of job (KB)
...
006 (674177.000.000) 09/11 19:26:59 Image size of job updated: 50742468
	2930  -  MemoryUsage of job (MB)
	3000000  -  ResidentSetSize of job (KB)
...
006 (674177.000.000) 09/11 19:30:37 Image size of job updated: 50753220
	2930  -  MemoryUsage of job (MB)
	3000000  -  ResidentSetSize of job (KB)
...
005 (674177.000.000) 09/11 19:30:37 Job terminated.
	(0) Abnormal termination (signal 9)
	(0) No core file
		Usr 0 00:00:00, Sys 0 00:00:00  -  Run Remote Usage
		Usr 0 00:00:00, Sys 0 00:00:00  -  Run Local Usage
		Usr 0 00:00:00, Sys 0 00:00:00  -  Total Remote Usage
		Usr 0 00:00:00, Sys 0 00:00:00  -  Total Local Usage
	0  -  Run Bytes Sent By Job
	0  -  Run Bytes Received By Job
	0  -  Total Bytes Sent By Job
	0  -  Total Bytes Received By Job
	Partitionable Resources :    Usage  Request Allocated 
	   Cpus                 :     0.04        1         1 
	   Disk (KB)            :   150         150     18162 
	   Gpus                 :                           0 
	   Memory (MB)          :  2930        2930      2944 
...
000 (674260.000.000) 09/12 12:31:31 Job submitted from host: <140.160.143.130:9618?addrs=140.160.143.130-9618&noUDP&sock=5591_da80_4>
...
