000 (674037.000.000) 09/06 11:59:27 Job submitted from host: <140.160.143.130:9618?addrs=140.160.143.130-9618&noUDP&sock=5480_8b22_11>
...
012 (674037.000.000) 09/06 15:58:03 Job was held.
	via condor_hold (by user condor)
	Code 1 Subcode 0
...
013 (674037.000.000) 09/09 09:30:29 Job was released.
	via condor_release (by user condor)
...
001 (674037.000.000) 09/09 09:52:29 Job executing on host: <140.160.143.149:9618?addrs=140.160.143.149-9618&noUDP&sock=8214_036a_3>
...
006 (674037.000.000) 09/09 09:52:37 Image size of job updated: 11696
	12  -  MemoryUsage of job (MB)
	11576  -  ResidentSetSize of job (KB)
...
006 (674037.000.000) 09/09 09:57:37 Image size of job updated: 464488
	454  -  MemoryUsage of job (MB)
	464368  -  ResidentSetSize of job (KB)
...
006 (674037.000.000) 09/09 10:02:37 Image size of job updated: 850376
	831  -  MemoryUsage of job (MB)
	850256  -  ResidentSetSize of job (KB)
...
005 (674037.000.000) 09/09 12:26:52 Job terminated.
	(1) Normal termination (return value 0)
		Usr 0 00:11:52, Sys 0 00:06:55  -  Run Remote Usage
		Usr 0 00:00:00, Sys 0 00:00:00  -  Run Local Usage
		Usr 0 00:11:52, Sys 0 00:06:55  -  Total Remote Usage
		Usr 0 00:00:00, Sys 0 00:00:00  -  Total Local Usage
	0  -  Run Bytes Sent By Job
	0  -  Run Bytes Received By Job
	0  -  Total Bytes Sent By Job
	0  -  Total Bytes Received By Job
	Partitionable Resources :    Usage  Request Allocated 
	   Cpus                 :     2.00        2         2 
	   Disk (KB)            :   150         150     18162 
	   Gpus                 :                           0 
	   Memory (MB)          :   831           1       128 
...
000 (674180.000.000) 09/10 13:41:39 Job submitted from host: <140.160.143.130:9618?addrs=140.160.143.130-9618&noUDP&sock=5591_da80_4>
...
001 (674180.000.000) 09/10 13:41:49 Job executing on host: <140.160.143.151:9618?addrs=140.160.143.151-9618&noUDP&sock=4465_23ab_3>
...
006 (674180.000.000) 09/10 13:41:58 Image size of job updated: 13244
	13  -  MemoryUsage of job (MB)
	13244  -  ResidentSetSize of job (KB)
...
006 (674180.000.000) 09/10 13:46:59 Image size of job updated: 388244
	380  -  MemoryUsage of job (MB)
	388244  -  ResidentSetSize of job (KB)
...
006 (674180.000.000) 09/10 13:51:59 Image size of job updated: 777480
	760  -  MemoryUsage of job (MB)
	777480  -  ResidentSetSize of job (KB)
...
006 (674180.000.000) 09/10 13:56:59 Image size of job updated: 1146544
	1120  -  MemoryUsage of job (MB)
	1146544  -  ResidentSetSize of job (KB)
...
006 (674180.000.000) 09/10 14:02:00 Image size of job updated: 1514420
	1479  -  MemoryUsage of job (MB)
	1514420  -  ResidentSetSize of job (KB)
...
006 (674180.000.000) 09/10 14:07:00 Image size of job updated: 1821764
	1780  -  MemoryUsage of job (MB)
	1821764  -  ResidentSetSize of job (KB)
...
004 (674180.000.000) 09/10 17:20:47 Job was evicted.
	(0) Job was not checkpointed.
		Usr 0 00:19:06, Sys 0 00:00:15  -  Run Remote Usage
		Usr 0 00:00:00, Sys 0 00:00:00  -  Run Local Usage
	0  -  Run Bytes Sent By Job
	0  -  Run Bytes Received By Job
	Partitionable Resources :    Usage  Request Allocated 
	   Cpus                 :     0.99        1         1 
	   Disk (KB)            :   150         150     17583 
	   Memory (MB)          :  1780           1       128 
...
012 (674180.000.000) 09/10 17:20:47 Job was held.
	via condor_hold (by user condor)
	Code 1 Subcode 0
...
013 (674180.000.000) 09/11 08:18:17 Job was released.
	via condor_release (by user condor)
...
001 (674180.000.000) 09/11 08:19:07 Job executing on host: <140.160.143.151:9618?addrs=140.160.143.151-9618&noUDP&sock=4465_23ab_3>
...
006 (674180.000.000) 09/11 08:34:18 Image size of job updated: 2015292
	1954  -  MemoryUsage of job (MB)
	2000000  -  ResidentSetSize of job (KB)
...
006 (674180.000.000) 09/11 08:39:18 Image size of job updated: 2660668
	1954  -  MemoryUsage of job (MB)
	2000000  -  ResidentSetSize of job (KB)
...
006 (674180.000.000) 09/11 08:44:19 Image size of job updated: 3296956
	1954  -  MemoryUsage of job (MB)
	2000000  -  ResidentSetSize of job (KB)
...
006 (674180.000.000) 09/11 08:49:19 Image size of job updated: 3934396
	1954  -  MemoryUsage of job (MB)
	2000000  -  ResidentSetSize of job (KB)
...
006 (674180.000.000) 09/11 08:54:19 Image size of job updated: 4624956
	1954  -  MemoryUsage of job (MB)
	2000000  -  ResidentSetSize of job (KB)
...
006 (674180.000.000) 09/11 08:59:20 Image size of job updated: 5252156
	1954  -  MemoryUsage of job (MB)
	2000000  -  ResidentSetSize of job (KB)
...
006 (674180.000.000) 09/11 09:04:21 Image size of job updated: 5897916
	1954  -  MemoryUsage of job (MB)
	2000000  -  ResidentSetSize of job (KB)
...
006 (674180.000.000) 09/11 09:09:21 Image size of job updated: 6519100
	1954  -  MemoryUsage of job (MB)
	2000000  -  ResidentSetSize of job (KB)
...
006 (674180.000.000) 09/11 09:14:21 Image size of job updated: 7196476
	1954  -  MemoryUsage of job (MB)
	2000000  -  ResidentSetSize of job (KB)
...
006 (674180.000.000) 09/11 09:19:22 Image size of job updated: 7825088
	1954  -  MemoryUsage of job (MB)
	2000000  -  ResidentSetSize of job (KB)
...
006 (674180.000.000) 09/11 09:24:22 Image size of job updated: 8457408
	1954  -  MemoryUsage of job (MB)
	2000000  -  ResidentSetSize of job (KB)
...
006 (674180.000.000) 09/11 09:29:22 Image size of job updated: 9135552
	1954  -  MemoryUsage of job (MB)
	2000000  -  ResidentSetSize of job (KB)
...
006 (674180.000.000) 09/11 09:34:23 Image size of job updated: 9775936
	1954  -  MemoryUsage of job (MB)
	2000000  -  ResidentSetSize of job (KB)
...
006 (674180.000.000) 09/11 09:39:24 Image size of job updated: 10419648
	1954  -  MemoryUsage of job (MB)
	2000000  -  ResidentSetSize of job (KB)
...
006 (674180.000.000) 09/11 09:44:24 Image size of job updated: 11054656
	1954  -  MemoryUsage of job (MB)
	2000000  -  ResidentSetSize of job (KB)
...
006 (674180.000.000) 09/11 09:49:24 Image size of job updated: 11728448
	1954  -  MemoryUsage of job (MB)
	2000000  -  ResidentSetSize of job (KB)
...
006 (674180.000.000) 09/11 09:54:25 Image size of job updated: 12368064
	1954  -  MemoryUsage of job (MB)
	2000000  -  ResidentSetSize of job (KB)
...
006 (674180.000.000) 09/11 09:59:25 Image size of job updated: 13028544
	1954  -  MemoryUsage of job (MB)
	2000000  -  ResidentSetSize of job (KB)
...
006 (674180.000.000) 09/11 10:04:25 Image size of job updated: 13686336
	1954  -  MemoryUsage of job (MB)
	2000000  -  ResidentSetSize of job (KB)
...
006 (674180.000.000) 09/11 10:09:26 Image size of job updated: 14351296
	1954  -  MemoryUsage of job (MB)
	2000000  -  ResidentSetSize of job (KB)
...
006 (674180.000.000) 09/11 10:14:27 Image size of job updated: 14996416
	1954  -  MemoryUsage of job (MB)
	2000000  -  ResidentSetSize of job (KB)
...
006 (674180.000.000) 09/11 10:19:27 Image size of job updated: 15652160
	1954  -  MemoryUsage of job (MB)
	2000000  -  ResidentSetSize of job (KB)
...
006 (674180.000.000) 09/11 10:24:28 Image size of job updated: 16308800
	1954  -  MemoryUsage of job (MB)
	2000000  -  ResidentSetSize of job (KB)
...
006 (674180.000.000) 09/11 10:29:29 Image size of job updated: 16988864
	1954  -  MemoryUsage of job (MB)
	2000000  -  ResidentSetSize of job (KB)
...
006 (674180.000.000) 09/11 10:34:29 Image size of job updated: 17659968
	1954  -  MemoryUsage of job (MB)
	2000000  -  ResidentSetSize of job (KB)
...
006 (674180.000.000) 09/11 10:39:29 Image size of job updated: 18318400
	1954  -  MemoryUsage of job (MB)
	2000000  -  ResidentSetSize of job (KB)
...
006 (674180.000.000) 09/11 10:44:31 Image size of job updated: 18990528
	1954  -  MemoryUsage of job (MB)
	2000000  -  ResidentSetSize of job (KB)
...
006 (674180.000.000) 09/11 10:49:31 Image size of job updated: 19646912
	1954  -  MemoryUsage of job (MB)
	2000000  -  ResidentSetSize of job (KB)
...
006 (674180.000.000) 09/11 10:54:31 Image size of job updated: 20336832
	1954  -  MemoryUsage of job (MB)
	2000000  -  ResidentSetSize of job (KB)
...
006 (674180.000.000) 09/11 10:59:32 Image size of job updated: 20974272
	1954  -  MemoryUsage of job (MB)
	2000000  -  ResidentSetSize of job (KB)
...
006 (674180.000.000) 09/11 11:04:33 Image size of job updated: 21667264
	1954  -  MemoryUsage of job (MB)
	2000000  -  ResidentSetSize of job (KB)
...
006 (674180.000.000) 09/11 11:09:33 Image size of job updated: 22331840
	1954  -  MemoryUsage of job (MB)
	2000000  -  ResidentSetSize of job (KB)
...
006 (674180.000.000) 09/11 11:14:33 Image size of job updated: 23048256
	1954  -  MemoryUsage of job (MB)
	2000000  -  ResidentSetSize of job (KB)
...
006 (674180.000.000) 09/11 11:19:34 Image size of job updated: 23766080
	1954  -  MemoryUsage of job (MB)
	2000000  -  ResidentSetSize of job (KB)
...
006 (674180.000.000) 09/11 11:24:34 Image size of job updated: 24427840
	1954  -  MemoryUsage of job (MB)
	2000000  -  ResidentSetSize of job (KB)
...
006 (674180.000.000) 09/11 11:29:34 Image size of job updated: 25024320
	1954  -  MemoryUsage of job (MB)
	2000000  -  ResidentSetSize of job (KB)
...
006 (674180.000.000) 09/11 11:34:39 Image size of job updated: 25310528
	1954  -  MemoryUsage of job (MB)
	2000000  -  ResidentSetSize of job (KB)
...
006 (674180.000.000) 09/11 11:39:36 Image size of job updated: 25760320
	1954  -  MemoryUsage of job (MB)
	2000000  -  ResidentSetSize of job (KB)
...
006 (674180.000.000) 09/11 11:44:36 Image size of job updated: 26431808
	1954  -  MemoryUsage of job (MB)
	2000000  -  ResidentSetSize of job (KB)
...
006 (674180.000.000) 09/11 11:49:36 Image size of job updated: 27098432
	1954  -  MemoryUsage of job (MB)
	2000000  -  ResidentSetSize of job (KB)
...
006 (674180.000.000) 09/11 11:54:37 Image size of job updated: 27764672
	1954  -  MemoryUsage of job (MB)
	2000000  -  ResidentSetSize of job (KB)
...
006 (674180.000.000) 09/11 11:59:38 Image size of job updated: 28461632
	1954  -  MemoryUsage of job (MB)
	2000000  -  ResidentSetSize of job (KB)
...
006 (674180.000.000) 09/11 12:04:38 Image size of job updated: 29137856
	1954  -  MemoryUsage of job (MB)
	2000000  -  ResidentSetSize of job (KB)
...
006 (674180.000.000) 09/11 12:09:39 Image size of job updated: 29807936
	1954  -  MemoryUsage of job (MB)
	2000000  -  ResidentSetSize of job (KB)
...
006 (674180.000.000) 09/11 12:14:40 Image size of job updated: 30513016
	1954  -  MemoryUsage of job (MB)
	2000000  -  ResidentSetSize of job (KB)
...
006 (674180.000.000) 09/11 12:19:40 Image size of job updated: 31235320
	1954  -  MemoryUsage of job (MB)
	2000000  -  ResidentSetSize of job (KB)
...
006 (674180.000.000) 09/11 12:24:40 Image size of job updated: 31919080
	1954  -  MemoryUsage of job (MB)
	2000000  -  ResidentSetSize of job (KB)
...
006 (674180.000.000) 09/11 12:29:41 Image size of job updated: 32608252
	1954  -  MemoryUsage of job (MB)
	2000000  -  ResidentSetSize of job (KB)
...
006 (674180.000.000) 09/11 12:34:42 Image size of job updated: 33309964
	1954  -  MemoryUsage of job (MB)
	2000000  -  ResidentSetSize of job (KB)
...
006 (674180.000.000) 09/11 12:39:42 Image size of job updated: 34017880
	1954  -  MemoryUsage of job (MB)
	2000000  -  ResidentSetSize of job (KB)
...
006 (674180.000.000) 09/11 12:44:43 Image size of job updated: 34693060
	1954  -  MemoryUsage of job (MB)
	2000000  -  ResidentSetSize of job (KB)
...
006 (674180.000.000) 09/11 12:49:44 Image size of job updated: 35365600
	1954  -  MemoryUsage of job (MB)
	2000000  -  ResidentSetSize of job (KB)
...
006 (674180.000.000) 09/11 12:54:15 Image size of job updated: 35984548
	1954  -  MemoryUsage of job (MB)
	2000000  -  ResidentSetSize of job (KB)
...
005 (674180.000.000) 09/11 12:54:15 Job terminated.
	(1) Normal termination (return value 0)
		Usr 0 00:00:00, Sys 0 00:00:00  -  Run Remote Usage
		Usr 0 00:00:00, Sys 0 00:00:00  -  Run Local Usage
		Usr 0 00:00:00, Sys 0 00:00:00  -  Total Remote Usage
		Usr 0 00:00:00, Sys 0 00:00:00  -  Total Local Usage
	0  -  Run Bytes Sent By Job
	0  -  Run Bytes Received By Job
	0  -  Total Bytes Sent By Job
	0  -  Total Bytes Received By Job
	Partitionable Resources :    Usage  Request Allocated 
	   Cpus                 :     1.00        1         1 
	   Disk (KB)            :   150         150     17583 
	   Memory (MB)          :  1954        1954      2048 
...
