000 (674056.000.000) 09/06 11:59:27 Job submitted from host: <140.160.143.130:9618?addrs=140.160.143.130-9618&noUDP&sock=5480_8b22_11>
...
012 (674056.000.000) 09/06 15:58:09 Job was held.
	via condor_hold (by user condor)
	Code 1 Subcode 0
...
013 (674056.000.000) 09/09 09:30:28 Job was released.
	via condor_release (by user condor)
...
001 (674056.000.000) 09/09 10:00:29 Job executing on host: <140.160.143.151:9618?addrs=140.160.143.151-9618&noUDP&sock=4465_23ab_3>
...
006 (674056.000.000) 09/09 10:00:38 Image size of job updated: 10192
	10  -  MemoryUsage of job (MB)
	10192  -  ResidentSetSize of job (KB)
...
006 (674056.000.000) 09/09 10:05:39 Image size of job updated: 429096
	420  -  MemoryUsage of job (MB)
	429096  -  ResidentSetSize of job (KB)
...
006 (674056.000.000) 09/09 10:10:39 Image size of job updated: 847884
	829  -  MemoryUsage of job (MB)
	847884  -  ResidentSetSize of job (KB)
...
006 (674056.000.000) 09/09 10:15:39 Image size of job updated: 1266820
	1238  -  MemoryUsage of job (MB)
	1266820  -  ResidentSetSize of job (KB)
...
006 (674056.000.000) 09/09 10:20:40 Image size of job updated: 1687264
	1648  -  MemoryUsage of job (MB)
	1687264  -  ResidentSetSize of job (KB)
...
006 (674056.000.000) 09/09 10:25:40 Image size of job updated: 1750112
	1710  -  MemoryUsage of job (MB)
	1750112  -  ResidentSetSize of job (KB)
...
005 (674056.000.000) 09/09 12:32:16 Job terminated.
	(1) Normal termination (return value 0)
		Usr 0 00:22:39, Sys 0 00:14:40  -  Run Remote Usage
		Usr 0 00:00:00, Sys 0 00:00:00  -  Run Local Usage
		Usr 0 00:22:39, Sys 0 00:14:40  -  Total Remote Usage
		Usr 0 00:00:00, Sys 0 00:00:00  -  Total Local Usage
	0  -  Run Bytes Sent By Job
	0  -  Run Bytes Received By Job
	0  -  Total Bytes Sent By Job
	0  -  Total Bytes Received By Job
	Partitionable Resources :    Usage  Request Allocated 
	   Cpus                 :     1.95        2         2 
	   Disk (KB)            :   150         150     17583 
	   Memory (MB)          :  1710           1       128 
...
000 (674199.000.000) 09/10 13:41:40 Job submitted from host: <140.160.143.130:9618?addrs=140.160.143.130-9618&noUDP&sock=5591_da80_4>
...
