000 (674045.000.000) 09/06 11:59:27 Job submitted from host: <140.160.143.130:9618?addrs=140.160.143.130-9618&noUDP&sock=5480_8b22_11>
...
012 (674045.000.000) 09/06 15:58:03 Job was held.
	via condor_hold (by user condor)
	Code 1 Subcode 0
...
013 (674045.000.000) 09/09 09:30:29 Job was released.
	via condor_release (by user condor)
...
001 (674045.000.000) 09/09 10:00:29 Job executing on host: <140.160.143.156:9618?addrs=140.160.143.156-9618&noUDP&sock=4471_a06d_3>
...
006 (674045.000.000) 09/09 10:00:38 Image size of job updated: 15900
	15  -  MemoryUsage of job (MB)
	15268  -  ResidentSetSize of job (KB)
...
006 (674045.000.000) 09/09 10:05:39 Image size of job updated: 523860
	511  -  MemoryUsage of job (MB)
	523228  -  ResidentSetSize of job (KB)
...
006 (674045.000.000) 09/09 10:10:40 Image size of job updated: 1035760
	1011  -  MemoryUsage of job (MB)
	1035112  -  ResidentSetSize of job (KB)
...
006 (674045.000.000) 09/09 10:15:40 Image size of job updated: 1551344
	1515  -  MemoryUsage of job (MB)
	1550696  -  ResidentSetSize of job (KB)
...
006 (674045.000.000) 09/09 10:20:40 Image size of job updated: 2063084
	2015  -  MemoryUsage of job (MB)
	2062484  -  ResidentSetSize of job (KB)
...
006 (674045.000.000) 09/09 10:25:42 Image size of job updated: 2485432
	2427  -  MemoryUsage of job (MB)
	2484832  -  ResidentSetSize of job (KB)
...
005 (674045.000.000) 09/09 11:34:36 Job terminated.
	(1) Normal termination (return value 0)
		Usr 0 00:29:21, Sys 0 00:18:34  -  Run Remote Usage
		Usr 0 00:00:00, Sys 0 00:00:00  -  Run Local Usage
		Usr 0 00:29:21, Sys 0 00:18:34  -  Total Remote Usage
		Usr 0 00:00:00, Sys 0 00:00:00  -  Total Local Usage
	0  -  Run Bytes Sent By Job
	0  -  Run Bytes Received By Job
	0  -  Total Bytes Sent By Job
	0  -  Total Bytes Received By Job
	Partitionable Resources :    Usage  Request Allocated 
	   Cpus                 :     2.00        2         2 
	   Disk (KB)            :   150         150     17664 
	   Memory (MB)          :  2427           1       128 
...
000 (674188.000.000) 09/10 13:41:39 Job submitted from host: <140.160.143.130:9618?addrs=140.160.143.130-9618&noUDP&sock=5591_da80_4>
...
012 (674188.000.000) 09/10 17:20:54 Job was held.
	via condor_hold (by user condor)
	Code 1 Subcode 0
...
013 (674188.000.000) 09/11 08:18:19 Job was released.
	via condor_release (by user condor)
...
001 (674188.000.000) 09/11 08:19:07 Job executing on host: <140.160.143.152:9618?addrs=140.160.143.152-9618&noUDP&sock=4519_8cf9_3>
...
006 (674188.000.000) 09/11 08:19:16 Image size of job updated: 16544
	17  -  MemoryUsage of job (MB)
	16544  -  ResidentSetSize of job (KB)
...
006 (674188.000.000) 09/11 08:24:16 Image size of job updated: 499716
	489  -  MemoryUsage of job (MB)
	499716  -  ResidentSetSize of job (KB)
...
005 (674188.000.000) 09/11 11:21:51 Job terminated.
	(0) Abnormal termination (signal 9)
	(0) No core file
		Usr 0 00:04:23, Sys 0 00:00:00  -  Run Remote Usage
		Usr 0 00:00:00, Sys 0 00:00:00  -  Run Local Usage
		Usr 0 00:04:23, Sys 0 00:00:00  -  Total Remote Usage
		Usr 0 00:00:00, Sys 0 00:00:00  -  Total Local Usage
	0  -  Run Bytes Sent By Job
	0  -  Run Bytes Received By Job
	0  -  Total Bytes Sent By Job
	0  -  Total Bytes Received By Job
	Partitionable Resources :    Usage  Request Allocated 
	   Cpus                 :     0.01        1         1 
	   Disk (KB)            :   150         150     17651 
	   Memory (MB)          :   489           1       128 
...
000 (674271.000.000) 09/12 12:31:32 Job submitted from host: <140.160.143.130:9618?addrs=140.160.143.130-9618&noUDP&sock=5591_da80_4>
...
