000 (674049.000.000) 09/06 11:59:27 Job submitted from host: <140.160.143.130:9618?addrs=140.160.143.130-9618&noUDP&sock=5480_8b22_11>
...
012 (674049.000.000) 09/06 15:58:03 Job was held.
	via condor_hold (by user condor)
	Code 1 Subcode 0
...
013 (674049.000.000) 09/09 09:30:29 Job was released.
	via condor_release (by user condor)
...
001 (674049.000.000) 09/09 10:00:29 Job executing on host: <140.160.143.151:9618?addrs=140.160.143.151-9618&noUDP&sock=4465_23ab_3>
...
006 (674049.000.000) 09/09 10:00:38 Image size of job updated: 13660
	14  -  MemoryUsage of job (MB)
	13412  -  ResidentSetSize of job (KB)
...
006 (674049.000.000) 09/09 10:05:39 Image size of job updated: 495124
	484  -  MemoryUsage of job (MB)
	494876  -  ResidentSetSize of job (KB)
...
006 (674049.000.000) 09/09 10:10:40 Image size of job updated: 980032
	957  -  MemoryUsage of job (MB)
	979784  -  ResidentSetSize of job (KB)
...
006 (674049.000.000) 09/09 10:15:40 Image size of job updated: 1446808
	1413  -  MemoryUsage of job (MB)
	1446560  -  ResidentSetSize of job (KB)
...
006 (674049.000.000) 09/09 10:20:40 Image size of job updated: 1908636
	1864  -  MemoryUsage of job (MB)
	1908388  -  ResidentSetSize of job (KB)
...
006 (674049.000.000) 09/09 10:25:41 Image size of job updated: 1971592
	1926  -  MemoryUsage of job (MB)
	1971344  -  ResidentSetSize of job (KB)
...
005 (674049.000.000) 09/09 12:22:43 Job terminated.
	(1) Normal termination (return value 0)
		Usr 0 00:24:00, Sys 0 00:15:33  -  Run Remote Usage
		Usr 0 00:00:00, Sys 0 00:00:00  -  Run Local Usage
		Usr 0 00:24:00, Sys 0 00:15:33  -  Total Remote Usage
		Usr 0 00:00:00, Sys 0 00:00:00  -  Total Local Usage
	0  -  Run Bytes Sent By Job
	0  -  Run Bytes Received By Job
	0  -  Total Bytes Sent By Job
	0  -  Total Bytes Received By Job
	Partitionable Resources :    Usage  Request Allocated 
	   Cpus                 :     1.99        2         2 
	   Disk (KB)            :   150         150     17583 
	   Memory (MB)          :  1926           1       128 
...
000 (674192.000.000) 09/10 13:41:39 Job submitted from host: <140.160.143.130:9618?addrs=140.160.143.130-9618&noUDP&sock=5591_da80_4>
...
