000 (674032.000.000) 09/06 11:59:27 Job submitted from host: <140.160.143.130:9618?addrs=140.160.143.130-9618&noUDP&sock=5480_8b22_11>
...
012 (674032.000.000) 09/06 15:58:09 Job was held.
	via condor_hold (by user condor)
	Code 1 Subcode 0
...
013 (674032.000.000) 09/09 09:30:28 Job was released.
	via condor_release (by user condor)
...
001 (674032.000.000) 09/09 09:48:05 Job executing on host: <140.160.143.153:9618?addrs=140.160.143.153-9618&noUDP&sock=4484_8b29_3>
...
006 (674032.000.000) 09/09 09:48:13 Image size of job updated: 13448
	14  -  MemoryUsage of job (MB)
	13448  -  ResidentSetSize of job (KB)
...
006 (674032.000.000) 09/09 09:53:13 Image size of job updated: 476640
	466  -  MemoryUsage of job (MB)
	476640  -  ResidentSetSize of job (KB)
...
006 (674032.000.000) 09/09 09:58:13 Image size of job updated: 552396
	540  -  MemoryUsage of job (MB)
	552396  -  ResidentSetSize of job (KB)
...
005 (674032.000.000) 09/09 11:59:11 Job terminated.
	(1) Normal termination (return value 0)
		Usr 0 00:07:15, Sys 0 00:04:25  -  Run Remote Usage
		Usr 0 00:00:00, Sys 0 00:00:00  -  Run Local Usage
		Usr 0 00:07:15, Sys 0 00:04:25  -  Total Remote Usage
		Usr 0 00:00:00, Sys 0 00:00:00  -  Total Local Usage
	0  -  Run Bytes Sent By Job
	0  -  Run Bytes Received By Job
	0  -  Total Bytes Sent By Job
	0  -  Total Bytes Received By Job
	Partitionable Resources :    Usage  Request Allocated 
	   Cpus                 :     1.97        2         2 
	   Disk (KB)            :   150         150     17609 
	   Memory (MB)          :   540           1       128 
...
000 (674175.000.000) 09/10 13:41:39 Job submitted from host: <140.160.143.130:9618?addrs=140.160.143.130-9618&noUDP&sock=5591_da80_4>
...
001 (674175.000.000) 09/10 13:41:49 Job executing on host: <140.160.143.149:9618?addrs=140.160.143.149-9618&noUDP&sock=8214_036a_3>
...
006 (674175.000.000) 09/10 13:41:58 Image size of job updated: 12028
	12  -  MemoryUsage of job (MB)
	11932  -  ResidentSetSize of job (KB)
...
