000 (674044.000.000) 09/06 11:59:27 Job submitted from host: <140.160.143.130:9618?addrs=140.160.143.130-9618&noUDP&sock=5480_8b22_11>
...
012 (674044.000.000) 09/06 15:58:03 Job was held.
	via condor_hold (by user condor)
	Code 1 Subcode 0
...
013 (674044.000.000) 09/09 09:30:28 Job was released.
	via condor_release (by user condor)
...
001 (674044.000.000) 09/09 09:52:29 Job executing on host: <140.160.143.149:9618?addrs=140.160.143.149-9618&noUDP&sock=8214_036a_3>
...
006 (674044.000.000) 09/09 09:52:38 Image size of job updated: 13864
	14  -  MemoryUsage of job (MB)
	13864  -  ResidentSetSize of job (KB)
...
006 (674044.000.000) 09/09 09:57:39 Image size of job updated: 461380
	451  -  MemoryUsage of job (MB)
	461380  -  ResidentSetSize of job (KB)
...
006 (674044.000.000) 09/09 10:02:39 Image size of job updated: 839944
	821  -  MemoryUsage of job (MB)
	839944  -  ResidentSetSize of job (KB)
...
005 (674044.000.000) 09/09 11:48:26 Job terminated.
	(1) Normal termination (return value 0)
		Usr 0 00:11:51, Sys 0 00:06:54  -  Run Remote Usage
		Usr 0 00:00:00, Sys 0 00:00:00  -  Run Local Usage
		Usr 0 00:11:51, Sys 0 00:06:54  -  Total Remote Usage
		Usr 0 00:00:00, Sys 0 00:00:00  -  Total Local Usage
	0  -  Run Bytes Sent By Job
	0  -  Run Bytes Received By Job
	0  -  Total Bytes Sent By Job
	0  -  Total Bytes Received By Job
	Partitionable Resources :    Usage  Request Allocated 
	   Cpus                 :     1.91        2         2 
	   Disk (KB)            :   150         150     18162 
	   Gpus                 :                           0 
	   Memory (MB)          :   821           1       128 
...
000 (674187.000.000) 09/10 13:41:39 Job submitted from host: <140.160.143.130:9618?addrs=140.160.143.130-9618&noUDP&sock=5591_da80_4>
...
