000 (674043.000.000) 09/06 11:59:27 Job submitted from host: <140.160.143.130:9618?addrs=140.160.143.130-9618&noUDP&sock=5480_8b22_11>
...
012 (674043.000.000) 09/06 15:58:03 Job was held.
	via condor_hold (by user condor)
	Code 1 Subcode 0
...
013 (674043.000.000) 09/09 09:30:28 Job was released.
	via condor_release (by user condor)
...
001 (674043.000.000) 09/09 09:52:29 Job executing on host: <140.160.143.149:9618?addrs=140.160.143.149-9618&noUDP&sock=8214_036a_3>
...
006 (674043.000.000) 09/09 09:52:38 Image size of job updated: 14160
	14  -  MemoryUsage of job (MB)
	14160  -  ResidentSetSize of job (KB)
...
006 (674043.000.000) 09/09 09:57:39 Image size of job updated: 491588
	481  -  MemoryUsage of job (MB)
	491588  -  ResidentSetSize of job (KB)
...
006 (674043.000.000) 09/09 10:02:39 Image size of job updated: 910776
	890  -  MemoryUsage of job (MB)
	910776  -  ResidentSetSize of job (KB)
...
005 (674043.000.000) 09/09 12:22:25 Job terminated.
	(1) Normal termination (return value 0)
		Usr 0 00:11:42, Sys 0 00:07:05  -  Run Remote Usage
		Usr 0 00:00:00, Sys 0 00:00:00  -  Run Local Usage
		Usr 0 00:11:42, Sys 0 00:07:05  -  Total Remote Usage
		Usr 0 00:00:00, Sys 0 00:00:00  -  Total Local Usage
	0  -  Run Bytes Sent By Job
	0  -  Run Bytes Received By Job
	0  -  Total Bytes Sent By Job
	0  -  Total Bytes Received By Job
	Partitionable Resources :    Usage  Request Allocated 
	   Cpus                 :     1.97        2         2 
	   Disk (KB)            :   150         150     18162 
	   Gpus                 :                           0 
	   Memory (MB)          :   890           1       128 
...
000 (674186.000.000) 09/10 13:41:39 Job submitted from host: <140.160.143.130:9618?addrs=140.160.143.130-9618&noUDP&sock=5591_da80_4>
...
001 (674186.000.000) 09/10 16:55:26 Job executing on host: <140.160.143.149:9618?addrs=140.160.143.149-9618&noUDP&sock=8214_036a_3>
...
006 (674186.000.000) 09/10 16:55:35 Image size of job updated: 12384
	13  -  MemoryUsage of job (MB)
	12384  -  ResidentSetSize of job (KB)
...
006 (674186.000.000) 09/10 17:00:36 Image size of job updated: 383712
	375  -  MemoryUsage of job (MB)
	383712  -  ResidentSetSize of job (KB)
...
006 (674186.000.000) 09/10 17:05:37 Image size of job updated: 689636
	674  -  MemoryUsage of job (MB)
	689636  -  ResidentSetSize of job (KB)
...
006 (674186.000.000) 09/10 17:10:37 Image size of job updated: 986172
	964  -  MemoryUsage of job (MB)
	986172  -  ResidentSetSize of job (KB)
...
006 (674186.000.000) 09/10 17:15:37 Image size of job updated: 1291568
	1262  -  MemoryUsage of job (MB)
	1291568  -  ResidentSetSize of job (KB)
...
006 (674186.000.000) 09/10 17:20:38 Image size of job updated: 1376516
	1345  -  MemoryUsage of job (MB)
	1376516  -  ResidentSetSize of job (KB)
...
006 (674186.000.000) 09/10 17:20:45 Image size of job updated: 1845820
	1345  -  MemoryUsage of job (MB)
	1376516  -  ResidentSetSize of job (KB)
...
004 (674186.000.000) 09/10 17:20:45 Job was evicted.
	(0) Job was not checkpointed.
		Usr 0 00:14:46, Sys 0 00:00:17  -  Run Remote Usage
		Usr 0 00:00:00, Sys 0 00:00:00  -  Run Local Usage
	0  -  Run Bytes Sent By Job
	0  -  Run Bytes Received By Job
	Partitionable Resources :    Usage  Request Allocated 
	   Cpus                 :     1.00        1         1 
	   Disk (KB)            :   150         150     18162 
	   Gpus                 :                           0 
	   Memory (MB)          :  1345           1       128 
...
012 (674186.000.000) 09/10 17:20:45 Job was held.
	via condor_hold (by user condor)
	Code 1 Subcode 0
...
013 (674186.000.000) 09/11 08:18:19 Job was released.
	via condor_release (by user condor)
...
001 (674186.000.000) 09/11 08:19:07 Job executing on host: <140.160.143.150:9618?addrs=140.160.143.150-9618&noUDP&sock=4797_3c4d_3>
...
006 (674186.000.000) 09/11 08:34:17 Image size of job updated: 2427836
	1465  -  MemoryUsage of job (MB)
	1500000  -  ResidentSetSize of job (KB)
...
006 (674186.000.000) 09/11 08:39:18 Image size of job updated: 3198524
	1465  -  MemoryUsage of job (MB)
	1500000  -  ResidentSetSize of job (KB)
...
006 (674186.000.000) 09/11 08:44:19 Image size of job updated: 3972796
	1465  -  MemoryUsage of job (MB)
	1500000  -  ResidentSetSize of job (KB)
...
006 (674186.000.000) 09/11 08:49:19 Image size of job updated: 4743356
	1465  -  MemoryUsage of job (MB)
	1500000  -  ResidentSetSize of job (KB)
...
006 (674186.000.000) 09/11 08:54:19 Image size of job updated: 5482172
	1465  -  MemoryUsage of job (MB)
	1500000  -  ResidentSetSize of job (KB)
...
006 (674186.000.000) 09/11 08:59:20 Image size of job updated: 6246588
	1465  -  MemoryUsage of job (MB)
	1500000  -  ResidentSetSize of job (KB)
...
006 (674186.000.000) 09/11 09:04:20 Image size of job updated: 7012796
	1465  -  MemoryUsage of job (MB)
	1500000  -  ResidentSetSize of job (KB)
...
006 (674186.000.000) 09/11 09:09:20 Image size of job updated: 7772604
	1465  -  MemoryUsage of job (MB)
	1500000  -  ResidentSetSize of job (KB)
...
006 (674186.000.000) 09/11 09:14:21 Image size of job updated: 8506812
	1465  -  MemoryUsage of job (MB)
	1500000  -  ResidentSetSize of job (KB)
...
006 (674186.000.000) 09/11 09:19:22 Image size of job updated: 9253692
	1465  -  MemoryUsage of job (MB)
	1500000  -  ResidentSetSize of job (KB)
...
006 (674186.000.000) 09/11 09:24:22 Image size of job updated: 9981244
	1465  -  MemoryUsage of job (MB)
	1500000  -  ResidentSetSize of job (KB)
...
006 (674186.000.000) 09/11 09:29:22 Image size of job updated: 10730684
	1465  -  MemoryUsage of job (MB)
	1500000  -  ResidentSetSize of job (KB)
...
006 (674186.000.000) 09/11 09:34:23 Image size of job updated: 11475388
	1465  -  MemoryUsage of job (MB)
	1500000  -  ResidentSetSize of job (KB)
...
006 (674186.000.000) 09/11 09:39:23 Image size of job updated: 12208320
	1465  -  MemoryUsage of job (MB)
	1500000  -  ResidentSetSize of job (KB)
...
006 (674186.000.000) 09/11 09:44:23 Image size of job updated: 12955968
	1465  -  MemoryUsage of job (MB)
	1500000  -  ResidentSetSize of job (KB)
...
006 (674186.000.000) 09/11 09:49:24 Image size of job updated: 13701952
	1465  -  MemoryUsage of job (MB)
	1500000  -  ResidentSetSize of job (KB)
...
006 (674186.000.000) 09/11 09:54:25 Image size of job updated: 14398144
	1465  -  MemoryUsage of job (MB)
	1500000  -  ResidentSetSize of job (KB)
...
006 (674186.000.000) 09/11 09:59:25 Image size of job updated: 15151680
	1465  -  MemoryUsage of job (MB)
	1500000  -  ResidentSetSize of job (KB)
...
006 (674186.000.000) 09/11 10:04:25 Image size of job updated: 15860288
	1465  -  MemoryUsage of job (MB)
	1500000  -  ResidentSetSize of job (KB)
...
006 (674186.000.000) 09/11 10:09:26 Image size of job updated: 16605376
	1465  -  MemoryUsage of job (MB)
	1500000  -  ResidentSetSize of job (KB)
...
006 (674186.000.000) 09/11 10:14:26 Image size of job updated: 17353536
	1465  -  MemoryUsage of job (MB)
	1500000  -  ResidentSetSize of job (KB)
...
006 (674186.000.000) 09/11 10:19:26 Image size of job updated: 18103616
	1465  -  MemoryUsage of job (MB)
	1500000  -  ResidentSetSize of job (KB)
...
006 (674186.000.000) 09/11 10:24:27 Image size of job updated: 18767040
	1465  -  MemoryUsage of job (MB)
	1500000  -  ResidentSetSize of job (KB)
...
006 (674186.000.000) 09/11 10:29:28 Image size of job updated: 19515328
	1465  -  MemoryUsage of job (MB)
	1500000  -  ResidentSetSize of job (KB)
...
006 (674186.000.000) 09/11 10:34:28 Image size of job updated: 20261440
	1465  -  MemoryUsage of job (MB)
	1500000  -  ResidentSetSize of job (KB)
...
006 (674186.000.000) 09/11 10:39:29 Image size of job updated: 21003328
	1465  -  MemoryUsage of job (MB)
	1500000  -  ResidentSetSize of job (KB)
...
006 (674186.000.000) 09/11 10:44:30 Image size of job updated: 21742528
	1465  -  MemoryUsage of job (MB)
	1500000  -  ResidentSetSize of job (KB)
...
006 (674186.000.000) 09/11 10:49:30 Image size of job updated: 22475968
	1465  -  MemoryUsage of job (MB)
	1500000  -  ResidentSetSize of job (KB)
...
006 (674186.000.000) 09/11 10:54:30 Image size of job updated: 23154624
	1465  -  MemoryUsage of job (MB)
	1500000  -  ResidentSetSize of job (KB)
...
006 (674186.000.000) 09/11 10:59:31 Image size of job updated: 23887808
	1465  -  MemoryUsage of job (MB)
	1500000  -  ResidentSetSize of job (KB)
...
006 (674186.000.000) 09/11 11:04:32 Image size of job updated: 24627392
	1465  -  MemoryUsage of job (MB)
	1500000  -  ResidentSetSize of job (KB)
...
006 (674186.000.000) 09/11 11:09:32 Image size of job updated: 25368640
	1465  -  MemoryUsage of job (MB)
	1500000  -  ResidentSetSize of job (KB)
...
006 (674186.000.000) 09/11 11:14:33 Image size of job updated: 26112704
	1465  -  MemoryUsage of job (MB)
	1500000  -  ResidentSetSize of job (KB)
...
006 (674186.000.000) 09/11 11:19:34 Image size of job updated: 26854592
	1465  -  MemoryUsage of job (MB)
	1500000  -  ResidentSetSize of job (KB)
...
006 (674186.000.000) 09/11 11:24:34 Image size of job updated: 27592256
	1465  -  MemoryUsage of job (MB)
	1500000  -  ResidentSetSize of job (KB)
...
006 (674186.000.000) 09/11 11:29:34 Image size of job updated: 28326592
	1465  -  MemoryUsage of job (MB)
	1500000  -  ResidentSetSize of job (KB)
...
006 (674186.000.000) 09/11 11:34:35 Image size of job updated: 29051840
	1465  -  MemoryUsage of job (MB)
	1500000  -  ResidentSetSize of job (KB)
...
006 (674186.000.000) 09/11 11:39:36 Image size of job updated: 29747520
	1465  -  MemoryUsage of job (MB)
	1500000  -  ResidentSetSize of job (KB)
...
006 (674186.000.000) 09/11 11:44:36 Image size of job updated: 30410304
	1465  -  MemoryUsage of job (MB)
	1500000  -  ResidentSetSize of job (KB)
...
006 (674186.000.000) 09/11 11:49:37 Image size of job updated: 31047104
	1465  -  MemoryUsage of job (MB)
	1500000  -  ResidentSetSize of job (KB)
...
006 (674186.000.000) 09/11 11:54:38 Image size of job updated: 31594432
	1465  -  MemoryUsage of job (MB)
	1500000  -  ResidentSetSize of job (KB)
...
006 (674186.000.000) 09/11 11:59:38 Image size of job updated: 32156352
	1465  -  MemoryUsage of job (MB)
	1500000  -  ResidentSetSize of job (KB)
...
006 (674186.000.000) 09/11 12:04:38 Image size of job updated: 32737472
	1465  -  MemoryUsage of job (MB)
	1500000  -  ResidentSetSize of job (KB)
...
006 (674186.000.000) 09/11 12:09:39 Image size of job updated: 33336128
	1465  -  MemoryUsage of job (MB)
	1500000  -  ResidentSetSize of job (KB)
...
006 (674186.000.000) 09/11 12:14:39 Image size of job updated: 33757632
	1465  -  MemoryUsage of job (MB)
	1500000  -  ResidentSetSize of job (KB)
...
006 (674186.000.000) 09/11 12:19:39 Image size of job updated: 34107200
	1465  -  MemoryUsage of job (MB)
	1500000  -  ResidentSetSize of job (KB)
...
006 (674186.000.000) 09/11 12:24:40 Image size of job updated: 34381888
	1465  -  MemoryUsage of job (MB)
	1500000  -  ResidentSetSize of job (KB)
...
006 (674186.000.000) 09/11 12:29:41 Image size of job updated: 34817984
	1465  -  MemoryUsage of job (MB)
	1500000  -  ResidentSetSize of job (KB)
...
006 (674186.000.000) 09/11 12:34:41 Image size of job updated: 35100096
	1465  -  MemoryUsage of job (MB)
	1500000  -  ResidentSetSize of job (KB)
...
006 (674186.000.000) 09/11 12:39:41 Image size of job updated: 35229120
	1465  -  MemoryUsage of job (MB)
	1500000  -  ResidentSetSize of job (KB)
...
006 (674186.000.000) 09/11 12:44:42 Image size of job updated: 35301824
	1465  -  MemoryUsage of job (MB)
	1500000  -  ResidentSetSize of job (KB)
...
006 (674186.000.000) 09/11 12:49:42 Image size of job updated: 35360448
	1465  -  MemoryUsage of job (MB)
	1500000  -  ResidentSetSize of job (KB)
...
006 (674186.000.000) 09/11 12:54:42 Image size of job updated: 35406144
	1465  -  MemoryUsage of job (MB)
	1500000  -  ResidentSetSize of job (KB)
...
006 (674186.000.000) 09/11 12:59:44 Image size of job updated: 35457472
	1465  -  MemoryUsage of job (MB)
	1500000  -  ResidentSetSize of job (KB)
...
006 (674186.000.000) 09/11 13:04:44 Image size of job updated: 35502144
	1465  -  MemoryUsage of job (MB)
	1500000  -  ResidentSetSize of job (KB)
...
006 (674186.000.000) 09/11 13:09:44 Image size of job updated: 35542464
	1465  -  MemoryUsage of job (MB)
	1500000  -  ResidentSetSize of job (KB)
...
006 (674186.000.000) 09/11 13:14:46 Image size of job updated: 35580352
	1465  -  MemoryUsage of job (MB)
	1500000  -  ResidentSetSize of job (KB)
...
006 (674186.000.000) 09/11 13:19:46 Image size of job updated: 35606080
	1465  -  MemoryUsage of job (MB)
	1500000  -  ResidentSetSize of job (KB)
...
006 (674186.000.000) 09/11 13:24:46 Image size of job updated: 35634624
	1465  -  MemoryUsage of job (MB)
	1500000  -  ResidentSetSize of job (KB)
...
006 (674186.000.000) 09/11 13:29:47 Image size of job updated: 35675712
	1465  -  MemoryUsage of job (MB)
	1500000  -  ResidentSetSize of job (KB)
...
006 (674186.000.000) 09/11 13:34:48 Image size of job updated: 35713984
	1465  -  MemoryUsage of job (MB)
	1500000  -  ResidentSetSize of job (KB)
...
006 (674186.000.000) 09/11 13:39:48 Image size of job updated: 35750848
	1465  -  MemoryUsage of job (MB)
	1500000  -  ResidentSetSize of job (KB)
...
006 (674186.000.000) 09/11 13:44:49 Image size of job updated: 35790016
	1465  -  MemoryUsage of job (MB)
	1500000  -  ResidentSetSize of job (KB)
...
006 (674186.000.000) 09/11 13:49:50 Image size of job updated: 35834688
	1465  -  MemoryUsage of job (MB)
	1500000  -  ResidentSetSize of job (KB)
...
006 (674186.000.000) 09/11 13:54:50 Image size of job updated: 35869120
	1465  -  MemoryUsage of job (MB)
	1500000  -  ResidentSetSize of job (KB)
...
006 (674186.000.000) 09/11 13:59:51 Image size of job updated: 35907776
	1465  -  MemoryUsage of job (MB)
	1500000  -  ResidentSetSize of job (KB)
...
006 (674186.000.000) 09/11 14:04:52 Image size of job updated: 35939648
	1465  -  MemoryUsage of job (MB)
	1500000  -  ResidentSetSize of job (KB)
...
006 (674186.000.000) 09/11 14:09:52 Image size of job updated: 35971136
	1465  -  MemoryUsage of job (MB)
	1500000  -  ResidentSetSize of job (KB)
...
006 (674186.000.000) 09/11 14:14:53 Image size of job updated: 36001728
	1465  -  MemoryUsage of job (MB)
	1500000  -  ResidentSetSize of job (KB)
...
006 (674186.000.000) 09/11 14:19:54 Image size of job updated: 36031296
	1465  -  MemoryUsage of job (MB)
	1500000  -  ResidentSetSize of job (KB)
...
006 (674186.000.000) 09/11 14:24:54 Image size of job updated: 36064192
	1465  -  MemoryUsage of job (MB)
	1500000  -  ResidentSetSize of job (KB)
...
006 (674186.000.000) 09/11 14:29:55 Image size of job updated: 36102592
	1465  -  MemoryUsage of job (MB)
	1500000  -  ResidentSetSize of job (KB)
...
006 (674186.000.000) 09/11 14:34:56 Image size of job updated: 36122176
	1465  -  MemoryUsage of job (MB)
	1500000  -  ResidentSetSize of job (KB)
...
006 (674186.000.000) 09/11 14:39:56 Image size of job updated: 36144320
	1465  -  MemoryUsage of job (MB)
	1500000  -  ResidentSetSize of job (KB)
...
006 (674186.000.000) 09/11 14:44:57 Image size of job updated: 36198720
	1465  -  MemoryUsage of job (MB)
	1500000  -  ResidentSetSize of job (KB)
...
006 (674186.000.000) 09/11 14:49:57 Image size of job updated: 36240448
	1465  -  MemoryUsage of job (MB)
	1500000  -  ResidentSetSize of job (KB)
...
006 (674186.000.000) 09/11 14:54:57 Image size of job updated: 36274880
	1465  -  MemoryUsage of job (MB)
	1500000  -  ResidentSetSize of job (KB)
...
006 (674186.000.000) 09/11 14:59:58 Image size of job updated: 36313408
	1465  -  MemoryUsage of job (MB)
	1500000  -  ResidentSetSize of job (KB)
...
006 (674186.000.000) 09/11 15:04:58 Image size of job updated: 36349760
	1465  -  MemoryUsage of job (MB)
	1500000  -  ResidentSetSize of job (KB)
...
006 (674186.000.000) 09/11 15:09:58 Image size of job updated: 36393408
	1465  -  MemoryUsage of job (MB)
	1500000  -  ResidentSetSize of job (KB)
...
006 (674186.000.000) 09/11 15:14:59 Image size of job updated: 36442432
	1465  -  MemoryUsage of job (MB)
	1500000  -  ResidentSetSize of job (KB)
...
006 (674186.000.000) 09/11 15:20:00 Image size of job updated: 36484416
	1465  -  MemoryUsage of job (MB)
	1500000  -  ResidentSetSize of job (KB)
...
006 (674186.000.000) 09/11 15:25:00 Image size of job updated: 36523072
	1465  -  MemoryUsage of job (MB)
	1500000  -  ResidentSetSize of job (KB)
...
006 (674186.000.000) 09/11 15:30:01 Image size of job updated: 36575808
	1465  -  MemoryUsage of job (MB)
	1500000  -  ResidentSetSize of job (KB)
...
006 (674186.000.000) 09/11 15:35:02 Image size of job updated: 36615104
	1465  -  MemoryUsage of job (MB)
	1500000  -  ResidentSetSize of job (KB)
...
006 (674186.000.000) 09/11 15:40:02 Image size of job updated: 36650560
	1465  -  MemoryUsage of job (MB)
	1500000  -  ResidentSetSize of job (KB)
...
006 (674186.000.000) 09/11 15:45:02 Image size of job updated: 36685504
	1465  -  MemoryUsage of job (MB)
	1500000  -  ResidentSetSize of job (KB)
...
006 (674186.000.000) 09/11 15:50:03 Image size of job updated: 36715072
	1465  -  MemoryUsage of job (MB)
	1500000  -  ResidentSetSize of job (KB)
...
006 (674186.000.000) 09/11 15:55:03 Image size of job updated: 36745664
	1465  -  MemoryUsage of job (MB)
	1500000  -  ResidentSetSize of job (KB)
...
006 (674186.000.000) 09/11 16:00:03 Image size of job updated: 36770240
	1465  -  MemoryUsage of job (MB)
	1500000  -  ResidentSetSize of job (KB)
...
006 (674186.000.000) 09/11 16:05:03 Image size of job updated: 36793924
	1465  -  MemoryUsage of job (MB)
	1500000  -  ResidentSetSize of job (KB)
...
006 (674186.000.000) 09/11 16:10:05 Image size of job updated: 36818116
	1465  -  MemoryUsage of job (MB)
	1500000  -  ResidentSetSize of job (KB)
...
006 (674186.000.000) 09/11 16:15:05 Image size of job updated: 36832964
	1465  -  MemoryUsage of job (MB)
	1500000  -  ResidentSetSize of job (KB)
...
006 (674186.000.000) 09/11 16:20:05 Image size of job updated: 36852164
	1465  -  MemoryUsage of job (MB)
	1500000  -  ResidentSetSize of job (KB)
...
006 (674186.000.000) 09/11 16:25:07 Image size of job updated: 36863428
	1465  -  MemoryUsage of job (MB)
	1500000  -  ResidentSetSize of job (KB)
...
006 (674186.000.000) 09/11 16:30:24 Image size of job updated: 36868420
	1465  -  MemoryUsage of job (MB)
	1500000  -  ResidentSetSize of job (KB)
...
006 (674186.000.000) 09/11 16:35:15 Image size of job updated: 36869956
	1465  -  MemoryUsage of job (MB)
	1500000  -  ResidentSetSize of job (KB)
...
006 (674186.000.000) 09/11 16:40:08 Image size of job updated: 36892996
	1465  -  MemoryUsage of job (MB)
	1500000  -  ResidentSetSize of job (KB)
...
006 (674186.000.000) 09/11 16:45:09 Image size of job updated: 36924356
	1465  -  MemoryUsage of job (MB)
	1500000  -  ResidentSetSize of job (KB)
...
006 (674186.000.000) 09/11 16:50:09 Image size of job updated: 36956740
	1465  -  MemoryUsage of job (MB)
	1500000  -  ResidentSetSize of job (KB)
...
006 (674186.000.000) 09/11 16:55:09 Image size of job updated: 36982596
	1465  -  MemoryUsage of job (MB)
	1500000  -  ResidentSetSize of job (KB)
...
006 (674186.000.000) 09/11 17:00:10 Image size of job updated: 37152836
	1465  -  MemoryUsage of job (MB)
	1500000  -  ResidentSetSize of job (KB)
...
006 (674186.000.000) 09/11 17:05:10 Image size of job updated: 37806788
	1465  -  MemoryUsage of job (MB)
	1500000  -  ResidentSetSize of job (KB)
...
006 (674186.000.000) 09/11 17:10:10 Image size of job updated: 38530500
	1465  -  MemoryUsage of job (MB)
	1500000  -  ResidentSetSize of job (KB)
...
006 (674186.000.000) 09/11 17:15:11 Image size of job updated: 39251520
	1465  -  MemoryUsage of job (MB)
	1500000  -  ResidentSetSize of job (KB)
...
006 (674186.000.000) 09/11 17:20:12 Image size of job updated: 39957440
	1465  -  MemoryUsage of job (MB)
	1500000  -  ResidentSetSize of job (KB)
...
006 (674186.000.000) 09/11 17:25:12 Image size of job updated: 40669508
	1465  -  MemoryUsage of job (MB)
	1500000  -  ResidentSetSize of job (KB)
...
006 (674186.000.000) 09/11 17:30:12 Image size of job updated: 41396292
	1465  -  MemoryUsage of job (MB)
	1500000  -  ResidentSetSize of job (KB)
...
006 (674186.000.000) 09/11 17:35:14 Image size of job updated: 42118468
	1465  -  MemoryUsage of job (MB)
	1500000  -  ResidentSetSize of job (KB)
...
006 (674186.000.000) 09/11 17:40:14 Image size of job updated: 42831684
	1465  -  MemoryUsage of job (MB)
	1500000  -  ResidentSetSize of job (KB)
...
006 (674186.000.000) 09/11 17:45:14 Image size of job updated: 43558468
	1465  -  MemoryUsage of job (MB)
	1500000  -  ResidentSetSize of job (KB)
...
006 (674186.000.000) 09/11 17:50:15 Image size of job updated: 44261700
	1465  -  MemoryUsage of job (MB)
	1500000  -  ResidentSetSize of job (KB)
...
006 (674186.000.000) 09/11 17:55:16 Image size of job updated: 44964036
	1465  -  MemoryUsage of job (MB)
	1500000  -  ResidentSetSize of job (KB)
...
006 (674186.000.000) 09/11 18:00:16 Image size of job updated: 45694276
	1465  -  MemoryUsage of job (MB)
	1500000  -  ResidentSetSize of job (KB)
...
006 (674186.000.000) 09/11 18:05:16 Image size of job updated: 46421444
	1465  -  MemoryUsage of job (MB)
	1500000  -  ResidentSetSize of job (KB)
...
006 (674186.000.000) 09/11 18:10:17 Image size of job updated: 47153220
	1465  -  MemoryUsage of job (MB)
	1500000  -  ResidentSetSize of job (KB)
...
006 (674186.000.000) 09/11 18:15:17 Image size of job updated: 47882180
	1465  -  MemoryUsage of job (MB)
	1500000  -  ResidentSetSize of job (KB)
...
006 (674186.000.000) 09/11 18:20:17 Image size of job updated: 48463044
	1465  -  MemoryUsage of job (MB)
	1500000  -  ResidentSetSize of job (KB)
...
006 (674186.000.000) 09/11 18:25:18 Image size of job updated: 49091268
	1465  -  MemoryUsage of job (MB)
	1500000  -  ResidentSetSize of job (KB)
...
006 (674186.000.000) 09/11 18:30:19 Image size of job updated: 49494852
	1465  -  MemoryUsage of job (MB)
	1500000  -  ResidentSetSize of job (KB)
...
006 (674186.000.000) 09/11 18:35:19 Image size of job updated: 49700548
	1465  -  MemoryUsage of job (MB)
	1500000  -  ResidentSetSize of job (KB)
...
006 (674186.000.000) 09/11 18:40:20 Image size of job updated: 49849540
	1465  -  MemoryUsage of job (MB)
	1500000  -  ResidentSetSize of job (KB)
...
006 (674186.000.000) 09/11 18:45:21 Image size of job updated: 49916996
	1465  -  MemoryUsage of job (MB)
	1500000  -  ResidentSetSize of job (KB)
...
006 (674186.000.000) 09/11 18:50:21 Image size of job updated: 49971524
	1465  -  MemoryUsage of job (MB)
	1500000  -  ResidentSetSize of job (KB)
...
006 (674186.000.000) 09/11 18:55:24 Image size of job updated: 50019012
	1465  -  MemoryUsage of job (MB)
	1500000  -  ResidentSetSize of job (KB)
...
006 (674186.000.000) 09/11 19:00:22 Image size of job updated: 50209476
	1465  -  MemoryUsage of job (MB)
	1500000  -  ResidentSetSize of job (KB)
...
006 (674186.000.000) 09/11 19:05:23 Image size of job updated: 50239556
	1465  -  MemoryUsage of job (MB)
	1500000  -  ResidentSetSize of job (KB)
...
006 (674186.000.000) 09/11 19:10:23 Image size of job updated: 50275908
	1465  -  MemoryUsage of job (MB)
	1500000  -  ResidentSetSize of job (KB)
...
006 (674186.000.000) 09/11 19:15:24 Image size of job updated: 50320068
	1465  -  MemoryUsage of job (MB)
	1500000  -  ResidentSetSize of job (KB)
...
006 (674186.000.000) 09/11 19:20:25 Image size of job updated: 50348100
	1465  -  MemoryUsage of job (MB)
	1500000  -  ResidentSetSize of job (KB)
...
006 (674186.000.000) 09/11 19:25:25 Image size of job updated: 50374980
	1465  -  MemoryUsage of job (MB)
	1500000  -  ResidentSetSize of job (KB)
...
006 (674186.000.000) 09/11 19:30:25 Image size of job updated: 50400196
	1465  -  MemoryUsage of job (MB)
	1500000  -  ResidentSetSize of job (KB)
...
006 (674186.000.000) 09/11 19:35:26 Image size of job updated: 50431044
	1465  -  MemoryUsage of job (MB)
	1500000  -  ResidentSetSize of job (KB)
...
006 (674186.000.000) 09/11 19:40:26 Image size of job updated: 50474052
	1465  -  MemoryUsage of job (MB)
	1500000  -  ResidentSetSize of job (KB)
...
006 (674186.000.000) 09/11 19:45:27 Image size of job updated: 50511940
	1465  -  MemoryUsage of job (MB)
	1500000  -  ResidentSetSize of job (KB)
...
006 (674186.000.000) 09/11 19:50:28 Image size of job updated: 50537412
	1465  -  MemoryUsage of job (MB)
	1500000  -  ResidentSetSize of job (KB)
...
006 (674186.000.000) 09/11 19:55:28 Image size of job updated: 50568388
	1465  -  MemoryUsage of job (MB)
	1500000  -  ResidentSetSize of job (KB)
...
006 (674186.000.000) 09/11 20:00:28 Image size of job updated: 50589636
	1465  -  MemoryUsage of job (MB)
	1500000  -  ResidentSetSize of job (KB)
...
006 (674186.000.000) 09/11 20:05:29 Image size of job updated: 50617668
	1465  -  MemoryUsage of job (MB)
	1500000  -  ResidentSetSize of job (KB)
...
006 (674186.000.000) 09/11 20:10:29 Image size of job updated: 50646980
	1465  -  MemoryUsage of job (MB)
	1500000  -  ResidentSetSize of job (KB)
...
006 (674186.000.000) 09/11 20:15:29 Image size of job updated: 50672324
	1465  -  MemoryUsage of job (MB)
	1500000  -  ResidentSetSize of job (KB)
...
006 (674186.000.000) 09/11 20:20:30 Image size of job updated: 50685124
	1465  -  MemoryUsage of job (MB)
	1500000  -  ResidentSetSize of job (KB)
...
006 (674186.000.000) 09/11 20:25:30 Image size of job updated: 50707396
	1465  -  MemoryUsage of job (MB)
	1500000  -  ResidentSetSize of job (KB)
...
006 (674186.000.000) 09/11 20:30:33 Image size of job updated: 50724676
	1465  -  MemoryUsage of job (MB)
	1500000  -  ResidentSetSize of job (KB)
...
006 (674186.000.000) 09/11 20:35:32 Image size of job updated: 50745924
	1465  -  MemoryUsage of job (MB)
	1500000  -  ResidentSetSize of job (KB)
...
006 (674186.000.000) 09/11 20:40:32 Image size of job updated: 50776132
	1465  -  MemoryUsage of job (MB)
	1500000  -  ResidentSetSize of job (KB)
...
006 (674186.000.000) 09/11 20:45:33 Image size of job updated: 50826308
	1465  -  MemoryUsage of job (MB)
	1500000  -  ResidentSetSize of job (KB)
...
006 (674186.000.000) 09/11 20:50:33 Image size of job updated: 50868420
	1465  -  MemoryUsage of job (MB)
	1500000  -  ResidentSetSize of job (KB)
...
006 (674186.000.000) 09/11 20:55:33 Image size of job updated: 50931780
	1465  -  MemoryUsage of job (MB)
	1500000  -  ResidentSetSize of job (KB)
...
006 (674186.000.000) 09/11 21:00:35 Image size of job updated: 50996932
	1465  -  MemoryUsage of job (MB)
	1500000  -  ResidentSetSize of job (KB)
...
006 (674186.000.000) 09/11 21:05:34 Image size of job updated: 51029828
	1465  -  MemoryUsage of job (MB)
	1500000  -  ResidentSetSize of job (KB)
...
006 (674186.000.000) 09/11 21:10:34 Image size of job updated: 51052612
	1465  -  MemoryUsage of job (MB)
	1500000  -  ResidentSetSize of job (KB)
...
006 (674186.000.000) 09/11 21:15:35 Image size of job updated: 51072196
	1465  -  MemoryUsage of job (MB)
	1500000  -  ResidentSetSize of job (KB)
...
006 (674186.000.000) 09/11 21:20:36 Image size of job updated: 51084612
	1465  -  MemoryUsage of job (MB)
	1500000  -  ResidentSetSize of job (KB)
...
006 (674186.000.000) 09/11 21:25:36 Image size of job updated: 51099716
	1465  -  MemoryUsage of job (MB)
	1500000  -  ResidentSetSize of job (KB)
...
006 (674186.000.000) 09/11 21:30:38 Image size of job updated: 51119556
	1465  -  MemoryUsage of job (MB)
	1500000  -  ResidentSetSize of job (KB)
...
006 (674186.000.000) 09/11 21:35:38 Image size of job updated: 51141700
	1465  -  MemoryUsage of job (MB)
	1500000  -  ResidentSetSize of job (KB)
...
006 (674186.000.000) 09/11 21:40:37 Image size of job updated: 51167044
	1465  -  MemoryUsage of job (MB)
	1500000  -  ResidentSetSize of job (KB)
...
006 (674186.000.000) 09/11 21:45:37 Image size of job updated: 51182276
	1465  -  MemoryUsage of job (MB)
	1500000  -  ResidentSetSize of job (KB)
...
006 (674186.000.000) 09/11 21:50:38 Image size of job updated: 51195588
	1465  -  MemoryUsage of job (MB)
	1500000  -  ResidentSetSize of job (KB)
...
006 (674186.000.000) 09/11 21:55:38 Image size of job updated: 51206340
	1465  -  MemoryUsage of job (MB)
	1500000  -  ResidentSetSize of job (KB)
...
006 (674186.000.000) 09/11 22:00:38 Image size of job updated: 51221316
	1465  -  MemoryUsage of job (MB)
	1500000  -  ResidentSetSize of job (KB)
...
006 (674186.000.000) 09/11 22:05:39 Image size of job updated: 51241668
	1465  -  MemoryUsage of job (MB)
	1500000  -  ResidentSetSize of job (KB)
...
006 (674186.000.000) 09/11 22:10:39 Image size of job updated: 51258692
	1465  -  MemoryUsage of job (MB)
	1500000  -  ResidentSetSize of job (KB)
...
006 (674186.000.000) 09/11 22:15:39 Image size of job updated: 51273028
	1465  -  MemoryUsage of job (MB)
	1500000  -  ResidentSetSize of job (KB)
...
006 (674186.000.000) 09/11 22:20:42 Image size of job updated: 51284932
	1465  -  MemoryUsage of job (MB)
	1500000  -  ResidentSetSize of job (KB)
...
006 (674186.000.000) 09/11 22:25:41 Image size of job updated: 51298628
	1465  -  MemoryUsage of job (MB)
	1500000  -  ResidentSetSize of job (KB)
...
006 (674186.000.000) 09/11 22:30:41 Image size of job updated: 51325508
	1465  -  MemoryUsage of job (MB)
	1500000  -  ResidentSetSize of job (KB)
...
006 (674186.000.000) 09/11 22:35:43 Image size of job updated: 51367236
	1465  -  MemoryUsage of job (MB)
	1500000  -  ResidentSetSize of job (KB)
...
006 (674186.000.000) 09/11 22:40:43 Image size of job updated: 51433924
	1465  -  MemoryUsage of job (MB)
	1500000  -  ResidentSetSize of job (KB)
...
006 (674186.000.000) 09/11 22:45:43 Image size of job updated: 51467076
	1465  -  MemoryUsage of job (MB)
	1500000  -  ResidentSetSize of job (KB)
...
006 (674186.000.000) 09/11 22:50:44 Image size of job updated: 51481668
	1465  -  MemoryUsage of job (MB)
	1500000  -  ResidentSetSize of job (KB)
...
006 (674186.000.000) 09/11 22:55:45 Image size of job updated: 51493060
	1465  -  MemoryUsage of job (MB)
	1500000  -  ResidentSetSize of job (KB)
...
006 (674186.000.000) 09/11 23:00:46 Image size of job updated: 51507780
	1465  -  MemoryUsage of job (MB)
	1500000  -  ResidentSetSize of job (KB)
...
006 (674186.000.000) 09/11 23:05:46 Image size of job updated: 51516868
	1465  -  MemoryUsage of job (MB)
	1500000  -  ResidentSetSize of job (KB)
...
006 (674186.000.000) 09/11 23:10:46 Image size of job updated: 51526724
	1465  -  MemoryUsage of job (MB)
	1500000  -  ResidentSetSize of job (KB)
...
006 (674186.000.000) 09/11 23:15:47 Image size of job updated: 51536836
	1465  -  MemoryUsage of job (MB)
	1500000  -  ResidentSetSize of job (KB)
...
006 (674186.000.000) 09/11 23:20:48 Image size of job updated: 51546052
	1465  -  MemoryUsage of job (MB)
	1500000  -  ResidentSetSize of job (KB)
...
006 (674186.000.000) 09/11 23:25:48 Image size of job updated: 51553476
	1465  -  MemoryUsage of job (MB)
	1500000  -  ResidentSetSize of job (KB)
...
006 (674186.000.000) 09/11 23:30:48 Image size of job updated: 51563844
	1465  -  MemoryUsage of job (MB)
	1500000  -  ResidentSetSize of job (KB)
...
006 (674186.000.000) 09/11 23:35:50 Image size of job updated: 51573316
	1465  -  MemoryUsage of job (MB)
	1500000  -  ResidentSetSize of job (KB)
...
006 (674186.000.000) 09/11 23:40:50 Image size of job updated: 51587652
	1465  -  MemoryUsage of job (MB)
	1500000  -  ResidentSetSize of job (KB)
...
006 (674186.000.000) 09/11 23:45:50 Image size of job updated: 51605316
	1465  -  MemoryUsage of job (MB)
	1500000  -  ResidentSetSize of job (KB)
...
006 (674186.000.000) 09/11 23:50:51 Image size of job updated: 51626820
	1465  -  MemoryUsage of job (MB)
	1500000  -  ResidentSetSize of job (KB)
...
006 (674186.000.000) 09/11 23:55:51 Image size of job updated: 51642564
	1465  -  MemoryUsage of job (MB)
	1500000  -  ResidentSetSize of job (KB)
...
006 (674186.000.000) 09/12 00:00:52 Image size of job updated: 51663812
	1465  -  MemoryUsage of job (MB)
	1500000  -  ResidentSetSize of job (KB)
...
006 (674186.000.000) 09/12 00:06:01 Image size of job updated: 51699780
	1465  -  MemoryUsage of job (MB)
	1500000  -  ResidentSetSize of job (KB)
...
006 (674186.000.000) 09/12 00:10:53 Image size of job updated: 51728452
	1465  -  MemoryUsage of job (MB)
	1500000  -  ResidentSetSize of job (KB)
...
006 (674186.000.000) 09/12 00:15:53 Image size of job updated: 51750852
	1465  -  MemoryUsage of job (MB)
	1500000  -  ResidentSetSize of job (KB)
...
006 (674186.000.000) 09/12 00:20:54 Image size of job updated: 51766340
	1465  -  MemoryUsage of job (MB)
	1500000  -  ResidentSetSize of job (KB)
...
006 (674186.000.000) 09/12 00:25:56 Image size of job updated: 51784132
	1465  -  MemoryUsage of job (MB)
	1500000  -  ResidentSetSize of job (KB)
...
006 (674186.000.000) 09/12 00:30:55 Image size of job updated: 51802308
	1465  -  MemoryUsage of job (MB)
	1500000  -  ResidentSetSize of job (KB)
...
006 (674186.000.000) 09/12 00:35:56 Image size of job updated: 51816644
	1465  -  MemoryUsage of job (MB)
	1500000  -  ResidentSetSize of job (KB)
...
006 (674186.000.000) 09/12 00:40:57 Image size of job updated: 51830980
	1465  -  MemoryUsage of job (MB)
	1500000  -  ResidentSetSize of job (KB)
...
006 (674186.000.000) 09/12 00:45:57 Image size of job updated: 51849796
	1465  -  MemoryUsage of job (MB)
	1500000  -  ResidentSetSize of job (KB)
...
006 (674186.000.000) 09/12 00:50:57 Image size of job updated: 51870916
	1465  -  MemoryUsage of job (MB)
	1500000  -  ResidentSetSize of job (KB)
...
006 (674186.000.000) 09/12 00:55:58 Image size of job updated: 51886660
	1465  -  MemoryUsage of job (MB)
	1500000  -  ResidentSetSize of job (KB)
...
006 (674186.000.000) 09/12 01:00:57 Image size of job updated: 51915332
	1465  -  MemoryUsage of job (MB)
	1500000  -  ResidentSetSize of job (KB)
...
006 (674186.000.000) 09/12 01:05:58 Image size of job updated: 51957188
	1465  -  MemoryUsage of job (MB)
	1500000  -  ResidentSetSize of job (KB)
...
006 (674186.000.000) 09/12 01:10:58 Image size of job updated: 51999940
	1465  -  MemoryUsage of job (MB)
	1500000  -  ResidentSetSize of job (KB)
...
006 (674186.000.000) 09/12 01:15:59 Image size of job updated: 52089540
	1465  -  MemoryUsage of job (MB)
	1500000  -  ResidentSetSize of job (KB)
...
006 (674186.000.000) 09/12 01:21:00 Image size of job updated: 52132292
	1465  -  MemoryUsage of job (MB)
	1500000  -  ResidentSetSize of job (KB)
...
006 (674186.000.000) 09/12 01:26:00 Image size of job updated: 52166724
	1465  -  MemoryUsage of job (MB)
	1500000  -  ResidentSetSize of job (KB)
...
006 (674186.000.000) 09/12 01:31:00 Image size of job updated: 52275140
	1465  -  MemoryUsage of job (MB)
	1500000  -  ResidentSetSize of job (KB)
...
006 (674186.000.000) 09/12 01:36:01 Image size of job updated: 52547908
	1465  -  MemoryUsage of job (MB)
	1500000  -  ResidentSetSize of job (KB)
...
006 (674186.000.000) 09/12 01:41:02 Image size of job updated: 53257284
	1465  -  MemoryUsage of job (MB)
	1500000  -  ResidentSetSize of job (KB)
...
006 (674186.000.000) 09/12 01:46:02 Image size of job updated: 53987908
	1465  -  MemoryUsage of job (MB)
	1500000  -  ResidentSetSize of job (KB)
...
006 (674186.000.000) 09/12 01:51:03 Image size of job updated: 54684228
	1465  -  MemoryUsage of job (MB)
	1500000  -  ResidentSetSize of job (KB)
...
006 (674186.000.000) 09/12 01:56:04 Image size of job updated: 55390916
	1465  -  MemoryUsage of job (MB)
	1500000  -  ResidentSetSize of job (KB)
...
006 (674186.000.000) 09/12 02:01:04 Image size of job updated: 56128196
	1465  -  MemoryUsage of job (MB)
	1500000  -  ResidentSetSize of job (KB)
...
006 (674186.000.000) 09/12 02:06:04 Image size of job updated: 56833224
	1465  -  MemoryUsage of job (MB)
	1500000  -  ResidentSetSize of job (KB)
...
006 (674186.000.000) 09/12 02:11:05 Image size of job updated: 57533128
	1465  -  MemoryUsage of job (MB)
	1500000  -  ResidentSetSize of job (KB)
...
006 (674186.000.000) 09/12 02:16:06 Image size of job updated: 58231624
	1465  -  MemoryUsage of job (MB)
	1500000  -  ResidentSetSize of job (KB)
...
006 (674186.000.000) 09/12 02:21:06 Image size of job updated: 58885704
	1465  -  MemoryUsage of job (MB)
	1500000  -  ResidentSetSize of job (KB)
...
006 (674186.000.000) 09/12 02:26:07 Image size of job updated: 59552328
	1465  -  MemoryUsage of job (MB)
	1500000  -  ResidentSetSize of job (KB)
...
006 (674186.000.000) 09/12 02:31:08 Image size of job updated: 60272968
	1465  -  MemoryUsage of job (MB)
	1500000  -  ResidentSetSize of job (KB)
...
006 (674186.000.000) 09/12 02:36:08 Image size of job updated: 60994252
	1465  -  MemoryUsage of job (MB)
	1500000  -  ResidentSetSize of job (KB)
...
006 (674186.000.000) 09/12 02:41:08 Image size of job updated: 61719116
	1465  -  MemoryUsage of job (MB)
	1500000  -  ResidentSetSize of job (KB)
...
006 (674186.000.000) 09/12 02:46:09 Image size of job updated: 62413260
	1465  -  MemoryUsage of job (MB)
	1500000  -  ResidentSetSize of job (KB)
...
006 (674186.000.000) 09/12 02:51:09 Image size of job updated: 63107276
	1465  -  MemoryUsage of job (MB)
	1500000  -  ResidentSetSize of job (KB)
...
006 (674186.000.000) 09/12 02:56:09 Image size of job updated: 63809872
	1465  -  MemoryUsage of job (MB)
	1500000  -  ResidentSetSize of job (KB)
...
006 (674186.000.000) 09/12 03:01:11 Image size of job updated: 64538960
	1465  -  MemoryUsage of job (MB)
	1500000  -  ResidentSetSize of job (KB)
...
006 (674186.000.000) 09/12 03:06:11 Image size of job updated: 65287120
	1465  -  MemoryUsage of job (MB)
	1500000  -  ResidentSetSize of job (KB)
...
006 (674186.000.000) 09/12 03:11:11 Image size of job updated: 65984976
	1465  -  MemoryUsage of job (MB)
	1500000  -  ResidentSetSize of job (KB)
...
006 (674186.000.000) 09/12 03:16:12 Image size of job updated: 66711248
	1465  -  MemoryUsage of job (MB)
	1500000  -  ResidentSetSize of job (KB)
...
006 (674186.000.000) 09/12 03:21:13 Image size of job updated: 67415376
	1465  -  MemoryUsage of job (MB)
	1500000  -  ResidentSetSize of job (KB)
...
006 (674186.000.000) 09/12 03:26:13 Image size of job updated: 68162896
	1465  -  MemoryUsage of job (MB)
	1500000  -  ResidentSetSize of job (KB)
...
006 (674186.000.000) 09/12 03:31:13 Image size of job updated: 68884048
	1465  -  MemoryUsage of job (MB)
	1500000  -  ResidentSetSize of job (KB)
...
006 (674186.000.000) 09/12 03:36:14 Image size of job updated: 69559120
	1465  -  MemoryUsage of job (MB)
	1500000  -  ResidentSetSize of job (KB)
...
006 (674186.000.000) 09/12 03:41:14 Image size of job updated: 70194256
	1465  -  MemoryUsage of job (MB)
	1500000  -  ResidentSetSize of job (KB)
...
006 (674186.000.000) 09/12 03:46:14 Image size of job updated: 70869840
	1465  -  MemoryUsage of job (MB)
	1500000  -  ResidentSetSize of job (KB)
...
006 (674186.000.000) 09/12 03:51:15 Image size of job updated: 71492048
	1465  -  MemoryUsage of job (MB)
	1500000  -  ResidentSetSize of job (KB)
...
006 (674186.000.000) 09/12 03:56:16 Image size of job updated: 72109520
	1465  -  MemoryUsage of job (MB)
	1500000  -  ResidentSetSize of job (KB)
...
006 (674186.000.000) 09/12 04:01:16 Image size of job updated: 72542800
	1465  -  MemoryUsage of job (MB)
	1500000  -  ResidentSetSize of job (KB)
...
006 (674186.000.000) 09/12 04:06:17 Image size of job updated: 73197008
	1465  -  MemoryUsage of job (MB)
	1500000  -  ResidentSetSize of job (KB)
...
006 (674186.000.000) 09/12 04:11:18 Image size of job updated: 73866192
	1465  -  MemoryUsage of job (MB)
	1500000  -  ResidentSetSize of job (KB)
...
006 (674186.000.000) 09/12 04:16:19 Image size of job updated: 74538448
	1465  -  MemoryUsage of job (MB)
	1500000  -  ResidentSetSize of job (KB)
...
006 (674186.000.000) 09/12 04:21:18 Image size of job updated: 75128272
	1465  -  MemoryUsage of job (MB)
	1500000  -  ResidentSetSize of job (KB)
...
006 (674186.000.000) 09/12 04:26:19 Image size of job updated: 75783504
	1465  -  MemoryUsage of job (MB)
	1500000  -  ResidentSetSize of job (KB)
...
006 (674186.000.000) 09/12 04:31:19 Image size of job updated: 76460240
	1465  -  MemoryUsage of job (MB)
	1500000  -  ResidentSetSize of job (KB)
...
006 (674186.000.000) 09/12 04:36:19 Image size of job updated: 77124304
	1465  -  MemoryUsage of job (MB)
	1500000  -  ResidentSetSize of job (KB)
...
006 (674186.000.000) 09/12 04:41:19 Image size of job updated: 77724368
	1465  -  MemoryUsage of job (MB)
	1500000  -  ResidentSetSize of job (KB)
...
006 (674186.000.000) 09/12 04:46:19 Image size of job updated: 78389496
	1465  -  MemoryUsage of job (MB)
	1500000  -  ResidentSetSize of job (KB)
...
006 (674186.000.000) 09/12 04:48:48 Image size of job updated: 78733092
	1465  -  MemoryUsage of job (MB)
	1500000  -  ResidentSetSize of job (KB)
...
005 (674186.000.000) 09/12 04:48:48 Job terminated.
	(1) Normal termination (return value 0)
		Usr 0 00:00:00, Sys 0 00:00:00  -  Run Remote Usage
		Usr 0 00:00:00, Sys 0 00:00:00  -  Run Local Usage
		Usr 0 00:00:00, Sys 0 00:00:00  -  Total Remote Usage
		Usr 0 00:00:00, Sys 0 00:00:00  -  Total Local Usage
	0  -  Run Bytes Sent By Job
	0  -  Run Bytes Received By Job
	0  -  Total Bytes Sent By Job
	0  -  Total Bytes Received By Job
	Partitionable Resources :    Usage  Request Allocated 
	   Cpus                 :     1.00        1         1 
	   Disk (KB)            :   150         150     20024 
	   Gpus                 :                           0 
	   Memory (MB)          :  1465        1465      1536 
...
000 (674269.000.000) 09/12 12:31:32 Job submitted from host: <140.160.143.130:9618?addrs=140.160.143.130-9618&noUDP&sock=5591_da80_4>
...
