000 (674168.000.000) 09/10 13:10:36 Job submitted from host: <140.160.143.130:9618?addrs=140.160.143.130-9618&noUDP&sock=5591_da80_4>
...
001 (674168.000.000) 09/10 13:10:42 Job executing on host: <140.160.143.155:9618?addrs=140.160.143.155-9618&noUDP&sock=4483_db90_3>
...
006 (674168.000.000) 09/10 13:10:50 Image size of job updated: 19032
	19  -  MemoryUsage of job (MB)
	19032  -  ResidentSetSize of job (KB)
...
006 (674168.000.000) 09/10 13:11:36 Image size of job updated: 19032
	19  -  MemoryUsage of job (MB)
	19040  -  ResidentSetSize of job (KB)
...
005 (674168.000.000) 09/10 13:11:36 Job terminated.
	(1) Normal termination (return value 0)
		Usr 0 00:00:52, Sys 0 00:00:00  -  Run Remote Usage
		Usr 0 00:00:00, Sys 0 00:00:00  -  Run Local Usage
		Usr 0 00:00:52, Sys 0 00:00:00  -  Total Remote Usage
		Usr 0 00:00:00, Sys 0 00:00:00  -  Total Local Usage
	0  -  Run Bytes Sent By Job
	0  -  Run Bytes Received By Job
	0  -  Total Bytes Sent By Job
	0  -  Total Bytes Received By Job
	Partitionable Resources :    Usage  Request Allocated 
	   Cpus                 :     1.00        1         1 
	   Disk (KB)            :   150         150     17594 
	   Memory (MB)          :    19           1       128 
...
000 (674169.000.000) 09/10 13:38:31 Job submitted from host: <140.160.143.130:9618?addrs=140.160.143.130-9618&noUDP&sock=5591_da80_4>
...
001 (674169.000.000) 09/10 13:38:46 Job executing on host: <140.160.143.155:9618?addrs=140.160.143.155-9618&noUDP&sock=4483_db90_3>
...
006 (674169.000.000) 09/10 13:38:55 Image size of job updated: 23300
	23  -  MemoryUsage of job (MB)
	23300  -  ResidentSetSize of job (KB)
...
006 (674169.000.000) 09/10 13:39:39 Image size of job updated: 230844
	23  -  MemoryUsage of job (MB)
	23308  -  ResidentSetSize of job (KB)
...
005 (674169.000.000) 09/10 13:39:39 Job terminated.
	(1) Normal termination (return value 0)
		Usr 0 00:00:25, Sys 0 00:00:00  -  Run Remote Usage
		Usr 0 00:00:00, Sys 0 00:00:00  -  Run Local Usage
		Usr 0 00:00:25, Sys 0 00:00:00  -  Total Remote Usage
		Usr 0 00:00:00, Sys 0 00:00:00  -  Total Local Usage
	0  -  Run Bytes Sent By Job
	0  -  Run Bytes Received By Job
	0  -  Total Bytes Sent By Job
	0  -  Total Bytes Received By Job
	Partitionable Resources :    Usage  Request Allocated 
	   Cpus                 :        0        1         1 
	   Disk (KB)            :      150      150     17594 
	   Memory (MB)          :       23        1       128 
...
000 (674170.000.000) 09/10 13:41:39 Job submitted from host: <140.160.143.130:9618?addrs=140.160.143.130-9618&noUDP&sock=5591_da80_4>
...
001 (674170.000.000) 09/10 13:41:49 Job executing on host: <140.160.143.155:9618?addrs=140.160.143.155-9618&noUDP&sock=4483_db90_3>
...
006 (674170.000.000) 09/10 13:41:58 Image size of job updated: 22720
	23  -  MemoryUsage of job (MB)
	22720  -  ResidentSetSize of job (KB)
...
005 (674170.000.000) 09/10 13:42:47 Job terminated.
	(1) Normal termination (return value 0)
		Usr 0 00:00:57, Sys 0 00:00:00  -  Run Remote Usage
		Usr 0 00:00:00, Sys 0 00:00:00  -  Run Local Usage
		Usr 0 00:00:57, Sys 0 00:00:00  -  Total Remote Usage
		Usr 0 00:00:00, Sys 0 00:00:00  -  Total Local Usage
	0  -  Run Bytes Sent By Job
	0  -  Run Bytes Received By Job
	0  -  Total Bytes Sent By Job
	0  -  Total Bytes Received By Job
	Partitionable Resources :    Usage  Request Allocated 
	   Cpus                 :        0        1         1 
	   Disk (KB)            :      150      150     17594 
	   Memory (MB)          :       23        1       128 
...
