000 (674047.000.000) 09/06 11:59:27 Job submitted from host: <140.160.143.130:9618?addrs=140.160.143.130-9618&noUDP&sock=5480_8b22_11>
...
012 (674047.000.000) 09/06 15:58:03 Job was held.
	via condor_hold (by user condor)
	Code 1 Subcode 0
...
013 (674047.000.000) 09/09 09:30:28 Job was released.
	via condor_release (by user condor)
...
001 (674047.000.000) 09/09 10:00:29 Job executing on host: <140.160.143.152:9618?addrs=140.160.143.152-9618&noUDP&sock=4519_8cf9_3>
...
006 (674047.000.000) 09/09 10:00:38 Image size of job updated: 14844
	15  -  MemoryUsage of job (MB)
	14364  -  ResidentSetSize of job (KB)
...
006 (674047.000.000) 09/09 10:05:39 Image size of job updated: 534564
	522  -  MemoryUsage of job (MB)
	534084  -  ResidentSetSize of job (KB)
...
006 (674047.000.000) 09/09 10:10:40 Image size of job updated: 1039652
	1015  -  MemoryUsage of job (MB)
	1039172  -  ResidentSetSize of job (KB)
...
006 (674047.000.000) 09/09 10:15:40 Image size of job updated: 1547056
	1511  -  MemoryUsage of job (MB)
	1546576  -  ResidentSetSize of job (KB)
...
006 (674047.000.000) 09/09 10:20:40 Image size of job updated: 2047824
	2000  -  MemoryUsage of job (MB)
	2047344  -  ResidentSetSize of job (KB)
...
006 (674047.000.000) 09/09 10:25:42 Image size of job updated: 2398292
	2342  -  MemoryUsage of job (MB)
	2397812  -  ResidentSetSize of job (KB)
...
005 (674047.000.000) 09/09 11:59:26 Job terminated.
	(1) Normal termination (return value 0)
		Usr 0 00:28:42, Sys 0 00:17:51  -  Run Remote Usage
		Usr 0 00:00:00, Sys 0 00:00:00  -  Run Local Usage
		Usr 0 00:28:42, Sys 0 00:17:51  -  Total Remote Usage
		Usr 0 00:00:00, Sys 0 00:00:00  -  Total Local Usage
	0  -  Run Bytes Sent By Job
	0  -  Run Bytes Received By Job
	0  -  Total Bytes Sent By Job
	0  -  Total Bytes Received By Job
	Partitionable Resources :    Usage  Request Allocated 
	   Cpus                 :     1.98        2         2 
	   Disk (KB)            :   150         150     17651 
	   Memory (MB)          :  2342           1       128 
...
000 (674190.000.000) 09/10 13:41:39 Job submitted from host: <140.160.143.130:9618?addrs=140.160.143.130-9618&noUDP&sock=5591_da80_4>
...
012 (674190.000.000) 09/10 17:20:55 Job was held.
	via condor_hold (by user condor)
	Code 1 Subcode 0
...
013 (674190.000.000) 09/11 08:18:19 Job was released.
	via condor_release (by user condor)
...
001 (674190.000.000) 09/11 08:19:07 Job executing on host: <140.160.143.150:9618?addrs=140.160.143.150-9618&noUDP&sock=4797_3c4d_3>
...
006 (674190.000.000) 09/11 08:19:16 Image size of job updated: 111036
	0  -  MemoryUsage of job (MB)
	0  -  ResidentSetSize of job (KB)
...
006 (674190.000.000) 09/11 08:24:17 Image size of job updated: 866364
	0  -  MemoryUsage of job (MB)
	0  -  ResidentSetSize of job (KB)
...
006 (674190.000.000) 09/11 08:29:17 Image size of job updated: 1610940
	0  -  MemoryUsage of job (MB)
	0  -  ResidentSetSize of job (KB)
...
006 (674190.000.000) 09/11 08:34:17 Image size of job updated: 2368828
	0  -  MemoryUsage of job (MB)
	0  -  ResidentSetSize of job (KB)
...
006 (674190.000.000) 09/11 08:39:18 Image size of job updated: 3132604
	0  -  MemoryUsage of job (MB)
	0  -  ResidentSetSize of job (KB)
...
006 (674190.000.000) 09/11 08:44:18 Image size of job updated: 3906108
	0  -  MemoryUsage of job (MB)
	0  -  ResidentSetSize of job (KB)
...
006 (674190.000.000) 09/11 08:49:18 Image size of job updated: 4674620
	0  -  MemoryUsage of job (MB)
	0  -  ResidentSetSize of job (KB)
...
006 (674190.000.000) 09/11 08:54:19 Image size of job updated: 5404092
	0  -  MemoryUsage of job (MB)
	0  -  ResidentSetSize of job (KB)
...
006 (674190.000.000) 09/11 08:59:20 Image size of job updated: 6160956
	0  -  MemoryUsage of job (MB)
	0  -  ResidentSetSize of job (KB)
...
006 (674190.000.000) 09/11 09:04:20 Image size of job updated: 6924476
	0  -  MemoryUsage of job (MB)
	0  -  ResidentSetSize of job (KB)
...
006 (674190.000.000) 09/11 09:09:21 Image size of job updated: 7682620
	0  -  MemoryUsage of job (MB)
	0  -  ResidentSetSize of job (KB)
...
006 (674190.000.000) 09/11 09:14:22 Image size of job updated: 8427580
	0  -  MemoryUsage of job (MB)
	0  -  ResidentSetSize of job (KB)
...
006 (674190.000.000) 09/11 09:19:22 Image size of job updated: 9174204
	0  -  MemoryUsage of job (MB)
	0  -  ResidentSetSize of job (KB)
...
006 (674190.000.000) 09/11 09:24:22 Image size of job updated: 9917244
	0  -  MemoryUsage of job (MB)
	0  -  ResidentSetSize of job (KB)
...
006 (674190.000.000) 09/11 09:29:23 Image size of job updated: 10671932
	0  -  MemoryUsage of job (MB)
	0  -  ResidentSetSize of job (KB)
...
006 (674190.000.000) 09/11 09:34:24 Image size of job updated: 11409340
	0  -  MemoryUsage of job (MB)
	0  -  ResidentSetSize of job (KB)
...
006 (674190.000.000) 09/11 09:39:24 Image size of job updated: 12147904
	0  -  MemoryUsage of job (MB)
	0  -  ResidentSetSize of job (KB)
...
006 (674190.000.000) 09/11 09:44:25 Image size of job updated: 12905792
	0  -  MemoryUsage of job (MB)
	0  -  ResidentSetSize of job (KB)
...
006 (674190.000.000) 09/11 09:49:26 Image size of job updated: 13640512
	0  -  MemoryUsage of job (MB)
	0  -  ResidentSetSize of job (KB)
...
006 (674190.000.000) 09/11 09:54:26 Image size of job updated: 14350016
	0  -  MemoryUsage of job (MB)
	0  -  ResidentSetSize of job (KB)
...
006 (674190.000.000) 09/11 09:59:26 Image size of job updated: 15100096
	0  -  MemoryUsage of job (MB)
	0  -  ResidentSetSize of job (KB)
...
006 (674190.000.000) 09/11 10:04:27 Image size of job updated: 15857216
	0  -  MemoryUsage of job (MB)
	0  -  ResidentSetSize of job (KB)
...
006 (674190.000.000) 09/11 10:09:28 Image size of job updated: 16596544
	0  -  MemoryUsage of job (MB)
	0  -  ResidentSetSize of job (KB)
...
006 (674190.000.000) 09/11 10:14:28 Image size of job updated: 17339456
	0  -  MemoryUsage of job (MB)
	0  -  ResidentSetSize of job (KB)
...
006 (674190.000.000) 09/11 10:19:29 Image size of job updated: 18069184
	0  -  MemoryUsage of job (MB)
	0  -  ResidentSetSize of job (KB)
...
006 (674190.000.000) 09/11 10:24:30 Image size of job updated: 18741312
	0  -  MemoryUsage of job (MB)
	0  -  ResidentSetSize of job (KB)
...
006 (674190.000.000) 09/11 10:29:30 Image size of job updated: 19478208
	0  -  MemoryUsage of job (MB)
	0  -  ResidentSetSize of job (KB)
...
006 (674190.000.000) 09/11 10:34:31 Image size of job updated: 20220992
	0  -  MemoryUsage of job (MB)
	0  -  ResidentSetSize of job (KB)
...
006 (674190.000.000) 09/11 10:39:32 Image size of job updated: 20955840
	0  -  MemoryUsage of job (MB)
	0  -  ResidentSetSize of job (KB)
...
006 (674190.000.000) 09/11 10:44:32 Image size of job updated: 21727552
	0  -  MemoryUsage of job (MB)
	0  -  ResidentSetSize of job (KB)
...
006 (674190.000.000) 09/11 10:49:32 Image size of job updated: 22420800
	0  -  MemoryUsage of job (MB)
	0  -  ResidentSetSize of job (KB)
...
006 (674190.000.000) 09/11 10:54:33 Image size of job updated: 23086528
	0  -  MemoryUsage of job (MB)
	0  -  ResidentSetSize of job (KB)
...
006 (674190.000.000) 09/11 10:59:33 Image size of job updated: 23819712
	0  -  MemoryUsage of job (MB)
	0  -  ResidentSetSize of job (KB)
...
006 (674190.000.000) 09/11 11:04:33 Image size of job updated: 24565312
	0  -  MemoryUsage of job (MB)
	0  -  ResidentSetSize of job (KB)
...
006 (674190.000.000) 09/11 11:09:34 Image size of job updated: 25308736
	0  -  MemoryUsage of job (MB)
	0  -  ResidentSetSize of job (KB)
...
006 (674190.000.000) 09/11 11:14:35 Image size of job updated: 26053440
	0  -  MemoryUsage of job (MB)
	0  -  ResidentSetSize of job (KB)
...
006 (674190.000.000) 09/11 11:19:35 Image size of job updated: 26802496
	0  -  MemoryUsage of job (MB)
	0  -  ResidentSetSize of job (KB)
...
006 (674190.000.000) 09/11 11:24:35 Image size of job updated: 27551168
	0  -  MemoryUsage of job (MB)
	0  -  ResidentSetSize of job (KB)
...
006 (674190.000.000) 09/11 11:29:36 Image size of job updated: 28286400
	0  -  MemoryUsage of job (MB)
	0  -  ResidentSetSize of job (KB)
...
006 (674190.000.000) 09/11 11:34:36 Image size of job updated: 29027904
	0  -  MemoryUsage of job (MB)
	0  -  ResidentSetSize of job (KB)
...
006 (674190.000.000) 09/11 11:39:36 Image size of job updated: 29731904
	0  -  MemoryUsage of job (MB)
	0  -  ResidentSetSize of job (KB)
...
006 (674190.000.000) 09/11 11:44:37 Image size of job updated: 30405696
	0  -  MemoryUsage of job (MB)
	0  -  ResidentSetSize of job (KB)
...
006 (674190.000.000) 09/11 11:49:38 Image size of job updated: 31070016
	0  -  MemoryUsage of job (MB)
	0  -  ResidentSetSize of job (KB)
...
006 (674190.000.000) 09/11 11:54:38 Image size of job updated: 31683648
	0  -  MemoryUsage of job (MB)
	0  -  ResidentSetSize of job (KB)
...
006 (674190.000.000) 09/11 11:59:38 Image size of job updated: 32318528
	0  -  MemoryUsage of job (MB)
	0  -  ResidentSetSize of job (KB)
...
006 (674190.000.000) 09/11 12:04:39 Image size of job updated: 32931648
	0  -  MemoryUsage of job (MB)
	0  -  ResidentSetSize of job (KB)
...
006 (674190.000.000) 09/11 12:09:39 Image size of job updated: 33546176
	0  -  MemoryUsage of job (MB)
	0  -  ResidentSetSize of job (KB)
...
006 (674190.000.000) 09/11 12:14:39 Image size of job updated: 33985728
	0  -  MemoryUsage of job (MB)
	0  -  ResidentSetSize of job (KB)
...
006 (674190.000.000) 09/11 12:19:40 Image size of job updated: 34370624
	0  -  MemoryUsage of job (MB)
	0  -  ResidentSetSize of job (KB)
...
006 (674190.000.000) 09/11 12:24:41 Image size of job updated: 34680896
	0  -  MemoryUsage of job (MB)
	0  -  ResidentSetSize of job (KB)
...
006 (674190.000.000) 09/11 12:29:41 Image size of job updated: 35156288
	0  -  MemoryUsage of job (MB)
	0  -  ResidentSetSize of job (KB)
...
006 (674190.000.000) 09/11 12:34:41 Image size of job updated: 35449920
	0  -  MemoryUsage of job (MB)
	0  -  ResidentSetSize of job (KB)
...
006 (674190.000.000) 09/11 12:39:42 Image size of job updated: 35572928
	0  -  MemoryUsage of job (MB)
	0  -  ResidentSetSize of job (KB)
...
006 (674190.000.000) 09/11 12:44:42 Image size of job updated: 35681088
	0  -  MemoryUsage of job (MB)
	0  -  ResidentSetSize of job (KB)
...
006 (674190.000.000) 09/11 12:49:42 Image size of job updated: 35754560
	0  -  MemoryUsage of job (MB)
	0  -  ResidentSetSize of job (KB)
...
006 (674190.000.000) 09/11 12:54:43 Image size of job updated: 35809856
	0  -  MemoryUsage of job (MB)
	0  -  ResidentSetSize of job (KB)
...
006 (674190.000.000) 09/11 12:59:44 Image size of job updated: 35851712
	0  -  MemoryUsage of job (MB)
	0  -  ResidentSetSize of job (KB)
...
006 (674190.000.000) 09/11 13:04:44 Image size of job updated: 35897280
	0  -  MemoryUsage of job (MB)
	0  -  ResidentSetSize of job (KB)
...
006 (674190.000.000) 09/11 13:09:45 Image size of job updated: 35943872
	0  -  MemoryUsage of job (MB)
	0  -  ResidentSetSize of job (KB)
...
006 (674190.000.000) 09/11 13:14:45 Image size of job updated: 35982912
	0  -  MemoryUsage of job (MB)
	0  -  ResidentSetSize of job (KB)
...
006 (674190.000.000) 09/11 13:19:46 Image size of job updated: 36011840
	0  -  MemoryUsage of job (MB)
	0  -  ResidentSetSize of job (KB)
...
006 (674190.000.000) 09/11 13:24:46 Image size of job updated: 36035776
	0  -  MemoryUsage of job (MB)
	0  -  ResidentSetSize of job (KB)
...
006 (674190.000.000) 09/11 13:29:46 Image size of job updated: 36077888
	0  -  MemoryUsage of job (MB)
	0  -  ResidentSetSize of job (KB)
...
006 (674190.000.000) 09/11 13:34:47 Image size of job updated: 36116804
	0  -  MemoryUsage of job (MB)
	0  -  ResidentSetSize of job (KB)
...
006 (674190.000.000) 09/11 13:39:47 Image size of job updated: 36153920
	0  -  MemoryUsage of job (MB)
	0  -  ResidentSetSize of job (KB)
...
006 (674190.000.000) 09/11 13:44:47 Image size of job updated: 36192192
	0  -  MemoryUsage of job (MB)
	0  -  ResidentSetSize of job (KB)
...
006 (674190.000.000) 09/11 13:49:49 Image size of job updated: 36230464
	0  -  MemoryUsage of job (MB)
	0  -  ResidentSetSize of job (KB)
...
006 (674190.000.000) 09/11 13:54:49 Image size of job updated: 36261312
	0  -  MemoryUsage of job (MB)
	0  -  ResidentSetSize of job (KB)
...
006 (674190.000.000) 09/11 13:59:50 Image size of job updated: 36296512
	0  -  MemoryUsage of job (MB)
	0  -  ResidentSetSize of job (KB)
...
006 (674190.000.000) 09/11 14:04:50 Image size of job updated: 36329664
	0  -  MemoryUsage of job (MB)
	0  -  ResidentSetSize of job (KB)
...
006 (674190.000.000) 09/11 14:09:50 Image size of job updated: 36361536
	0  -  MemoryUsage of job (MB)
	0  -  ResidentSetSize of job (KB)
...
006 (674190.000.000) 09/11 14:14:51 Image size of job updated: 36382528
	0  -  MemoryUsage of job (MB)
	0  -  ResidentSetSize of job (KB)
...
006 (674190.000.000) 09/11 14:19:51 Image size of job updated: 36411200
	0  -  MemoryUsage of job (MB)
	0  -  ResidentSetSize of job (KB)
...
006 (674190.000.000) 09/11 14:24:51 Image size of job updated: 36438080
	0  -  MemoryUsage of job (MB)
	0  -  ResidentSetSize of job (KB)
...
006 (674190.000.000) 09/11 14:29:52 Image size of job updated: 36473408
	0  -  MemoryUsage of job (MB)
	0  -  ResidentSetSize of job (KB)
...
006 (674190.000.000) 09/11 14:34:52 Image size of job updated: 36510912
	0  -  MemoryUsage of job (MB)
	0  -  ResidentSetSize of job (KB)
...
006 (674190.000.000) 09/11 14:39:53 Image size of job updated: 36531008
	0  -  MemoryUsage of job (MB)
	0  -  ResidentSetSize of job (KB)
...
006 (674190.000.000) 09/11 14:44:53 Image size of job updated: 36562752
	0  -  MemoryUsage of job (MB)
	0  -  ResidentSetSize of job (KB)
...
006 (674190.000.000) 09/11 14:49:53 Image size of job updated: 36586304
	0  -  MemoryUsage of job (MB)
	0  -  ResidentSetSize of job (KB)
...
006 (674190.000.000) 09/11 14:54:54 Image size of job updated: 36610496
	0  -  MemoryUsage of job (MB)
	0  -  ResidentSetSize of job (KB)
...
006 (674190.000.000) 09/11 14:59:55 Image size of job updated: 36641600
	0  -  MemoryUsage of job (MB)
	0  -  ResidentSetSize of job (KB)
...
006 (674190.000.000) 09/11 15:04:55 Image size of job updated: 36664128
	0  -  MemoryUsage of job (MB)
	0  -  ResidentSetSize of job (KB)
...
006 (674190.000.000) 09/11 15:09:55 Image size of job updated: 36691648
	0  -  MemoryUsage of job (MB)
	0  -  ResidentSetSize of job (KB)
...
006 (674190.000.000) 09/11 15:14:56 Image size of job updated: 36718272
	0  -  MemoryUsage of job (MB)
	0  -  ResidentSetSize of job (KB)
...
006 (674190.000.000) 09/11 15:19:57 Image size of job updated: 36747840
	0  -  MemoryUsage of job (MB)
	0  -  ResidentSetSize of job (KB)
...
006 (674190.000.000) 09/11 15:24:57 Image size of job updated: 36790208
	0  -  MemoryUsage of job (MB)
	0  -  ResidentSetSize of job (KB)
...
006 (674190.000.000) 09/11 15:29:58 Image size of job updated: 36835392
	0  -  MemoryUsage of job (MB)
	0  -  ResidentSetSize of job (KB)
...
006 (674190.000.000) 09/11 15:34:58 Image size of job updated: 36881600
	0  -  MemoryUsage of job (MB)
	0  -  ResidentSetSize of job (KB)
...
006 (674190.000.000) 09/11 15:39:58 Image size of job updated: 36926400
	0  -  MemoryUsage of job (MB)
	0  -  ResidentSetSize of job (KB)
...
006 (674190.000.000) 09/11 15:45:00 Image size of job updated: 36964800
	0  -  MemoryUsage of job (MB)
	0  -  ResidentSetSize of job (KB)
...
006 (674190.000.000) 09/11 15:50:00 Image size of job updated: 36993344
	0  -  MemoryUsage of job (MB)
	0  -  ResidentSetSize of job (KB)
...
006 (674190.000.000) 09/11 15:55:00 Image size of job updated: 37031872
	0  -  MemoryUsage of job (MB)
	0  -  ResidentSetSize of job (KB)
...
006 (674190.000.000) 09/11 16:00:01 Image size of job updated: 37070272
	0  -  MemoryUsage of job (MB)
	0  -  ResidentSetSize of job (KB)
...
006 (674190.000.000) 09/11 16:05:01 Image size of job updated: 37151424
	0  -  MemoryUsage of job (MB)
	0  -  ResidentSetSize of job (KB)
...
006 (674190.000.000) 09/11 16:10:02 Image size of job updated: 37213248
	0  -  MemoryUsage of job (MB)
	0  -  ResidentSetSize of job (KB)
...
006 (674190.000.000) 09/11 16:15:02 Image size of job updated: 37236672
	0  -  MemoryUsage of job (MB)
	0  -  ResidentSetSize of job (KB)
...
006 (674190.000.000) 09/11 16:20:03 Image size of job updated: 37259328
	0  -  MemoryUsage of job (MB)
	0  -  ResidentSetSize of job (KB)
...
006 (674190.000.000) 09/11 16:25:07 Image size of job updated: 37271616
	0  -  MemoryUsage of job (MB)
	0  -  ResidentSetSize of job (KB)
...
006 (674190.000.000) 09/11 16:30:15 Image size of job updated: 37278656
	0  -  MemoryUsage of job (MB)
	0  -  ResidentSetSize of job (KB)
...
006 (674190.000.000) 09/11 16:35:15 Image size of job updated: 37279168
	0  -  MemoryUsage of job (MB)
	0  -  ResidentSetSize of job (KB)
...
006 (674190.000.000) 09/11 16:40:06 Image size of job updated: 37303104
	0  -  MemoryUsage of job (MB)
	0  -  ResidentSetSize of job (KB)
...
006 (674190.000.000) 09/11 16:45:07 Image size of job updated: 37337664
	0  -  MemoryUsage of job (MB)
	0  -  ResidentSetSize of job (KB)
...
006 (674190.000.000) 09/11 16:50:07 Image size of job updated: 37370944
	0  -  MemoryUsage of job (MB)
	0  -  ResidentSetSize of job (KB)
...
006 (674190.000.000) 09/11 16:55:07 Image size of job updated: 37401664
	0  -  MemoryUsage of job (MB)
	0  -  ResidentSetSize of job (KB)
...
006 (674190.000.000) 09/11 17:00:08 Image size of job updated: 37627968
	0  -  MemoryUsage of job (MB)
	0  -  ResidentSetSize of job (KB)
...
006 (674190.000.000) 09/11 17:05:08 Image size of job updated: 38260672
	0  -  MemoryUsage of job (MB)
	0  -  ResidentSetSize of job (KB)
...
006 (674190.000.000) 09/11 17:10:08 Image size of job updated: 38995136
	0  -  MemoryUsage of job (MB)
	0  -  ResidentSetSize of job (KB)
...
006 (674190.000.000) 09/11 17:15:09 Image size of job updated: 39727296
	0  -  MemoryUsage of job (MB)
	0  -  ResidentSetSize of job (KB)
...
006 (674190.000.000) 09/11 17:20:10 Image size of job updated: 40439360
	0  -  MemoryUsage of job (MB)
	0  -  ResidentSetSize of job (KB)
...
006 (674190.000.000) 09/11 17:25:10 Image size of job updated: 41147328
	0  -  MemoryUsage of job (MB)
	0  -  ResidentSetSize of job (KB)
...
006 (674190.000.000) 09/11 17:30:10 Image size of job updated: 41885120
	0  -  MemoryUsage of job (MB)
	0  -  ResidentSetSize of job (KB)
...
006 (674190.000.000) 09/11 17:35:11 Image size of job updated: 42621632
	0  -  MemoryUsage of job (MB)
	0  -  ResidentSetSize of job (KB)
...
006 (674190.000.000) 09/11 17:40:11 Image size of job updated: 43350976
	0  -  MemoryUsage of job (MB)
	0  -  ResidentSetSize of job (KB)
...
006 (674190.000.000) 09/11 17:45:11 Image size of job updated: 44090176
	0  -  MemoryUsage of job (MB)
	0  -  ResidentSetSize of job (KB)
...
006 (674190.000.000) 09/11 17:50:12 Image size of job updated: 44809152
	0  -  MemoryUsage of job (MB)
	0  -  ResidentSetSize of job (KB)
...
006 (674190.000.000) 09/11 17:55:13 Image size of job updated: 45509828
	0  -  MemoryUsage of job (MB)
	0  -  ResidentSetSize of job (KB)
...
006 (674190.000.000) 09/11 18:00:13 Image size of job updated: 46240324
	0  -  MemoryUsage of job (MB)
	0  -  ResidentSetSize of job (KB)
...
006 (674190.000.000) 09/11 18:05:13 Image size of job updated: 46982468
	0  -  MemoryUsage of job (MB)
	0  -  ResidentSetSize of job (KB)
...
006 (674190.000.000) 09/11 18:10:15 Image size of job updated: 47723332
	0  -  MemoryUsage of job (MB)
	0  -  ResidentSetSize of job (KB)
...
006 (674190.000.000) 09/11 18:15:15 Image size of job updated: 48462792
	0  -  MemoryUsage of job (MB)
	0  -  ResidentSetSize of job (KB)
...
006 (674190.000.000) 09/11 18:20:15 Image size of job updated: 49126088
	0  -  MemoryUsage of job (MB)
	0  -  ResidentSetSize of job (KB)
...
006 (674190.000.000) 09/11 18:25:16 Image size of job updated: 49685320
	0  -  MemoryUsage of job (MB)
	0  -  ResidentSetSize of job (KB)
...
006 (674190.000.000) 09/11 18:30:17 Image size of job updated: 49868744
	0  -  MemoryUsage of job (MB)
	0  -  ResidentSetSize of job (KB)
...
006 (674190.000.000) 09/11 18:35:17 Image size of job updated: 50079816
	0  -  MemoryUsage of job (MB)
	0  -  ResidentSetSize of job (KB)
...
006 (674190.000.000) 09/11 18:40:18 Image size of job updated: 50339912
	0  -  MemoryUsage of job (MB)
	0  -  ResidentSetSize of job (KB)
...
006 (674190.000.000) 09/11 18:45:19 Image size of job updated: 50497864
	0  -  MemoryUsage of job (MB)
	0  -  ResidentSetSize of job (KB)
...
006 (674190.000.000) 09/11 18:50:19 Image size of job updated: 50561224
	0  -  MemoryUsage of job (MB)
	0  -  ResidentSetSize of job (KB)
...
006 (674190.000.000) 09/11 18:55:23 Image size of job updated: 50701768
	0  -  MemoryUsage of job (MB)
	0  -  ResidentSetSize of job (KB)
...
006 (674190.000.000) 09/11 19:00:21 Image size of job updated: 50786504
	0  -  MemoryUsage of job (MB)
	0  -  ResidentSetSize of job (KB)
...
006 (674190.000.000) 09/11 19:05:21 Image size of job updated: 50806472
	0  -  MemoryUsage of job (MB)
	0  -  ResidentSetSize of job (KB)
...
006 (674190.000.000) 09/11 19:10:23 Image size of job updated: 50843464
	0  -  MemoryUsage of job (MB)
	0  -  ResidentSetSize of job (KB)
...
006 (674190.000.000) 09/11 19:15:23 Image size of job updated: 50880584
	0  -  MemoryUsage of job (MB)
	0  -  ResidentSetSize of job (KB)
...
006 (674190.000.000) 09/11 19:20:23 Image size of job updated: 50913608
	0  -  MemoryUsage of job (MB)
	0  -  ResidentSetSize of job (KB)
...
006 (674190.000.000) 09/11 19:25:23 Image size of job updated: 50940872
	0  -  MemoryUsage of job (MB)
	0  -  ResidentSetSize of job (KB)
...
006 (674190.000.000) 09/11 19:30:24 Image size of job updated: 50965192
	0  -  MemoryUsage of job (MB)
	0  -  ResidentSetSize of job (KB)
...
006 (674190.000.000) 09/11 19:35:24 Image size of job updated: 50994632
	0  -  MemoryUsage of job (MB)
	0  -  ResidentSetSize of job (KB)
...
006 (674190.000.000) 09/11 19:40:24 Image size of job updated: 51039048
	0  -  MemoryUsage of job (MB)
	0  -  ResidentSetSize of job (KB)
...
006 (674190.000.000) 09/11 19:45:25 Image size of job updated: 51073096
	0  -  MemoryUsage of job (MB)
	0  -  ResidentSetSize of job (KB)
...
006 (674190.000.000) 09/11 19:50:24 Image size of job updated: 51091912
	0  -  MemoryUsage of job (MB)
	0  -  ResidentSetSize of job (KB)
...
006 (674190.000.000) 09/11 19:55:24 Image size of job updated: 51118920
	0  -  MemoryUsage of job (MB)
	0  -  ResidentSetSize of job (KB)
...
006 (674190.000.000) 09/11 20:00:25 Image size of job updated: 51137992
	0  -  MemoryUsage of job (MB)
	0  -  ResidentSetSize of job (KB)
...
006 (674190.000.000) 09/11 20:05:26 Image size of job updated: 51163848
	0  -  MemoryUsage of job (MB)
	0  -  ResidentSetSize of job (KB)
...
006 (674190.000.000) 09/11 20:10:26 Image size of job updated: 51189192
	0  -  MemoryUsage of job (MB)
	0  -  ResidentSetSize of job (KB)
...
006 (674190.000.000) 09/11 20:15:27 Image size of job updated: 51220680
	0  -  MemoryUsage of job (MB)
	0  -  ResidentSetSize of job (KB)
...
006 (674190.000.000) 09/11 20:20:27 Image size of job updated: 51231944
	0  -  MemoryUsage of job (MB)
	0  -  ResidentSetSize of job (KB)
...
006 (674190.000.000) 09/11 20:25:30 Image size of job updated: 51251400
	0  -  MemoryUsage of job (MB)
	0  -  ResidentSetSize of job (KB)
...
006 (674190.000.000) 09/11 20:30:30 Image size of job updated: 51268552
	0  -  MemoryUsage of job (MB)
	0  -  ResidentSetSize of job (KB)
...
006 (674190.000.000) 09/11 20:35:29 Image size of job updated: 51282760
	0  -  MemoryUsage of job (MB)
	0  -  ResidentSetSize of job (KB)
...
006 (674190.000.000) 09/11 20:40:29 Image size of job updated: 51315784
	0  -  MemoryUsage of job (MB)
	0  -  ResidentSetSize of job (KB)
...
006 (674190.000.000) 09/11 20:45:30 Image size of job updated: 51391176
	0  -  MemoryUsage of job (MB)
	0  -  ResidentSetSize of job (KB)
...
006 (674190.000.000) 09/11 20:50:30 Image size of job updated: 51456456
	0  -  MemoryUsage of job (MB)
	0  -  ResidentSetSize of job (KB)
...
006 (674190.000.000) 09/11 20:55:31 Image size of job updated: 51490888
	0  -  MemoryUsage of job (MB)
	0  -  ResidentSetSize of job (KB)
...
006 (674190.000.000) 09/11 21:00:31 Image size of job updated: 51579976
	0  -  MemoryUsage of job (MB)
	0  -  ResidentSetSize of job (KB)
...
006 (674190.000.000) 09/11 21:05:32 Image size of job updated: 51636040
	0  -  MemoryUsage of job (MB)
	0  -  ResidentSetSize of job (KB)
...
006 (674190.000.000) 09/11 21:10:32 Image size of job updated: 51659720
	0  -  MemoryUsage of job (MB)
	0  -  ResidentSetSize of job (KB)
...
006 (674190.000.000) 09/11 21:15:32 Image size of job updated: 51687496
	0  -  MemoryUsage of job (MB)
	0  -  ResidentSetSize of job (KB)
...
006 (674190.000.000) 09/11 21:20:32 Image size of job updated: 51705416
	0  -  MemoryUsage of job (MB)
	0  -  ResidentSetSize of job (KB)
...
006 (674190.000.000) 09/11 21:25:34 Image size of job updated: 51721800
	0  -  MemoryUsage of job (MB)
	0  -  ResidentSetSize of job (KB)
...
006 (674190.000.000) 09/11 21:30:36 Image size of job updated: 51740616
	0  -  MemoryUsage of job (MB)
	0  -  ResidentSetSize of job (KB)
...
006 (674190.000.000) 09/11 21:35:36 Image size of job updated: 51763656
	0  -  MemoryUsage of job (MB)
	0  -  ResidentSetSize of job (KB)
...
006 (674190.000.000) 09/11 21:40:36 Image size of job updated: 51787592
	0  -  MemoryUsage of job (MB)
	0  -  ResidentSetSize of job (KB)
...
006 (674190.000.000) 09/11 21:45:36 Image size of job updated: 51802952
	0  -  MemoryUsage of job (MB)
	0  -  ResidentSetSize of job (KB)
...
006 (674190.000.000) 09/11 21:50:38 Image size of job updated: 51818312
	0  -  MemoryUsage of job (MB)
	0  -  ResidentSetSize of job (KB)
...
006 (674190.000.000) 09/11 21:55:38 Image size of job updated: 51831368
	0  -  MemoryUsage of job (MB)
	0  -  ResidentSetSize of job (KB)
...
006 (674190.000.000) 09/11 22:00:38 Image size of job updated: 51843144
	0  -  MemoryUsage of job (MB)
	0  -  ResidentSetSize of job (KB)
...
006 (674190.000.000) 09/11 22:05:39 Image size of job updated: 51863496
	0  -  MemoryUsage of job (MB)
	0  -  ResidentSetSize of job (KB)
...
006 (674190.000.000) 09/11 22:10:39 Image size of job updated: 51880264
	0  -  MemoryUsage of job (MB)
	0  -  ResidentSetSize of job (KB)
...
006 (674190.000.000) 09/11 22:15:39 Image size of job updated: 51898568
	0  -  MemoryUsage of job (MB)
	0  -  ResidentSetSize of job (KB)
...
006 (674190.000.000) 09/11 22:20:42 Image size of job updated: 51910728
	0  -  MemoryUsage of job (MB)
	0  -  ResidentSetSize of job (KB)
...
006 (674190.000.000) 09/11 22:25:41 Image size of job updated: 51929288
	0  -  MemoryUsage of job (MB)
	0  -  ResidentSetSize of job (KB)
...
006 (674190.000.000) 09/11 22:30:41 Image size of job updated: 51961672
	0  -  MemoryUsage of job (MB)
	0  -  ResidentSetSize of job (KB)
...
006 (674190.000.000) 09/11 22:35:42 Image size of job updated: 52062792
	0  -  MemoryUsage of job (MB)
	0  -  ResidentSetSize of job (KB)
...
006 (674190.000.000) 09/11 22:40:42 Image size of job updated: 52092872
	0  -  MemoryUsage of job (MB)
	0  -  ResidentSetSize of job (KB)
...
006 (674190.000.000) 09/11 22:45:42 Image size of job updated: 52118984
	0  -  MemoryUsage of job (MB)
	0  -  ResidentSetSize of job (KB)
...
006 (674190.000.000) 09/11 22:50:44 Image size of job updated: 52142536
	0  -  MemoryUsage of job (MB)
	0  -  ResidentSetSize of job (KB)
...
006 (674190.000.000) 09/11 22:55:44 Image size of job updated: 52165064
	0  -  MemoryUsage of job (MB)
	0  -  ResidentSetSize of job (KB)
...
006 (674190.000.000) 09/11 23:00:45 Image size of job updated: 52176200
	0  -  MemoryUsage of job (MB)
	0  -  ResidentSetSize of job (KB)
...
006 (674190.000.000) 09/11 23:05:45 Image size of job updated: 52188104
	0  -  MemoryUsage of job (MB)
	0  -  ResidentSetSize of job (KB)
...
006 (674190.000.000) 09/11 23:10:46 Image size of job updated: 52203976
	0  -  MemoryUsage of job (MB)
	0  -  ResidentSetSize of job (KB)
...
006 (674190.000.000) 09/11 23:15:46 Image size of job updated: 52217800
	0  -  MemoryUsage of job (MB)
	0  -  ResidentSetSize of job (KB)
...
006 (674190.000.000) 09/11 23:20:47 Image size of job updated: 52245448
	0  -  MemoryUsage of job (MB)
	0  -  ResidentSetSize of job (KB)
...
006 (674190.000.000) 09/11 23:25:48 Image size of job updated: 52268232
	0  -  MemoryUsage of job (MB)
	0  -  ResidentSetSize of job (KB)
...
006 (674190.000.000) 09/11 23:30:48 Image size of job updated: 52286408
	0  -  MemoryUsage of job (MB)
	0  -  ResidentSetSize of job (KB)
...
006 (674190.000.000) 09/11 23:35:48 Image size of job updated: 52329032
	0  -  MemoryUsage of job (MB)
	0  -  ResidentSetSize of job (KB)
...
006 (674190.000.000) 09/11 23:40:49 Image size of job updated: 52443976
	0  -  MemoryUsage of job (MB)
	0  -  ResidentSetSize of job (KB)
...
006 (674190.000.000) 09/11 23:45:49 Image size of job updated: 52560456
	0  -  MemoryUsage of job (MB)
	0  -  ResidentSetSize of job (KB)
...
006 (674190.000.000) 09/11 23:50:49 Image size of job updated: 52583112
	0  -  MemoryUsage of job (MB)
	0  -  ResidentSetSize of job (KB)
...
006 (674190.000.000) 09/11 23:55:50 Image size of job updated: 52602952
	0  -  MemoryUsage of job (MB)
	0  -  ResidentSetSize of job (KB)
...
006 (674190.000.000) 09/12 00:00:50 Image size of job updated: 52662088
	0  -  MemoryUsage of job (MB)
	0  -  ResidentSetSize of job (KB)
...
006 (674190.000.000) 09/12 00:06:00 Image size of job updated: 52678344
	0  -  MemoryUsage of job (MB)
	0  -  ResidentSetSize of job (KB)
...
006 (674190.000.000) 09/12 00:10:51 Image size of job updated: 52692424
	0  -  MemoryUsage of job (MB)
	0  -  ResidentSetSize of job (KB)
...
006 (674190.000.000) 09/12 00:15:52 Image size of job updated: 52710856
	0  -  MemoryUsage of job (MB)
	0  -  ResidentSetSize of job (KB)
...
006 (674190.000.000) 09/12 00:20:52 Image size of job updated: 52721352
	0  -  MemoryUsage of job (MB)
	0  -  ResidentSetSize of job (KB)
...
006 (674190.000.000) 09/12 00:25:54 Image size of job updated: 52733384
	0  -  MemoryUsage of job (MB)
	0  -  ResidentSetSize of job (KB)
...
006 (674190.000.000) 09/12 00:30:54 Image size of job updated: 52752328
	0  -  MemoryUsage of job (MB)
	0  -  ResidentSetSize of job (KB)
...
006 (674190.000.000) 09/12 00:35:54 Image size of job updated: 52764616
	0  -  MemoryUsage of job (MB)
	0  -  ResidentSetSize of job (KB)
...
006 (674190.000.000) 09/12 00:40:54 Image size of job updated: 52778184
	0  -  MemoryUsage of job (MB)
	0  -  ResidentSetSize of job (KB)
...
006 (674190.000.000) 09/12 00:45:55 Image size of job updated: 52797000
	0  -  MemoryUsage of job (MB)
	0  -  ResidentSetSize of job (KB)
...
006 (674190.000.000) 09/12 00:50:55 Image size of job updated: 52821192
	0  -  MemoryUsage of job (MB)
	0  -  ResidentSetSize of job (KB)
...
006 (674190.000.000) 09/12 00:55:57 Image size of job updated: 52834376
	0  -  MemoryUsage of job (MB)
	0  -  ResidentSetSize of job (KB)
...
006 (674190.000.000) 09/12 01:00:56 Image size of job updated: 52864456
	0  -  MemoryUsage of job (MB)
	0  -  ResidentSetSize of job (KB)
...
006 (674190.000.000) 09/12 01:05:58 Image size of job updated: 52925128
	0  -  MemoryUsage of job (MB)
	0  -  ResidentSetSize of job (KB)
...
006 (674190.000.000) 09/12 01:10:58 Image size of job updated: 52998856
	0  -  MemoryUsage of job (MB)
	0  -  ResidentSetSize of job (KB)
...
006 (674190.000.000) 09/12 01:15:58 Image size of job updated: 53088200
	0  -  MemoryUsage of job (MB)
	0  -  ResidentSetSize of job (KB)
...
006 (674190.000.000) 09/12 01:20:59 Image size of job updated: 53187144
	0  -  MemoryUsage of job (MB)
	0  -  ResidentSetSize of job (KB)
...
006 (674190.000.000) 09/12 01:26:00 Image size of job updated: 53272136
	0  -  MemoryUsage of job (MB)
	0  -  ResidentSetSize of job (KB)
...
006 (674190.000.000) 09/12 01:31:00 Image size of job updated: 53402056
	0  -  MemoryUsage of job (MB)
	0  -  ResidentSetSize of job (KB)
...
006 (674190.000.000) 09/12 01:36:00 Image size of job updated: 53965384
	0  -  MemoryUsage of job (MB)
	0  -  ResidentSetSize of job (KB)
...
006 (674190.000.000) 09/12 01:41:01 Image size of job updated: 54701768
	0  -  MemoryUsage of job (MB)
	0  -  ResidentSetSize of job (KB)
...
006 (674190.000.000) 09/12 01:46:01 Image size of job updated: 55440968
	0  -  MemoryUsage of job (MB)
	0  -  ResidentSetSize of job (KB)
...
006 (674190.000.000) 09/12 01:51:01 Image size of job updated: 56156488
	0  -  MemoryUsage of job (MB)
	0  -  ResidentSetSize of job (KB)
...
006 (674190.000.000) 09/12 01:56:02 Image size of job updated: 56869832
	0  -  MemoryUsage of job (MB)
	0  -  ResidentSetSize of job (KB)
...
006 (674190.000.000) 09/12 02:01:03 Image size of job updated: 57614408
	0  -  MemoryUsage of job (MB)
	0  -  ResidentSetSize of job (KB)
...
006 (674190.000.000) 09/12 02:06:03 Image size of job updated: 58323144
	0  -  MemoryUsage of job (MB)
	0  -  ResidentSetSize of job (KB)
...
006 (674190.000.000) 09/12 02:11:03 Image size of job updated: 59034952
	0  -  MemoryUsage of job (MB)
	0  -  ResidentSetSize of job (KB)
...
006 (674190.000.000) 09/12 02:16:05 Image size of job updated: 59748808
	0  -  MemoryUsage of job (MB)
	0  -  ResidentSetSize of job (KB)
...
006 (674190.000.000) 09/12 02:21:05 Image size of job updated: 60404680
	0  -  MemoryUsage of job (MB)
	0  -  ResidentSetSize of job (KB)
...
006 (674190.000.000) 09/12 02:26:05 Image size of job updated: 61088072
	0  -  MemoryUsage of job (MB)
	0  -  ResidentSetSize of job (KB)
...
006 (674190.000.000) 09/12 02:31:06 Image size of job updated: 61786440
	0  -  MemoryUsage of job (MB)
	0  -  ResidentSetSize of job (KB)
...
006 (674190.000.000) 09/12 02:36:07 Image size of job updated: 62556104
	0  -  MemoryUsage of job (MB)
	0  -  ResidentSetSize of job (KB)
...
006 (674190.000.000) 09/12 02:41:07 Image size of job updated: 63251784
	0  -  MemoryUsage of job (MB)
	0  -  ResidentSetSize of job (KB)
...
006 (674190.000.000) 09/12 02:46:07 Image size of job updated: 63985736
	0  -  MemoryUsage of job (MB)
	0  -  ResidentSetSize of job (KB)
...
006 (674190.000.000) 09/12 02:51:08 Image size of job updated: 64696136
	0  -  MemoryUsage of job (MB)
	0  -  ResidentSetSize of job (KB)
...
006 (674190.000.000) 09/12 02:56:08 Image size of job updated: 65407560
	0  -  MemoryUsage of job (MB)
	0  -  ResidentSetSize of job (KB)
...
006 (674190.000.000) 09/12 03:01:08 Image size of job updated: 66144200
	0  -  MemoryUsage of job (MB)
	0  -  ResidentSetSize of job (KB)
...
006 (674190.000.000) 09/12 03:06:09 Image size of job updated: 66872776
	0  -  MemoryUsage of job (MB)
	0  -  ResidentSetSize of job (KB)
...
006 (674190.000.000) 09/12 03:11:09 Image size of job updated: 67609288
	0  -  MemoryUsage of job (MB)
	0  -  ResidentSetSize of job (KB)
...
006 (674190.000.000) 09/12 03:16:09 Image size of job updated: 68339528
	0  -  MemoryUsage of job (MB)
	0  -  ResidentSetSize of job (KB)
...
006 (674190.000.000) 09/12 03:21:10 Image size of job updated: 69050184
	0  -  MemoryUsage of job (MB)
	0  -  ResidentSetSize of job (KB)
...
006 (674190.000.000) 09/12 03:26:11 Image size of job updated: 69769548
	0  -  MemoryUsage of job (MB)
	0  -  ResidentSetSize of job (KB)
...
006 (674190.000.000) 09/12 03:31:11 Image size of job updated: 70491596
	0  -  MemoryUsage of job (MB)
	0  -  ResidentSetSize of job (KB)
...
006 (674190.000.000) 09/12 03:36:12 Image size of job updated: 71208012
	0  -  MemoryUsage of job (MB)
	0  -  ResidentSetSize of job (KB)
...
006 (674190.000.000) 09/12 03:41:13 Image size of job updated: 71911884
	0  -  MemoryUsage of job (MB)
	0  -  ResidentSetSize of job (KB)
...
006 (674190.000.000) 09/12 03:46:13 Image size of job updated: 72634188
	0  -  MemoryUsage of job (MB)
	0  -  ResidentSetSize of job (KB)
...
006 (674190.000.000) 09/12 03:51:13 Image size of job updated: 73298764
	0  -  MemoryUsage of job (MB)
	0  -  ResidentSetSize of job (KB)
...
006 (674190.000.000) 09/12 03:56:14 Image size of job updated: 73982284
	0  -  MemoryUsage of job (MB)
	0  -  ResidentSetSize of job (KB)
...
006 (674190.000.000) 09/12 04:01:15 Image size of job updated: 74606412
	0  -  MemoryUsage of job (MB)
	0  -  ResidentSetSize of job (KB)
...
006 (674190.000.000) 09/12 04:06:15 Image size of job updated: 75235404
	0  -  MemoryUsage of job (MB)
	0  -  ResidentSetSize of job (KB)
...
006 (674190.000.000) 09/12 04:11:16 Image size of job updated: 75609676
	0  -  MemoryUsage of job (MB)
	0  -  ResidentSetSize of job (KB)
...
006 (674190.000.000) 09/12 04:16:17 Image size of job updated: 75964108
	0  -  MemoryUsage of job (MB)
	0  -  ResidentSetSize of job (KB)
...
006 (674190.000.000) 09/12 04:21:17 Image size of job updated: 76278220
	0  -  MemoryUsage of job (MB)
	0  -  ResidentSetSize of job (KB)
...
006 (674190.000.000) 09/12 04:26:18 Image size of job updated: 76547788
	0  -  MemoryUsage of job (MB)
	0  -  ResidentSetSize of job (KB)
...
006 (674190.000.000) 09/12 04:31:19 Image size of job updated: 76857164
	0  -  MemoryUsage of job (MB)
	0  -  ResidentSetSize of job (KB)
...
006 (674190.000.000) 09/12 04:36:19 Image size of job updated: 77129932
	0  -  MemoryUsage of job (MB)
	0  -  ResidentSetSize of job (KB)
...
006 (674190.000.000) 09/12 04:41:20 Image size of job updated: 77309132
	0  -  MemoryUsage of job (MB)
	0  -  ResidentSetSize of job (KB)
...
006 (674190.000.000) 09/12 04:46:20 Image size of job updated: 77488460
	0  -  MemoryUsage of job (MB)
	0  -  ResidentSetSize of job (KB)
...
006 (674190.000.000) 09/12 04:51:21 Image size of job updated: 77747788
	0  -  MemoryUsage of job (MB)
	0  -  ResidentSetSize of job (KB)
...
006 (674190.000.000) 09/12 04:56:21 Image size of job updated: 78448176
	0  -  MemoryUsage of job (MB)
	0  -  ResidentSetSize of job (KB)
...
006 (674190.000.000) 09/12 05:01:21 Image size of job updated: 79199652
	0  -  MemoryUsage of job (MB)
	0  -  ResidentSetSize of job (KB)
...
006 (674190.000.000) 09/12 05:06:22 Image size of job updated: 79952184
	0  -  MemoryUsage of job (MB)
	0  -  ResidentSetSize of job (KB)
...
006 (674190.000.000) 09/12 05:11:22 Image size of job updated: 80705772
	0  -  MemoryUsage of job (MB)
	0  -  ResidentSetSize of job (KB)
...
006 (674190.000.000) 09/12 05:16:22 Image size of job updated: 81465828
	0  -  MemoryUsage of job (MB)
	0  -  ResidentSetSize of job (KB)
...
006 (674190.000.000) 09/12 05:21:23 Image size of job updated: 82212684
	0  -  MemoryUsage of job (MB)
	0  -  ResidentSetSize of job (KB)
...
006 (674190.000.000) 09/12 05:26:24 Image size of job updated: 82960068
	0  -  MemoryUsage of job (MB)
	0  -  ResidentSetSize of job (KB)
...
006 (674190.000.000) 09/12 05:31:24 Image size of job updated: 83709564
	0  -  MemoryUsage of job (MB)
	0  -  ResidentSetSize of job (KB)
...
006 (674190.000.000) 09/12 05:32:33 Image size of job updated: 83860704
	0  -  MemoryUsage of job (MB)
	0  -  ResidentSetSize of job (KB)
...
005 (674190.000.000) 09/12 05:32:33 Job terminated.
	(1) Normal termination (return value 0)
		Usr 0 00:00:00, Sys 0 00:00:00  -  Run Remote Usage
		Usr 0 00:00:00, Sys 0 00:00:00  -  Run Local Usage
		Usr 0 00:00:00, Sys 0 00:00:00  -  Total Remote Usage
		Usr 0 00:00:00, Sys 0 00:00:00  -  Total Local Usage
	0  -  Run Bytes Sent By Job
	0  -  Run Bytes Received By Job
	0  -  Total Bytes Sent By Job
	0  -  Total Bytes Received By Job
	Partitionable Resources :    Usage  Request Allocated 
	   Cpus                 :     1.00        1         1 
	   Disk (KB)            :   150         150     20024 
	   Gpus                 :                           0 
	   Memory (MB)          :     0           1       128 
...
000 (674273.000.000) 09/12 12:31:32 Job submitted from host: <140.160.143.130:9618?addrs=140.160.143.130-9618&noUDP&sock=5591_da80_4>
...
