000 (674061.000.000) 09/06 11:59:28 Job submitted from host: <140.160.143.130:9618?addrs=140.160.143.130-9618&noUDP&sock=5480_8b22_11>
...
012 (674061.000.000) 09/06 15:58:09 Job was held.
	via condor_hold (by user condor)
	Code 1 Subcode 0
...
013 (674061.000.000) 09/09 09:30:29 Job was released.
	via condor_release (by user condor)
...
001 (674061.000.000) 09/09 10:08:35 Job executing on host: <140.160.143.156:9618?addrs=140.160.143.156-9618&noUDP&sock=4471_a06d_3>
...
006 (674061.000.000) 09/09 10:08:45 Image size of job updated: 14300
	14  -  MemoryUsage of job (MB)
	14300  -  ResidentSetSize of job (KB)
...
006 (674061.000.000) 09/09 10:13:45 Image size of job updated: 492576
	482  -  MemoryUsage of job (MB)
	492576  -  ResidentSetSize of job (KB)
...
006 (674061.000.000) 09/09 10:17:19 Image size of job updated: 819148
	482  -  MemoryUsage of job (MB)
	492580  -  ResidentSetSize of job (KB)
...
005 (674061.000.000) 09/09 10:17:19 Job terminated.
	(1) Normal termination (return value 0)
		Usr 0 00:10:12, Sys 0 00:06:41  -  Run Remote Usage
		Usr 0 00:00:00, Sys 0 00:00:00  -  Run Local Usage
		Usr 0 00:10:12, Sys 0 00:06:41  -  Total Remote Usage
		Usr 0 00:00:00, Sys 0 00:00:00  -  Total Local Usage
	0  -  Run Bytes Sent By Job
	0  -  Run Bytes Received By Job
	0  -  Total Bytes Sent By Job
	0  -  Total Bytes Received By Job
	Partitionable Resources :    Usage  Request Allocated 
	   Cpus                 :     1.93        2         2 
	   Disk (KB)            :   150         150     17664 
	   Memory (MB)          :   482           1       128 
...
000 (674204.000.000) 09/10 13:41:40 Job submitted from host: <140.160.143.130:9618?addrs=140.160.143.130-9618&noUDP&sock=5591_da80_4>
...
